ARM GAS  C:\Users\danie\AppData\Local\Temp\cceKUnXb.s 			page 1


   1              		.syntax unified
   2              		.cpu cortex-m3
   3              		.fpu softvfp
   4              		.eabi_attribute 20, 1
   5              		.eabi_attribute 21, 1
   6              		.eabi_attribute 23, 3
   7              		.eabi_attribute 24, 1
   8              		.eabi_attribute 25, 1
   9              		.eabi_attribute 26, 1
  10              		.eabi_attribute 30, 1
  11              		.eabi_attribute 34, 1
  12              		.eabi_attribute 18, 4
  13              		.thumb
  14              		.syntax unified
  15              		.file	"cymetadata.c"
  16              		.text
  17              	.Ltext0:
  18              		.cfi_sections	.debug_frame
  19              		.global	cy_metadata
  20              		.global	cy_meta_flashprotect
  21              		.global	cy_meta_wonvl
  22              		.global	cy_meta_custnvl
  23              		.global	cy_meta_configecc
  24              		.section	.cyconfigecc,"a",%progbits
  25              		.align	2
  26              		.type	cy_meta_configecc, %object
  27              		.size	cy_meta_configecc, 1252
  28              	cy_meta_configecc:
  29 0000 01       		.byte	1
  30 0001 52       		.byte	82
  31 0002 00       		.byte	0
  32 0003 40       		.byte	64
  33 0004 02       		.byte	2
  34 0005 64       		.byte	100
  35 0006 00       		.byte	0
  36 0007 40       		.byte	64
  37 0008 02       		.byte	2
  38 0009 65       		.byte	101
  39 000a 00       		.byte	0
  40 000b 40       		.byte	64
  41 000c 01       		.byte	1
  42 000d 03       		.byte	3
  43 000e 01       		.byte	1
  44 000f 40       		.byte	64
  45 0010 04       		.byte	4
  46 0011 06       		.byte	6
  47 0012 01       		.byte	1
  48 0013 40       		.byte	64
  49 0014 02       		.byte	2
  50 0015 07       		.byte	7
  51 0016 01       		.byte	1
  52 0017 40       		.byte	64
  53 0018 4A       		.byte	74
  54 0019 08       		.byte	8
  55 001a 01       		.byte	1
  56 001b 40       		.byte	64
  57 001c 37       		.byte	55
ARM GAS  C:\Users\danie\AppData\Local\Temp\cceKUnXb.s 			page 2


  58 001d 09       		.byte	9
  59 001e 01       		.byte	1
  60 001f 40       		.byte	64
  61 0020 01       		.byte	1
  62 0021 0B       		.byte	11
  63 0022 01       		.byte	1
  64 0023 40       		.byte	64
  65 0024 01       		.byte	1
  66 0025 0D       		.byte	13
  67 0026 01       		.byte	1
  68 0027 40       		.byte	64
  69 0028 01       		.byte	1
  70 0029 15       		.byte	21
  71 002a 01       		.byte	1
  72 002b 40       		.byte	64
  73 002c 02       		.byte	2
  74 002d 17       		.byte	23
  75 002e 01       		.byte	1
  76 002f 40       		.byte	64
  77 0030 58       		.byte	88
  78 0031 18       		.byte	24
  79 0032 01       		.byte	1
  80 0033 40       		.byte	64
  81 0034 4B       		.byte	75
  82 0035 19       		.byte	25
  83 0036 01       		.byte	1
  84 0037 40       		.byte	64
  85 0038 65       		.byte	101
  86 0039 1A       		.byte	26
  87 003a 01       		.byte	1
  88 003b 40       		.byte	64
  89 003c 50       		.byte	80
  90 003d 1B       		.byte	27
  91 003e 01       		.byte	1
  92 003f 40       		.byte	64
  93 0040 04       		.byte	4
  94 0041 40       		.byte	64
  95 0042 01       		.byte	1
  96 0043 40       		.byte	64
  97 0044 05       		.byte	5
  98 0045 41       		.byte	65
  99 0046 01       		.byte	1
 100 0047 40       		.byte	64
 101 0048 02       		.byte	2
 102 0049 42       		.byte	66
 103 004a 01       		.byte	1
 104 004b 40       		.byte	64
 105 004c 03       		.byte	3
 106 004d 43       		.byte	67
 107 004e 01       		.byte	1
 108 004f 40       		.byte	64
 109 0050 02       		.byte	2
 110 0051 44       		.byte	68
 111 0052 01       		.byte	1
 112 0053 40       		.byte	64
 113 0054 03       		.byte	3
 114 0055 45       		.byte	69
ARM GAS  C:\Users\danie\AppData\Local\Temp\cceKUnXb.s 			page 3


 115 0056 01       		.byte	1
 116 0057 40       		.byte	64
 117 0058 04       		.byte	4
 118 0059 46       		.byte	70
 119 005a 01       		.byte	1
 120 005b 40       		.byte	64
 121 005c 05       		.byte	5
 122 005d 47       		.byte	71
 123 005e 01       		.byte	1
 124 005f 40       		.byte	64
 125 0060 05       		.byte	5
 126 0061 48       		.byte	72
 127 0062 01       		.byte	1
 128 0063 40       		.byte	64
 129 0064 01       		.byte	1
 130 0065 49       		.byte	73
 131 0066 01       		.byte	1
 132 0067 40       		.byte	64
 133 0068 03       		.byte	3
 134 0069 4C       		.byte	76
 135 006a 01       		.byte	1
 136 006b 40       		.byte	64
 137 006c 09       		.byte	9
 138 006d 4D       		.byte	77
 139 006e 01       		.byte	1
 140 006f 40       		.byte	64
 141 0070 04       		.byte	4
 142 0071 50       		.byte	80
 143 0072 01       		.byte	1
 144 0073 40       		.byte	64
 145 0074 01       		.byte	1
 146 0075 51       		.byte	81
 147 0076 01       		.byte	1
 148 0077 40       		.byte	64
 149 0078 11       		.byte	17
 150 0079 02       		.byte	2
 151 007a 88       		.byte	-120
 152 007b 72       		.byte	114
 153 007c 89       		.byte	-119
 154 007d 38       		.byte	56
 155 007e 88       		.byte	-120
 156 007f 0F       		.byte	15
 157 0080 8A       		.byte	-118
 158 0081 0D       		.byte	13
 159 0082 E6       		.byte	-26
 160 0083 02       		.byte	2
 161 0084 38       		.byte	56
 162 0085 08       		.byte	8
 163 0086 3E       		.byte	62
 164 0087 04       		.byte	4
 165 0088 58       		.byte	88
 166 0089 04       		.byte	4
 167 008a 5F       		.byte	95
 168 008b 01       		.byte	1
 169 008c 1E       		.byte	30
 170 008d 20       		.byte	32
 171 008e E6       		.byte	-26
ARM GAS  C:\Users\danie\AppData\Local\Temp\cceKUnXb.s 			page 4


 172 008f 40       		.byte	64
 173 0090 00       		.byte	0
 174 0091 40       		.byte	64
 175 0092 01       		.byte	1
 176 0093 08       		.byte	8
 177 0094 04       		.byte	4
 178 0095 0A       		.byte	10
 179 0096 05       		.byte	5
 180 0097 04       		.byte	4
 181 0098 06       		.byte	6
 182 0099 14       		.byte	20
 183 009a 08       		.byte	8
 184 009b 13       		.byte	19
 185 009c 0A       		.byte	10
 186 009d 04       		.byte	4
 187 009e 0D       		.byte	13
 188 009f 02       		.byte	2
 189 00a0 10       		.byte	16
 190 00a1 03       		.byte	3
 191 00a2 11       		.byte	17
 192 00a3 1F       		.byte	31
 193 00a4 12       		.byte	18
 194 00a5 14       		.byte	20
 195 00a6 13       		.byte	19
 196 00a7 20       		.byte	32
 197 00a8 14       		.byte	20
 198 00a9 13       		.byte	19
 199 00aa 15       		.byte	21
 200 00ab 33       		.byte	51
 201 00ac 16       		.byte	22
 202 00ad 0C       		.byte	12
 203 00ae 17       		.byte	23
 204 00af 0C       		.byte	12
 205 00b0 18       		.byte	24
 206 00b1 20       		.byte	32
 207 00b2 19       		.byte	25
 208 00b3 0C       		.byte	12
 209 00b4 1D       		.byte	29
 210 00b5 03       		.byte	3
 211 00b6 1E       		.byte	30
 212 00b7 15       		.byte	21
 213 00b8 22       		.byte	34
 214 00b9 08       		.byte	8
 215 00ba 23       		.byte	35
 216 00bb 23       		.byte	35
 217 00bc 24       		.byte	36
 218 00bd 20       		.byte	32
 219 00be 25       		.byte	37
 220 00bf 3F       		.byte	63
 221 00c0 29       		.byte	41
 222 00c1 1C       		.byte	28
 223 00c2 2B       		.byte	43
 224 00c3 23       		.byte	35
 225 00c4 2C       		.byte	44
 226 00c5 20       		.byte	32
 227 00c6 2D       		.byte	45
 228 00c7 01       		.byte	1
ARM GAS  C:\Users\danie\AppData\Local\Temp\cceKUnXb.s 			page 5


 229 00c8 30       		.byte	48
 230 00c9 10       		.byte	16
 231 00ca 31       		.byte	49
 232 00cb 2C       		.byte	44
 233 00cc 32       		.byte	50
 234 00cd 0F       		.byte	15
 235 00ce 33       		.byte	51
 236 00cf 0F       		.byte	15
 237 00d0 34       		.byte	52
 238 00d1 40       		.byte	64
 239 00d2 36       		.byte	54
 240 00d3 20       		.byte	32
 241 00d4 37       		.byte	55
 242 00d5 10       		.byte	16
 243 00d6 3A       		.byte	58
 244 00d7 08       		.byte	8
 245 00d8 3B       		.byte	59
 246 00d9 0A       		.byte	10
 247 00da 3E       		.byte	62
 248 00db 11       		.byte	17
 249 00dc 3F       		.byte	63
 250 00dd 40       		.byte	64
 251 00de 40       		.byte	64
 252 00df 64       		.byte	100
 253 00e0 41       		.byte	65
 254 00e1 02       		.byte	2
 255 00e2 45       		.byte	69
 256 00e3 E0       		.byte	-32
 257 00e4 46       		.byte	70
 258 00e5 0B       		.byte	11
 259 00e6 47       		.byte	71
 260 00e7 C0       		.byte	-64
 261 00e8 48       		.byte	72
 262 00e9 26       		.byte	38
 263 00ea 49       		.byte	73
 264 00eb FF       		.byte	-1
 265 00ec 4A       		.byte	74
 266 00ed FF       		.byte	-1
 267 00ee 4B       		.byte	75
 268 00ef FF       		.byte	-1
 269 00f0 4E       		.byte	78
 270 00f1 F0       		.byte	-16
 271 00f2 4F       		.byte	79
 272 00f3 44       		.byte	68
 273 00f4 50       		.byte	80
 274 00f5 0C       		.byte	12
 275 00f6 56       		.byte	86
 276 00f7 02       		.byte	2
 277 00f8 57       		.byte	87
 278 00f9 10       		.byte	16
 279 00fa 58       		.byte	88
 280 00fb 04       		.byte	4
 281 00fc 59       		.byte	89
 282 00fd 04       		.byte	4
 283 00fe 5A       		.byte	90
 284 00ff 04       		.byte	4
 285 0100 5B       		.byte	91
ARM GAS  C:\Users\danie\AppData\Local\Temp\cceKUnXb.s 			page 6


 286 0101 04       		.byte	4
 287 0102 5C       		.byte	92
 288 0103 11       		.byte	17
 289 0104 5D       		.byte	93
 290 0105 11       		.byte	17
 291 0106 5F       		.byte	95
 292 0107 01       		.byte	1
 293 0108 66       		.byte	102
 294 0109 C0       		.byte	-64
 295 010a 6A       		.byte	106
 296 010b 40       		.byte	64
 297 010c 6B       		.byte	107
 298 010d 02       		.byte	2
 299 010e 86       		.byte	-122
 300 010f 03       		.byte	3
 301 0110 96       		.byte	-106
 302 0111 01       		.byte	1
 303 0112 B0       		.byte	-80
 304 0113 02       		.byte	2
 305 0114 B2       		.byte	-78
 306 0115 01       		.byte	1
 307 0116 D4       		.byte	-44
 308 0117 18       		.byte	24
 309 0118 D6       		.byte	-42
 310 0119 04       		.byte	4
 311 011a D8       		.byte	-40
 312 011b 04       		.byte	4
 313 011c DB       		.byte	-37
 314 011d 04       		.byte	4
 315 011e DC       		.byte	-36
 316 011f 02       		.byte	2
 317 0120 DD       		.byte	-35
 318 0121 10       		.byte	16
 319 0122 DF       		.byte	-33
 320 0123 01       		.byte	1
 321 0124 01       		.byte	1
 322 0125 08       		.byte	8
 323 0126 04       		.byte	4
 324 0127 08       		.byte	8
 325 0128 05       		.byte	5
 326 0129 22       		.byte	34
 327 012a 06       		.byte	6
 328 012b 04       		.byte	4
 329 012c 0B       		.byte	11
 330 012d 20       		.byte	32
 331 012e 0C       		.byte	12
 332 012f 60       		.byte	96
 333 0130 0D       		.byte	13
 334 0131 02       		.byte	2
 335 0132 0E       		.byte	14
 336 0133 10       		.byte	16
 337 0134 0F       		.byte	15
 338 0135 12       		.byte	18
 339 0136 15       		.byte	21
 340 0137 40       		.byte	64
 341 0138 17       		.byte	23
 342 0139 06       		.byte	6
ARM GAS  C:\Users\danie\AppData\Local\Temp\cceKUnXb.s 			page 7


 343 013a 18       		.byte	24
 344 013b A0       		.byte	-96
 345 013c 1C       		.byte	28
 346 013d 40       		.byte	64
 347 013e 1D       		.byte	29
 348 013f 40       		.byte	64
 349 0140 1E       		.byte	30
 350 0141 19       		.byte	25
 351 0142 26       		.byte	38
 352 0143 49       		.byte	73
 353 0144 29       		.byte	41
 354 0145 10       		.byte	16
 355 0146 2A       		.byte	42
 356 0147 10       		.byte	16
 357 0148 2C       		.byte	44
 358 0149 02       		.byte	2
 359 014a 2E       		.byte	46
 360 014b 01       		.byte	1
 361 014c 2F       		.byte	47
 362 014d 28       		.byte	40
 363 014e 36       		.byte	54
 364 014f 09       		.byte	9
 365 0150 37       		.byte	55
 366 0151 50       		.byte	80
 367 0152 3E       		.byte	62
 368 0153 4A       		.byte	74
 369 0154 44       		.byte	68
 370 0155 40       		.byte	64
 371 0156 46       		.byte	70
 372 0157 04       		.byte	4
 373 0158 4D       		.byte	77
 374 0159 03       		.byte	3
 375 015a 4F       		.byte	79
 376 015b 10       		.byte	16
 377 015c 54       		.byte	84
 378 015d 01       		.byte	1
 379 015e 55       		.byte	85
 380 015f 02       		.byte	2
 381 0160 57       		.byte	87
 382 0161 40       		.byte	64
 383 0162 58       		.byte	88
 384 0163 01       		.byte	1
 385 0164 5E       		.byte	94
 386 0165 80       		.byte	-128
 387 0166 60       		.byte	96
 388 0167 24       		.byte	36
 389 0168 62       		.byte	98
 390 0169 48       		.byte	72
 391 016a 63       		.byte	99
 392 016b 40       		.byte	64
 393 016c 6C       		.byte	108
 394 016d 20       		.byte	32
 395 016e 6D       		.byte	109
 396 016f 50       		.byte	80
 397 0170 6F       		.byte	111
 398 0171 04       		.byte	4
 399 0172 75       		.byte	117
ARM GAS  C:\Users\danie\AppData\Local\Temp\cceKUnXb.s 			page 8


 400 0173 10       		.byte	16
 401 0174 76       		.byte	118
 402 0175 0A       		.byte	10
 403 0176 77       		.byte	119
 404 0177 11       		.byte	17
 405 0178 8C       		.byte	-116
 406 0179 10       		.byte	16
 407 017a 97       		.byte	-105
 408 017b 40       		.byte	64
 409 017c C0       		.byte	-64
 410 017d 74       		.byte	116
 411 017e C2       		.byte	-62
 412 017f F4       		.byte	-12
 413 0180 C4       		.byte	-60
 414 0181 B0       		.byte	-80
 415 0182 CA       		.byte	-54
 416 0183 F0       		.byte	-16
 417 0184 CC       		.byte	-52
 418 0185 F0       		.byte	-16
 419 0186 CE       		.byte	-50
 420 0187 D0       		.byte	-48
 421 0188 D0       		.byte	-48
 422 0189 A0       		.byte	-96
 423 018a D2       		.byte	-46
 424 018b 20       		.byte	32
 425 018c D6       		.byte	-42
 426 018d 11       		.byte	17
 427 018e D8       		.byte	-40
 428 018f 0D       		.byte	13
 429 0190 E6       		.byte	-26
 430 0191 40       		.byte	64
 431 0192 97       		.byte	-105
 432 0193 40       		.byte	64
 433 0194 87       		.byte	-121
 434 0195 40       		.byte	64
 435 0196 EC       		.byte	-20
 436 0197 10       		.byte	16
 437 0198 B2       		.byte	-78
 438 0199 10       		.byte	16
 439 019a E6       		.byte	-26
 440 019b 08       		.byte	8
 441 019c 01       		.byte	1
 442 019d 20       		.byte	32
 443 019e 03       		.byte	3
 444 019f 03       		.byte	3
 445 01a0 04       		.byte	4
 446 01a1 08       		.byte	8
 447 01a2 08       		.byte	8
 448 01a3 3F       		.byte	63
 449 01a4 09       		.byte	9
 450 01a5 10       		.byte	16
 451 01a6 0B       		.byte	11
 452 01a7 0C       		.byte	12
 453 01a8 0D       		.byte	13
 454 01a9 14       		.byte	20
 455 01aa 0E       		.byte	14
 456 01ab 23       		.byte	35
ARM GAS  C:\Users\danie\AppData\Local\Temp\cceKUnXb.s 			page 9


 457 01ac 10       		.byte	16
 458 01ad 04       		.byte	4
 459 01ae 11       		.byte	17
 460 01af 09       		.byte	9
 461 01b0 13       		.byte	19
 462 01b1 10       		.byte	16
 463 01b2 14       		.byte	20
 464 01b3 3C       		.byte	60
 465 01b4 15       		.byte	21
 466 01b5 1C       		.byte	28
 467 01b6 16       		.byte	22
 468 01b7 02       		.byte	2
 469 01b8 17       		.byte	23
 470 01b9 02       		.byte	2
 471 01ba 19       		.byte	25
 472 01bb 0C       		.byte	12
 473 01bc 1A       		.byte	26
 474 01bd 04       		.byte	4
 475 01be 1B       		.byte	27
 476 01bf 11       		.byte	17
 477 01c0 1C       		.byte	28
 478 01c1 1C       		.byte	28
 479 01c2 1E       		.byte	30
 480 01c3 21       		.byte	33
 481 01c4 20       		.byte	32
 482 01c5 10       		.byte	16
 483 01c6 24       		.byte	36
 484 01c7 27       		.byte	39
 485 01c8 26       		.byte	38
 486 01c9 18       		.byte	24
 487 01ca 28       		.byte	40
 488 01cb 18       		.byte	24
 489 01cc 29       		.byte	41
 490 01cd 10       		.byte	16
 491 01ce 31       		.byte	49
 492 01cf 1F       		.byte	31
 493 01d0 32       		.byte	50
 494 01d1 1F       		.byte	31
 495 01d2 33       		.byte	51
 496 01d3 20       		.byte	32
 497 01d4 34       		.byte	52
 498 01d5 38       		.byte	56
 499 01d6 3A       		.byte	58
 500 01d7 08       		.byte	8
 501 01d8 3F       		.byte	63
 502 01d9 04       		.byte	4
 503 01da 54       		.byte	84
 504 01db 01       		.byte	1
 505 01dc 56       		.byte	86
 506 01dd 04       		.byte	4
 507 01de 58       		.byte	88
 508 01df 04       		.byte	4
 509 01e0 59       		.byte	89
 510 01e1 04       		.byte	4
 511 01e2 5B       		.byte	91
 512 01e3 04       		.byte	4
 513 01e4 5C       		.byte	92
ARM GAS  C:\Users\danie\AppData\Local\Temp\cceKUnXb.s 			page 10


 514 01e5 11       		.byte	17
 515 01e6 5D       		.byte	93
 516 01e7 10       		.byte	16
 517 01e8 5F       		.byte	95
 518 01e9 01       		.byte	1
 519 01ea 82       		.byte	-126
 520 01eb 08       		.byte	8
 521 01ec 84       		.byte	-124
 522 01ed 10       		.byte	16
 523 01ee 8A       		.byte	-118
 524 01ef 10       		.byte	16
 525 01f0 8D       		.byte	-115
 526 01f1 01       		.byte	1
 527 01f2 8E       		.byte	-114
 528 01f3 01       		.byte	1
 529 01f4 90       		.byte	-112
 530 01f5 04       		.byte	4
 531 01f6 92       		.byte	-110
 532 01f7 02       		.byte	2
 533 01f8 96       		.byte	-106
 534 01f9 08       		.byte	8
 535 01fa 98       		.byte	-104
 536 01fb 10       		.byte	16
 537 01fc 9C       		.byte	-100
 538 01fd 02       		.byte	2
 539 01fe 9E       		.byte	-98
 540 01ff 04       		.byte	4
 541 0200 A2       		.byte	-94
 542 0201 10       		.byte	16
 543 0202 A4       		.byte	-92
 544 0203 06       		.byte	6
 545 0204 A7       		.byte	-89
 546 0205 01       		.byte	1
 547 0206 A8       		.byte	-88
 548 0207 06       		.byte	6
 549 0208 AE       		.byte	-82
 550 0209 01       		.byte	1
 551 020a B0       		.byte	-80
 552 020b 06       		.byte	6
 553 020c B2       		.byte	-78
 554 020d 08       		.byte	8
 555 020e B4       		.byte	-76
 556 020f 01       		.byte	1
 557 0210 B6       		.byte	-74
 558 0211 10       		.byte	16
 559 0212 B7       		.byte	-73
 560 0213 01       		.byte	1
 561 0214 B8       		.byte	-72
 562 0215 80       		.byte	-128
 563 0216 BE       		.byte	-66
 564 0217 14       		.byte	20
 565 0218 C0       		.byte	-64
 566 0219 60       		.byte	96
 567 021a C1       		.byte	-63
 568 021b 01       		.byte	1
 569 021c C5       		.byte	-59
 570 021d D1       		.byte	-47
ARM GAS  C:\Users\danie\AppData\Local\Temp\cceKUnXb.s 			page 11


 571 021e C6       		.byte	-58
 572 021f 02       		.byte	2
 573 0220 C8       		.byte	-56
 574 0221 07       		.byte	7
 575 0222 C9       		.byte	-55
 576 0223 FF       		.byte	-1
 577 0224 CA       		.byte	-54
 578 0225 FF       		.byte	-1
 579 0226 CB       		.byte	-53
 580 0227 FF       		.byte	-1
 581 0228 CD       		.byte	-51
 582 0229 A0       		.byte	-96
 583 022a CF       		.byte	-49
 584 022b 04       		.byte	4
 585 022c D0       		.byte	-48
 586 022d 18       		.byte	24
 587 022e D8       		.byte	-40
 588 022f 04       		.byte	4
 589 0230 D9       		.byte	-39
 590 0231 04       		.byte	4
 591 0232 DA       		.byte	-38
 592 0233 04       		.byte	4
 593 0234 DC       		.byte	-36
 594 0235 21       		.byte	33
 595 0236 DD       		.byte	-35
 596 0237 02       		.byte	2
 597 0238 DF       		.byte	-33
 598 0239 01       		.byte	1
 599 023a E0       		.byte	-32
 600 023b 40       		.byte	64
 601 023c E2       		.byte	-30
 602 023d C0       		.byte	-64
 603 023e E4       		.byte	-28
 604 023f 40       		.byte	64
 605 0240 E5       		.byte	-27
 606 0241 40       		.byte	64
 607 0242 E6       		.byte	-26
 608 0243 C0       		.byte	-64
 609 0244 E8       		.byte	-24
 610 0245 C0       		.byte	-64
 611 0246 EA       		.byte	-22
 612 0247 C0       		.byte	-64
 613 0248 EC       		.byte	-20
 614 0249 C0       		.byte	-64
 615 024a EE       		.byte	-18
 616 024b C0       		.byte	-64
 617 024c 01       		.byte	1
 618 024d 80       		.byte	-128
 619 024e 02       		.byte	2
 620 024f 80       		.byte	-128
 621 0250 03       		.byte	3
 622 0251 28       		.byte	40
 623 0252 05       		.byte	5
 624 0253 40       		.byte	64
 625 0254 06       		.byte	6
 626 0255 18       		.byte	24
 627 0256 08       		.byte	8
ARM GAS  C:\Users\danie\AppData\Local\Temp\cceKUnXb.s 			page 12


 628 0257 20       		.byte	32
 629 0258 0A       		.byte	10
 630 0259 41       		.byte	65
 631 025a 0B       		.byte	11
 632 025b 10       		.byte	16
 633 025c 0C       		.byte	12
 634 025d 42       		.byte	66
 635 025e 0D       		.byte	13
 636 025f 08       		.byte	8
 637 0260 0E       		.byte	14
 638 0261 06       		.byte	6
 639 0262 10       		.byte	16
 640 0263 60       		.byte	96
 641 0264 11       		.byte	17
 642 0265 10       		.byte	16
 643 0266 12       		.byte	18
 644 0267 01       		.byte	1
 645 0268 14       		.byte	20
 646 0269 20       		.byte	32
 647 026a 17       		.byte	23
 648 026b 11       		.byte	17
 649 026c 18       		.byte	24
 650 026d 04       		.byte	4
 651 026e 19       		.byte	25
 652 026f 84       		.byte	-124
 653 0270 1A       		.byte	26
 654 0271 40       		.byte	64
 655 0272 1B       		.byte	27
 656 0273 02       		.byte	2
 657 0274 1D       		.byte	29
 658 0275 18       		.byte	24
 659 0276 1F       		.byte	31
 660 0277 08       		.byte	8
 661 0278 22       		.byte	34
 662 0279 40       		.byte	64
 663 027a 24       		.byte	36
 664 027b 20       		.byte	32
 665 027c 25       		.byte	37
 666 027d 01       		.byte	1
 667 027e 29       		.byte	41
 668 027f 08       		.byte	8
 669 0280 2C       		.byte	44
 670 0281 08       		.byte	8
 671 0282 35       		.byte	53
 672 0283 20       		.byte	32
 673 0284 37       		.byte	55
 674 0285 06       		.byte	6
 675 0286 38       		.byte	56
 676 0287 80       		.byte	-128
 677 0288 3D       		.byte	61
 678 0289 02       		.byte	2
 679 028a 3E       		.byte	62
 680 028b 10       		.byte	16
 681 028c 3F       		.byte	63
 682 028d 80       		.byte	-128
 683 028e 41       		.byte	65
 684 028f 40       		.byte	64
ARM GAS  C:\Users\danie\AppData\Local\Temp\cceKUnXb.s 			page 13


 685 0290 49       		.byte	73
 686 0291 09       		.byte	9
 687 0292 4B       		.byte	75
 688 0293 30       		.byte	48
 689 0294 51       		.byte	81
 690 0295 40       		.byte	64
 691 0296 52       		.byte	82
 692 0297 80       		.byte	-128
 693 0298 5C       		.byte	92
 694 0299 40       		.byte	64
 695 029a 5D       		.byte	93
 696 029b 01       		.byte	1
 697 029c 5E       		.byte	94
 698 029d 28       		.byte	40
 699 029e 66       		.byte	102
 700 029f 02       		.byte	2
 701 02a0 86       		.byte	-122
 702 02a1 02       		.byte	2
 703 02a2 90       		.byte	-112
 704 02a3 C0       		.byte	-64
 705 02a4 91       		.byte	-111
 706 02a5 11       		.byte	17
 707 02a6 92       		.byte	-110
 708 02a7 10       		.byte	16
 709 02a8 94       		.byte	-108
 710 02a9 0C       		.byte	12
 711 02aa 96       		.byte	-106
 712 02ab 40       		.byte	64
 713 02ac 97       		.byte	-105
 714 02ad 20       		.byte	32
 715 02ae 98       		.byte	-104
 716 02af 20       		.byte	32
 717 02b0 99       		.byte	-103
 718 02b1 40       		.byte	64
 719 02b2 9A       		.byte	-102
 720 02b3 10       		.byte	16
 721 02b4 9B       		.byte	-101
 722 02b5 11       		.byte	17
 723 02b6 9C       		.byte	-100
 724 02b7 01       		.byte	1
 725 02b8 9D       		.byte	-99
 726 02b9 28       		.byte	40
 727 02ba 9E       		.byte	-98
 728 02bb 40       		.byte	64
 729 02bc 9F       		.byte	-97
 730 02bd 42       		.byte	66
 731 02be A0       		.byte	-96
 732 02bf 20       		.byte	32
 733 02c0 A2       		.byte	-94
 734 02c1 15       		.byte	21
 735 02c2 A3       		.byte	-93
 736 02c3 40       		.byte	64
 737 02c4 A4       		.byte	-92
 738 02c5 02       		.byte	2
 739 02c6 A7       		.byte	-89
 740 02c7 29       		.byte	41
 741 02c8 AC       		.byte	-84
ARM GAS  C:\Users\danie\AppData\Local\Temp\cceKUnXb.s 			page 14


 742 02c9 01       		.byte	1
 743 02ca AE       		.byte	-82
 744 02cb 10       		.byte	16
 745 02cc C0       		.byte	-64
 746 02cd EF       		.byte	-17
 747 02ce C2       		.byte	-62
 748 02cf FF       		.byte	-1
 749 02d0 C4       		.byte	-60
 750 02d1 7F       		.byte	127
 751 02d2 CA       		.byte	-54
 752 02d3 22       		.byte	34
 753 02d4 CC       		.byte	-52
 754 02d5 E0       		.byte	-32
 755 02d6 CE       		.byte	-50
 756 02d7 B8       		.byte	-72
 757 02d8 D0       		.byte	-48
 758 02d9 08       		.byte	8
 759 02da D2       		.byte	-46
 760 02db 04       		.byte	4
 761 02dc D6       		.byte	-42
 762 02dd F0       		.byte	-16
 763 02de D8       		.byte	-40
 764 02df 80       		.byte	-128
 765 02e0 E8       		.byte	-24
 766 02e1 80       		.byte	-128
 767 02e2 04       		.byte	4
 768 02e3 60       		.byte	96
 769 02e4 08       		.byte	8
 770 02e5 61       		.byte	97
 771 02e6 0A       		.byte	10
 772 02e7 0E       		.byte	14
 773 02e8 0B       		.byte	11
 774 02e9 02       		.byte	2
 775 02ea 0C       		.byte	12
 776 02eb 44       		.byte	68
 777 02ec 0E       		.byte	14
 778 02ed 11       		.byte	17
 779 02ee 0F       		.byte	15
 780 02ef 01       		.byte	1
 781 02f0 12       		.byte	18
 782 02f1 60       		.byte	96
 783 02f2 16       		.byte	22
 784 02f3 60       		.byte	96
 785 02f4 18       		.byte	24
 786 02f5 60       		.byte	96
 787 02f6 1B       		.byte	27
 788 02f7 02       		.byte	2
 789 02f8 22       		.byte	34
 790 02f9 60       		.byte	96
 791 02fa 24       		.byte	36
 792 02fb 07       		.byte	7
 793 02fc 28       		.byte	40
 794 02fd 07       		.byte	7
 795 02fe 2C       		.byte	44
 796 02ff 22       		.byte	34
 797 0300 2E       		.byte	46
 798 0301 91       		.byte	-111
ARM GAS  C:\Users\danie\AppData\Local\Temp\cceKUnXb.s 			page 15


 799 0302 30       		.byte	48
 800 0303 60       		.byte	96
 801 0304 31       		.byte	49
 802 0305 02       		.byte	2
 803 0306 32       		.byte	50
 804 0307 07       		.byte	7
 805 0308 33       		.byte	51
 806 0309 01       		.byte	1
 807 030a 34       		.byte	52
 808 030b 80       		.byte	-128
 809 030c 36       		.byte	54
 810 030d 18       		.byte	24
 811 030e 3E       		.byte	62
 812 030f 40       		.byte	64
 813 0310 3F       		.byte	63
 814 0311 01       		.byte	1
 815 0312 40       		.byte	64
 816 0313 35       		.byte	53
 817 0314 41       		.byte	65
 818 0315 02       		.byte	2
 819 0316 42       		.byte	66
 820 0317 06       		.byte	6
 821 0318 44       		.byte	68
 822 0319 01       		.byte	1
 823 031a 46       		.byte	70
 824 031b C0       		.byte	-64
 825 031c 47       		.byte	71
 826 031d E0       		.byte	-32
 827 031e 48       		.byte	72
 828 031f 28       		.byte	40
 829 0320 49       		.byte	73
 830 0321 FF       		.byte	-1
 831 0322 4A       		.byte	74
 832 0323 FF       		.byte	-1
 833 0324 4B       		.byte	75
 834 0325 FF       		.byte	-1
 835 0326 4C       		.byte	76
 836 0327 62       		.byte	98
 837 0328 4D       		.byte	77
 838 0329 A0       		.byte	-96
 839 032a 4E       		.byte	78
 840 032b F0       		.byte	-16
 841 032c 4F       		.byte	79
 842 032d 41       		.byte	65
 843 032e 50       		.byte	80
 844 032f 0C       		.byte	12
 845 0330 52       		.byte	82
 846 0331 80       		.byte	-128
 847 0332 54       		.byte	84
 848 0333 05       		.byte	5
 849 0334 58       		.byte	88
 850 0335 04       		.byte	4
 851 0336 59       		.byte	89
 852 0337 04       		.byte	4
 853 0338 5A       		.byte	90
 854 0339 04       		.byte	4
 855 033a 5B       		.byte	91
ARM GAS  C:\Users\danie\AppData\Local\Temp\cceKUnXb.s 			page 16


 856 033b 04       		.byte	4
 857 033c 5C       		.byte	92
 858 033d 21       		.byte	33
 859 033e 5D       		.byte	93
 860 033f 21       		.byte	33
 861 0340 5F       		.byte	95
 862 0341 01       		.byte	1
 863 0342 66       		.byte	102
 864 0343 40       		.byte	64
 865 0344 67       		.byte	103
 866 0345 02       		.byte	2
 867 0346 69       		.byte	105
 868 0347 10       		.byte	16
 869 0348 6A       		.byte	106
 870 0349 30       		.byte	48
 871 034a 6B       		.byte	107
 872 034b 10       		.byte	16
 873 034c 6D       		.byte	109
 874 034d 10       		.byte	16
 875 034e 6E       		.byte	110
 876 034f 10       		.byte	16
 877 0350 6F       		.byte	111
 878 0351 12       		.byte	18
 879 0352 81       		.byte	-127
 880 0353 80       		.byte	-128
 881 0354 83       		.byte	-125
 882 0355 13       		.byte	19
 883 0356 87       		.byte	-121
 884 0357 08       		.byte	8
 885 0358 89       		.byte	-119
 886 0359 71       		.byte	113
 887 035a 8A       		.byte	-118
 888 035b 03       		.byte	3
 889 035c 8B       		.byte	-117
 890 035d 06       		.byte	6
 891 035e 93       		.byte	-109
 892 035f 0C       		.byte	12
 893 0360 96       		.byte	-106
 894 0361 05       		.byte	5
 895 0362 99       		.byte	-103
 896 0363 2C       		.byte	44
 897 0364 9B       		.byte	-101
 898 0365 43       		.byte	67
 899 0366 9E       		.byte	-98
 900 0367 01       		.byte	1
 901 0368 A2       		.byte	-94
 902 0369 06       		.byte	6
 903 036a A4       		.byte	-92
 904 036b 06       		.byte	6
 905 036c A6       		.byte	-90
 906 036d 01       		.byte	1
 907 036e A9       		.byte	-87
 908 036f 71       		.byte	113
 909 0370 AA       		.byte	-86
 910 0371 02       		.byte	2
 911 0372 AB       		.byte	-85
 912 0373 0E       		.byte	14
ARM GAS  C:\Users\danie\AppData\Local\Temp\cceKUnXb.s 			page 17


 913 0374 B2       		.byte	-78
 914 0375 07       		.byte	7
 915 0376 B3       		.byte	-77
 916 0377 30       		.byte	48
 917 0378 B5       		.byte	-75
 918 0379 0F       		.byte	15
 919 037a B7       		.byte	-73
 920 037b C0       		.byte	-64
 921 037c B9       		.byte	-71
 922 037d 88       		.byte	-120
 923 037e BA       		.byte	-70
 924 037f 28       		.byte	40
 925 0380 BB       		.byte	-69
 926 0381 20       		.byte	32
 927 0382 BF       		.byte	-65
 928 0383 04       		.byte	4
 929 0384 C0       		.byte	-64
 930 0385 02       		.byte	2
 931 0386 C7       		.byte	-57
 932 0387 04       		.byte	4
 933 0388 C9       		.byte	-55
 934 0389 FF       		.byte	-1
 935 038a CA       		.byte	-54
 936 038b 07       		.byte	7
 937 038c CB       		.byte	-53
 938 038d FF       		.byte	-1
 939 038e CC       		.byte	-52
 940 038f 40       		.byte	64
 941 0390 CD       		.byte	-51
 942 0391 20       		.byte	32
 943 0392 CE       		.byte	-50
 944 0393 F0       		.byte	-16
 945 0394 CF       		.byte	-49
 946 0395 05       		.byte	5
 947 0396 D0       		.byte	-48
 948 0397 08       		.byte	8
 949 0398 D8       		.byte	-40
 950 0399 04       		.byte	4
 951 039a D9       		.byte	-39
 952 039b 04       		.byte	4
 953 039c DA       		.byte	-38
 954 039d 04       		.byte	4
 955 039e DC       		.byte	-36
 956 039f 11       		.byte	17
 957 03a0 DD       		.byte	-35
 958 03a1 01       		.byte	1
 959 03a2 DF       		.byte	-33
 960 03a3 01       		.byte	1
 961 03a4 E0       		.byte	-32
 962 03a5 40       		.byte	64
 963 03a6 E1       		.byte	-31
 964 03a7 A8       		.byte	-88
 965 03a8 E2       		.byte	-30
 966 03a9 40       		.byte	64
 967 03aa E3       		.byte	-29
 968 03ab 20       		.byte	32
 969 03ac 00       		.byte	0
ARM GAS  C:\Users\danie\AppData\Local\Temp\cceKUnXb.s 			page 18


 970 03ad 10       		.byte	16
 971 03ae 03       		.byte	3
 972 03af 22       		.byte	34
 973 03b0 05       		.byte	5
 974 03b1 20       		.byte	32
 975 03b2 08       		.byte	8
 976 03b3 20       		.byte	32
 977 03b4 09       		.byte	9
 978 03b5 08       		.byte	8
 979 03b6 0B       		.byte	11
 980 03b7 80       		.byte	-128
 981 03b8 0E       		.byte	14
 982 03b9 10       		.byte	16
 983 03ba 0F       		.byte	15
 984 03bb 02       		.byte	2
 985 03bc 10       		.byte	16
 986 03bd 62       		.byte	98
 987 03be 11       		.byte	17
 988 03bf 10       		.byte	16
 989 03c0 16       		.byte	22
 990 03c1 04       		.byte	4
 991 03c2 17       		.byte	23
 992 03c3 06       		.byte	6
 993 03c4 18       		.byte	24
 994 03c5 11       		.byte	17
 995 03c6 1A       		.byte	26
 996 03c7 44       		.byte	68
 997 03c8 1F       		.byte	31
 998 03c9 28       		.byte	40
 999 03ca 21       		.byte	33
 1000 03cb 02       		.byte	2
 1001 03cc 23       		.byte	35
 1002 03cd 10       		.byte	16
 1003 03ce 24       		.byte	36
 1004 03cf 08       		.byte	8
 1005 03d0 26       		.byte	38
 1006 03d1 20       		.byte	32
 1007 03d2 27       		.byte	39
 1008 03d3 26       		.byte	38
 1009 03d4 2C       		.byte	44
 1010 03d5 01       		.byte	1
 1011 03d6 2D       		.byte	45
 1012 03d7 20       		.byte	32
 1013 03d8 2E       		.byte	46
 1014 03d9 40       		.byte	64
 1015 03da 2F       		.byte	47
 1016 03db 08       		.byte	8
 1017 03dc 31       		.byte	49
 1018 03dd 10       		.byte	16
 1019 03de 36       		.byte	54
 1020 03df 20       		.byte	32
 1021 03e0 37       		.byte	55
 1022 03e1 02       		.byte	2
 1023 03e2 38       		.byte	56
 1024 03e3 20       		.byte	32
 1025 03e4 3B       		.byte	59
 1026 03e5 40       		.byte	64
ARM GAS  C:\Users\danie\AppData\Local\Temp\cceKUnXb.s 			page 19


 1027 03e6 3D       		.byte	61
 1028 03e7 08       		.byte	8
 1029 03e8 3E       		.byte	62
 1030 03e9 10       		.byte	16
 1031 03ea 3F       		.byte	63
 1032 03eb 02       		.byte	2
 1033 03ec 40       		.byte	64
 1034 03ed 21       		.byte	33
 1035 03ee 42       		.byte	66
 1036 03ef 08       		.byte	8
 1037 03f0 43       		.byte	67
 1038 03f1 20       		.byte	32
 1039 03f2 45       		.byte	69
 1040 03f3 02       		.byte	2
 1041 03f4 46       		.byte	70
 1042 03f5 40       		.byte	64
 1043 03f6 47       		.byte	71
 1044 03f7 20       		.byte	32
 1045 03f8 49       		.byte	73
 1046 03f9 50       		.byte	80
 1047 03fa 4B       		.byte	75
 1048 03fb 80       		.byte	-128
 1049 03fc 50       		.byte	80
 1050 03fd 10       		.byte	16
 1051 03fe 52       		.byte	82
 1052 03ff 01       		.byte	1
 1053 0400 54       		.byte	84
 1054 0401 08       		.byte	8
 1055 0402 55       		.byte	85
 1056 0403 04       		.byte	4
 1057 0404 56       		.byte	86
 1058 0405 04       		.byte	4
 1059 0406 57       		.byte	87
 1060 0407 01       		.byte	1
 1061 0408 59       		.byte	89
 1062 0409 05       		.byte	5
 1063 040a 5A       		.byte	90
 1064 040b 80       		.byte	-128
 1065 040c 73       		.byte	115
 1066 040d 40       		.byte	64
 1067 040e 80       		.byte	-128
 1068 040f 10       		.byte	16
 1069 0410 83       		.byte	-125
 1070 0411 40       		.byte	64
 1071 0412 88       		.byte	-120
 1072 0413 02       		.byte	2
 1073 0414 8A       		.byte	-118
 1074 0415 01       		.byte	1
 1075 0416 91       		.byte	-111
 1076 0417 10       		.byte	16
 1077 0418 92       		.byte	-110
 1078 0419 90       		.byte	-112
 1079 041a 94       		.byte	-108
 1080 041b 08       		.byte	8
 1081 041c 96       		.byte	-106
 1082 041d 05       		.byte	5
 1083 041e 97       		.byte	-105
ARM GAS  C:\Users\danie\AppData\Local\Temp\cceKUnXb.s 			page 20


 1084 041f 10       		.byte	16
 1085 0420 98       		.byte	-104
 1086 0421 60       		.byte	96
 1087 0422 99       		.byte	-103
 1088 0423 55       		.byte	85
 1089 0424 9C       		.byte	-100
 1090 0425 01       		.byte	1
 1091 0426 9D       		.byte	-99
 1092 0427 20       		.byte	32
 1093 0428 9E       		.byte	-98
 1094 0429 49       		.byte	73
 1095 042a 9F       		.byte	-97
 1096 042b 46       		.byte	70
 1097 042c A0       		.byte	-96
 1098 042d 20       		.byte	32
 1099 042e A1       		.byte	-95
 1100 042f 08       		.byte	8
 1101 0430 A3       		.byte	-93
 1102 0431 02       		.byte	2
 1103 0432 A4       		.byte	-92
 1104 0433 0A       		.byte	10
 1105 0434 A7       		.byte	-89
 1106 0435 21       		.byte	33
 1107 0436 B4       		.byte	-76
 1108 0437 10       		.byte	16
 1109 0438 C0       		.byte	-64
 1110 0439 47       		.byte	71
 1111 043a C2       		.byte	-62
 1112 043b AE       		.byte	-82
 1113 043c C4       		.byte	-60
 1114 043d 7F       		.byte	127
 1115 043e CA       		.byte	-54
 1116 043f 20       		.byte	32
 1117 0440 CC       		.byte	-52
 1118 0441 A4       		.byte	-92
 1119 0442 CE       		.byte	-50
 1120 0443 EC       		.byte	-20
 1121 0444 D0       		.byte	-48
 1122 0445 2E       		.byte	46
 1123 0446 D2       		.byte	-46
 1124 0447 0C       		.byte	12
 1125 0448 D6       		.byte	-42
 1126 0449 0B       		.byte	11
 1127 044a EC       		.byte	-20
 1128 044b 10       		.byte	16
 1129 044c 30       		.byte	48
 1130 044d 12       		.byte	18
 1131 044e 34       		.byte	52
 1132 044f 02       		.byte	2
 1133 0450 36       		.byte	54
 1134 0451 10       		.byte	16
 1135 0452 CC       		.byte	-52
 1136 0453 F0       		.byte	-16
 1137 0454 84       		.byte	-124
 1138 0455 12       		.byte	18
 1139 0456 9C       		.byte	-100
 1140 0457 12       		.byte	18
ARM GAS  C:\Users\danie\AppData\Local\Temp\cceKUnXb.s 			page 21


 1141 0458 A4       		.byte	-92
 1142 0459 02       		.byte	2
 1143 045a A6       		.byte	-90
 1144 045b 10       		.byte	16
 1145 045c E6       		.byte	-26
 1146 045d 40       		.byte	64
 1147 045e A4       		.byte	-92
 1148 045f 02       		.byte	2
 1149 0460 A6       		.byte	-90
 1150 0461 10       		.byte	16
 1151 0462 8C       		.byte	-116
 1152 0463 02       		.byte	2
 1153 0464 A4       		.byte	-92
 1154 0465 02       		.byte	2
 1155 0466 A6       		.byte	-90
 1156 0467 10       		.byte	16
 1157 0468 7C       		.byte	124
 1158 0469 20       		.byte	32
 1159 046a DE       		.byte	-34
 1160 046b 01       		.byte	1
 1161 046c 5B       		.byte	91
 1162 046d 10       		.byte	16
 1163 046e 9C       		.byte	-100
 1164 046f 20       		.byte	32
 1165 0470 D4       		.byte	-44
 1166 0471 01       		.byte	1
 1167 0472 45       		.byte	69
 1168 0473 08       		.byte	8
 1169 0474 9C       		.byte	-100
 1170 0475 20       		.byte	32
 1171 0476 9F       		.byte	-97
 1172 0477 10       		.byte	16
 1173 0478 D0       		.byte	-48
 1174 0479 01       		.byte	1
 1175 047a 8F       		.byte	-113
 1176 047b 10       		.byte	16
 1177 047c 9C       		.byte	-100
 1178 047d 20       		.byte	32
 1179 047e 9F       		.byte	-97
 1180 047f 10       		.byte	16
 1181 0480 A5       		.byte	-91
 1182 0481 08       		.byte	8
 1183 0482 E4       		.byte	-28
 1184 0483 02       		.byte	2
 1185 0484 25       		.byte	37
 1186 0485 10       		.byte	16
 1187 0486 86       		.byte	-122
 1188 0487 10       		.byte	16
 1189 0488 A6       		.byte	-90
 1190 0489 10       		.byte	16
 1191 048a C8       		.byte	-56
 1192 048b 20       		.byte	32
 1193 048c E6       		.byte	-26
 1194 048d 10       		.byte	16
 1195 048e B5       		.byte	-75
 1196 048f 10       		.byte	16
 1197 0490 A5       		.byte	-91
ARM GAS  C:\Users\danie\AppData\Local\Temp\cceKUnXb.s 			page 22


 1198 0491 08       		.byte	8
 1199 0492 B0       		.byte	-80
 1200 0493 20       		.byte	32
 1201 0494 E8       		.byte	-24
 1202 0495 01       		.byte	1
 1203 0496 10       		.byte	16
 1204 0497 80       		.byte	-128
 1205 0498 75       		.byte	117
 1206 0499 01       		.byte	1
 1207 049a 88       		.byte	-120
 1208 049b 80       		.byte	-128
 1209 049c 99       		.byte	-103
 1210 049d 01       		.byte	1
 1211 049e B5       		.byte	-75
 1212 049f 09       		.byte	9
 1213 04a0 C4       		.byte	-60
 1214 04a1 08       		.byte	8
 1215 04a2 DE       		.byte	-34
 1216 04a3 04       		.byte	4
 1217 04a4 E6       		.byte	-26
 1218 04a5 01       		.byte	1
 1219 04a6 EC       		.byte	-20
 1220 04a7 0A       		.byte	10
 1221 04a8 00       		.byte	0
 1222 04a9 06       		.byte	6
 1223 04aa 0C       		.byte	12
 1224 04ab 06       		.byte	6
 1225 04ac 10       		.byte	16
 1226 04ad 06       		.byte	6
 1227 04ae 1C       		.byte	28
 1228 04af 06       		.byte	6
 1229 04b0 00       		.byte	0
 1230 04b1 FF       		.byte	-1
 1231 04b2 00       		.byte	0
 1232 04b3 00       		.byte	0
 1233 04b4 80       		.byte	-128
 1234 04b5 80       		.byte	-128
 1235 04b6 00       		.byte	0
 1236 04b7 00       		.byte	0
 1237 04b8 40       		.byte	64
 1238 04b9 00       		.byte	0
 1239 04ba 00       		.byte	0
 1240 04bb 00       		.byte	0
 1241 04bc 00       		.byte	0
 1242 04bd 00       		.byte	0
 1243 04be 00       		.byte	0
 1244 04bf 00       		.byte	0
 1245 04c0 00       		.byte	0
 1246 04c1 00       		.byte	0
 1247 04c2 FF       		.byte	-1
 1248 04c3 00       		.byte	0
 1249 04c4 80       		.byte	-128
 1250 04c5 00       		.byte	0
 1251 04c6 40       		.byte	64
 1252 04c7 80       		.byte	-128
 1253 04c8 80       		.byte	-128
 1254 04c9 00       		.byte	0
ARM GAS  C:\Users\danie\AppData\Local\Temp\cceKUnXb.s 			page 23


 1255 04ca 80       		.byte	-128
 1256 04cb 00       		.byte	0
 1257 04cc 00       		.byte	0
 1258 04cd 00       		.byte	0
 1259 04ce 00       		.byte	0
 1260 04cf 00       		.byte	0
 1261 04d0 00       		.byte	0
 1262 04d1 0B       		.byte	11
 1263 04d2 0B       		.byte	11
 1264 04d3 00       		.byte	0
 1265 04d4 00       		.byte	0
 1266 04d5 00       		.byte	0
 1267 04d6 00       		.byte	0
 1268 04d7 00       		.byte	0
 1269 04d8 00       		.byte	0
 1270 04d9 02       		.byte	2
 1271 04da 02       		.byte	2
 1272 04db 00       		.byte	0
 1273 04dc 02       		.byte	2
 1274 04dd 00       		.byte	0
 1275 04de 00       		.byte	0
 1276 04df 00       		.byte	0
 1277 04e0 BB       		.byte	-69
 1278 04e1 00       		.byte	0
 1279 04e2 18       		.byte	24
 1280 04e3 01       		.byte	1
 1281              		.section	.cywolatch,"a",%progbits
 1282              		.align	2
 1283              		.type	cy_meta_wonvl, %object
 1284              		.size	cy_meta_wonvl, 4
 1285              	cy_meta_wonvl:
 1286 0000 BC       		.byte	-68
 1287 0001 90       		.byte	-112
 1288 0002 AC       		.byte	-84
 1289 0003 AF       		.byte	-81
 1290              		.section	.cycustnvl,"a",%progbits
 1291              		.align	2
 1292              		.type	cy_meta_custnvl, %object
 1293              		.size	cy_meta_custnvl, 4
 1294              	cy_meta_custnvl:
 1295 0000 00       		.byte	0
 1296 0001 00       		.byte	0
 1297 0002 40       		.byte	64
 1298 0003 05       		.byte	5
 1299              		.section	.cymeta,"a",%progbits
 1300              		.align	2
 1301              		.type	cy_metadata, %object
 1302              		.size	cy_metadata, 12
 1303              	cy_metadata:
 1304 0000 00       		.byte	0
 1305 0001 01       		.byte	1
 1306 0002 2E       		.byte	46
 1307 0003 16       		.byte	22
 1308 0004 10       		.byte	16
 1309 0005 69       		.byte	105
 1310 0006 00       		.byte	0
 1311 0007 01       		.byte	1
ARM GAS  C:\Users\danie\AppData\Local\Temp\cceKUnXb.s 			page 24


 1312 0008 00       		.byte	0
 1313 0009 00       		.byte	0
 1314 000a 00       		.byte	0
 1315 000b 00       		.byte	0
 1316              		.section	.cyflashprotect,"a",%progbits
 1317              		.align	2
 1318              		.type	cy_meta_flashprotect, %object
 1319              		.size	cy_meta_flashprotect, 256
 1320              	cy_meta_flashprotect:
 1321 0000 00000000 		.space	256
 1321      00000000 
 1321      00000000 
 1321      00000000 
 1321      00000000 
 1322              		.text
 1323              	.Letext0:
 1324              		.file 1 "c:\\program files (x86)\\psoc creator\\4.2\\psoc creator\\import\\gnu\\arm\\5.4.1\\arm-no
 1325              		.file 2 "c:\\program files (x86)\\psoc creator\\4.2\\psoc creator\\import\\gnu\\arm\\5.4.1\\arm-no
 1326              		.file 3 "Generated_Source\\PSoC5\\cymetadata.c"
 1327              		.section	.debug_info,"",%progbits
 1328              	.Ldebug_info0:
 1329 0000 32010000 		.4byte	0x132
 1330 0004 0400     		.2byte	0x4
 1331 0006 00000000 		.4byte	.Ldebug_abbrev0
 1332 000a 04       		.byte	0x4
 1333 000b 01       		.uleb128 0x1
 1334 000c 24000000 		.4byte	.LASF17
 1335 0010 0C       		.byte	0xc
 1336 0011 AE010000 		.4byte	.LASF18
 1337 0015 25010000 		.4byte	.LASF19
 1338 0019 00000000 		.4byte	.Ldebug_line0
 1339 001d 02       		.uleb128 0x2
 1340 001e 01       		.byte	0x1
 1341 001f 06       		.byte	0x6
 1342 0020 A2010000 		.4byte	.LASF0
 1343 0024 03       		.uleb128 0x3
 1344 0025 00000000 		.4byte	.LASF9
 1345 0029 01       		.byte	0x1
 1346 002a 1D       		.byte	0x1d
 1347 002b 2F000000 		.4byte	0x2f
 1348 002f 02       		.uleb128 0x2
 1349 0030 01       		.byte	0x1
 1350 0031 08       		.byte	0x8
 1351 0032 16000000 		.4byte	.LASF1
 1352 0036 02       		.uleb128 0x2
 1353 0037 02       		.byte	0x2
 1354 0038 05       		.byte	0x5
 1355 0039 8F010000 		.4byte	.LASF2
 1356 003d 02       		.uleb128 0x2
 1357 003e 02       		.byte	0x2
 1358 003f 07       		.byte	0x7
 1359 0040 C4000000 		.4byte	.LASF3
 1360 0044 02       		.uleb128 0x2
 1361 0045 04       		.byte	0x4
 1362 0046 05       		.byte	0x5
 1363 0047 99010000 		.4byte	.LASF4
 1364 004b 02       		.uleb128 0x2
ARM GAS  C:\Users\danie\AppData\Local\Temp\cceKUnXb.s 			page 25


 1365 004c 04       		.byte	0x4
 1366 004d 07       		.byte	0x7
 1367 004e B2000000 		.4byte	.LASF5
 1368 0052 02       		.uleb128 0x2
 1369 0053 08       		.byte	0x8
 1370 0054 05       		.byte	0x5
 1371 0055 81010000 		.4byte	.LASF6
 1372 0059 02       		.uleb128 0x2
 1373 005a 08       		.byte	0x8
 1374 005b 07       		.byte	0x7
 1375 005c 06010000 		.4byte	.LASF7
 1376 0060 04       		.uleb128 0x4
 1377 0061 04       		.byte	0x4
 1378 0062 05       		.byte	0x5
 1379 0063 696E7400 		.ascii	"int\000"
 1380 0067 02       		.uleb128 0x2
 1381 0068 04       		.byte	0x4
 1382 0069 07       		.byte	0x7
 1383 006a F9000000 		.4byte	.LASF8
 1384 006e 03       		.uleb128 0x3
 1385 006f 1D010000 		.4byte	.LASF10
 1386 0073 02       		.byte	0x2
 1387 0074 18       		.byte	0x18
 1388 0075 24000000 		.4byte	0x24
 1389 0079 05       		.uleb128 0x5
 1390 007a 91000000 		.4byte	0x91
 1391 007e 8A000000 		.4byte	0x8a
 1392 0082 06       		.uleb128 0x6
 1393 0083 8A000000 		.4byte	0x8a
 1394 0087 E304     		.2byte	0x4e3
 1395 0089 00       		.byte	0
 1396 008a 02       		.uleb128 0x2
 1397 008b 04       		.byte	0x4
 1398 008c 07       		.byte	0x7
 1399 008d 78010000 		.4byte	.LASF11
 1400 0091 07       		.uleb128 0x7
 1401 0092 6E000000 		.4byte	0x6e
 1402 0096 08       		.uleb128 0x8
 1403 0097 E7000000 		.4byte	.LASF12
 1404 009b 03       		.byte	0x3
 1405 009c 1F       		.byte	0x1f
 1406 009d A7000000 		.4byte	0xa7
 1407 00a1 05       		.uleb128 0x5
 1408 00a2 03       		.byte	0x3
 1409 00a3 00000000 		.4byte	cy_meta_configecc
 1410 00a7 07       		.uleb128 0x7
 1411 00a8 79000000 		.4byte	0x79
 1412 00ac 05       		.uleb128 0x5
 1413 00ad 91000000 		.4byte	0x91
 1414 00b1 BC000000 		.4byte	0xbc
 1415 00b5 09       		.uleb128 0x9
 1416 00b6 8A000000 		.4byte	0x8a
 1417 00ba 03       		.byte	0x3
 1418 00bb 00       		.byte	0
 1419 00bc 08       		.uleb128 0x8
 1420 00bd D7000000 		.4byte	.LASF13
 1421 00c1 03       		.byte	0x3
ARM GAS  C:\Users\danie\AppData\Local\Temp\cceKUnXb.s 			page 26


 1422 00c2 C9       		.byte	0xc9
 1423 00c3 CD000000 		.4byte	0xcd
 1424 00c7 05       		.uleb128 0x5
 1425 00c8 03       		.byte	0x3
 1426 00c9 00000000 		.4byte	cy_meta_custnvl
 1427 00cd 07       		.uleb128 0x7
 1428 00ce AC000000 		.4byte	0xac
 1429 00d2 08       		.uleb128 0x8
 1430 00d3 6A010000 		.4byte	.LASF14
 1431 00d7 03       		.byte	0x3
 1432 00d8 D7       		.byte	0xd7
 1433 00d9 E3000000 		.4byte	0xe3
 1434 00dd 05       		.uleb128 0x5
 1435 00de 03       		.byte	0x3
 1436 00df 00000000 		.4byte	cy_meta_wonvl
 1437 00e3 07       		.uleb128 0x7
 1438 00e4 AC000000 		.4byte	0xac
 1439 00e8 05       		.uleb128 0x5
 1440 00e9 91000000 		.4byte	0x91
 1441 00ed F8000000 		.4byte	0xf8
 1442 00f1 09       		.uleb128 0x9
 1443 00f2 8A000000 		.4byte	0x8a
 1444 00f6 FF       		.byte	0xff
 1445 00f7 00       		.byte	0
 1446 00f8 08       		.uleb128 0x8
 1447 00f9 55010000 		.4byte	.LASF15
 1448 00fd 03       		.byte	0x3
 1449 00fe E5       		.byte	0xe5
 1450 00ff 09010000 		.4byte	0x109
 1451 0103 05       		.uleb128 0x5
 1452 0104 03       		.byte	0x3
 1453 0105 00000000 		.4byte	cy_meta_flashprotect
 1454 0109 07       		.uleb128 0x7
 1455 010a E8000000 		.4byte	0xe8
 1456 010e 05       		.uleb128 0x5
 1457 010f 91000000 		.4byte	0x91
 1458 0113 1E010000 		.4byte	0x11e
 1459 0117 09       		.uleb128 0x9
 1460 0118 8A000000 		.4byte	0x8a
 1461 011c 0B       		.byte	0xb
 1462 011d 00       		.byte	0
 1463 011e 0A       		.uleb128 0xa
 1464 011f 0A000000 		.4byte	.LASF16
 1465 0123 03       		.byte	0x3
 1466 0124 1201     		.2byte	0x112
 1467 0126 30010000 		.4byte	0x130
 1468 012a 05       		.uleb128 0x5
 1469 012b 03       		.byte	0x3
 1470 012c 00000000 		.4byte	cy_metadata
 1471 0130 07       		.uleb128 0x7
 1472 0131 0E010000 		.4byte	0x10e
 1473 0135 00       		.byte	0
 1474              		.section	.debug_abbrev,"",%progbits
 1475              	.Ldebug_abbrev0:
 1476 0000 01       		.uleb128 0x1
 1477 0001 11       		.uleb128 0x11
 1478 0002 01       		.byte	0x1
ARM GAS  C:\Users\danie\AppData\Local\Temp\cceKUnXb.s 			page 27


 1479 0003 25       		.uleb128 0x25
 1480 0004 0E       		.uleb128 0xe
 1481 0005 13       		.uleb128 0x13
 1482 0006 0B       		.uleb128 0xb
 1483 0007 03       		.uleb128 0x3
 1484 0008 0E       		.uleb128 0xe
 1485 0009 1B       		.uleb128 0x1b
 1486 000a 0E       		.uleb128 0xe
 1487 000b 10       		.uleb128 0x10
 1488 000c 17       		.uleb128 0x17
 1489 000d 00       		.byte	0
 1490 000e 00       		.byte	0
 1491 000f 02       		.uleb128 0x2
 1492 0010 24       		.uleb128 0x24
 1493 0011 00       		.byte	0
 1494 0012 0B       		.uleb128 0xb
 1495 0013 0B       		.uleb128 0xb
 1496 0014 3E       		.uleb128 0x3e
 1497 0015 0B       		.uleb128 0xb
 1498 0016 03       		.uleb128 0x3
 1499 0017 0E       		.uleb128 0xe
 1500 0018 00       		.byte	0
 1501 0019 00       		.byte	0
 1502 001a 03       		.uleb128 0x3
 1503 001b 16       		.uleb128 0x16
 1504 001c 00       		.byte	0
 1505 001d 03       		.uleb128 0x3
 1506 001e 0E       		.uleb128 0xe
 1507 001f 3A       		.uleb128 0x3a
 1508 0020 0B       		.uleb128 0xb
 1509 0021 3B       		.uleb128 0x3b
 1510 0022 0B       		.uleb128 0xb
 1511 0023 49       		.uleb128 0x49
 1512 0024 13       		.uleb128 0x13
 1513 0025 00       		.byte	0
 1514 0026 00       		.byte	0
 1515 0027 04       		.uleb128 0x4
 1516 0028 24       		.uleb128 0x24
 1517 0029 00       		.byte	0
 1518 002a 0B       		.uleb128 0xb
 1519 002b 0B       		.uleb128 0xb
 1520 002c 3E       		.uleb128 0x3e
 1521 002d 0B       		.uleb128 0xb
 1522 002e 03       		.uleb128 0x3
 1523 002f 08       		.uleb128 0x8
 1524 0030 00       		.byte	0
 1525 0031 00       		.byte	0
 1526 0032 05       		.uleb128 0x5
 1527 0033 01       		.uleb128 0x1
 1528 0034 01       		.byte	0x1
 1529 0035 49       		.uleb128 0x49
 1530 0036 13       		.uleb128 0x13
 1531 0037 01       		.uleb128 0x1
 1532 0038 13       		.uleb128 0x13
 1533 0039 00       		.byte	0
 1534 003a 00       		.byte	0
 1535 003b 06       		.uleb128 0x6
ARM GAS  C:\Users\danie\AppData\Local\Temp\cceKUnXb.s 			page 28


 1536 003c 21       		.uleb128 0x21
 1537 003d 00       		.byte	0
 1538 003e 49       		.uleb128 0x49
 1539 003f 13       		.uleb128 0x13
 1540 0040 2F       		.uleb128 0x2f
 1541 0041 05       		.uleb128 0x5
 1542 0042 00       		.byte	0
 1543 0043 00       		.byte	0
 1544 0044 07       		.uleb128 0x7
 1545 0045 26       		.uleb128 0x26
 1546 0046 00       		.byte	0
 1547 0047 49       		.uleb128 0x49
 1548 0048 13       		.uleb128 0x13
 1549 0049 00       		.byte	0
 1550 004a 00       		.byte	0
 1551 004b 08       		.uleb128 0x8
 1552 004c 34       		.uleb128 0x34
 1553 004d 00       		.byte	0
 1554 004e 03       		.uleb128 0x3
 1555 004f 0E       		.uleb128 0xe
 1556 0050 3A       		.uleb128 0x3a
 1557 0051 0B       		.uleb128 0xb
 1558 0052 3B       		.uleb128 0x3b
 1559 0053 0B       		.uleb128 0xb
 1560 0054 49       		.uleb128 0x49
 1561 0055 13       		.uleb128 0x13
 1562 0056 3F       		.uleb128 0x3f
 1563 0057 19       		.uleb128 0x19
 1564 0058 02       		.uleb128 0x2
 1565 0059 18       		.uleb128 0x18
 1566 005a 00       		.byte	0
 1567 005b 00       		.byte	0
 1568 005c 09       		.uleb128 0x9
 1569 005d 21       		.uleb128 0x21
 1570 005e 00       		.byte	0
 1571 005f 49       		.uleb128 0x49
 1572 0060 13       		.uleb128 0x13
 1573 0061 2F       		.uleb128 0x2f
 1574 0062 0B       		.uleb128 0xb
 1575 0063 00       		.byte	0
 1576 0064 00       		.byte	0
 1577 0065 0A       		.uleb128 0xa
 1578 0066 34       		.uleb128 0x34
 1579 0067 00       		.byte	0
 1580 0068 03       		.uleb128 0x3
 1581 0069 0E       		.uleb128 0xe
 1582 006a 3A       		.uleb128 0x3a
 1583 006b 0B       		.uleb128 0xb
 1584 006c 3B       		.uleb128 0x3b
 1585 006d 05       		.uleb128 0x5
 1586 006e 49       		.uleb128 0x49
 1587 006f 13       		.uleb128 0x13
 1588 0070 3F       		.uleb128 0x3f
 1589 0071 19       		.uleb128 0x19
 1590 0072 02       		.uleb128 0x2
 1591 0073 18       		.uleb128 0x18
 1592 0074 00       		.byte	0
ARM GAS  C:\Users\danie\AppData\Local\Temp\cceKUnXb.s 			page 29


 1593 0075 00       		.byte	0
 1594 0076 00       		.byte	0
 1595              		.section	.debug_aranges,"",%progbits
 1596 0000 14000000 		.4byte	0x14
 1597 0004 0200     		.2byte	0x2
 1598 0006 00000000 		.4byte	.Ldebug_info0
 1599 000a 04       		.byte	0x4
 1600 000b 00       		.byte	0
 1601 000c 0000     		.2byte	0
 1602 000e 0000     		.2byte	0
 1603 0010 00000000 		.4byte	0
 1604 0014 00000000 		.4byte	0
 1605              		.section	.debug_line,"",%progbits
 1606              	.Ldebug_line0:
 1607 0000 2D010000 		.section	.debug_str,"MS",%progbits,1
 1607      02002701 
 1607      00000201 
 1607      FB0E0D00 
 1607      01010101 
 1608              	.LASF9:
 1609 0000 5F5F7569 		.ascii	"__uint8_t\000"
 1609      6E74385F 
 1609      7400
 1610              	.LASF16:
 1611 000a 63795F6D 		.ascii	"cy_metadata\000"
 1611      65746164 
 1611      61746100 
 1612              	.LASF1:
 1613 0016 756E7369 		.ascii	"unsigned char\000"
 1613      676E6564 
 1613      20636861 
 1613      7200
 1614              	.LASF17:
 1615 0024 474E5520 		.ascii	"GNU C11 5.4.1 20160609 (release) [ARM/embedded-5-br"
 1615      43313120 
 1615      352E342E 
 1615      31203230 
 1615      31363036 
 1616 0057 616E6368 		.ascii	"anch revision 237715] -mcpu=cortex-m3 -mthumb -g -O"
 1616      20726576 
 1616      6973696F 
 1616      6E203233 
 1616      37373135 
 1617 008a 67202D66 		.ascii	"g -ffunction-sections -ffat-lto-objects\000"
 1617      66756E63 
 1617      74696F6E 
 1617      2D736563 
 1617      74696F6E 
 1618              	.LASF5:
 1619 00b2 6C6F6E67 		.ascii	"long unsigned int\000"
 1619      20756E73 
 1619      69676E65 
 1619      6420696E 
 1619      7400
 1620              	.LASF3:
 1621 00c4 73686F72 		.ascii	"short unsigned int\000"
 1621      7420756E 
ARM GAS  C:\Users\danie\AppData\Local\Temp\cceKUnXb.s 			page 30


 1621      7369676E 
 1621      65642069 
 1621      6E7400
 1622              	.LASF13:
 1623 00d7 63795F6D 		.ascii	"cy_meta_custnvl\000"
 1623      6574615F 
 1623      63757374 
 1623      6E766C00 
 1624              	.LASF12:
 1625 00e7 63795F6D 		.ascii	"cy_meta_configecc\000"
 1625      6574615F 
 1625      636F6E66 
 1625      69676563 
 1625      6300
 1626              	.LASF8:
 1627 00f9 756E7369 		.ascii	"unsigned int\000"
 1627      676E6564 
 1627      20696E74 
 1627      00
 1628              	.LASF7:
 1629 0106 6C6F6E67 		.ascii	"long long unsigned int\000"
 1629      206C6F6E 
 1629      6720756E 
 1629      7369676E 
 1629      65642069 
 1630              	.LASF10:
 1631 011d 75696E74 		.ascii	"uint8_t\000"
 1631      385F7400 
 1632              	.LASF19:
 1633 0125 453A5C50 		.ascii	"E:\\Psoc\\el original\\ADC+UART+MUX\\Design01.cydsn"
 1633      736F635C 
 1633      656C206F 
 1633      72696769 
 1633      6E616C5C 
 1634 0154 00       		.ascii	"\000"
 1635              	.LASF15:
 1636 0155 63795F6D 		.ascii	"cy_meta_flashprotect\000"
 1636      6574615F 
 1636      666C6173 
 1636      6870726F 
 1636      74656374 
 1637              	.LASF14:
 1638 016a 63795F6D 		.ascii	"cy_meta_wonvl\000"
 1638      6574615F 
 1638      776F6E76 
 1638      6C00
 1639              	.LASF11:
 1640 0178 73697A65 		.ascii	"sizetype\000"
 1640      74797065 
 1640      00
 1641              	.LASF6:
 1642 0181 6C6F6E67 		.ascii	"long long int\000"
 1642      206C6F6E 
 1642      6720696E 
 1642      7400
 1643              	.LASF2:
 1644 018f 73686F72 		.ascii	"short int\000"
ARM GAS  C:\Users\danie\AppData\Local\Temp\cceKUnXb.s 			page 31


 1644      7420696E 
 1644      7400
 1645              	.LASF4:
 1646 0199 6C6F6E67 		.ascii	"long int\000"
 1646      20696E74 
 1646      00
 1647              	.LASF0:
 1648 01a2 7369676E 		.ascii	"signed char\000"
 1648      65642063 
 1648      68617200 
 1649              	.LASF18:
 1650 01ae 47656E65 		.ascii	"Generated_Source\\PSoC5\\cymetadata.c\000"
 1650      72617465 
 1650      645F536F 
 1650      75726365 
 1650      5C50536F 
 1651              		.ident	"GCC: (GNU Tools for ARM Embedded Processors) 5.4.1 20160609 (release) [ARM/embedded-5-bran
