ARM GAS  C:\Users\ESTEBAN\AppData\Local\Temp\cc5wXV8v.s 			page 1


   1              		.syntax unified
   2              		.cpu cortex-m3
   3              		.fpu softvfp
   4              		.eabi_attribute 20, 1
   5              		.eabi_attribute 21, 1
   6              		.eabi_attribute 23, 3
   7              		.eabi_attribute 24, 1
   8              		.eabi_attribute 25, 1
   9              		.eabi_attribute 26, 1
  10              		.eabi_attribute 30, 1
  11              		.eabi_attribute 34, 1
  12              		.eabi_attribute 18, 4
  13              		.thumb
  14              		.syntax unified
  15              		.file	"main.c"
  16              		.text
  17              	.Ltext0:
  18              		.cfi_sections	.debug_frame
  19              		.section	.text.Enviar,"ax",%progbits
  20              		.align	2
  21              		.global	Enviar
  22              		.thumb
  23              		.thumb_func
  24              		.type	Enviar, %function
  25              	Enviar:
  26              	.LFB64:
  27              		.file 1 "main.c"
   1:main.c        **** /* ========================================
   2:main.c        ****  *
   3:main.c        ****  * Copyright YOUR COMPANY, THE YEAR
   4:main.c        ****  * All Rights Reserved
   5:main.c        ****  * UNPUBLISHED, LICENSED SOFTWARE.
   6:main.c        ****  *
   7:main.c        ****  * CONFIDENTIAL AND PROPRIETARY INFORMATION
   8:main.c        ****  * WHICH IS THE PROPERTY OF your company.
   9:main.c        ****  *
  10:main.c        ****  * ========================================
  11:main.c        **** */
  12:main.c        **** #include "project.h"
  13:main.c        **** #include <stdio.h>
  14:main.c        **** 
  15:main.c        **** int numero[5],dato,variable=1;
  16:main.c        **** float32 voltiosADC[5];
  17:main.c        **** char publicar[12];
  18:main.c        **** 
  19:main.c        **** char recibir;
  20:main.c        **** int canal,pga=1;
  21:main.c        **** CY_ISR(Enviar){
  28              		.loc 1 21 0
  29              		.cfi_startproc
  30              		@ args = 0, pretend = 0, frame = 0
  31              		@ frame_needed = 0, uses_anonymous_args = 0
  32 0000 10B5     		push	{r4, lr}
  33              		.cfi_def_cfa_offset 8
  34              		.cfi_offset 4, -8
  35              		.cfi_offset 14, -4
  22:main.c        **** if(canal==0){
ARM GAS  C:\Users\ESTEBAN\AppData\Local\Temp\cc5wXV8v.s 			page 2


  36              		.loc 1 22 0
  37 0002 314B     		ldr	r3, .L12
  38 0004 1B68     		ldr	r3, [r3]
  39 0006 4BB9     		cbnz	r3, .L2
  23:main.c        ****  
  24:main.c        ****   sprintf(publicar,"%3dcA \n \r" ,numero[0]);
  40              		.loc 1 24 0
  41 0008 304C     		ldr	r4, .L12+4
  42 000a 314B     		ldr	r3, .L12+8
  43 000c 1A68     		ldr	r2, [r3]
  44 000e 3149     		ldr	r1, .L12+12
  45 0010 2046     		mov	r0, r4
  46 0012 FFF7FEFF 		bl	sprintf
  47              	.LVL0:
  25:main.c        **** 
  26:main.c        ****   UART_PutString(publicar);
  48              		.loc 1 26 0
  49 0016 2046     		mov	r0, r4
  50 0018 FFF7FEFF 		bl	UART_PutString
  51              	.LVL1:
  52              	.L2:
  27:main.c        **** }
  28:main.c        **** if(canal==1){
  53              		.loc 1 28 0
  54 001c 2A4B     		ldr	r3, .L12
  55 001e 1B68     		ldr	r3, [r3]
  56 0020 012B     		cmp	r3, #1
  57 0022 09D1     		bne	.L3
  29:main.c        ****      
  30:main.c        ****      sprintf(publicar,"%3dcB \n \r" ,numero[1]);
  58              		.loc 1 30 0
  59 0024 294C     		ldr	r4, .L12+4
  60 0026 2A4B     		ldr	r3, .L12+8
  61 0028 5A68     		ldr	r2, [r3, #4]
  62 002a 2B49     		ldr	r1, .L12+16
  63 002c 2046     		mov	r0, r4
  64 002e FFF7FEFF 		bl	sprintf
  65              	.LVL2:
  31:main.c        ****      UART_PutString(publicar);  
  66              		.loc 1 31 0
  67 0032 2046     		mov	r0, r4
  68 0034 FFF7FEFF 		bl	UART_PutString
  69              	.LVL3:
  70              	.L3:
  32:main.c        ****     
  33:main.c        **** }
  34:main.c        **** if(canal==2){
  71              		.loc 1 34 0
  72 0038 234B     		ldr	r3, .L12
  73 003a 1B68     		ldr	r3, [r3]
  74 003c 022B     		cmp	r3, #2
  75 003e 09D1     		bne	.L4
  35:main.c        ****      sprintf(publicar,"%3dcC \n \r" ,numero[2]);
  76              		.loc 1 35 0
  77 0040 224C     		ldr	r4, .L12+4
  78 0042 234B     		ldr	r3, .L12+8
  79 0044 9A68     		ldr	r2, [r3, #8]
ARM GAS  C:\Users\ESTEBAN\AppData\Local\Temp\cc5wXV8v.s 			page 3


  80 0046 2549     		ldr	r1, .L12+20
  81 0048 2046     		mov	r0, r4
  82 004a FFF7FEFF 		bl	sprintf
  83              	.LVL4:
  36:main.c        ****      UART_PutString(publicar);
  84              		.loc 1 36 0
  85 004e 2046     		mov	r0, r4
  86 0050 FFF7FEFF 		bl	UART_PutString
  87              	.LVL5:
  88              	.L4:
  37:main.c        **** }
  38:main.c        **** if(canal==3){
  89              		.loc 1 38 0
  90 0054 1C4B     		ldr	r3, .L12
  91 0056 1B68     		ldr	r3, [r3]
  92 0058 032B     		cmp	r3, #3
  93 005a 09D1     		bne	.L5
  39:main.c        ****      sprintf(publicar,"%3dcD \n \r" ,numero[3]);
  94              		.loc 1 39 0
  95 005c 1B4C     		ldr	r4, .L12+4
  96 005e 1C4B     		ldr	r3, .L12+8
  97 0060 DA68     		ldr	r2, [r3, #12]
  98 0062 1F49     		ldr	r1, .L12+24
  99 0064 2046     		mov	r0, r4
 100 0066 FFF7FEFF 		bl	sprintf
 101              	.LVL6:
  40:main.c        ****      UART_PutString(publicar);
 102              		.loc 1 40 0
 103 006a 2046     		mov	r0, r4
 104 006c FFF7FEFF 		bl	UART_PutString
 105              	.LVL7:
 106              	.L5:
  41:main.c        **** }
  42:main.c        **** if(canal==4){
 107              		.loc 1 42 0
 108 0070 154B     		ldr	r3, .L12
 109 0072 1B68     		ldr	r3, [r3]
 110 0074 042B     		cmp	r3, #4
 111 0076 09D1     		bne	.L6
  43:main.c        ****      sprintf(publicar,"%3dcE \n \r" ,numero[4]);
 112              		.loc 1 43 0
 113 0078 144C     		ldr	r4, .L12+4
 114 007a 154B     		ldr	r3, .L12+8
 115 007c 1A69     		ldr	r2, [r3, #16]
 116 007e 1949     		ldr	r1, .L12+28
 117 0080 2046     		mov	r0, r4
 118 0082 FFF7FEFF 		bl	sprintf
 119              	.LVL8:
  44:main.c        ****      UART_PutString(publicar);
 120              		.loc 1 44 0
 121 0086 2046     		mov	r0, r4
 122 0088 FFF7FEFF 		bl	UART_PutString
 123              	.LVL9:
 124              	.L6:
  45:main.c        **** }
  46:main.c        **** if(pga==2){
 125              		.loc 1 46 0
ARM GAS  C:\Users\ESTEBAN\AppData\Local\Temp\cc5wXV8v.s 			page 4


 126 008c 164B     		ldr	r3, .L12+32
 127 008e 1B68     		ldr	r3, [r3]
 128 0090 022B     		cmp	r3, #2
 129 0092 02D1     		bne	.L7
  47:main.c        **** PGA_SetGain(2);}
 130              		.loc 1 47 0
 131 0094 0220     		movs	r0, #2
 132 0096 FFF7FEFF 		bl	PGA_SetGain
 133              	.LVL10:
 134              	.L7:
  48:main.c        **** if(pga==4){
 135              		.loc 1 48 0
 136 009a 134B     		ldr	r3, .L12+32
 137 009c 1B68     		ldr	r3, [r3]
 138 009e 042B     		cmp	r3, #4
 139 00a0 02D1     		bne	.L8
  49:main.c        **** PGA_SetGain(4);}
 140              		.loc 1 49 0
 141 00a2 0420     		movs	r0, #4
 142 00a4 FFF7FEFF 		bl	PGA_SetGain
 143              	.LVL11:
 144              	.L8:
  50:main.c        **** if(pga==8){
 145              		.loc 1 50 0
 146 00a8 0F4B     		ldr	r3, .L12+32
 147 00aa 1B68     		ldr	r3, [r3]
 148 00ac 082B     		cmp	r3, #8
 149 00ae 02D1     		bne	.L9
  51:main.c        **** PGA_SetGain(8);}
 150              		.loc 1 51 0
 151 00b0 0820     		movs	r0, #8
 152 00b2 FFF7FEFF 		bl	PGA_SetGain
 153              	.LVL12:
 154              	.L9:
  52:main.c        **** if(pga==1){
 155              		.loc 1 52 0
 156 00b6 0C4B     		ldr	r3, .L12+32
 157 00b8 1B68     		ldr	r3, [r3]
 158 00ba 012B     		cmp	r3, #1
 159 00bc 02D1     		bne	.L1
  53:main.c        **** PGA_SetGain(1);}
 160              		.loc 1 53 0
 161 00be 0120     		movs	r0, #1
 162 00c0 FFF7FEFF 		bl	PGA_SetGain
 163              	.LVL13:
 164              	.L1:
 165 00c4 10BD     		pop	{r4, pc}
 166              	.L13:
 167 00c6 00BF     		.align	2
 168              	.L12:
 169 00c8 00000000 		.word	canal
 170 00cc 00000000 		.word	publicar
 171 00d0 00000000 		.word	numero
 172 00d4 00000000 		.word	.LC0
 173 00d8 0C000000 		.word	.LC1
 174 00dc 18000000 		.word	.LC2
 175 00e0 24000000 		.word	.LC3
ARM GAS  C:\Users\ESTEBAN\AppData\Local\Temp\cc5wXV8v.s 			page 5


 176 00e4 30000000 		.word	.LC4
 177 00e8 00000000 		.word	.LANCHOR0
 178              		.cfi_endproc
 179              	.LFE64:
 180              		.size	Enviar, .-Enviar
 181              		.section	.text.Recibir,"ax",%progbits
 182              		.align	2
 183              		.global	Recibir
 184              		.thumb
 185              		.thumb_func
 186              		.type	Recibir, %function
 187              	Recibir:
 188              	.LFB65:
  54:main.c        **** 
  55:main.c        **** }
  56:main.c        **** 
  57:main.c        **** 
  58:main.c        **** CY_ISR(Recibir){
 189              		.loc 1 58 0
 190              		.cfi_startproc
 191              		@ args = 0, pretend = 0, frame = 0
 192              		@ frame_needed = 0, uses_anonymous_args = 0
 193 0000 08B5     		push	{r3, lr}
 194              		.cfi_def_cfa_offset 8
 195              		.cfi_offset 3, -8
 196              		.cfi_offset 14, -4
  59:main.c        **** 
  60:main.c        ****     recibir=UART_GetChar();
 197              		.loc 1 60 0
 198 0002 FFF7FEFF 		bl	UART_GetChar
 199              	.LVL14:
 200 0006 184B     		ldr	r3, .L25
 201 0008 1870     		strb	r0, [r3]
  61:main.c        ****  if(recibir=='a'){
 202              		.loc 1 61 0
 203 000a 6128     		cmp	r0, #97
 204 000c 02D1     		bne	.L15
  62:main.c        ****     canal=0;
 205              		.loc 1 62 0
 206 000e 0022     		movs	r2, #0
 207 0010 164B     		ldr	r3, .L25+4
 208 0012 1A60     		str	r2, [r3]
 209              	.L15:
  63:main.c        ****  }
  64:main.c        **** if(recibir=='b'){
 210              		.loc 1 64 0
 211 0014 6228     		cmp	r0, #98
 212 0016 02D1     		bne	.L16
  65:main.c        ****     canal=1;
 213              		.loc 1 65 0
 214 0018 0122     		movs	r2, #1
 215 001a 144B     		ldr	r3, .L25+4
 216 001c 1A60     		str	r2, [r3]
 217              	.L16:
  66:main.c        ****  }
  67:main.c        **** if(recibir=='c'){
 218              		.loc 1 67 0
ARM GAS  C:\Users\ESTEBAN\AppData\Local\Temp\cc5wXV8v.s 			page 6


 219 001e 6328     		cmp	r0, #99
 220 0020 02D1     		bne	.L17
  68:main.c        ****     canal=2;
 221              		.loc 1 68 0
 222 0022 0222     		movs	r2, #2
 223 0024 114B     		ldr	r3, .L25+4
 224 0026 1A60     		str	r2, [r3]
 225              	.L17:
  69:main.c        ****  }
  70:main.c        **** if(recibir=='d'){
 226              		.loc 1 70 0
 227 0028 6428     		cmp	r0, #100
 228 002a 02D1     		bne	.L18
  71:main.c        ****     canal=3;
 229              		.loc 1 71 0
 230 002c 0322     		movs	r2, #3
 231 002e 0F4B     		ldr	r3, .L25+4
 232 0030 1A60     		str	r2, [r3]
 233              	.L18:
  72:main.c        ****  }
  73:main.c        **** if(recibir=='e'){
 234              		.loc 1 73 0
 235 0032 6528     		cmp	r0, #101
 236 0034 02D1     		bne	.L19
  74:main.c        ****     canal=4;}
 237              		.loc 1 74 0
 238 0036 0422     		movs	r2, #4
 239 0038 0C4B     		ldr	r3, .L25+4
 240 003a 1A60     		str	r2, [r3]
 241              	.L19:
  75:main.c        **** if(recibir=='1'){
 242              		.loc 1 75 0
 243 003c 3128     		cmp	r0, #49
 244 003e 02D1     		bne	.L20
  76:main.c        **** 
  77:main.c        **** pga=1;
 245              		.loc 1 77 0
 246 0040 0122     		movs	r2, #1
 247 0042 0B4B     		ldr	r3, .L25+8
 248 0044 1A60     		str	r2, [r3]
 249              	.L20:
  78:main.c        **** }
  79:main.c        **** if(recibir=='2'){
 250              		.loc 1 79 0
 251 0046 3228     		cmp	r0, #50
 252 0048 02D1     		bne	.L21
  80:main.c        **** 
  81:main.c        **** pga=2;
 253              		.loc 1 81 0
 254 004a 0222     		movs	r2, #2
 255 004c 084B     		ldr	r3, .L25+8
 256 004e 1A60     		str	r2, [r3]
 257              	.L21:
  82:main.c        **** }
  83:main.c        ****     
  84:main.c        **** if(recibir=='4'){  
 258              		.loc 1 84 0
ARM GAS  C:\Users\ESTEBAN\AppData\Local\Temp\cc5wXV8v.s 			page 7


 259 0050 3428     		cmp	r0, #52
 260 0052 02D1     		bne	.L22
  85:main.c        **** pga=4;
 261              		.loc 1 85 0
 262 0054 0422     		movs	r2, #4
 263 0056 064B     		ldr	r3, .L25+8
 264 0058 1A60     		str	r2, [r3]
 265              	.L22:
  86:main.c        **** 
  87:main.c        **** }
  88:main.c        **** if(recibir=='8'){
 266              		.loc 1 88 0
 267 005a 3828     		cmp	r0, #56
 268 005c 02D1     		bne	.L14
  89:main.c        **** 
  90:main.c        **** pga=8;
 269              		.loc 1 90 0
 270 005e 0822     		movs	r2, #8
 271 0060 034B     		ldr	r3, .L25+8
 272 0062 1A60     		str	r2, [r3]
 273              	.L14:
 274 0064 08BD     		pop	{r3, pc}
 275              	.L26:
 276 0066 00BF     		.align	2
 277              	.L25:
 278 0068 00000000 		.word	recibir
 279 006c 00000000 		.word	canal
 280 0070 00000000 		.word	.LANCHOR0
 281              		.cfi_endproc
 282              	.LFE65:
 283              		.size	Recibir, .-Recibir
 284              		.section	.text.main,"ax",%progbits
 285              		.align	2
 286              		.global	main
 287              		.thumb
 288              		.thumb_func
 289              		.type	main, %function
 290              	main:
 291              	.LFB66:
  91:main.c        **** }
  92:main.c        ****     
  93:main.c        **** 
  94:main.c        **** 
  95:main.c        ****     
  96:main.c        ****    
  97:main.c        ****  
  98:main.c        **** 
  99:main.c        **** }
 100:main.c        **** 
 101:main.c        **** 
 102:main.c        **** int main(void)
 103:main.c        **** {
 292              		.loc 1 103 0
 293              		.cfi_startproc
 294              		@ Volatile: function does not return.
 295              		@ args = 0, pretend = 0, frame = 0
 296              		@ frame_needed = 0, uses_anonymous_args = 0
ARM GAS  C:\Users\ESTEBAN\AppData\Local\Temp\cc5wXV8v.s 			page 8


 297 0000 08B5     		push	{r3, lr}
 298              		.cfi_def_cfa_offset 8
 299              		.cfi_offset 3, -8
 300              		.cfi_offset 14, -4
 104:main.c        ****     CyGlobalIntEnable; 
 301              		.loc 1 104 0
 302              		.syntax unified
 303              	@ 104 "main.c" 1
 304 0002 62B6     		CPSIE   i
 305              	@ 0 "" 2
 105:main.c        ****     PWM_Start();
 306              		.loc 1 105 0
 307              		.thumb
 308              		.syntax unified
 309 0004 FFF7FEFF 		bl	PWM_Start
 310              	.LVL15:
 106:main.c        ****     MUX_Start();
 311              		.loc 1 106 0
 312 0008 FFF7FEFF 		bl	MUX_Start
 313              	.LVL16:
 107:main.c        ****     UART_Start();
 314              		.loc 1 107 0
 315 000c FFF7FEFF 		bl	UART_Start
 316              	.LVL17:
 108:main.c        ****     ADC_Start();
 317              		.loc 1 108 0
 318 0010 FFF7FEFF 		bl	ADC_Start
 319              	.LVL18:
 109:main.c        ****     PGA_Start();
 320              		.loc 1 109 0
 321 0014 FFF7FEFF 		bl	PGA_Start
 322              	.LVL19:
 110:main.c        ****     
 111:main.c        ****     isrRX_StartEx(Recibir);
 323              		.loc 1 111 0
 324 0018 2E48     		ldr	r0, .L30
 325 001a FFF7FEFF 		bl	isrRX_StartEx
 326              	.LVL20:
 112:main.c        ****     isrEnvio_StartEx(Enviar);
 327              		.loc 1 112 0
 328 001e 2E48     		ldr	r0, .L30+4
 329 0020 FFF7FEFF 		bl	isrEnvio_StartEx
 330              	.LVL21:
 331              	.L28:
 113:main.c        ****     for(;;)
 114:main.c        ****     {
 115:main.c        ****         MUX_FastSelect(0);
 332              		.loc 1 115 0 discriminator 1
 333 0024 0020     		movs	r0, #0
 334 0026 FFF7FEFF 		bl	MUX_FastSelect
 335              	.LVL22:
 116:main.c        ****         ADC_StartConvert();
 336              		.loc 1 116 0 discriminator 1
 337 002a FFF7FEFF 		bl	ADC_StartConvert
 338              	.LVL23:
 117:main.c        ****         ADC_IsEndConversion(ADC_WAIT_FOR_RESULT);
 339              		.loc 1 117 0 discriminator 1
ARM GAS  C:\Users\ESTEBAN\AppData\Local\Temp\cc5wXV8v.s 			page 9


 340 002e 0020     		movs	r0, #0
 341 0030 FFF7FEFF 		bl	ADC_IsEndConversion
 342              	.LVL24:
 118:main.c        ****         numero[0]=ADC_GetResult32();
 343              		.loc 1 118 0 discriminator 1
 344 0034 FFF7FEFF 		bl	ADC_GetResult32
 345              	.LVL25:
 346 0038 284C     		ldr	r4, .L30+8
 347 003a 2060     		str	r0, [r4]
 119:main.c        ****         ADC_StopConvert();
 348              		.loc 1 119 0 discriminator 1
 349 003c FFF7FEFF 		bl	ADC_StopConvert
 350              	.LVL26:
 120:main.c        ****         
 121:main.c        ****         MUX_FastSelect(1);
 351              		.loc 1 121 0 discriminator 1
 352 0040 0120     		movs	r0, #1
 353 0042 FFF7FEFF 		bl	MUX_FastSelect
 354              	.LVL27:
 122:main.c        ****         ADC_StartConvert();
 355              		.loc 1 122 0 discriminator 1
 356 0046 FFF7FEFF 		bl	ADC_StartConvert
 357              	.LVL28:
 123:main.c        ****         ADC_IsEndConversion(ADC_WAIT_FOR_RESULT);
 358              		.loc 1 123 0 discriminator 1
 359 004a 0020     		movs	r0, #0
 360 004c FFF7FEFF 		bl	ADC_IsEndConversion
 361              	.LVL29:
 124:main.c        ****         numero[1]=ADC_GetResult32();
 362              		.loc 1 124 0 discriminator 1
 363 0050 FFF7FEFF 		bl	ADC_GetResult32
 364              	.LVL30:
 365 0054 6060     		str	r0, [r4, #4]
 125:main.c        ****         ADC_StopConvert();
 366              		.loc 1 125 0 discriminator 1
 367 0056 FFF7FEFF 		bl	ADC_StopConvert
 368              	.LVL31:
 126:main.c        ****         
 127:main.c        ****         MUX_FastSelect(2);
 369              		.loc 1 127 0 discriminator 1
 370 005a 0220     		movs	r0, #2
 371 005c FFF7FEFF 		bl	MUX_FastSelect
 372              	.LVL32:
 128:main.c        ****         ADC_StartConvert();
 373              		.loc 1 128 0 discriminator 1
 374 0060 FFF7FEFF 		bl	ADC_StartConvert
 375              	.LVL33:
 129:main.c        ****         ADC_IsEndConversion(ADC_WAIT_FOR_RESULT);
 376              		.loc 1 129 0 discriminator 1
 377 0064 0020     		movs	r0, #0
 378 0066 FFF7FEFF 		bl	ADC_IsEndConversion
 379              	.LVL34:
 130:main.c        ****         numero[2]=ADC_GetResult32();
 380              		.loc 1 130 0 discriminator 1
 381 006a FFF7FEFF 		bl	ADC_GetResult32
 382              	.LVL35:
 383 006e A060     		str	r0, [r4, #8]
ARM GAS  C:\Users\ESTEBAN\AppData\Local\Temp\cc5wXV8v.s 			page 10


 131:main.c        ****         ADC_StopConvert();
 384              		.loc 1 131 0 discriminator 1
 385 0070 FFF7FEFF 		bl	ADC_StopConvert
 386              	.LVL36:
 132:main.c        ****         
 133:main.c        ****         MUX_FastSelect(3);
 387              		.loc 1 133 0 discriminator 1
 388 0074 0320     		movs	r0, #3
 389 0076 FFF7FEFF 		bl	MUX_FastSelect
 390              	.LVL37:
 134:main.c        ****         ADC_StartConvert();
 391              		.loc 1 134 0 discriminator 1
 392 007a FFF7FEFF 		bl	ADC_StartConvert
 393              	.LVL38:
 135:main.c        ****         ADC_IsEndConversion(ADC_WAIT_FOR_RESULT);
 394              		.loc 1 135 0 discriminator 1
 395 007e 0020     		movs	r0, #0
 396 0080 FFF7FEFF 		bl	ADC_IsEndConversion
 397              	.LVL39:
 136:main.c        ****         numero[3]=ADC_GetResult32();
 398              		.loc 1 136 0 discriminator 1
 399 0084 FFF7FEFF 		bl	ADC_GetResult32
 400              	.LVL40:
 401 0088 E060     		str	r0, [r4, #12]
 137:main.c        ****         ADC_StopConvert();
 402              		.loc 1 137 0 discriminator 1
 403 008a FFF7FEFF 		bl	ADC_StopConvert
 404              	.LVL41:
 138:main.c        ****         
 139:main.c        ****         MUX_FastSelect(4);
 405              		.loc 1 139 0 discriminator 1
 406 008e 0420     		movs	r0, #4
 407 0090 FFF7FEFF 		bl	MUX_FastSelect
 408              	.LVL42:
 140:main.c        ****         ADC_StartConvert();
 409              		.loc 1 140 0 discriminator 1
 410 0094 FFF7FEFF 		bl	ADC_StartConvert
 411              	.LVL43:
 141:main.c        ****         ADC_IsEndConversion(ADC_WAIT_FOR_RESULT);
 412              		.loc 1 141 0 discriminator 1
 413 0098 0020     		movs	r0, #0
 414 009a FFF7FEFF 		bl	ADC_IsEndConversion
 415              	.LVL44:
 142:main.c        ****         numero[4]=ADC_GetResult32();
 416              		.loc 1 142 0 discriminator 1
 417 009e FFF7FEFF 		bl	ADC_GetResult32
 418              	.LVL45:
 419 00a2 2061     		str	r0, [r4, #16]
 143:main.c        ****         ADC_StopConvert();
 420              		.loc 1 143 0 discriminator 1
 421 00a4 FFF7FEFF 		bl	ADC_StopConvert
 422              	.LVL46:
 144:main.c        ****         
 145:main.c        ****         voltiosADC[0]=ADC_CountsTo_Volts(numero[0]);
 423              		.loc 1 145 0 discriminator 1
 424 00a8 2068     		ldr	r0, [r4]
 425 00aa FFF7FEFF 		bl	ADC_CountsTo_Volts
ARM GAS  C:\Users\ESTEBAN\AppData\Local\Temp\cc5wXV8v.s 			page 11


 426              	.LVL47:
 427 00ae 0C4D     		ldr	r5, .L30+12
 428 00b0 2860     		str	r0, [r5]	@ float
 146:main.c        ****         voltiosADC[1]=ADC_CountsTo_Volts(numero[1]);
 429              		.loc 1 146 0 discriminator 1
 430 00b2 6068     		ldr	r0, [r4, #4]
 431 00b4 FFF7FEFF 		bl	ADC_CountsTo_Volts
 432              	.LVL48:
 433 00b8 6860     		str	r0, [r5, #4]	@ float
 147:main.c        ****         voltiosADC[2]=ADC_CountsTo_Volts(numero[2]);
 434              		.loc 1 147 0 discriminator 1
 435 00ba A068     		ldr	r0, [r4, #8]
 436 00bc FFF7FEFF 		bl	ADC_CountsTo_Volts
 437              	.LVL49:
 438 00c0 A860     		str	r0, [r5, #8]	@ float
 148:main.c        ****         voltiosADC[3]=ADC_CountsTo_Volts(numero[3]);
 439              		.loc 1 148 0 discriminator 1
 440 00c2 E068     		ldr	r0, [r4, #12]
 441 00c4 FFF7FEFF 		bl	ADC_CountsTo_Volts
 442              	.LVL50:
 443 00c8 E860     		str	r0, [r5, #12]	@ float
 149:main.c        ****         voltiosADC[4]=ADC_CountsTo_Volts(numero[4]);
 444              		.loc 1 149 0 discriminator 1
 445 00ca 2069     		ldr	r0, [r4, #16]
 446 00cc FFF7FEFF 		bl	ADC_CountsTo_Volts
 447              	.LVL51:
 448 00d0 2861     		str	r0, [r5, #16]	@ float
 449 00d2 A7E7     		b	.L28
 450              	.L31:
 451              		.align	2
 452              	.L30:
 453 00d4 00000000 		.word	Recibir
 454 00d8 00000000 		.word	Enviar
 455 00dc 00000000 		.word	numero
 456 00e0 00000000 		.word	voltiosADC
 457              		.cfi_endproc
 458              	.LFE66:
 459              		.size	main, .-main
 460              		.global	pga
 461              		.comm	canal,4,4
 462              		.comm	recibir,1,1
 463              		.comm	publicar,12,4
 464              		.comm	voltiosADC,20,4
 465              		.global	variable
 466              		.comm	dato,4,4
 467              		.comm	numero,20,4
 468              		.data
 469              		.align	2
 470              		.set	.LANCHOR0,. + 0
 471              		.type	pga, %object
 472              		.size	pga, 4
 473              	pga:
 474 0000 01000000 		.word	1
 475              		.type	variable, %object
 476              		.size	variable, 4
 477              	variable:
 478 0004 01000000 		.word	1
ARM GAS  C:\Users\ESTEBAN\AppData\Local\Temp\cc5wXV8v.s 			page 12


 479              		.section	.rodata.str1.4,"aMS",%progbits,1
 480              		.align	2
 481              	.LC0:
 482 0000 25336463 		.ascii	"%3dcA \012 \015\000"
 482      41200A20 
 482      0D00
 483 000a 0000     		.space	2
 484              	.LC1:
 485 000c 25336463 		.ascii	"%3dcB \012 \015\000"
 485      42200A20 
 485      0D00
 486 0016 0000     		.space	2
 487              	.LC2:
 488 0018 25336463 		.ascii	"%3dcC \012 \015\000"
 488      43200A20 
 488      0D00
 489 0022 0000     		.space	2
 490              	.LC3:
 491 0024 25336463 		.ascii	"%3dcD \012 \015\000"
 491      44200A20 
 491      0D00
 492 002e 0000     		.space	2
 493              	.LC4:
 494 0030 25336463 		.ascii	"%3dcE \012 \015\000"
 494      45200A20 
 494      0D00
 495              		.text
 496              	.Letext0:
 497              		.file 2 "c:\\program files (x86)\\cypress\\psoc creator\\4.2\\psoc creator\\import\\gnu\\arm\\5.4.
 498              		.file 3 "c:\\program files (x86)\\cypress\\psoc creator\\4.2\\psoc creator\\import\\gnu\\arm\\5.4.
 499              		.file 4 "Generated_Source\\PSoC5/cytypes.h"
 500              		.file 5 "Generated_Source\\PSoC5/core_cm3.h"
 501              		.file 6 "c:\\program files (x86)\\cypress\\psoc creator\\4.2\\psoc creator\\import\\gnu\\arm\\5.4.
 502              		.file 7 "Generated_Source\\PSoC5/UART.h"
 503              		.file 8 "Generated_Source\\PSoC5/PGA.h"
 504              		.file 9 "Generated_Source\\PSoC5/PWM.h"
 505              		.file 10 "Generated_Source\\PSoC5/MUX.h"
 506              		.file 11 "Generated_Source\\PSoC5/ADC.h"
 507              		.file 12 "Generated_Source\\PSoC5/isrRX.h"
 508              		.file 13 "Generated_Source\\PSoC5/isrEnvio.h"
 509              		.section	.debug_info,"",%progbits
 510              	.Ldebug_info0:
 511 0000 8A050000 		.4byte	0x58a
 512 0004 0400     		.2byte	0x4
 513 0006 00000000 		.4byte	.Ldebug_abbrev0
 514 000a 04       		.byte	0x4
 515 000b 01       		.uleb128 0x1
 516 000c 58000000 		.4byte	.LASF44
 517 0010 0C       		.byte	0xc
 518 0011 34020000 		.4byte	.LASF45
 519 0015 B6010000 		.4byte	.LASF46
 520 0019 00000000 		.4byte	.Ldebug_ranges0+0
 521 001d 00000000 		.4byte	0
 522 0021 00000000 		.4byte	.Ldebug_line0
 523 0025 02       		.uleb128 0x2
 524 0026 01       		.byte	0x1
 525 0027 06       		.byte	0x6
ARM GAS  C:\Users\ESTEBAN\AppData\Local\Temp\cc5wXV8v.s 			page 13


 526 0028 A8020000 		.4byte	.LASF0
 527 002c 02       		.uleb128 0x2
 528 002d 01       		.byte	0x1
 529 002e 08       		.byte	0x8
 530 002f 4A000000 		.4byte	.LASF1
 531 0033 02       		.uleb128 0x2
 532 0034 02       		.byte	0x2
 533 0035 05       		.byte	0x5
 534 0036 62010000 		.4byte	.LASF2
 535 003a 02       		.uleb128 0x2
 536 003b 02       		.byte	0x2
 537 003c 07       		.byte	0x7
 538 003d 0B010000 		.4byte	.LASF3
 539 0041 03       		.uleb128 0x3
 540 0042 08000000 		.4byte	.LASF9
 541 0046 02       		.byte	0x2
 542 0047 3F       		.byte	0x3f
 543 0048 4C000000 		.4byte	0x4c
 544 004c 02       		.uleb128 0x2
 545 004d 04       		.byte	0x4
 546 004e 05       		.byte	0x5
 547 004f 8C020000 		.4byte	.LASF4
 548 0053 02       		.uleb128 0x2
 549 0054 04       		.byte	0x4
 550 0055 07       		.byte	0x7
 551 0056 50010000 		.4byte	.LASF5
 552 005a 02       		.uleb128 0x2
 553 005b 08       		.byte	0x8
 554 005c 05       		.byte	0x5
 555 005d 26020000 		.4byte	.LASF6
 556 0061 02       		.uleb128 0x2
 557 0062 08       		.byte	0x8
 558 0063 07       		.byte	0x7
 559 0064 9F010000 		.4byte	.LASF7
 560 0068 04       		.uleb128 0x4
 561 0069 04       		.byte	0x4
 562 006a 05       		.byte	0x5
 563 006b 696E7400 		.ascii	"int\000"
 564 006f 02       		.uleb128 0x2
 565 0070 04       		.byte	0x4
 566 0071 07       		.byte	0x7
 567 0072 92010000 		.4byte	.LASF8
 568 0076 03       		.uleb128 0x3
 569 0077 35000000 		.4byte	.LASF10
 570 007b 03       		.byte	0x3
 571 007c 2C       		.byte	0x2c
 572 007d 41000000 		.4byte	0x41
 573 0081 05       		.uleb128 0x5
 574 0082 77010000 		.4byte	.LASF11
 575 0086 04       		.byte	0x4
 576 0087 EA01     		.2byte	0x1ea
 577 0089 8D000000 		.4byte	0x8d
 578 008d 02       		.uleb128 0x2
 579 008e 04       		.byte	0x4
 580 008f 04       		.byte	0x4
 581 0090 3D000000 		.4byte	.LASF12
 582 0094 02       		.uleb128 0x2
ARM GAS  C:\Users\ESTEBAN\AppData\Local\Temp\cc5wXV8v.s 			page 14


 583 0095 08       		.byte	0x8
 584 0096 04       		.byte	0x4
 585 0097 2E000000 		.4byte	.LASF13
 586 009b 02       		.uleb128 0x2
 587 009c 01       		.byte	0x1
 588 009d 08       		.byte	0x8
 589 009e 3B020000 		.4byte	.LASF14
 590 00a2 02       		.uleb128 0x2
 591 00a3 08       		.byte	0x8
 592 00a4 04       		.byte	0x4
 593 00a5 FE010000 		.4byte	.LASF15
 594 00a9 02       		.uleb128 0x2
 595 00aa 04       		.byte	0x4
 596 00ab 07       		.byte	0x7
 597 00ac 0A020000 		.4byte	.LASF16
 598 00b0 06       		.uleb128 0x6
 599 00b1 43000000 		.4byte	.LASF17
 600 00b5 01       		.byte	0x1
 601 00b6 15       		.byte	0x15
 602 00b7 00000000 		.4byte	.LFB64
 603 00bb EC000000 		.4byte	.LFE64-.LFB64
 604 00bf 01       		.uleb128 0x1
 605 00c0 9C       		.byte	0x9c
 606 00c1 03020000 		.4byte	0x203
 607 00c5 07       		.uleb128 0x7
 608 00c6 16000000 		.4byte	.LVL0
 609 00ca D2040000 		.4byte	0x4d2
 610 00ce E2000000 		.4byte	0xe2
 611 00d2 08       		.uleb128 0x8
 612 00d3 01       		.uleb128 0x1
 613 00d4 50       		.byte	0x50
 614 00d5 02       		.uleb128 0x2
 615 00d6 74       		.byte	0x74
 616 00d7 00       		.sleb128 0
 617 00d8 08       		.uleb128 0x8
 618 00d9 01       		.uleb128 0x1
 619 00da 51       		.byte	0x51
 620 00db 05       		.uleb128 0x5
 621 00dc 03       		.byte	0x3
 622 00dd 00000000 		.4byte	.LC0
 623 00e1 00       		.byte	0
 624 00e2 07       		.uleb128 0x7
 625 00e3 1C000000 		.4byte	.LVL1
 626 00e7 DD040000 		.4byte	0x4dd
 627 00eb F6000000 		.4byte	0xf6
 628 00ef 08       		.uleb128 0x8
 629 00f0 01       		.uleb128 0x1
 630 00f1 50       		.byte	0x50
 631 00f2 02       		.uleb128 0x2
 632 00f3 74       		.byte	0x74
 633 00f4 00       		.sleb128 0
 634 00f5 00       		.byte	0
 635 00f6 07       		.uleb128 0x7
 636 00f7 32000000 		.4byte	.LVL2
 637 00fb D2040000 		.4byte	0x4d2
 638 00ff 13010000 		.4byte	0x113
 639 0103 08       		.uleb128 0x8
ARM GAS  C:\Users\ESTEBAN\AppData\Local\Temp\cc5wXV8v.s 			page 15


 640 0104 01       		.uleb128 0x1
 641 0105 50       		.byte	0x50
 642 0106 02       		.uleb128 0x2
 643 0107 74       		.byte	0x74
 644 0108 00       		.sleb128 0
 645 0109 08       		.uleb128 0x8
 646 010a 01       		.uleb128 0x1
 647 010b 51       		.byte	0x51
 648 010c 05       		.uleb128 0x5
 649 010d 03       		.byte	0x3
 650 010e 0C000000 		.4byte	.LC1
 651 0112 00       		.byte	0
 652 0113 07       		.uleb128 0x7
 653 0114 38000000 		.4byte	.LVL3
 654 0118 DD040000 		.4byte	0x4dd
 655 011c 27010000 		.4byte	0x127
 656 0120 08       		.uleb128 0x8
 657 0121 01       		.uleb128 0x1
 658 0122 50       		.byte	0x50
 659 0123 02       		.uleb128 0x2
 660 0124 74       		.byte	0x74
 661 0125 00       		.sleb128 0
 662 0126 00       		.byte	0
 663 0127 07       		.uleb128 0x7
 664 0128 4E000000 		.4byte	.LVL4
 665 012c D2040000 		.4byte	0x4d2
 666 0130 44010000 		.4byte	0x144
 667 0134 08       		.uleb128 0x8
 668 0135 01       		.uleb128 0x1
 669 0136 50       		.byte	0x50
 670 0137 02       		.uleb128 0x2
 671 0138 74       		.byte	0x74
 672 0139 00       		.sleb128 0
 673 013a 08       		.uleb128 0x8
 674 013b 01       		.uleb128 0x1
 675 013c 51       		.byte	0x51
 676 013d 05       		.uleb128 0x5
 677 013e 03       		.byte	0x3
 678 013f 18000000 		.4byte	.LC2
 679 0143 00       		.byte	0
 680 0144 07       		.uleb128 0x7
 681 0145 54000000 		.4byte	.LVL5
 682 0149 DD040000 		.4byte	0x4dd
 683 014d 58010000 		.4byte	0x158
 684 0151 08       		.uleb128 0x8
 685 0152 01       		.uleb128 0x1
 686 0153 50       		.byte	0x50
 687 0154 02       		.uleb128 0x2
 688 0155 74       		.byte	0x74
 689 0156 00       		.sleb128 0
 690 0157 00       		.byte	0
 691 0158 07       		.uleb128 0x7
 692 0159 6A000000 		.4byte	.LVL6
 693 015d D2040000 		.4byte	0x4d2
 694 0161 75010000 		.4byte	0x175
 695 0165 08       		.uleb128 0x8
 696 0166 01       		.uleb128 0x1
ARM GAS  C:\Users\ESTEBAN\AppData\Local\Temp\cc5wXV8v.s 			page 16


 697 0167 50       		.byte	0x50
 698 0168 02       		.uleb128 0x2
 699 0169 74       		.byte	0x74
 700 016a 00       		.sleb128 0
 701 016b 08       		.uleb128 0x8
 702 016c 01       		.uleb128 0x1
 703 016d 51       		.byte	0x51
 704 016e 05       		.uleb128 0x5
 705 016f 03       		.byte	0x3
 706 0170 24000000 		.4byte	.LC3
 707 0174 00       		.byte	0
 708 0175 07       		.uleb128 0x7
 709 0176 70000000 		.4byte	.LVL7
 710 017a DD040000 		.4byte	0x4dd
 711 017e 89010000 		.4byte	0x189
 712 0182 08       		.uleb128 0x8
 713 0183 01       		.uleb128 0x1
 714 0184 50       		.byte	0x50
 715 0185 02       		.uleb128 0x2
 716 0186 74       		.byte	0x74
 717 0187 00       		.sleb128 0
 718 0188 00       		.byte	0
 719 0189 07       		.uleb128 0x7
 720 018a 86000000 		.4byte	.LVL8
 721 018e D2040000 		.4byte	0x4d2
 722 0192 A6010000 		.4byte	0x1a6
 723 0196 08       		.uleb128 0x8
 724 0197 01       		.uleb128 0x1
 725 0198 50       		.byte	0x50
 726 0199 02       		.uleb128 0x2
 727 019a 74       		.byte	0x74
 728 019b 00       		.sleb128 0
 729 019c 08       		.uleb128 0x8
 730 019d 01       		.uleb128 0x1
 731 019e 51       		.byte	0x51
 732 019f 05       		.uleb128 0x5
 733 01a0 03       		.byte	0x3
 734 01a1 30000000 		.4byte	.LC4
 735 01a5 00       		.byte	0
 736 01a6 07       		.uleb128 0x7
 737 01a7 8C000000 		.4byte	.LVL9
 738 01ab DD040000 		.4byte	0x4dd
 739 01af BA010000 		.4byte	0x1ba
 740 01b3 08       		.uleb128 0x8
 741 01b4 01       		.uleb128 0x1
 742 01b5 50       		.byte	0x50
 743 01b6 02       		.uleb128 0x2
 744 01b7 74       		.byte	0x74
 745 01b8 00       		.sleb128 0
 746 01b9 00       		.byte	0
 747 01ba 07       		.uleb128 0x7
 748 01bb 9A000000 		.4byte	.LVL10
 749 01bf E8040000 		.4byte	0x4e8
 750 01c3 CD010000 		.4byte	0x1cd
 751 01c7 08       		.uleb128 0x8
 752 01c8 01       		.uleb128 0x1
 753 01c9 50       		.byte	0x50
ARM GAS  C:\Users\ESTEBAN\AppData\Local\Temp\cc5wXV8v.s 			page 17


 754 01ca 01       		.uleb128 0x1
 755 01cb 32       		.byte	0x32
 756 01cc 00       		.byte	0
 757 01cd 07       		.uleb128 0x7
 758 01ce A8000000 		.4byte	.LVL11
 759 01d2 E8040000 		.4byte	0x4e8
 760 01d6 E0010000 		.4byte	0x1e0
 761 01da 08       		.uleb128 0x8
 762 01db 01       		.uleb128 0x1
 763 01dc 50       		.byte	0x50
 764 01dd 01       		.uleb128 0x1
 765 01de 34       		.byte	0x34
 766 01df 00       		.byte	0
 767 01e0 07       		.uleb128 0x7
 768 01e1 B6000000 		.4byte	.LVL12
 769 01e5 E8040000 		.4byte	0x4e8
 770 01e9 F3010000 		.4byte	0x1f3
 771 01ed 08       		.uleb128 0x8
 772 01ee 01       		.uleb128 0x1
 773 01ef 50       		.byte	0x50
 774 01f0 01       		.uleb128 0x1
 775 01f1 38       		.byte	0x38
 776 01f2 00       		.byte	0
 777 01f3 09       		.uleb128 0x9
 778 01f4 C4000000 		.4byte	.LVL13
 779 01f8 E8040000 		.4byte	0x4e8
 780 01fc 08       		.uleb128 0x8
 781 01fd 01       		.uleb128 0x1
 782 01fe 50       		.byte	0x50
 783 01ff 01       		.uleb128 0x1
 784 0200 31       		.byte	0x31
 785 0201 00       		.byte	0
 786 0202 00       		.byte	0
 787 0203 06       		.uleb128 0x6
 788 0204 00000000 		.4byte	.LASF18
 789 0208 01       		.byte	0x1
 790 0209 3A       		.byte	0x3a
 791 020a 00000000 		.4byte	.LFB65
 792 020e 74000000 		.4byte	.LFE65-.LFB65
 793 0212 01       		.uleb128 0x1
 794 0213 9C       		.byte	0x9c
 795 0214 22020000 		.4byte	0x222
 796 0218 0A       		.uleb128 0xa
 797 0219 06000000 		.4byte	.LVL14
 798 021d F3040000 		.4byte	0x4f3
 799 0221 00       		.byte	0
 800 0222 0B       		.uleb128 0xb
 801 0223 F0010000 		.4byte	.LASF47
 802 0227 01       		.byte	0x1
 803 0228 66       		.byte	0x66
 804 0229 68000000 		.4byte	0x68
 805 022d 00000000 		.4byte	.LFB66
 806 0231 E4000000 		.4byte	.LFE66-.LFB66
 807 0235 01       		.uleb128 0x1
 808 0236 9C       		.byte	0x9c
 809 0237 09040000 		.4byte	0x409
 810 023b 0A       		.uleb128 0xa
ARM GAS  C:\Users\ESTEBAN\AppData\Local\Temp\cc5wXV8v.s 			page 18


 811 023c 08000000 		.4byte	.LVL15
 812 0240 FE040000 		.4byte	0x4fe
 813 0244 0A       		.uleb128 0xa
 814 0245 0C000000 		.4byte	.LVL16
 815 0249 09050000 		.4byte	0x509
 816 024d 0A       		.uleb128 0xa
 817 024e 10000000 		.4byte	.LVL17
 818 0252 14050000 		.4byte	0x514
 819 0256 0A       		.uleb128 0xa
 820 0257 14000000 		.4byte	.LVL18
 821 025b 1F050000 		.4byte	0x51f
 822 025f 0A       		.uleb128 0xa
 823 0260 18000000 		.4byte	.LVL19
 824 0264 2A050000 		.4byte	0x52a
 825 0268 07       		.uleb128 0x7
 826 0269 1E000000 		.4byte	.LVL20
 827 026d 35050000 		.4byte	0x535
 828 0271 7F020000 		.4byte	0x27f
 829 0275 08       		.uleb128 0x8
 830 0276 01       		.uleb128 0x1
 831 0277 50       		.byte	0x50
 832 0278 05       		.uleb128 0x5
 833 0279 03       		.byte	0x3
 834 027a 00000000 		.4byte	Recibir
 835 027e 00       		.byte	0
 836 027f 07       		.uleb128 0x7
 837 0280 24000000 		.4byte	.LVL21
 838 0284 40050000 		.4byte	0x540
 839 0288 96020000 		.4byte	0x296
 840 028c 08       		.uleb128 0x8
 841 028d 01       		.uleb128 0x1
 842 028e 50       		.byte	0x50
 843 028f 05       		.uleb128 0x5
 844 0290 03       		.byte	0x3
 845 0291 00000000 		.4byte	Enviar
 846 0295 00       		.byte	0
 847 0296 07       		.uleb128 0x7
 848 0297 2A000000 		.4byte	.LVL22
 849 029b 4B050000 		.4byte	0x54b
 850 029f A9020000 		.4byte	0x2a9
 851 02a3 08       		.uleb128 0x8
 852 02a4 01       		.uleb128 0x1
 853 02a5 50       		.byte	0x50
 854 02a6 01       		.uleb128 0x1
 855 02a7 30       		.byte	0x30
 856 02a8 00       		.byte	0
 857 02a9 0A       		.uleb128 0xa
 858 02aa 2E000000 		.4byte	.LVL23
 859 02ae 56050000 		.4byte	0x556
 860 02b2 07       		.uleb128 0x7
 861 02b3 34000000 		.4byte	.LVL24
 862 02b7 61050000 		.4byte	0x561
 863 02bb C5020000 		.4byte	0x2c5
 864 02bf 08       		.uleb128 0x8
 865 02c0 01       		.uleb128 0x1
 866 02c1 50       		.byte	0x50
 867 02c2 01       		.uleb128 0x1
ARM GAS  C:\Users\ESTEBAN\AppData\Local\Temp\cc5wXV8v.s 			page 19


 868 02c3 30       		.byte	0x30
 869 02c4 00       		.byte	0
 870 02c5 0A       		.uleb128 0xa
 871 02c6 38000000 		.4byte	.LVL25
 872 02ca 6C050000 		.4byte	0x56c
 873 02ce 0A       		.uleb128 0xa
 874 02cf 40000000 		.4byte	.LVL26
 875 02d3 77050000 		.4byte	0x577
 876 02d7 07       		.uleb128 0x7
 877 02d8 46000000 		.4byte	.LVL27
 878 02dc 4B050000 		.4byte	0x54b
 879 02e0 EA020000 		.4byte	0x2ea
 880 02e4 08       		.uleb128 0x8
 881 02e5 01       		.uleb128 0x1
 882 02e6 50       		.byte	0x50
 883 02e7 01       		.uleb128 0x1
 884 02e8 31       		.byte	0x31
 885 02e9 00       		.byte	0
 886 02ea 0A       		.uleb128 0xa
 887 02eb 4A000000 		.4byte	.LVL28
 888 02ef 56050000 		.4byte	0x556
 889 02f3 07       		.uleb128 0x7
 890 02f4 50000000 		.4byte	.LVL29
 891 02f8 61050000 		.4byte	0x561
 892 02fc 06030000 		.4byte	0x306
 893 0300 08       		.uleb128 0x8
 894 0301 01       		.uleb128 0x1
 895 0302 50       		.byte	0x50
 896 0303 01       		.uleb128 0x1
 897 0304 30       		.byte	0x30
 898 0305 00       		.byte	0
 899 0306 0A       		.uleb128 0xa
 900 0307 54000000 		.4byte	.LVL30
 901 030b 6C050000 		.4byte	0x56c
 902 030f 0A       		.uleb128 0xa
 903 0310 5A000000 		.4byte	.LVL31
 904 0314 77050000 		.4byte	0x577
 905 0318 07       		.uleb128 0x7
 906 0319 60000000 		.4byte	.LVL32
 907 031d 4B050000 		.4byte	0x54b
 908 0321 2B030000 		.4byte	0x32b
 909 0325 08       		.uleb128 0x8
 910 0326 01       		.uleb128 0x1
 911 0327 50       		.byte	0x50
 912 0328 01       		.uleb128 0x1
 913 0329 32       		.byte	0x32
 914 032a 00       		.byte	0
 915 032b 0A       		.uleb128 0xa
 916 032c 64000000 		.4byte	.LVL33
 917 0330 56050000 		.4byte	0x556
 918 0334 07       		.uleb128 0x7
 919 0335 6A000000 		.4byte	.LVL34
 920 0339 61050000 		.4byte	0x561
 921 033d 47030000 		.4byte	0x347
 922 0341 08       		.uleb128 0x8
 923 0342 01       		.uleb128 0x1
 924 0343 50       		.byte	0x50
ARM GAS  C:\Users\ESTEBAN\AppData\Local\Temp\cc5wXV8v.s 			page 20


 925 0344 01       		.uleb128 0x1
 926 0345 30       		.byte	0x30
 927 0346 00       		.byte	0
 928 0347 0A       		.uleb128 0xa
 929 0348 6E000000 		.4byte	.LVL35
 930 034c 6C050000 		.4byte	0x56c
 931 0350 0A       		.uleb128 0xa
 932 0351 74000000 		.4byte	.LVL36
 933 0355 77050000 		.4byte	0x577
 934 0359 07       		.uleb128 0x7
 935 035a 7A000000 		.4byte	.LVL37
 936 035e 4B050000 		.4byte	0x54b
 937 0362 6C030000 		.4byte	0x36c
 938 0366 08       		.uleb128 0x8
 939 0367 01       		.uleb128 0x1
 940 0368 50       		.byte	0x50
 941 0369 01       		.uleb128 0x1
 942 036a 33       		.byte	0x33
 943 036b 00       		.byte	0
 944 036c 0A       		.uleb128 0xa
 945 036d 7E000000 		.4byte	.LVL38
 946 0371 56050000 		.4byte	0x556
 947 0375 07       		.uleb128 0x7
 948 0376 84000000 		.4byte	.LVL39
 949 037a 61050000 		.4byte	0x561
 950 037e 88030000 		.4byte	0x388
 951 0382 08       		.uleb128 0x8
 952 0383 01       		.uleb128 0x1
 953 0384 50       		.byte	0x50
 954 0385 01       		.uleb128 0x1
 955 0386 30       		.byte	0x30
 956 0387 00       		.byte	0
 957 0388 0A       		.uleb128 0xa
 958 0389 88000000 		.4byte	.LVL40
 959 038d 6C050000 		.4byte	0x56c
 960 0391 0A       		.uleb128 0xa
 961 0392 8E000000 		.4byte	.LVL41
 962 0396 77050000 		.4byte	0x577
 963 039a 07       		.uleb128 0x7
 964 039b 94000000 		.4byte	.LVL42
 965 039f 4B050000 		.4byte	0x54b
 966 03a3 AD030000 		.4byte	0x3ad
 967 03a7 08       		.uleb128 0x8
 968 03a8 01       		.uleb128 0x1
 969 03a9 50       		.byte	0x50
 970 03aa 01       		.uleb128 0x1
 971 03ab 34       		.byte	0x34
 972 03ac 00       		.byte	0
 973 03ad 0A       		.uleb128 0xa
 974 03ae 98000000 		.4byte	.LVL43
 975 03b2 56050000 		.4byte	0x556
 976 03b6 07       		.uleb128 0x7
 977 03b7 9E000000 		.4byte	.LVL44
 978 03bb 61050000 		.4byte	0x561
 979 03bf C9030000 		.4byte	0x3c9
 980 03c3 08       		.uleb128 0x8
 981 03c4 01       		.uleb128 0x1
ARM GAS  C:\Users\ESTEBAN\AppData\Local\Temp\cc5wXV8v.s 			page 21


 982 03c5 50       		.byte	0x50
 983 03c6 01       		.uleb128 0x1
 984 03c7 30       		.byte	0x30
 985 03c8 00       		.byte	0
 986 03c9 0A       		.uleb128 0xa
 987 03ca A2000000 		.4byte	.LVL45
 988 03ce 6C050000 		.4byte	0x56c
 989 03d2 0A       		.uleb128 0xa
 990 03d3 A8000000 		.4byte	.LVL46
 991 03d7 77050000 		.4byte	0x577
 992 03db 0A       		.uleb128 0xa
 993 03dc AE000000 		.4byte	.LVL47
 994 03e0 82050000 		.4byte	0x582
 995 03e4 0A       		.uleb128 0xa
 996 03e5 B8000000 		.4byte	.LVL48
 997 03e9 82050000 		.4byte	0x582
 998 03ed 0A       		.uleb128 0xa
 999 03ee C0000000 		.4byte	.LVL49
 1000 03f2 82050000 		.4byte	0x582
 1001 03f6 0A       		.uleb128 0xa
 1002 03f7 C8000000 		.4byte	.LVL50
 1003 03fb 82050000 		.4byte	0x582
 1004 03ff 0A       		.uleb128 0xa
 1005 0400 D0000000 		.4byte	.LVL51
 1006 0404 82050000 		.4byte	0x582
 1007 0408 00       		.byte	0
 1008 0409 0C       		.uleb128 0xc
 1009 040a 33010000 		.4byte	.LASF19
 1010 040e 05       		.byte	0x5
 1011 040f 1207     		.2byte	0x712
 1012 0411 15040000 		.4byte	0x415
 1013 0415 0D       		.uleb128 0xd
 1014 0416 76000000 		.4byte	0x76
 1015 041a 0E       		.uleb128 0xe
 1016 041b 68000000 		.4byte	0x68
 1017 041f 2A040000 		.4byte	0x42a
 1018 0423 0F       		.uleb128 0xf
 1019 0424 A9000000 		.4byte	0xa9
 1020 0428 04       		.byte	0x4
 1021 0429 00       		.byte	0
 1022 042a 10       		.uleb128 0x10
 1023 042b 8B010000 		.4byte	.LASF20
 1024 042f 01       		.byte	0x1
 1025 0430 0F       		.byte	0xf
 1026 0431 1A040000 		.4byte	0x41a
 1027 0435 05       		.uleb128 0x5
 1028 0436 03       		.byte	0x3
 1029 0437 00000000 		.4byte	numero
 1030 043b 10       		.uleb128 0x10
 1031 043c 1E010000 		.4byte	.LASF21
 1032 0440 01       		.byte	0x1
 1033 0441 0F       		.byte	0xf
 1034 0442 68000000 		.4byte	0x68
 1035 0446 05       		.uleb128 0x5
 1036 0447 03       		.byte	0x3
 1037 0448 00000000 		.4byte	dato
 1038 044c 10       		.uleb128 0x10
ARM GAS  C:\Users\ESTEBAN\AppData\Local\Temp\cc5wXV8v.s 			page 22


 1039 044d 95020000 		.4byte	.LASF22
 1040 0451 01       		.byte	0x1
 1041 0452 0F       		.byte	0xf
 1042 0453 68000000 		.4byte	0x68
 1043 0457 05       		.uleb128 0x5
 1044 0458 03       		.byte	0x3
 1045 0459 00000000 		.4byte	variable
 1046 045d 0E       		.uleb128 0xe
 1047 045e 81000000 		.4byte	0x81
 1048 0462 6D040000 		.4byte	0x46d
 1049 0466 0F       		.uleb128 0xf
 1050 0467 A9000000 		.4byte	0xa9
 1051 046b 04       		.byte	0x4
 1052 046c 00       		.byte	0
 1053 046d 10       		.uleb128 0x10
 1054 046e 6C010000 		.4byte	.LASF23
 1055 0472 01       		.byte	0x1
 1056 0473 10       		.byte	0x10
 1057 0474 5D040000 		.4byte	0x45d
 1058 0478 05       		.uleb128 0x5
 1059 0479 03       		.byte	0x3
 1060 047a 00000000 		.4byte	voltiosADC
 1061 047e 0E       		.uleb128 0xe
 1062 047f 9B000000 		.4byte	0x9b
 1063 0483 8E040000 		.4byte	0x48e
 1064 0487 0F       		.uleb128 0xf
 1065 0488 A9000000 		.4byte	0xa9
 1066 048c 0B       		.byte	0xb
 1067 048d 00       		.byte	0
 1068 048e 10       		.uleb128 0x10
 1069 048f F5010000 		.4byte	.LASF24
 1070 0493 01       		.byte	0x1
 1071 0494 11       		.byte	0x11
 1072 0495 7E040000 		.4byte	0x47e
 1073 0499 05       		.uleb128 0x5
 1074 049a 03       		.byte	0x3
 1075 049b 00000000 		.4byte	publicar
 1076 049f 10       		.uleb128 0x10
 1077 04a0 6B020000 		.4byte	.LASF25
 1078 04a4 01       		.byte	0x1
 1079 04a5 13       		.byte	0x13
 1080 04a6 9B000000 		.4byte	0x9b
 1081 04aa 05       		.uleb128 0x5
 1082 04ab 03       		.byte	0x3
 1083 04ac 00000000 		.4byte	recibir
 1084 04b0 10       		.uleb128 0x10
 1085 04b1 57020000 		.4byte	.LASF26
 1086 04b5 01       		.byte	0x1
 1087 04b6 14       		.byte	0x14
 1088 04b7 68000000 		.4byte	0x68
 1089 04bb 05       		.uleb128 0x5
 1090 04bc 03       		.byte	0x3
 1091 04bd 00000000 		.4byte	canal
 1092 04c1 11       		.uleb128 0x11
 1093 04c2 70676100 		.ascii	"pga\000"
 1094 04c6 01       		.byte	0x1
 1095 04c7 14       		.byte	0x14
ARM GAS  C:\Users\ESTEBAN\AppData\Local\Temp\cc5wXV8v.s 			page 23


 1096 04c8 68000000 		.4byte	0x68
 1097 04cc 05       		.uleb128 0x5
 1098 04cd 03       		.byte	0x3
 1099 04ce 00000000 		.4byte	pga
 1100 04d2 12       		.uleb128 0x12
 1101 04d3 C3020000 		.4byte	.LASF27
 1102 04d7 C3020000 		.4byte	.LASF27
 1103 04db 06       		.byte	0x6
 1104 04dc E7       		.byte	0xe7
 1105 04dd 12       		.uleb128 0x12
 1106 04de B4020000 		.4byte	.LASF28
 1107 04e2 B4020000 		.4byte	.LASF28
 1108 04e6 07       		.byte	0x7
 1109 04e7 8B       		.byte	0x8b
 1110 04e8 12       		.uleb128 0x12
 1111 04e9 7F010000 		.4byte	.LASF29
 1112 04ed 7F010000 		.4byte	.LASF29
 1113 04f1 08       		.byte	0x8
 1114 04f2 41       		.byte	0x41
 1115 04f3 12       		.uleb128 0x12
 1116 04f4 40020000 		.4byte	.LASF30
 1117 04f8 40020000 		.4byte	.LASF30
 1118 04fc 07       		.byte	0x7
 1119 04fd 71       		.byte	0x71
 1120 04fe 12       		.uleb128 0x12
 1121 04ff 73020000 		.4byte	.LASF31
 1122 0503 73020000 		.4byte	.LASF31
 1123 0507 09       		.byte	0x9
 1124 0508 92       		.byte	0x92
 1125 0509 12       		.uleb128 0x12
 1126 050a 4D020000 		.4byte	.LASF32
 1127 050e 4D020000 		.4byte	.LASF32
 1128 0512 0A       		.byte	0xa
 1129 0513 25       		.byte	0x25
 1130 0514 12       		.uleb128 0x12
 1131 0515 12000000 		.4byte	.LASF33
 1132 0519 12000000 		.4byte	.LASF33
 1133 051d 07       		.byte	0x7
 1134 051e 54       		.byte	0x54
 1135 051f 12       		.uleb128 0x12
 1136 0520 E6010000 		.4byte	.LASF34
 1137 0524 E6010000 		.4byte	.LASF34
 1138 0528 0B       		.byte	0xb
 1139 0529 3A       		.byte	0x3a
 1140 052a 12       		.uleb128 0x12
 1141 052b 9E020000 		.4byte	.LASF35
 1142 052f 9E020000 		.4byte	.LASF35
 1143 0533 08       		.byte	0x8
 1144 0534 3E       		.byte	0x3e
 1145 0535 12       		.uleb128 0x12
 1146 0536 5D020000 		.4byte	.LASF36
 1147 053a 5D020000 		.4byte	.LASF36
 1148 053e 0C       		.byte	0xc
 1149 053f 18       		.byte	0x18
 1150 0540 12       		.uleb128 0x12
 1151 0541 1D000000 		.4byte	.LASF37
 1152 0545 1D000000 		.4byte	.LASF37
ARM GAS  C:\Users\ESTEBAN\AppData\Local\Temp\cc5wXV8v.s 			page 24


 1153 0549 0D       		.byte	0xd
 1154 054a 18       		.byte	0x18
 1155 054b 12       		.uleb128 0x12
 1156 054c 7D020000 		.4byte	.LASF38
 1157 0550 7D020000 		.4byte	.LASF38
 1158 0554 0A       		.byte	0xa
 1159 0555 27       		.byte	0x27
 1160 0556 12       		.uleb128 0x12
 1161 0557 E6000000 		.4byte	.LASF39
 1162 055b E6000000 		.4byte	.LASF39
 1163 055f 0B       		.byte	0xb
 1164 0560 3D       		.byte	0x3d
 1165 0561 12       		.uleb128 0x12
 1166 0562 F7000000 		.4byte	.LASF40
 1167 0566 F7000000 		.4byte	.LASF40
 1168 056a 0B       		.byte	0xb
 1169 056b 3F       		.byte	0x3f
 1170 056c 12       		.uleb128 0x12
 1171 056d 40010000 		.4byte	.LASF41
 1172 0571 40010000 		.4byte	.LASF41
 1173 0575 0B       		.byte	0xb
 1174 0576 42       		.byte	0x42
 1175 0577 12       		.uleb128 0x12
 1176 0578 23010000 		.4byte	.LASF42
 1177 057c 23010000 		.4byte	.LASF42
 1178 0580 0B       		.byte	0xb
 1179 0581 3E       		.byte	0x3e
 1180 0582 12       		.uleb128 0x12
 1181 0583 13020000 		.4byte	.LASF43
 1182 0587 13020000 		.4byte	.LASF43
 1183 058b 0B       		.byte	0xb
 1184 058c 49       		.byte	0x49
 1185 058d 00       		.byte	0
 1186              		.section	.debug_abbrev,"",%progbits
 1187              	.Ldebug_abbrev0:
 1188 0000 01       		.uleb128 0x1
 1189 0001 11       		.uleb128 0x11
 1190 0002 01       		.byte	0x1
 1191 0003 25       		.uleb128 0x25
 1192 0004 0E       		.uleb128 0xe
 1193 0005 13       		.uleb128 0x13
 1194 0006 0B       		.uleb128 0xb
 1195 0007 03       		.uleb128 0x3
 1196 0008 0E       		.uleb128 0xe
 1197 0009 1B       		.uleb128 0x1b
 1198 000a 0E       		.uleb128 0xe
 1199 000b 55       		.uleb128 0x55
 1200 000c 17       		.uleb128 0x17
 1201 000d 11       		.uleb128 0x11
 1202 000e 01       		.uleb128 0x1
 1203 000f 10       		.uleb128 0x10
 1204 0010 17       		.uleb128 0x17
 1205 0011 00       		.byte	0
 1206 0012 00       		.byte	0
 1207 0013 02       		.uleb128 0x2
 1208 0014 24       		.uleb128 0x24
 1209 0015 00       		.byte	0
ARM GAS  C:\Users\ESTEBAN\AppData\Local\Temp\cc5wXV8v.s 			page 25


 1210 0016 0B       		.uleb128 0xb
 1211 0017 0B       		.uleb128 0xb
 1212 0018 3E       		.uleb128 0x3e
 1213 0019 0B       		.uleb128 0xb
 1214 001a 03       		.uleb128 0x3
 1215 001b 0E       		.uleb128 0xe
 1216 001c 00       		.byte	0
 1217 001d 00       		.byte	0
 1218 001e 03       		.uleb128 0x3
 1219 001f 16       		.uleb128 0x16
 1220 0020 00       		.byte	0
 1221 0021 03       		.uleb128 0x3
 1222 0022 0E       		.uleb128 0xe
 1223 0023 3A       		.uleb128 0x3a
 1224 0024 0B       		.uleb128 0xb
 1225 0025 3B       		.uleb128 0x3b
 1226 0026 0B       		.uleb128 0xb
 1227 0027 49       		.uleb128 0x49
 1228 0028 13       		.uleb128 0x13
 1229 0029 00       		.byte	0
 1230 002a 00       		.byte	0
 1231 002b 04       		.uleb128 0x4
 1232 002c 24       		.uleb128 0x24
 1233 002d 00       		.byte	0
 1234 002e 0B       		.uleb128 0xb
 1235 002f 0B       		.uleb128 0xb
 1236 0030 3E       		.uleb128 0x3e
 1237 0031 0B       		.uleb128 0xb
 1238 0032 03       		.uleb128 0x3
 1239 0033 08       		.uleb128 0x8
 1240 0034 00       		.byte	0
 1241 0035 00       		.byte	0
 1242 0036 05       		.uleb128 0x5
 1243 0037 16       		.uleb128 0x16
 1244 0038 00       		.byte	0
 1245 0039 03       		.uleb128 0x3
 1246 003a 0E       		.uleb128 0xe
 1247 003b 3A       		.uleb128 0x3a
 1248 003c 0B       		.uleb128 0xb
 1249 003d 3B       		.uleb128 0x3b
 1250 003e 05       		.uleb128 0x5
 1251 003f 49       		.uleb128 0x49
 1252 0040 13       		.uleb128 0x13
 1253 0041 00       		.byte	0
 1254 0042 00       		.byte	0
 1255 0043 06       		.uleb128 0x6
 1256 0044 2E       		.uleb128 0x2e
 1257 0045 01       		.byte	0x1
 1258 0046 3F       		.uleb128 0x3f
 1259 0047 19       		.uleb128 0x19
 1260 0048 03       		.uleb128 0x3
 1261 0049 0E       		.uleb128 0xe
 1262 004a 3A       		.uleb128 0x3a
 1263 004b 0B       		.uleb128 0xb
 1264 004c 3B       		.uleb128 0x3b
 1265 004d 0B       		.uleb128 0xb
 1266 004e 27       		.uleb128 0x27
ARM GAS  C:\Users\ESTEBAN\AppData\Local\Temp\cc5wXV8v.s 			page 26


 1267 004f 19       		.uleb128 0x19
 1268 0050 11       		.uleb128 0x11
 1269 0051 01       		.uleb128 0x1
 1270 0052 12       		.uleb128 0x12
 1271 0053 06       		.uleb128 0x6
 1272 0054 40       		.uleb128 0x40
 1273 0055 18       		.uleb128 0x18
 1274 0056 9742     		.uleb128 0x2117
 1275 0058 19       		.uleb128 0x19
 1276 0059 01       		.uleb128 0x1
 1277 005a 13       		.uleb128 0x13
 1278 005b 00       		.byte	0
 1279 005c 00       		.byte	0
 1280 005d 07       		.uleb128 0x7
 1281 005e 898201   		.uleb128 0x4109
 1282 0061 01       		.byte	0x1
 1283 0062 11       		.uleb128 0x11
 1284 0063 01       		.uleb128 0x1
 1285 0064 31       		.uleb128 0x31
 1286 0065 13       		.uleb128 0x13
 1287 0066 01       		.uleb128 0x1
 1288 0067 13       		.uleb128 0x13
 1289 0068 00       		.byte	0
 1290 0069 00       		.byte	0
 1291 006a 08       		.uleb128 0x8
 1292 006b 8A8201   		.uleb128 0x410a
 1293 006e 00       		.byte	0
 1294 006f 02       		.uleb128 0x2
 1295 0070 18       		.uleb128 0x18
 1296 0071 9142     		.uleb128 0x2111
 1297 0073 18       		.uleb128 0x18
 1298 0074 00       		.byte	0
 1299 0075 00       		.byte	0
 1300 0076 09       		.uleb128 0x9
 1301 0077 898201   		.uleb128 0x4109
 1302 007a 01       		.byte	0x1
 1303 007b 11       		.uleb128 0x11
 1304 007c 01       		.uleb128 0x1
 1305 007d 31       		.uleb128 0x31
 1306 007e 13       		.uleb128 0x13
 1307 007f 00       		.byte	0
 1308 0080 00       		.byte	0
 1309 0081 0A       		.uleb128 0xa
 1310 0082 898201   		.uleb128 0x4109
 1311 0085 00       		.byte	0
 1312 0086 11       		.uleb128 0x11
 1313 0087 01       		.uleb128 0x1
 1314 0088 31       		.uleb128 0x31
 1315 0089 13       		.uleb128 0x13
 1316 008a 00       		.byte	0
 1317 008b 00       		.byte	0
 1318 008c 0B       		.uleb128 0xb
 1319 008d 2E       		.uleb128 0x2e
 1320 008e 01       		.byte	0x1
 1321 008f 3F       		.uleb128 0x3f
 1322 0090 19       		.uleb128 0x19
 1323 0091 03       		.uleb128 0x3
ARM GAS  C:\Users\ESTEBAN\AppData\Local\Temp\cc5wXV8v.s 			page 27


 1324 0092 0E       		.uleb128 0xe
 1325 0093 3A       		.uleb128 0x3a
 1326 0094 0B       		.uleb128 0xb
 1327 0095 3B       		.uleb128 0x3b
 1328 0096 0B       		.uleb128 0xb
 1329 0097 27       		.uleb128 0x27
 1330 0098 19       		.uleb128 0x19
 1331 0099 49       		.uleb128 0x49
 1332 009a 13       		.uleb128 0x13
 1333 009b 8701     		.uleb128 0x87
 1334 009d 19       		.uleb128 0x19
 1335 009e 11       		.uleb128 0x11
 1336 009f 01       		.uleb128 0x1
 1337 00a0 12       		.uleb128 0x12
 1338 00a1 06       		.uleb128 0x6
 1339 00a2 40       		.uleb128 0x40
 1340 00a3 18       		.uleb128 0x18
 1341 00a4 9742     		.uleb128 0x2117
 1342 00a6 19       		.uleb128 0x19
 1343 00a7 01       		.uleb128 0x1
 1344 00a8 13       		.uleb128 0x13
 1345 00a9 00       		.byte	0
 1346 00aa 00       		.byte	0
 1347 00ab 0C       		.uleb128 0xc
 1348 00ac 34       		.uleb128 0x34
 1349 00ad 00       		.byte	0
 1350 00ae 03       		.uleb128 0x3
 1351 00af 0E       		.uleb128 0xe
 1352 00b0 3A       		.uleb128 0x3a
 1353 00b1 0B       		.uleb128 0xb
 1354 00b2 3B       		.uleb128 0x3b
 1355 00b3 05       		.uleb128 0x5
 1356 00b4 49       		.uleb128 0x49
 1357 00b5 13       		.uleb128 0x13
 1358 00b6 3F       		.uleb128 0x3f
 1359 00b7 19       		.uleb128 0x19
 1360 00b8 3C       		.uleb128 0x3c
 1361 00b9 19       		.uleb128 0x19
 1362 00ba 00       		.byte	0
 1363 00bb 00       		.byte	0
 1364 00bc 0D       		.uleb128 0xd
 1365 00bd 35       		.uleb128 0x35
 1366 00be 00       		.byte	0
 1367 00bf 49       		.uleb128 0x49
 1368 00c0 13       		.uleb128 0x13
 1369 00c1 00       		.byte	0
 1370 00c2 00       		.byte	0
 1371 00c3 0E       		.uleb128 0xe
 1372 00c4 01       		.uleb128 0x1
 1373 00c5 01       		.byte	0x1
 1374 00c6 49       		.uleb128 0x49
 1375 00c7 13       		.uleb128 0x13
 1376 00c8 01       		.uleb128 0x1
 1377 00c9 13       		.uleb128 0x13
 1378 00ca 00       		.byte	0
 1379 00cb 00       		.byte	0
 1380 00cc 0F       		.uleb128 0xf
ARM GAS  C:\Users\ESTEBAN\AppData\Local\Temp\cc5wXV8v.s 			page 28


 1381 00cd 21       		.uleb128 0x21
 1382 00ce 00       		.byte	0
 1383 00cf 49       		.uleb128 0x49
 1384 00d0 13       		.uleb128 0x13
 1385 00d1 2F       		.uleb128 0x2f
 1386 00d2 0B       		.uleb128 0xb
 1387 00d3 00       		.byte	0
 1388 00d4 00       		.byte	0
 1389 00d5 10       		.uleb128 0x10
 1390 00d6 34       		.uleb128 0x34
 1391 00d7 00       		.byte	0
 1392 00d8 03       		.uleb128 0x3
 1393 00d9 0E       		.uleb128 0xe
 1394 00da 3A       		.uleb128 0x3a
 1395 00db 0B       		.uleb128 0xb
 1396 00dc 3B       		.uleb128 0x3b
 1397 00dd 0B       		.uleb128 0xb
 1398 00de 49       		.uleb128 0x49
 1399 00df 13       		.uleb128 0x13
 1400 00e0 3F       		.uleb128 0x3f
 1401 00e1 19       		.uleb128 0x19
 1402 00e2 02       		.uleb128 0x2
 1403 00e3 18       		.uleb128 0x18
 1404 00e4 00       		.byte	0
 1405 00e5 00       		.byte	0
 1406 00e6 11       		.uleb128 0x11
 1407 00e7 34       		.uleb128 0x34
 1408 00e8 00       		.byte	0
 1409 00e9 03       		.uleb128 0x3
 1410 00ea 08       		.uleb128 0x8
 1411 00eb 3A       		.uleb128 0x3a
 1412 00ec 0B       		.uleb128 0xb
 1413 00ed 3B       		.uleb128 0x3b
 1414 00ee 0B       		.uleb128 0xb
 1415 00ef 49       		.uleb128 0x49
 1416 00f0 13       		.uleb128 0x13
 1417 00f1 3F       		.uleb128 0x3f
 1418 00f2 19       		.uleb128 0x19
 1419 00f3 02       		.uleb128 0x2
 1420 00f4 18       		.uleb128 0x18
 1421 00f5 00       		.byte	0
 1422 00f6 00       		.byte	0
 1423 00f7 12       		.uleb128 0x12
 1424 00f8 2E       		.uleb128 0x2e
 1425 00f9 00       		.byte	0
 1426 00fa 3F       		.uleb128 0x3f
 1427 00fb 19       		.uleb128 0x19
 1428 00fc 3C       		.uleb128 0x3c
 1429 00fd 19       		.uleb128 0x19
 1430 00fe 6E       		.uleb128 0x6e
 1431 00ff 0E       		.uleb128 0xe
 1432 0100 03       		.uleb128 0x3
 1433 0101 0E       		.uleb128 0xe
 1434 0102 3A       		.uleb128 0x3a
 1435 0103 0B       		.uleb128 0xb
 1436 0104 3B       		.uleb128 0x3b
 1437 0105 0B       		.uleb128 0xb
ARM GAS  C:\Users\ESTEBAN\AppData\Local\Temp\cc5wXV8v.s 			page 29


 1438 0106 00       		.byte	0
 1439 0107 00       		.byte	0
 1440 0108 00       		.byte	0
 1441              		.section	.debug_aranges,"",%progbits
 1442 0000 2C000000 		.4byte	0x2c
 1443 0004 0200     		.2byte	0x2
 1444 0006 00000000 		.4byte	.Ldebug_info0
 1445 000a 04       		.byte	0x4
 1446 000b 00       		.byte	0
 1447 000c 0000     		.2byte	0
 1448 000e 0000     		.2byte	0
 1449 0010 00000000 		.4byte	.LFB64
 1450 0014 EC000000 		.4byte	.LFE64-.LFB64
 1451 0018 00000000 		.4byte	.LFB65
 1452 001c 74000000 		.4byte	.LFE65-.LFB65
 1453 0020 00000000 		.4byte	.LFB66
 1454 0024 E4000000 		.4byte	.LFE66-.LFB66
 1455 0028 00000000 		.4byte	0
 1456 002c 00000000 		.4byte	0
 1457              		.section	.debug_ranges,"",%progbits
 1458              	.Ldebug_ranges0:
 1459 0000 00000000 		.4byte	.LFB64
 1460 0004 EC000000 		.4byte	.LFE64
 1461 0008 00000000 		.4byte	.LFB65
 1462 000c 74000000 		.4byte	.LFE65
 1463 0010 00000000 		.4byte	.LFB66
 1464 0014 E4000000 		.4byte	.LFE66
 1465 0018 00000000 		.4byte	0
 1466 001c 00000000 		.4byte	0
 1467              		.section	.debug_line,"",%progbits
 1468              	.Ldebug_line0:
 1469 0000 02030000 		.section	.debug_str,"MS",%progbits,1
 1469      02000602 
 1469      00000201 
 1469      FB0E0D00 
 1469      01010101 
 1470              	.LASF18:
 1471 0000 52656369 		.ascii	"Recibir\000"
 1471      62697200 
 1472              	.LASF9:
 1473 0008 5F5F696E 		.ascii	"__int32_t\000"
 1473      7433325F 
 1473      7400
 1474              	.LASF33:
 1475 0012 55415254 		.ascii	"UART_Start\000"
 1475      5F537461 
 1475      727400
 1476              	.LASF37:
 1477 001d 69737245 		.ascii	"isrEnvio_StartEx\000"
 1477      6E76696F 
 1477      5F537461 
 1477      72744578 
 1477      00
 1478              	.LASF13:
 1479 002e 646F7562 		.ascii	"double\000"
 1479      6C6500
 1480              	.LASF10:
ARM GAS  C:\Users\ESTEBAN\AppData\Local\Temp\cc5wXV8v.s 			page 30


 1481 0035 696E7433 		.ascii	"int32_t\000"
 1481      325F7400 
 1482              	.LASF12:
 1483 003d 666C6F61 		.ascii	"float\000"
 1483      7400
 1484              	.LASF17:
 1485 0043 456E7669 		.ascii	"Enviar\000"
 1485      617200
 1486              	.LASF1:
 1487 004a 756E7369 		.ascii	"unsigned char\000"
 1487      676E6564 
 1487      20636861 
 1487      7200
 1488              	.LASF44:
 1489 0058 474E5520 		.ascii	"GNU C11 5.4.1 20160609 (release) [ARM/embedded-5-br"
 1489      43313120 
 1489      352E342E 
 1489      31203230 
 1489      31363036 
 1490 008b 616E6368 		.ascii	"anch revision 237715] -mcpu=cortex-m3 -mthumb -g -O"
 1490      20726576 
 1490      6973696F 
 1490      6E203233 
 1490      37373135 
 1491 00be 67202D66 		.ascii	"g -ffunction-sections -ffat-lto-objects\000"
 1491      66756E63 
 1491      74696F6E 
 1491      2D736563 
 1491      74696F6E 
 1492              	.LASF39:
 1493 00e6 4144435F 		.ascii	"ADC_StartConvert\000"
 1493      53746172 
 1493      74436F6E 
 1493      76657274 
 1493      00
 1494              	.LASF40:
 1495 00f7 4144435F 		.ascii	"ADC_IsEndConversion\000"
 1495      4973456E 
 1495      64436F6E 
 1495      76657273 
 1495      696F6E00 
 1496              	.LASF3:
 1497 010b 73686F72 		.ascii	"short unsigned int\000"
 1497      7420756E 
 1497      7369676E 
 1497      65642069 
 1497      6E7400
 1498              	.LASF21:
 1499 011e 6461746F 		.ascii	"dato\000"
 1499      00
 1500              	.LASF42:
 1501 0123 4144435F 		.ascii	"ADC_StopConvert\000"
 1501      53746F70 
 1501      436F6E76 
 1501      65727400 
 1502              	.LASF19:
 1503 0133 49544D5F 		.ascii	"ITM_RxBuffer\000"
ARM GAS  C:\Users\ESTEBAN\AppData\Local\Temp\cc5wXV8v.s 			page 31


 1503      52784275 
 1503      66666572 
 1503      00
 1504              	.LASF41:
 1505 0140 4144435F 		.ascii	"ADC_GetResult32\000"
 1505      47657452 
 1505      6573756C 
 1505      74333200 
 1506              	.LASF5:
 1507 0150 6C6F6E67 		.ascii	"long unsigned int\000"
 1507      20756E73 
 1507      69676E65 
 1507      6420696E 
 1507      7400
 1508              	.LASF2:
 1509 0162 73686F72 		.ascii	"short int\000"
 1509      7420696E 
 1509      7400
 1510              	.LASF23:
 1511 016c 766F6C74 		.ascii	"voltiosADC\000"
 1511      696F7341 
 1511      444300
 1512              	.LASF11:
 1513 0177 666C6F61 		.ascii	"float32\000"
 1513      74333200 
 1514              	.LASF29:
 1515 017f 5047415F 		.ascii	"PGA_SetGain\000"
 1515      53657447 
 1515      61696E00 
 1516              	.LASF20:
 1517 018b 6E756D65 		.ascii	"numero\000"
 1517      726F00
 1518              	.LASF8:
 1519 0192 756E7369 		.ascii	"unsigned int\000"
 1519      676E6564 
 1519      20696E74 
 1519      00
 1520              	.LASF7:
 1521 019f 6C6F6E67 		.ascii	"long long unsigned int\000"
 1521      206C6F6E 
 1521      6720756E 
 1521      7369676E 
 1521      65642069 
 1522              	.LASF46:
 1523 01b6 463A5C50 		.ascii	"F:\\Psoc\\el original\\ADC+UART+MUX\\Design01.cydsn"
 1523      736F635C 
 1523      656C206F 
 1523      72696769 
 1523      6E616C5C 
 1524 01e5 00       		.ascii	"\000"
 1525              	.LASF34:
 1526 01e6 4144435F 		.ascii	"ADC_Start\000"
 1526      53746172 
 1526      7400
 1527              	.LASF47:
 1528 01f0 6D61696E 		.ascii	"main\000"
 1528      00
ARM GAS  C:\Users\ESTEBAN\AppData\Local\Temp\cc5wXV8v.s 			page 32


 1529              	.LASF24:
 1530 01f5 7075626C 		.ascii	"publicar\000"
 1530      69636172 
 1530      00
 1531              	.LASF15:
 1532 01fe 6C6F6E67 		.ascii	"long double\000"
 1532      20646F75 
 1532      626C6500 
 1533              	.LASF16:
 1534 020a 73697A65 		.ascii	"sizetype\000"
 1534      74797065 
 1534      00
 1535              	.LASF43:
 1536 0213 4144435F 		.ascii	"ADC_CountsTo_Volts\000"
 1536      436F756E 
 1536      7473546F 
 1536      5F566F6C 
 1536      747300
 1537              	.LASF6:
 1538 0226 6C6F6E67 		.ascii	"long long int\000"
 1538      206C6F6E 
 1538      6720696E 
 1538      7400
 1539              	.LASF45:
 1540 0234 6D61696E 		.ascii	"main.c\000"
 1540      2E6300
 1541              	.LASF14:
 1542 023b 63686172 		.ascii	"char\000"
 1542      00
 1543              	.LASF30:
 1544 0240 55415254 		.ascii	"UART_GetChar\000"
 1544      5F476574 
 1544      43686172 
 1544      00
 1545              	.LASF32:
 1546 024d 4D55585F 		.ascii	"MUX_Start\000"
 1546      53746172 
 1546      7400
 1547              	.LASF26:
 1548 0257 63616E61 		.ascii	"canal\000"
 1548      6C00
 1549              	.LASF36:
 1550 025d 69737252 		.ascii	"isrRX_StartEx\000"
 1550      585F5374 
 1550      61727445 
 1550      7800
 1551              	.LASF25:
 1552 026b 72656369 		.ascii	"recibir\000"
 1552      62697200 
 1553              	.LASF31:
 1554 0273 50574D5F 		.ascii	"PWM_Start\000"
 1554      53746172 
 1554      7400
 1555              	.LASF38:
 1556 027d 4D55585F 		.ascii	"MUX_FastSelect\000"
 1556      46617374 
 1556      53656C65 
ARM GAS  C:\Users\ESTEBAN\AppData\Local\Temp\cc5wXV8v.s 			page 33


 1556      637400
 1557              	.LASF4:
 1558 028c 6C6F6E67 		.ascii	"long int\000"
 1558      20696E74 
 1558      00
 1559              	.LASF22:
 1560 0295 76617269 		.ascii	"variable\000"
 1560      61626C65 
 1560      00
 1561              	.LASF35:
 1562 029e 5047415F 		.ascii	"PGA_Start\000"
 1562      53746172 
 1562      7400
 1563              	.LASF0:
 1564 02a8 7369676E 		.ascii	"signed char\000"
 1564      65642063 
 1564      68617200 
 1565              	.LASF28:
 1566 02b4 55415254 		.ascii	"UART_PutString\000"
 1566      5F507574 
 1566      53747269 
 1566      6E6700
 1567              	.LASF27:
 1568 02c3 73707269 		.ascii	"sprintf\000"
 1568      6E746600 
 1569              		.ident	"GCC: (GNU Tools for ARM Embedded Processors) 5.4.1 20160609 (release) [ARM/embedded-5-bran
