
ROM used:   28/32768 (0%)
            28/32768 (0%) including unused fragments

            0.0 Average locations per line
            9.3 Average locations per statement

RAM used:   4/2048 (0%) at main() level
            4/2048 (0%) worst case

Stack used: 0 worst case (0 in main + 0 for interrupts)
Stack size: 31

Lines Stmts  %   Files
----- ----- ---  -----
   14     3 100  led.c
  837     0   0  C:\Program Files (x86)\PICC\Devices\18f4550.H
----- -----
  851     3 Total

Page ROM  %  RAM   Vol Diff  Functions:
---- --- --- ---   --- ----  ----------
0     24  43    0    37  1.3  main
 Inline         0             @cinit1

Program metrics:
    Functions               1
    Statements              3
    Comments                151
    Volume (V)              38
    Difficulty (D)          1.1
    Effort to implement (E) 43
    Time to implement (T)   0 minutes
    Est Delivered Bugs (B)  0
    Cyclomatic Complexity   1
    Maintainability (MI)    143

 Segment     Used  Free
-----------  ----  ----
00000-00002     4  0  
00004-07FFE    24  32740  



