ARM GAS  C:\Users\ESTEBAN\AppData\Local\Temp\ccrirlGq.s 			page 1


   1              		.syntax unified
   2              		.cpu cortex-m3
   3              		.fpu softvfp
   4              		.eabi_attribute 20, 1
   5              		.eabi_attribute 21, 1
   6              		.eabi_attribute 23, 3
   7              		.eabi_attribute 24, 1
   8              		.eabi_attribute 25, 1
   9              		.eabi_attribute 26, 1
  10              		.eabi_attribute 30, 1
  11              		.eabi_attribute 34, 1
  12              		.eabi_attribute 18, 4
  13              		.thumb
  14              		.syntax unified
  15              		.file	"main.c"
  16              		.text
  17              	.Ltext0:
  18              		.cfi_sections	.debug_frame
  19              		.section	.text.main,"ax",%progbits
  20              		.align	2
  21              		.global	main
  22              		.thumb
  23              		.thumb_func
  24              		.type	main, %function
  25              	main:
  26              	.LFB64:
  27              		.file 1 "main.c"
   1:main.c        **** /* ========================================
   2:main.c        ****  *
   3:main.c        ****  * Copyright YOUR COMPANY, THE YEAR
   4:main.c        ****  * All Rights Reserved
   5:main.c        ****  * UNPUBLISHED, LICENSED SOFTWARE.
   6:main.c        ****  *
   7:main.c        ****  * CONFIDENTIAL AND PROPRIETARY INFORMATION
   8:main.c        ****  * WHICH IS THE PROPERTY OF your company.
   9:main.c        ****  *
  10:main.c        ****  * ========================================
  11:main.c        **** */
  12:main.c        **** #include "project.h"
  13:main.c        **** #include <stdio.h>
  14:main.c        **** 
  15:main.c        **** int numero[5],dato=8,variable=1;
  16:main.c        **** float32 voltiosADC[5];
  17:main.c        **** char publicar[12];
  18:main.c        **** 
  19:main.c        **** char recibir;
  20:main.c        **** int canal=6,pga=1;
  21:main.c        **** 
  22:main.c        **** 
  23:main.c        **** 
  24:main.c        **** int main(void)
  25:main.c        **** {
  28              		.loc 1 25 0
  29              		.cfi_startproc
  30              		@ Volatile: function does not return.
  31              		@ args = 0, pretend = 0, frame = 0
  32              		@ frame_needed = 0, uses_anonymous_args = 0
ARM GAS  C:\Users\ESTEBAN\AppData\Local\Temp\ccrirlGq.s 			page 2


  33 0000 08B5     		push	{r3, lr}
  34              		.cfi_def_cfa_offset 8
  35              		.cfi_offset 3, -8
  36              		.cfi_offset 14, -4
  26:main.c        ****     CyGlobalIntEnable; 
  37              		.loc 1 26 0
  38              		.syntax unified
  39              	@ 26 "main.c" 1
  40 0002 62B6     		CPSIE   i
  41              	@ 0 "" 2
  27:main.c        ****     
  28:main.c        ****     UART_Start();
  42              		.loc 1 28 0
  43              		.thumb
  44              		.syntax unified
  45 0004 FFF7FEFF 		bl	UART_Start
  46              	.LVL0:
  47              	.L16:
  29:main.c        ****    
  30:main.c        ****     
  31:main.c        ****     
  32:main.c        ****   
  33:main.c        ****     for(;;)
  34:main.c        ****     {
  35:main.c        ****            
  36:main.c        **** recibir=UART_GetChar();
  48              		.loc 1 36 0
  49 0008 FFF7FEFF 		bl	UART_GetChar
  50              	.LVL1:
  51 000c 3F4C     		ldr	r4, .L19
  52 000e 2070     		strb	r0, [r4]
  37:main.c        **** CyDelay(600);
  53              		.loc 1 37 0
  54 0010 4FF41670 		mov	r0, #600
  55 0014 FFF7FEFF 		bl	CyDelay
  56              	.LVL2:
  38:main.c        ****  if(recibir=='x'){
  57              		.loc 1 38 0
  58 0018 2378     		ldrb	r3, [r4]	@ zero_extendqisi2
  59 001a 782B     		cmp	r3, #120
  60 001c 02D1     		bne	.L2
  39:main.c        ****     canal=0;
  61              		.loc 1 39 0
  62 001e 0021     		movs	r1, #0
  63 0020 3B4A     		ldr	r2, .L19+4
  64 0022 1160     		str	r1, [r2]
  65              	.L2:
  40:main.c        ****  }
  41:main.c        **** if(recibir=='y'){
  66              		.loc 1 41 0
  67 0024 792B     		cmp	r3, #121
  68 0026 02D1     		bne	.L3
  42:main.c        ****     canal=1;
  69              		.loc 1 42 0
  70 0028 0121     		movs	r1, #1
  71 002a 394A     		ldr	r2, .L19+4
  72 002c 1160     		str	r1, [r2]
ARM GAS  C:\Users\ESTEBAN\AppData\Local\Temp\ccrirlGq.s 			page 3


  73              	.L3:
  43:main.c        ****  }
  44:main.c        **** if(recibir=='z'){
  74              		.loc 1 44 0
  75 002e 7A2B     		cmp	r3, #122
  76 0030 02D1     		bne	.L4
  45:main.c        ****     canal=2;
  77              		.loc 1 45 0
  78 0032 0221     		movs	r1, #2
  79 0034 364A     		ldr	r2, .L19+4
  80 0036 1160     		str	r1, [r2]
  81              	.L4:
  46:main.c        ****  }
  47:main.c        **** if(recibir=='3'){
  82              		.loc 1 47 0
  83 0038 332B     		cmp	r3, #51
  84 003a 02D1     		bne	.L5
  48:main.c        ****     canal=3;
  85              		.loc 1 48 0
  86 003c 0321     		movs	r1, #3
  87 003e 344A     		ldr	r2, .L19+4
  88 0040 1160     		str	r1, [r2]
  89              	.L5:
  49:main.c        ****  }
  50:main.c        **** if(recibir=='4'){
  90              		.loc 1 50 0
  91 0042 342B     		cmp	r3, #52
  92 0044 02D1     		bne	.L6
  51:main.c        ****     canal=4;}
  93              		.loc 1 51 0
  94 0046 0421     		movs	r1, #4
  95 0048 314A     		ldr	r2, .L19+4
  96 004a 1160     		str	r1, [r2]
  97              	.L6:
  52:main.c        **** if(recibir=='5'){
  98              		.loc 1 52 0
  99 004c 352B     		cmp	r3, #53
 100 004e 02D1     		bne	.L7
  53:main.c        ****     canal=5;
 101              		.loc 1 53 0
 102 0050 0521     		movs	r1, #5
 103 0052 2F4A     		ldr	r2, .L19+4
 104 0054 1160     		str	r1, [r2]
 105              	.L7:
  54:main.c        **** 
  55:main.c        **** }
  56:main.c        **** if(recibir=='d')  {
 106              		.loc 1 56 0
 107 0056 642B     		cmp	r3, #100
 108 0058 02D1     		bne	.L8
  57:main.c        **** dato=0;
 109              		.loc 1 57 0
 110 005a 0021     		movs	r1, #0
 111 005c 2C4A     		ldr	r2, .L19+4
 112 005e 5160     		str	r1, [r2, #4]
 113              	.L8:
  58:main.c        **** }
ARM GAS  C:\Users\ESTEBAN\AppData\Local\Temp\ccrirlGq.s 			page 4


  59:main.c        **** if(recibir=='a')  {
 114              		.loc 1 59 0
 115 0060 612B     		cmp	r3, #97
 116 0062 02D1     		bne	.L9
  60:main.c        **** dato=1;
 117              		.loc 1 60 0
 118 0064 0122     		movs	r2, #1
 119 0066 2A4B     		ldr	r3, .L19+4
 120 0068 5A60     		str	r2, [r3, #4]
 121              	.L9:
  61:main.c        **** }
  62:main.c        **** 
  63:main.c        ****         
  64:main.c        ****   if(dato==0)  {
 122              		.loc 1 64 0
 123 006a 294B     		ldr	r3, .L19+4
 124 006c 5B68     		ldr	r3, [r3, #4]
 125 006e 002B     		cmp	r3, #0
 126 0070 43D1     		bne	.L10
  65:main.c        **** if(canal==0){
 127              		.loc 1 65 0
 128 0072 274B     		ldr	r3, .L19+4
 129 0074 1B68     		ldr	r3, [r3]
 130 0076 93B9     		cbnz	r3, .L11
  66:main.c        ****     if(D0_Read()==1){
 131              		.loc 1 66 0
 132 0078 FFF7FEFF 		bl	D0_Read
 133              	.LVL3:
 134 007c 0128     		cmp	r0, #1
 135 007e 07D1     		bne	.L12
  67:main.c        ****      UART_PutString("Dx=T \n \r"); 
 136              		.loc 1 67 0
 137 0080 2448     		ldr	r0, .L19+8
 138 0082 FFF7FEFF 		bl	UART_PutString
 139              	.LVL4:
  68:main.c        ****       CyDelay(500);
 140              		.loc 1 68 0
 141 0086 4FF4FA70 		mov	r0, #500
 142 008a FFF7FEFF 		bl	CyDelay
 143              	.LVL5:
 144 008e 06E0     		b	.L11
 145              	.L12:
  69:main.c        ****     }
  70:main.c        ****     else{
  71:main.c        ****     UART_PutString("Dx=F \n \r");  
 146              		.loc 1 71 0
 147 0090 2148     		ldr	r0, .L19+12
 148 0092 FFF7FEFF 		bl	UART_PutString
 149              	.LVL6:
  72:main.c        ****       CyDelay(500);
 150              		.loc 1 72 0
 151 0096 4FF4FA70 		mov	r0, #500
 152 009a FFF7FEFF 		bl	CyDelay
 153              	.LVL7:
 154              	.L11:
  73:main.c        ****     }
  74:main.c        **** }
ARM GAS  C:\Users\ESTEBAN\AppData\Local\Temp\ccrirlGq.s 			page 5


  75:main.c        **** if(canal==1){
 155              		.loc 1 75 0
 156 009e 1C4B     		ldr	r3, .L19+4
 157 00a0 1B68     		ldr	r3, [r3]
 158 00a2 012B     		cmp	r3, #1
 159 00a4 12D1     		bne	.L13
  76:main.c        ****     if(D1_Read()==1){
 160              		.loc 1 76 0
 161 00a6 FFF7FEFF 		bl	D1_Read
 162              	.LVL8:
 163 00aa 0128     		cmp	r0, #1
 164 00ac 07D1     		bne	.L14
  77:main.c        ****      UART_PutString("Dy=T \n \r"); 
 165              		.loc 1 77 0
 166 00ae 1B48     		ldr	r0, .L19+16
 167 00b0 FFF7FEFF 		bl	UART_PutString
 168              	.LVL9:
  78:main.c        ****       CyDelay(500);
 169              		.loc 1 78 0
 170 00b4 4FF4FA70 		mov	r0, #500
 171 00b8 FFF7FEFF 		bl	CyDelay
 172              	.LVL10:
 173 00bc 06E0     		b	.L13
 174              	.L14:
  79:main.c        ****     }
  80:main.c        ****     else{
  81:main.c        ****     UART_PutString("Dy=F \n \r");  
 175              		.loc 1 81 0
 176 00be 1848     		ldr	r0, .L19+20
 177 00c0 FFF7FEFF 		bl	UART_PutString
 178              	.LVL11:
  82:main.c        ****       CyDelay(500);
 179              		.loc 1 82 0
 180 00c4 4FF4FA70 		mov	r0, #500
 181 00c8 FFF7FEFF 		bl	CyDelay
 182              	.LVL12:
 183              	.L13:
  83:main.c        ****     }
  84:main.c        **** }
  85:main.c        **** if(canal==2){
 184              		.loc 1 85 0
 185 00cc 104B     		ldr	r3, .L19+4
 186 00ce 1B68     		ldr	r3, [r3]
 187 00d0 022B     		cmp	r3, #2
 188 00d2 12D1     		bne	.L10
  86:main.c        ****     if(D2_Read()==1){
 189              		.loc 1 86 0
 190 00d4 FFF7FEFF 		bl	D2_Read
 191              	.LVL13:
 192 00d8 0128     		cmp	r0, #1
 193 00da 07D1     		bne	.L15
  87:main.c        ****      UART_PutString("Dz=T \n \r"); 
 194              		.loc 1 87 0
 195 00dc 1148     		ldr	r0, .L19+24
 196 00de FFF7FEFF 		bl	UART_PutString
 197              	.LVL14:
  88:main.c        ****       CyDelay(500);
ARM GAS  C:\Users\ESTEBAN\AppData\Local\Temp\ccrirlGq.s 			page 6


 198              		.loc 1 88 0
 199 00e2 4FF4FA70 		mov	r0, #500
 200 00e6 FFF7FEFF 		bl	CyDelay
 201              	.LVL15:
 202 00ea 06E0     		b	.L10
 203              	.L15:
  89:main.c        ****     }
  90:main.c        ****     else{
  91:main.c        ****     UART_PutString("Dz=F \n \r");  
 204              		.loc 1 91 0
 205 00ec 0E48     		ldr	r0, .L19+28
 206 00ee FFF7FEFF 		bl	UART_PutString
 207              	.LVL16:
  92:main.c        ****       CyDelay(500);
 208              		.loc 1 92 0
 209 00f2 4FF4FA70 		mov	r0, #500
 210 00f6 FFF7FEFF 		bl	CyDelay
 211              	.LVL17:
 212              	.L10:
  93:main.c        ****     }
  94:main.c        **** }
  95:main.c        **** 
  96:main.c        **** }
  97:main.c        **** if(dato==1){
 213              		.loc 1 97 0
 214 00fa 054B     		ldr	r3, .L19+4
 215 00fc 5B68     		ldr	r3, [r3, #4]
 216 00fe 012B     		cmp	r3, #1
 217 0100 82D1     		bne	.L16
  98:main.c        ****     UART_PutString(" \n \r");  
 218              		.loc 1 98 0
 219 0102 0A48     		ldr	r0, .L19+32
 220 0104 FFF7FEFF 		bl	UART_PutString
 221              	.LVL18:
 222 0108 7EE7     		b	.L16
 223              	.L20:
 224 010a 00BF     		.align	2
 225              	.L19:
 226 010c 00000000 		.word	recibir
 227 0110 00000000 		.word	.LANCHOR0
 228 0114 00000000 		.word	.LC0
 229 0118 0C000000 		.word	.LC1
 230 011c 18000000 		.word	.LC2
 231 0120 24000000 		.word	.LC3
 232 0124 30000000 		.word	.LC4
 233 0128 3C000000 		.word	.LC5
 234 012c 48000000 		.word	.LC6
 235              		.cfi_endproc
 236              	.LFE64:
 237              		.size	main, .-main
 238              		.global	pga
 239              		.global	canal
 240              		.comm	recibir,1,1
 241              		.comm	publicar,12,4
 242              		.comm	voltiosADC,20,4
 243              		.global	variable
 244              		.global	dato
ARM GAS  C:\Users\ESTEBAN\AppData\Local\Temp\ccrirlGq.s 			page 7


 245              		.comm	numero,20,4
 246              		.data
 247              		.align	2
 248              		.set	.LANCHOR0,. + 0
 249              		.type	canal, %object
 250              		.size	canal, 4
 251              	canal:
 252 0000 06000000 		.word	6
 253              		.type	dato, %object
 254              		.size	dato, 4
 255              	dato:
 256 0004 08000000 		.word	8
 257              		.type	pga, %object
 258              		.size	pga, 4
 259              	pga:
 260 0008 01000000 		.word	1
 261              		.type	variable, %object
 262              		.size	variable, 4
 263              	variable:
 264 000c 01000000 		.word	1
 265              		.section	.rodata.str1.4,"aMS",%progbits,1
 266              		.align	2
 267              	.LC0:
 268 0000 44783D54 		.ascii	"Dx=T \012 \015\000"
 268      200A200D 
 268      00
 269 0009 000000   		.space	3
 270              	.LC1:
 271 000c 44783D46 		.ascii	"Dx=F \012 \015\000"
 271      200A200D 
 271      00
 272 0015 000000   		.space	3
 273              	.LC2:
 274 0018 44793D54 		.ascii	"Dy=T \012 \015\000"
 274      200A200D 
 274      00
 275 0021 000000   		.space	3
 276              	.LC3:
 277 0024 44793D46 		.ascii	"Dy=F \012 \015\000"
 277      200A200D 
 277      00
 278 002d 000000   		.space	3
 279              	.LC4:
 280 0030 447A3D54 		.ascii	"Dz=T \012 \015\000"
 280      200A200D 
 280      00
 281 0039 000000   		.space	3
 282              	.LC5:
 283 003c 447A3D46 		.ascii	"Dz=F \012 \015\000"
 283      200A200D 
 283      00
 284 0045 000000   		.space	3
 285              	.LC6:
 286 0048 200A200D 		.ascii	" \012 \015\000"
 286      00
 287              		.text
 288              	.Letext0:
ARM GAS  C:\Users\ESTEBAN\AppData\Local\Temp\ccrirlGq.s 			page 8


 289              		.file 2 "c:\\program files (x86)\\cypress\\psoc creator\\4.2\\psoc creator\\import\\gnu\\arm\\5.4.
 290              		.file 3 "c:\\program files (x86)\\cypress\\psoc creator\\4.2\\psoc creator\\import\\gnu\\arm\\5.4.
 291              		.file 4 "Generated_Source\\PSoC5/cytypes.h"
 292              		.file 5 "Generated_Source\\PSoC5/core_cm3.h"
 293              		.file 6 "Generated_Source\\PSoC5/UART.h"
 294              		.file 7 "Generated_Source\\PSoC5/CyLib.h"
 295              		.file 8 "Generated_Source\\PSoC5/D0.h"
 296              		.file 9 "Generated_Source\\PSoC5/D1.h"
 297              		.file 10 "Generated_Source\\PSoC5/D2.h"
 298              		.section	.debug_info,"",%progbits
 299              	.Ldebug_info0:
 300 0000 3A030000 		.4byte	0x33a
 301 0004 0400     		.2byte	0x4
 302 0006 00000000 		.4byte	.Ldebug_abbrev0
 303 000a 04       		.byte	0x4
 304 000b 01       		.uleb128 0x1
 305 000c 39000000 		.4byte	.LASF32
 306 0010 0C       		.byte	0xc
 307 0011 BA010000 		.4byte	.LASF33
 308 0015 59010000 		.4byte	.LASF34
 309 0019 00000000 		.4byte	.Ldebug_ranges0+0
 310 001d 00000000 		.4byte	0
 311 0021 00000000 		.4byte	.Ldebug_line0
 312 0025 02       		.uleb128 0x2
 313 0026 01       		.byte	0x1
 314 0027 06       		.byte	0x6
 315 0028 09020000 		.4byte	.LASF0
 316 002c 02       		.uleb128 0x2
 317 002d 01       		.byte	0x1
 318 002e 08       		.byte	0x8
 319 002f 2B000000 		.4byte	.LASF1
 320 0033 02       		.uleb128 0x2
 321 0034 02       		.byte	0x2
 322 0035 05       		.byte	0x5
 323 0036 D9010000 		.4byte	.LASF2
 324 003a 02       		.uleb128 0x2
 325 003b 02       		.byte	0x2
 326 003c 07       		.byte	0x7
 327 003d D9000000 		.4byte	.LASF3
 328 0041 03       		.uleb128 0x3
 329 0042 08000000 		.4byte	.LASF9
 330 0046 02       		.byte	0x2
 331 0047 3F       		.byte	0x3f
 332 0048 4C000000 		.4byte	0x4c
 333 004c 02       		.uleb128 0x2
 334 004d 04       		.byte	0x4
 335 004e 05       		.byte	0x5
 336 004f EB010000 		.4byte	.LASF4
 337 0053 02       		.uleb128 0x2
 338 0054 04       		.byte	0x4
 339 0055 07       		.byte	0x7
 340 0056 C7000000 		.4byte	.LASF5
 341 005a 02       		.uleb128 0x2
 342 005b 08       		.byte	0x8
 343 005c 05       		.byte	0x5
 344 005d AC010000 		.4byte	.LASF6
 345 0061 02       		.uleb128 0x2
ARM GAS  C:\Users\ESTEBAN\AppData\Local\Temp\ccrirlGq.s 			page 9


 346 0062 08       		.byte	0x8
 347 0063 07       		.byte	0x7
 348 0064 31010000 		.4byte	.LASF7
 349 0068 04       		.uleb128 0x4
 350 0069 04       		.byte	0x4
 351 006a 05       		.byte	0x5
 352 006b 696E7400 		.ascii	"int\000"
 353 006f 02       		.uleb128 0x2
 354 0070 04       		.byte	0x4
 355 0071 07       		.byte	0x7
 356 0072 24010000 		.4byte	.LASF8
 357 0076 03       		.uleb128 0x3
 358 0077 9B010000 		.4byte	.LASF10
 359 007b 03       		.byte	0x3
 360 007c 2C       		.byte	0x2c
 361 007d 41000000 		.4byte	0x41
 362 0081 05       		.uleb128 0x5
 363 0082 15010000 		.4byte	.LASF11
 364 0086 04       		.byte	0x4
 365 0087 EA01     		.2byte	0x1ea
 366 0089 8D000000 		.4byte	0x8d
 367 008d 02       		.uleb128 0x2
 368 008e 04       		.byte	0x4
 369 008f 04       		.byte	0x4
 370 0090 1D000000 		.4byte	.LASF12
 371 0094 02       		.uleb128 0x2
 372 0095 08       		.byte	0x8
 373 0096 04       		.byte	0x4
 374 0097 FE000000 		.4byte	.LASF13
 375 009b 02       		.uleb128 0x2
 376 009c 01       		.byte	0x1
 377 009d 08       		.byte	0x8
 378 009e C1010000 		.4byte	.LASF14
 379 00a2 02       		.uleb128 0x2
 380 00a3 08       		.byte	0x8
 381 00a4 04       		.byte	0x4
 382 00a5 FD010000 		.4byte	.LASF15
 383 00a9 02       		.uleb128 0x2
 384 00aa 04       		.byte	0x4
 385 00ab 07       		.byte	0x7
 386 00ac A3010000 		.4byte	.LASF16
 387 00b0 06       		.uleb128 0x6
 388 00b1 05010000 		.4byte	.LASF35
 389 00b5 01       		.byte	0x1
 390 00b6 18       		.byte	0x18
 391 00b7 68000000 		.4byte	0x68
 392 00bb 00000000 		.4byte	.LFB64
 393 00bf 30010000 		.4byte	.LFE64-.LFB64
 394 00c3 01       		.uleb128 0x1
 395 00c4 9C       		.byte	0x9c
 396 00c5 27020000 		.4byte	0x227
 397 00c9 07       		.uleb128 0x7
 398 00ca 08000000 		.4byte	.LVL0
 399 00ce F0020000 		.4byte	0x2f0
 400 00d2 07       		.uleb128 0x7
 401 00d3 0C000000 		.4byte	.LVL1
 402 00d7 FB020000 		.4byte	0x2fb
ARM GAS  C:\Users\ESTEBAN\AppData\Local\Temp\ccrirlGq.s 			page 10


 403 00db 08       		.uleb128 0x8
 404 00dc 18000000 		.4byte	.LVL2
 405 00e0 06030000 		.4byte	0x306
 406 00e4 F0000000 		.4byte	0xf0
 407 00e8 09       		.uleb128 0x9
 408 00e9 01       		.uleb128 0x1
 409 00ea 50       		.byte	0x50
 410 00eb 03       		.uleb128 0x3
 411 00ec 0A       		.byte	0xa
 412 00ed 5802     		.2byte	0x258
 413 00ef 00       		.byte	0
 414 00f0 07       		.uleb128 0x7
 415 00f1 7C000000 		.4byte	.LVL3
 416 00f5 11030000 		.4byte	0x311
 417 00f9 08       		.uleb128 0x8
 418 00fa 86000000 		.4byte	.LVL4
 419 00fe 1C030000 		.4byte	0x31c
 420 0102 10010000 		.4byte	0x110
 421 0106 09       		.uleb128 0x9
 422 0107 01       		.uleb128 0x1
 423 0108 50       		.byte	0x50
 424 0109 05       		.uleb128 0x5
 425 010a 03       		.byte	0x3
 426 010b 00000000 		.4byte	.LC0
 427 010f 00       		.byte	0
 428 0110 08       		.uleb128 0x8
 429 0111 8E000000 		.4byte	.LVL5
 430 0115 06030000 		.4byte	0x306
 431 0119 25010000 		.4byte	0x125
 432 011d 09       		.uleb128 0x9
 433 011e 01       		.uleb128 0x1
 434 011f 50       		.byte	0x50
 435 0120 03       		.uleb128 0x3
 436 0121 0A       		.byte	0xa
 437 0122 F401     		.2byte	0x1f4
 438 0124 00       		.byte	0
 439 0125 08       		.uleb128 0x8
 440 0126 96000000 		.4byte	.LVL6
 441 012a 1C030000 		.4byte	0x31c
 442 012e 3C010000 		.4byte	0x13c
 443 0132 09       		.uleb128 0x9
 444 0133 01       		.uleb128 0x1
 445 0134 50       		.byte	0x50
 446 0135 05       		.uleb128 0x5
 447 0136 03       		.byte	0x3
 448 0137 0C000000 		.4byte	.LC1
 449 013b 00       		.byte	0
 450 013c 08       		.uleb128 0x8
 451 013d 9E000000 		.4byte	.LVL7
 452 0141 06030000 		.4byte	0x306
 453 0145 51010000 		.4byte	0x151
 454 0149 09       		.uleb128 0x9
 455 014a 01       		.uleb128 0x1
 456 014b 50       		.byte	0x50
 457 014c 03       		.uleb128 0x3
 458 014d 0A       		.byte	0xa
 459 014e F401     		.2byte	0x1f4
ARM GAS  C:\Users\ESTEBAN\AppData\Local\Temp\ccrirlGq.s 			page 11


 460 0150 00       		.byte	0
 461 0151 07       		.uleb128 0x7
 462 0152 AA000000 		.4byte	.LVL8
 463 0156 27030000 		.4byte	0x327
 464 015a 08       		.uleb128 0x8
 465 015b B4000000 		.4byte	.LVL9
 466 015f 1C030000 		.4byte	0x31c
 467 0163 71010000 		.4byte	0x171
 468 0167 09       		.uleb128 0x9
 469 0168 01       		.uleb128 0x1
 470 0169 50       		.byte	0x50
 471 016a 05       		.uleb128 0x5
 472 016b 03       		.byte	0x3
 473 016c 18000000 		.4byte	.LC2
 474 0170 00       		.byte	0
 475 0171 08       		.uleb128 0x8
 476 0172 BC000000 		.4byte	.LVL10
 477 0176 06030000 		.4byte	0x306
 478 017a 86010000 		.4byte	0x186
 479 017e 09       		.uleb128 0x9
 480 017f 01       		.uleb128 0x1
 481 0180 50       		.byte	0x50
 482 0181 03       		.uleb128 0x3
 483 0182 0A       		.byte	0xa
 484 0183 F401     		.2byte	0x1f4
 485 0185 00       		.byte	0
 486 0186 08       		.uleb128 0x8
 487 0187 C4000000 		.4byte	.LVL11
 488 018b 1C030000 		.4byte	0x31c
 489 018f 9D010000 		.4byte	0x19d
 490 0193 09       		.uleb128 0x9
 491 0194 01       		.uleb128 0x1
 492 0195 50       		.byte	0x50
 493 0196 05       		.uleb128 0x5
 494 0197 03       		.byte	0x3
 495 0198 24000000 		.4byte	.LC3
 496 019c 00       		.byte	0
 497 019d 08       		.uleb128 0x8
 498 019e CC000000 		.4byte	.LVL12
 499 01a2 06030000 		.4byte	0x306
 500 01a6 B2010000 		.4byte	0x1b2
 501 01aa 09       		.uleb128 0x9
 502 01ab 01       		.uleb128 0x1
 503 01ac 50       		.byte	0x50
 504 01ad 03       		.uleb128 0x3
 505 01ae 0A       		.byte	0xa
 506 01af F401     		.2byte	0x1f4
 507 01b1 00       		.byte	0
 508 01b2 07       		.uleb128 0x7
 509 01b3 D8000000 		.4byte	.LVL13
 510 01b7 32030000 		.4byte	0x332
 511 01bb 08       		.uleb128 0x8
 512 01bc E2000000 		.4byte	.LVL14
 513 01c0 1C030000 		.4byte	0x31c
 514 01c4 D2010000 		.4byte	0x1d2
 515 01c8 09       		.uleb128 0x9
 516 01c9 01       		.uleb128 0x1
ARM GAS  C:\Users\ESTEBAN\AppData\Local\Temp\ccrirlGq.s 			page 12


 517 01ca 50       		.byte	0x50
 518 01cb 05       		.uleb128 0x5
 519 01cc 03       		.byte	0x3
 520 01cd 30000000 		.4byte	.LC4
 521 01d1 00       		.byte	0
 522 01d2 08       		.uleb128 0x8
 523 01d3 EA000000 		.4byte	.LVL15
 524 01d7 06030000 		.4byte	0x306
 525 01db E7010000 		.4byte	0x1e7
 526 01df 09       		.uleb128 0x9
 527 01e0 01       		.uleb128 0x1
 528 01e1 50       		.byte	0x50
 529 01e2 03       		.uleb128 0x3
 530 01e3 0A       		.byte	0xa
 531 01e4 F401     		.2byte	0x1f4
 532 01e6 00       		.byte	0
 533 01e7 08       		.uleb128 0x8
 534 01e8 F2000000 		.4byte	.LVL16
 535 01ec 1C030000 		.4byte	0x31c
 536 01f0 FE010000 		.4byte	0x1fe
 537 01f4 09       		.uleb128 0x9
 538 01f5 01       		.uleb128 0x1
 539 01f6 50       		.byte	0x50
 540 01f7 05       		.uleb128 0x5
 541 01f8 03       		.byte	0x3
 542 01f9 3C000000 		.4byte	.LC5
 543 01fd 00       		.byte	0
 544 01fe 08       		.uleb128 0x8
 545 01ff FA000000 		.4byte	.LVL17
 546 0203 06030000 		.4byte	0x306
 547 0207 13020000 		.4byte	0x213
 548 020b 09       		.uleb128 0x9
 549 020c 01       		.uleb128 0x1
 550 020d 50       		.byte	0x50
 551 020e 03       		.uleb128 0x3
 552 020f 0A       		.byte	0xa
 553 0210 F401     		.2byte	0x1f4
 554 0212 00       		.byte	0
 555 0213 0A       		.uleb128 0xa
 556 0214 08010000 		.4byte	.LVL18
 557 0218 1C030000 		.4byte	0x31c
 558 021c 09       		.uleb128 0x9
 559 021d 01       		.uleb128 0x1
 560 021e 50       		.byte	0x50
 561 021f 05       		.uleb128 0x5
 562 0220 03       		.byte	0x3
 563 0221 48000000 		.4byte	.LC6
 564 0225 00       		.byte	0
 565 0226 00       		.byte	0
 566 0227 0B       		.uleb128 0xb
 567 0228 F1000000 		.4byte	.LASF17
 568 022c 05       		.byte	0x5
 569 022d 1207     		.2byte	0x712
 570 022f 33020000 		.4byte	0x233
 571 0233 0C       		.uleb128 0xc
 572 0234 76000000 		.4byte	0x76
 573 0238 0D       		.uleb128 0xd
ARM GAS  C:\Users\ESTEBAN\AppData\Local\Temp\ccrirlGq.s 			page 13


 574 0239 68000000 		.4byte	0x68
 575 023d 48020000 		.4byte	0x248
 576 0241 0E       		.uleb128 0xe
 577 0242 A9000000 		.4byte	0xa9
 578 0246 04       		.byte	0x4
 579 0247 00       		.byte	0
 580 0248 0F       		.uleb128 0xf
 581 0249 1D010000 		.4byte	.LASF18
 582 024d 01       		.byte	0x1
 583 024e 0F       		.byte	0xf
 584 024f 38020000 		.4byte	0x238
 585 0253 05       		.uleb128 0x5
 586 0254 03       		.byte	0x3
 587 0255 00000000 		.4byte	numero
 588 0259 0F       		.uleb128 0xf
 589 025a EC000000 		.4byte	.LASF19
 590 025e 01       		.byte	0x1
 591 025f 0F       		.byte	0xf
 592 0260 68000000 		.4byte	0x68
 593 0264 05       		.uleb128 0x5
 594 0265 03       		.byte	0x3
 595 0266 00000000 		.4byte	dato
 596 026a 0F       		.uleb128 0xf
 597 026b F4010000 		.4byte	.LASF20
 598 026f 01       		.byte	0x1
 599 0270 0F       		.byte	0xf
 600 0271 68000000 		.4byte	0x68
 601 0275 05       		.uleb128 0x5
 602 0276 03       		.byte	0x3
 603 0277 00000000 		.4byte	variable
 604 027b 0D       		.uleb128 0xd
 605 027c 81000000 		.4byte	0x81
 606 0280 8B020000 		.4byte	0x28b
 607 0284 0E       		.uleb128 0xe
 608 0285 A9000000 		.4byte	0xa9
 609 0289 04       		.byte	0x4
 610 028a 00       		.byte	0
 611 028b 0F       		.uleb128 0xf
 612 028c 0A010000 		.4byte	.LASF21
 613 0290 01       		.byte	0x1
 614 0291 10       		.byte	0x10
 615 0292 7B020000 		.4byte	0x27b
 616 0296 05       		.uleb128 0x5
 617 0297 03       		.byte	0x3
 618 0298 00000000 		.4byte	voltiosADC
 619 029c 0D       		.uleb128 0xd
 620 029d 9B000000 		.4byte	0x9b
 621 02a1 AC020000 		.4byte	0x2ac
 622 02a5 0E       		.uleb128 0xe
 623 02a6 A9000000 		.4byte	0xa9
 624 02aa 0B       		.byte	0xb
 625 02ab 00       		.byte	0
 626 02ac 0F       		.uleb128 0xf
 627 02ad 50010000 		.4byte	.LASF22
 628 02b1 01       		.byte	0x1
 629 02b2 11       		.byte	0x11
 630 02b3 9C020000 		.4byte	0x29c
ARM GAS  C:\Users\ESTEBAN\AppData\Local\Temp\ccrirlGq.s 			page 14


 631 02b7 05       		.uleb128 0x5
 632 02b8 03       		.byte	0x3
 633 02b9 00000000 		.4byte	publicar
 634 02bd 0F       		.uleb128 0xf
 635 02be E3010000 		.4byte	.LASF23
 636 02c2 01       		.byte	0x1
 637 02c3 13       		.byte	0x13
 638 02c4 9B000000 		.4byte	0x9b
 639 02c8 05       		.uleb128 0x5
 640 02c9 03       		.byte	0x3
 641 02ca 00000000 		.4byte	recibir
 642 02ce 0F       		.uleb128 0xf
 643 02cf D3010000 		.4byte	.LASF24
 644 02d3 01       		.byte	0x1
 645 02d4 14       		.byte	0x14
 646 02d5 68000000 		.4byte	0x68
 647 02d9 05       		.uleb128 0x5
 648 02da 03       		.byte	0x3
 649 02db 00000000 		.4byte	canal
 650 02df 10       		.uleb128 0x10
 651 02e0 70676100 		.ascii	"pga\000"
 652 02e4 01       		.byte	0x1
 653 02e5 14       		.byte	0x14
 654 02e6 68000000 		.4byte	0x68
 655 02ea 05       		.uleb128 0x5
 656 02eb 03       		.byte	0x3
 657 02ec 00000000 		.4byte	pga
 658 02f0 11       		.uleb128 0x11
 659 02f1 12000000 		.4byte	.LASF25
 660 02f5 12000000 		.4byte	.LASF25
 661 02f9 06       		.byte	0x6
 662 02fa 54       		.byte	0x54
 663 02fb 11       		.uleb128 0x11
 664 02fc C6010000 		.4byte	.LASF26
 665 0300 C6010000 		.4byte	.LASF26
 666 0304 06       		.byte	0x6
 667 0305 71       		.byte	0x71
 668 0306 11       		.uleb128 0x11
 669 0307 24020000 		.4byte	.LASF27
 670 030b 24020000 		.4byte	.LASF27
 671 030f 07       		.byte	0x7
 672 0310 76       		.byte	0x76
 673 0311 11       		.uleb128 0x11
 674 0312 00000000 		.4byte	.LASF28
 675 0316 00000000 		.4byte	.LASF28
 676 031a 08       		.byte	0x8
 677 031b 29       		.byte	0x29
 678 031c 11       		.uleb128 0x11
 679 031d 15020000 		.4byte	.LASF29
 680 0321 15020000 		.4byte	.LASF29
 681 0325 06       		.byte	0x6
 682 0326 8B       		.byte	0x8b
 683 0327 11       		.uleb128 0x11
 684 0328 23000000 		.4byte	.LASF30
 685 032c 23000000 		.4byte	.LASF30
 686 0330 09       		.byte	0x9
 687 0331 29       		.byte	0x29
ARM GAS  C:\Users\ESTEBAN\AppData\Local\Temp\ccrirlGq.s 			page 15


 688 0332 11       		.uleb128 0x11
 689 0333 48010000 		.4byte	.LASF31
 690 0337 48010000 		.4byte	.LASF31
 691 033b 0A       		.byte	0xa
 692 033c 29       		.byte	0x29
 693 033d 00       		.byte	0
 694              		.section	.debug_abbrev,"",%progbits
 695              	.Ldebug_abbrev0:
 696 0000 01       		.uleb128 0x1
 697 0001 11       		.uleb128 0x11
 698 0002 01       		.byte	0x1
 699 0003 25       		.uleb128 0x25
 700 0004 0E       		.uleb128 0xe
 701 0005 13       		.uleb128 0x13
 702 0006 0B       		.uleb128 0xb
 703 0007 03       		.uleb128 0x3
 704 0008 0E       		.uleb128 0xe
 705 0009 1B       		.uleb128 0x1b
 706 000a 0E       		.uleb128 0xe
 707 000b 55       		.uleb128 0x55
 708 000c 17       		.uleb128 0x17
 709 000d 11       		.uleb128 0x11
 710 000e 01       		.uleb128 0x1
 711 000f 10       		.uleb128 0x10
 712 0010 17       		.uleb128 0x17
 713 0011 00       		.byte	0
 714 0012 00       		.byte	0
 715 0013 02       		.uleb128 0x2
 716 0014 24       		.uleb128 0x24
 717 0015 00       		.byte	0
 718 0016 0B       		.uleb128 0xb
 719 0017 0B       		.uleb128 0xb
 720 0018 3E       		.uleb128 0x3e
 721 0019 0B       		.uleb128 0xb
 722 001a 03       		.uleb128 0x3
 723 001b 0E       		.uleb128 0xe
 724 001c 00       		.byte	0
 725 001d 00       		.byte	0
 726 001e 03       		.uleb128 0x3
 727 001f 16       		.uleb128 0x16
 728 0020 00       		.byte	0
 729 0021 03       		.uleb128 0x3
 730 0022 0E       		.uleb128 0xe
 731 0023 3A       		.uleb128 0x3a
 732 0024 0B       		.uleb128 0xb
 733 0025 3B       		.uleb128 0x3b
 734 0026 0B       		.uleb128 0xb
 735 0027 49       		.uleb128 0x49
 736 0028 13       		.uleb128 0x13
 737 0029 00       		.byte	0
 738 002a 00       		.byte	0
 739 002b 04       		.uleb128 0x4
 740 002c 24       		.uleb128 0x24
 741 002d 00       		.byte	0
 742 002e 0B       		.uleb128 0xb
 743 002f 0B       		.uleb128 0xb
 744 0030 3E       		.uleb128 0x3e
ARM GAS  C:\Users\ESTEBAN\AppData\Local\Temp\ccrirlGq.s 			page 16


 745 0031 0B       		.uleb128 0xb
 746 0032 03       		.uleb128 0x3
 747 0033 08       		.uleb128 0x8
 748 0034 00       		.byte	0
 749 0035 00       		.byte	0
 750 0036 05       		.uleb128 0x5
 751 0037 16       		.uleb128 0x16
 752 0038 00       		.byte	0
 753 0039 03       		.uleb128 0x3
 754 003a 0E       		.uleb128 0xe
 755 003b 3A       		.uleb128 0x3a
 756 003c 0B       		.uleb128 0xb
 757 003d 3B       		.uleb128 0x3b
 758 003e 05       		.uleb128 0x5
 759 003f 49       		.uleb128 0x49
 760 0040 13       		.uleb128 0x13
 761 0041 00       		.byte	0
 762 0042 00       		.byte	0
 763 0043 06       		.uleb128 0x6
 764 0044 2E       		.uleb128 0x2e
 765 0045 01       		.byte	0x1
 766 0046 3F       		.uleb128 0x3f
 767 0047 19       		.uleb128 0x19
 768 0048 03       		.uleb128 0x3
 769 0049 0E       		.uleb128 0xe
 770 004a 3A       		.uleb128 0x3a
 771 004b 0B       		.uleb128 0xb
 772 004c 3B       		.uleb128 0x3b
 773 004d 0B       		.uleb128 0xb
 774 004e 27       		.uleb128 0x27
 775 004f 19       		.uleb128 0x19
 776 0050 49       		.uleb128 0x49
 777 0051 13       		.uleb128 0x13
 778 0052 8701     		.uleb128 0x87
 779 0054 19       		.uleb128 0x19
 780 0055 11       		.uleb128 0x11
 781 0056 01       		.uleb128 0x1
 782 0057 12       		.uleb128 0x12
 783 0058 06       		.uleb128 0x6
 784 0059 40       		.uleb128 0x40
 785 005a 18       		.uleb128 0x18
 786 005b 9742     		.uleb128 0x2117
 787 005d 19       		.uleb128 0x19
 788 005e 01       		.uleb128 0x1
 789 005f 13       		.uleb128 0x13
 790 0060 00       		.byte	0
 791 0061 00       		.byte	0
 792 0062 07       		.uleb128 0x7
 793 0063 898201   		.uleb128 0x4109
 794 0066 00       		.byte	0
 795 0067 11       		.uleb128 0x11
 796 0068 01       		.uleb128 0x1
 797 0069 31       		.uleb128 0x31
 798 006a 13       		.uleb128 0x13
 799 006b 00       		.byte	0
 800 006c 00       		.byte	0
 801 006d 08       		.uleb128 0x8
ARM GAS  C:\Users\ESTEBAN\AppData\Local\Temp\ccrirlGq.s 			page 17


 802 006e 898201   		.uleb128 0x4109
 803 0071 01       		.byte	0x1
 804 0072 11       		.uleb128 0x11
 805 0073 01       		.uleb128 0x1
 806 0074 31       		.uleb128 0x31
 807 0075 13       		.uleb128 0x13
 808 0076 01       		.uleb128 0x1
 809 0077 13       		.uleb128 0x13
 810 0078 00       		.byte	0
 811 0079 00       		.byte	0
 812 007a 09       		.uleb128 0x9
 813 007b 8A8201   		.uleb128 0x410a
 814 007e 00       		.byte	0
 815 007f 02       		.uleb128 0x2
 816 0080 18       		.uleb128 0x18
 817 0081 9142     		.uleb128 0x2111
 818 0083 18       		.uleb128 0x18
 819 0084 00       		.byte	0
 820 0085 00       		.byte	0
 821 0086 0A       		.uleb128 0xa
 822 0087 898201   		.uleb128 0x4109
 823 008a 01       		.byte	0x1
 824 008b 11       		.uleb128 0x11
 825 008c 01       		.uleb128 0x1
 826 008d 31       		.uleb128 0x31
 827 008e 13       		.uleb128 0x13
 828 008f 00       		.byte	0
 829 0090 00       		.byte	0
 830 0091 0B       		.uleb128 0xb
 831 0092 34       		.uleb128 0x34
 832 0093 00       		.byte	0
 833 0094 03       		.uleb128 0x3
 834 0095 0E       		.uleb128 0xe
 835 0096 3A       		.uleb128 0x3a
 836 0097 0B       		.uleb128 0xb
 837 0098 3B       		.uleb128 0x3b
 838 0099 05       		.uleb128 0x5
 839 009a 49       		.uleb128 0x49
 840 009b 13       		.uleb128 0x13
 841 009c 3F       		.uleb128 0x3f
 842 009d 19       		.uleb128 0x19
 843 009e 3C       		.uleb128 0x3c
 844 009f 19       		.uleb128 0x19
 845 00a0 00       		.byte	0
 846 00a1 00       		.byte	0
 847 00a2 0C       		.uleb128 0xc
 848 00a3 35       		.uleb128 0x35
 849 00a4 00       		.byte	0
 850 00a5 49       		.uleb128 0x49
 851 00a6 13       		.uleb128 0x13
 852 00a7 00       		.byte	0
 853 00a8 00       		.byte	0
 854 00a9 0D       		.uleb128 0xd
 855 00aa 01       		.uleb128 0x1
 856 00ab 01       		.byte	0x1
 857 00ac 49       		.uleb128 0x49
 858 00ad 13       		.uleb128 0x13
ARM GAS  C:\Users\ESTEBAN\AppData\Local\Temp\ccrirlGq.s 			page 18


 859 00ae 01       		.uleb128 0x1
 860 00af 13       		.uleb128 0x13
 861 00b0 00       		.byte	0
 862 00b1 00       		.byte	0
 863 00b2 0E       		.uleb128 0xe
 864 00b3 21       		.uleb128 0x21
 865 00b4 00       		.byte	0
 866 00b5 49       		.uleb128 0x49
 867 00b6 13       		.uleb128 0x13
 868 00b7 2F       		.uleb128 0x2f
 869 00b8 0B       		.uleb128 0xb
 870 00b9 00       		.byte	0
 871 00ba 00       		.byte	0
 872 00bb 0F       		.uleb128 0xf
 873 00bc 34       		.uleb128 0x34
 874 00bd 00       		.byte	0
 875 00be 03       		.uleb128 0x3
 876 00bf 0E       		.uleb128 0xe
 877 00c0 3A       		.uleb128 0x3a
 878 00c1 0B       		.uleb128 0xb
 879 00c2 3B       		.uleb128 0x3b
 880 00c3 0B       		.uleb128 0xb
 881 00c4 49       		.uleb128 0x49
 882 00c5 13       		.uleb128 0x13
 883 00c6 3F       		.uleb128 0x3f
 884 00c7 19       		.uleb128 0x19
 885 00c8 02       		.uleb128 0x2
 886 00c9 18       		.uleb128 0x18
 887 00ca 00       		.byte	0
 888 00cb 00       		.byte	0
 889 00cc 10       		.uleb128 0x10
 890 00cd 34       		.uleb128 0x34
 891 00ce 00       		.byte	0
 892 00cf 03       		.uleb128 0x3
 893 00d0 08       		.uleb128 0x8
 894 00d1 3A       		.uleb128 0x3a
 895 00d2 0B       		.uleb128 0xb
 896 00d3 3B       		.uleb128 0x3b
 897 00d4 0B       		.uleb128 0xb
 898 00d5 49       		.uleb128 0x49
 899 00d6 13       		.uleb128 0x13
 900 00d7 3F       		.uleb128 0x3f
 901 00d8 19       		.uleb128 0x19
 902 00d9 02       		.uleb128 0x2
 903 00da 18       		.uleb128 0x18
 904 00db 00       		.byte	0
 905 00dc 00       		.byte	0
 906 00dd 11       		.uleb128 0x11
 907 00de 2E       		.uleb128 0x2e
 908 00df 00       		.byte	0
 909 00e0 3F       		.uleb128 0x3f
 910 00e1 19       		.uleb128 0x19
 911 00e2 3C       		.uleb128 0x3c
 912 00e3 19       		.uleb128 0x19
 913 00e4 6E       		.uleb128 0x6e
 914 00e5 0E       		.uleb128 0xe
 915 00e6 03       		.uleb128 0x3
ARM GAS  C:\Users\ESTEBAN\AppData\Local\Temp\ccrirlGq.s 			page 19


 916 00e7 0E       		.uleb128 0xe
 917 00e8 3A       		.uleb128 0x3a
 918 00e9 0B       		.uleb128 0xb
 919 00ea 3B       		.uleb128 0x3b
 920 00eb 0B       		.uleb128 0xb
 921 00ec 00       		.byte	0
 922 00ed 00       		.byte	0
 923 00ee 00       		.byte	0
 924              		.section	.debug_aranges,"",%progbits
 925 0000 1C000000 		.4byte	0x1c
 926 0004 0200     		.2byte	0x2
 927 0006 00000000 		.4byte	.Ldebug_info0
 928 000a 04       		.byte	0x4
 929 000b 00       		.byte	0
 930 000c 0000     		.2byte	0
 931 000e 0000     		.2byte	0
 932 0010 00000000 		.4byte	.LFB64
 933 0014 30010000 		.4byte	.LFE64-.LFB64
 934 0018 00000000 		.4byte	0
 935 001c 00000000 		.4byte	0
 936              		.section	.debug_ranges,"",%progbits
 937              	.Ldebug_ranges0:
 938 0000 00000000 		.4byte	.LFB64
 939 0004 30010000 		.4byte	.LFE64
 940 0008 00000000 		.4byte	0
 941 000c 00000000 		.4byte	0
 942              		.section	.debug_line,"",%progbits
 943              	.Ldebug_line0:
 944 0000 B7010000 		.section	.debug_str,"MS",%progbits,1
 944      02007901 
 944      00000201 
 944      FB0E0D00 
 944      01010101 
 945              	.LASF28:
 946 0000 44305F52 		.ascii	"D0_Read\000"
 946      65616400 
 947              	.LASF9:
 948 0008 5F5F696E 		.ascii	"__int32_t\000"
 948      7433325F 
 948      7400
 949              	.LASF25:
 950 0012 55415254 		.ascii	"UART_Start\000"
 950      5F537461 
 950      727400
 951              	.LASF12:
 952 001d 666C6F61 		.ascii	"float\000"
 952      7400
 953              	.LASF30:
 954 0023 44315F52 		.ascii	"D1_Read\000"
 954      65616400 
 955              	.LASF1:
 956 002b 756E7369 		.ascii	"unsigned char\000"
 956      676E6564 
 956      20636861 
 956      7200
 957              	.LASF32:
 958 0039 474E5520 		.ascii	"GNU C11 5.4.1 20160609 (release) [ARM/embedded-5-br"
ARM GAS  C:\Users\ESTEBAN\AppData\Local\Temp\ccrirlGq.s 			page 20


 958      43313120 
 958      352E342E 
 958      31203230 
 958      31363036 
 959 006c 616E6368 		.ascii	"anch revision 237715] -mcpu=cortex-m3 -mthumb -g -O"
 959      20726576 
 959      6973696F 
 959      6E203233 
 959      37373135 
 960 009f 67202D66 		.ascii	"g -ffunction-sections -ffat-lto-objects\000"
 960      66756E63 
 960      74696F6E 
 960      2D736563 
 960      74696F6E 
 961              	.LASF5:
 962 00c7 6C6F6E67 		.ascii	"long unsigned int\000"
 962      20756E73 
 962      69676E65 
 962      6420696E 
 962      7400
 963              	.LASF3:
 964 00d9 73686F72 		.ascii	"short unsigned int\000"
 964      7420756E 
 964      7369676E 
 964      65642069 
 964      6E7400
 965              	.LASF19:
 966 00ec 6461746F 		.ascii	"dato\000"
 966      00
 967              	.LASF17:
 968 00f1 49544D5F 		.ascii	"ITM_RxBuffer\000"
 968      52784275 
 968      66666572 
 968      00
 969              	.LASF13:
 970 00fe 646F7562 		.ascii	"double\000"
 970      6C6500
 971              	.LASF35:
 972 0105 6D61696E 		.ascii	"main\000"
 972      00
 973              	.LASF21:
 974 010a 766F6C74 		.ascii	"voltiosADC\000"
 974      696F7341 
 974      444300
 975              	.LASF11:
 976 0115 666C6F61 		.ascii	"float32\000"
 976      74333200 
 977              	.LASF18:
 978 011d 6E756D65 		.ascii	"numero\000"
 978      726F00
 979              	.LASF8:
 980 0124 756E7369 		.ascii	"unsigned int\000"
 980      676E6564 
 980      20696E74 
 980      00
 981              	.LASF7:
 982 0131 6C6F6E67 		.ascii	"long long unsigned int\000"
ARM GAS  C:\Users\ESTEBAN\AppData\Local\Temp\ccrirlGq.s 			page 21


 982      206C6F6E 
 982      6720756E 
 982      7369676E 
 982      65642069 
 983              	.LASF31:
 984 0148 44325F52 		.ascii	"D2_Read\000"
 984      65616400 
 985              	.LASF22:
 986 0150 7075626C 		.ascii	"publicar\000"
 986      69636172 
 986      00
 987              	.LASF34:
 988 0159 463A5C50 		.ascii	"F:\\Psoc\\el original\\digitales\\ADC+UART+MUX - co"
 988      736F635C 
 988      656C206F 
 988      72696769 
 988      6E616C5C 
 989 0188 7069615C 		.ascii	"pia\\Design01.cydsn\000"
 989      44657369 
 989      676E3031 
 989      2E637964 
 989      736E00
 990              	.LASF10:
 991 019b 696E7433 		.ascii	"int32_t\000"
 991      325F7400 
 992              	.LASF16:
 993 01a3 73697A65 		.ascii	"sizetype\000"
 993      74797065 
 993      00
 994              	.LASF6:
 995 01ac 6C6F6E67 		.ascii	"long long int\000"
 995      206C6F6E 
 995      6720696E 
 995      7400
 996              	.LASF33:
 997 01ba 6D61696E 		.ascii	"main.c\000"
 997      2E6300
 998              	.LASF14:
 999 01c1 63686172 		.ascii	"char\000"
 999      00
 1000              	.LASF26:
 1001 01c6 55415254 		.ascii	"UART_GetChar\000"
 1001      5F476574 
 1001      43686172 
 1001      00
 1002              	.LASF24:
 1003 01d3 63616E61 		.ascii	"canal\000"
 1003      6C00
 1004              	.LASF2:
 1005 01d9 73686F72 		.ascii	"short int\000"
 1005      7420696E 
 1005      7400
 1006              	.LASF23:
 1007 01e3 72656369 		.ascii	"recibir\000"
 1007      62697200 
 1008              	.LASF4:
 1009 01eb 6C6F6E67 		.ascii	"long int\000"
ARM GAS  C:\Users\ESTEBAN\AppData\Local\Temp\ccrirlGq.s 			page 22


 1009      20696E74 
 1009      00
 1010              	.LASF20:
 1011 01f4 76617269 		.ascii	"variable\000"
 1011      61626C65 
 1011      00
 1012              	.LASF15:
 1013 01fd 6C6F6E67 		.ascii	"long double\000"
 1013      20646F75 
 1013      626C6500 
 1014              	.LASF0:
 1015 0209 7369676E 		.ascii	"signed char\000"
 1015      65642063 
 1015      68617200 
 1016              	.LASF29:
 1017 0215 55415254 		.ascii	"UART_PutString\000"
 1017      5F507574 
 1017      53747269 
 1017      6E6700
 1018              	.LASF27:
 1019 0224 43794465 		.ascii	"CyDelay\000"
 1019      6C617900 
 1020              		.ident	"GCC: (GNU Tools for ARM Embedded Processors) 5.4.1 20160609 (release) [ARM/embedded-5-bran
