
ROM used:   4498/32768 (14%)
            4498/32768 (14%) including unused fragments

            0.8 Average locations per line
            7.8 Average locations per statement

RAM used:   316/2048 (15%) at main() level
            349/2048 (17%) worst case

Stack used: 13 worst case (4 in main + 9 for interrupts)
Stack size: 31

Lines Stmts  %   Files
----- ----- ---  -----
  134    40   7  USB_Monitor.c
  837     0   0  C:\Program Files (x86)\PICC\Devices\18F4550.h
  228     0   0  C:\Program Files (x86)\PICC\Drivers\pic18_usb.h
  328     0   0  C:\Program Files (x86)\PICC\Drivers\usb_hw_layer.h
  151     0   0  include\rr2_USB_Monitor.h
 1103     0   0  C:\Program Files (x86)\PICC\Drivers\usb.h
 1177   218  38  C:\Program Files (x86)\PICC\Drivers\usb.c
 1406   317  55  C:\Program Files (x86)\PICC\Drivers\pic18_usb.c
----- -----
 5364   575 Total

Page ROM  %  RAM   Vol Diff  Functions:
---- --- --- ---   --- ----  ----------
0     40   0    1             @delay_ms1
0     32   0    0             @const748
0     66   1    0             @const754
0     48   1    0             @const760
0     18   0    0             @const763
0     34   0    0             @const766
0     20   0    0             @const769
0     50   1    0             @const772
0     56   1    4   139  4.3  usb_kbhit
0     64   1    4   139  4.3  usb_tbe
0     36   0    1   145  3.2  usb_detach
0     34   0    0   136  2.2  usb_attach
0      6   0    0    16  1.0  usb_init_cs
0     34   0    1   367  5.2  usb_task
0     14   0    0    61  2.5  usb_init
0    214   2    9  1092  5.4  usb_flush_in
0    162   2   10   344  6.1  usb_put_packet
0    198   2    9   914  5.0  usb_flush_out
0    194   2   12   652  5.9  usb_get_packet_buffer
0     64   1    5   154  3.9  usb_get_packet
0     70   1    6   258  4.6  usb_stall_ep
0     68   1    6   266  4.6  usb_unstall_ep
0     86   1    5   373  6.0  usb_endpoint_stalled
0     22   0    1    94  2.7  usb_set_address
0    434   5   12  1774 10.4  usb_set_configured
0     76   1    5   199  3.2  usb_disable_endpoint
0     22   0    1    99  3.0  usb_disable_endpoints
0      4   0    0    61  4.0  usb_clear_trn
0    114   1    2   662  6.8  usb_isr
0      6   0    0    43  2.0  usb_isr_sof
0     42   0    0   357  4.2  usb_isr_rst
0     32   0    0   508  4.0  usb_init_ep0_setup
0      8   0    0    74  2.8  usb_isr_uerr
0     10   0    0    82  2.8  usb_isr_uidle
0     16   0    0   102  3.3  usb_isr_activity
0     14   0    0   151  3.9  usb_isr_stall
0      6   0    1    30  1.7  usb_request_send_response
0      4   0    0    22  1.2  usb_request_stall
0    202   2    2  3177  9.3  usb_isr_tok_dne
0      8   0    0    29  1.9  usb_enumerated
0     12   0    0    52  2.1  usb_wait_for_enumeration
0     40   0    3   255  4.0  usb_token_reset
0     86   1    3   274  5.9  usb_endpoint_is_valid
0     22   0    1   158  3.1  usb_isr_tok_in_dne
0      6   0    1    53  1.9  usb_isr_tok_out_dne
0     42   0    0   293  5.8  usb_isr_tok_setup_dne
0    170   2    0  1454  8.3  usb_isr_tkn_setup_StandardDevice
0    150   2    3   933  7.7  usb_isr_tkn_setup_StandardInterface
0     94   1    0   753  5.8  usb_isr_tkn_setup_StandardEndpoint
0    144   2    1   790  7.7  usb_Get_Descriptor
0     14   0    0    76  1.8  usb_finish_set_address
0    150   2    4   613  6.9  usb_copy_desc_seg_to_ep
0    404   4    1  1073  4.3  MAIN
0     22   0    0             @const982
0     32   0    3             @PSTRINGCN_9600_31766_31767
0     38   0    2             @PSTRINGR_9600_31766_31767
0     24   0    0             @const986
0     34   0    2             @PSTRINGC_9600_31766_31767
0     24   0    0             @const988
0     40   0    0             @const989
0     24   0    0             @const990
0     24   0    0             @const991
0     30   0    0             @const992
0     34   0    0             @const993
0     32   0    0             @const994
0     32   0    0             @const995
 Inline         0             @cinit1

Program metrics:
    Functions               45
    Statements              575
    Comments                2353
    Volume (V)              34994
    Difficulty (D)          201.0
    Effort to implement (E) 7034061
    Time to implement (T)   108 hours, 33 minutes
    Est Delivered Bugs (B)  12
    Cyclomatic Complexity   108
    Maintainability (MI)    46

 Segment     Used  Free
-----------  ----  ----
00000-00002     4  0  
00004-00006     4  0  
00008-00094   142  0  
00096-07FFE  4348  28270  



