ARM GAS  C:\Users\HENRYA~1\AppData\Local\Temp\ccoj2IyB.s 			page 1


   1              		.syntax unified
   2              		.cpu cortex-m3
   3              		.fpu softvfp
   4              		.eabi_attribute 20, 1
   5              		.eabi_attribute 21, 1
   6              		.eabi_attribute 23, 3
   7              		.eabi_attribute 24, 1
   8              		.eabi_attribute 25, 1
   9              		.eabi_attribute 26, 1
  10              		.eabi_attribute 30, 1
  11              		.eabi_attribute 34, 1
  12              		.eabi_attribute 18, 4
  13              		.thumb
  14              		.file	"cymetadata.c"
  15              		.text
  16              	.Ltext0:
  17              		.cfi_sections	.debug_frame
  18              		.global	cy_metadata
  19              		.global	cy_meta_flashprotect
  20              		.global	cy_meta_wonvl
  21              		.global	cy_meta_custnvl
  22              		.global	cy_meta_configecc
  23              		.section	.cyconfigecc,"a",%progbits
  24              		.align	2
  25              		.type	cy_meta_configecc, %object
  26              		.size	cy_meta_configecc, 832
  27              	cy_meta_configecc:
  28 0000 01       		.byte	1
  29 0001 52       		.byte	82
  30 0002 00       		.byte	0
  31 0003 40       		.byte	64
  32 0004 08       		.byte	8
  33 0005 64       		.byte	100
  34 0006 00       		.byte	0
  35 0007 40       		.byte	64
  36 0008 01       		.byte	1
  37 0009 03       		.byte	3
  38 000a 01       		.byte	1
  39 000b 40       		.byte	64
  40 000c 01       		.byte	1
  41 000d 07       		.byte	7
  42 000e 01       		.byte	1
  43 000f 40       		.byte	64
  44 0010 32       		.byte	50
  45 0011 08       		.byte	8
  46 0012 01       		.byte	1
  47 0013 40       		.byte	64
  48 0014 26       		.byte	38
  49 0015 09       		.byte	9
  50 0016 01       		.byte	1
  51 0017 40       		.byte	64
  52 0018 45       		.byte	69
  53 0019 0A       		.byte	10
  54 001a 01       		.byte	1
  55 001b 40       		.byte	64
  56 001c 2D       		.byte	45
  57 001d 0B       		.byte	11
ARM GAS  C:\Users\HENRYA~1\AppData\Local\Temp\ccoj2IyB.s 			page 2


  58 001e 01       		.byte	1
  59 001f 40       		.byte	64
  60 0020 4D       		.byte	77
  61 0021 0C       		.byte	12
  62 0022 01       		.byte	1
  63 0023 40       		.byte	64
  64 0024 2D       		.byte	45
  65 0025 0D       		.byte	13
  66 0026 01       		.byte	1
  67 0027 40       		.byte	64
  68 0028 02       		.byte	2
  69 0029 40       		.byte	64
  70 002a 01       		.byte	1
  71 002b 40       		.byte	64
  72 002c 03       		.byte	3
  73 002d 41       		.byte	65
  74 002e 01       		.byte	1
  75 002f 40       		.byte	64
  76 0030 02       		.byte	2
  77 0031 43       		.byte	67
  78 0032 01       		.byte	1
  79 0033 40       		.byte	64
  80 0034 03       		.byte	3
  81 0035 45       		.byte	69
  82 0036 01       		.byte	1
  83 0037 40       		.byte	64
  84 0038 03       		.byte	3
  85 0039 46       		.byte	70
  86 003a 01       		.byte	1
  87 003b 40       		.byte	64
  88 003c 03       		.byte	3
  89 003d 47       		.byte	71
  90 003e 01       		.byte	1
  91 003f 40       		.byte	64
  92 0040 01       		.byte	1
  93 0041 48       		.byte	72
  94 0042 01       		.byte	1
  95 0043 40       		.byte	64
  96 0044 03       		.byte	3
  97 0045 49       		.byte	73
  98 0046 01       		.byte	1
  99 0047 40       		.byte	64
 100 0048 03       		.byte	3
 101 0049 50       		.byte	80
 102 004a 01       		.byte	1
 103 004b 40       		.byte	64
 104 004c 01       		.byte	1
 105 004d 51       		.byte	81
 106 004e 01       		.byte	1
 107 004f 40       		.byte	64
 108 0050 2E       		.byte	46
 109 0051 7F       		.byte	127
 110 0052 08       		.byte	8
 111 0053 FF       		.byte	-1
 112 0054 0C       		.byte	12
 113 0055 FF       		.byte	-1
 114 0056 0D       		.byte	13
ARM GAS  C:\Users\HENRYA~1\AppData\Local\Temp\ccoj2IyB.s 			page 3


 115 0057 FF       		.byte	-1
 116 0058 1C       		.byte	28
 117 0059 FF       		.byte	-1
 118 005a 1D       		.byte	29
 119 005b FF       		.byte	-1
 120 005c 2C       		.byte	44
 121 005d FF       		.byte	-1
 122 005e 2D       		.byte	45
 123 005f FF       		.byte	-1
 124 0060 8A       		.byte	-118
 125 0061 1F       		.byte	31
 126 0062 E2       		.byte	-30
 127 0063 08       		.byte	8
 128 0064 E6       		.byte	-26
 129 0065 04       		.byte	4
 130 0066 0A       		.byte	10
 131 0067 01       		.byte	1
 132 0068 0C       		.byte	12
 133 0069 04       		.byte	4
 134 006a 1C       		.byte	28
 135 006b 04       		.byte	4
 136 006c 26       		.byte	38
 137 006d 02       		.byte	2
 138 006e 2C       		.byte	44
 139 006f 01       		.byte	1
 140 0070 2E       		.byte	46
 141 0071 02       		.byte	2
 142 0072 30       		.byte	48
 143 0073 03       		.byte	3
 144 0074 34       		.byte	52
 145 0075 04       		.byte	4
 146 0076 38       		.byte	56
 147 0077 20       		.byte	32
 148 0078 3E       		.byte	62
 149 0079 01       		.byte	1
 150 007a 40       		.byte	64
 151 007b 56       		.byte	86
 152 007c 45       		.byte	69
 153 007d 40       		.byte	64
 154 007e 46       		.byte	70
 155 007f 02       		.byte	2
 156 0080 47       		.byte	71
 157 0081 50       		.byte	80
 158 0082 48       		.byte	72
 159 0083 26       		.byte	38
 160 0084 49       		.byte	73
 161 0085 FF       		.byte	-1
 162 0086 4A       		.byte	74
 163 0087 FF       		.byte	-1
 164 0088 4B       		.byte	75
 165 0089 FF       		.byte	-1
 166 008a 4C       		.byte	76
 167 008b 02       		.byte	2
 168 008c 4D       		.byte	77
 169 008d 20       		.byte	32
 170 008e 4F       		.byte	79
 171 008f 05       		.byte	5
ARM GAS  C:\Users\HENRYA~1\AppData\Local\Temp\ccoj2IyB.s 			page 4


 172 0090 51       		.byte	81
 173 0091 10       		.byte	16
 174 0092 58       		.byte	88
 175 0093 04       		.byte	4
 176 0094 5A       		.byte	90
 177 0095 04       		.byte	4
 178 0096 5F       		.byte	95
 179 0097 01       		.byte	1
 180 0098 60       		.byte	96
 181 0099 40       		.byte	64
 182 009a 61       		.byte	97
 183 009b 40       		.byte	64
 184 009c 62       		.byte	98
 185 009d 80       		.byte	-128
 186 009e 64       		.byte	100
 187 009f 80       		.byte	-128
 188 00a0 66       		.byte	102
 189 00a1 80       		.byte	-128
 190 00a2 84       		.byte	-124
 191 00a3 03       		.byte	3
 192 00a4 85       		.byte	-123
 193 00a5 02       		.byte	2
 194 00a6 87       		.byte	-121
 195 00a7 01       		.byte	1
 196 00a8 89       		.byte	-119
 197 00a9 02       		.byte	2
 198 00aa 8E       		.byte	-114
 199 00ab 01       		.byte	1
 200 00ac 91       		.byte	-111
 201 00ad 03       		.byte	3
 202 00ae 94       		.byte	-108
 203 00af 01       		.byte	1
 204 00b0 96       		.byte	-106
 205 00b1 02       		.byte	2
 206 00b2 99       		.byte	-103
 207 00b3 01       		.byte	1
 208 00b4 9B       		.byte	-101
 209 00b5 02       		.byte	2
 210 00b6 9C       		.byte	-100
 211 00b7 02       		.byte	2
 212 00b8 9E       		.byte	-98
 213 00b9 01       		.byte	1
 214 00ba AA       		.byte	-86
 215 00bb 02       		.byte	2
 216 00bc B5       		.byte	-75
 217 00bd 03       		.byte	3
 218 00be B6       		.byte	-74
 219 00bf 03       		.byte	3
 220 00c0 D2       		.byte	-46
 221 00c1 17       		.byte	23
 222 00c2 D8       		.byte	-40
 223 00c3 04       		.byte	4
 224 00c4 D9       		.byte	-39
 225 00c5 04       		.byte	4
 226 00c6 DB       		.byte	-37
 227 00c7 04       		.byte	4
 228 00c8 DF       		.byte	-33
ARM GAS  C:\Users\HENRYA~1\AppData\Local\Temp\ccoj2IyB.s 			page 5


 229 00c9 01       		.byte	1
 230 00ca 00       		.byte	0
 231 00cb 04       		.byte	4
 232 00cc 01       		.byte	1
 233 00cd 40       		.byte	64
 234 00ce 05       		.byte	5
 235 00cf 10       		.byte	16
 236 00d0 06       		.byte	6
 237 00d1 01       		.byte	1
 238 00d2 0A       		.byte	10
 239 00d3 22       		.byte	34
 240 00d4 0F       		.byte	15
 241 00d5 02       		.byte	2
 242 00d6 10       		.byte	16
 243 00d7 08       		.byte	8
 244 00d8 16       		.byte	22
 245 00d9 22       		.byte	34
 246 00da 18       		.byte	24
 247 00db 02       		.byte	2
 248 00dc 1A       		.byte	26
 249 00dd 02       		.byte	2
 250 00de 1D       		.byte	29
 251 00df 10       		.byte	16
 252 00e0 1E       		.byte	30
 253 00e1 08       		.byte	8
 254 00e2 1F       		.byte	31
 255 00e3 21       		.byte	33
 256 00e4 22       		.byte	34
 257 00e5 10       		.byte	16
 258 00e6 32       		.byte	50
 259 00e7 11       		.byte	17
 260 00e8 38       		.byte	56
 261 00e9 04       		.byte	4
 262 00ea 39       		.byte	57
 263 00eb 10       		.byte	16
 264 00ec 4F       		.byte	79
 265 00ed A2       		.byte	-94
 266 00ee 56       		.byte	86
 267 00ef 01       		.byte	1
 268 00f0 57       		.byte	87
 269 00f1 40       		.byte	64
 270 00f2 68       		.byte	104
 271 00f3 08       		.byte	8
 272 00f4 69       		.byte	105
 273 00f5 54       		.byte	84
 274 00f6 72       		.byte	114
 275 00f7 02       		.byte	2
 276 00f8 83       		.byte	-125
 277 00f9 01       		.byte	1
 278 00fa 90       		.byte	-112
 279 00fb 04       		.byte	4
 280 00fc 94       		.byte	-108
 281 00fd 02       		.byte	2
 282 00fe 95       		.byte	-107
 283 00ff 44       		.byte	68
 284 0100 96       		.byte	-106
 285 0101 22       		.byte	34
ARM GAS  C:\Users\HENRYA~1\AppData\Local\Temp\ccoj2IyB.s 			page 6


 286 0102 9A       		.byte	-102
 287 0103 20       		.byte	32
 288 0104 A3       		.byte	-93
 289 0105 10       		.byte	16
 290 0106 A6       		.byte	-90
 291 0107 04       		.byte	4
 292 0108 A7       		.byte	-89
 293 0109 20       		.byte	32
 294 010a C0       		.byte	-64
 295 010b C5       		.byte	-59
 296 010c C2       		.byte	-62
 297 010d 85       		.byte	-123
 298 010e C4       		.byte	-60
 299 010f A2       		.byte	-94
 300 0110 CC       		.byte	-52
 301 0111 05       		.byte	5
 302 0112 CE       		.byte	-50
 303 0113 06       		.byte	6
 304 0114 D2       		.byte	-46
 305 0115 30       		.byte	48
 306 0116 03       		.byte	3
 307 0117 02       		.byte	2
 308 0118 04       		.byte	4
 309 0119 01       		.byte	1
 310 011a 07       		.byte	7
 311 011b 02       		.byte	2
 312 011c 09       		.byte	9
 313 011d 3D       		.byte	61
 314 011e 0B       		.byte	11
 315 011f 02       		.byte	2
 316 0120 0D       		.byte	13
 317 0121 26       		.byte	38
 318 0122 0E       		.byte	14
 319 0123 01       		.byte	1
 320 0124 0F       		.byte	15
 321 0125 19       		.byte	25
 322 0126 14       		.byte	20
 323 0127 01       		.byte	1
 324 0128 15       		.byte	21
 325 0129 3F       		.byte	63
 326 012a 19       		.byte	25
 327 012b 3B       		.byte	59
 328 012c 1B       		.byte	27
 329 012d 04       		.byte	4
 330 012e 1C       		.byte	28
 331 012f 01       		.byte	1
 332 0130 21       		.byte	33
 333 0131 10       		.byte	16
 334 0132 23       		.byte	35
 335 0133 01       		.byte	1
 336 0134 25       		.byte	37
 337 0135 08       		.byte	8
 338 0136 27       		.byte	39
 339 0137 01       		.byte	1
 340 0138 29       		.byte	41
 341 0139 1F       		.byte	31
 342 013a 2B       		.byte	43
ARM GAS  C:\Users\HENRYA~1\AppData\Local\Temp\ccoj2IyB.s 			page 7


 343 013b 20       		.byte	32
 344 013c 2D       		.byte	45
 345 013d 04       		.byte	4
 346 013e 33       		.byte	51
 347 013f 03       		.byte	3
 348 0140 34       		.byte	52
 349 0141 01       		.byte	1
 350 0142 35       		.byte	53
 351 0143 3C       		.byte	60
 352 0144 40       		.byte	64
 353 0145 04       		.byte	4
 354 0146 41       		.byte	65
 355 0147 02       		.byte	2
 356 0148 49       		.byte	73
 357 0149 FF       		.byte	-1
 358 014a 4A       		.byte	74
 359 014b FF       		.byte	-1
 360 014c 4B       		.byte	75
 361 014d FF       		.byte	-1
 362 014e 4C       		.byte	76
 363 014f 02       		.byte	2
 364 0150 4D       		.byte	77
 365 0151 0C       		.byte	12
 366 0152 4E       		.byte	78
 367 0153 F8       		.byte	-8
 368 0154 56       		.byte	86
 369 0155 02       		.byte	2
 370 0156 58       		.byte	88
 371 0157 04       		.byte	4
 372 0158 59       		.byte	89
 373 0159 04       		.byte	4
 374 015a 5A       		.byte	90
 375 015b 04       		.byte	4
 376 015c 5B       		.byte	91
 377 015d 04       		.byte	4
 378 015e 5E       		.byte	94
 379 015f 08       		.byte	8
 380 0160 5F       		.byte	95
 381 0161 01       		.byte	1
 382 0162 62       		.byte	98
 383 0163 48       		.byte	72
 384 0164 63       		.byte	99
 385 0165 A1       		.byte	-95
 386 0166 68       		.byte	104
 387 0167 F0       		.byte	-16
 388 0168 6A       		.byte	106
 389 0169 F0       		.byte	-16
 390 016a 6C       		.byte	108
 391 016b F0       		.byte	-16
 392 016c 6E       		.byte	110
 393 016d F0       		.byte	-16
 394 016e 9A       		.byte	-102
 395 016f 01       		.byte	1
 396 0170 A7       		.byte	-89
 397 0171 01       		.byte	1
 398 0172 AC       		.byte	-84
 399 0173 01       		.byte	1
ARM GAS  C:\Users\HENRYA~1\AppData\Local\Temp\ccoj2IyB.s 			page 8


 400 0174 B0       		.byte	-80
 401 0175 01       		.byte	1
 402 0176 B1       		.byte	-79
 403 0177 01       		.byte	1
 404 0178 B6       		.byte	-74
 405 0179 01       		.byte	1
 406 017a C0       		.byte	-64
 407 017b 01       		.byte	1
 408 017c C1       		.byte	-63
 409 017d 06       		.byte	6
 410 017e C6       		.byte	-58
 411 017f A0       		.byte	-96
 412 0180 C9       		.byte	-55
 413 0181 FF       		.byte	-1
 414 0182 CA       		.byte	-54
 415 0183 FF       		.byte	-1
 416 0184 CB       		.byte	-53
 417 0185 FF       		.byte	-1
 418 0186 CC       		.byte	-52
 419 0187 03       		.byte	3
 420 0188 CD       		.byte	-51
 421 0189 0C       		.byte	12
 422 018a CE       		.byte	-50
 423 018b F4       		.byte	-12
 424 018c D8       		.byte	-40
 425 018d 04       		.byte	4
 426 018e D9       		.byte	-39
 427 018f 04       		.byte	4
 428 0190 DA       		.byte	-38
 429 0191 04       		.byte	4
 430 0192 DF       		.byte	-33
 431 0193 01       		.byte	1
 432 0194 E2       		.byte	-30
 433 0195 48       		.byte	72
 434 0196 E3       		.byte	-29
 435 0197 A1       		.byte	-95
 436 0198 E8       		.byte	-24
 437 0199 F0       		.byte	-16
 438 019a EA       		.byte	-22
 439 019b F0       		.byte	-16
 440 019c EC       		.byte	-20
 441 019d F0       		.byte	-16
 442 019e EE       		.byte	-18
 443 019f F0       		.byte	-16
 444 01a0 00       		.byte	0
 445 01a1 04       		.byte	4
 446 01a2 01       		.byte	1
 447 01a3 40       		.byte	64
 448 01a4 08       		.byte	8
 449 01a5 04       		.byte	4
 450 01a6 0A       		.byte	10
 451 01a7 22       		.byte	34
 452 01a8 0E       		.byte	14
 453 01a9 08       		.byte	8
 454 01aa 17       		.byte	23
 455 01ab 80       		.byte	-128
 456 01ac 18       		.byte	24
ARM GAS  C:\Users\HENRYA~1\AppData\Local\Temp\ccoj2IyB.s 			page 9


 457 01ad 04       		.byte	4
 458 01ae 1B       		.byte	27
 459 01af 10       		.byte	16
 460 01b0 1C       		.byte	28
 461 01b1 40       		.byte	64
 462 01b2 1D       		.byte	29
 463 01b3 80       		.byte	-128
 464 01b4 20       		.byte	32
 465 01b5 10       		.byte	16
 466 01b6 22       		.byte	34
 467 01b7 28       		.byte	40
 468 01b8 27       		.byte	39
 469 01b9 80       		.byte	-128
 470 01ba 29       		.byte	41
 471 01bb 18       		.byte	24
 472 01bc 2A       		.byte	42
 473 01bd 80       		.byte	-128
 474 01be 2B       		.byte	43
 475 01bf 40       		.byte	64
 476 01c0 2F       		.byte	47
 477 01c1 20       		.byte	32
 478 01c2 30       		.byte	48
 479 01c3 04       		.byte	4
 480 01c4 32       		.byte	50
 481 01c5 20       		.byte	32
 482 01c6 38       		.byte	56
 483 01c7 92       		.byte	-110
 484 01c8 39       		.byte	57
 485 01c9 04       		.byte	4
 486 01ca 40       		.byte	64
 487 01cb 44       		.byte	68
 488 01cc 45       		.byte	69
 489 01cd 80       		.byte	-128
 490 01ce 4F       		.byte	79
 491 01cf 20       		.byte	32
 492 01d0 56       		.byte	86
 493 01d1 20       		.byte	32
 494 01d2 72       		.byte	114
 495 01d3 80       		.byte	-128
 496 01d4 73       		.byte	115
 497 01d5 40       		.byte	64
 498 01d6 7B       		.byte	123
 499 01d7 10       		.byte	16
 500 01d8 90       		.byte	-112
 501 01d9 80       		.byte	-128
 502 01da 95       		.byte	-107
 503 01db 04       		.byte	4
 504 01dc 96       		.byte	-106
 505 01dd 22       		.byte	34
 506 01de 97       		.byte	-105
 507 01df 40       		.byte	64
 508 01e0 99       		.byte	-103
 509 01e1 18       		.byte	24
 510 01e2 A3       		.byte	-93
 511 01e3 40       		.byte	64
 512 01e4 A6       		.byte	-90
 513 01e5 28       		.byte	40
ARM GAS  C:\Users\HENRYA~1\AppData\Local\Temp\ccoj2IyB.s 			page 10


 514 01e6 B6       		.byte	-74
 515 01e7 40       		.byte	64
 516 01e8 C0       		.byte	-64
 517 01e9 05       		.byte	5
 518 01ea C2       		.byte	-62
 519 01eb 45       		.byte	69
 520 01ec C4       		.byte	-60
 521 01ed 80       		.byte	-128
 522 01ee CA       		.byte	-54
 523 01ef 4F       		.byte	79
 524 01f0 CC       		.byte	-52
 525 01f1 06       		.byte	6
 526 01f2 CE       		.byte	-50
 527 01f3 0F       		.byte	15
 528 01f4 D0       		.byte	-48
 529 01f5 15       		.byte	21
 530 01f6 D2       		.byte	-46
 531 01f7 20       		.byte	32
 532 01f8 DE       		.byte	-34
 533 01f9 02       		.byte	2
 534 01fa 08       		.byte	8
 535 01fb 19       		.byte	25
 536 01fc 0A       		.byte	10
 537 01fd 04       		.byte	4
 538 01fe 0E       		.byte	14
 539 01ff 1B       		.byte	27
 540 0200 10       		.byte	16
 541 0201 11       		.byte	17
 542 0202 12       		.byte	18
 543 0203 02       		.byte	2
 544 0204 18       		.byte	24
 545 0205 0A       		.byte	10
 546 0206 1A       		.byte	26
 547 0207 01       		.byte	1
 548 0208 32       		.byte	50
 549 0209 06       		.byte	6
 550 020a 34       		.byte	52
 551 020b 18       		.byte	24
 552 020c 36       		.byte	54
 553 020d 01       		.byte	1
 554 020e 3E       		.byte	62
 555 020f 54       		.byte	84
 556 0210 40       		.byte	64
 557 0211 13       		.byte	19
 558 0212 41       		.byte	65
 559 0213 02       		.byte	2
 560 0214 45       		.byte	69
 561 0215 02       		.byte	2
 562 0216 46       		.byte	70
 563 0217 26       		.byte	38
 564 0218 48       		.byte	72
 565 0219 0D       		.byte	13
 566 021a 58       		.byte	88
 567 021b 04       		.byte	4
 568 021c 5A       		.byte	90
 569 021d 04       		.byte	4
 570 021e 5F       		.byte	95
ARM GAS  C:\Users\HENRYA~1\AppData\Local\Temp\ccoj2IyB.s 			page 11


 571 021f 01       		.byte	1
 572 0220 61       		.byte	97
 573 0221 0C       		.byte	12
 574 0222 62       		.byte	98
 575 0223 F0       		.byte	-16
 576 0224 63       		.byte	99
 577 0225 0C       		.byte	12
 578 0226 65       		.byte	101
 579 0227 0C       		.byte	12
 580 0228 67       		.byte	103
 581 0229 0C       		.byte	12
 582 022a 68       		.byte	104
 583 022b 40       		.byte	64
 584 022c 69       		.byte	105
 585 022d 4C       		.byte	76
 586 022e 6A       		.byte	106
 587 022f 40       		.byte	64
 588 0230 6B       		.byte	107
 589 0231 4C       		.byte	76
 590 0232 6C       		.byte	108
 591 0233 90       		.byte	-112
 592 0234 6D       		.byte	109
 593 0235 58       		.byte	88
 594 0236 6F       		.byte	111
 595 0237 0C       		.byte	12
 596 0238 86       		.byte	-122
 597 0239 01       		.byte	1
 598 023a 89       		.byte	-119
 599 023b 29       		.byte	41
 600 023c 8C       		.byte	-116
 601 023d 03       		.byte	3
 602 023e 92       		.byte	-110
 603 023f 02       		.byte	2
 604 0240 94       		.byte	-108
 605 0241 03       		.byte	3
 606 0242 97       		.byte	-105
 607 0243 60       		.byte	96
 608 0244 98       		.byte	-104
 609 0245 03       		.byte	3
 610 0246 9B       		.byte	-101
 611 0247 03       		.byte	3
 612 0248 9E       		.byte	-98
 613 0249 01       		.byte	1
 614 024a 9F       		.byte	-97
 615 024b 7B       		.byte	123
 616 024c A1       		.byte	-95
 617 024d 52       		.byte	82
 618 024e A4       		.byte	-92
 619 024f 01       		.byte	1
 620 0250 A6       		.byte	-90
 621 0251 02       		.byte	2
 622 0252 A8       		.byte	-88
 623 0253 03       		.byte	3
 624 0254 A9       		.byte	-87
 625 0255 78       		.byte	120
 626 0256 AB       		.byte	-85
 627 0257 04       		.byte	4
ARM GAS  C:\Users\HENRYA~1\AppData\Local\Temp\ccoj2IyB.s 			page 12


 628 0258 AD       		.byte	-83
 629 0259 7B       		.byte	123
 630 025a B0       		.byte	-80
 631 025b 02       		.byte	2
 632 025c B1       		.byte	-79
 633 025d 60       		.byte	96
 634 025e B3       		.byte	-77
 635 025f 18       		.byte	24
 636 0260 B4       		.byte	-76
 637 0261 01       		.byte	1
 638 0262 B5       		.byte	-75
 639 0263 07       		.byte	7
 640 0264 BF       		.byte	-65
 641 0265 15       		.byte	21
 642 0266 C0       		.byte	-64
 643 0267 42       		.byte	66
 644 0268 C1       		.byte	-63
 645 0269 03       		.byte	3
 646 026a C5       		.byte	-59
 647 026b 06       		.byte	6
 648 026c C7       		.byte	-57
 649 026d 02       		.byte	2
 650 026e C8       		.byte	-56
 651 026f 11       		.byte	17
 652 0270 D6       		.byte	-42
 653 0271 08       		.byte	8
 654 0272 D8       		.byte	-40
 655 0273 04       		.byte	4
 656 0274 D9       		.byte	-39
 657 0275 04       		.byte	4
 658 0276 DA       		.byte	-38
 659 0277 04       		.byte	4
 660 0278 DB       		.byte	-37
 661 0279 0F       		.byte	15
 662 027a DF       		.byte	-33
 663 027b 01       		.byte	1
 664 027c E1       		.byte	-31
 665 027d 0C       		.byte	12
 666 027e E2       		.byte	-30
 667 027f F0       		.byte	-16
 668 0280 E3       		.byte	-29
 669 0281 0C       		.byte	12
 670 0282 E5       		.byte	-27
 671 0283 0C       		.byte	12
 672 0284 E7       		.byte	-25
 673 0285 0C       		.byte	12
 674 0286 E8       		.byte	-24
 675 0287 40       		.byte	64
 676 0288 E9       		.byte	-23
 677 0289 4C       		.byte	76
 678 028a EA       		.byte	-22
 679 028b 40       		.byte	64
 680 028c EB       		.byte	-21
 681 028d 4C       		.byte	76
 682 028e EC       		.byte	-20
 683 028f 90       		.byte	-112
 684 0290 ED       		.byte	-19
ARM GAS  C:\Users\HENRYA~1\AppData\Local\Temp\ccoj2IyB.s 			page 13


 685 0291 58       		.byte	88
 686 0292 EF       		.byte	-17
 687 0293 0C       		.byte	12
 688 0294 01       		.byte	1
 689 0295 04       		.byte	4
 690 0296 03       		.byte	3
 691 0297 02       		.byte	2
 692 0298 04       		.byte	4
 693 0299 80       		.byte	-128
 694 029a 05       		.byte	5
 695 029b 10       		.byte	16
 696 029c 08       		.byte	8
 697 029d 01       		.byte	1
 698 029e 0A       		.byte	10
 699 029f 26       		.byte	38
 700 02a0 0B       		.byte	11
 701 02a1 40       		.byte	64
 702 02a2 0F       		.byte	15
 703 02a3 88       		.byte	-120
 704 02a4 12       		.byte	18
 705 02a5 28       		.byte	40
 706 02a6 18       		.byte	24
 707 02a7 80       		.byte	-128
 708 02a8 19       		.byte	25
 709 02a9 10       		.byte	16
 710 02aa 1A       		.byte	26
 711 02ab 84       		.byte	-124
 712 02ac 1B       		.byte	27
 713 02ad 02       		.byte	2
 714 02ae 1D       		.byte	29
 715 02af A8       		.byte	-88
 716 02b0 20       		.byte	32
 717 02b1 54       		.byte	84
 718 02b2 28       		.byte	40
 719 02b3 02       		.byte	2
 720 02b4 29       		.byte	41
 721 02b5 10       		.byte	16
 722 02b6 2B       		.byte	43
 723 02b7 40       		.byte	64
 724 02b8 30       		.byte	48
 725 02b9 28       		.byte	40
 726 02ba 32       		.byte	50
 727 02bb 40       		.byte	64
 728 02bc 3A       		.byte	58
 729 02bd 20       		.byte	32
 730 02be 40       		.byte	64
 731 02bf 54       		.byte	84
 732 02c0 45       		.byte	69
 733 02c1 A8       		.byte	-88
 734 02c2 48       		.byte	72
 735 02c3 20       		.byte	32
 736 02c4 4D       		.byte	77
 737 02c5 08       		.byte	8
 738 02c6 4F       		.byte	79
 739 02c7 08       		.byte	8
 740 02c8 50       		.byte	80
 741 02c9 08       		.byte	8
ARM GAS  C:\Users\HENRYA~1\AppData\Local\Temp\ccoj2IyB.s 			page 14


 742 02ca 56       		.byte	86
 743 02cb 20       		.byte	32
 744 02cc 57       		.byte	87
 745 02cd 40       		.byte	64
 746 02ce 5A       		.byte	90
 747 02cf 40       		.byte	64
 748 02d0 60       		.byte	96
 749 02d1 02       		.byte	2
 750 02d2 78       		.byte	120
 751 02d3 01       		.byte	1
 752 02d4 84       		.byte	-124
 753 02d5 02       		.byte	2
 754 02d6 86       		.byte	-122
 755 02d7 08       		.byte	8
 756 02d8 C0       		.byte	-64
 757 02d9 C5       		.byte	-59
 758 02da C2       		.byte	-62
 759 02db 5F       		.byte	95
 760 02dc C4       		.byte	-60
 761 02dd 06       		.byte	6
 762 02de CA       		.byte	-54
 763 02df 0D       		.byte	13
 764 02e0 CC       		.byte	-52
 765 02e1 0E       		.byte	14
 766 02e2 CE       		.byte	-50
 767 02e3 04       		.byte	4
 768 02e4 D0       		.byte	-48
 769 02e5 77       		.byte	119
 770 02e6 D6       		.byte	-42
 771 02e7 08       		.byte	8
 772 02e8 D8       		.byte	-40
 773 02e9 08       		.byte	8
 774 02ea DE       		.byte	-34
 775 02eb 01       		.byte	1
 776 02ec E4       		.byte	-28
 777 02ed 02       		.byte	2
 778 02ee 31       		.byte	49
 779 02ef 20       		.byte	32
 780 02f0 CC       		.byte	-52
 781 02f1 10       		.byte	16
 782 02f2 85       		.byte	-123
 783 02f3 20       		.byte	32
 784 02f4 A5       		.byte	-91
 785 02f5 20       		.byte	32
 786 02f6 E2       		.byte	-30
 787 02f7 10       		.byte	16
 788 02f8 83       		.byte	-125
 789 02f9 20       		.byte	32
 790 02fa E6       		.byte	-26
 791 02fb 20       		.byte	32
 792 02fc 11       		.byte	17
 793 02fd 08       		.byte	8
 794 02fe 87       		.byte	-121
 795 02ff 10       		.byte	16
 796 0300 C4       		.byte	-60
 797 0301 08       		.byte	8
 798 0302 93       		.byte	-109
ARM GAS  C:\Users\HENRYA~1\AppData\Local\Temp\ccoj2IyB.s 			page 15


 799 0303 20       		.byte	32
 800 0304 B5       		.byte	-75
 801 0305 04       		.byte	4
 802 0306 EE       		.byte	-18
 803 0307 02       		.byte	2
 804 0308 3B       		.byte	59
 805 0309 20       		.byte	32
 806 030a 93       		.byte	-109
 807 030b 20       		.byte	32
 808 030c CE       		.byte	-50
 809 030d 08       		.byte	8
 810 030e A3       		.byte	-93
 811 030f 20       		.byte	32
 812 0310 7B       		.byte	123
 813 0311 20       		.byte	32
 814 0312 A3       		.byte	-93
 815 0313 20       		.byte	32
 816 0314 DE       		.byte	-34
 817 0315 40       		.byte	64
 818 0316 00       		.byte	0
 819 0317 01       		.byte	1
 820 0318 0C       		.byte	12
 821 0319 01       		.byte	1
 822 031a 0E       		.byte	14
 823 031b 01       		.byte	1
 824 031c 00       		.byte	0
 825 031d 03       		.byte	3
 826 031e 00       		.byte	0
 827 031f 00       		.byte	0
 828 0320 00       		.byte	0
 829 0321 0B       		.byte	11
 830 0322 0B       		.byte	11
 831 0323 00       		.byte	0
 832 0324 00       		.byte	0
 833 0325 00       		.byte	0
 834 0326 00       		.byte	0
 835 0327 00       		.byte	0
 836 0328 00       		.byte	0
 837 0329 7F       		.byte	127
 838 032a 7F       		.byte	127
 839 032b 00       		.byte	0
 840 032c 00       		.byte	0
 841 032d 00       		.byte	0
 842 032e 00       		.byte	0
 843 032f 00       		.byte	0
 844 0330 00       		.byte	0
 845 0331 00       		.byte	0
 846 0332 7F       		.byte	127
 847 0333 00       		.byte	0
 848 0334 00       		.byte	0
 849 0335 00       		.byte	0
 850 0336 00       		.byte	0
 851 0337 00       		.byte	0
 852 0338 00       		.byte	0
 853 0339 00       		.byte	0
 854 033a 00       		.byte	0
 855 033b 00       		.byte	0
ARM GAS  C:\Users\HENRYA~1\AppData\Local\Temp\ccoj2IyB.s 			page 16


 856 033c 00       		.byte	0
 857 033d 00       		.byte	0
 858 033e 10       		.byte	16
 859 033f 00       		.byte	0
 860              		.section	.cywolatch,"a",%progbits
 861              		.align	2
 862              		.type	cy_meta_wonvl, %object
 863              		.size	cy_meta_wonvl, 4
 864              	cy_meta_wonvl:
 865 0000 BC       		.byte	-68
 866 0001 90       		.byte	-112
 867 0002 AC       		.byte	-84
 868 0003 AF       		.byte	-81
 869              		.section	.cycustnvl,"a",%progbits
 870              		.align	2
 871              		.type	cy_meta_custnvl, %object
 872              		.size	cy_meta_custnvl, 4
 873              	cy_meta_custnvl:
 874 0000 00       		.byte	0
 875 0001 00       		.byte	0
 876 0002 40       		.byte	64
 877 0003 05       		.byte	5
 878              		.section	.cymeta,"a",%progbits
 879              		.align	2
 880              		.type	cy_metadata, %object
 881              		.size	cy_metadata, 12
 882              	cy_metadata:
 883 0000 00       		.byte	0
 884 0001 01       		.byte	1
 885 0002 2E       		.byte	46
 886 0003 12       		.byte	18
 887 0004 30       		.byte	48
 888 0005 69       		.byte	105
 889 0006 00       		.byte	0
 890 0007 01       		.byte	1
 891 0008 00       		.byte	0
 892 0009 00       		.byte	0
 893 000a 00       		.byte	0
 894 000b 00       		.byte	0
 895              		.section	.cyflashprotect,"a",%progbits
 896              		.align	2
 897              		.type	cy_meta_flashprotect, %object
 898              		.size	cy_meta_flashprotect, 256
 899              	cy_meta_flashprotect:
 900 0000 00000000 		.space	256
 900      00000000 
 900      00000000 
 900      00000000 
 900      00000000 
 901              		.text
 902              	.Letext0:
 903              		.file 1 "Generated_Source\\PSoC5\\cymetadata.c"
 904              		.file 2 "Generated_Source\\PSoC5\\cytypes.h"
 905              		.section	.debug_info,"",%progbits
 906              	.Ldebug_info0:
 907 0000 37010000 		.4byte	0x137
 908 0004 0400     		.2byte	0x4
ARM GAS  C:\Users\HENRYA~1\AppData\Local\Temp\ccoj2IyB.s 			page 17


 909 0006 00000000 		.4byte	.Ldebug_abbrev0
 910 000a 04       		.byte	0x4
 911 000b 01       		.uleb128 0x1
 912 000c 6E000000 		.4byte	.LASF18
 913 0010 01       		.byte	0x1
 914 0011 D6010000 		.4byte	.LASF19
 915 0015 6F010000 		.4byte	.LASF20
 916 0019 00000000 		.4byte	.Ldebug_line0
 917 001d 02       		.uleb128 0x2
 918 001e 01       		.byte	0x1
 919 001f 06       		.byte	0x6
 920 0020 CA010000 		.4byte	.LASF0
 921 0024 02       		.uleb128 0x2
 922 0025 01       		.byte	0x1
 923 0026 08       		.byte	0x8
 924 0027 12000000 		.4byte	.LASF1
 925 002b 02       		.uleb128 0x2
 926 002c 02       		.byte	0x2
 927 002d 05       		.byte	0x5
 928 002e 5F010000 		.4byte	.LASF2
 929 0032 02       		.uleb128 0x2
 930 0033 02       		.byte	0x2
 931 0034 07       		.byte	0x7
 932 0035 32000000 		.4byte	.LASF3
 933 0039 02       		.uleb128 0x2
 934 003a 04       		.byte	0x4
 935 003b 05       		.byte	0x5
 936 003c C1010000 		.4byte	.LASF4
 937 0040 02       		.uleb128 0x2
 938 0041 04       		.byte	0x4
 939 0042 07       		.byte	0x7
 940 0043 20000000 		.4byte	.LASF5
 941 0047 02       		.uleb128 0x2
 942 0048 08       		.byte	0x8
 943 0049 05       		.byte	0x5
 944 004a 4C010000 		.4byte	.LASF6
 945 004e 02       		.uleb128 0x2
 946 004f 08       		.byte	0x8
 947 0050 07       		.byte	0x7
 948 0051 09010000 		.4byte	.LASF7
 949 0055 03       		.uleb128 0x3
 950 0056 04       		.byte	0x4
 951 0057 05       		.byte	0x5
 952 0058 696E7400 		.ascii	"int\000"
 953 005c 02       		.uleb128 0x2
 954 005d 04       		.byte	0x4
 955 005e 07       		.byte	0x7
 956 005f FC000000 		.4byte	.LASF8
 957 0063 04       		.uleb128 0x4
 958 0064 69010000 		.4byte	.LASF21
 959 0068 02       		.byte	0x2
 960 0069 9201     		.2byte	0x192
 961 006b 24000000 		.4byte	0x24
 962 006f 02       		.uleb128 0x2
 963 0070 04       		.byte	0x4
 964 0071 04       		.byte	0x4
 965 0072 0C000000 		.4byte	.LASF9
ARM GAS  C:\Users\HENRYA~1\AppData\Local\Temp\ccoj2IyB.s 			page 18


 966 0076 02       		.uleb128 0x2
 967 0077 08       		.byte	0x8
 968 0078 04       		.byte	0x4
 969 0079 45000000 		.4byte	.LASF10
 970 007d 02       		.uleb128 0x2
 971 007e 01       		.byte	0x1
 972 007f 08       		.byte	0x8
 973 0080 5A010000 		.4byte	.LASF11
 974 0084 05       		.uleb128 0x5
 975 0085 63000000 		.4byte	0x63
 976 0089 95000000 		.4byte	0x95
 977 008d 06       		.uleb128 0x6
 978 008e 95000000 		.4byte	0x95
 979 0092 3F03     		.2byte	0x33f
 980 0094 00       		.byte	0
 981 0095 02       		.uleb128 0x2
 982 0096 04       		.byte	0x4
 983 0097 07       		.byte	0x7
 984 0098 43010000 		.4byte	.LASF12
 985 009c 07       		.uleb128 0x7
 986 009d 5C000000 		.4byte	.LASF13
 987 00a1 01       		.byte	0x1
 988 00a2 1F       		.byte	0x1f
 989 00a3 AD000000 		.4byte	0xad
 990 00a7 05       		.uleb128 0x5
 991 00a8 03       		.byte	0x3
 992 00a9 00000000 		.4byte	cy_meta_configecc
 993 00ad 08       		.uleb128 0x8
 994 00ae 84000000 		.4byte	0x84
 995 00b2 05       		.uleb128 0x5
 996 00b3 63000000 		.4byte	0x63
 997 00b7 C2000000 		.4byte	0xc2
 998 00bb 09       		.uleb128 0x9
 999 00bc 95000000 		.4byte	0x95
 1000 00c0 03       		.byte	0x3
 1001 00c1 00       		.byte	0
 1002 00c2 07       		.uleb128 0x7
 1003 00c3 4C000000 		.4byte	.LASF14
 1004 00c7 01       		.byte	0x1
 1005 00c8 94       		.byte	0x94
 1006 00c9 D3000000 		.4byte	0xd3
 1007 00cd 05       		.uleb128 0x5
 1008 00ce 03       		.byte	0x3
 1009 00cf 00000000 		.4byte	cy_meta_custnvl
 1010 00d3 08       		.uleb128 0x8
 1011 00d4 B2000000 		.4byte	0xb2
 1012 00d8 07       		.uleb128 0x7
 1013 00d9 35010000 		.4byte	.LASF15
 1014 00dd 01       		.byte	0x1
 1015 00de A2       		.byte	0xa2
 1016 00df E9000000 		.4byte	0xe9
 1017 00e3 05       		.uleb128 0x5
 1018 00e4 03       		.byte	0x3
 1019 00e5 00000000 		.4byte	cy_meta_wonvl
 1020 00e9 08       		.uleb128 0x8
 1021 00ea B2000000 		.4byte	0xb2
 1022 00ee 05       		.uleb128 0x5
ARM GAS  C:\Users\HENRYA~1\AppData\Local\Temp\ccoj2IyB.s 			page 19


 1023 00ef 63000000 		.4byte	0x63
 1024 00f3 FE000000 		.4byte	0xfe
 1025 00f7 09       		.uleb128 0x9
 1026 00f8 95000000 		.4byte	0x95
 1027 00fc FF       		.byte	0xff
 1028 00fd 00       		.byte	0
 1029 00fe 07       		.uleb128 0x7
 1030 00ff 20010000 		.4byte	.LASF16
 1031 0103 01       		.byte	0x1
 1032 0104 B0       		.byte	0xb0
 1033 0105 0F010000 		.4byte	0x10f
 1034 0109 05       		.uleb128 0x5
 1035 010a 03       		.byte	0x3
 1036 010b 00000000 		.4byte	cy_meta_flashprotect
 1037 010f 08       		.uleb128 0x8
 1038 0110 EE000000 		.4byte	0xee
 1039 0114 05       		.uleb128 0x5
 1040 0115 63000000 		.4byte	0x63
 1041 0119 24010000 		.4byte	0x124
 1042 011d 09       		.uleb128 0x9
 1043 011e 95000000 		.4byte	0x95
 1044 0122 0B       		.byte	0xb
 1045 0123 00       		.byte	0
 1046 0124 07       		.uleb128 0x7
 1047 0125 00000000 		.4byte	.LASF17
 1048 0129 01       		.byte	0x1
 1049 012a DD       		.byte	0xdd
 1050 012b 35010000 		.4byte	0x135
 1051 012f 05       		.uleb128 0x5
 1052 0130 03       		.byte	0x3
 1053 0131 00000000 		.4byte	cy_metadata
 1054 0135 08       		.uleb128 0x8
 1055 0136 14010000 		.4byte	0x114
 1056 013a 00       		.byte	0
 1057              		.section	.debug_abbrev,"",%progbits
 1058              	.Ldebug_abbrev0:
 1059 0000 01       		.uleb128 0x1
 1060 0001 11       		.uleb128 0x11
 1061 0002 01       		.byte	0x1
 1062 0003 25       		.uleb128 0x25
 1063 0004 0E       		.uleb128 0xe
 1064 0005 13       		.uleb128 0x13
 1065 0006 0B       		.uleb128 0xb
 1066 0007 03       		.uleb128 0x3
 1067 0008 0E       		.uleb128 0xe
 1068 0009 1B       		.uleb128 0x1b
 1069 000a 0E       		.uleb128 0xe
 1070 000b 10       		.uleb128 0x10
 1071 000c 17       		.uleb128 0x17
 1072 000d 00       		.byte	0
 1073 000e 00       		.byte	0
 1074 000f 02       		.uleb128 0x2
 1075 0010 24       		.uleb128 0x24
 1076 0011 00       		.byte	0
 1077 0012 0B       		.uleb128 0xb
 1078 0013 0B       		.uleb128 0xb
 1079 0014 3E       		.uleb128 0x3e
ARM GAS  C:\Users\HENRYA~1\AppData\Local\Temp\ccoj2IyB.s 			page 20


 1080 0015 0B       		.uleb128 0xb
 1081 0016 03       		.uleb128 0x3
 1082 0017 0E       		.uleb128 0xe
 1083 0018 00       		.byte	0
 1084 0019 00       		.byte	0
 1085 001a 03       		.uleb128 0x3
 1086 001b 24       		.uleb128 0x24
 1087 001c 00       		.byte	0
 1088 001d 0B       		.uleb128 0xb
 1089 001e 0B       		.uleb128 0xb
 1090 001f 3E       		.uleb128 0x3e
 1091 0020 0B       		.uleb128 0xb
 1092 0021 03       		.uleb128 0x3
 1093 0022 08       		.uleb128 0x8
 1094 0023 00       		.byte	0
 1095 0024 00       		.byte	0
 1096 0025 04       		.uleb128 0x4
 1097 0026 16       		.uleb128 0x16
 1098 0027 00       		.byte	0
 1099 0028 03       		.uleb128 0x3
 1100 0029 0E       		.uleb128 0xe
 1101 002a 3A       		.uleb128 0x3a
 1102 002b 0B       		.uleb128 0xb
 1103 002c 3B       		.uleb128 0x3b
 1104 002d 05       		.uleb128 0x5
 1105 002e 49       		.uleb128 0x49
 1106 002f 13       		.uleb128 0x13
 1107 0030 00       		.byte	0
 1108 0031 00       		.byte	0
 1109 0032 05       		.uleb128 0x5
 1110 0033 01       		.uleb128 0x1
 1111 0034 01       		.byte	0x1
 1112 0035 49       		.uleb128 0x49
 1113 0036 13       		.uleb128 0x13
 1114 0037 01       		.uleb128 0x1
 1115 0038 13       		.uleb128 0x13
 1116 0039 00       		.byte	0
 1117 003a 00       		.byte	0
 1118 003b 06       		.uleb128 0x6
 1119 003c 21       		.uleb128 0x21
 1120 003d 00       		.byte	0
 1121 003e 49       		.uleb128 0x49
 1122 003f 13       		.uleb128 0x13
 1123 0040 2F       		.uleb128 0x2f
 1124 0041 05       		.uleb128 0x5
 1125 0042 00       		.byte	0
 1126 0043 00       		.byte	0
 1127 0044 07       		.uleb128 0x7
 1128 0045 34       		.uleb128 0x34
 1129 0046 00       		.byte	0
 1130 0047 03       		.uleb128 0x3
 1131 0048 0E       		.uleb128 0xe
 1132 0049 3A       		.uleb128 0x3a
 1133 004a 0B       		.uleb128 0xb
 1134 004b 3B       		.uleb128 0x3b
 1135 004c 0B       		.uleb128 0xb
 1136 004d 49       		.uleb128 0x49
ARM GAS  C:\Users\HENRYA~1\AppData\Local\Temp\ccoj2IyB.s 			page 21


 1137 004e 13       		.uleb128 0x13
 1138 004f 3F       		.uleb128 0x3f
 1139 0050 19       		.uleb128 0x19
 1140 0051 02       		.uleb128 0x2
 1141 0052 18       		.uleb128 0x18
 1142 0053 00       		.byte	0
 1143 0054 00       		.byte	0
 1144 0055 08       		.uleb128 0x8
 1145 0056 26       		.uleb128 0x26
 1146 0057 00       		.byte	0
 1147 0058 49       		.uleb128 0x49
 1148 0059 13       		.uleb128 0x13
 1149 005a 00       		.byte	0
 1150 005b 00       		.byte	0
 1151 005c 09       		.uleb128 0x9
 1152 005d 21       		.uleb128 0x21
 1153 005e 00       		.byte	0
 1154 005f 49       		.uleb128 0x49
 1155 0060 13       		.uleb128 0x13
 1156 0061 2F       		.uleb128 0x2f
 1157 0062 0B       		.uleb128 0xb
 1158 0063 00       		.byte	0
 1159 0064 00       		.byte	0
 1160 0065 00       		.byte	0
 1161              		.section	.debug_aranges,"",%progbits
 1162 0000 14000000 		.4byte	0x14
 1163 0004 0200     		.2byte	0x2
 1164 0006 00000000 		.4byte	.Ldebug_info0
 1165 000a 04       		.byte	0x4
 1166 000b 00       		.byte	0
 1167 000c 0000     		.2byte	0
 1168 000e 0000     		.2byte	0
 1169 0010 00000000 		.4byte	0
 1170 0014 00000000 		.4byte	0
 1171              		.section	.debug_line,"",%progbits
 1172              	.Ldebug_line0:
 1173 0000 4D000000 		.section	.debug_str,"MS",%progbits,1
 1173      02004700 
 1173      00000201 
 1173      FB0E0D00 
 1173      01010101 
 1174              	.LASF17:
 1175 0000 63795F6D 		.ascii	"cy_metadata\000"
 1175      65746164 
 1175      61746100 
 1176              	.LASF9:
 1177 000c 666C6F61 		.ascii	"float\000"
 1177      7400
 1178              	.LASF1:
 1179 0012 756E7369 		.ascii	"unsigned char\000"
 1179      676E6564 
 1179      20636861 
 1179      7200
 1180              	.LASF5:
 1181 0020 6C6F6E67 		.ascii	"long unsigned int\000"
 1181      20756E73 
 1181      69676E65 
ARM GAS  C:\Users\HENRYA~1\AppData\Local\Temp\ccoj2IyB.s 			page 22


 1181      6420696E 
 1181      7400
 1182              	.LASF3:
 1183 0032 73686F72 		.ascii	"short unsigned int\000"
 1183      7420756E 
 1183      7369676E 
 1183      65642069 
 1183      6E7400
 1184              	.LASF10:
 1185 0045 646F7562 		.ascii	"double\000"
 1185      6C6500
 1186              	.LASF14:
 1187 004c 63795F6D 		.ascii	"cy_meta_custnvl\000"
 1187      6574615F 
 1187      63757374 
 1187      6E766C00 
 1188              	.LASF13:
 1189 005c 63795F6D 		.ascii	"cy_meta_configecc\000"
 1189      6574615F 
 1189      636F6E66 
 1189      69676563 
 1189      6300
 1190              	.LASF18:
 1191 006e 474E5520 		.ascii	"GNU C 4.9.3 20150303 (release) [ARM/embedded-4_9-br"
 1191      4320342E 
 1191      392E3320 
 1191      32303135 
 1191      30333033 
 1192 00a1 616E6368 		.ascii	"anch revision 221220] -mcpu=cortex-m3 -mthumb -g -O"
 1192      20726576 
 1192      6973696F 
 1192      6E203232 
 1192      31323230 
 1193 00d4 67202D66 		.ascii	"g -ffunction-sections -ffat-lto-objects\000"
 1193      66756E63 
 1193      74696F6E 
 1193      2D736563 
 1193      74696F6E 
 1194              	.LASF8:
 1195 00fc 756E7369 		.ascii	"unsigned int\000"
 1195      676E6564 
 1195      20696E74 
 1195      00
 1196              	.LASF7:
 1197 0109 6C6F6E67 		.ascii	"long long unsigned int\000"
 1197      206C6F6E 
 1197      6720756E 
 1197      7369676E 
 1197      65642069 
 1198              	.LASF16:
 1199 0120 63795F6D 		.ascii	"cy_meta_flashprotect\000"
 1199      6574615F 
 1199      666C6173 
 1199      6870726F 
 1199      74656374 
 1200              	.LASF15:
 1201 0135 63795F6D 		.ascii	"cy_meta_wonvl\000"
ARM GAS  C:\Users\HENRYA~1\AppData\Local\Temp\ccoj2IyB.s 			page 23


 1201      6574615F 
 1201      776F6E76 
 1201      6C00
 1202              	.LASF12:
 1203 0143 73697A65 		.ascii	"sizetype\000"
 1203      74797065 
 1203      00
 1204              	.LASF6:
 1205 014c 6C6F6E67 		.ascii	"long long int\000"
 1205      206C6F6E 
 1205      6720696E 
 1205      7400
 1206              	.LASF11:
 1207 015a 63686172 		.ascii	"char\000"
 1207      00
 1208              	.LASF2:
 1209 015f 73686F72 		.ascii	"short int\000"
 1209      7420696E 
 1209      7400
 1210              	.LASF21:
 1211 0169 75696E74 		.ascii	"uint8\000"
 1211      3800
 1212              	.LASF20:
 1213 016f 433A5C55 		.ascii	"C:\\Users\\Henry Alberto\\Documents\\PSoC Creator\\"
 1213      73657273 
 1213      5C48656E 
 1213      72792041 
 1213      6C626572 
 1214 019d 576F726B 		.ascii	"Workspace01\\Sensor_Capacitivo.cydsn\000"
 1214      73706163 
 1214      6530315C 
 1214      53656E73 
 1214      6F725F43 
 1215              	.LASF4:
 1216 01c1 6C6F6E67 		.ascii	"long int\000"
 1216      20696E74 
 1216      00
 1217              	.LASF0:
 1218 01ca 7369676E 		.ascii	"signed char\000"
 1218      65642063 
 1218      68617200 
 1219              	.LASF19:
 1220 01d6 47656E65 		.ascii	"Generated_Source\\PSoC5\\cymetadata.c\000"
 1220      72617465 
 1220      645F536F 
 1220      75726365 
 1220      5C50536F 
 1221              		.ident	"GCC: (GNU Tools for ARM Embedded Processors) 4.9.3 20150303 (release) [ARM/embedded-4_9-br
