ARM GAS  C:\Users\ESTEBAN\AppData\Local\Temp\ccqyh07w.s 			page 1


   1              		.syntax unified
   2              		.cpu cortex-m3
   3              		.fpu softvfp
   4              		.eabi_attribute 20, 1
   5              		.eabi_attribute 21, 1
   6              		.eabi_attribute 23, 3
   7              		.eabi_attribute 24, 1
   8              		.eabi_attribute 25, 1
   9              		.eabi_attribute 26, 1
  10              		.eabi_attribute 30, 1
  11              		.eabi_attribute 34, 1
  12              		.eabi_attribute 18, 4
  13              		.thumb
  14              		.syntax unified
  15              		.file	"Display0_INT.c"
  16              		.text
  17              	.Ltext0:
  18              		.cfi_sections	.debug_frame
  19              		.section	.text.Display0_ISR,"ax",%progbits
  20              		.align	2
  21              		.global	Display0_ISR
  22              		.thumb
  23              		.thumb_func
  24              		.type	Display0_ISR, %function
  25              	Display0_ISR:
  26              	.LFB0:
  27              		.file 1 "Generated_Source\\PSoC5\\Display0_INT.c"
   1:Generated_Source\PSoC5/Display0_INT.c **** /*******************************************************************************
   2:Generated_Source\PSoC5/Display0_INT.c **** * File Name: Display0_INT.c
   3:Generated_Source\PSoC5/Display0_INT.c **** * Version 3.40
   4:Generated_Source\PSoC5/Display0_INT.c **** *
   5:Generated_Source\PSoC5/Display0_INT.c **** * Description:
   6:Generated_Source\PSoC5/Display0_INT.c **** *  This file contains the Interrupt Service Routine (ISR) for the Segment LCD
   7:Generated_Source\PSoC5/Display0_INT.c **** *  Component.
   8:Generated_Source\PSoC5/Display0_INT.c **** *
   9:Generated_Source\PSoC5/Display0_INT.c **** ********************************************************************************
  10:Generated_Source\PSoC5/Display0_INT.c **** * Copyright 2008-2011, Cypress Semiconductor Corporation.  All rights reserved.
  11:Generated_Source\PSoC5/Display0_INT.c **** * You may use this file only in accordance with the license, terms, conditions,
  12:Generated_Source\PSoC5/Display0_INT.c **** * disclaimers, and limitations in the end user license agreement accompanying
  13:Generated_Source\PSoC5/Display0_INT.c **** * the software package with which this file was provided.
  14:Generated_Source\PSoC5/Display0_INT.c **** *******************************************************************************/
  15:Generated_Source\PSoC5/Display0_INT.c **** 
  16:Generated_Source\PSoC5/Display0_INT.c **** #include "Display0.h"
  17:Generated_Source\PSoC5/Display0_INT.c **** #include "cyapicallbacks.h"
  18:Generated_Source\PSoC5/Display0_INT.c **** 
  19:Generated_Source\PSoC5/Display0_INT.c **** /*`#START START_USER_DECLARATIONS`*/
  20:Generated_Source\PSoC5/Display0_INT.c **** 
  21:Generated_Source\PSoC5/Display0_INT.c **** /*`#END`*/
  22:Generated_Source\PSoC5/Display0_INT.c **** 
  23:Generated_Source\PSoC5/Display0_INT.c **** 
  24:Generated_Source\PSoC5/Display0_INT.c **** /******************************************************************************
  25:Generated_Source\PSoC5/Display0_INT.c **** * Function Name: Display0_ISR
  26:Generated_Source\PSoC5/Display0_INT.c **** *******************************************************************************
  27:Generated_Source\PSoC5/Display0_INT.c **** *
  28:Generated_Source\PSoC5/Display0_INT.c **** * Summary:
  29:Generated_Source\PSoC5/Display0_INT.c **** *  This ISR is executed when the sub-frame completion event occurs. Both
  30:Generated_Source\PSoC5/Display0_INT.c **** *  global interrupts and component interrupts must be enabled to invoke this
ARM GAS  C:\Users\ESTEBAN\AppData\Local\Temp\ccqyh07w.s 			page 2


  31:Generated_Source\PSoC5/Display0_INT.c **** *  ISR.
  32:Generated_Source\PSoC5/Display0_INT.c **** *
  33:Generated_Source\PSoC5/Display0_INT.c **** * Parameters:
  34:Generated_Source\PSoC5/Display0_INT.c **** *  None.
  35:Generated_Source\PSoC5/Display0_INT.c **** *
  36:Generated_Source\PSoC5/Display0_INT.c **** * Return:
  37:Generated_Source\PSoC5/Display0_INT.c **** *  None.
  38:Generated_Source\PSoC5/Display0_INT.c **** *
  39:Generated_Source\PSoC5/Display0_INT.c **** * Reentrant:
  40:Generated_Source\PSoC5/Display0_INT.c **** *  No.
  41:Generated_Source\PSoC5/Display0_INT.c **** *
  42:Generated_Source\PSoC5/Display0_INT.c **** ******************************************************************************/
  43:Generated_Source\PSoC5/Display0_INT.c **** CY_ISR(Display0_ISR)
  44:Generated_Source\PSoC5/Display0_INT.c **** {
  28              		.loc 1 44 0
  29              		.cfi_startproc
  30              		@ args = 0, pretend = 0, frame = 0
  31              		@ frame_needed = 0, uses_anonymous_args = 0
  32              		@ link register save eliminated.
  33 0000 7047     		bx	lr
  34              		.cfi_endproc
  35              	.LFE0:
  36              		.size	Display0_ISR, .-Display0_ISR
  37 0002 00BF     		.section	.text.Display0_WAKEUP_ISR,"ax",%progbits
  38              		.align	2
  39              		.global	Display0_WAKEUP_ISR
  40              		.thumb
  41              		.thumb_func
  42              		.type	Display0_WAKEUP_ISR, %function
  43              	Display0_WAKEUP_ISR:
  44              	.LFB1:
  45:Generated_Source\PSoC5/Display0_INT.c ****     #ifdef Display0_ISR_INTERRUPT_CALLBACK
  46:Generated_Source\PSoC5/Display0_INT.c ****         Display0_ISR_InterruptCallback();
  47:Generated_Source\PSoC5/Display0_INT.c ****     #endif /* Display0_ISR_INTERRUPT_CALLBACK */
  48:Generated_Source\PSoC5/Display0_INT.c ****     
  49:Generated_Source\PSoC5/Display0_INT.c ****     /* User code required for ISR */
  50:Generated_Source\PSoC5/Display0_INT.c ****     /*`#START START_ISR`*/
  51:Generated_Source\PSoC5/Display0_INT.c **** 
  52:Generated_Source\PSoC5/Display0_INT.c ****     /*`#END`*/
  53:Generated_Source\PSoC5/Display0_INT.c **** }
  54:Generated_Source\PSoC5/Display0_INT.c **** 
  55:Generated_Source\PSoC5/Display0_INT.c **** 
  56:Generated_Source\PSoC5/Display0_INT.c **** /******************************************************************************
  57:Generated_Source\PSoC5/Display0_INT.c **** * Function Name: Display0_WAKEUP_ISR
  58:Generated_Source\PSoC5/Display0_INT.c **** *******************************************************************************
  59:Generated_Source\PSoC5/Display0_INT.c **** *
  60:Generated_Source\PSoC5/Display0_INT.c **** * Summary:
  61:Generated_Source\PSoC5/Display0_INT.c **** *  This ISR is executed when LCD timer generates an wakeup interrupt. PSoC 5
  62:Generated_Source\PSoC5/Display0_INT.c **** *  core (Cortex M3) requires an ISR to be able to wakeup from Sleep mode.
  63:Generated_Source\PSoC5/Display0_INT.c **** *
  64:Generated_Source\PSoC5/Display0_INT.c **** * Parameters:
  65:Generated_Source\PSoC5/Display0_INT.c **** *  None.
  66:Generated_Source\PSoC5/Display0_INT.c **** *
  67:Generated_Source\PSoC5/Display0_INT.c **** * Return:
  68:Generated_Source\PSoC5/Display0_INT.c **** *  None.
  69:Generated_Source\PSoC5/Display0_INT.c **** *
  70:Generated_Source\PSoC5/Display0_INT.c **** * Reentrant:
ARM GAS  C:\Users\ESTEBAN\AppData\Local\Temp\ccqyh07w.s 			page 3


  71:Generated_Source\PSoC5/Display0_INT.c **** *  No.
  72:Generated_Source\PSoC5/Display0_INT.c **** *
  73:Generated_Source\PSoC5/Display0_INT.c **** ******************************************************************************/
  74:Generated_Source\PSoC5/Display0_INT.c **** CY_ISR(Display0_WAKEUP_ISR)
  75:Generated_Source\PSoC5/Display0_INT.c **** {
  45              		.loc 1 75 0
  46              		.cfi_startproc
  47              		@ args = 0, pretend = 0, frame = 0
  48              		@ frame_needed = 0, uses_anonymous_args = 0
  49              		@ link register save eliminated.
  50 0000 7047     		bx	lr
  51              		.cfi_endproc
  52              	.LFE1:
  53              		.size	Display0_WAKEUP_ISR, .-Display0_WAKEUP_ISR
  54 0002 00BF     		.text
  55              	.Letext0:
  56              		.section	.debug_info,"",%progbits
  57              	.Ldebug_info0:
  58 0000 AD000000 		.4byte	0xad
  59 0004 0400     		.2byte	0x4
  60 0006 00000000 		.4byte	.Ldebug_abbrev0
  61 000a 04       		.byte	0x4
  62 000b 01       		.uleb128 0x1
  63 000c 2F000000 		.4byte	.LASF16
  64 0010 0C       		.byte	0xc
  65 0011 F9000000 		.4byte	.LASF17
  66 0015 80010000 		.4byte	.LASF18
  67 0019 00000000 		.4byte	.Ldebug_ranges0+0
  68 001d 00000000 		.4byte	0
  69 0021 00000000 		.4byte	.Ldebug_line0
  70 0025 02       		.uleb128 0x2
  71 0026 01       		.byte	0x1
  72 0027 06       		.byte	0x6
  73 0028 55010000 		.4byte	.LASF0
  74 002c 02       		.uleb128 0x2
  75 002d 01       		.byte	0x1
  76 002e 08       		.byte	0x8
  77 002f 1F010000 		.4byte	.LASF1
  78 0033 02       		.uleb128 0x2
  79 0034 02       		.byte	0x2
  80 0035 05       		.byte	0x5
  81 0036 76010000 		.4byte	.LASF2
  82 003a 02       		.uleb128 0x2
  83 003b 02       		.byte	0x2
  84 003c 07       		.byte	0x7
  85 003d 42010000 		.4byte	.LASF3
  86 0041 02       		.uleb128 0x2
  87 0042 04       		.byte	0x4
  88 0043 05       		.byte	0x5
  89 0044 32010000 		.4byte	.LASF4
  90 0048 02       		.uleb128 0x2
  91 0049 04       		.byte	0x4
  92 004a 07       		.byte	0x7
  93 004b BD000000 		.4byte	.LASF5
  94 004f 02       		.uleb128 0x2
  95 0050 08       		.byte	0x8
  96 0051 05       		.byte	0x5
ARM GAS  C:\Users\ESTEBAN\AppData\Local\Temp\ccqyh07w.s 			page 4


  97 0052 00000000 		.4byte	.LASF6
  98 0056 02       		.uleb128 0x2
  99 0057 08       		.byte	0x8
 100 0058 07       		.byte	0x7
 101 0059 CF000000 		.4byte	.LASF7
 102 005d 03       		.uleb128 0x3
 103 005e 04       		.byte	0x4
 104 005f 05       		.byte	0x5
 105 0060 696E7400 		.ascii	"int\000"
 106 0064 02       		.uleb128 0x2
 107 0065 04       		.byte	0x4
 108 0066 07       		.byte	0x7
 109 0067 22000000 		.4byte	.LASF8
 110 006b 02       		.uleb128 0x2
 111 006c 04       		.byte	0x4
 112 006d 04       		.byte	0x4
 113 006e F3000000 		.4byte	.LASF9
 114 0072 02       		.uleb128 0x2
 115 0073 08       		.byte	0x8
 116 0074 04       		.byte	0x4
 117 0075 3B010000 		.4byte	.LASF10
 118 0079 02       		.uleb128 0x2
 119 007a 01       		.byte	0x1
 120 007b 08       		.byte	0x8
 121 007c 2D010000 		.4byte	.LASF11
 122 0080 02       		.uleb128 0x2
 123 0081 08       		.byte	0x8
 124 0082 04       		.byte	0x4
 125 0083 61010000 		.4byte	.LASF12
 126 0087 02       		.uleb128 0x2
 127 0088 04       		.byte	0x4
 128 0089 07       		.byte	0x7
 129 008a 6D010000 		.4byte	.LASF13
 130 008e 04       		.uleb128 0x4
 131 008f E6000000 		.4byte	.LASF14
 132 0093 01       		.byte	0x1
 133 0094 2B       		.byte	0x2b
 134 0095 00000000 		.4byte	.LFB0
 135 0099 02000000 		.4byte	.LFE0-.LFB0
 136 009d 01       		.uleb128 0x1
 137 009e 9C       		.byte	0x9c
 138 009f 04       		.uleb128 0x4
 139 00a0 0E000000 		.4byte	.LASF15
 140 00a4 01       		.byte	0x1
 141 00a5 4A       		.byte	0x4a
 142 00a6 00000000 		.4byte	.LFB1
 143 00aa 02000000 		.4byte	.LFE1-.LFB1
 144 00ae 01       		.uleb128 0x1
 145 00af 9C       		.byte	0x9c
 146 00b0 00       		.byte	0
 147              		.section	.debug_abbrev,"",%progbits
 148              	.Ldebug_abbrev0:
 149 0000 01       		.uleb128 0x1
 150 0001 11       		.uleb128 0x11
 151 0002 01       		.byte	0x1
 152 0003 25       		.uleb128 0x25
 153 0004 0E       		.uleb128 0xe
ARM GAS  C:\Users\ESTEBAN\AppData\Local\Temp\ccqyh07w.s 			page 5


 154 0005 13       		.uleb128 0x13
 155 0006 0B       		.uleb128 0xb
 156 0007 03       		.uleb128 0x3
 157 0008 0E       		.uleb128 0xe
 158 0009 1B       		.uleb128 0x1b
 159 000a 0E       		.uleb128 0xe
 160 000b 55       		.uleb128 0x55
 161 000c 17       		.uleb128 0x17
 162 000d 11       		.uleb128 0x11
 163 000e 01       		.uleb128 0x1
 164 000f 10       		.uleb128 0x10
 165 0010 17       		.uleb128 0x17
 166 0011 00       		.byte	0
 167 0012 00       		.byte	0
 168 0013 02       		.uleb128 0x2
 169 0014 24       		.uleb128 0x24
 170 0015 00       		.byte	0
 171 0016 0B       		.uleb128 0xb
 172 0017 0B       		.uleb128 0xb
 173 0018 3E       		.uleb128 0x3e
 174 0019 0B       		.uleb128 0xb
 175 001a 03       		.uleb128 0x3
 176 001b 0E       		.uleb128 0xe
 177 001c 00       		.byte	0
 178 001d 00       		.byte	0
 179 001e 03       		.uleb128 0x3
 180 001f 24       		.uleb128 0x24
 181 0020 00       		.byte	0
 182 0021 0B       		.uleb128 0xb
 183 0022 0B       		.uleb128 0xb
 184 0023 3E       		.uleb128 0x3e
 185 0024 0B       		.uleb128 0xb
 186 0025 03       		.uleb128 0x3
 187 0026 08       		.uleb128 0x8
 188 0027 00       		.byte	0
 189 0028 00       		.byte	0
 190 0029 04       		.uleb128 0x4
 191 002a 2E       		.uleb128 0x2e
 192 002b 00       		.byte	0
 193 002c 3F       		.uleb128 0x3f
 194 002d 19       		.uleb128 0x19
 195 002e 03       		.uleb128 0x3
 196 002f 0E       		.uleb128 0xe
 197 0030 3A       		.uleb128 0x3a
 198 0031 0B       		.uleb128 0xb
 199 0032 3B       		.uleb128 0x3b
 200 0033 0B       		.uleb128 0xb
 201 0034 27       		.uleb128 0x27
 202 0035 19       		.uleb128 0x19
 203 0036 11       		.uleb128 0x11
 204 0037 01       		.uleb128 0x1
 205 0038 12       		.uleb128 0x12
 206 0039 06       		.uleb128 0x6
 207 003a 40       		.uleb128 0x40
 208 003b 18       		.uleb128 0x18
 209 003c 9742     		.uleb128 0x2117
 210 003e 19       		.uleb128 0x19
ARM GAS  C:\Users\ESTEBAN\AppData\Local\Temp\ccqyh07w.s 			page 6


 211 003f 00       		.byte	0
 212 0040 00       		.byte	0
 213 0041 00       		.byte	0
 214              		.section	.debug_aranges,"",%progbits
 215 0000 24000000 		.4byte	0x24
 216 0004 0200     		.2byte	0x2
 217 0006 00000000 		.4byte	.Ldebug_info0
 218 000a 04       		.byte	0x4
 219 000b 00       		.byte	0
 220 000c 0000     		.2byte	0
 221 000e 0000     		.2byte	0
 222 0010 00000000 		.4byte	.LFB0
 223 0014 02000000 		.4byte	.LFE0-.LFB0
 224 0018 00000000 		.4byte	.LFB1
 225 001c 02000000 		.4byte	.LFE1-.LFB1
 226 0020 00000000 		.4byte	0
 227 0024 00000000 		.4byte	0
 228              		.section	.debug_ranges,"",%progbits
 229              	.Ldebug_ranges0:
 230 0000 00000000 		.4byte	.LFB0
 231 0004 02000000 		.4byte	.LFE0
 232 0008 00000000 		.4byte	.LFB1
 233 000c 02000000 		.4byte	.LFE1
 234 0010 00000000 		.4byte	0
 235 0014 00000000 		.4byte	0
 236              		.section	.debug_line,"",%progbits
 237              	.Ldebug_line0:
 238 0000 61000000 		.section	.debug_str,"MS",%progbits,1
 238      02003C00 
 238      00000201 
 238      FB0E0D00 
 238      01010101 
 239              	.LASF6:
 240 0000 6C6F6E67 		.ascii	"long long int\000"
 240      206C6F6E 
 240      6720696E 
 240      7400
 241              	.LASF15:
 242 000e 44697370 		.ascii	"Display0_WAKEUP_ISR\000"
 242      6C617930 
 242      5F57414B 
 242      4555505F 
 242      49535200 
 243              	.LASF8:
 244 0022 756E7369 		.ascii	"unsigned int\000"
 244      676E6564 
 244      20696E74 
 244      00
 245              	.LASF16:
 246 002f 474E5520 		.ascii	"GNU C11 5.4.1 20160609 (release) [ARM/embedded-5-br"
 246      43313120 
 246      352E342E 
 246      31203230 
 246      31363036 
 247 0062 616E6368 		.ascii	"anch revision 237715] -mcpu=cortex-m3 -mthumb -g -O"
 247      20726576 
 247      6973696F 
ARM GAS  C:\Users\ESTEBAN\AppData\Local\Temp\ccqyh07w.s 			page 7


 247      6E203233 
 247      37373135 
 248 0095 67202D66 		.ascii	"g -ffunction-sections -ffat-lto-objects\000"
 248      66756E63 
 248      74696F6E 
 248      2D736563 
 248      74696F6E 
 249              	.LASF5:
 250 00bd 6C6F6E67 		.ascii	"long unsigned int\000"
 250      20756E73 
 250      69676E65 
 250      6420696E 
 250      7400
 251              	.LASF7:
 252 00cf 6C6F6E67 		.ascii	"long long unsigned int\000"
 252      206C6F6E 
 252      6720756E 
 252      7369676E 
 252      65642069 
 253              	.LASF14:
 254 00e6 44697370 		.ascii	"Display0_ISR\000"
 254      6C617930 
 254      5F495352 
 254      00
 255              	.LASF9:
 256 00f3 666C6F61 		.ascii	"float\000"
 256      7400
 257              	.LASF17:
 258 00f9 47656E65 		.ascii	"Generated_Source\\PSoC5\\Display0_INT.c\000"
 258      72617465 
 258      645F536F 
 258      75726365 
 258      5C50536F 
 259              	.LASF1:
 260 011f 756E7369 		.ascii	"unsigned char\000"
 260      676E6564 
 260      20636861 
 260      7200
 261              	.LASF11:
 262 012d 63686172 		.ascii	"char\000"
 262      00
 263              	.LASF4:
 264 0132 6C6F6E67 		.ascii	"long int\000"
 264      20696E74 
 264      00
 265              	.LASF10:
 266 013b 646F7562 		.ascii	"double\000"
 266      6C6500
 267              	.LASF3:
 268 0142 73686F72 		.ascii	"short unsigned int\000"
 268      7420756E 
 268      7369676E 
 268      65642069 
 268      6E7400
 269              	.LASF0:
 270 0155 7369676E 		.ascii	"signed char\000"
 270      65642063 
ARM GAS  C:\Users\ESTEBAN\AppData\Local\Temp\ccqyh07w.s 			page 8


 270      68617200 
 271              	.LASF12:
 272 0161 6C6F6E67 		.ascii	"long double\000"
 272      20646F75 
 272      626C6500 
 273              	.LASF13:
 274 016d 73697A65 		.ascii	"sizetype\000"
 274      74797065 
 274      00
 275              	.LASF2:
 276 0176 73686F72 		.ascii	"short int\000"
 276      7420696E 
 276      7400
 277              	.LASF18:
 278 0180 443A5C55 		.ascii	"D:\\Users\\ESTEBAN\\Desktop\\Materias\\Codigos\\Psc"
 278      73657273 
 278      5C455354 
 278      4542414E 
 278      5C446573 
 279 01ad 6F635C61 		.ascii	"oc\\as\\LABVIEW\\labview.cydsn\000"
 279      735C4C41 
 279      42564945 
 279      575C6C61 
 279      62766965 
 280              		.ident	"GCC: (GNU Tools for ARM Embedded Processors) 5.4.1 20160609 (release) [ARM/embedded-5-bran
