ARM GAS  C:\Users\ESTEBAN\AppData\Local\Temp\ccofQ5bi.s 			page 1


   1              		.syntax unified
   2              		.cpu cortex-m3
   3              		.fpu softvfp
   4              		.eabi_attribute 20, 1
   5              		.eabi_attribute 21, 1
   6              		.eabi_attribute 23, 3
   7              		.eabi_attribute 24, 1
   8              		.eabi_attribute 25, 1
   9              		.eabi_attribute 26, 1
  10              		.eabi_attribute 30, 1
  11              		.eabi_attribute 34, 1
  12              		.eabi_attribute 18, 4
  13              		.thumb
  14              		.syntax unified
  15              		.file	"Display1_PM.c"
  16              		.text
  17              	.Ltext0:
  18              		.cfi_sections	.debug_frame
  19              		.section	.text.Display1_SaveConfig,"ax",%progbits
  20              		.align	2
  21              		.global	Display1_SaveConfig
  22              		.thumb
  23              		.thumb_func
  24              		.type	Display1_SaveConfig, %function
  25              	Display1_SaveConfig:
  26              	.LFB0:
  27              		.file 1 "Generated_Source\\PSoC5\\Display1_PM.c"
   1:Generated_Source\PSoC5/Display1_PM.c **** /*******************************************************************************
   2:Generated_Source\PSoC5/Display1_PM.c **** * File Name: Display1_PM.c
   3:Generated_Source\PSoC5/Display1_PM.c **** * Version 2.30
   4:Generated_Source\PSoC5/Display1_PM.c **** *
   5:Generated_Source\PSoC5/Display1_PM.c **** * Description:
   6:Generated_Source\PSoC5/Display1_PM.c **** *  This file provides the API source code for Power Management of the Static
   7:Generated_Source\PSoC5/Display1_PM.c **** *  Segment LCD component.
   8:Generated_Source\PSoC5/Display1_PM.c **** *
   9:Generated_Source\PSoC5/Display1_PM.c **** * Note:
  10:Generated_Source\PSoC5/Display1_PM.c **** *
  11:Generated_Source\PSoC5/Display1_PM.c **** ********************************************************************************
  12:Generated_Source\PSoC5/Display1_PM.c **** * Copyright 2008-2013, Cypress Semiconductor Corporation.  All rights reserved.
  13:Generated_Source\PSoC5/Display1_PM.c **** * You may use this file only in accordance with the license, terms, conditions,
  14:Generated_Source\PSoC5/Display1_PM.c **** * disclaimers, and limitations in the end user license agreement accompanying
  15:Generated_Source\PSoC5/Display1_PM.c **** * the software package with which this file was provided.
  16:Generated_Source\PSoC5/Display1_PM.c **** *******************************************************************************/
  17:Generated_Source\PSoC5/Display1_PM.c **** 
  18:Generated_Source\PSoC5/Display1_PM.c **** #include "Display1.h"
  19:Generated_Source\PSoC5/Display1_PM.c **** 
  20:Generated_Source\PSoC5/Display1_PM.c **** 
  21:Generated_Source\PSoC5/Display1_PM.c **** static Display1_BACKUP_STRUCT Display1_backup;
  22:Generated_Source\PSoC5/Display1_PM.c **** 
  23:Generated_Source\PSoC5/Display1_PM.c **** 
  24:Generated_Source\PSoC5/Display1_PM.c **** /*******************************************************************************
  25:Generated_Source\PSoC5/Display1_PM.c **** * Function Name: Display1_SaveConfig
  26:Generated_Source\PSoC5/Display1_PM.c **** ********************************************************************************
  27:Generated_Source\PSoC5/Display1_PM.c **** *
  28:Generated_Source\PSoC5/Display1_PM.c **** * Summary:
  29:Generated_Source\PSoC5/Display1_PM.c **** *  Does nothing, provided for consistency.
  30:Generated_Source\PSoC5/Display1_PM.c **** *
ARM GAS  C:\Users\ESTEBAN\AppData\Local\Temp\ccofQ5bi.s 			page 2


  31:Generated_Source\PSoC5/Display1_PM.c **** * Parameters:
  32:Generated_Source\PSoC5/Display1_PM.c **** *  None.
  33:Generated_Source\PSoC5/Display1_PM.c **** *
  34:Generated_Source\PSoC5/Display1_PM.c **** * Return:
  35:Generated_Source\PSoC5/Display1_PM.c **** *  None.
  36:Generated_Source\PSoC5/Display1_PM.c **** *
  37:Generated_Source\PSoC5/Display1_PM.c **** *******************************************************************************/
  38:Generated_Source\PSoC5/Display1_PM.c **** void Display1_SaveConfig(void) 
  39:Generated_Source\PSoC5/Display1_PM.c **** {
  28              		.loc 1 39 0
  29              		.cfi_startproc
  30              		@ args = 0, pretend = 0, frame = 0
  31              		@ frame_needed = 0, uses_anonymous_args = 0
  32              		@ link register save eliminated.
  33 0000 7047     		bx	lr
  34              		.cfi_endproc
  35              	.LFE0:
  36              		.size	Display1_SaveConfig, .-Display1_SaveConfig
  37 0002 00BF     		.section	.text.Display1_RestoreConfig,"ax",%progbits
  38              		.align	2
  39              		.global	Display1_RestoreConfig
  40              		.thumb
  41              		.thumb_func
  42              		.type	Display1_RestoreConfig, %function
  43              	Display1_RestoreConfig:
  44              	.LFB1:
  40:Generated_Source\PSoC5/Display1_PM.c ****     /* Nothing to save in current version */
  41:Generated_Source\PSoC5/Display1_PM.c **** }
  42:Generated_Source\PSoC5/Display1_PM.c **** 
  43:Generated_Source\PSoC5/Display1_PM.c **** 
  44:Generated_Source\PSoC5/Display1_PM.c **** /*******************************************************************************
  45:Generated_Source\PSoC5/Display1_PM.c **** * Function Name: Display1_RestoreConfig
  46:Generated_Source\PSoC5/Display1_PM.c **** ********************************************************************************
  47:Generated_Source\PSoC5/Display1_PM.c **** *
  48:Generated_Source\PSoC5/Display1_PM.c **** * Summary:
  49:Generated_Source\PSoC5/Display1_PM.c **** *  Does nothing, provided for consistency.
  50:Generated_Source\PSoC5/Display1_PM.c **** *
  51:Generated_Source\PSoC5/Display1_PM.c **** * Parameters:
  52:Generated_Source\PSoC5/Display1_PM.c **** *  None.
  53:Generated_Source\PSoC5/Display1_PM.c **** *
  54:Generated_Source\PSoC5/Display1_PM.c **** * Return:
  55:Generated_Source\PSoC5/Display1_PM.c **** *  None.
  56:Generated_Source\PSoC5/Display1_PM.c **** *
  57:Generated_Source\PSoC5/Display1_PM.c **** *******************************************************************************/
  58:Generated_Source\PSoC5/Display1_PM.c **** void Display1_RestoreConfig(void) 
  59:Generated_Source\PSoC5/Display1_PM.c **** {
  45              		.loc 1 59 0
  46              		.cfi_startproc
  47              		@ args = 0, pretend = 0, frame = 0
  48              		@ frame_needed = 0, uses_anonymous_args = 0
  49              		@ link register save eliminated.
  50 0000 7047     		bx	lr
  51              		.cfi_endproc
  52              	.LFE1:
  53              		.size	Display1_RestoreConfig, .-Display1_RestoreConfig
  54 0002 00BF     		.section	.text.Display1_Sleep,"ax",%progbits
  55              		.align	2
ARM GAS  C:\Users\ESTEBAN\AppData\Local\Temp\ccofQ5bi.s 			page 3


  56              		.global	Display1_Sleep
  57              		.thumb
  58              		.thumb_func
  59              		.type	Display1_Sleep, %function
  60              	Display1_Sleep:
  61              	.LFB2:
  60:Generated_Source\PSoC5/Display1_PM.c ****     /* Nothing to restore in current version */
  61:Generated_Source\PSoC5/Display1_PM.c **** }
  62:Generated_Source\PSoC5/Display1_PM.c **** 
  63:Generated_Source\PSoC5/Display1_PM.c **** 
  64:Generated_Source\PSoC5/Display1_PM.c **** /*******************************************************************************
  65:Generated_Source\PSoC5/Display1_PM.c **** * Function Name: Display1_Sleep
  66:Generated_Source\PSoC5/Display1_PM.c **** ********************************************************************************
  67:Generated_Source\PSoC5/Display1_PM.c **** *
  68:Generated_Source\PSoC5/Display1_PM.c **** * Summary:
  69:Generated_Source\PSoC5/Display1_PM.c **** *  Prepares component for entering the sleep mode.
  70:Generated_Source\PSoC5/Display1_PM.c **** *
  71:Generated_Source\PSoC5/Display1_PM.c **** * Parameters:
  72:Generated_Source\PSoC5/Display1_PM.c **** *  None.
  73:Generated_Source\PSoC5/Display1_PM.c **** 
  74:Generated_Source\PSoC5/Display1_PM.c **** *
  75:Generated_Source\PSoC5/Display1_PM.c **** * Return:
  76:Generated_Source\PSoC5/Display1_PM.c **** *  None.
  77:Generated_Source\PSoC5/Display1_PM.c **** *
  78:Generated_Source\PSoC5/Display1_PM.c **** * Global variables:
  79:Generated_Source\PSoC5/Display1_PM.c **** *  Display1_enableState - holds a state of the component that will be
  80:Generated_Source\PSoC5/Display1_PM.c **** *  stored in Display1_backup.
  81:Generated_Source\PSoC5/Display1_PM.c **** *
  82:Generated_Source\PSoC5/Display1_PM.c **** *  Display1_backup - stores the state of the component.
  83:Generated_Source\PSoC5/Display1_PM.c **** *
  84:Generated_Source\PSoC5/Display1_PM.c **** * Reentrant:
  85:Generated_Source\PSoC5/Display1_PM.c **** *  No.
  86:Generated_Source\PSoC5/Display1_PM.c **** *
  87:Generated_Source\PSoC5/Display1_PM.c **** *******************************************************************************/
  88:Generated_Source\PSoC5/Display1_PM.c **** void Display1_Sleep(void) 
  89:Generated_Source\PSoC5/Display1_PM.c **** {
  62              		.loc 1 89 0
  63              		.cfi_startproc
  64              		@ args = 0, pretend = 0, frame = 0
  65              		@ frame_needed = 0, uses_anonymous_args = 0
  66              		.loc 1 89 0
  67 0000 08B5     		push	{r3, lr}
  68              		.cfi_def_cfa_offset 8
  69              		.cfi_offset 3, -8
  70              		.cfi_offset 14, -4
  90:Generated_Source\PSoC5/Display1_PM.c ****     Display1_backup.enableState = Display1_enableState;
  71              		.loc 1 90 0
  72 0002 034B     		ldr	r3, .L5
  73 0004 1A78     		ldrb	r2, [r3]	@ zero_extendqisi2
  74 0006 034B     		ldr	r3, .L5+4
  75 0008 1A70     		strb	r2, [r3]
  91:Generated_Source\PSoC5/Display1_PM.c ****     Display1_SaveConfig();
  92:Generated_Source\PSoC5/Display1_PM.c ****     Display1_Stop();
  76              		.loc 1 92 0
  77 000a FFF7FEFF 		bl	Display1_Stop
  78              	.LVL0:
  79 000e 08BD     		pop	{r3, pc}
ARM GAS  C:\Users\ESTEBAN\AppData\Local\Temp\ccofQ5bi.s 			page 4


  80              	.L6:
  81              		.align	2
  82              	.L5:
  83 0010 00000000 		.word	Display1_enableState
  84 0014 00000000 		.word	.LANCHOR0
  85              		.cfi_endproc
  86              	.LFE2:
  87              		.size	Display1_Sleep, .-Display1_Sleep
  88              		.section	.text.Display1_Wakeup,"ax",%progbits
  89              		.align	2
  90              		.global	Display1_Wakeup
  91              		.thumb
  92              		.thumb_func
  93              		.type	Display1_Wakeup, %function
  94              	Display1_Wakeup:
  95              	.LFB3:
  93:Generated_Source\PSoC5/Display1_PM.c **** }
  94:Generated_Source\PSoC5/Display1_PM.c **** 
  95:Generated_Source\PSoC5/Display1_PM.c **** 
  96:Generated_Source\PSoC5/Display1_PM.c **** /*******************************************************************************
  97:Generated_Source\PSoC5/Display1_PM.c **** * Function Name: Display1_Wakeup
  98:Generated_Source\PSoC5/Display1_PM.c **** ********************************************************************************
  99:Generated_Source\PSoC5/Display1_PM.c **** *
 100:Generated_Source\PSoC5/Display1_PM.c **** * Summary:
 101:Generated_Source\PSoC5/Display1_PM.c **** *  Wakes component from sleep mode. Configures DMA and enables the component for
 102:Generated_Source\PSoC5/Display1_PM.c **** *  normal operation.
 103:Generated_Source\PSoC5/Display1_PM.c **** *
 104:Generated_Source\PSoC5/Display1_PM.c **** * Parameters:
 105:Generated_Source\PSoC5/Display1_PM.c **** *  Display1_enableState - Global variable.
 106:Generated_Source\PSoC5/Display1_PM.c **** *
 107:Generated_Source\PSoC5/Display1_PM.c **** * Global variables:
 108:Generated_Source\PSoC5/Display1_PM.c **** *  Display1_backup - this API fetch the component state from the
 109:Generated_Source\PSoC5/Display1_PM.c **** *  structure to analyze and decide if the component should be enabled or not.
 110:Generated_Source\PSoC5/Display1_PM.c **** *
 111:Generated_Source\PSoC5/Display1_PM.c **** * Return:
 112:Generated_Source\PSoC5/Display1_PM.c **** *  Status one of standard status for PSoC3 Component:
 113:Generated_Source\PSoC5/Display1_PM.c **** *       CYRET_SUCCESS - Function completed successfully.
 114:Generated_Source\PSoC5/Display1_PM.c **** *       CYRET_LOCKED - The object was locked, already in use. Some of TDs or
 115:Generated_Source\PSoC5/Display1_PM.c **** *                      a channel already in use or the component was turned
 116:Generated_Source\PSoC5/Display1_PM.c **** *                      off by the user before entering to a sleep.
 117:Generated_Source\PSoC5/Display1_PM.c **** *
 118:Generated_Source\PSoC5/Display1_PM.c **** * Reentrant:
 119:Generated_Source\PSoC5/Display1_PM.c **** *  No.
 120:Generated_Source\PSoC5/Display1_PM.c **** *
 121:Generated_Source\PSoC5/Display1_PM.c **** *******************************************************************************/
 122:Generated_Source\PSoC5/Display1_PM.c **** uint8 Display1_Wakeup(void) 
 123:Generated_Source\PSoC5/Display1_PM.c **** {
  96              		.loc 1 123 0
  97              		.cfi_startproc
  98              		@ args = 0, pretend = 0, frame = 0
  99              		@ frame_needed = 0, uses_anonymous_args = 0
 100 0000 08B5     		push	{r3, lr}
 101              		.cfi_def_cfa_offset 8
 102              		.cfi_offset 3, -8
 103              		.cfi_offset 14, -4
 124:Generated_Source\PSoC5/Display1_PM.c ****     uint8 status;
 125:Generated_Source\PSoC5/Display1_PM.c **** 
ARM GAS  C:\Users\ESTEBAN\AppData\Local\Temp\ccofQ5bi.s 			page 5


 126:Generated_Source\PSoC5/Display1_PM.c ****     Display1_RestoreConfig();
 127:Generated_Source\PSoC5/Display1_PM.c **** 
 128:Generated_Source\PSoC5/Display1_PM.c ****     if(Display1_backup.enableState == 1u)
 104              		.loc 1 128 0
 105 0002 044B     		ldr	r3, .L11
 106 0004 1B78     		ldrb	r3, [r3]	@ zero_extendqisi2
 107 0006 012B     		cmp	r3, #1
 108 0008 02D1     		bne	.L9
 129:Generated_Source\PSoC5/Display1_PM.c ****     {
 130:Generated_Source\PSoC5/Display1_PM.c ****        status = Display1_Enable();
 109              		.loc 1 130 0
 110 000a FFF7FEFF 		bl	Display1_Enable
 111              	.LVL1:
 112 000e 08BD     		pop	{r3, pc}
 113              	.LVL2:
 114              	.L9:
 131:Generated_Source\PSoC5/Display1_PM.c ****     }
 132:Generated_Source\PSoC5/Display1_PM.c ****     else
 133:Generated_Source\PSoC5/Display1_PM.c ****     {
 134:Generated_Source\PSoC5/Display1_PM.c ****         status = CYRET_LOCKED;
 115              		.loc 1 134 0
 116 0010 0420     		movs	r0, #4
 117              	.LVL3:
 135:Generated_Source\PSoC5/Display1_PM.c ****     }
 136:Generated_Source\PSoC5/Display1_PM.c **** 
 137:Generated_Source\PSoC5/Display1_PM.c ****     return(status);
 138:Generated_Source\PSoC5/Display1_PM.c **** }
 118              		.loc 1 138 0
 119 0012 08BD     		pop	{r3, pc}
 120              	.L12:
 121              		.align	2
 122              	.L11:
 123 0014 00000000 		.word	.LANCHOR0
 124              		.cfi_endproc
 125              	.LFE3:
 126              		.size	Display1_Wakeup, .-Display1_Wakeup
 127              		.bss
 128              		.align	2
 129              		.set	.LANCHOR0,. + 0
 130              		.type	Display1_backup, %object
 131              		.size	Display1_backup, 1
 132              	Display1_backup:
 133 0000 00       		.space	1
 134              		.text
 135              	.Letext0:
 136              		.file 2 "Generated_Source\\PSoC5\\cytypes.h"
 137              		.file 3 "Generated_Source\\PSoC5\\Display1.h"
 138              		.section	.debug_info,"",%progbits
 139              	.Ldebug_info0:
 140 0000 4E010000 		.4byte	0x14e
 141 0004 0400     		.2byte	0x4
 142 0006 00000000 		.4byte	.Ldebug_abbrev0
 143 000a 04       		.byte	0x4
 144 000b 01       		.uleb128 0x1
 145 000c 40000000 		.4byte	.LASF20
 146 0010 0C       		.byte	0xc
 147 0011 2A020000 		.4byte	.LASF21
ARM GAS  C:\Users\ESTEBAN\AppData\Local\Temp\ccofQ5bi.s 			page 6


 148 0015 8D010000 		.4byte	.LASF22
 149 0019 00000000 		.4byte	.Ldebug_ranges0+0
 150 001d 00000000 		.4byte	0
 151 0021 00000000 		.4byte	.Ldebug_line0
 152 0025 02       		.uleb128 0x2
 153 0026 01       		.byte	0x1
 154 0027 06       		.byte	0x6
 155 0028 0E020000 		.4byte	.LASF0
 156 002c 02       		.uleb128 0x2
 157 002d 01       		.byte	0x1
 158 002e 08       		.byte	0x8
 159 002f 32000000 		.4byte	.LASF1
 160 0033 02       		.uleb128 0x2
 161 0034 02       		.byte	0x2
 162 0035 05       		.byte	0x5
 163 0036 E9010000 		.4byte	.LASF2
 164 003a 02       		.uleb128 0x2
 165 003b 02       		.byte	0x2
 166 003c 07       		.byte	0x7
 167 003d EE000000 		.4byte	.LASF3
 168 0041 02       		.uleb128 0x2
 169 0042 04       		.byte	0x4
 170 0043 05       		.byte	0x5
 171 0044 F9010000 		.4byte	.LASF4
 172 0048 02       		.uleb128 0x2
 173 0049 04       		.byte	0x4
 174 004a 07       		.byte	0x7
 175 004b DC000000 		.4byte	.LASF5
 176 004f 02       		.uleb128 0x2
 177 0050 08       		.byte	0x8
 178 0051 05       		.byte	0x5
 179 0052 D6010000 		.4byte	.LASF6
 180 0056 02       		.uleb128 0x2
 181 0057 08       		.byte	0x8
 182 0058 07       		.byte	0x7
 183 0059 76010000 		.4byte	.LASF7
 184 005d 03       		.uleb128 0x3
 185 005e 04       		.byte	0x4
 186 005f 05       		.byte	0x5
 187 0060 696E7400 		.ascii	"int\000"
 188 0064 02       		.uleb128 0x2
 189 0065 04       		.byte	0x4
 190 0066 07       		.byte	0x7
 191 0067 55010000 		.4byte	.LASF8
 192 006b 04       		.uleb128 0x4
 193 006c F3010000 		.4byte	.LASF12
 194 0070 02       		.byte	0x2
 195 0071 E401     		.2byte	0x1e4
 196 0073 2C000000 		.4byte	0x2c
 197 0077 02       		.uleb128 0x2
 198 0078 04       		.byte	0x4
 199 0079 04       		.byte	0x4
 200 007a 17000000 		.4byte	.LASF9
 201 007e 02       		.uleb128 0x2
 202 007f 08       		.byte	0x8
 203 0080 04       		.byte	0x4
 204 0081 18010000 		.4byte	.LASF10
ARM GAS  C:\Users\ESTEBAN\AppData\Local\Temp\ccofQ5bi.s 			page 7


 205 0085 02       		.uleb128 0x2
 206 0086 01       		.byte	0x1
 207 0087 08       		.byte	0x8
 208 0088 E4010000 		.4byte	.LASF11
 209 008c 05       		.uleb128 0x5
 210 008d 01       		.byte	0x1
 211 008e 03       		.byte	0x3
 212 008f 2C       		.byte	0x2c
 213 0090 A1000000 		.4byte	0xa1
 214 0094 06       		.uleb128 0x6
 215 0095 02020000 		.4byte	.LASF23
 216 0099 03       		.byte	0x3
 217 009a 2E       		.byte	0x2e
 218 009b 6B000000 		.4byte	0x6b
 219 009f 00       		.byte	0
 220 00a0 00       		.byte	0
 221 00a1 07       		.uleb128 0x7
 222 00a2 01010000 		.4byte	.LASF13
 223 00a6 03       		.byte	0x3
 224 00a7 2F       		.byte	0x2f
 225 00a8 8C000000 		.4byte	0x8c
 226 00ac 08       		.uleb128 0x8
 227 00ad 62010000 		.4byte	.LASF14
 228 00b1 01       		.byte	0x1
 229 00b2 26       		.byte	0x26
 230 00b3 00000000 		.4byte	.LFB0
 231 00b7 02000000 		.4byte	.LFE0-.LFB0
 232 00bb 01       		.uleb128 0x1
 233 00bc 9C       		.byte	0x9c
 234 00bd 08       		.uleb128 0x8
 235 00be 1F010000 		.4byte	.LASF15
 236 00c2 01       		.byte	0x1
 237 00c3 3A       		.byte	0x3a
 238 00c4 00000000 		.4byte	.LFB1
 239 00c8 02000000 		.4byte	.LFE1-.LFB1
 240 00cc 01       		.uleb128 0x1
 241 00cd 9C       		.byte	0x9c
 242 00ce 09       		.uleb128 0x9
 243 00cf 46010000 		.4byte	.LASF24
 244 00d3 01       		.byte	0x1
 245 00d4 58       		.byte	0x58
 246 00d5 00000000 		.4byte	.LFB2
 247 00d9 18000000 		.4byte	.LFE2-.LFB2
 248 00dd 01       		.uleb128 0x1
 249 00de 9C       		.byte	0x9c
 250 00df ED000000 		.4byte	0xed
 251 00e3 0A       		.uleb128 0xa
 252 00e4 0E000000 		.4byte	.LVL0
 253 00e8 3B010000 		.4byte	0x13b
 254 00ec 00       		.byte	0
 255 00ed 0B       		.uleb128 0xb
 256 00ee 36010000 		.4byte	.LASF25
 257 00f2 01       		.byte	0x1
 258 00f3 7A       		.byte	0x7a
 259 00f4 6B000000 		.4byte	0x6b
 260 00f8 00000000 		.4byte	.LFB3
 261 00fc 18000000 		.4byte	.LFE3-.LFB3
ARM GAS  C:\Users\ESTEBAN\AppData\Local\Temp\ccofQ5bi.s 			page 8


 262 0100 01       		.uleb128 0x1
 263 0101 9C       		.byte	0x9c
 264 0102 1F010000 		.4byte	0x11f
 265 0106 0C       		.uleb128 0xc
 266 0107 10000000 		.4byte	.LASF16
 267 010b 01       		.byte	0x1
 268 010c 7C       		.byte	0x7c
 269 010d 6B000000 		.4byte	0x6b
 270 0111 00000000 		.4byte	.LLST0
 271 0115 0A       		.uleb128 0xa
 272 0116 0E000000 		.4byte	.LVL1
 273 011a 46010000 		.4byte	0x146
 274 011e 00       		.byte	0
 275 011f 0D       		.uleb128 0xd
 276 0120 00000000 		.4byte	.LASF17
 277 0124 01       		.byte	0x1
 278 0125 15       		.byte	0x15
 279 0126 A1000000 		.4byte	0xa1
 280 012a 05       		.uleb128 0x5
 281 012b 03       		.byte	0x3
 282 012c 00000000 		.4byte	Display1_backup
 283 0130 0E       		.uleb128 0xe
 284 0131 1D000000 		.4byte	.LASF26
 285 0135 03       		.byte	0x3
 286 0136 5F       		.byte	0x5f
 287 0137 6B000000 		.4byte	0x6b
 288 013b 0F       		.uleb128 0xf
 289 013c CE000000 		.4byte	.LASF18
 290 0140 CE000000 		.4byte	.LASF18
 291 0144 03       		.byte	0x3
 292 0145 40       		.byte	0x40
 293 0146 0F       		.uleb128 0xf
 294 0147 1A020000 		.4byte	.LASF19
 295 014b 1A020000 		.4byte	.LASF19
 296 014f 03       		.byte	0x3
 297 0150 3E       		.byte	0x3e
 298 0151 00       		.byte	0
 299              		.section	.debug_abbrev,"",%progbits
 300              	.Ldebug_abbrev0:
 301 0000 01       		.uleb128 0x1
 302 0001 11       		.uleb128 0x11
 303 0002 01       		.byte	0x1
 304 0003 25       		.uleb128 0x25
 305 0004 0E       		.uleb128 0xe
 306 0005 13       		.uleb128 0x13
 307 0006 0B       		.uleb128 0xb
 308 0007 03       		.uleb128 0x3
 309 0008 0E       		.uleb128 0xe
 310 0009 1B       		.uleb128 0x1b
 311 000a 0E       		.uleb128 0xe
 312 000b 55       		.uleb128 0x55
 313 000c 17       		.uleb128 0x17
 314 000d 11       		.uleb128 0x11
 315 000e 01       		.uleb128 0x1
 316 000f 10       		.uleb128 0x10
 317 0010 17       		.uleb128 0x17
 318 0011 00       		.byte	0
ARM GAS  C:\Users\ESTEBAN\AppData\Local\Temp\ccofQ5bi.s 			page 9


 319 0012 00       		.byte	0
 320 0013 02       		.uleb128 0x2
 321 0014 24       		.uleb128 0x24
 322 0015 00       		.byte	0
 323 0016 0B       		.uleb128 0xb
 324 0017 0B       		.uleb128 0xb
 325 0018 3E       		.uleb128 0x3e
 326 0019 0B       		.uleb128 0xb
 327 001a 03       		.uleb128 0x3
 328 001b 0E       		.uleb128 0xe
 329 001c 00       		.byte	0
 330 001d 00       		.byte	0
 331 001e 03       		.uleb128 0x3
 332 001f 24       		.uleb128 0x24
 333 0020 00       		.byte	0
 334 0021 0B       		.uleb128 0xb
 335 0022 0B       		.uleb128 0xb
 336 0023 3E       		.uleb128 0x3e
 337 0024 0B       		.uleb128 0xb
 338 0025 03       		.uleb128 0x3
 339 0026 08       		.uleb128 0x8
 340 0027 00       		.byte	0
 341 0028 00       		.byte	0
 342 0029 04       		.uleb128 0x4
 343 002a 16       		.uleb128 0x16
 344 002b 00       		.byte	0
 345 002c 03       		.uleb128 0x3
 346 002d 0E       		.uleb128 0xe
 347 002e 3A       		.uleb128 0x3a
 348 002f 0B       		.uleb128 0xb
 349 0030 3B       		.uleb128 0x3b
 350 0031 05       		.uleb128 0x5
 351 0032 49       		.uleb128 0x49
 352 0033 13       		.uleb128 0x13
 353 0034 00       		.byte	0
 354 0035 00       		.byte	0
 355 0036 05       		.uleb128 0x5
 356 0037 13       		.uleb128 0x13
 357 0038 01       		.byte	0x1
 358 0039 0B       		.uleb128 0xb
 359 003a 0B       		.uleb128 0xb
 360 003b 3A       		.uleb128 0x3a
 361 003c 0B       		.uleb128 0xb
 362 003d 3B       		.uleb128 0x3b
 363 003e 0B       		.uleb128 0xb
 364 003f 01       		.uleb128 0x1
 365 0040 13       		.uleb128 0x13
 366 0041 00       		.byte	0
 367 0042 00       		.byte	0
 368 0043 06       		.uleb128 0x6
 369 0044 0D       		.uleb128 0xd
 370 0045 00       		.byte	0
 371 0046 03       		.uleb128 0x3
 372 0047 0E       		.uleb128 0xe
 373 0048 3A       		.uleb128 0x3a
 374 0049 0B       		.uleb128 0xb
 375 004a 3B       		.uleb128 0x3b
ARM GAS  C:\Users\ESTEBAN\AppData\Local\Temp\ccofQ5bi.s 			page 10


 376 004b 0B       		.uleb128 0xb
 377 004c 49       		.uleb128 0x49
 378 004d 13       		.uleb128 0x13
 379 004e 38       		.uleb128 0x38
 380 004f 0B       		.uleb128 0xb
 381 0050 00       		.byte	0
 382 0051 00       		.byte	0
 383 0052 07       		.uleb128 0x7
 384 0053 16       		.uleb128 0x16
 385 0054 00       		.byte	0
 386 0055 03       		.uleb128 0x3
 387 0056 0E       		.uleb128 0xe
 388 0057 3A       		.uleb128 0x3a
 389 0058 0B       		.uleb128 0xb
 390 0059 3B       		.uleb128 0x3b
 391 005a 0B       		.uleb128 0xb
 392 005b 49       		.uleb128 0x49
 393 005c 13       		.uleb128 0x13
 394 005d 00       		.byte	0
 395 005e 00       		.byte	0
 396 005f 08       		.uleb128 0x8
 397 0060 2E       		.uleb128 0x2e
 398 0061 00       		.byte	0
 399 0062 3F       		.uleb128 0x3f
 400 0063 19       		.uleb128 0x19
 401 0064 03       		.uleb128 0x3
 402 0065 0E       		.uleb128 0xe
 403 0066 3A       		.uleb128 0x3a
 404 0067 0B       		.uleb128 0xb
 405 0068 3B       		.uleb128 0x3b
 406 0069 0B       		.uleb128 0xb
 407 006a 27       		.uleb128 0x27
 408 006b 19       		.uleb128 0x19
 409 006c 11       		.uleb128 0x11
 410 006d 01       		.uleb128 0x1
 411 006e 12       		.uleb128 0x12
 412 006f 06       		.uleb128 0x6
 413 0070 40       		.uleb128 0x40
 414 0071 18       		.uleb128 0x18
 415 0072 9742     		.uleb128 0x2117
 416 0074 19       		.uleb128 0x19
 417 0075 00       		.byte	0
 418 0076 00       		.byte	0
 419 0077 09       		.uleb128 0x9
 420 0078 2E       		.uleb128 0x2e
 421 0079 01       		.byte	0x1
 422 007a 3F       		.uleb128 0x3f
 423 007b 19       		.uleb128 0x19
 424 007c 03       		.uleb128 0x3
 425 007d 0E       		.uleb128 0xe
 426 007e 3A       		.uleb128 0x3a
 427 007f 0B       		.uleb128 0xb
 428 0080 3B       		.uleb128 0x3b
 429 0081 0B       		.uleb128 0xb
 430 0082 27       		.uleb128 0x27
 431 0083 19       		.uleb128 0x19
 432 0084 11       		.uleb128 0x11
ARM GAS  C:\Users\ESTEBAN\AppData\Local\Temp\ccofQ5bi.s 			page 11


 433 0085 01       		.uleb128 0x1
 434 0086 12       		.uleb128 0x12
 435 0087 06       		.uleb128 0x6
 436 0088 40       		.uleb128 0x40
 437 0089 18       		.uleb128 0x18
 438 008a 9742     		.uleb128 0x2117
 439 008c 19       		.uleb128 0x19
 440 008d 01       		.uleb128 0x1
 441 008e 13       		.uleb128 0x13
 442 008f 00       		.byte	0
 443 0090 00       		.byte	0
 444 0091 0A       		.uleb128 0xa
 445 0092 898201   		.uleb128 0x4109
 446 0095 00       		.byte	0
 447 0096 11       		.uleb128 0x11
 448 0097 01       		.uleb128 0x1
 449 0098 31       		.uleb128 0x31
 450 0099 13       		.uleb128 0x13
 451 009a 00       		.byte	0
 452 009b 00       		.byte	0
 453 009c 0B       		.uleb128 0xb
 454 009d 2E       		.uleb128 0x2e
 455 009e 01       		.byte	0x1
 456 009f 3F       		.uleb128 0x3f
 457 00a0 19       		.uleb128 0x19
 458 00a1 03       		.uleb128 0x3
 459 00a2 0E       		.uleb128 0xe
 460 00a3 3A       		.uleb128 0x3a
 461 00a4 0B       		.uleb128 0xb
 462 00a5 3B       		.uleb128 0x3b
 463 00a6 0B       		.uleb128 0xb
 464 00a7 27       		.uleb128 0x27
 465 00a8 19       		.uleb128 0x19
 466 00a9 49       		.uleb128 0x49
 467 00aa 13       		.uleb128 0x13
 468 00ab 11       		.uleb128 0x11
 469 00ac 01       		.uleb128 0x1
 470 00ad 12       		.uleb128 0x12
 471 00ae 06       		.uleb128 0x6
 472 00af 40       		.uleb128 0x40
 473 00b0 18       		.uleb128 0x18
 474 00b1 9742     		.uleb128 0x2117
 475 00b3 19       		.uleb128 0x19
 476 00b4 01       		.uleb128 0x1
 477 00b5 13       		.uleb128 0x13
 478 00b6 00       		.byte	0
 479 00b7 00       		.byte	0
 480 00b8 0C       		.uleb128 0xc
 481 00b9 34       		.uleb128 0x34
 482 00ba 00       		.byte	0
 483 00bb 03       		.uleb128 0x3
 484 00bc 0E       		.uleb128 0xe
 485 00bd 3A       		.uleb128 0x3a
 486 00be 0B       		.uleb128 0xb
 487 00bf 3B       		.uleb128 0x3b
 488 00c0 0B       		.uleb128 0xb
 489 00c1 49       		.uleb128 0x49
ARM GAS  C:\Users\ESTEBAN\AppData\Local\Temp\ccofQ5bi.s 			page 12


 490 00c2 13       		.uleb128 0x13
 491 00c3 02       		.uleb128 0x2
 492 00c4 17       		.uleb128 0x17
 493 00c5 00       		.byte	0
 494 00c6 00       		.byte	0
 495 00c7 0D       		.uleb128 0xd
 496 00c8 34       		.uleb128 0x34
 497 00c9 00       		.byte	0
 498 00ca 03       		.uleb128 0x3
 499 00cb 0E       		.uleb128 0xe
 500 00cc 3A       		.uleb128 0x3a
 501 00cd 0B       		.uleb128 0xb
 502 00ce 3B       		.uleb128 0x3b
 503 00cf 0B       		.uleb128 0xb
 504 00d0 49       		.uleb128 0x49
 505 00d1 13       		.uleb128 0x13
 506 00d2 02       		.uleb128 0x2
 507 00d3 18       		.uleb128 0x18
 508 00d4 00       		.byte	0
 509 00d5 00       		.byte	0
 510 00d6 0E       		.uleb128 0xe
 511 00d7 34       		.uleb128 0x34
 512 00d8 00       		.byte	0
 513 00d9 03       		.uleb128 0x3
 514 00da 0E       		.uleb128 0xe
 515 00db 3A       		.uleb128 0x3a
 516 00dc 0B       		.uleb128 0xb
 517 00dd 3B       		.uleb128 0x3b
 518 00de 0B       		.uleb128 0xb
 519 00df 49       		.uleb128 0x49
 520 00e0 13       		.uleb128 0x13
 521 00e1 3F       		.uleb128 0x3f
 522 00e2 19       		.uleb128 0x19
 523 00e3 3C       		.uleb128 0x3c
 524 00e4 19       		.uleb128 0x19
 525 00e5 00       		.byte	0
 526 00e6 00       		.byte	0
 527 00e7 0F       		.uleb128 0xf
 528 00e8 2E       		.uleb128 0x2e
 529 00e9 00       		.byte	0
 530 00ea 3F       		.uleb128 0x3f
 531 00eb 19       		.uleb128 0x19
 532 00ec 3C       		.uleb128 0x3c
 533 00ed 19       		.uleb128 0x19
 534 00ee 6E       		.uleb128 0x6e
 535 00ef 0E       		.uleb128 0xe
 536 00f0 03       		.uleb128 0x3
 537 00f1 0E       		.uleb128 0xe
 538 00f2 3A       		.uleb128 0x3a
 539 00f3 0B       		.uleb128 0xb
 540 00f4 3B       		.uleb128 0x3b
 541 00f5 0B       		.uleb128 0xb
 542 00f6 00       		.byte	0
 543 00f7 00       		.byte	0
 544 00f8 00       		.byte	0
 545              		.section	.debug_loc,"",%progbits
 546              	.Ldebug_loc0:
ARM GAS  C:\Users\ESTEBAN\AppData\Local\Temp\ccofQ5bi.s 			page 13


 547              	.LLST0:
 548 0000 0E000000 		.4byte	.LVL1
 549 0004 10000000 		.4byte	.LVL2
 550 0008 0100     		.2byte	0x1
 551 000a 50       		.byte	0x50
 552 000b 12000000 		.4byte	.LVL3
 553 000f 18000000 		.4byte	.LFE3
 554 0013 0100     		.2byte	0x1
 555 0015 50       		.byte	0x50
 556 0016 00000000 		.4byte	0
 557 001a 00000000 		.4byte	0
 558              		.section	.debug_aranges,"",%progbits
 559 0000 34000000 		.4byte	0x34
 560 0004 0200     		.2byte	0x2
 561 0006 00000000 		.4byte	.Ldebug_info0
 562 000a 04       		.byte	0x4
 563 000b 00       		.byte	0
 564 000c 0000     		.2byte	0
 565 000e 0000     		.2byte	0
 566 0010 00000000 		.4byte	.LFB0
 567 0014 02000000 		.4byte	.LFE0-.LFB0
 568 0018 00000000 		.4byte	.LFB1
 569 001c 02000000 		.4byte	.LFE1-.LFB1
 570 0020 00000000 		.4byte	.LFB2
 571 0024 18000000 		.4byte	.LFE2-.LFB2
 572 0028 00000000 		.4byte	.LFB3
 573 002c 18000000 		.4byte	.LFE3-.LFB3
 574 0030 00000000 		.4byte	0
 575 0034 00000000 		.4byte	0
 576              		.section	.debug_ranges,"",%progbits
 577              	.Ldebug_ranges0:
 578 0000 00000000 		.4byte	.LFB0
 579 0004 02000000 		.4byte	.LFE0
 580 0008 00000000 		.4byte	.LFB1
 581 000c 02000000 		.4byte	.LFE1
 582 0010 00000000 		.4byte	.LFB2
 583 0014 18000000 		.4byte	.LFE2
 584 0018 00000000 		.4byte	.LFB3
 585 001c 18000000 		.4byte	.LFE3
 586 0020 00000000 		.4byte	0
 587 0024 00000000 		.4byte	0
 588              		.section	.debug_line,"",%progbits
 589              	.Ldebug_line0:
 590 0000 A1000000 		.section	.debug_str,"MS",%progbits,1
 590      02005600 
 590      00000201 
 590      FB0E0D00 
 590      01010101 
 591              	.LASF17:
 592 0000 44697370 		.ascii	"Display1_backup\000"
 592      6C617931 
 592      5F626163 
 592      6B757000 
 593              	.LASF16:
 594 0010 73746174 		.ascii	"status\000"
 594      757300
 595              	.LASF9:
ARM GAS  C:\Users\ESTEBAN\AppData\Local\Temp\ccofQ5bi.s 			page 14


 596 0017 666C6F61 		.ascii	"float\000"
 596      7400
 597              	.LASF26:
 598 001d 44697370 		.ascii	"Display1_enableState\000"
 598      6C617931 
 598      5F656E61 
 598      626C6553 
 598      74617465 
 599              	.LASF1:
 600 0032 756E7369 		.ascii	"unsigned char\000"
 600      676E6564 
 600      20636861 
 600      7200
 601              	.LASF20:
 602 0040 474E5520 		.ascii	"GNU C11 5.4.1 20160609 (release) [ARM/embedded-5-br"
 602      43313120 
 602      352E342E 
 602      31203230 
 602      31363036 
 603 0073 616E6368 		.ascii	"anch revision 237715] -mcpu=cortex-m3 -mthumb -g -O"
 603      20726576 
 603      6973696F 
 603      6E203233 
 603      37373135 
 604 00a6 67202D66 		.ascii	"g -ffunction-sections -ffat-lto-objects\000"
 604      66756E63 
 604      74696F6E 
 604      2D736563 
 604      74696F6E 
 605              	.LASF18:
 606 00ce 44697370 		.ascii	"Display1_Stop\000"
 606      6C617931 
 606      5F53746F 
 606      7000
 607              	.LASF5:
 608 00dc 6C6F6E67 		.ascii	"long unsigned int\000"
 608      20756E73 
 608      69676E65 
 608      6420696E 
 608      7400
 609              	.LASF3:
 610 00ee 73686F72 		.ascii	"short unsigned int\000"
 610      7420756E 
 610      7369676E 
 610      65642069 
 610      6E7400
 611              	.LASF13:
 612 0101 44697370 		.ascii	"Display1_BACKUP_STRUCT\000"
 612      6C617931 
 612      5F424143 
 612      4B55505F 
 612      53545255 
 613              	.LASF10:
 614 0118 646F7562 		.ascii	"double\000"
 614      6C6500
 615              	.LASF15:
 616 011f 44697370 		.ascii	"Display1_RestoreConfig\000"
ARM GAS  C:\Users\ESTEBAN\AppData\Local\Temp\ccofQ5bi.s 			page 15


 616      6C617931 
 616      5F526573 
 616      746F7265 
 616      436F6E66 
 617              	.LASF25:
 618 0136 44697370 		.ascii	"Display1_Wakeup\000"
 618      6C617931 
 618      5F57616B 
 618      65757000 
 619              	.LASF24:
 620 0146 44697370 		.ascii	"Display1_Sleep\000"
 620      6C617931 
 620      5F536C65 
 620      657000
 621              	.LASF8:
 622 0155 756E7369 		.ascii	"unsigned int\000"
 622      676E6564 
 622      20696E74 
 622      00
 623              	.LASF14:
 624 0162 44697370 		.ascii	"Display1_SaveConfig\000"
 624      6C617931 
 624      5F536176 
 624      65436F6E 
 624      66696700 
 625              	.LASF7:
 626 0176 6C6F6E67 		.ascii	"long long unsigned int\000"
 626      206C6F6E 
 626      6720756E 
 626      7369676E 
 626      65642069 
 627              	.LASF22:
 628 018d 443A5C55 		.ascii	"D:\\Users\\ESTEBAN\\Desktop\\Materias\\Codigos\\Psc"
 628      73657273 
 628      5C455354 
 628      4542414E 
 628      5C446573 
 629 01ba 6F635C61 		.ascii	"oc\\as\\LABVIEW\\labview.cydsn\000"
 629      735C4C41 
 629      42564945 
 629      575C6C61 
 629      62766965 
 630              	.LASF6:
 631 01d6 6C6F6E67 		.ascii	"long long int\000"
 631      206C6F6E 
 631      6720696E 
 631      7400
 632              	.LASF11:
 633 01e4 63686172 		.ascii	"char\000"
 633      00
 634              	.LASF2:
 635 01e9 73686F72 		.ascii	"short int\000"
 635      7420696E 
 635      7400
 636              	.LASF12:
 637 01f3 75696E74 		.ascii	"uint8\000"
 637      3800
ARM GAS  C:\Users\ESTEBAN\AppData\Local\Temp\ccofQ5bi.s 			page 16


 638              	.LASF4:
 639 01f9 6C6F6E67 		.ascii	"long int\000"
 639      20696E74 
 639      00
 640              	.LASF23:
 641 0202 656E6162 		.ascii	"enableState\000"
 641      6C655374 
 641      61746500 
 642              	.LASF0:
 643 020e 7369676E 		.ascii	"signed char\000"
 643      65642063 
 643      68617200 
 644              	.LASF19:
 645 021a 44697370 		.ascii	"Display1_Enable\000"
 645      6C617931 
 645      5F456E61 
 645      626C6500 
 646              	.LASF21:
 647 022a 47656E65 		.ascii	"Generated_Source\\PSoC5\\Display1_PM.c\000"
 647      72617465 
 647      645F536F 
 647      75726365 
 647      5C50536F 
 648              		.ident	"GCC: (GNU Tools for ARM Embedded Processors) 5.4.1 20160609 (release) [ARM/embedded-5-bran
