ARM GAS  C:\Users\ESTEBAN\AppData\Local\Temp\ccLs8ScG.s 			page 1


   1              		.syntax unified
   2              		.cpu cortex-m3
   3              		.fpu softvfp
   4              		.eabi_attribute 20, 1
   5              		.eabi_attribute 21, 1
   6              		.eabi_attribute 23, 3
   7              		.eabi_attribute 24, 1
   8              		.eabi_attribute 25, 1
   9              		.eabi_attribute 26, 1
  10              		.eabi_attribute 30, 1
  11              		.eabi_attribute 34, 1
  12              		.eabi_attribute 18, 4
  13              		.thumb
  14              		.syntax unified
  15              		.file	"main.c"
  16              		.text
  17              	.Ltext0:
  18              		.cfi_sections	.debug_frame
  19              		.section	.text.main,"ax",%progbits
  20              		.align	2
  21              		.global	main
  22              		.thumb
  23              		.thumb_func
  24              		.type	main, %function
  25              	main:
  26              	.LFB64:
  27              		.file 1 "main.c"
   1:main.c        ****  /* ========================================
   2:main.c        ****  *
   3:main.c        ****  * Copyright YOUR COMPANY, THE YEAR
   4:main.c        ****  * All Rights Reserved
   5:main.c        ****  * UNPUBLISHED, LICENSED SOFTWARE.
   6:main.c        ****  *
   7:main.c        ****  * CONFIDENTIAL AND PROPRIETARY INFORMATION
   8:main.c        ****  * WHICH IS THE PROPERTY OF your company.
   9:main.c        ****  *
  10:main.c        ****  * ========================================
  11:main.c        **** */
  12:main.c        **** #include "project.h"
  13:main.c        **** #include "stdio.h"
  14:main.c        **** #include "stdlib.h"
  15:main.c        **** 
  16:main.c        **** 
  17:main.c        **** 
  18:main.c        **** int main(void)
  19:main.c        **** {  
  28              		.loc 1 19 0
  29              		.cfi_startproc
  30              		@ Volatile: function does not return.
  31              		@ args = 0, pretend = 0, frame = 0
  32              		@ frame_needed = 0, uses_anonymous_args = 0
  33 0000 08B5     		push	{r3, lr}
  34              		.cfi_def_cfa_offset 8
  35              		.cfi_offset 3, -8
  36              		.cfi_offset 14, -4
  20:main.c        ****     Display1_Start();
  37              		.loc 1 20 0
ARM GAS  C:\Users\ESTEBAN\AppData\Local\Temp\ccLs8ScG.s 			page 2


  38 0002 FFF7FEFF 		bl	Display1_Start
  39              	.LVL0:
  21:main.c        ****     CyGlobalIntEnable; /* Enable global interrupts. */
  40              		.loc 1 21 0
  41              		.syntax unified
  42              	@ 21 "main.c" 1
  43 0006 62B6     		CPSIE   i
  44              	@ 0 "" 2
  45              		.thumb
  46              		.syntax unified
  47              	.L2:
  22:main.c        ****   
  23:main.c        ****   
  24:main.c        ****     /* Place your initialization/startup code here (e.g. MyInst_Start()) */
  25:main.c        **** 
  26:main.c        ****     for(;;)
  27:main.c        ****     { 
  28:main.c        ****         Display1_Write7SegDigit_0(0,0);
  48              		.loc 1 28 0 discriminator 1
  49 0008 0021     		movs	r1, #0
  50 000a 0846     		mov	r0, r1
  51 000c FFF7FEFF 		bl	Display1_Write7SegDigit_0
  52              	.LVL1:
  29:main.c        ****         CyDelay(1000);
  53              		.loc 1 29 0 discriminator 1
  54 0010 4FF47A70 		mov	r0, #1000
  55 0014 FFF7FEFF 		bl	CyDelay
  56              	.LVL2:
  30:main.c        ****         Display1_Write7SegDigit_0(0,1);
  57              		.loc 1 30 0 discriminator 1
  58 0018 0121     		movs	r1, #1
  59 001a 0020     		movs	r0, #0
  60 001c FFF7FEFF 		bl	Display1_Write7SegDigit_0
  61              	.LVL3:
  31:main.c        ****         CyDelay(1000);
  62              		.loc 1 31 0 discriminator 1
  63 0020 4FF47A70 		mov	r0, #1000
  64 0024 FFF7FEFF 		bl	CyDelay
  65              	.LVL4:
  66 0028 EEE7     		b	.L2
  67              		.cfi_endproc
  68              	.LFE64:
  69              		.size	main, .-main
  70 002a 00BF     		.text
  71              	.Letext0:
  72              		.file 2 "c:\\program files (x86)\\cypress\\psoc creator\\4.2\\psoc creator\\import\\gnu\\arm\\5.4.
  73              		.file 3 "c:\\program files (x86)\\cypress\\psoc creator\\4.2\\psoc creator\\import\\gnu\\arm\\5.4.
  74              		.file 4 "Generated_Source\\PSoC5/Display1.h"
  75              		.file 5 "Generated_Source\\PSoC5/CyLib.h"
  76              		.file 6 "Generated_Source\\PSoC5/core_cm3.h"
  77              		.section	.debug_info,"",%progbits
  78              	.Ldebug_info0:
  79 0000 4C010000 		.4byte	0x14c
  80 0004 0400     		.2byte	0x4
  81 0006 00000000 		.4byte	.Ldebug_abbrev0
  82 000a 04       		.byte	0x4
  83 000b 01       		.uleb128 0x1
ARM GAS  C:\Users\ESTEBAN\AppData\Local\Temp\ccLs8ScG.s 			page 3


  84 000c 54000000 		.4byte	.LASF19
  85 0010 0C       		.byte	0xc
  86 0011 2E000000 		.4byte	.LASF20
  87 0015 95010000 		.4byte	.LASF21
  88 0019 00000000 		.4byte	.Ldebug_ranges0+0
  89 001d 00000000 		.4byte	0
  90 0021 00000000 		.4byte	.Ldebug_line0
  91 0025 02       		.uleb128 0x2
  92 0026 01       		.byte	0x1
  93 0027 06       		.byte	0x6
  94 0028 5B010000 		.4byte	.LASF0
  95 002c 02       		.uleb128 0x2
  96 002d 01       		.byte	0x1
  97 002e 08       		.byte	0x8
  98 002f 22010000 		.4byte	.LASF1
  99 0033 02       		.uleb128 0x2
 100 0034 02       		.byte	0x2
 101 0035 05       		.byte	0x5
 102 0036 83010000 		.4byte	.LASF2
 103 003a 02       		.uleb128 0x2
 104 003b 02       		.byte	0x2
 105 003c 07       		.byte	0x7
 106 003d 0E000000 		.4byte	.LASF3
 107 0041 03       		.uleb128 0x3
 108 0042 73010000 		.4byte	.LASF9
 109 0046 02       		.byte	0x2
 110 0047 3F       		.byte	0x3f
 111 0048 4C000000 		.4byte	0x4c
 112 004c 02       		.uleb128 0x2
 113 004d 04       		.byte	0x4
 114 004e 05       		.byte	0x5
 115 004f 35010000 		.4byte	.LASF4
 116 0053 02       		.uleb128 0x2
 117 0054 04       		.byte	0x4
 118 0055 07       		.byte	0x7
 119 0056 EA000000 		.4byte	.LASF5
 120 005a 02       		.uleb128 0x2
 121 005b 08       		.byte	0x8
 122 005c 05       		.byte	0x5
 123 005d 00000000 		.4byte	.LASF6
 124 0061 02       		.uleb128 0x2
 125 0062 08       		.byte	0x8
 126 0063 07       		.byte	0x7
 127 0064 FC000000 		.4byte	.LASF7
 128 0068 04       		.uleb128 0x4
 129 0069 04       		.byte	0x4
 130 006a 05       		.byte	0x5
 131 006b 696E7400 		.ascii	"int\000"
 132 006f 02       		.uleb128 0x2
 133 0070 04       		.byte	0x4
 134 0071 07       		.byte	0x7
 135 0072 21000000 		.4byte	.LASF8
 136 0076 03       		.uleb128 0x3
 137 0077 8D010000 		.4byte	.LASF10
 138 007b 03       		.byte	0x3
 139 007c 2C       		.byte	0x2c
 140 007d 41000000 		.4byte	0x41
ARM GAS  C:\Users\ESTEBAN\AppData\Local\Temp\ccLs8ScG.s 			page 4


 141 0081 02       		.uleb128 0x2
 142 0082 04       		.byte	0x4
 143 0083 04       		.byte	0x4
 144 0084 7D010000 		.4byte	.LASF11
 145 0088 02       		.uleb128 0x2
 146 0089 08       		.byte	0x8
 147 008a 04       		.byte	0x4
 148 008b 3E010000 		.4byte	.LASF12
 149 008f 02       		.uleb128 0x2
 150 0090 01       		.byte	0x1
 151 0091 08       		.byte	0x8
 152 0092 30010000 		.4byte	.LASF13
 153 0096 02       		.uleb128 0x2
 154 0097 08       		.byte	0x8
 155 0098 04       		.byte	0x4
 156 0099 67010000 		.4byte	.LASF14
 157 009d 02       		.uleb128 0x2
 158 009e 04       		.byte	0x4
 159 009f 07       		.byte	0x7
 160 00a0 45010000 		.4byte	.LASF15
 161 00a4 05       		.uleb128 0x5
 162 00a5 35000000 		.4byte	.LASF22
 163 00a9 01       		.byte	0x1
 164 00aa 12       		.byte	0x12
 165 00ab 68000000 		.4byte	0x68
 166 00af 00000000 		.4byte	.LFB64
 167 00b3 2A000000 		.4byte	.LFE64-.LFB64
 168 00b7 01       		.uleb128 0x1
 169 00b8 9C       		.byte	0x9c
 170 00b9 1D010000 		.4byte	0x11d
 171 00bd 06       		.uleb128 0x6
 172 00be 06000000 		.4byte	.LVL0
 173 00c2 2E010000 		.4byte	0x12e
 174 00c6 07       		.uleb128 0x7
 175 00c7 10000000 		.4byte	.LVL1
 176 00cb 39010000 		.4byte	0x139
 177 00cf DE000000 		.4byte	0xde
 178 00d3 08       		.uleb128 0x8
 179 00d4 01       		.uleb128 0x1
 180 00d5 50       		.byte	0x50
 181 00d6 01       		.uleb128 0x1
 182 00d7 30       		.byte	0x30
 183 00d8 08       		.uleb128 0x8
 184 00d9 01       		.uleb128 0x1
 185 00da 51       		.byte	0x51
 186 00db 01       		.uleb128 0x1
 187 00dc 30       		.byte	0x30
 188 00dd 00       		.byte	0
 189 00de 07       		.uleb128 0x7
 190 00df 18000000 		.4byte	.LVL2
 191 00e3 44010000 		.4byte	0x144
 192 00e7 F3000000 		.4byte	0xf3
 193 00eb 08       		.uleb128 0x8
 194 00ec 01       		.uleb128 0x1
 195 00ed 50       		.byte	0x50
 196 00ee 03       		.uleb128 0x3
 197 00ef 0A       		.byte	0xa
ARM GAS  C:\Users\ESTEBAN\AppData\Local\Temp\ccLs8ScG.s 			page 5


 198 00f0 E803     		.2byte	0x3e8
 199 00f2 00       		.byte	0
 200 00f3 07       		.uleb128 0x7
 201 00f4 20000000 		.4byte	.LVL3
 202 00f8 39010000 		.4byte	0x139
 203 00fc 0B010000 		.4byte	0x10b
 204 0100 08       		.uleb128 0x8
 205 0101 01       		.uleb128 0x1
 206 0102 50       		.byte	0x50
 207 0103 01       		.uleb128 0x1
 208 0104 30       		.byte	0x30
 209 0105 08       		.uleb128 0x8
 210 0106 01       		.uleb128 0x1
 211 0107 51       		.byte	0x51
 212 0108 01       		.uleb128 0x1
 213 0109 31       		.byte	0x31
 214 010a 00       		.byte	0
 215 010b 09       		.uleb128 0x9
 216 010c 28000000 		.4byte	.LVL4
 217 0110 44010000 		.4byte	0x144
 218 0114 08       		.uleb128 0x8
 219 0115 01       		.uleb128 0x1
 220 0116 50       		.byte	0x50
 221 0117 03       		.uleb128 0x3
 222 0118 0A       		.byte	0xa
 223 0119 E803     		.2byte	0x3e8
 224 011b 00       		.byte	0
 225 011c 00       		.byte	0
 226 011d 0A       		.uleb128 0xa
 227 011e 4E010000 		.4byte	.LASF23
 228 0122 06       		.byte	0x6
 229 0123 1207     		.2byte	0x712
 230 0125 29010000 		.4byte	0x129
 231 0129 0B       		.uleb128 0xb
 232 012a 76000000 		.4byte	0x76
 233 012e 0C       		.uleb128 0xc
 234 012f 13010000 		.4byte	.LASF16
 235 0133 13010000 		.4byte	.LASF16
 236 0137 04       		.byte	0x4
 237 0138 3F       		.byte	0x3f
 238 0139 0C       		.uleb128 0xc
 239 013a 3A000000 		.4byte	.LASF17
 240 013e 3A000000 		.4byte	.LASF17
 241 0142 04       		.byte	0x4
 242 0143 4E       		.byte	0x4e
 243 0144 0C       		.uleb128 0xc
 244 0145 E2000000 		.4byte	.LASF18
 245 0149 E2000000 		.4byte	.LASF18
 246 014d 05       		.byte	0x5
 247 014e 76       		.byte	0x76
 248 014f 00       		.byte	0
 249              		.section	.debug_abbrev,"",%progbits
 250              	.Ldebug_abbrev0:
 251 0000 01       		.uleb128 0x1
 252 0001 11       		.uleb128 0x11
 253 0002 01       		.byte	0x1
 254 0003 25       		.uleb128 0x25
ARM GAS  C:\Users\ESTEBAN\AppData\Local\Temp\ccLs8ScG.s 			page 6


 255 0004 0E       		.uleb128 0xe
 256 0005 13       		.uleb128 0x13
 257 0006 0B       		.uleb128 0xb
 258 0007 03       		.uleb128 0x3
 259 0008 0E       		.uleb128 0xe
 260 0009 1B       		.uleb128 0x1b
 261 000a 0E       		.uleb128 0xe
 262 000b 55       		.uleb128 0x55
 263 000c 17       		.uleb128 0x17
 264 000d 11       		.uleb128 0x11
 265 000e 01       		.uleb128 0x1
 266 000f 10       		.uleb128 0x10
 267 0010 17       		.uleb128 0x17
 268 0011 00       		.byte	0
 269 0012 00       		.byte	0
 270 0013 02       		.uleb128 0x2
 271 0014 24       		.uleb128 0x24
 272 0015 00       		.byte	0
 273 0016 0B       		.uleb128 0xb
 274 0017 0B       		.uleb128 0xb
 275 0018 3E       		.uleb128 0x3e
 276 0019 0B       		.uleb128 0xb
 277 001a 03       		.uleb128 0x3
 278 001b 0E       		.uleb128 0xe
 279 001c 00       		.byte	0
 280 001d 00       		.byte	0
 281 001e 03       		.uleb128 0x3
 282 001f 16       		.uleb128 0x16
 283 0020 00       		.byte	0
 284 0021 03       		.uleb128 0x3
 285 0022 0E       		.uleb128 0xe
 286 0023 3A       		.uleb128 0x3a
 287 0024 0B       		.uleb128 0xb
 288 0025 3B       		.uleb128 0x3b
 289 0026 0B       		.uleb128 0xb
 290 0027 49       		.uleb128 0x49
 291 0028 13       		.uleb128 0x13
 292 0029 00       		.byte	0
 293 002a 00       		.byte	0
 294 002b 04       		.uleb128 0x4
 295 002c 24       		.uleb128 0x24
 296 002d 00       		.byte	0
 297 002e 0B       		.uleb128 0xb
 298 002f 0B       		.uleb128 0xb
 299 0030 3E       		.uleb128 0x3e
 300 0031 0B       		.uleb128 0xb
 301 0032 03       		.uleb128 0x3
 302 0033 08       		.uleb128 0x8
 303 0034 00       		.byte	0
 304 0035 00       		.byte	0
 305 0036 05       		.uleb128 0x5
 306 0037 2E       		.uleb128 0x2e
 307 0038 01       		.byte	0x1
 308 0039 3F       		.uleb128 0x3f
 309 003a 19       		.uleb128 0x19
 310 003b 03       		.uleb128 0x3
 311 003c 0E       		.uleb128 0xe
ARM GAS  C:\Users\ESTEBAN\AppData\Local\Temp\ccLs8ScG.s 			page 7


 312 003d 3A       		.uleb128 0x3a
 313 003e 0B       		.uleb128 0xb
 314 003f 3B       		.uleb128 0x3b
 315 0040 0B       		.uleb128 0xb
 316 0041 27       		.uleb128 0x27
 317 0042 19       		.uleb128 0x19
 318 0043 49       		.uleb128 0x49
 319 0044 13       		.uleb128 0x13
 320 0045 8701     		.uleb128 0x87
 321 0047 19       		.uleb128 0x19
 322 0048 11       		.uleb128 0x11
 323 0049 01       		.uleb128 0x1
 324 004a 12       		.uleb128 0x12
 325 004b 06       		.uleb128 0x6
 326 004c 40       		.uleb128 0x40
 327 004d 18       		.uleb128 0x18
 328 004e 9742     		.uleb128 0x2117
 329 0050 19       		.uleb128 0x19
 330 0051 01       		.uleb128 0x1
 331 0052 13       		.uleb128 0x13
 332 0053 00       		.byte	0
 333 0054 00       		.byte	0
 334 0055 06       		.uleb128 0x6
 335 0056 898201   		.uleb128 0x4109
 336 0059 00       		.byte	0
 337 005a 11       		.uleb128 0x11
 338 005b 01       		.uleb128 0x1
 339 005c 31       		.uleb128 0x31
 340 005d 13       		.uleb128 0x13
 341 005e 00       		.byte	0
 342 005f 00       		.byte	0
 343 0060 07       		.uleb128 0x7
 344 0061 898201   		.uleb128 0x4109
 345 0064 01       		.byte	0x1
 346 0065 11       		.uleb128 0x11
 347 0066 01       		.uleb128 0x1
 348 0067 31       		.uleb128 0x31
 349 0068 13       		.uleb128 0x13
 350 0069 01       		.uleb128 0x1
 351 006a 13       		.uleb128 0x13
 352 006b 00       		.byte	0
 353 006c 00       		.byte	0
 354 006d 08       		.uleb128 0x8
 355 006e 8A8201   		.uleb128 0x410a
 356 0071 00       		.byte	0
 357 0072 02       		.uleb128 0x2
 358 0073 18       		.uleb128 0x18
 359 0074 9142     		.uleb128 0x2111
 360 0076 18       		.uleb128 0x18
 361 0077 00       		.byte	0
 362 0078 00       		.byte	0
 363 0079 09       		.uleb128 0x9
 364 007a 898201   		.uleb128 0x4109
 365 007d 01       		.byte	0x1
 366 007e 11       		.uleb128 0x11
 367 007f 01       		.uleb128 0x1
 368 0080 31       		.uleb128 0x31
ARM GAS  C:\Users\ESTEBAN\AppData\Local\Temp\ccLs8ScG.s 			page 8


 369 0081 13       		.uleb128 0x13
 370 0082 00       		.byte	0
 371 0083 00       		.byte	0
 372 0084 0A       		.uleb128 0xa
 373 0085 34       		.uleb128 0x34
 374 0086 00       		.byte	0
 375 0087 03       		.uleb128 0x3
 376 0088 0E       		.uleb128 0xe
 377 0089 3A       		.uleb128 0x3a
 378 008a 0B       		.uleb128 0xb
 379 008b 3B       		.uleb128 0x3b
 380 008c 05       		.uleb128 0x5
 381 008d 49       		.uleb128 0x49
 382 008e 13       		.uleb128 0x13
 383 008f 3F       		.uleb128 0x3f
 384 0090 19       		.uleb128 0x19
 385 0091 3C       		.uleb128 0x3c
 386 0092 19       		.uleb128 0x19
 387 0093 00       		.byte	0
 388 0094 00       		.byte	0
 389 0095 0B       		.uleb128 0xb
 390 0096 35       		.uleb128 0x35
 391 0097 00       		.byte	0
 392 0098 49       		.uleb128 0x49
 393 0099 13       		.uleb128 0x13
 394 009a 00       		.byte	0
 395 009b 00       		.byte	0
 396 009c 0C       		.uleb128 0xc
 397 009d 2E       		.uleb128 0x2e
 398 009e 00       		.byte	0
 399 009f 3F       		.uleb128 0x3f
 400 00a0 19       		.uleb128 0x19
 401 00a1 3C       		.uleb128 0x3c
 402 00a2 19       		.uleb128 0x19
 403 00a3 6E       		.uleb128 0x6e
 404 00a4 0E       		.uleb128 0xe
 405 00a5 03       		.uleb128 0x3
 406 00a6 0E       		.uleb128 0xe
 407 00a7 3A       		.uleb128 0x3a
 408 00a8 0B       		.uleb128 0xb
 409 00a9 3B       		.uleb128 0x3b
 410 00aa 0B       		.uleb128 0xb
 411 00ab 00       		.byte	0
 412 00ac 00       		.byte	0
 413 00ad 00       		.byte	0
 414              		.section	.debug_aranges,"",%progbits
 415 0000 1C000000 		.4byte	0x1c
 416 0004 0200     		.2byte	0x2
 417 0006 00000000 		.4byte	.Ldebug_info0
 418 000a 04       		.byte	0x4
 419 000b 00       		.byte	0
 420 000c 0000     		.2byte	0
 421 000e 0000     		.2byte	0
 422 0010 00000000 		.4byte	.LFB64
 423 0014 2A000000 		.4byte	.LFE64-.LFB64
 424 0018 00000000 		.4byte	0
 425 001c 00000000 		.4byte	0
ARM GAS  C:\Users\ESTEBAN\AppData\Local\Temp\ccLs8ScG.s 			page 9


 426              		.section	.debug_ranges,"",%progbits
 427              	.Ldebug_ranges0:
 428 0000 00000000 		.4byte	.LFB64
 429 0004 2A000000 		.4byte	.LFE64
 430 0008 00000000 		.4byte	0
 431 000c 00000000 		.4byte	0
 432              		.section	.debug_line,"",%progbits
 433              	.Ldebug_line0:
 434 0000 83010000 		.section	.debug_str,"MS",%progbits,1
 434      02005801 
 434      00000201 
 434      FB0E0D00 
 434      01010101 
 435              	.LASF6:
 436 0000 6C6F6E67 		.ascii	"long long int\000"
 436      206C6F6E 
 436      6720696E 
 436      7400
 437              	.LASF3:
 438 000e 73686F72 		.ascii	"short unsigned int\000"
 438      7420756E 
 438      7369676E 
 438      65642069 
 438      6E7400
 439              	.LASF8:
 440 0021 756E7369 		.ascii	"unsigned int\000"
 440      676E6564 
 440      20696E74 
 440      00
 441              	.LASF20:
 442 002e 6D61696E 		.ascii	"main.c\000"
 442      2E6300
 443              	.LASF22:
 444 0035 6D61696E 		.ascii	"main\000"
 444      00
 445              	.LASF17:
 446 003a 44697370 		.ascii	"Display1_Write7SegDigit_0\000"
 446      6C617931 
 446      5F577269 
 446      74653753 
 446      65674469 
 447              	.LASF19:
 448 0054 474E5520 		.ascii	"GNU C11 5.4.1 20160609 (release) [ARM/embedded-5-br"
 448      43313120 
 448      352E342E 
 448      31203230 
 448      31363036 
 449 0087 616E6368 		.ascii	"anch revision 237715] -mcpu=cortex-m3 -mthumb -g -O"
 449      20726576 
 449      6973696F 
 449      6E203233 
 449      37373135 
 450 00ba 67202D66 		.ascii	"g -ffunction-sections -ffat-lto-objects\000"
 450      66756E63 
 450      74696F6E 
 450      2D736563 
 450      74696F6E 
ARM GAS  C:\Users\ESTEBAN\AppData\Local\Temp\ccLs8ScG.s 			page 10


 451              	.LASF18:
 452 00e2 43794465 		.ascii	"CyDelay\000"
 452      6C617900 
 453              	.LASF5:
 454 00ea 6C6F6E67 		.ascii	"long unsigned int\000"
 454      20756E73 
 454      69676E65 
 454      6420696E 
 454      7400
 455              	.LASF7:
 456 00fc 6C6F6E67 		.ascii	"long long unsigned int\000"
 456      206C6F6E 
 456      6720756E 
 456      7369676E 
 456      65642069 
 457              	.LASF16:
 458 0113 44697370 		.ascii	"Display1_Start\000"
 458      6C617931 
 458      5F537461 
 458      727400
 459              	.LASF1:
 460 0122 756E7369 		.ascii	"unsigned char\000"
 460      676E6564 
 460      20636861 
 460      7200
 461              	.LASF13:
 462 0130 63686172 		.ascii	"char\000"
 462      00
 463              	.LASF4:
 464 0135 6C6F6E67 		.ascii	"long int\000"
 464      20696E74 
 464      00
 465              	.LASF12:
 466 013e 646F7562 		.ascii	"double\000"
 466      6C6500
 467              	.LASF15:
 468 0145 73697A65 		.ascii	"sizetype\000"
 468      74797065 
 468      00
 469              	.LASF23:
 470 014e 49544D5F 		.ascii	"ITM_RxBuffer\000"
 470      52784275 
 470      66666572 
 470      00
 471              	.LASF0:
 472 015b 7369676E 		.ascii	"signed char\000"
 472      65642063 
 472      68617200 
 473              	.LASF14:
 474 0167 6C6F6E67 		.ascii	"long double\000"
 474      20646F75 
 474      626C6500 
 475              	.LASF9:
 476 0173 5F5F696E 		.ascii	"__int32_t\000"
 476      7433325F 
 476      7400
 477              	.LASF11:
ARM GAS  C:\Users\ESTEBAN\AppData\Local\Temp\ccLs8ScG.s 			page 11


 478 017d 666C6F61 		.ascii	"float\000"
 478      7400
 479              	.LASF2:
 480 0183 73686F72 		.ascii	"short int\000"
 480      7420696E 
 480      7400
 481              	.LASF10:
 482 018d 696E7433 		.ascii	"int32_t\000"
 482      325F7400 
 483              	.LASF21:
 484 0195 443A5C55 		.ascii	"D:\\Users\\ESTEBAN\\Desktop\\Materias\\Codigos\\Psc"
 484      73657273 
 484      5C455354 
 484      4542414E 
 484      5C446573 
 485 01c2 6F635C61 		.ascii	"oc\\as\\LABVIEW\\labview.cydsn\000"
 485      735C4C41 
 485      42564945 
 485      575C6C61 
 485      62766965 
 486              		.ident	"GCC: (GNU Tools for ARM Embedded Processors) 5.4.1 20160609 (release) [ARM/embedded-5-bran
