ARM GAS  C:\Users\ESTEBAN\AppData\Local\Temp\ccMPoUEr.s 			page 1


   1              		.syntax unified
   2              		.cpu cortex-m3
   3              		.fpu softvfp
   4              		.eabi_attribute 20, 1
   5              		.eabi_attribute 21, 1
   6              		.eabi_attribute 23, 3
   7              		.eabi_attribute 24, 1
   8              		.eabi_attribute 25, 1
   9              		.eabi_attribute 26, 1
  10              		.eabi_attribute 30, 1
  11              		.eabi_attribute 34, 1
  12              		.eabi_attribute 18, 4
  13              		.thumb
  14              		.syntax unified
  15              		.file	"cymetadata.c"
  16              		.text
  17              	.Ltext0:
  18              		.cfi_sections	.debug_frame
  19              		.global	cy_metadata
  20              		.global	cy_meta_flashprotect
  21              		.global	cy_meta_wonvl
  22              		.global	cy_meta_custnvl
  23              		.global	cy_meta_configecc
  24              		.section	.cyconfigecc,"a",%progbits
  25              		.align	2
  26              		.type	cy_meta_configecc, %object
  27              		.size	cy_meta_configecc, 1348
  28              	cy_meta_configecc:
  29 0000 02       		.byte	2
  30 0001 52       		.byte	82
  31 0002 00       		.byte	0
  32 0003 40       		.byte	64
  33 0004 03       		.byte	3
  34 0005 64       		.byte	100
  35 0006 00       		.byte	0
  36 0007 40       		.byte	64
  37 0008 02       		.byte	2
  38 0009 65       		.byte	101
  39 000a 00       		.byte	0
  40 000b 40       		.byte	64
  41 000c 01       		.byte	1
  42 000d 07       		.byte	7
  43 000e 01       		.byte	1
  44 000f 40       		.byte	64
  45 0010 55       		.byte	85
  46 0011 08       		.byte	8
  47 0012 01       		.byte	1
  48 0013 40       		.byte	64
  49 0014 3E       		.byte	62
  50 0015 09       		.byte	9
  51 0016 01       		.byte	1
  52 0017 40       		.byte	64
  53 0018 07       		.byte	7
  54 0019 0B       		.byte	11
  55 001a 01       		.byte	1
  56 001b 40       		.byte	64
  57 001c 41       		.byte	65
ARM GAS  C:\Users\ESTEBAN\AppData\Local\Temp\ccMPoUEr.s 			page 2


  58 001d 0C       		.byte	12
  59 001e 01       		.byte	1
  60 001f 40       		.byte	64
  61 0020 2E       		.byte	46
  62 0021 0D       		.byte	13
  63 0022 01       		.byte	1
  64 0023 40       		.byte	64
  65 0024 01       		.byte	1
  66 0025 17       		.byte	23
  67 0026 01       		.byte	1
  68 0027 40       		.byte	64
  69 0028 52       		.byte	82
  70 0029 18       		.byte	24
  71 002a 01       		.byte	1
  72 002b 40       		.byte	64
  73 002c 41       		.byte	65
  74 002d 19       		.byte	25
  75 002e 01       		.byte	1
  76 002f 40       		.byte	64
  77 0030 07       		.byte	7
  78 0031 1A       		.byte	26
  79 0032 01       		.byte	1
  80 0033 40       		.byte	64
  81 0034 47       		.byte	71
  82 0035 1B       		.byte	27
  83 0036 01       		.byte	1
  84 0037 40       		.byte	64
  85 0038 03       		.byte	3
  86 0039 40       		.byte	64
  87 003a 01       		.byte	1
  88 003b 40       		.byte	64
  89 003c 02       		.byte	2
  90 003d 41       		.byte	65
  91 003e 01       		.byte	1
  92 003f 40       		.byte	64
  93 0040 02       		.byte	2
  94 0041 42       		.byte	66
  95 0042 01       		.byte	1
  96 0043 40       		.byte	64
  97 0044 04       		.byte	4
  98 0045 43       		.byte	67
  99 0046 01       		.byte	1
 100 0047 40       		.byte	64
 101 0048 09       		.byte	9
 102 0049 45       		.byte	69
 103 004a 01       		.byte	1
 104 004b 40       		.byte	64
 105 004c 01       		.byte	1
 106 004d 46       		.byte	70
 107 004e 01       		.byte	1
 108 004f 40       		.byte	64
 109 0050 02       		.byte	2
 110 0051 47       		.byte	71
 111 0052 01       		.byte	1
 112 0053 40       		.byte	64
 113 0054 03       		.byte	3
 114 0055 48       		.byte	72
ARM GAS  C:\Users\ESTEBAN\AppData\Local\Temp\ccMPoUEr.s 			page 3


 115 0056 01       		.byte	1
 116 0057 40       		.byte	64
 117 0058 0B       		.byte	11
 118 0059 4D       		.byte	77
 119 005a 01       		.byte	1
 120 005b 40       		.byte	64
 121 005c 05       		.byte	5
 122 005d 50       		.byte	80
 123 005e 01       		.byte	1
 124 005f 40       		.byte	64
 125 0060 01       		.byte	1
 126 0061 51       		.byte	81
 127 0062 01       		.byte	1
 128 0063 40       		.byte	64
 129 0064 10       		.byte	16
 130 0065 50       		.byte	80
 131 0066 11       		.byte	17
 132 0067 90       		.byte	-112
 133 0068 88       		.byte	-120
 134 0069 0F       		.byte	15
 135 006a 89       		.byte	-119
 136 006b 38       		.byte	56
 137 006c 8D       		.byte	-115
 138 006d 0F       		.byte	15
 139 006e 88       		.byte	-120
 140 006f 0F       		.byte	15
 141 0070 8A       		.byte	-118
 142 0071 72       		.byte	114
 143 0072 E6       		.byte	-26
 144 0073 02       		.byte	2
 145 0074 02       		.byte	2
 146 0075 03       		.byte	3
 147 0076 07       		.byte	7
 148 0077 01       		.byte	1
 149 0078 0E       		.byte	14
 150 0079 04       		.byte	4
 151 007a 13       		.byte	19
 152 007b 01       		.byte	1
 153 007c 1C       		.byte	28
 154 007d 01       		.byte	1
 155 007e 2C       		.byte	44
 156 007f 04       		.byte	4
 157 0080 2F       		.byte	47
 158 0081 02       		.byte	2
 159 0082 30       		.byte	48
 160 0083 04       		.byte	4
 161 0084 31       		.byte	49
 162 0085 02       		.byte	2
 163 0086 32       		.byte	50
 164 0087 01       		.byte	1
 165 0088 35       		.byte	53
 166 0089 01       		.byte	1
 167 008a 36       		.byte	54
 168 008b 02       		.byte	2
 169 008c 3F       		.byte	63
 170 008d 10       		.byte	16
 171 008e 40       		.byte	64
ARM GAS  C:\Users\ESTEBAN\AppData\Local\Temp\ccMPoUEr.s 			page 4


 172 008f 50       		.byte	80
 173 0090 41       		.byte	65
 174 0091 03       		.byte	3
 175 0092 45       		.byte	69
 176 0093 D0       		.byte	-48
 177 0094 46       		.byte	70
 178 0095 05       		.byte	5
 179 0096 47       		.byte	71
 180 0097 12       		.byte	18
 181 0098 48       		.byte	72
 182 0099 36       		.byte	54
 183 009a 49       		.byte	73
 184 009b FF       		.byte	-1
 185 009c 4A       		.byte	74
 186 009d FF       		.byte	-1
 187 009e 4B       		.byte	75
 188 009f FF       		.byte	-1
 189 00a0 4D       		.byte	77
 190 00a1 A0       		.byte	-96
 191 00a2 4F       		.byte	79
 192 00a3 04       		.byte	4
 193 00a4 50       		.byte	80
 194 00a5 18       		.byte	24
 195 00a6 54       		.byte	84
 196 00a7 07       		.byte	7
 197 00a8 58       		.byte	88
 198 00a9 04       		.byte	4
 199 00aa 59       		.byte	89
 200 00ab 04       		.byte	4
 201 00ac 5A       		.byte	90
 202 00ad 04       		.byte	4
 203 00ae 5B       		.byte	91
 204 00af 04       		.byte	4
 205 00b0 5C       		.byte	92
 206 00b1 22       		.byte	34
 207 00b2 5D       		.byte	93
 208 00b3 22       		.byte	34
 209 00b4 5F       		.byte	95
 210 00b5 01       		.byte	1
 211 00b6 60       		.byte	96
 212 00b7 40       		.byte	64
 213 00b8 62       		.byte	98
 214 00b9 C0       		.byte	-64
 215 00ba 64       		.byte	100
 216 00bb 40       		.byte	64
 217 00bc 65       		.byte	101
 218 00bd 40       		.byte	64
 219 00be 66       		.byte	102
 220 00bf C0       		.byte	-64
 221 00c0 68       		.byte	104
 222 00c1 C0       		.byte	-64
 223 00c2 6A       		.byte	106
 224 00c3 C0       		.byte	-64
 225 00c4 6C       		.byte	108
 226 00c5 C0       		.byte	-64
 227 00c6 6E       		.byte	110
 228 00c7 C0       		.byte	-64
ARM GAS  C:\Users\ESTEBAN\AppData\Local\Temp\ccMPoUEr.s 			page 5


 229 00c8 83       		.byte	-125
 230 00c9 01       		.byte	1
 231 00ca 8A       		.byte	-118
 232 00cb 03       		.byte	3
 233 00cc 8C       		.byte	-116
 234 00cd 09       		.byte	9
 235 00ce 8E       		.byte	-114
 236 00cf 10       		.byte	16
 237 00d0 90       		.byte	-112
 238 00d1 1C       		.byte	28
 239 00d2 92       		.byte	-110
 240 00d3 02       		.byte	2
 241 00d4 93       		.byte	-109
 242 00d5 01       		.byte	1
 243 00d6 94       		.byte	-108
 244 00d7 10       		.byte	16
 245 00d8 96       		.byte	-106
 246 00d9 0C       		.byte	12
 247 00da 98       		.byte	-104
 248 00db 10       		.byte	16
 249 00dc 9E       		.byte	-98
 250 00dd 20       		.byte	32
 251 00de A0       		.byte	-96
 252 00df 14       		.byte	20
 253 00e0 A6       		.byte	-90
 254 00e1 20       		.byte	32
 255 00e2 A8       		.byte	-88
 256 00e3 0C       		.byte	12
 257 00e4 AA       		.byte	-86
 258 00e5 11       		.byte	17
 259 00e6 B2       		.byte	-78
 260 00e7 1F       		.byte	31
 261 00e8 B4       		.byte	-76
 262 00e9 20       		.byte	32
 263 00ea B5       		.byte	-75
 264 00eb 01       		.byte	1
 265 00ec B9       		.byte	-71
 266 00ed 02       		.byte	2
 267 00ee BA       		.byte	-70
 268 00ef 02       		.byte	2
 269 00f0 BE       		.byte	-66
 270 00f1 10       		.byte	16
 271 00f2 C0       		.byte	-64
 272 00f3 34       		.byte	52
 273 00f4 C1       		.byte	-63
 274 00f5 06       		.byte	6
 275 00f6 C5       		.byte	-59
 276 00f7 0C       		.byte	12
 277 00f8 C6       		.byte	-58
 278 00f9 EB       		.byte	-21
 279 00fa C8       		.byte	-56
 280 00fb 0D       		.byte	13
 281 00fc C9       		.byte	-55
 282 00fd FF       		.byte	-1
 283 00fe CA       		.byte	-54
 284 00ff FF       		.byte	-1
 285 0100 CB       		.byte	-53
ARM GAS  C:\Users\ESTEBAN\AppData\Local\Temp\ccMPoUEr.s 			page 6


 286 0101 FF       		.byte	-1
 287 0102 CE       		.byte	-50
 288 0103 F0       		.byte	-16
 289 0104 CF       		.byte	-49
 290 0105 44       		.byte	68
 291 0106 D0       		.byte	-48
 292 0107 0C       		.byte	12
 293 0108 D4       		.byte	-44
 294 0109 18       		.byte	24
 295 010a D6       		.byte	-42
 296 010b 04       		.byte	4
 297 010c D8       		.byte	-40
 298 010d 04       		.byte	4
 299 010e D9       		.byte	-39
 300 010f 04       		.byte	4
 301 0110 DA       		.byte	-38
 302 0111 04       		.byte	4
 303 0112 DB       		.byte	-37
 304 0113 04       		.byte	4
 305 0114 DC       		.byte	-36
 306 0115 20       		.byte	32
 307 0116 DF       		.byte	-33
 308 0117 01       		.byte	1
 309 0118 E6       		.byte	-26
 310 0119 C0       		.byte	-64
 311 011a EA       		.byte	-22
 312 011b 40       		.byte	64
 313 011c EB       		.byte	-21
 314 011d 02       		.byte	2
 315 011e 03       		.byte	3
 316 011f 09       		.byte	9
 317 0120 06       		.byte	6
 318 0121 41       		.byte	65
 319 0122 09       		.byte	9
 320 0123 10       		.byte	16
 321 0124 0A       		.byte	10
 322 0125 50       		.byte	80
 323 0126 0B       		.byte	11
 324 0127 02       		.byte	2
 325 0128 0E       		.byte	14
 326 0129 01       		.byte	1
 327 012a 10       		.byte	16
 328 012b 88       		.byte	-120
 329 012c 12       		.byte	18
 330 012d 20       		.byte	32
 331 012e 17       		.byte	23
 332 012f 80       		.byte	-128
 333 0130 19       		.byte	25
 334 0131 04       		.byte	4
 335 0132 1A       		.byte	26
 336 0133 88       		.byte	-120
 337 0134 1B       		.byte	27
 338 0135 08       		.byte	8
 339 0136 1C       		.byte	28
 340 0137 50       		.byte	80
 341 0138 1E       		.byte	30
 342 0139 01       		.byte	1
ARM GAS  C:\Users\ESTEBAN\AppData\Local\Temp\ccMPoUEr.s 			page 7


 343 013a 21       		.byte	33
 344 013b 20       		.byte	32
 345 013c 22       		.byte	34
 346 013d 02       		.byte	2
 347 013e 27       		.byte	39
 348 013f 88       		.byte	-120
 349 0140 2C       		.byte	44
 350 0141 02       		.byte	2
 351 0142 32       		.byte	50
 352 0143 02       		.byte	2
 353 0144 36       		.byte	54
 354 0145 02       		.byte	2
 355 0146 3A       		.byte	58
 356 0147 01       		.byte	1
 357 0148 3D       		.byte	61
 358 0149 08       		.byte	8
 359 014a 42       		.byte	66
 360 014b 10       		.byte	16
 361 014c 43       		.byte	67
 362 014d 02       		.byte	2
 363 014e 45       		.byte	69
 364 014f 04       		.byte	4
 365 0150 48       		.byte	72
 366 0151 08       		.byte	8
 367 0152 49       		.byte	73
 368 0153 10       		.byte	16
 369 0154 4B       		.byte	75
 370 0155 04       		.byte	4
 371 0156 4D       		.byte	77
 372 0157 01       		.byte	1
 373 0158 4E       		.byte	78
 374 0159 02       		.byte	2
 375 015a 50       		.byte	80
 376 015b 90       		.byte	-112
 377 015c 53       		.byte	83
 378 015d 10       		.byte	16
 379 015e 54       		.byte	84
 380 015f 02       		.byte	2
 381 0160 55       		.byte	85
 382 0161 04       		.byte	4
 383 0162 56       		.byte	86
 384 0163 C1       		.byte	-63
 385 0164 5A       		.byte	90
 386 0165 02       		.byte	2
 387 0166 5C       		.byte	92
 388 0167 50       		.byte	80
 389 0168 5D       		.byte	93
 390 0169 01       		.byte	1
 391 016a 5F       		.byte	95
 392 016b 08       		.byte	8
 393 016c 60       		.byte	96
 394 016d 04       		.byte	4
 395 016e 62       		.byte	98
 396 016f 80       		.byte	-128
 397 0170 63       		.byte	99
 398 0171 40       		.byte	64
 399 0172 85       		.byte	-123
ARM GAS  C:\Users\ESTEBAN\AppData\Local\Temp\ccMPoUEr.s 			page 8


 400 0173 20       		.byte	32
 401 0174 87       		.byte	-121
 402 0175 40       		.byte	64
 403 0176 92       		.byte	-110
 404 0177 10       		.byte	16
 405 0178 97       		.byte	-105
 406 0179 04       		.byte	4
 407 017a 9D       		.byte	-99
 408 017b 90       		.byte	-112
 409 017c 9E       		.byte	-98
 410 017d 80       		.byte	-128
 411 017e 9F       		.byte	-97
 412 017f 01       		.byte	1
 413 0180 A6       		.byte	-90
 414 0181 02       		.byte	2
 415 0182 A7       		.byte	-89
 416 0183 01       		.byte	1
 417 0184 C0       		.byte	-64
 418 0185 93       		.byte	-109
 419 0186 C2       		.byte	-62
 420 0187 8F       		.byte	-113
 421 0188 C4       		.byte	-60
 422 0189 8E       		.byte	-114
 423 018a CA       		.byte	-54
 424 018b 10       		.byte	16
 425 018c CC       		.byte	-52
 426 018d 81       		.byte	-127
 427 018e CE       		.byte	-50
 428 018f 41       		.byte	65
 429 0190 D0       		.byte	-48
 430 0191 43       		.byte	67
 431 0192 D2       		.byte	-46
 432 0193 14       		.byte	20
 433 0194 D6       		.byte	-42
 434 0195 F1       		.byte	-15
 435 0196 D8       		.byte	-40
 436 0197 0D       		.byte	13
 437 0198 E0       		.byte	-32
 438 0199 08       		.byte	8
 439 019a 92       		.byte	-110
 440 019b 10       		.byte	16
 441 019c 97       		.byte	-105
 442 019d 04       		.byte	4
 443 019e 9D       		.byte	-99
 444 019f 90       		.byte	-112
 445 01a0 9E       		.byte	-98
 446 01a1 80       		.byte	-128
 447 01a2 9F       		.byte	-97
 448 01a3 01       		.byte	1
 449 01a4 A6       		.byte	-90
 450 01a5 02       		.byte	2
 451 01a6 A7       		.byte	-89
 452 01a7 01       		.byte	1
 453 01a8 08       		.byte	8
 454 01a9 03       		.byte	3
 455 01aa 0A       		.byte	10
 456 01ab 04       		.byte	4
ARM GAS  C:\Users\ESTEBAN\AppData\Local\Temp\ccMPoUEr.s 			page 9


 457 01ac 0C       		.byte	12
 458 01ad 0A       		.byte	10
 459 01ae 0E       		.byte	14
 460 01af 04       		.byte	4
 461 01b0 13       		.byte	19
 462 01b1 01       		.byte	1
 463 01b2 14       		.byte	20
 464 01b3 03       		.byte	3
 465 01b4 16       		.byte	22
 466 01b5 0C       		.byte	12
 467 01b6 18       		.byte	24
 468 01b7 03       		.byte	3
 469 01b8 1A       		.byte	26
 470 01b9 04       		.byte	4
 471 01ba 1E       		.byte	30
 472 01bb 05       		.byte	5
 473 01bc 22       		.byte	34
 474 01bd 08       		.byte	8
 475 01be 2F       		.byte	47
 476 01bf 01       		.byte	1
 477 01c0 32       		.byte	50
 478 01c1 0F       		.byte	15
 479 01c2 35       		.byte	53
 480 01c3 01       		.byte	1
 481 01c4 3A       		.byte	58
 482 01c5 08       		.byte	8
 483 01c6 58       		.byte	88
 484 01c7 04       		.byte	4
 485 01c8 59       		.byte	89
 486 01c9 04       		.byte	4
 487 01ca 5C       		.byte	92
 488 01cb 20       		.byte	32
 489 01cc 5F       		.byte	95
 490 01cd 01       		.byte	1
 491 01ce 82       		.byte	-126
 492 01cf 07       		.byte	7
 493 01d0 85       		.byte	-123
 494 01d1 02       		.byte	2
 495 01d2 8B       		.byte	-117
 496 01d3 03       		.byte	3
 497 01d4 8D       		.byte	-115
 498 01d5 08       		.byte	8
 499 01d6 96       		.byte	-106
 500 01d7 01       		.byte	1
 501 01d8 A6       		.byte	-90
 502 01d9 02       		.byte	2
 503 01da A7       		.byte	-89
 504 01db 0C       		.byte	12
 505 01dc AA       		.byte	-86
 506 01dd 04       		.byte	4
 507 01de B1       		.byte	-79
 508 01df 04       		.byte	4
 509 01e0 B2       		.byte	-78
 510 01e1 01       		.byte	1
 511 01e2 B3       		.byte	-77
 512 01e3 01       		.byte	1
 513 01e4 B4       		.byte	-76
ARM GAS  C:\Users\ESTEBAN\AppData\Local\Temp\ccMPoUEr.s 			page 10


 514 01e5 02       		.byte	2
 515 01e6 B5       		.byte	-75
 516 01e7 08       		.byte	8
 517 01e8 B6       		.byte	-74
 518 01e9 04       		.byte	4
 519 01ea B7       		.byte	-73
 520 01eb 02       		.byte	2
 521 01ec B8       		.byte	-72
 522 01ed 02       		.byte	2
 523 01ee BE       		.byte	-66
 524 01ef 10       		.byte	16
 525 01f0 C0       		.byte	-64
 526 01f1 40       		.byte	64
 527 01f2 C1       		.byte	-63
 528 01f3 02       		.byte	2
 529 01f4 C5       		.byte	-59
 530 01f5 D2       		.byte	-46
 531 01f6 C6       		.byte	-58
 532 01f7 10       		.byte	16
 533 01f8 C7       		.byte	-57
 534 01f9 05       		.byte	5
 535 01fa C8       		.byte	-56
 536 01fb 1B       		.byte	27
 537 01fc C9       		.byte	-55
 538 01fd FF       		.byte	-1
 539 01fe CA       		.byte	-54
 540 01ff FF       		.byte	-1
 541 0200 CB       		.byte	-53
 542 0201 FF       		.byte	-1
 543 0202 CD       		.byte	-51
 544 0203 A0       		.byte	-96
 545 0204 CF       		.byte	-49
 546 0205 04       		.byte	4
 547 0206 D0       		.byte	-48
 548 0207 18       		.byte	24
 549 0208 D4       		.byte	-44
 550 0209 07       		.byte	7
 551 020a D8       		.byte	-40
 552 020b 04       		.byte	4
 553 020c D9       		.byte	-39
 554 020d 04       		.byte	4
 555 020e DA       		.byte	-38
 556 020f 04       		.byte	4
 557 0210 DB       		.byte	-37
 558 0211 04       		.byte	4
 559 0212 DC       		.byte	-36
 560 0213 11       		.byte	17
 561 0214 DD       		.byte	-35
 562 0215 11       		.byte	17
 563 0216 DF       		.byte	-33
 564 0217 01       		.byte	1
 565 0218 E0       		.byte	-32
 566 0219 40       		.byte	64
 567 021a E2       		.byte	-30
 568 021b C0       		.byte	-64
 569 021c E4       		.byte	-28
 570 021d 40       		.byte	64
ARM GAS  C:\Users\ESTEBAN\AppData\Local\Temp\ccMPoUEr.s 			page 11


 571 021e E5       		.byte	-27
 572 021f 40       		.byte	64
 573 0220 E6       		.byte	-26
 574 0221 C0       		.byte	-64
 575 0222 E8       		.byte	-24
 576 0223 C0       		.byte	-64
 577 0224 EA       		.byte	-22
 578 0225 C0       		.byte	-64
 579 0226 EC       		.byte	-20
 580 0227 C0       		.byte	-64
 581 0228 EE       		.byte	-18
 582 0229 C0       		.byte	-64
 583 022a 01       		.byte	1
 584 022b 02       		.byte	2
 585 022c 05       		.byte	5
 586 022d 90       		.byte	-112
 587 022e 0B       		.byte	11
 588 022f 20       		.byte	32
 589 0230 0E       		.byte	14
 590 0231 10       		.byte	16
 591 0232 0F       		.byte	15
 592 0233 06       		.byte	6
 593 0234 10       		.byte	16
 594 0235 20       		.byte	32
 595 0236 12       		.byte	18
 596 0237 04       		.byte	4
 597 0238 17       		.byte	23
 598 0239 01       		.byte	1
 599 023a 18       		.byte	24
 600 023b 10       		.byte	16
 601 023c 19       		.byte	25
 602 023d 02       		.byte	2
 603 023e 1A       		.byte	26
 604 023f 04       		.byte	4
 605 0240 1B       		.byte	27
 606 0241 42       		.byte	66
 607 0242 1E       		.byte	30
 608 0243 10       		.byte	16
 609 0244 20       		.byte	32
 610 0245 40       		.byte	64
 611 0246 21       		.byte	33
 612 0247 04       		.byte	4
 613 0248 22       		.byte	34
 614 0249 50       		.byte	80
 615 024a 27       		.byte	39
 616 024b 04       		.byte	4
 617 024c 2A       		.byte	42
 618 024d 04       		.byte	4
 619 024e 2E       		.byte	46
 620 024f 80       		.byte	-128
 621 0250 30       		.byte	48
 622 0251 20       		.byte	32
 623 0252 31       		.byte	49
 624 0253 20       		.byte	32
 625 0254 36       		.byte	54
 626 0255 02       		.byte	2
 627 0256 38       		.byte	56
ARM GAS  C:\Users\ESTEBAN\AppData\Local\Temp\ccMPoUEr.s 			page 12


 628 0257 40       		.byte	64
 629 0258 39       		.byte	57
 630 0259 08       		.byte	8
 631 025a 3B       		.byte	59
 632 025b 20       		.byte	32
 633 025c 41       		.byte	65
 634 025d 20       		.byte	32
 635 025e 43       		.byte	67
 636 025f 02       		.byte	2
 637 0260 48       		.byte	72
 638 0261 20       		.byte	32
 639 0262 49       		.byte	73
 640 0263 01       		.byte	1
 641 0264 52       		.byte	82
 642 0265 04       		.byte	4
 643 0266 53       		.byte	83
 644 0267 10       		.byte	16
 645 0268 59       		.byte	89
 646 0269 01       		.byte	1
 647 026a 5A       		.byte	90
 648 026b A4       		.byte	-92
 649 026c 80       		.byte	-128
 650 026d 10       		.byte	16
 651 026e 83       		.byte	-125
 652 026f 04       		.byte	4
 653 0270 8F       		.byte	-113
 654 0271 40       		.byte	64
 655 0272 C0       		.byte	-64
 656 0273 C8       		.byte	-56
 657 0274 C2       		.byte	-62
 658 0275 E4       		.byte	-28
 659 0276 C4       		.byte	-60
 660 0277 16       		.byte	22
 661 0278 CA       		.byte	-54
 662 0279 12       		.byte	18
 663 027a CC       		.byte	-52
 664 027b 80       		.byte	-128
 665 027c CE       		.byte	-50
 666 027d 0E       		.byte	14
 667 027e D0       		.byte	-48
 668 027f 05       		.byte	5
 669 0280 D6       		.byte	-42
 670 0281 0F       		.byte	15
 671 0282 E0       		.byte	-32
 672 0283 01       		.byte	1
 673 0284 E4       		.byte	-28
 674 0285 01       		.byte	1
 675 0286 E2       		.byte	-30
 676 0287 08       		.byte	8
 677 0288 00       		.byte	0
 678 0289 1A       		.byte	26
 679 028a 02       		.byte	2
 680 028b 04       		.byte	4
 681 028c 06       		.byte	6
 682 028d 08       		.byte	8
 683 028e 07       		.byte	7
 684 028f 04       		.byte	4
ARM GAS  C:\Users\ESTEBAN\AppData\Local\Temp\ccMPoUEr.s 			page 13


 685 0290 08       		.byte	8
 686 0291 03       		.byte	3
 687 0292 09       		.byte	9
 688 0293 05       		.byte	5
 689 0294 0A       		.byte	10
 690 0295 0C       		.byte	12
 691 0296 0E       		.byte	14
 692 0297 18       		.byte	24
 693 0298 14       		.byte	20
 694 0299 03       		.byte	3
 695 029a 16       		.byte	22
 696 029b 14       		.byte	20
 697 029c 19       		.byte	25
 698 029d 05       		.byte	5
 699 029e 1E       		.byte	30
 700 029f 05       		.byte	5
 701 02a0 21       		.byte	33
 702 02a1 02       		.byte	2
 703 02a2 23       		.byte	35
 704 02a3 04       		.byte	4
 705 02a4 2F       		.byte	47
 706 02a5 05       		.byte	5
 707 02a6 32       		.byte	50
 708 02a7 03       		.byte	3
 709 02a8 34       		.byte	52
 710 02a9 1C       		.byte	28
 711 02aa 35       		.byte	53
 712 02ab 04       		.byte	4
 713 02ac 37       		.byte	55
 714 02ad 03       		.byte	3
 715 02ae 38       		.byte	56
 716 02af 08       		.byte	8
 717 02b0 39       		.byte	57
 718 02b1 80       		.byte	-128
 719 02b2 3A       		.byte	58
 720 02b3 20       		.byte	32
 721 02b4 3E       		.byte	62
 722 02b5 04       		.byte	4
 723 02b6 3F       		.byte	63
 724 02b7 10       		.byte	16
 725 02b8 40       		.byte	64
 726 02b9 03       		.byte	3
 727 02ba 46       		.byte	70
 728 02bb 40       		.byte	64
 729 02bc 49       		.byte	73
 730 02bd FF       		.byte	-1
 731 02be 4A       		.byte	74
 732 02bf 07       		.byte	7
 733 02c0 4B       		.byte	75
 734 02c1 FF       		.byte	-1
 735 02c2 4C       		.byte	76
 736 02c3 40       		.byte	64
 737 02c4 4D       		.byte	77
 738 02c5 20       		.byte	32
 739 02c6 4E       		.byte	78
 740 02c7 F0       		.byte	-16
 741 02c8 4F       		.byte	79
ARM GAS  C:\Users\ESTEBAN\AppData\Local\Temp\ccMPoUEr.s 			page 14


 742 02c9 05       		.byte	5
 743 02ca 50       		.byte	80
 744 02cb 08       		.byte	8
 745 02cc 54       		.byte	84
 746 02cd 01       		.byte	1
 747 02ce 56       		.byte	86
 748 02cf 04       		.byte	4
 749 02d0 58       		.byte	88
 750 02d1 04       		.byte	4
 751 02d2 59       		.byte	89
 752 02d3 04       		.byte	4
 753 02d4 5A       		.byte	90
 754 02d5 04       		.byte	4
 755 02d6 5B       		.byte	91
 756 02d7 04       		.byte	4
 757 02d8 5F       		.byte	95
 758 02d9 01       		.byte	1
 759 02da 60       		.byte	96
 760 02db 40       		.byte	64
 761 02dc 61       		.byte	97
 762 02dd A8       		.byte	-88
 763 02de 62       		.byte	98
 764 02df 40       		.byte	64
 765 02e0 63       		.byte	99
 766 02e1 20       		.byte	32
 767 02e2 80       		.byte	-128
 768 02e3 0C       		.byte	12
 769 02e4 81       		.byte	-127
 770 02e5 20       		.byte	32
 771 02e6 82       		.byte	-126
 772 02e7 03       		.byte	3
 773 02e8 83       		.byte	-125
 774 02e9 50       		.byte	80
 775 02ea 85       		.byte	-123
 776 02eb 42       		.byte	66
 777 02ec 86       		.byte	-122
 778 02ed 10       		.byte	16
 779 02ee 87       		.byte	-121
 780 02ef 21       		.byte	33
 781 02f0 8A       		.byte	-118
 782 02f1 20       		.byte	32
 783 02f2 8D       		.byte	-115
 784 02f3 08       		.byte	8
 785 02f4 8E       		.byte	-114
 786 02f5 0C       		.byte	12
 787 02f6 90       		.byte	-112
 788 02f7 20       		.byte	32
 789 02f8 91       		.byte	-111
 790 02f9 11       		.byte	17
 791 02fa 93       		.byte	-109
 792 02fb 26       		.byte	38
 793 02fc 94       		.byte	-108
 794 02fd 01       		.byte	1
 795 02fe 95       		.byte	-107
 796 02ff 7B       		.byte	123
 797 0300 96       		.byte	-106
 798 0301 06       		.byte	6
ARM GAS  C:\Users\ESTEBAN\AppData\Local\Temp\ccMPoUEr.s 			page 15


 799 0302 98       		.byte	-104
 800 0303 01       		.byte	1
 801 0304 99       		.byte	-103
 802 0305 7B       		.byte	123
 803 0306 9A       		.byte	-102
 804 0307 0E       		.byte	14
 805 0308 9E       		.byte	-98
 806 0309 20       		.byte	32
 807 030a A2       		.byte	-94
 808 030b 10       		.byte	16
 809 030c A4       		.byte	-92
 810 030d 20       		.byte	32
 811 030e AA       		.byte	-86
 812 030f 08       		.byte	8
 813 0310 AE       		.byte	-82
 814 0311 03       		.byte	3
 815 0312 B1       		.byte	-79
 816 0313 70       		.byte	112
 817 0314 B2       		.byte	-78
 818 0315 20       		.byte	32
 819 0316 B3       		.byte	-77
 820 0317 03       		.byte	3
 821 0318 B4       		.byte	-76
 822 0319 10       		.byte	16
 823 031a B5       		.byte	-75
 824 031b 08       		.byte	8
 825 031c B6       		.byte	-74
 826 031d 0F       		.byte	15
 827 031e B7       		.byte	-73
 828 031f 04       		.byte	4
 829 0320 B8       		.byte	-72
 830 0321 08       		.byte	8
 831 0322 BA       		.byte	-70
 832 0323 80       		.byte	-128
 833 0324 BE       		.byte	-66
 834 0325 10       		.byte	16
 835 0326 D8       		.byte	-40
 836 0327 04       		.byte	4
 837 0328 D9       		.byte	-39
 838 0329 04       		.byte	4
 839 032a DF       		.byte	-33
 840 032b 01       		.byte	1
 841 032c 01       		.byte	1
 842 032d 08       		.byte	8
 843 032e 03       		.byte	3
 844 032f 89       		.byte	-119
 845 0330 04       		.byte	4
 846 0331 02       		.byte	2
 847 0332 05       		.byte	5
 848 0333 10       		.byte	16
 849 0334 06       		.byte	6
 850 0335 10       		.byte	16
 851 0336 07       		.byte	7
 852 0337 01       		.byte	1
 853 0338 09       		.byte	9
 854 0339 80       		.byte	-128
 855 033a 0A       		.byte	10
ARM GAS  C:\Users\ESTEBAN\AppData\Local\Temp\ccMPoUEr.s 			page 16


 856 033b 94       		.byte	-108
 857 033c 0E       		.byte	14
 858 033d 10       		.byte	16
 859 033e 0F       		.byte	15
 860 033f 02       		.byte	2
 861 0340 11       		.byte	17
 862 0341 24       		.byte	36
 863 0342 12       		.byte	18
 864 0343 81       		.byte	-127
 865 0344 18       		.byte	24
 866 0345 06       		.byte	6
 867 0346 19       		.byte	25
 868 0347 88       		.byte	-120
 869 0348 1B       		.byte	27
 870 0349 80       		.byte	-128
 871 034a 1D       		.byte	29
 872 034b 18       		.byte	24
 873 034c 1E       		.byte	30
 874 034d 04       		.byte	4
 875 034e 20       		.byte	32
 876 034f 80       		.byte	-128
 877 0350 21       		.byte	33
 878 0351 45       		.byte	69
 879 0352 22       		.byte	34
 880 0353 18       		.byte	24
 881 0354 24       		.byte	36
 882 0355 08       		.byte	8
 883 0356 27       		.byte	39
 884 0357 01       		.byte	1
 885 0358 2D       		.byte	45
 886 0359 80       		.byte	-128
 887 035a 2E       		.byte	46
 888 035b 42       		.byte	66
 889 035c 30       		.byte	48
 890 035d 22       		.byte	34
 891 035e 33       		.byte	51
 892 035f 04       		.byte	4
 893 0360 35       		.byte	53
 894 0361 10       		.byte	16
 895 0362 39       		.byte	57
 896 0363 4A       		.byte	74
 897 0364 3E       		.byte	62
 898 0365 10       		.byte	16
 899 0366 3F       		.byte	63
 900 0367 04       		.byte	4
 901 0368 45       		.byte	69
 902 0369 08       		.byte	8
 903 036a 55       		.byte	85
 904 036b 10       		.byte	16
 905 036c 56       		.byte	86
 906 036d 13       		.byte	19
 907 036e 57       		.byte	87
 908 036f 03       		.byte	3
 909 0370 58       		.byte	88
 910 0371 20       		.byte	32
 911 0372 5A       		.byte	90
 912 0373 20       		.byte	32
ARM GAS  C:\Users\ESTEBAN\AppData\Local\Temp\ccMPoUEr.s 			page 17


 913 0374 5C       		.byte	92
 914 0375 80       		.byte	-128
 915 0376 5D       		.byte	93
 916 0377 20       		.byte	32
 917 0378 5E       		.byte	94
 918 0379 08       		.byte	8
 919 037a 5F       		.byte	95
 920 037b 02       		.byte	2
 921 037c 65       		.byte	101
 922 037d 20       		.byte	32
 923 037e 67       		.byte	103
 924 037f 84       		.byte	-124
 925 0380 87       		.byte	-121
 926 0381 40       		.byte	64
 927 0382 90       		.byte	-112
 928 0383 20       		.byte	32
 929 0384 92       		.byte	-110
 930 0385 90       		.byte	-112
 931 0386 93       		.byte	-109
 932 0387 24       		.byte	36
 933 0388 94       		.byte	-108
 934 0389 04       		.byte	4
 935 038a 96       		.byte	-106
 936 038b 42       		.byte	66
 937 038c 97       		.byte	-105
 938 038d 02       		.byte	2
 939 038e 99       		.byte	-103
 940 038f 04       		.byte	4
 941 0390 9D       		.byte	-99
 942 0391 90       		.byte	-112
 943 0392 9F       		.byte	-97
 944 0393 01       		.byte	1
 945 0394 A5       		.byte	-91
 946 0395 10       		.byte	16
 947 0396 A6       		.byte	-90
 948 0397 20       		.byte	32
 949 0398 A7       		.byte	-89
 950 0399 03       		.byte	3
 951 039a B2       		.byte	-78
 952 039b 84       		.byte	-124
 953 039c C0       		.byte	-64
 954 039d FF       		.byte	-1
 955 039e C2       		.byte	-62
 956 039f AF       		.byte	-81
 957 03a0 C4       		.byte	-60
 958 03a1 0F       		.byte	15
 959 03a2 CA       		.byte	-54
 960 03a3 90       		.byte	-112
 961 03a4 CC       		.byte	-52
 962 03a5 27       		.byte	39
 963 03a6 CE       		.byte	-50
 964 03a7 6B       		.byte	107
 965 03a8 D0       		.byte	-48
 966 03a9 40       		.byte	64
 967 03aa D6       		.byte	-42
 968 03ab F0       		.byte	-16
 969 03ac D8       		.byte	-40
ARM GAS  C:\Users\ESTEBAN\AppData\Local\Temp\ccMPoUEr.s 			page 18


 970 03ad 80       		.byte	-128
 971 03ae 84       		.byte	-124
 972 03af 02       		.byte	2
 973 03b0 88       		.byte	-120
 974 03b1 01       		.byte	1
 975 03b2 B2       		.byte	-78
 976 03b3 02       		.byte	2
 977 03b4 B4       		.byte	-76
 978 03b5 01       		.byte	1
 979 03b6 BE       		.byte	-66
 980 03b7 14       		.byte	20
 981 03b8 D8       		.byte	-40
 982 03b9 04       		.byte	4
 983 03ba DF       		.byte	-33
 984 03bb 01       		.byte	1
 985 03bc 00       		.byte	0
 986 03bd 84       		.byte	-124
 987 03be 01       		.byte	1
 988 03bf 04       		.byte	4
 989 03c0 02       		.byte	2
 990 03c1 01       		.byte	1
 991 03c2 03       		.byte	3
 992 03c3 08       		.byte	8
 993 03c4 04       		.byte	4
 994 03c5 20       		.byte	32
 995 03c6 05       		.byte	5
 996 03c7 04       		.byte	4
 997 03c8 08       		.byte	8
 998 03c9 21       		.byte	33
 999 03ca 09       		.byte	9
 1000 03cb 88       		.byte	-120
 1001 03cc 0A       		.byte	10
 1002 03cd C0       		.byte	-64
 1003 03ce 10       		.byte	16
 1004 03cf 02       		.byte	2
 1005 03d0 12       		.byte	18
 1006 03d1 08       		.byte	8
 1007 03d2 13       		.byte	19
 1008 03d3 06       		.byte	6
 1009 03d4 18       		.byte	24
 1010 03d5 05       		.byte	5
 1011 03d6 19       		.byte	25
 1012 03d7 21       		.byte	33
 1013 03d8 1B       		.byte	27
 1014 03d9 08       		.byte	8
 1015 03da 1E       		.byte	30
 1016 03db 28       		.byte	40
 1017 03dc 20       		.byte	32
 1018 03dd 08       		.byte	8
 1019 03de 21       		.byte	33
 1020 03df 80       		.byte	-128
 1021 03e0 22       		.byte	34
 1022 03e1 21       		.byte	33
 1023 03e2 28       		.byte	40
 1024 03e3 21       		.byte	33
 1025 03e4 29       		.byte	41
 1026 03e5 20       		.byte	32
ARM GAS  C:\Users\ESTEBAN\AppData\Local\Temp\ccMPoUEr.s 			page 19


 1027 03e6 2A       		.byte	42
 1028 03e7 01       		.byte	1
 1029 03e8 31       		.byte	49
 1030 03e9 90       		.byte	-112
 1031 03ea 33       		.byte	51
 1032 03eb 0A       		.byte	10
 1033 03ec 38       		.byte	56
 1034 03ed 0A       		.byte	10
 1035 03ee 39       		.byte	57
 1036 03ef 80       		.byte	-128
 1037 03f0 3B       		.byte	59
 1038 03f1 20       		.byte	32
 1039 03f2 40       		.byte	64
 1040 03f3 25       		.byte	37
 1041 03f4 42       		.byte	66
 1042 03f5 40       		.byte	64
 1043 03f6 48       		.byte	72
 1044 03f7 04       		.byte	4
 1045 03f8 52       		.byte	82
 1046 03f9 80       		.byte	-128
 1047 03fa 53       		.byte	83
 1048 03fb 01       		.byte	1
 1049 03fc 59       		.byte	89
 1050 03fd 01       		.byte	1
 1051 03fe 68       		.byte	104
 1052 03ff 20       		.byte	32
 1053 0400 69       		.byte	105
 1054 0401 40       		.byte	64
 1055 0402 6B       		.byte	107
 1056 0403 04       		.byte	4
 1057 0404 70       		.byte	112
 1058 0405 04       		.byte	4
 1059 0406 71       		.byte	113
 1060 0407 18       		.byte	24
 1061 0408 73       		.byte	115
 1062 0409 06       		.byte	6
 1063 040a 86       		.byte	-122
 1064 040b 08       		.byte	8
 1065 040c 87       		.byte	-121
 1066 040d 02       		.byte	2
 1067 040e 88       		.byte	-120
 1068 040f 02       		.byte	2
 1069 0410 8A       		.byte	-118
 1070 0411 10       		.byte	16
 1071 0412 8B       		.byte	-117
 1072 0413 12       		.byte	18
 1073 0414 8C       		.byte	-116
 1074 0415 01       		.byte	1
 1075 0416 90       		.byte	-112
 1076 0417 20       		.byte	32
 1077 0418 91       		.byte	-111
 1078 0419 80       		.byte	-128
 1079 041a 92       		.byte	-110
 1080 041b 80       		.byte	-128
 1081 041c 95       		.byte	-107
 1082 041d 44       		.byte	68
 1083 041e 96       		.byte	-106
ARM GAS  C:\Users\ESTEBAN\AppData\Local\Temp\ccMPoUEr.s 			page 20


 1084 041f 02       		.byte	2
 1085 0420 97       		.byte	-105
 1086 0421 02       		.byte	2
 1087 0422 98       		.byte	-104
 1088 0423 20       		.byte	32
 1089 0424 99       		.byte	-103
 1090 0425 04       		.byte	4
 1091 0426 9F       		.byte	-97
 1092 0427 04       		.byte	4
 1093 0428 A0       		.byte	-96
 1094 0429 40       		.byte	64
 1095 042a A2       		.byte	-94
 1096 042b 08       		.byte	8
 1097 042c A4       		.byte	-92
 1098 042d 22       		.byte	34
 1099 042e A5       		.byte	-91
 1100 042f 80       		.byte	-128
 1101 0430 A6       		.byte	-90
 1102 0431 A4       		.byte	-92
 1103 0432 A7       		.byte	-89
 1104 0433 08       		.byte	8
 1105 0434 B3       		.byte	-77
 1106 0435 12       		.byte	18
 1107 0436 B4       		.byte	-76
 1108 0437 84       		.byte	-124
 1109 0438 C0       		.byte	-64
 1110 0439 67       		.byte	103
 1111 043a C2       		.byte	-62
 1112 043b 0F       		.byte	15
 1113 043c C4       		.byte	-60
 1114 043d 0F       		.byte	15
 1115 043e CA       		.byte	-54
 1116 043f 0F       		.byte	15
 1117 0440 CC       		.byte	-52
 1118 0441 0F       		.byte	15
 1119 0442 CE       		.byte	-50
 1120 0443 0F       		.byte	15
 1121 0444 D0       		.byte	-48
 1122 0445 0F       		.byte	15
 1123 0446 D2       		.byte	-46
 1124 0447 04       		.byte	4
 1125 0448 D6       		.byte	-42
 1126 0449 01       		.byte	1
 1127 044a 32       		.byte	50
 1128 044b 20       		.byte	32
 1129 044c 35       		.byte	53
 1130 044d 80       		.byte	-128
 1131 044e CC       		.byte	-52
 1132 044f 30       		.byte	48
 1133 0450 9D       		.byte	-99
 1134 0451 80       		.byte	-128
 1135 0452 A6       		.byte	-90
 1136 0453 20       		.byte	32
 1137 0454 9D       		.byte	-99
 1138 0455 80       		.byte	-128
 1139 0456 A6       		.byte	-90
 1140 0457 20       		.byte	32
ARM GAS  C:\Users\ESTEBAN\AppData\Local\Temp\ccMPoUEr.s 			page 21


 1141 0458 86       		.byte	-122
 1142 0459 20       		.byte	32
 1143 045a 9D       		.byte	-99
 1144 045b 80       		.byte	-128
 1145 045c A6       		.byte	-90
 1146 045d 20       		.byte	32
 1147 045e E6       		.byte	-26
 1148 045f 40       		.byte	64
 1149 0460 59       		.byte	89
 1150 0461 01       		.byte	1
 1151 0462 5E       		.byte	94
 1152 0463 01       		.byte	1
 1153 0464 62       		.byte	98
 1154 0465 04       		.byte	4
 1155 0466 66       		.byte	102
 1156 0467 08       		.byte	8
 1157 0468 82       		.byte	-126
 1158 0469 0C       		.byte	12
 1159 046a 8D       		.byte	-115
 1160 046b 01       		.byte	1
 1161 046c D6       		.byte	-42
 1162 046d 03       		.byte	3
 1163 046e D8       		.byte	-40
 1164 046f 03       		.byte	3
 1165 0470 E4       		.byte	-28
 1166 0471 02       		.byte	2
 1167 0472 96       		.byte	-106
 1168 0473 01       		.byte	1
 1169 0474 86       		.byte	-122
 1170 0475 01       		.byte	1
 1171 0476 96       		.byte	-106
 1172 0477 01       		.byte	1
 1173 0478 85       		.byte	-123
 1174 0479 80       		.byte	-128
 1175 047a 9D       		.byte	-99
 1176 047b 80       		.byte	-128
 1177 047c E2       		.byte	-30
 1178 047d 10       		.byte	16
 1179 047e 10       		.byte	16
 1180 047f 80       		.byte	-128
 1181 0480 12       		.byte	18
 1182 0481 80       		.byte	-128
 1183 0482 75       		.byte	117
 1184 0483 02       		.byte	2
 1185 0484 88       		.byte	-120
 1186 0485 80       		.byte	-128
 1187 0486 89       		.byte	-119
 1188 0487 02       		.byte	2
 1189 0488 8E       		.byte	-114
 1190 0489 80       		.byte	-128
 1191 048a C4       		.byte	-60
 1192 048b 08       		.byte	8
 1193 048c DE       		.byte	-34
 1194 048d 04       		.byte	4
 1195 048e E0       		.byte	-32
 1196 048f 01       		.byte	1
 1197 0490 E2       		.byte	-30
ARM GAS  C:\Users\ESTEBAN\AppData\Local\Temp\ccMPoUEr.s 			page 22


 1198 0491 02       		.byte	2
 1199 0492 E6       		.byte	-26
 1200 0493 01       		.byte	1
 1201 0494 00       		.byte	0
 1202 0495 07       		.byte	7
 1203 0496 0C       		.byte	12
 1204 0497 05       		.byte	5
 1205 0498 0E       		.byte	14
 1206 0499 07       		.byte	7
 1207 049a 10       		.byte	16
 1208 049b 01       		.byte	1
 1209 049c 1C       		.byte	28
 1210 049d 01       		.byte	1
 1211 049e 00       		.byte	0
 1212 049f 0F       		.byte	15
 1213 04a0 80       		.byte	-128
 1214 04a1 80       		.byte	-128
 1215 04a2 00       		.byte	0
 1216 04a3 00       		.byte	0
 1217 04a4 40       		.byte	64
 1218 04a5 00       		.byte	0
 1219 04a6 00       		.byte	0
 1220 04a7 00       		.byte	0
 1221 04a8 00       		.byte	0
 1222 04a9 41       		.byte	65
 1223 04aa 00       		.byte	0
 1224 04ab 00       		.byte	0
 1225 04ac C3       		.byte	-61
 1226 04ad 18       		.byte	24
 1227 04ae 0C       		.byte	12
 1228 04af 00       		.byte	0
 1229 04b0 8F       		.byte	-113
 1230 04b1 10       		.byte	16
 1231 04b2 40       		.byte	64
 1232 04b3 00       		.byte	0
 1233 04b4 03       		.byte	3
 1234 04b5 00       		.byte	0
 1235 04b6 20       		.byte	32
 1236 04b7 01       		.byte	1
 1237 04b8 CF       		.byte	-49
 1238 04b9 80       		.byte	-128
 1239 04ba 00       		.byte	0
 1240 04bb 00       		.byte	0
 1241 04bc 0C       		.byte	12
 1242 04bd 19       		.byte	25
 1243 04be 00       		.byte	0
 1244 04bf E2       		.byte	-30
 1245 04c0 00       		.byte	0
 1246 04c1 08       		.byte	8
 1247 04c2 43       		.byte	67
 1248 04c3 00       		.byte	0
 1249 04c4 8C       		.byte	-116
 1250 04c5 39       		.byte	57
 1251 04c6 43       		.byte	67
 1252 04c7 C4       		.byte	-60
 1253 04c8 08       		.byte	8
 1254 04c9 C0       		.byte	-64
ARM GAS  C:\Users\ESTEBAN\AppData\Local\Temp\ccMPoUEr.s 			page 23


 1255 04ca 00       		.byte	0
 1256 04cb 00       		.byte	0
 1257 04cc 04       		.byte	4
 1258 04cd 00       		.byte	0
 1259 04ce 00       		.byte	0
 1260 04cf E6       		.byte	-26
 1261 04d0 02       		.byte	2
 1262 04d1 E7       		.byte	-25
 1263 04d2 10       		.byte	16
 1264 04d3 18       		.byte	24
 1265 04d4 01       		.byte	1
 1266 04d5 FF       		.byte	-1
 1267 04d6 10       		.byte	16
 1268 04d7 00       		.byte	0
 1269 04d8 80       		.byte	-128
 1270 04d9 C0       		.byte	-64
 1271 04da 4C       		.byte	76
 1272 04db 00       		.byte	0
 1273 04dc 0F       		.byte	15
 1274 04dd 38       		.byte	56
 1275 04de 30       		.byte	48
 1276 04df 1F       		.byte	31
 1277 04e0 00       		.byte	0
 1278 04e1 00       		.byte	0
 1279 04e2 28       		.byte	40
 1280 04e3 80       		.byte	-128
 1281 04e4 00       		.byte	0
 1282 04e5 00       		.byte	0
 1283 04e6 41       		.byte	65
 1284 04e7 00       		.byte	0
 1285 04e8 23       		.byte	35
 1286 04e9 04       		.byte	4
 1287 04ea 06       		.byte	6
 1288 04eb 00       		.byte	0
 1289 04ec 01       		.byte	1
 1290 04ed 00       		.byte	0
 1291 04ee 0E       		.byte	14
 1292 04ef C0       		.byte	-64
 1293 04f0 24       		.byte	36
 1294 04f1 FF       		.byte	-1
 1295 04f2 FF       		.byte	-1
 1296 04f3 FF       		.byte	-1
 1297 04f4 62       		.byte	98
 1298 04f5 A0       		.byte	-96
 1299 04f6 F0       		.byte	-16
 1300 04f7 41       		.byte	65
 1301 04f8 0C       		.byte	12
 1302 04f9 00       		.byte	0
 1303 04fa 00       		.byte	0
 1304 04fb 00       		.byte	0
 1305 04fc 00       		.byte	0
 1306 04fd 00       		.byte	0
 1307 04fe 02       		.byte	2
 1308 04ff 13       		.byte	19
 1309 0500 04       		.byte	4
 1310 0501 04       		.byte	4
 1311 0502 04       		.byte	4
ARM GAS  C:\Users\ESTEBAN\AppData\Local\Temp\ccMPoUEr.s 			page 24


 1312 0503 04       		.byte	4
 1313 0504 00       		.byte	0
 1314 0505 00       		.byte	0
 1315 0506 00       		.byte	0
 1316 0507 01       		.byte	1
 1317 0508 00       		.byte	0
 1318 0509 00       		.byte	0
 1319 050a 00       		.byte	0
 1320 050b 00       		.byte	0
 1321 050c 00       		.byte	0
 1322 050d 00       		.byte	0
 1323 050e 40       		.byte	64
 1324 050f 02       		.byte	2
 1325 0510 00       		.byte	0
 1326 0511 10       		.byte	16
 1327 0512 30       		.byte	48
 1328 0513 10       		.byte	16
 1329 0514 00       		.byte	0
 1330 0515 10       		.byte	16
 1331 0516 10       		.byte	16
 1332 0517 12       		.byte	18
 1333 0518 00       		.byte	0
 1334 0519 00       		.byte	0
 1335 051a 00       		.byte	0
 1336 051b 00       		.byte	0
 1337 051c 00       		.byte	0
 1338 051d 00       		.byte	0
 1339 051e 00       		.byte	0
 1340 051f 00       		.byte	0
 1341 0520 00       		.byte	0
 1342 0521 00       		.byte	0
 1343 0522 00       		.byte	0
 1344 0523 00       		.byte	0
 1345 0524 00       		.byte	0
 1346 0525 00       		.byte	0
 1347 0526 00       		.byte	0
 1348 0527 00       		.byte	0
 1349 0528 80       		.byte	-128
 1350 0529 00       		.byte	0
 1351 052a 40       		.byte	64
 1352 052b 80       		.byte	-128
 1353 052c 80       		.byte	-128
 1354 052d 00       		.byte	0
 1355 052e 80       		.byte	-128
 1356 052f 00       		.byte	0
 1357 0530 00       		.byte	0
 1358 0531 00       		.byte	0
 1359 0532 00       		.byte	0
 1360 0533 00       		.byte	0
 1361 0534 C0       		.byte	-64
 1362 0535 0B       		.byte	11
 1363 0536 0B       		.byte	11
 1364 0537 00       		.byte	0
 1365 0538 00       		.byte	0
 1366 0539 00       		.byte	0
 1367 053a 00       		.byte	0
 1368 053b 00       		.byte	0
ARM GAS  C:\Users\ESTEBAN\AppData\Local\Temp\ccMPoUEr.s 			page 25


 1369 053c 00       		.byte	0
 1370 053d F2       		.byte	-14
 1371 053e F2       		.byte	-14
 1372 053f 00       		.byte	0
 1373 0540 F0       		.byte	-16
 1374 0541 00       		.byte	0
 1375 0542 00       		.byte	0
 1376 0543 00       		.byte	0
 1377              		.section	.cywolatch,"a",%progbits
 1378              		.align	2
 1379              		.type	cy_meta_wonvl, %object
 1380              		.size	cy_meta_wonvl, 4
 1381              	cy_meta_wonvl:
 1382 0000 BC       		.byte	-68
 1383 0001 90       		.byte	-112
 1384 0002 AC       		.byte	-84
 1385 0003 AF       		.byte	-81
 1386              		.section	.cycustnvl,"a",%progbits
 1387              		.align	2
 1388              		.type	cy_meta_custnvl, %object
 1389              		.size	cy_meta_custnvl, 4
 1390              	cy_meta_custnvl:
 1391 0000 00       		.byte	0
 1392 0001 00       		.byte	0
 1393 0002 40       		.byte	64
 1394 0003 05       		.byte	5
 1395              		.section	.cymeta,"a",%progbits
 1396              		.align	2
 1397              		.type	cy_metadata, %object
 1398              		.size	cy_metadata, 12
 1399              	cy_metadata:
 1400 0000 00       		.byte	0
 1401 0001 01       		.byte	1
 1402 0002 2E       		.byte	46
 1403 0003 16       		.byte	22
 1404 0004 10       		.byte	16
 1405 0005 69       		.byte	105
 1406 0006 00       		.byte	0
 1407 0007 01       		.byte	1
 1408 0008 00       		.byte	0
 1409 0009 00       		.byte	0
 1410 000a 00       		.byte	0
 1411 000b 00       		.byte	0
 1412              		.section	.cyflashprotect,"a",%progbits
 1413              		.align	2
 1414              		.type	cy_meta_flashprotect, %object
 1415              		.size	cy_meta_flashprotect, 256
 1416              	cy_meta_flashprotect:
 1417 0000 00000000 		.space	256
 1417      00000000 
 1417      00000000 
 1417      00000000 
 1417      00000000 
 1418              		.text
 1419              	.Letext0:
 1420              		.file 1 "c:\\program files (x86)\\cypress\\psoc creator\\4.2\\psoc creator\\import\\gnu\\arm\\5.4.
 1421              		.file 2 "c:\\program files (x86)\\cypress\\psoc creator\\4.2\\psoc creator\\import\\gnu\\arm\\5.4.
ARM GAS  C:\Users\ESTEBAN\AppData\Local\Temp\ccMPoUEr.s 			page 26


 1422              		.file 3 "Generated_Source\\PSoC5\\cymetadata.c"
 1423              		.section	.debug_info,"",%progbits
 1424              	.Ldebug_info0:
 1425 0000 32010000 		.4byte	0x132
 1426 0004 0400     		.2byte	0x4
 1427 0006 00000000 		.4byte	.Ldebug_abbrev0
 1428 000a 04       		.byte	0x4
 1429 000b 01       		.uleb128 0x1
 1430 000c 3B000000 		.4byte	.LASF17
 1431 0010 0C       		.byte	0xc
 1432 0011 C9010000 		.4byte	.LASF18
 1433 0015 1D010000 		.4byte	.LASF19
 1434 0019 00000000 		.4byte	.Ldebug_line0
 1435 001d 02       		.uleb128 0x2
 1436 001e 01       		.byte	0x1
 1437 001f 06       		.byte	0x6
 1438 0020 BD010000 		.4byte	.LASF0
 1439 0024 03       		.uleb128 0x3
 1440 0025 00000000 		.4byte	.LASF9
 1441 0029 01       		.byte	0x1
 1442 002a 1D       		.byte	0x1d
 1443 002b 2F000000 		.4byte	0x2f
 1444 002f 02       		.uleb128 0x2
 1445 0030 01       		.byte	0x1
 1446 0031 08       		.byte	0x8
 1447 0032 2D000000 		.4byte	.LASF1
 1448 0036 02       		.uleb128 0x2
 1449 0037 02       		.byte	0x2
 1450 0038 05       		.byte	0x5
 1451 0039 AA010000 		.4byte	.LASF2
 1452 003d 02       		.uleb128 0x2
 1453 003e 02       		.byte	0x2
 1454 003f 07       		.byte	0x7
 1455 0040 DB000000 		.4byte	.LASF3
 1456 0044 02       		.uleb128 0x2
 1457 0045 04       		.byte	0x4
 1458 0046 05       		.byte	0x5
 1459 0047 B4010000 		.4byte	.LASF4
 1460 004b 02       		.uleb128 0x2
 1461 004c 04       		.byte	0x4
 1462 004d 07       		.byte	0x7
 1463 004e C9000000 		.4byte	.LASF5
 1464 0052 02       		.uleb128 0x2
 1465 0053 08       		.byte	0x8
 1466 0054 05       		.byte	0x5
 1467 0055 9C010000 		.4byte	.LASF6
 1468 0059 02       		.uleb128 0x2
 1469 005a 08       		.byte	0x8
 1470 005b 07       		.byte	0x7
 1471 005c 16000000 		.4byte	.LASF7
 1472 0060 04       		.uleb128 0x4
 1473 0061 04       		.byte	0x4
 1474 0062 05       		.byte	0x5
 1475 0063 696E7400 		.ascii	"int\000"
 1476 0067 02       		.uleb128 0x2
 1477 0068 04       		.byte	0x4
 1478 0069 07       		.byte	0x7
ARM GAS  C:\Users\ESTEBAN\AppData\Local\Temp\ccMPoUEr.s 			page 27


 1479 006a 10010000 		.4byte	.LASF8
 1480 006e 03       		.uleb128 0x3
 1481 006f 68010000 		.4byte	.LASF10
 1482 0073 02       		.byte	0x2
 1483 0074 18       		.byte	0x18
 1484 0075 24000000 		.4byte	0x24
 1485 0079 05       		.uleb128 0x5
 1486 007a 91000000 		.4byte	0x91
 1487 007e 8A000000 		.4byte	0x8a
 1488 0082 06       		.uleb128 0x6
 1489 0083 8A000000 		.4byte	0x8a
 1490 0087 4305     		.2byte	0x543
 1491 0089 00       		.byte	0
 1492 008a 02       		.uleb128 0x2
 1493 008b 04       		.byte	0x4
 1494 008c 07       		.byte	0x7
 1495 008d 93010000 		.4byte	.LASF11
 1496 0091 07       		.uleb128 0x7
 1497 0092 6E000000 		.4byte	0x6e
 1498 0096 08       		.uleb128 0x8
 1499 0097 FE000000 		.4byte	.LASF12
 1500 009b 03       		.byte	0x3
 1501 009c 1F       		.byte	0x1f
 1502 009d A7000000 		.4byte	0xa7
 1503 00a1 05       		.uleb128 0x5
 1504 00a2 03       		.byte	0x3
 1505 00a3 00000000 		.4byte	cy_meta_configecc
 1506 00a7 07       		.uleb128 0x7
 1507 00a8 79000000 		.4byte	0x79
 1508 00ac 05       		.uleb128 0x5
 1509 00ad 91000000 		.4byte	0x91
 1510 00b1 BC000000 		.4byte	0xbc
 1511 00b5 09       		.uleb128 0x9
 1512 00b6 8A000000 		.4byte	0x8a
 1513 00ba 03       		.byte	0x3
 1514 00bb 00       		.byte	0
 1515 00bc 08       		.uleb128 0x8
 1516 00bd EE000000 		.4byte	.LASF13
 1517 00c1 03       		.byte	0x3
 1518 00c2 D5       		.byte	0xd5
 1519 00c3 CD000000 		.4byte	0xcd
 1520 00c7 05       		.uleb128 0x5
 1521 00c8 03       		.byte	0x3
 1522 00c9 00000000 		.4byte	cy_meta_custnvl
 1523 00cd 07       		.uleb128 0x7
 1524 00ce AC000000 		.4byte	0xac
 1525 00d2 08       		.uleb128 0x8
 1526 00d3 85010000 		.4byte	.LASF14
 1527 00d7 03       		.byte	0x3
 1528 00d8 E3       		.byte	0xe3
 1529 00d9 E3000000 		.4byte	0xe3
 1530 00dd 05       		.uleb128 0x5
 1531 00de 03       		.byte	0x3
 1532 00df 00000000 		.4byte	cy_meta_wonvl
 1533 00e3 07       		.uleb128 0x7
 1534 00e4 AC000000 		.4byte	0xac
 1535 00e8 05       		.uleb128 0x5
ARM GAS  C:\Users\ESTEBAN\AppData\Local\Temp\ccMPoUEr.s 			page 28


 1536 00e9 91000000 		.4byte	0x91
 1537 00ed F8000000 		.4byte	0xf8
 1538 00f1 09       		.uleb128 0x9
 1539 00f2 8A000000 		.4byte	0x8a
 1540 00f6 FF       		.byte	0xff
 1541 00f7 00       		.byte	0
 1542 00f8 08       		.uleb128 0x8
 1543 00f9 70010000 		.4byte	.LASF15
 1544 00fd 03       		.byte	0x3
 1545 00fe F1       		.byte	0xf1
 1546 00ff 09010000 		.4byte	0x109
 1547 0103 05       		.uleb128 0x5
 1548 0104 03       		.byte	0x3
 1549 0105 00000000 		.4byte	cy_meta_flashprotect
 1550 0109 07       		.uleb128 0x7
 1551 010a E8000000 		.4byte	0xe8
 1552 010e 05       		.uleb128 0x5
 1553 010f 91000000 		.4byte	0x91
 1554 0113 1E010000 		.4byte	0x11e
 1555 0117 09       		.uleb128 0x9
 1556 0118 8A000000 		.4byte	0x8a
 1557 011c 0B       		.byte	0xb
 1558 011d 00       		.byte	0
 1559 011e 0A       		.uleb128 0xa
 1560 011f 0A000000 		.4byte	.LASF16
 1561 0123 03       		.byte	0x3
 1562 0124 1E01     		.2byte	0x11e
 1563 0126 30010000 		.4byte	0x130
 1564 012a 05       		.uleb128 0x5
 1565 012b 03       		.byte	0x3
 1566 012c 00000000 		.4byte	cy_metadata
 1567 0130 07       		.uleb128 0x7
 1568 0131 0E010000 		.4byte	0x10e
 1569 0135 00       		.byte	0
 1570              		.section	.debug_abbrev,"",%progbits
 1571              	.Ldebug_abbrev0:
 1572 0000 01       		.uleb128 0x1
 1573 0001 11       		.uleb128 0x11
 1574 0002 01       		.byte	0x1
 1575 0003 25       		.uleb128 0x25
 1576 0004 0E       		.uleb128 0xe
 1577 0005 13       		.uleb128 0x13
 1578 0006 0B       		.uleb128 0xb
 1579 0007 03       		.uleb128 0x3
 1580 0008 0E       		.uleb128 0xe
 1581 0009 1B       		.uleb128 0x1b
 1582 000a 0E       		.uleb128 0xe
 1583 000b 10       		.uleb128 0x10
 1584 000c 17       		.uleb128 0x17
 1585 000d 00       		.byte	0
 1586 000e 00       		.byte	0
 1587 000f 02       		.uleb128 0x2
 1588 0010 24       		.uleb128 0x24
 1589 0011 00       		.byte	0
 1590 0012 0B       		.uleb128 0xb
 1591 0013 0B       		.uleb128 0xb
 1592 0014 3E       		.uleb128 0x3e
ARM GAS  C:\Users\ESTEBAN\AppData\Local\Temp\ccMPoUEr.s 			page 29


 1593 0015 0B       		.uleb128 0xb
 1594 0016 03       		.uleb128 0x3
 1595 0017 0E       		.uleb128 0xe
 1596 0018 00       		.byte	0
 1597 0019 00       		.byte	0
 1598 001a 03       		.uleb128 0x3
 1599 001b 16       		.uleb128 0x16
 1600 001c 00       		.byte	0
 1601 001d 03       		.uleb128 0x3
 1602 001e 0E       		.uleb128 0xe
 1603 001f 3A       		.uleb128 0x3a
 1604 0020 0B       		.uleb128 0xb
 1605 0021 3B       		.uleb128 0x3b
 1606 0022 0B       		.uleb128 0xb
 1607 0023 49       		.uleb128 0x49
 1608 0024 13       		.uleb128 0x13
 1609 0025 00       		.byte	0
 1610 0026 00       		.byte	0
 1611 0027 04       		.uleb128 0x4
 1612 0028 24       		.uleb128 0x24
 1613 0029 00       		.byte	0
 1614 002a 0B       		.uleb128 0xb
 1615 002b 0B       		.uleb128 0xb
 1616 002c 3E       		.uleb128 0x3e
 1617 002d 0B       		.uleb128 0xb
 1618 002e 03       		.uleb128 0x3
 1619 002f 08       		.uleb128 0x8
 1620 0030 00       		.byte	0
 1621 0031 00       		.byte	0
 1622 0032 05       		.uleb128 0x5
 1623 0033 01       		.uleb128 0x1
 1624 0034 01       		.byte	0x1
 1625 0035 49       		.uleb128 0x49
 1626 0036 13       		.uleb128 0x13
 1627 0037 01       		.uleb128 0x1
 1628 0038 13       		.uleb128 0x13
 1629 0039 00       		.byte	0
 1630 003a 00       		.byte	0
 1631 003b 06       		.uleb128 0x6
 1632 003c 21       		.uleb128 0x21
 1633 003d 00       		.byte	0
 1634 003e 49       		.uleb128 0x49
 1635 003f 13       		.uleb128 0x13
 1636 0040 2F       		.uleb128 0x2f
 1637 0041 05       		.uleb128 0x5
 1638 0042 00       		.byte	0
 1639 0043 00       		.byte	0
 1640 0044 07       		.uleb128 0x7
 1641 0045 26       		.uleb128 0x26
 1642 0046 00       		.byte	0
 1643 0047 49       		.uleb128 0x49
 1644 0048 13       		.uleb128 0x13
 1645 0049 00       		.byte	0
 1646 004a 00       		.byte	0
 1647 004b 08       		.uleb128 0x8
 1648 004c 34       		.uleb128 0x34
 1649 004d 00       		.byte	0
ARM GAS  C:\Users\ESTEBAN\AppData\Local\Temp\ccMPoUEr.s 			page 30


 1650 004e 03       		.uleb128 0x3
 1651 004f 0E       		.uleb128 0xe
 1652 0050 3A       		.uleb128 0x3a
 1653 0051 0B       		.uleb128 0xb
 1654 0052 3B       		.uleb128 0x3b
 1655 0053 0B       		.uleb128 0xb
 1656 0054 49       		.uleb128 0x49
 1657 0055 13       		.uleb128 0x13
 1658 0056 3F       		.uleb128 0x3f
 1659 0057 19       		.uleb128 0x19
 1660 0058 02       		.uleb128 0x2
 1661 0059 18       		.uleb128 0x18
 1662 005a 00       		.byte	0
 1663 005b 00       		.byte	0
 1664 005c 09       		.uleb128 0x9
 1665 005d 21       		.uleb128 0x21
 1666 005e 00       		.byte	0
 1667 005f 49       		.uleb128 0x49
 1668 0060 13       		.uleb128 0x13
 1669 0061 2F       		.uleb128 0x2f
 1670 0062 0B       		.uleb128 0xb
 1671 0063 00       		.byte	0
 1672 0064 00       		.byte	0
 1673 0065 0A       		.uleb128 0xa
 1674 0066 34       		.uleb128 0x34
 1675 0067 00       		.byte	0
 1676 0068 03       		.uleb128 0x3
 1677 0069 0E       		.uleb128 0xe
 1678 006a 3A       		.uleb128 0x3a
 1679 006b 0B       		.uleb128 0xb
 1680 006c 3B       		.uleb128 0x3b
 1681 006d 05       		.uleb128 0x5
 1682 006e 49       		.uleb128 0x49
 1683 006f 13       		.uleb128 0x13
 1684 0070 3F       		.uleb128 0x3f
 1685 0071 19       		.uleb128 0x19
 1686 0072 02       		.uleb128 0x2
 1687 0073 18       		.uleb128 0x18
 1688 0074 00       		.byte	0
 1689 0075 00       		.byte	0
 1690 0076 00       		.byte	0
 1691              		.section	.debug_aranges,"",%progbits
 1692 0000 14000000 		.4byte	0x14
 1693 0004 0200     		.2byte	0x2
 1694 0006 00000000 		.4byte	.Ldebug_info0
 1695 000a 04       		.byte	0x4
 1696 000b 00       		.byte	0
 1697 000c 0000     		.2byte	0
 1698 000e 0000     		.2byte	0
 1699 0010 00000000 		.4byte	0
 1700 0014 00000000 		.4byte	0
 1701              		.section	.debug_line,"",%progbits
 1702              	.Ldebug_line0:
 1703 0000 3D010000 		.section	.debug_str,"MS",%progbits,1
 1703      02003701 
 1703      00000201 
 1703      FB0E0D00 
ARM GAS  C:\Users\ESTEBAN\AppData\Local\Temp\ccMPoUEr.s 			page 31


 1703      01010101 
 1704              	.LASF9:
 1705 0000 5F5F7569 		.ascii	"__uint8_t\000"
 1705      6E74385F 
 1705      7400
 1706              	.LASF16:
 1707 000a 63795F6D 		.ascii	"cy_metadata\000"
 1707      65746164 
 1707      61746100 
 1708              	.LASF7:
 1709 0016 6C6F6E67 		.ascii	"long long unsigned int\000"
 1709      206C6F6E 
 1709      6720756E 
 1709      7369676E 
 1709      65642069 
 1710              	.LASF1:
 1711 002d 756E7369 		.ascii	"unsigned char\000"
 1711      676E6564 
 1711      20636861 
 1711      7200
 1712              	.LASF17:
 1713 003b 474E5520 		.ascii	"GNU C11 5.4.1 20160609 (release) [ARM/embedded-5-br"
 1713      43313120 
 1713      352E342E 
 1713      31203230 
 1713      31363036 
 1714 006e 616E6368 		.ascii	"anch revision 237715] -mcpu=cortex-m3 -mthumb -g -O"
 1714      20726576 
 1714      6973696F 
 1714      6E203233 
 1714      37373135 
 1715 00a1 67202D66 		.ascii	"g -ffunction-sections -ffat-lto-objects\000"
 1715      66756E63 
 1715      74696F6E 
 1715      2D736563 
 1715      74696F6E 
 1716              	.LASF5:
 1717 00c9 6C6F6E67 		.ascii	"long unsigned int\000"
 1717      20756E73 
 1717      69676E65 
 1717      6420696E 
 1717      7400
 1718              	.LASF3:
 1719 00db 73686F72 		.ascii	"short unsigned int\000"
 1719      7420756E 
 1719      7369676E 
 1719      65642069 
 1719      6E7400
 1720              	.LASF13:
 1721 00ee 63795F6D 		.ascii	"cy_meta_custnvl\000"
 1721      6574615F 
 1721      63757374 
 1721      6E766C00 
 1722              	.LASF12:
 1723 00fe 63795F6D 		.ascii	"cy_meta_configecc\000"
 1723      6574615F 
 1723      636F6E66 
ARM GAS  C:\Users\ESTEBAN\AppData\Local\Temp\ccMPoUEr.s 			page 32


 1723      69676563 
 1723      6300
 1724              	.LASF8:
 1725 0110 756E7369 		.ascii	"unsigned int\000"
 1725      676E6564 
 1725      20696E74 
 1725      00
 1726              	.LASF19:
 1727 011d 443A5C55 		.ascii	"D:\\Users\\ESTEBAN\\Desktop\\Materias\\Codigos\\Psc"
 1727      73657273 
 1727      5C455354 
 1727      4542414E 
 1727      5C446573 
 1728 014a 6F635C63 		.ascii	"oc\\carro\\carro\\Design01.cydsn\000"
 1728      6172726F 
 1728      5C636172 
 1728      726F5C44 
 1728      65736967 
 1729              	.LASF10:
 1730 0168 75696E74 		.ascii	"uint8_t\000"
 1730      385F7400 
 1731              	.LASF15:
 1732 0170 63795F6D 		.ascii	"cy_meta_flashprotect\000"
 1732      6574615F 
 1732      666C6173 
 1732      6870726F 
 1732      74656374 
 1733              	.LASF14:
 1734 0185 63795F6D 		.ascii	"cy_meta_wonvl\000"
 1734      6574615F 
 1734      776F6E76 
 1734      6C00
 1735              	.LASF11:
 1736 0193 73697A65 		.ascii	"sizetype\000"
 1736      74797065 
 1736      00
 1737              	.LASF6:
 1738 019c 6C6F6E67 		.ascii	"long long int\000"
 1738      206C6F6E 
 1738      6720696E 
 1738      7400
 1739              	.LASF2:
 1740 01aa 73686F72 		.ascii	"short int\000"
 1740      7420696E 
 1740      7400
 1741              	.LASF4:
 1742 01b4 6C6F6E67 		.ascii	"long int\000"
 1742      20696E74 
 1742      00
 1743              	.LASF0:
 1744 01bd 7369676E 		.ascii	"signed char\000"
 1744      65642063 
 1744      68617200 
 1745              	.LASF18:
 1746 01c9 47656E65 		.ascii	"Generated_Source\\PSoC5\\cymetadata.c\000"
 1746      72617465 
 1746      645F536F 
ARM GAS  C:\Users\ESTEBAN\AppData\Local\Temp\ccMPoUEr.s 			page 33


 1746      75726365 
 1746      5C50536F 
 1747              		.ident	"GCC: (GNU Tools for ARM Embedded Processors) 5.4.1 20160609 (release) [ARM/embedded-5-bran
