ARM GAS  C:\Users\ESTEBAN\AppData\Local\Temp\ccEYsSQy.s 			page 1


   1              		.syntax unified
   2              		.cpu cortex-m3
   3              		.fpu softvfp
   4              		.eabi_attribute 20, 1
   5              		.eabi_attribute 21, 1
   6              		.eabi_attribute 23, 3
   7              		.eabi_attribute 24, 1
   8              		.eabi_attribute 25, 1
   9              		.eabi_attribute 26, 1
  10              		.eabi_attribute 30, 1
  11              		.eabi_attribute 34, 1
  12              		.eabi_attribute 18, 4
  13              		.thumb
  14              		.syntax unified
  15              		.file	"main.c"
  16              		.text
  17              	.Ltext0:
  18              		.cfi_sections	.debug_frame
  19              		.section	.text.main,"ax",%progbits
  20              		.align	2
  21              		.global	main
  22              		.thumb
  23              		.thumb_func
  24              		.type	main, %function
  25              	main:
  26              	.LFB63:
  27              		.file 1 "main.c"
   1:main.c        **** /* ========================================
   2:main.c        ****  *
   3:main.c        ****  * Copyright YOUR COMPANY, THE YEAR
   4:main.c        ****  * All Rights Reserved
   5:main.c        ****  * UNPUBLISHED, LICENSED SOFTWARE.
   6:main.c        ****  *
   7:main.c        ****  * CONFIDENTIAL AND PROPRIETARY INFORMATION
   8:main.c        ****  * WHICH IS THE PROPERTY OF your company.
   9:main.c        ****  *
  10:main.c        ****  * ========================================
  11:main.c        **** */
  12:main.c        **** #include "project.h"
  13:main.c        **** 
  14:main.c        ****   char dato,texto;
  15:main.c        **** 
  16:main.c        **** int numero;
  17:main.c        **** int PWM=100;
  18:main.c        **** 
  19:main.c        **** 
  20:main.c        ****   
  21:main.c        **** 
  22:main.c        ****     
  23:main.c        ****     
  24:main.c        ****     
  25:main.c        **** 
  26:main.c        **** 
  27:main.c        **** int main(void)
  28:main.c        **** 
  29:main.c        **** {
  28              		.loc 1 29 0
ARM GAS  C:\Users\ESTEBAN\AppData\Local\Temp\ccEYsSQy.s 			page 2


  29              		.cfi_startproc
  30              		@ Volatile: function does not return.
  31              		@ args = 0, pretend = 0, frame = 0
  32              		@ frame_needed = 0, uses_anonymous_args = 0
  33 0000 08B5     		push	{r3, lr}
  34              		.cfi_def_cfa_offset 8
  35              		.cfi_offset 3, -8
  36              		.cfi_offset 14, -4
  30:main.c        ****     CyGlobalIntEnable; /* Enable global interrupts. */
  37              		.loc 1 30 0
  38              		.syntax unified
  39              	@ 30 "main.c" 1
  40 0002 62B6     		CPSIE   i
  41              	@ 0 "" 2
  31:main.c        ****         
  32:main.c        ****         PWM1_Start();
  42              		.loc 1 32 0
  43              		.thumb
  44              		.syntax unified
  45 0004 FFF7FEFF 		bl	PWM1_Start
  46              	.LVL0:
  33:main.c        ****         PWM_Start();
  47              		.loc 1 33 0
  48 0008 FFF7FEFF 		bl	PWM_Start
  49              	.LVL1:
  34:main.c        ****         Clock_1_Start();
  50              		.loc 1 34 0
  51 000c FFF7FEFF 		bl	Clock_1_Start
  52              	.LVL2:
  35:main.c        ****         UART_1_Start();
  53              		.loc 1 35 0
  54 0010 FFF7FEFF 		bl	UART_1_Start
  55              	.LVL3:
  36:main.c        ****        
  37:main.c        ****         
  38:main.c        ****       
  39:main.c        ****             PWM_WriteCompare1(0);
  56              		.loc 1 39 0
  57 0014 0020     		movs	r0, #0
  58 0016 FFF7FEFF 		bl	PWM_WriteCompare1
  59              	.LVL4:
  40:main.c        ****             PWM_WriteCompare2(0);
  60              		.loc 1 40 0
  61 001a 0020     		movs	r0, #0
  62 001c FFF7FEFF 		bl	PWM_WriteCompare2
  63              	.LVL5:
  41:main.c        ****             PWM1_WriteCompare1(0);
  64              		.loc 1 41 0
  65 0020 0020     		movs	r0, #0
  66 0022 FFF7FEFF 		bl	PWM1_WriteCompare1
  67              	.LVL6:
  42:main.c        ****             PWM1_WriteCompare2(0);
  68              		.loc 1 42 0
  69 0026 0020     		movs	r0, #0
  70 0028 FFF7FEFF 		bl	PWM1_WriteCompare2
  71              	.LVL7:
  72              	.L11:
ARM GAS  C:\Users\ESTEBAN\AppData\Local\Temp\ccEYsSQy.s 			page 3


  43:main.c        **** 
  44:main.c        ****             
  45:main.c        ****         
  46:main.c        ****     /* Place your initialization/startup code here (e.g. MyInst_Start()) */
  47:main.c        **** 
  48:main.c        ****     for(;;)
  49:main.c        ****     {  
  50:main.c        ****         dato=UART_1_GetChar();
  73              		.loc 1 50 0
  74 002c FFF7FEFF 		bl	UART_1_GetChar
  75              	.LVL8:
  76 0030 3B4B     		ldr	r3, .L14
  77 0032 1870     		strb	r0, [r3]
  51:main.c        ****      
  52:main.c        ****    if(dato=='w'){
  78              		.loc 1 52 0
  79 0034 7728     		cmp	r0, #119
  80 0036 03D1     		bne	.L2
  53:main.c        **** PWM=80;
  81              		.loc 1 53 0
  82 0038 5022     		movs	r2, #80
  83 003a 3A4B     		ldr	r3, .L14+4
  84 003c 1A60     		str	r2, [r3]
  85 003e 04E0     		b	.L3
  86              	.L2:
  54:main.c        **** }
  55:main.c        **** else if(dato=='x'){
  87              		.loc 1 55 0
  88 0040 7828     		cmp	r0, #120
  89 0042 02D1     		bne	.L3
  56:main.c        **** PWM=150;
  90              		.loc 1 56 0
  91 0044 9622     		movs	r2, #150
  92 0046 374B     		ldr	r3, .L14+4
  93 0048 1A60     		str	r2, [r3]
  94              	.L3:
  57:main.c        **** }
  58:main.c        ****         if(dato=='e'){
  95              		.loc 1 58 0
  96 004a 6528     		cmp	r0, #101
  97 004c 02D1     		bne	.L4
  59:main.c        ****         numero=1;
  98              		.loc 1 59 0
  99 004e 0122     		movs	r2, #1
 100 0050 354B     		ldr	r3, .L14+8
 101 0052 1A60     		str	r2, [r3]
 102              	.L4:
  60:main.c        ****         }
  61:main.c        ****         if(dato=='d'){
 103              		.loc 1 61 0
 104 0054 6428     		cmp	r0, #100
 105 0056 02D1     		bne	.L5
  62:main.c        ****         numero=0;
 106              		.loc 1 62 0
 107 0058 0022     		movs	r2, #0
 108 005a 334B     		ldr	r3, .L14+8
 109 005c 1A60     		str	r2, [r3]
ARM GAS  C:\Users\ESTEBAN\AppData\Local\Temp\ccEYsSQy.s 			page 4


 110              	.L5:
  63:main.c        ****         }
  64:main.c        ****         
  65:main.c        ****         if(numero==1){
 111              		.loc 1 65 0
 112 005e 324B     		ldr	r3, .L14+8
 113 0060 1B68     		ldr	r3, [r3]
 114 0062 012B     		cmp	r3, #1
 115 0064 38D1     		bne	.L6
  66:main.c        ****         
  67:main.c        ****         if(dato=='b'){
 116              		.loc 1 67 0
 117 0066 6228     		cmp	r0, #98
 118 0068 10D1     		bne	.L7
  68:main.c        ****             led_Write(1);
 119              		.loc 1 68 0
 120 006a 0120     		movs	r0, #1
 121 006c FFF7FEFF 		bl	led_Write
 122              	.LVL9:
  69:main.c        ****             PWM_WriteCompare1(PWM);
 123              		.loc 1 69 0
 124 0070 2C4C     		ldr	r4, .L14+4
 125 0072 2078     		ldrb	r0, [r4]	@ zero_extendqisi2
 126 0074 FFF7FEFF 		bl	PWM_WriteCompare1
 127              	.LVL10:
  70:main.c        ****             PWM_WriteCompare2(0);
 128              		.loc 1 70 0
 129 0078 0020     		movs	r0, #0
 130 007a FFF7FEFF 		bl	PWM_WriteCompare2
 131              	.LVL11:
  71:main.c        ****             PWM1_WriteCompare1(0);
 132              		.loc 1 71 0
 133 007e 0020     		movs	r0, #0
 134 0080 FFF7FEFF 		bl	PWM1_WriteCompare1
 135              	.LVL12:
  72:main.c        ****             PWM1_WriteCompare2(PWM);
 136              		.loc 1 72 0
 137 0084 2078     		ldrb	r0, [r4]	@ zero_extendqisi2
 138 0086 FFF7FEFF 		bl	PWM1_WriteCompare2
 139              	.LVL13:
 140 008a 32E0     		b	.L8
 141              	.L7:
  73:main.c        ****         } 
  74:main.c        ****         else if(dato=='a'){
 142              		.loc 1 74 0
 143 008c 6128     		cmp	r0, #97
 144 008e 10D1     		bne	.L9
  75:main.c        ****             led_Write(0);
 145              		.loc 1 75 0
 146 0090 0020     		movs	r0, #0
 147 0092 FFF7FEFF 		bl	led_Write
 148              	.LVL14:
  76:main.c        ****             PWM_WriteCompare1(0);
 149              		.loc 1 76 0
 150 0096 0020     		movs	r0, #0
 151 0098 FFF7FEFF 		bl	PWM_WriteCompare1
 152              	.LVL15:
ARM GAS  C:\Users\ESTEBAN\AppData\Local\Temp\ccEYsSQy.s 			page 5


  77:main.c        ****             PWM_WriteCompare2(PWM);
 153              		.loc 1 77 0
 154 009c 214C     		ldr	r4, .L14+4
 155 009e 2078     		ldrb	r0, [r4]	@ zero_extendqisi2
 156 00a0 FFF7FEFF 		bl	PWM_WriteCompare2
 157              	.LVL16:
  78:main.c        ****             PWM1_WriteCompare1(PWM);
 158              		.loc 1 78 0
 159 00a4 2078     		ldrb	r0, [r4]	@ zero_extendqisi2
 160 00a6 FFF7FEFF 		bl	PWM1_WriteCompare1
 161              	.LVL17:
  79:main.c        ****             PWM1_WriteCompare2(0);
 162              		.loc 1 79 0
 163 00aa 0020     		movs	r0, #0
 164 00ac FFF7FEFF 		bl	PWM1_WriteCompare2
 165              	.LVL18:
 166 00b0 1FE0     		b	.L8
 167              	.L9:
  80:main.c        ****         }
  81:main.c        ****         else if(dato=='c')
 168              		.loc 1 81 0
 169 00b2 6328     		cmp	r0, #99
 170 00b4 1DD1     		bne	.L8
  82:main.c        ****         {
  83:main.c        ****              led_Write(0);
 171              		.loc 1 83 0
 172 00b6 0020     		movs	r0, #0
 173 00b8 FFF7FEFF 		bl	led_Write
 174              	.LVL19:
  84:main.c        ****             PWM_WriteCompare1(PWM);
 175              		.loc 1 84 0
 176 00bc 194C     		ldr	r4, .L14+4
 177 00be 2078     		ldrb	r0, [r4]	@ zero_extendqisi2
 178 00c0 FFF7FEFF 		bl	PWM_WriteCompare1
 179              	.LVL20:
  85:main.c        ****             PWM_WriteCompare2(0);
 180              		.loc 1 85 0
 181 00c4 0020     		movs	r0, #0
 182 00c6 FFF7FEFF 		bl	PWM_WriteCompare2
 183              	.LVL21:
  86:main.c        ****             PWM1_WriteCompare1(PWM);
 184              		.loc 1 86 0
 185 00ca 2078     		ldrb	r0, [r4]	@ zero_extendqisi2
 186 00cc FFF7FEFF 		bl	PWM1_WriteCompare1
 187              	.LVL22:
  87:main.c        ****             PWM1_WriteCompare2(0);
 188              		.loc 1 87 0
 189 00d0 0020     		movs	r0, #0
 190 00d2 FFF7FEFF 		bl	PWM1_WriteCompare2
 191              	.LVL23:
 192 00d6 0CE0     		b	.L8
 193              	.L6:
  88:main.c        ****         }
  89:main.c        ****         }
  90:main.c        ****         else if(numero==0){
 194              		.loc 1 90 0
 195 00d8 5BB9     		cbnz	r3, .L8
ARM GAS  C:\Users\ESTEBAN\AppData\Local\Temp\ccEYsSQy.s 			page 6


  91:main.c        ****         
  92:main.c        ****             PWM_WriteCompare1(0);
 196              		.loc 1 92 0
 197 00da 0020     		movs	r0, #0
 198 00dc FFF7FEFF 		bl	PWM_WriteCompare1
 199              	.LVL24:
  93:main.c        ****             PWM_WriteCompare2(0);
 200              		.loc 1 93 0
 201 00e0 0020     		movs	r0, #0
 202 00e2 FFF7FEFF 		bl	PWM_WriteCompare2
 203              	.LVL25:
  94:main.c        ****             PWM1_WriteCompare1(0);
 204              		.loc 1 94 0
 205 00e6 0020     		movs	r0, #0
 206 00e8 FFF7FEFF 		bl	PWM1_WriteCompare1
 207              	.LVL26:
  95:main.c        ****             PWM1_WriteCompare2(0); 
 208              		.loc 1 95 0
 209 00ec 0020     		movs	r0, #0
 210 00ee FFF7FEFF 		bl	PWM1_WriteCompare2
 211              	.LVL27:
 212              	.L8:
  96:main.c        ****         }
  97:main.c        ****         if(filtro1_Read()==1){
 213              		.loc 1 97 0
 214 00f2 FFF7FEFF 		bl	filtro1_Read
 215              	.LVL28:
 216 00f6 0128     		cmp	r0, #1
 217 00f8 06D1     		bne	.L10
  98:main.c        ****         UART_1_PutString("S");
 218              		.loc 1 98 0
 219 00fa 0C48     		ldr	r0, .L14+12
 220 00fc FFF7FEFF 		bl	UART_1_PutString
 221              	.LVL29:
  99:main.c        ****         CyDelay(1000);}
 222              		.loc 1 99 0
 223 0100 4FF47A70 		mov	r0, #1000
 224 0104 FFF7FEFF 		bl	CyDelay
 225              	.LVL30:
 226              	.L10:
 100:main.c        ****         if(filtro2_Read()==1){
 227              		.loc 1 100 0
 228 0108 FFF7FEFF 		bl	filtro2_Read
 229              	.LVL31:
 230 010c 0128     		cmp	r0, #1
 231 010e 8DD1     		bne	.L11
 101:main.c        ****         UART_1_PutString("P");
 232              		.loc 1 101 0
 233 0110 0748     		ldr	r0, .L14+16
 234 0112 FFF7FEFF 		bl	UART_1_PutString
 235              	.LVL32:
 102:main.c        ****         CyDelay(1000);}
 236              		.loc 1 102 0
 237 0116 4FF47A70 		mov	r0, #1000
 238 011a FFF7FEFF 		bl	CyDelay
 239              	.LVL33:
 240 011e 85E7     		b	.L11
ARM GAS  C:\Users\ESTEBAN\AppData\Local\Temp\ccEYsSQy.s 			page 7


 241              	.L15:
 242              		.align	2
 243              	.L14:
 244 0120 00000000 		.word	dato
 245 0124 00000000 		.word	.LANCHOR0
 246 0128 00000000 		.word	numero
 247 012c 00000000 		.word	.LC0
 248 0130 04000000 		.word	.LC1
 249              		.cfi_endproc
 250              	.LFE63:
 251              		.size	main, .-main
 252              		.global	PWM
 253              		.comm	numero,4,4
 254              		.comm	texto,1,1
 255              		.comm	dato,1,1
 256              		.data
 257              		.align	2
 258              		.set	.LANCHOR0,. + 0
 259              		.type	PWM, %object
 260              		.size	PWM, 4
 261              	PWM:
 262 0000 64000000 		.word	100
 263              		.section	.rodata.str1.4,"aMS",%progbits,1
 264              		.align	2
 265              	.LC0:
 266 0000 5300     		.ascii	"S\000"
 267 0002 0000     		.space	2
 268              	.LC1:
 269 0004 5000     		.ascii	"P\000"
 270              		.text
 271              	.Letext0:
 272              		.file 2 "c:\\program files (x86)\\cypress\\psoc creator\\4.2\\psoc creator\\import\\gnu\\arm\\5.4.
 273              		.file 3 "c:\\program files (x86)\\cypress\\psoc creator\\4.2\\psoc creator\\import\\gnu\\arm\\5.4.
 274              		.file 4 "Generated_Source\\PSoC5/core_cm3.h"
 275              		.file 5 "Generated_Source\\PSoC5/PWM1.h"
 276              		.file 6 "Generated_Source\\PSoC5/PWM.h"
 277              		.file 7 "Generated_Source\\PSoC5/Clock_1.h"
 278              		.file 8 "Generated_Source\\PSoC5/UART_1.h"
 279              		.file 9 "Generated_Source\\PSoC5/led.h"
 280              		.file 10 "Generated_Source\\PSoC5/filtro1.h"
 281              		.file 11 "Generated_Source\\PSoC5/CyLib.h"
 282              		.file 12 "Generated_Source\\PSoC5/filtro2.h"
 283              		.section	.debug_info,"",%progbits
 284              	.Ldebug_info0:
 285 0000 B6030000 		.4byte	0x3b6
 286 0004 0400     		.2byte	0x4
 287 0006 00000000 		.4byte	.Ldebug_abbrev0
 288 000a 04       		.byte	0x4
 289 000b 01       		.uleb128 0x1
 290 000c 4E000000 		.4byte	.LASF34
 291 0010 0C       		.byte	0xc
 292 0011 1A020000 		.4byte	.LASF35
 293 0015 B0010000 		.4byte	.LASF36
 294 0019 00000000 		.4byte	.Ldebug_ranges0+0
 295 001d 00000000 		.4byte	0
 296 0021 00000000 		.4byte	.Ldebug_line0
 297 0025 02       		.uleb128 0x2
ARM GAS  C:\Users\ESTEBAN\AppData\Local\Temp\ccEYsSQy.s 			page 8


 298 0026 01       		.byte	0x1
 299 0027 06       		.byte	0x6
 300 0028 4F020000 		.4byte	.LASF0
 301 002c 02       		.uleb128 0x2
 302 002d 01       		.byte	0x1
 303 002e 08       		.byte	0x8
 304 002f 40000000 		.4byte	.LASF1
 305 0033 02       		.uleb128 0x2
 306 0034 02       		.byte	0x2
 307 0035 05       		.byte	0x5
 308 0036 26020000 		.4byte	.LASF2
 309 003a 02       		.uleb128 0x2
 310 003b 02       		.byte	0x2
 311 003c 07       		.byte	0x7
 312 003d FC000000 		.4byte	.LASF3
 313 0041 03       		.uleb128 0x3
 314 0042 0D000000 		.4byte	.LASF9
 315 0046 02       		.byte	0x2
 316 0047 3F       		.byte	0x3f
 317 0048 4C000000 		.4byte	0x4c
 318 004c 02       		.uleb128 0x2
 319 004d 04       		.byte	0x4
 320 004e 05       		.byte	0x5
 321 004f 3A020000 		.4byte	.LASF4
 322 0053 02       		.uleb128 0x2
 323 0054 04       		.byte	0x4
 324 0055 07       		.byte	0x7
 325 0056 EA000000 		.4byte	.LASF5
 326 005a 02       		.uleb128 0x2
 327 005b 08       		.byte	0x8
 328 005c 05       		.byte	0x5
 329 005d 0C020000 		.4byte	.LASF6
 330 0061 02       		.uleb128 0x2
 331 0062 08       		.byte	0x8
 332 0063 07       		.byte	0x7
 333 0064 59010000 		.4byte	.LASF7
 334 0068 04       		.uleb128 0x4
 335 0069 04       		.byte	0x4
 336 006a 05       		.byte	0x5
 337 006b 696E7400 		.ascii	"int\000"
 338 006f 02       		.uleb128 0x2
 339 0070 04       		.byte	0x4
 340 0071 07       		.byte	0x7
 341 0072 4C010000 		.4byte	.LASF8
 342 0076 03       		.uleb128 0x3
 343 0077 FB010000 		.4byte	.LASF10
 344 007b 03       		.byte	0x3
 345 007c 2C       		.byte	0x2c
 346 007d 41000000 		.4byte	0x41
 347 0081 02       		.uleb128 0x2
 348 0082 04       		.byte	0x4
 349 0083 04       		.byte	0x4
 350 0084 3A000000 		.4byte	.LASF11
 351 0088 02       		.uleb128 0x2
 352 0089 08       		.byte	0x8
 353 008a 04       		.byte	0x4
 354 008b 2E010000 		.4byte	.LASF12
ARM GAS  C:\Users\ESTEBAN\AppData\Local\Temp\ccEYsSQy.s 			page 9


 355 008f 02       		.uleb128 0x2
 356 0090 01       		.byte	0x1
 357 0091 08       		.byte	0x8
 358 0092 21020000 		.4byte	.LASF13
 359 0096 02       		.uleb128 0x2
 360 0097 08       		.byte	0x8
 361 0098 04       		.byte	0x4
 362 0099 43020000 		.4byte	.LASF14
 363 009d 02       		.uleb128 0x2
 364 009e 04       		.byte	0x4
 365 009f 07       		.byte	0x7
 366 00a0 03020000 		.4byte	.LASF15
 367 00a4 05       		.uleb128 0x5
 368 00a5 35010000 		.4byte	.LASF37
 369 00a9 01       		.byte	0x1
 370 00aa 1B       		.byte	0x1b
 371 00ab 68000000 		.4byte	0x68
 372 00af 00000000 		.4byte	.LFB63
 373 00b3 34010000 		.4byte	.LFE63-.LFB63
 374 00b7 01       		.uleb128 0x1
 375 00b8 9C       		.byte	0x9c
 376 00b9 CA020000 		.4byte	0x2ca
 377 00bd 06       		.uleb128 0x6
 378 00be 08000000 		.4byte	.LVL0
 379 00c2 1F030000 		.4byte	0x31f
 380 00c6 06       		.uleb128 0x6
 381 00c7 0C000000 		.4byte	.LVL1
 382 00cb 2A030000 		.4byte	0x32a
 383 00cf 06       		.uleb128 0x6
 384 00d0 10000000 		.4byte	.LVL2
 385 00d4 35030000 		.4byte	0x335
 386 00d8 06       		.uleb128 0x6
 387 00d9 14000000 		.4byte	.LVL3
 388 00dd 40030000 		.4byte	0x340
 389 00e1 07       		.uleb128 0x7
 390 00e2 1A000000 		.4byte	.LVL4
 391 00e6 4B030000 		.4byte	0x34b
 392 00ea F4000000 		.4byte	0xf4
 393 00ee 08       		.uleb128 0x8
 394 00ef 01       		.uleb128 0x1
 395 00f0 50       		.byte	0x50
 396 00f1 01       		.uleb128 0x1
 397 00f2 30       		.byte	0x30
 398 00f3 00       		.byte	0
 399 00f4 07       		.uleb128 0x7
 400 00f5 20000000 		.4byte	.LVL5
 401 00f9 56030000 		.4byte	0x356
 402 00fd 07010000 		.4byte	0x107
 403 0101 08       		.uleb128 0x8
 404 0102 01       		.uleb128 0x1
 405 0103 50       		.byte	0x50
 406 0104 01       		.uleb128 0x1
 407 0105 30       		.byte	0x30
 408 0106 00       		.byte	0
 409 0107 07       		.uleb128 0x7
 410 0108 26000000 		.4byte	.LVL6
 411 010c 61030000 		.4byte	0x361
ARM GAS  C:\Users\ESTEBAN\AppData\Local\Temp\ccEYsSQy.s 			page 10


 412 0110 1A010000 		.4byte	0x11a
 413 0114 08       		.uleb128 0x8
 414 0115 01       		.uleb128 0x1
 415 0116 50       		.byte	0x50
 416 0117 01       		.uleb128 0x1
 417 0118 30       		.byte	0x30
 418 0119 00       		.byte	0
 419 011a 07       		.uleb128 0x7
 420 011b 2C000000 		.4byte	.LVL7
 421 011f 6C030000 		.4byte	0x36c
 422 0123 2D010000 		.4byte	0x12d
 423 0127 08       		.uleb128 0x8
 424 0128 01       		.uleb128 0x1
 425 0129 50       		.byte	0x50
 426 012a 01       		.uleb128 0x1
 427 012b 30       		.byte	0x30
 428 012c 00       		.byte	0
 429 012d 06       		.uleb128 0x6
 430 012e 30000000 		.4byte	.LVL8
 431 0132 77030000 		.4byte	0x377
 432 0136 07       		.uleb128 0x7
 433 0137 70000000 		.4byte	.LVL9
 434 013b 82030000 		.4byte	0x382
 435 013f 49010000 		.4byte	0x149
 436 0143 08       		.uleb128 0x8
 437 0144 01       		.uleb128 0x1
 438 0145 50       		.byte	0x50
 439 0146 01       		.uleb128 0x1
 440 0147 31       		.byte	0x31
 441 0148 00       		.byte	0
 442 0149 06       		.uleb128 0x6
 443 014a 78000000 		.4byte	.LVL10
 444 014e 4B030000 		.4byte	0x34b
 445 0152 07       		.uleb128 0x7
 446 0153 7E000000 		.4byte	.LVL11
 447 0157 56030000 		.4byte	0x356
 448 015b 65010000 		.4byte	0x165
 449 015f 08       		.uleb128 0x8
 450 0160 01       		.uleb128 0x1
 451 0161 50       		.byte	0x50
 452 0162 01       		.uleb128 0x1
 453 0163 30       		.byte	0x30
 454 0164 00       		.byte	0
 455 0165 07       		.uleb128 0x7
 456 0166 84000000 		.4byte	.LVL12
 457 016a 61030000 		.4byte	0x361
 458 016e 78010000 		.4byte	0x178
 459 0172 08       		.uleb128 0x8
 460 0173 01       		.uleb128 0x1
 461 0174 50       		.byte	0x50
 462 0175 01       		.uleb128 0x1
 463 0176 30       		.byte	0x30
 464 0177 00       		.byte	0
 465 0178 06       		.uleb128 0x6
 466 0179 8A000000 		.4byte	.LVL13
 467 017d 6C030000 		.4byte	0x36c
 468 0181 07       		.uleb128 0x7
ARM GAS  C:\Users\ESTEBAN\AppData\Local\Temp\ccEYsSQy.s 			page 11


 469 0182 96000000 		.4byte	.LVL14
 470 0186 82030000 		.4byte	0x382
 471 018a 94010000 		.4byte	0x194
 472 018e 08       		.uleb128 0x8
 473 018f 01       		.uleb128 0x1
 474 0190 50       		.byte	0x50
 475 0191 01       		.uleb128 0x1
 476 0192 30       		.byte	0x30
 477 0193 00       		.byte	0
 478 0194 07       		.uleb128 0x7
 479 0195 9C000000 		.4byte	.LVL15
 480 0199 4B030000 		.4byte	0x34b
 481 019d A7010000 		.4byte	0x1a7
 482 01a1 08       		.uleb128 0x8
 483 01a2 01       		.uleb128 0x1
 484 01a3 50       		.byte	0x50
 485 01a4 01       		.uleb128 0x1
 486 01a5 30       		.byte	0x30
 487 01a6 00       		.byte	0
 488 01a7 06       		.uleb128 0x6
 489 01a8 A4000000 		.4byte	.LVL16
 490 01ac 56030000 		.4byte	0x356
 491 01b0 06       		.uleb128 0x6
 492 01b1 AA000000 		.4byte	.LVL17
 493 01b5 61030000 		.4byte	0x361
 494 01b9 07       		.uleb128 0x7
 495 01ba B0000000 		.4byte	.LVL18
 496 01be 6C030000 		.4byte	0x36c
 497 01c2 CC010000 		.4byte	0x1cc
 498 01c6 08       		.uleb128 0x8
 499 01c7 01       		.uleb128 0x1
 500 01c8 50       		.byte	0x50
 501 01c9 01       		.uleb128 0x1
 502 01ca 30       		.byte	0x30
 503 01cb 00       		.byte	0
 504 01cc 07       		.uleb128 0x7
 505 01cd BC000000 		.4byte	.LVL19
 506 01d1 82030000 		.4byte	0x382
 507 01d5 DF010000 		.4byte	0x1df
 508 01d9 08       		.uleb128 0x8
 509 01da 01       		.uleb128 0x1
 510 01db 50       		.byte	0x50
 511 01dc 01       		.uleb128 0x1
 512 01dd 30       		.byte	0x30
 513 01de 00       		.byte	0
 514 01df 06       		.uleb128 0x6
 515 01e0 C4000000 		.4byte	.LVL20
 516 01e4 4B030000 		.4byte	0x34b
 517 01e8 07       		.uleb128 0x7
 518 01e9 CA000000 		.4byte	.LVL21
 519 01ed 56030000 		.4byte	0x356
 520 01f1 FB010000 		.4byte	0x1fb
 521 01f5 08       		.uleb128 0x8
 522 01f6 01       		.uleb128 0x1
 523 01f7 50       		.byte	0x50
 524 01f8 01       		.uleb128 0x1
 525 01f9 30       		.byte	0x30
ARM GAS  C:\Users\ESTEBAN\AppData\Local\Temp\ccEYsSQy.s 			page 12


 526 01fa 00       		.byte	0
 527 01fb 06       		.uleb128 0x6
 528 01fc D0000000 		.4byte	.LVL22
 529 0200 61030000 		.4byte	0x361
 530 0204 07       		.uleb128 0x7
 531 0205 D6000000 		.4byte	.LVL23
 532 0209 6C030000 		.4byte	0x36c
 533 020d 17020000 		.4byte	0x217
 534 0211 08       		.uleb128 0x8
 535 0212 01       		.uleb128 0x1
 536 0213 50       		.byte	0x50
 537 0214 01       		.uleb128 0x1
 538 0215 30       		.byte	0x30
 539 0216 00       		.byte	0
 540 0217 07       		.uleb128 0x7
 541 0218 E0000000 		.4byte	.LVL24
 542 021c 4B030000 		.4byte	0x34b
 543 0220 2A020000 		.4byte	0x22a
 544 0224 08       		.uleb128 0x8
 545 0225 01       		.uleb128 0x1
 546 0226 50       		.byte	0x50
 547 0227 01       		.uleb128 0x1
 548 0228 30       		.byte	0x30
 549 0229 00       		.byte	0
 550 022a 07       		.uleb128 0x7
 551 022b E6000000 		.4byte	.LVL25
 552 022f 56030000 		.4byte	0x356
 553 0233 3D020000 		.4byte	0x23d
 554 0237 08       		.uleb128 0x8
 555 0238 01       		.uleb128 0x1
 556 0239 50       		.byte	0x50
 557 023a 01       		.uleb128 0x1
 558 023b 30       		.byte	0x30
 559 023c 00       		.byte	0
 560 023d 07       		.uleb128 0x7
 561 023e EC000000 		.4byte	.LVL26
 562 0242 61030000 		.4byte	0x361
 563 0246 50020000 		.4byte	0x250
 564 024a 08       		.uleb128 0x8
 565 024b 01       		.uleb128 0x1
 566 024c 50       		.byte	0x50
 567 024d 01       		.uleb128 0x1
 568 024e 30       		.byte	0x30
 569 024f 00       		.byte	0
 570 0250 07       		.uleb128 0x7
 571 0251 F2000000 		.4byte	.LVL27
 572 0255 6C030000 		.4byte	0x36c
 573 0259 63020000 		.4byte	0x263
 574 025d 08       		.uleb128 0x8
 575 025e 01       		.uleb128 0x1
 576 025f 50       		.byte	0x50
 577 0260 01       		.uleb128 0x1
 578 0261 30       		.byte	0x30
 579 0262 00       		.byte	0
 580 0263 06       		.uleb128 0x6
 581 0264 F6000000 		.4byte	.LVL28
 582 0268 8D030000 		.4byte	0x38d
ARM GAS  C:\Users\ESTEBAN\AppData\Local\Temp\ccEYsSQy.s 			page 13


 583 026c 07       		.uleb128 0x7
 584 026d 00010000 		.4byte	.LVL29
 585 0271 98030000 		.4byte	0x398
 586 0275 83020000 		.4byte	0x283
 587 0279 08       		.uleb128 0x8
 588 027a 01       		.uleb128 0x1
 589 027b 50       		.byte	0x50
 590 027c 05       		.uleb128 0x5
 591 027d 03       		.byte	0x3
 592 027e 00000000 		.4byte	.LC0
 593 0282 00       		.byte	0
 594 0283 07       		.uleb128 0x7
 595 0284 08010000 		.4byte	.LVL30
 596 0288 A3030000 		.4byte	0x3a3
 597 028c 98020000 		.4byte	0x298
 598 0290 08       		.uleb128 0x8
 599 0291 01       		.uleb128 0x1
 600 0292 50       		.byte	0x50
 601 0293 03       		.uleb128 0x3
 602 0294 0A       		.byte	0xa
 603 0295 E803     		.2byte	0x3e8
 604 0297 00       		.byte	0
 605 0298 06       		.uleb128 0x6
 606 0299 0C010000 		.4byte	.LVL31
 607 029d AE030000 		.4byte	0x3ae
 608 02a1 07       		.uleb128 0x7
 609 02a2 16010000 		.4byte	.LVL32
 610 02a6 98030000 		.4byte	0x398
 611 02aa B8020000 		.4byte	0x2b8
 612 02ae 08       		.uleb128 0x8
 613 02af 01       		.uleb128 0x1
 614 02b0 50       		.byte	0x50
 615 02b1 05       		.uleb128 0x5
 616 02b2 03       		.byte	0x3
 617 02b3 04000000 		.4byte	.LC1
 618 02b7 00       		.byte	0
 619 02b8 09       		.uleb128 0x9
 620 02b9 1E010000 		.4byte	.LVL33
 621 02bd A3030000 		.4byte	0x3a3
 622 02c1 08       		.uleb128 0x8
 623 02c2 01       		.uleb128 0x1
 624 02c3 50       		.byte	0x50
 625 02c4 03       		.uleb128 0x3
 626 02c5 0A       		.byte	0xa
 627 02c6 E803     		.2byte	0x3e8
 628 02c8 00       		.byte	0
 629 02c9 00       		.byte	0
 630 02ca 0A       		.uleb128 0xa
 631 02cb 21010000 		.4byte	.LASF16
 632 02cf 04       		.byte	0x4
 633 02d0 1207     		.2byte	0x712
 634 02d2 D6020000 		.4byte	0x2d6
 635 02d6 0B       		.uleb128 0xb
 636 02d7 76000000 		.4byte	0x76
 637 02db 0C       		.uleb128 0xc
 638 02dc 1C010000 		.4byte	.LASF17
 639 02e0 01       		.byte	0x1
ARM GAS  C:\Users\ESTEBAN\AppData\Local\Temp\ccEYsSQy.s 			page 14


 640 02e1 0E       		.byte	0xe
 641 02e2 8F000000 		.4byte	0x8f
 642 02e6 05       		.uleb128 0x5
 643 02e7 03       		.byte	0x3
 644 02e8 00000000 		.4byte	dato
 645 02ec 0C       		.uleb128 0xc
 646 02ed 17000000 		.4byte	.LASF18
 647 02f1 01       		.byte	0x1
 648 02f2 0E       		.byte	0xe
 649 02f3 8F000000 		.4byte	0x8f
 650 02f7 05       		.uleb128 0x5
 651 02f8 03       		.byte	0x3
 652 02f9 00000000 		.4byte	texto
 653 02fd 0C       		.uleb128 0xc
 654 02fe 3A010000 		.4byte	.LASF19
 655 0302 01       		.byte	0x1
 656 0303 10       		.byte	0x10
 657 0304 68000000 		.4byte	0x68
 658 0308 05       		.uleb128 0x5
 659 0309 03       		.byte	0x3
 660 030a 00000000 		.4byte	numero
 661 030e 0D       		.uleb128 0xd
 662 030f 50574D00 		.ascii	"PWM\000"
 663 0313 01       		.byte	0x1
 664 0314 11       		.byte	0x11
 665 0315 68000000 		.4byte	0x68
 666 0319 05       		.uleb128 0x5
 667 031a 03       		.byte	0x3
 668 031b 00000000 		.4byte	PWM
 669 031f 0E       		.uleb128 0xe
 670 0320 41010000 		.4byte	.LASF20
 671 0324 41010000 		.4byte	.LASF20
 672 0328 05       		.byte	0x5
 673 0329 92       		.byte	0x92
 674 032a 0E       		.uleb128 0xe
 675 032b 30020000 		.4byte	.LASF21
 676 032f 30020000 		.4byte	.LASF21
 677 0333 06       		.byte	0x6
 678 0334 92       		.byte	0x92
 679 0335 0E       		.uleb128 0xe
 680 0336 DC000000 		.4byte	.LASF22
 681 033a DC000000 		.4byte	.LASF22
 682 033e 07       		.byte	0x7
 683 033f 27       		.byte	0x27
 684 0340 0E       		.uleb128 0xe
 685 0341 00000000 		.4byte	.LASF23
 686 0345 00000000 		.4byte	.LASF23
 687 0349 08       		.byte	0x8
 688 034a 54       		.byte	0x54
 689 034b 0E       		.uleb128 0xe
 690 034c 7D010000 		.4byte	.LASF24
 691 0350 7D010000 		.4byte	.LASF24
 692 0354 06       		.byte	0x6
 693 0355 C7       		.byte	0xc7
 694 0356 0E       		.uleb128 0xe
 695 0357 8F010000 		.4byte	.LASF25
 696 035b 8F010000 		.4byte	.LASF25
ARM GAS  C:\Users\ESTEBAN\AppData\Local\Temp\ccEYsSQy.s 			page 15


 697 035f 06       		.byte	0x6
 698 0360 CA       		.byte	0xca
 699 0361 0E       		.uleb128 0xe
 700 0362 6C020000 		.4byte	.LASF26
 701 0366 6C020000 		.4byte	.LASF26
 702 036a 05       		.byte	0x5
 703 036b C7       		.byte	0xc7
 704 036c 0E       		.uleb128 0xe
 705 036d 1D000000 		.4byte	.LASF27
 706 0371 1D000000 		.4byte	.LASF27
 707 0375 05       		.byte	0x5
 708 0376 CA       		.byte	0xca
 709 0377 0E       		.uleb128 0xe
 710 0378 A1010000 		.4byte	.LASF28
 711 037c A1010000 		.4byte	.LASF28
 712 0380 08       		.byte	0x8
 713 0381 71       		.byte	0x71
 714 0382 0E       		.uleb128 0xe
 715 0383 30000000 		.4byte	.LASF29
 716 0387 30000000 		.4byte	.LASF29
 717 038b 09       		.byte	0x9
 718 038c 26       		.byte	0x26
 719 038d 0E       		.uleb128 0xe
 720 038e 0F010000 		.4byte	.LASF30
 721 0392 0F010000 		.4byte	.LASF30
 722 0396 0A       		.byte	0xa
 723 0397 29       		.byte	0x29
 724 0398 0E       		.uleb128 0xe
 725 0399 5B020000 		.4byte	.LASF31
 726 039d 5B020000 		.4byte	.LASF31
 727 03a1 08       		.byte	0x8
 728 03a2 8B       		.byte	0x8b
 729 03a3 0E       		.uleb128 0xe
 730 03a4 7F020000 		.4byte	.LASF32
 731 03a8 7F020000 		.4byte	.LASF32
 732 03ac 0B       		.byte	0xb
 733 03ad 76       		.byte	0x76
 734 03ae 0E       		.uleb128 0xe
 735 03af 70010000 		.4byte	.LASF33
 736 03b3 70010000 		.4byte	.LASF33
 737 03b7 0C       		.byte	0xc
 738 03b8 29       		.byte	0x29
 739 03b9 00       		.byte	0
 740              		.section	.debug_abbrev,"",%progbits
 741              	.Ldebug_abbrev0:
 742 0000 01       		.uleb128 0x1
 743 0001 11       		.uleb128 0x11
 744 0002 01       		.byte	0x1
 745 0003 25       		.uleb128 0x25
 746 0004 0E       		.uleb128 0xe
 747 0005 13       		.uleb128 0x13
 748 0006 0B       		.uleb128 0xb
 749 0007 03       		.uleb128 0x3
 750 0008 0E       		.uleb128 0xe
 751 0009 1B       		.uleb128 0x1b
 752 000a 0E       		.uleb128 0xe
 753 000b 55       		.uleb128 0x55
ARM GAS  C:\Users\ESTEBAN\AppData\Local\Temp\ccEYsSQy.s 			page 16


 754 000c 17       		.uleb128 0x17
 755 000d 11       		.uleb128 0x11
 756 000e 01       		.uleb128 0x1
 757 000f 10       		.uleb128 0x10
 758 0010 17       		.uleb128 0x17
 759 0011 00       		.byte	0
 760 0012 00       		.byte	0
 761 0013 02       		.uleb128 0x2
 762 0014 24       		.uleb128 0x24
 763 0015 00       		.byte	0
 764 0016 0B       		.uleb128 0xb
 765 0017 0B       		.uleb128 0xb
 766 0018 3E       		.uleb128 0x3e
 767 0019 0B       		.uleb128 0xb
 768 001a 03       		.uleb128 0x3
 769 001b 0E       		.uleb128 0xe
 770 001c 00       		.byte	0
 771 001d 00       		.byte	0
 772 001e 03       		.uleb128 0x3
 773 001f 16       		.uleb128 0x16
 774 0020 00       		.byte	0
 775 0021 03       		.uleb128 0x3
 776 0022 0E       		.uleb128 0xe
 777 0023 3A       		.uleb128 0x3a
 778 0024 0B       		.uleb128 0xb
 779 0025 3B       		.uleb128 0x3b
 780 0026 0B       		.uleb128 0xb
 781 0027 49       		.uleb128 0x49
 782 0028 13       		.uleb128 0x13
 783 0029 00       		.byte	0
 784 002a 00       		.byte	0
 785 002b 04       		.uleb128 0x4
 786 002c 24       		.uleb128 0x24
 787 002d 00       		.byte	0
 788 002e 0B       		.uleb128 0xb
 789 002f 0B       		.uleb128 0xb
 790 0030 3E       		.uleb128 0x3e
 791 0031 0B       		.uleb128 0xb
 792 0032 03       		.uleb128 0x3
 793 0033 08       		.uleb128 0x8
 794 0034 00       		.byte	0
 795 0035 00       		.byte	0
 796 0036 05       		.uleb128 0x5
 797 0037 2E       		.uleb128 0x2e
 798 0038 01       		.byte	0x1
 799 0039 3F       		.uleb128 0x3f
 800 003a 19       		.uleb128 0x19
 801 003b 03       		.uleb128 0x3
 802 003c 0E       		.uleb128 0xe
 803 003d 3A       		.uleb128 0x3a
 804 003e 0B       		.uleb128 0xb
 805 003f 3B       		.uleb128 0x3b
 806 0040 0B       		.uleb128 0xb
 807 0041 27       		.uleb128 0x27
 808 0042 19       		.uleb128 0x19
 809 0043 49       		.uleb128 0x49
 810 0044 13       		.uleb128 0x13
ARM GAS  C:\Users\ESTEBAN\AppData\Local\Temp\ccEYsSQy.s 			page 17


 811 0045 8701     		.uleb128 0x87
 812 0047 19       		.uleb128 0x19
 813 0048 11       		.uleb128 0x11
 814 0049 01       		.uleb128 0x1
 815 004a 12       		.uleb128 0x12
 816 004b 06       		.uleb128 0x6
 817 004c 40       		.uleb128 0x40
 818 004d 18       		.uleb128 0x18
 819 004e 9742     		.uleb128 0x2117
 820 0050 19       		.uleb128 0x19
 821 0051 01       		.uleb128 0x1
 822 0052 13       		.uleb128 0x13
 823 0053 00       		.byte	0
 824 0054 00       		.byte	0
 825 0055 06       		.uleb128 0x6
 826 0056 898201   		.uleb128 0x4109
 827 0059 00       		.byte	0
 828 005a 11       		.uleb128 0x11
 829 005b 01       		.uleb128 0x1
 830 005c 31       		.uleb128 0x31
 831 005d 13       		.uleb128 0x13
 832 005e 00       		.byte	0
 833 005f 00       		.byte	0
 834 0060 07       		.uleb128 0x7
 835 0061 898201   		.uleb128 0x4109
 836 0064 01       		.byte	0x1
 837 0065 11       		.uleb128 0x11
 838 0066 01       		.uleb128 0x1
 839 0067 31       		.uleb128 0x31
 840 0068 13       		.uleb128 0x13
 841 0069 01       		.uleb128 0x1
 842 006a 13       		.uleb128 0x13
 843 006b 00       		.byte	0
 844 006c 00       		.byte	0
 845 006d 08       		.uleb128 0x8
 846 006e 8A8201   		.uleb128 0x410a
 847 0071 00       		.byte	0
 848 0072 02       		.uleb128 0x2
 849 0073 18       		.uleb128 0x18
 850 0074 9142     		.uleb128 0x2111
 851 0076 18       		.uleb128 0x18
 852 0077 00       		.byte	0
 853 0078 00       		.byte	0
 854 0079 09       		.uleb128 0x9
 855 007a 898201   		.uleb128 0x4109
 856 007d 01       		.byte	0x1
 857 007e 11       		.uleb128 0x11
 858 007f 01       		.uleb128 0x1
 859 0080 31       		.uleb128 0x31
 860 0081 13       		.uleb128 0x13
 861 0082 00       		.byte	0
 862 0083 00       		.byte	0
 863 0084 0A       		.uleb128 0xa
 864 0085 34       		.uleb128 0x34
 865 0086 00       		.byte	0
 866 0087 03       		.uleb128 0x3
 867 0088 0E       		.uleb128 0xe
ARM GAS  C:\Users\ESTEBAN\AppData\Local\Temp\ccEYsSQy.s 			page 18


 868 0089 3A       		.uleb128 0x3a
 869 008a 0B       		.uleb128 0xb
 870 008b 3B       		.uleb128 0x3b
 871 008c 05       		.uleb128 0x5
 872 008d 49       		.uleb128 0x49
 873 008e 13       		.uleb128 0x13
 874 008f 3F       		.uleb128 0x3f
 875 0090 19       		.uleb128 0x19
 876 0091 3C       		.uleb128 0x3c
 877 0092 19       		.uleb128 0x19
 878 0093 00       		.byte	0
 879 0094 00       		.byte	0
 880 0095 0B       		.uleb128 0xb
 881 0096 35       		.uleb128 0x35
 882 0097 00       		.byte	0
 883 0098 49       		.uleb128 0x49
 884 0099 13       		.uleb128 0x13
 885 009a 00       		.byte	0
 886 009b 00       		.byte	0
 887 009c 0C       		.uleb128 0xc
 888 009d 34       		.uleb128 0x34
 889 009e 00       		.byte	0
 890 009f 03       		.uleb128 0x3
 891 00a0 0E       		.uleb128 0xe
 892 00a1 3A       		.uleb128 0x3a
 893 00a2 0B       		.uleb128 0xb
 894 00a3 3B       		.uleb128 0x3b
 895 00a4 0B       		.uleb128 0xb
 896 00a5 49       		.uleb128 0x49
 897 00a6 13       		.uleb128 0x13
 898 00a7 3F       		.uleb128 0x3f
 899 00a8 19       		.uleb128 0x19
 900 00a9 02       		.uleb128 0x2
 901 00aa 18       		.uleb128 0x18
 902 00ab 00       		.byte	0
 903 00ac 00       		.byte	0
 904 00ad 0D       		.uleb128 0xd
 905 00ae 34       		.uleb128 0x34
 906 00af 00       		.byte	0
 907 00b0 03       		.uleb128 0x3
 908 00b1 08       		.uleb128 0x8
 909 00b2 3A       		.uleb128 0x3a
 910 00b3 0B       		.uleb128 0xb
 911 00b4 3B       		.uleb128 0x3b
 912 00b5 0B       		.uleb128 0xb
 913 00b6 49       		.uleb128 0x49
 914 00b7 13       		.uleb128 0x13
 915 00b8 3F       		.uleb128 0x3f
 916 00b9 19       		.uleb128 0x19
 917 00ba 02       		.uleb128 0x2
 918 00bb 18       		.uleb128 0x18
 919 00bc 00       		.byte	0
 920 00bd 00       		.byte	0
 921 00be 0E       		.uleb128 0xe
 922 00bf 2E       		.uleb128 0x2e
 923 00c0 00       		.byte	0
 924 00c1 3F       		.uleb128 0x3f
ARM GAS  C:\Users\ESTEBAN\AppData\Local\Temp\ccEYsSQy.s 			page 19


 925 00c2 19       		.uleb128 0x19
 926 00c3 3C       		.uleb128 0x3c
 927 00c4 19       		.uleb128 0x19
 928 00c5 6E       		.uleb128 0x6e
 929 00c6 0E       		.uleb128 0xe
 930 00c7 03       		.uleb128 0x3
 931 00c8 0E       		.uleb128 0xe
 932 00c9 3A       		.uleb128 0x3a
 933 00ca 0B       		.uleb128 0xb
 934 00cb 3B       		.uleb128 0x3b
 935 00cc 0B       		.uleb128 0xb
 936 00cd 00       		.byte	0
 937 00ce 00       		.byte	0
 938 00cf 00       		.byte	0
 939              		.section	.debug_aranges,"",%progbits
 940 0000 1C000000 		.4byte	0x1c
 941 0004 0200     		.2byte	0x2
 942 0006 00000000 		.4byte	.Ldebug_info0
 943 000a 04       		.byte	0x4
 944 000b 00       		.byte	0
 945 000c 0000     		.2byte	0
 946 000e 0000     		.2byte	0
 947 0010 00000000 		.4byte	.LFB63
 948 0014 34010000 		.4byte	.LFE63-.LFB63
 949 0018 00000000 		.4byte	0
 950 001c 00000000 		.4byte	0
 951              		.section	.debug_ranges,"",%progbits
 952              	.Ldebug_ranges0:
 953 0000 00000000 		.4byte	.LFB63
 954 0004 34010000 		.4byte	.LFE63
 955 0008 00000000 		.4byte	0
 956 000c 00000000 		.4byte	0
 957              		.section	.debug_line,"",%progbits
 958              	.Ldebug_line0:
 959 0000 DE010000 		.section	.debug_str,"MS",%progbits,1
 959      02009901 
 959      00000201 
 959      FB0E0D00 
 959      01010101 
 960              	.LASF23:
 961 0000 55415254 		.ascii	"UART_1_Start\000"
 961      5F315F53 
 961      74617274 
 961      00
 962              	.LASF9:
 963 000d 5F5F696E 		.ascii	"__int32_t\000"
 963      7433325F 
 963      7400
 964              	.LASF18:
 965 0017 74657874 		.ascii	"texto\000"
 965      6F00
 966              	.LASF27:
 967 001d 50574D31 		.ascii	"PWM1_WriteCompare2\000"
 967      5F577269 
 967      7465436F 
 967      6D706172 
 967      653200
ARM GAS  C:\Users\ESTEBAN\AppData\Local\Temp\ccEYsSQy.s 			page 20


 968              	.LASF29:
 969 0030 6C65645F 		.ascii	"led_Write\000"
 969      57726974 
 969      6500
 970              	.LASF11:
 971 003a 666C6F61 		.ascii	"float\000"
 971      7400
 972              	.LASF1:
 973 0040 756E7369 		.ascii	"unsigned char\000"
 973      676E6564 
 973      20636861 
 973      7200
 974              	.LASF34:
 975 004e 474E5520 		.ascii	"GNU C11 5.4.1 20160609 (release) [ARM/embedded-5-br"
 975      43313120 
 975      352E342E 
 975      31203230 
 975      31363036 
 976 0081 616E6368 		.ascii	"anch revision 237715] -mcpu=cortex-m3 -mthumb -g -O"
 976      20726576 
 976      6973696F 
 976      6E203233 
 976      37373135 
 977 00b4 67202D66 		.ascii	"g -ffunction-sections -ffat-lto-objects\000"
 977      66756E63 
 977      74696F6E 
 977      2D736563 
 977      74696F6E 
 978              	.LASF22:
 979 00dc 436C6F63 		.ascii	"Clock_1_Start\000"
 979      6B5F315F 
 979      53746172 
 979      7400
 980              	.LASF5:
 981 00ea 6C6F6E67 		.ascii	"long unsigned int\000"
 981      20756E73 
 981      69676E65 
 981      6420696E 
 981      7400
 982              	.LASF3:
 983 00fc 73686F72 		.ascii	"short unsigned int\000"
 983      7420756E 
 983      7369676E 
 983      65642069 
 983      6E7400
 984              	.LASF30:
 985 010f 66696C74 		.ascii	"filtro1_Read\000"
 985      726F315F 
 985      52656164 
 985      00
 986              	.LASF17:
 987 011c 6461746F 		.ascii	"dato\000"
 987      00
 988              	.LASF16:
 989 0121 49544D5F 		.ascii	"ITM_RxBuffer\000"
 989      52784275 
 989      66666572 
ARM GAS  C:\Users\ESTEBAN\AppData\Local\Temp\ccEYsSQy.s 			page 21


 989      00
 990              	.LASF12:
 991 012e 646F7562 		.ascii	"double\000"
 991      6C6500
 992              	.LASF37:
 993 0135 6D61696E 		.ascii	"main\000"
 993      00
 994              	.LASF19:
 995 013a 6E756D65 		.ascii	"numero\000"
 995      726F00
 996              	.LASF20:
 997 0141 50574D31 		.ascii	"PWM1_Start\000"
 997      5F537461 
 997      727400
 998              	.LASF8:
 999 014c 756E7369 		.ascii	"unsigned int\000"
 999      676E6564 
 999      20696E74 
 999      00
 1000              	.LASF7:
 1001 0159 6C6F6E67 		.ascii	"long long unsigned int\000"
 1001      206C6F6E 
 1001      6720756E 
 1001      7369676E 
 1001      65642069 
 1002              	.LASF33:
 1003 0170 66696C74 		.ascii	"filtro2_Read\000"
 1003      726F325F 
 1003      52656164 
 1003      00
 1004              	.LASF24:
 1005 017d 50574D5F 		.ascii	"PWM_WriteCompare1\000"
 1005      57726974 
 1005      65436F6D 
 1005      70617265 
 1005      3100
 1006              	.LASF25:
 1007 018f 50574D5F 		.ascii	"PWM_WriteCompare2\000"
 1007      57726974 
 1007      65436F6D 
 1007      70617265 
 1007      3200
 1008              	.LASF28:
 1009 01a1 55415254 		.ascii	"UART_1_GetChar\000"
 1009      5F315F47 
 1009      65744368 
 1009      617200
 1010              	.LASF36:
 1011 01b0 443A5C55 		.ascii	"D:\\Users\\ESTEBAN\\Desktop\\Materias\\Codigos\\Psc"
 1011      73657273 
 1011      5C455354 
 1011      4542414E 
 1011      5C446573 
 1012 01dd 6F635C63 		.ascii	"oc\\carro\\carro\\Design01.cydsn\000"
 1012      6172726F 
 1012      5C636172 
 1012      726F5C44 
ARM GAS  C:\Users\ESTEBAN\AppData\Local\Temp\ccEYsSQy.s 			page 22


 1012      65736967 
 1013              	.LASF10:
 1014 01fb 696E7433 		.ascii	"int32_t\000"
 1014      325F7400 
 1015              	.LASF15:
 1016 0203 73697A65 		.ascii	"sizetype\000"
 1016      74797065 
 1016      00
 1017              	.LASF6:
 1018 020c 6C6F6E67 		.ascii	"long long int\000"
 1018      206C6F6E 
 1018      6720696E 
 1018      7400
 1019              	.LASF35:
 1020 021a 6D61696E 		.ascii	"main.c\000"
 1020      2E6300
 1021              	.LASF13:
 1022 0221 63686172 		.ascii	"char\000"
 1022      00
 1023              	.LASF2:
 1024 0226 73686F72 		.ascii	"short int\000"
 1024      7420696E 
 1024      7400
 1025              	.LASF21:
 1026 0230 50574D5F 		.ascii	"PWM_Start\000"
 1026      53746172 
 1026      7400
 1027              	.LASF4:
 1028 023a 6C6F6E67 		.ascii	"long int\000"
 1028      20696E74 
 1028      00
 1029              	.LASF14:
 1030 0243 6C6F6E67 		.ascii	"long double\000"
 1030      20646F75 
 1030      626C6500 
 1031              	.LASF0:
 1032 024f 7369676E 		.ascii	"signed char\000"
 1032      65642063 
 1032      68617200 
 1033              	.LASF31:
 1034 025b 55415254 		.ascii	"UART_1_PutString\000"
 1034      5F315F50 
 1034      75745374 
 1034      72696E67 
 1034      00
 1035              	.LASF26:
 1036 026c 50574D31 		.ascii	"PWM1_WriteCompare1\000"
 1036      5F577269 
 1036      7465436F 
 1036      6D706172 
 1036      653100
 1037              	.LASF32:
 1038 027f 43794465 		.ascii	"CyDelay\000"
 1038      6C617900 
 1039              		.ident	"GCC: (GNU Tools for ARM Embedded Processors) 5.4.1 20160609 (release) [ARM/embedded-5-bran
