ARM GAS  C:\Users\ESTEBAN\AppData\Local\Temp\ccNW8s3r.s 			page 1


   1              		.syntax unified
   2              		.cpu cortex-m3
   3              		.fpu softvfp
   4              		.eabi_attribute 20, 1
   5              		.eabi_attribute 21, 1
   6              		.eabi_attribute 23, 3
   7              		.eabi_attribute 24, 1
   8              		.eabi_attribute 25, 1
   9              		.eabi_attribute 26, 1
  10              		.eabi_attribute 30, 1
  11              		.eabi_attribute 34, 1
  12              		.eabi_attribute 18, 4
  13              		.thumb
  14              		.syntax unified
  15              		.file	"cymetadata.c"
  16              		.text
  17              	.Ltext0:
  18              		.cfi_sections	.debug_frame
  19              		.global	cy_metadata
  20              		.global	cy_meta_flashprotect
  21              		.global	cy_meta_wonvl
  22              		.global	cy_meta_custnvl
  23              		.global	cy_meta_configecc
  24              		.section	.cyconfigecc,"a",%progbits
  25              		.align	2
  26              		.type	cy_meta_configecc, %object
  27              		.size	cy_meta_configecc, 820
  28              	cy_meta_configecc:
  29 0000 02       		.byte	2
  30 0001 52       		.byte	82
  31 0002 00       		.byte	0
  32 0003 40       		.byte	64
  33 0004 03       		.byte	3
  34 0005 65       		.byte	101
  35 0006 00       		.byte	0
  36 0007 40       		.byte	64
  37 0008 01       		.byte	1
  38 0009 05       		.byte	5
  39 000a 01       		.byte	1
  40 000b 40       		.byte	64
  41 000c 02       		.byte	2
  42 000d 07       		.byte	7
  43 000e 01       		.byte	1
  44 000f 40       		.byte	64
  45 0010 01       		.byte	1
  46 0011 09       		.byte	9
  47 0012 01       		.byte	1
  48 0013 40       		.byte	64
  49 0014 01       		.byte	1
  50 0015 0B       		.byte	11
  51 0016 01       		.byte	1
  52 0017 40       		.byte	64
  53 0018 04       		.byte	4
  54 0019 16       		.byte	22
  55 001a 01       		.byte	1
  56 001b 40       		.byte	64
  57 001c 02       		.byte	2
ARM GAS  C:\Users\ESTEBAN\AppData\Local\Temp\ccNW8s3r.s 			page 2


  58 001d 17       		.byte	23
  59 001e 01       		.byte	1
  60 001f 40       		.byte	64
  61 0020 69       		.byte	105
  62 0021 18       		.byte	24
  63 0022 01       		.byte	1
  64 0023 40       		.byte	64
  65 0024 36       		.byte	54
  66 0025 19       		.byte	25
  67 0026 01       		.byte	1
  68 0027 40       		.byte	64
  69 0028 15       		.byte	21
  70 0029 1A       		.byte	26
  71 002a 01       		.byte	1
  72 002b 40       		.byte	64
  73 002c 40       		.byte	64
  74 002d 1B       		.byte	27
  75 002e 01       		.byte	1
  76 002f 40       		.byte	64
  77 0030 02       		.byte	2
  78 0031 42       		.byte	66
  79 0032 01       		.byte	1
  80 0033 40       		.byte	64
  81 0034 01       		.byte	1
  82 0035 43       		.byte	67
  83 0036 01       		.byte	1
  84 0037 40       		.byte	64
  85 0038 02       		.byte	2
  86 0039 44       		.byte	68
  87 003a 01       		.byte	1
  88 003b 40       		.byte	64
  89 003c 01       		.byte	1
  90 003d 45       		.byte	69
  91 003e 01       		.byte	1
  92 003f 40       		.byte	64
  93 0040 04       		.byte	4
  94 0041 46       		.byte	70
  95 0042 01       		.byte	1
  96 0043 40       		.byte	64
  97 0044 02       		.byte	2
  98 0045 47       		.byte	71
  99 0046 01       		.byte	1
 100 0047 40       		.byte	64
 101 0048 03       		.byte	3
 102 0049 48       		.byte	72
 103 004a 01       		.byte	1
 104 004b 40       		.byte	64
 105 004c 01       		.byte	1
 106 004d 4C       		.byte	76
 107 004e 01       		.byte	1
 108 004f 40       		.byte	64
 109 0050 07       		.byte	7
 110 0051 4D       		.byte	77
 111 0052 01       		.byte	1
 112 0053 40       		.byte	64
 113 0054 02       		.byte	2
 114 0055 50       		.byte	80
ARM GAS  C:\Users\ESTEBAN\AppData\Local\Temp\ccNW8s3r.s 			page 3


 115 0056 01       		.byte	1
 116 0057 40       		.byte	64
 117 0058 61       		.byte	97
 118 0059 80       		.byte	-128
 119 005a 64       		.byte	100
 120 005b 40       		.byte	64
 121 005c 88       		.byte	-120
 122 005d 0F       		.byte	15
 123 005e 8A       		.byte	-118
 124 005f 72       		.byte	114
 125 0060 8B       		.byte	-117
 126 0061 38       		.byte	56
 127 0062 E0       		.byte	-32
 128 0063 02       		.byte	2
 129 0064 85       		.byte	-123
 130 0065 40       		.byte	64
 131 0066 E4       		.byte	-28
 132 0067 08       		.byte	8
 133 0068 E4       		.byte	-28
 134 0069 08       		.byte	8
 135 006a E0       		.byte	-32
 136 006b 02       		.byte	2
 137 006c B8       		.byte	-72
 138 006d 80       		.byte	-128
 139 006e BE       		.byte	-66
 140 006f 40       		.byte	64
 141 0070 D8       		.byte	-40
 142 0071 04       		.byte	4
 143 0072 DF       		.byte	-33
 144 0073 01       		.byte	1
 145 0074 19       		.byte	25
 146 0075 40       		.byte	64
 147 0076 9D       		.byte	-99
 148 0077 40       		.byte	64
 149 0078 04       		.byte	4
 150 0079 20       		.byte	32
 151 007a 05       		.byte	5
 152 007b 53       		.byte	83
 153 007c 06       		.byte	6
 154 007d 03       		.byte	3
 155 007e 07       		.byte	7
 156 007f 04       		.byte	4
 157 0080 08       		.byte	8
 158 0081 0C       		.byte	12
 159 0082 09       		.byte	9
 160 0083 0A       		.byte	10
 161 0084 0A       		.byte	10
 162 0085 11       		.byte	17
 163 0086 0B       		.byte	11
 164 0087 54       		.byte	84
 165 0088 0C       		.byte	12
 166 0089 09       		.byte	9
 167 008a 0E       		.byte	14
 168 008b 10       		.byte	16
 169 008c 13       		.byte	19
 170 008d 08       		.byte	8
 171 008e 14       		.byte	20
ARM GAS  C:\Users\ESTEBAN\AppData\Local\Temp\ccNW8s3r.s 			page 4


 172 008f 1C       		.byte	28
 173 0090 15       		.byte	21
 174 0091 53       		.byte	83
 175 0092 16       		.byte	22
 176 0093 02       		.byte	2
 177 0094 17       		.byte	23
 178 0095 0C       		.byte	12
 179 0096 18       		.byte	24
 180 0097 14       		.byte	20
 181 0098 21       		.byte	33
 182 0099 20       		.byte	32
 183 009a 23       		.byte	35
 184 009b 45       		.byte	69
 185 009c 24       		.byte	36
 186 009d 10       		.byte	16
 187 009e 25       		.byte	37
 188 009f 03       		.byte	3
 189 00a0 27       		.byte	39
 190 00a1 44       		.byte	68
 191 00a2 28       		.byte	40
 192 00a3 10       		.byte	16
 193 00a4 29       		.byte	41
 194 00a5 80       		.byte	-128
 195 00a6 2A       		.byte	42
 196 00a7 0C       		.byte	12
 197 00a8 31       		.byte	49
 198 00a9 40       		.byte	64
 199 00aa 32       		.byte	50
 200 00ab 1F       		.byte	31
 201 00ac 33       		.byte	51
 202 00ad 0F       		.byte	15
 203 00ae 35       		.byte	53
 204 00af 80       		.byte	-128
 205 00b0 36       		.byte	54
 206 00b1 20       		.byte	32
 207 00b2 37       		.byte	55
 208 00b3 30       		.byte	48
 209 00b4 39       		.byte	57
 210 00b5 80       		.byte	-128
 211 00b6 3B       		.byte	59
 212 00b7 08       		.byte	8
 213 00b8 3E       		.byte	62
 214 00b9 40       		.byte	64
 215 00ba 3F       		.byte	63
 216 00bb 11       		.byte	17
 217 00bc 40       		.byte	64
 218 00bd 24       		.byte	36
 219 00be 41       		.byte	65
 220 00bf 06       		.byte	6
 221 00c0 45       		.byte	69
 222 00c1 0B       		.byte	11
 223 00c2 46       		.byte	70
 224 00c3 C0       		.byte	-64
 225 00c4 47       		.byte	71
 226 00c5 0E       		.byte	14
 227 00c6 48       		.byte	72
 228 00c7 19       		.byte	25
ARM GAS  C:\Users\ESTEBAN\AppData\Local\Temp\ccNW8s3r.s 			page 5


 229 00c8 49       		.byte	73
 230 00c9 FF       		.byte	-1
 231 00ca 4A       		.byte	74
 232 00cb FF       		.byte	-1
 233 00cc 4B       		.byte	75
 234 00cd FF       		.byte	-1
 235 00ce 4E       		.byte	78
 236 00cf F0       		.byte	-16
 237 00d0 4F       		.byte	79
 238 00d1 44       		.byte	68
 239 00d2 50       		.byte	80
 240 00d3 0C       		.byte	12
 241 00d4 54       		.byte	84
 242 00d5 01       		.byte	1
 243 00d6 58       		.byte	88
 244 00d7 04       		.byte	4
 245 00d8 59       		.byte	89
 246 00d9 04       		.byte	4
 247 00da 5A       		.byte	90
 248 00db 04       		.byte	4
 249 00dc 5B       		.byte	91
 250 00dd 04       		.byte	4
 251 00de 5C       		.byte	92
 252 00df 11       		.byte	17
 253 00e0 5D       		.byte	93
 254 00e1 11       		.byte	17
 255 00e2 5F       		.byte	95
 256 00e3 01       		.byte	1
 257 00e4 66       		.byte	102
 258 00e5 C0       		.byte	-64
 259 00e6 6A       		.byte	106
 260 00e7 40       		.byte	64
 261 00e8 6B       		.byte	107
 262 00e9 02       		.byte	2
 263 00ea 81       		.byte	-127
 264 00eb 02       		.byte	2
 265 00ec 83       		.byte	-125
 266 00ed 05       		.byte	5
 267 00ee 84       		.byte	-124
 268 00ef 31       		.byte	49
 269 00f0 85       		.byte	-123
 270 00f1 24       		.byte	36
 271 00f2 86       		.byte	-122
 272 00f3 0E       		.byte	14
 273 00f4 87       		.byte	-121
 274 00f5 12       		.byte	18
 275 00f6 89       		.byte	-119
 276 00f7 11       		.byte	17
 277 00f8 8B       		.byte	-117
 278 00f9 2A       		.byte	42
 279 00fa 8D       		.byte	-115
 280 00fb 40       		.byte	64
 281 00fc 8E       		.byte	-114
 282 00fd 4C       		.byte	76
 283 00fe 94       		.byte	-108
 284 00ff 6C       		.byte	108
 285 0100 95       		.byte	-107
ARM GAS  C:\Users\ESTEBAN\AppData\Local\Temp\ccNW8s3r.s 			page 6


 286 0101 77       		.byte	119
 287 0102 96       		.byte	-106
 288 0103 03       		.byte	3
 289 0104 99       		.byte	-103
 290 0105 77       		.byte	119
 291 0106 A2       		.byte	-94
 292 0107 13       		.byte	19
 293 0108 A6       		.byte	-90
 294 0109 08       		.byte	8
 295 010a A8       		.byte	-88
 296 010b 31       		.byte	49
 297 010c AA       		.byte	-86
 298 010d 46       		.byte	70
 299 010e B0       		.byte	-80
 300 010f 30       		.byte	48
 301 0110 B1       		.byte	-79
 302 0111 07       		.byte	7
 303 0112 B2       		.byte	-78
 304 0113 0F       		.byte	15
 305 0114 B3       		.byte	-77
 306 0115 30       		.byte	48
 307 0116 B4       		.byte	-76
 308 0117 4A       		.byte	74
 309 0118 B5       		.byte	-75
 310 0119 40       		.byte	64
 311 011a B7       		.byte	-73
 312 011b 08       		.byte	8
 313 011c B8       		.byte	-72
 314 011d 02       		.byte	2
 315 011e BA       		.byte	-70
 316 011f 28       		.byte	40
 317 0120 BE       		.byte	-66
 318 0121 01       		.byte	1
 319 0122 C0       		.byte	-64
 320 0123 04       		.byte	4
 321 0124 C6       		.byte	-58
 322 0125 40       		.byte	64
 323 0126 C9       		.byte	-55
 324 0127 FF       		.byte	-1
 325 0128 CA       		.byte	-54
 326 0129 07       		.byte	7
 327 012a CB       		.byte	-53
 328 012b FF       		.byte	-1
 329 012c CC       		.byte	-52
 330 012d 40       		.byte	64
 331 012e CD       		.byte	-51
 332 012f 20       		.byte	32
 333 0130 CE       		.byte	-50
 334 0131 F0       		.byte	-16
 335 0132 CF       		.byte	-49
 336 0133 05       		.byte	5
 337 0134 D0       		.byte	-48
 338 0135 08       		.byte	8
 339 0136 D8       		.byte	-40
 340 0137 04       		.byte	4
 341 0138 D9       		.byte	-39
 342 0139 04       		.byte	4
ARM GAS  C:\Users\ESTEBAN\AppData\Local\Temp\ccNW8s3r.s 			page 7


 343 013a DA       		.byte	-38
 344 013b 04       		.byte	4
 345 013c DC       		.byte	-36
 346 013d 11       		.byte	17
 347 013e DD       		.byte	-35
 348 013f 01       		.byte	1
 349 0140 DF       		.byte	-33
 350 0141 01       		.byte	1
 351 0142 E0       		.byte	-32
 352 0143 40       		.byte	64
 353 0144 E1       		.byte	-31
 354 0145 A8       		.byte	-88
 355 0146 E2       		.byte	-30
 356 0147 40       		.byte	64
 357 0148 E3       		.byte	-29
 358 0149 20       		.byte	32
 359 014a 00       		.byte	0
 360 014b 04       		.byte	4
 361 014c 03       		.byte	3
 362 014d 01       		.byte	1
 363 014e 05       		.byte	5
 364 014f 24       		.byte	36
 365 0150 07       		.byte	7
 366 0151 01       		.byte	1
 367 0152 0A       		.byte	10
 368 0153 10       		.byte	16
 369 0154 0E       		.byte	14
 370 0155 10       		.byte	16
 371 0156 0F       		.byte	15
 372 0157 08       		.byte	8
 373 0158 10       		.byte	16
 374 0159 80       		.byte	-128
 375 015a 12       		.byte	18
 376 015b 58       		.byte	88
 377 015c 16       		.byte	22
 378 015d 10       		.byte	16
 379 015e 17       		.byte	23
 380 015f 20       		.byte	32
 381 0160 18       		.byte	24
 382 0161 44       		.byte	68
 383 0162 19       		.byte	25
 384 0163 20       		.byte	32
 385 0164 1A       		.byte	26
 386 0165 10       		.byte	16
 387 0166 1D       		.byte	29
 388 0167 04       		.byte	4
 389 0168 1F       		.byte	31
 390 0169 40       		.byte	64
 391 016a 20       		.byte	32
 392 016b A8       		.byte	-88
 393 016c 21       		.byte	33
 394 016d 05       		.byte	5
 395 016e 22       		.byte	34
 396 016f 80       		.byte	-128
 397 0170 26       		.byte	38
 398 0171 08       		.byte	8
 399 0172 27       		.byte	39
ARM GAS  C:\Users\ESTEBAN\AppData\Local\Temp\ccNW8s3r.s 			page 8


 400 0173 A9       		.byte	-87
 401 0174 2C       		.byte	44
 402 0175 88       		.byte	-120
 403 0176 2F       		.byte	47
 404 0177 20       		.byte	32
 405 0178 33       		.byte	51
 406 0179 14       		.byte	20
 407 017a 36       		.byte	54
 408 017b 08       		.byte	8
 409 017c 37       		.byte	55
 410 017d 01       		.byte	1
 411 017e 39       		.byte	57
 412 017f 4A       		.byte	74
 413 0180 3A       		.byte	58
 414 0181 20       		.byte	32
 415 0182 3C       		.byte	60
 416 0183 04       		.byte	4
 417 0184 3E       		.byte	62
 418 0185 10       		.byte	16
 419 0186 40       		.byte	64
 420 0187 40       		.byte	64
 421 0188 46       		.byte	70
 422 0189 40       		.byte	64
 423 018a 47       		.byte	71
 424 018b 20       		.byte	32
 425 018c 48       		.byte	72
 426 018d 80       		.byte	-128
 427 018e 4D       		.byte	77
 428 018f 20       		.byte	32
 429 0190 4F       		.byte	79
 430 0191 08       		.byte	8
 431 0192 52       		.byte	82
 432 0193 10       		.byte	16
 433 0194 54       		.byte	84
 434 0195 08       		.byte	8
 435 0196 57       		.byte	87
 436 0197 20       		.byte	32
 437 0198 5D       		.byte	93
 438 0199 10       		.byte	16
 439 019a 5F       		.byte	95
 440 019b 89       		.byte	-119
 441 019c 80       		.byte	-128
 442 019d 08       		.byte	8
 443 019e 83       		.byte	-125
 444 019f 01       		.byte	1
 445 01a0 87       		.byte	-121
 446 01a1 40       		.byte	64
 447 01a2 C0       		.byte	-64
 448 01a3 E5       		.byte	-27
 449 01a4 C2       		.byte	-62
 450 01a5 64       		.byte	100
 451 01a6 C4       		.byte	-60
 452 01a7 6E       		.byte	110
 453 01a8 CA       		.byte	-54
 454 01a9 E0       		.byte	-32
 455 01aa CC       		.byte	-52
 456 01ab C6       		.byte	-58
ARM GAS  C:\Users\ESTEBAN\AppData\Local\Temp\ccNW8s3r.s 			page 9


 457 01ac CE       		.byte	-50
 458 01ad 6F       		.byte	111
 459 01ae D0       		.byte	-48
 460 01af A1       		.byte	-95
 461 01b0 D2       		.byte	-46
 462 01b1 20       		.byte	32
 463 01b2 D6       		.byte	-42
 464 01b3 F0       		.byte	-16
 465 01b4 E0       		.byte	-32
 466 01b5 08       		.byte	8
 467 01b6 82       		.byte	-126
 468 01b7 01       		.byte	1
 469 01b8 84       		.byte	-124
 470 01b9 04       		.byte	4
 471 01ba 8A       		.byte	-118
 472 01bb 02       		.byte	2
 473 01bc 8C       		.byte	-116
 474 01bd 04       		.byte	4
 475 01be 92       		.byte	-110
 476 01bf 04       		.byte	4
 477 01c0 96       		.byte	-106
 478 01c1 04       		.byte	4
 479 01c2 9A       		.byte	-102
 480 01c3 02       		.byte	2
 481 01c4 AA       		.byte	-86
 482 01c5 01       		.byte	1
 483 01c6 B2       		.byte	-78
 484 01c7 02       		.byte	2
 485 01c8 B4       		.byte	-76
 486 01c9 04       		.byte	4
 487 01ca B6       		.byte	-74
 488 01cb 01       		.byte	1
 489 01cc B8       		.byte	-72
 490 01cd 20       		.byte	32
 491 01ce BB       		.byte	-69
 492 01cf 02       		.byte	2
 493 01d0 BE       		.byte	-66
 494 01d1 44       		.byte	68
 495 01d2 D4       		.byte	-44
 496 01d3 18       		.byte	24
 497 01d4 D8       		.byte	-40
 498 01d5 04       		.byte	4
 499 01d6 D9       		.byte	-39
 500 01d7 04       		.byte	4
 501 01d8 DB       		.byte	-37
 502 01d9 04       		.byte	4
 503 01da DC       		.byte	-36
 504 01db 11       		.byte	17
 505 01dc DD       		.byte	-35
 506 01dd 10       		.byte	16
 507 01de DF       		.byte	-33
 508 01df 01       		.byte	1
 509 01e0 00       		.byte	0
 510 01e1 A8       		.byte	-88
 511 01e2 02       		.byte	2
 512 01e3 04       		.byte	4
 513 01e4 03       		.byte	3
ARM GAS  C:\Users\ESTEBAN\AppData\Local\Temp\ccNW8s3r.s 			page 10


 514 01e5 42       		.byte	66
 515 01e6 04       		.byte	4
 516 01e7 46       		.byte	70
 517 01e8 05       		.byte	5
 518 01e9 10       		.byte	16
 519 01ea 09       		.byte	9
 520 01eb 82       		.byte	-126
 521 01ec 0A       		.byte	10
 522 01ed 14       		.byte	20
 523 01ee 0D       		.byte	13
 524 01ef 11       		.byte	17
 525 01f0 0E       		.byte	14
 526 01f1 10       		.byte	16
 527 01f2 10       		.byte	16
 528 01f3 02       		.byte	2
 529 01f4 13       		.byte	19
 530 01f5 18       		.byte	24
 531 01f6 17       		.byte	23
 532 01f7 20       		.byte	32
 533 01f8 18       		.byte	24
 534 01f9 05       		.byte	5
 535 01fa 19       		.byte	25
 536 01fb 01       		.byte	1
 537 01fc 1A       		.byte	26
 538 01fd 3C       		.byte	60
 539 01fe 1D       		.byte	29
 540 01ff 50       		.byte	80
 541 0200 1F       		.byte	31
 542 0201 04       		.byte	4
 543 0202 21       		.byte	33
 544 0203 0B       		.byte	11
 545 0204 23       		.byte	35
 546 0205 21       		.byte	33
 547 0206 24       		.byte	36
 548 0207 40       		.byte	64
 549 0208 27       		.byte	39
 550 0209 40       		.byte	64
 551 020a 29       		.byte	41
 552 020b A0       		.byte	-96
 553 020c 2A       		.byte	42
 554 020d 06       		.byte	6
 555 020e 32       		.byte	50
 556 020f 94       		.byte	-108
 557 0210 33       		.byte	51
 558 0211 02       		.byte	2
 559 0212 38       		.byte	56
 560 0213 68       		.byte	104
 561 0214 39       		.byte	57
 562 0215 02       		.byte	2
 563 0216 40       		.byte	64
 564 0217 41       		.byte	65
 565 0218 41       		.byte	65
 566 0219 08       		.byte	8
 567 021a 42       		.byte	66
 568 021b 04       		.byte	4
 569 021c 48       		.byte	72
 570 021d 04       		.byte	4
ARM GAS  C:\Users\ESTEBAN\AppData\Local\Temp\ccNW8s3r.s 			page 11


 571 021e 49       		.byte	73
 572 021f 20       		.byte	32
 573 0220 50       		.byte	80
 574 0221 01       		.byte	1
 575 0222 51       		.byte	81
 576 0223 10       		.byte	16
 577 0224 59       		.byte	89
 578 0225 01       		.byte	1
 579 0226 5F       		.byte	95
 580 0227 01       		.byte	1
 581 0228 65       		.byte	101
 582 0229 40       		.byte	64
 583 022a 67       		.byte	103
 584 022b 08       		.byte	8
 585 022c 69       		.byte	105
 586 022d 40       		.byte	64
 587 022e 6B       		.byte	107
 588 022f 14       		.byte	20
 589 0230 70       		.byte	112
 590 0231 14       		.byte	20
 591 0232 71       		.byte	113
 592 0233 80       		.byte	-128
 593 0234 72       		.byte	114
 594 0235 02       		.byte	2
 595 0236 73       		.byte	115
 596 0237 18       		.byte	24
 597 0238 88       		.byte	-120
 598 0239 02       		.byte	2
 599 023a 89       		.byte	-119
 600 023b 80       		.byte	-128
 601 023c 8A       		.byte	-118
 602 023d 20       		.byte	32
 603 023e 95       		.byte	-107
 604 023f 40       		.byte	64
 605 0240 9E       		.byte	-98
 606 0241 20       		.byte	32
 607 0242 9F       		.byte	-97
 608 0243 14       		.byte	20
 609 0244 A0       		.byte	-96
 610 0245 54       		.byte	84
 611 0246 A2       		.byte	-94
 612 0247 80       		.byte	-128
 613 0248 AD       		.byte	-83
 614 0249 10       		.byte	16
 615 024a AF       		.byte	-81
 616 024b 20       		.byte	32
 617 024c C0       		.byte	-64
 618 024d FF       		.byte	-1
 619 024e C2       		.byte	-62
 620 024f 7F       		.byte	127
 621 0250 C4       		.byte	-60
 622 0251 47       		.byte	71
 623 0252 CA       		.byte	-54
 624 0253 0F       		.byte	15
 625 0254 CC       		.byte	-52
 626 0255 0F       		.byte	15
 627 0256 CE       		.byte	-50
ARM GAS  C:\Users\ESTEBAN\AppData\Local\Temp\ccNW8s3r.s 			page 12


 628 0257 0F       		.byte	15
 629 0258 D0       		.byte	-48
 630 0259 0F       		.byte	15
 631 025a D2       		.byte	-46
 632 025b 04       		.byte	4
 633 025c D6       		.byte	-42
 634 025d 81       		.byte	-127
 635 025e D8       		.byte	-40
 636 025f 30       		.byte	48
 637 0260 87       		.byte	-121
 638 0261 01       		.byte	1
 639 0262 E0       		.byte	-32
 640 0263 40       		.byte	64
 641 0264 9F       		.byte	-97
 642 0265 01       		.byte	1
 643 0266 7F       		.byte	127
 644 0267 04       		.byte	4
 645 0268 DE       		.byte	-34
 646 0269 01       		.byte	1
 647 026a 97       		.byte	-105
 648 026b 08       		.byte	8
 649 026c 45       		.byte	69
 650 026d 08       		.byte	8
 651 026e 85       		.byte	-123
 652 026f 08       		.byte	8
 653 0270 97       		.byte	-105
 654 0271 08       		.byte	8
 655 0272 D0       		.byte	-48
 656 0273 01       		.byte	1
 657 0274 87       		.byte	-121
 658 0275 04       		.byte	4
 659 0276 97       		.byte	-105
 660 0277 08       		.byte	8
 661 0278 27       		.byte	39
 662 0279 01       		.byte	1
 663 027a 9F       		.byte	-97
 664 027b 01       		.byte	1
 665 027c C8       		.byte	-56
 666 027d 20       		.byte	32
 667 027e 87       		.byte	-121
 668 027f 10       		.byte	16
 669 0280 10       		.byte	16
 670 0281 80       		.byte	-128
 671 0282 73       		.byte	115
 672 0283 10       		.byte	16
 673 0284 88       		.byte	-120
 674 0285 80       		.byte	-128
 675 0286 93       		.byte	-109
 676 0287 10       		.byte	16
 677 0288 C4       		.byte	-60
 678 0289 08       		.byte	8
 679 028a DC       		.byte	-36
 680 028b 01       		.byte	1
 681 028c E6       		.byte	-26
 682 028d 01       		.byte	1
 683 028e 10       		.byte	16
 684 028f 02       		.byte	2
ARM GAS  C:\Users\ESTEBAN\AppData\Local\Temp\ccNW8s3r.s 			page 13


 685 0290 1C       		.byte	28
 686 0291 02       		.byte	2
 687 0292 00       		.byte	0
 688 0293 00       		.byte	0
 689 0294 3F       		.byte	63
 690 0295 39       		.byte	57
 691 0296 00       		.byte	0
 692 0297 C4       		.byte	-60
 693 0298 00       		.byte	0
 694 0299 18       		.byte	24
 695 029a 23       		.byte	35
 696 029b 00       		.byte	0
 697 029c 02       		.byte	2
 698 029d 08       		.byte	8
 699 029e 40       		.byte	64
 700 029f 00       		.byte	0
 701 02a0 03       		.byte	3
 702 02a1 FF       		.byte	-1
 703 02a2 80       		.byte	-128
 704 02a3 00       		.byte	0
 705 02a4 1C       		.byte	28
 706 02a5 C0       		.byte	-64
 707 02a6 23       		.byte	35
 708 02a7 00       		.byte	0
 709 02a8 1F       		.byte	31
 710 02a9 E7       		.byte	-25
 711 02aa 20       		.byte	32
 712 02ab 18       		.byte	24
 713 02ac 33       		.byte	51
 714 02ad 19       		.byte	25
 715 02ae 0C       		.byte	12
 716 02af E2       		.byte	-30
 717 02b0 08       		.byte	8
 718 02b1 00       		.byte	0
 719 02b2 00       		.byte	0
 720 02b3 01       		.byte	1
 721 02b4 00       		.byte	0
 722 02b5 10       		.byte	16
 723 02b6 00       		.byte	0
 724 02b7 00       		.byte	0
 725 02b8 04       		.byte	4
 726 02b9 80       		.byte	-128
 727 02ba 00       		.byte	0
 728 02bb 00       		.byte	0
 729 02bc 0C       		.byte	12
 730 02bd 00       		.byte	0
 731 02be 00       		.byte	0
 732 02bf E6       		.byte	-26
 733 02c0 01       		.byte	1
 734 02c1 41       		.byte	65
 735 02c2 40       		.byte	64
 736 02c3 00       		.byte	0
 737 02c4 10       		.byte	16
 738 02c5 1F       		.byte	31
 739 02c6 2C       		.byte	44
 740 02c7 38       		.byte	56
 741 02c8 0F       		.byte	15
ARM GAS  C:\Users\ESTEBAN\AppData\Local\Temp\ccNW8s3r.s 			page 14


 742 02c9 00       		.byte	0
 743 02ca C0       		.byte	-64
 744 02cb C0       		.byte	-64
 745 02cc 00       		.byte	0
 746 02cd 00       		.byte	0
 747 02ce 28       		.byte	40
 748 02cf 02       		.byte	2
 749 02d0 00       		.byte	0
 750 02d1 00       		.byte	0
 751 02d2 41       		.byte	65
 752 02d3 00       		.byte	0
 753 02d4 26       		.byte	38
 754 02d5 04       		.byte	4
 755 02d6 03       		.byte	3
 756 02d7 00       		.byte	0
 757 02d8 01       		.byte	1
 758 02d9 00       		.byte	0
 759 02da E0       		.byte	-32
 760 02db C0       		.byte	-64
 761 02dc 28       		.byte	40
 762 02dd FF       		.byte	-1
 763 02de FF       		.byte	-1
 764 02df FF       		.byte	-1
 765 02e0 62       		.byte	98
 766 02e1 A0       		.byte	-96
 767 02e2 F0       		.byte	-16
 768 02e3 41       		.byte	65
 769 02e4 0C       		.byte	12
 770 02e5 00       		.byte	0
 771 02e6 00       		.byte	0
 772 02e7 00       		.byte	0
 773 02e8 00       		.byte	0
 774 02e9 00       		.byte	0
 775 02ea 02       		.byte	2
 776 02eb 13       		.byte	19
 777 02ec 04       		.byte	4
 778 02ed 04       		.byte	4
 779 02ee 04       		.byte	4
 780 02ef 04       		.byte	4
 781 02f0 11       		.byte	17
 782 02f1 11       		.byte	17
 783 02f2 00       		.byte	0
 784 02f3 01       		.byte	1
 785 02f4 00       		.byte	0
 786 02f5 00       		.byte	0
 787 02f6 00       		.byte	0
 788 02f7 00       		.byte	0
 789 02f8 00       		.byte	0
 790 02f9 00       		.byte	0
 791 02fa 40       		.byte	64
 792 02fb 02       		.byte	2
 793 02fc 00       		.byte	0
 794 02fd 10       		.byte	16
 795 02fe 30       		.byte	48
 796 02ff 10       		.byte	16
 797 0300 00       		.byte	0
 798 0301 10       		.byte	16
ARM GAS  C:\Users\ESTEBAN\AppData\Local\Temp\ccNW8s3r.s 			page 15


 799 0302 10       		.byte	16
 800 0303 12       		.byte	18
 801 0304 00       		.byte	0
 802 0305 00       		.byte	0
 803 0306 00       		.byte	0
 804 0307 00       		.byte	0
 805 0308 00       		.byte	0
 806 0309 00       		.byte	0
 807 030a 00       		.byte	0
 808 030b 00       		.byte	0
 809 030c 00       		.byte	0
 810 030d 00       		.byte	0
 811 030e 00       		.byte	0
 812 030f 00       		.byte	0
 813 0310 00       		.byte	0
 814 0311 00       		.byte	0
 815 0312 00       		.byte	0
 816 0313 00       		.byte	0
 817 0314 00       		.byte	0
 818 0315 00       		.byte	0
 819 0316 00       		.byte	0
 820 0317 00       		.byte	0
 821 0318 00       		.byte	0
 822 0319 00       		.byte	0
 823 031a 01       		.byte	1
 824 031b 00       		.byte	0
 825 031c 80       		.byte	-128
 826 031d 00       		.byte	0
 827 031e 40       		.byte	64
 828 031f 80       		.byte	-128
 829 0320 80       		.byte	-128
 830 0321 00       		.byte	0
 831 0322 80       		.byte	-128
 832 0323 00       		.byte	0
 833 0324 00       		.byte	0
 834 0325 00       		.byte	0
 835 0326 00       		.byte	0
 836 0327 00       		.byte	0
 837 0328 00       		.byte	0
 838 0329 0B       		.byte	11
 839 032a 0B       		.byte	11
 840 032b 00       		.byte	0
 841 032c 00       		.byte	0
 842 032d 00       		.byte	0
 843 032e 00       		.byte	0
 844 032f 00       		.byte	0
 845 0330 25       		.byte	37
 846 0331 00       		.byte	0
 847 0332 18       		.byte	24
 848 0333 01       		.byte	1
 849              		.section	.cywolatch,"a",%progbits
 850              		.align	2
 851              		.type	cy_meta_wonvl, %object
 852              		.size	cy_meta_wonvl, 4
 853              	cy_meta_wonvl:
 854 0000 BC       		.byte	-68
 855 0001 90       		.byte	-112
ARM GAS  C:\Users\ESTEBAN\AppData\Local\Temp\ccNW8s3r.s 			page 16


 856 0002 AC       		.byte	-84
 857 0003 AF       		.byte	-81
 858              		.section	.cycustnvl,"a",%progbits
 859              		.align	2
 860              		.type	cy_meta_custnvl, %object
 861              		.size	cy_meta_custnvl, 4
 862              	cy_meta_custnvl:
 863 0000 00       		.byte	0
 864 0001 00       		.byte	0
 865 0002 40       		.byte	64
 866 0003 05       		.byte	5
 867              		.section	.cymeta,"a",%progbits
 868              		.align	2
 869              		.type	cy_metadata, %object
 870              		.size	cy_metadata, 12
 871              	cy_metadata:
 872 0000 00       		.byte	0
 873 0001 01       		.byte	1
 874 0002 2E       		.byte	46
 875 0003 16       		.byte	22
 876 0004 10       		.byte	16
 877 0005 69       		.byte	105
 878 0006 00       		.byte	0
 879 0007 01       		.byte	1
 880 0008 00       		.byte	0
 881 0009 00       		.byte	0
 882 000a 00       		.byte	0
 883 000b 00       		.byte	0
 884              		.section	.cyflashprotect,"a",%progbits
 885              		.align	2
 886              		.type	cy_meta_flashprotect, %object
 887              		.size	cy_meta_flashprotect, 256
 888              	cy_meta_flashprotect:
 889 0000 00000000 		.space	256
 889      00000000 
 889      00000000 
 889      00000000 
 889      00000000 
 890              		.text
 891              	.Letext0:
 892              		.file 1 "c:\\program files (x86)\\cypress\\psoc creator\\4.2\\psoc creator\\import\\gnu\\arm\\5.4.
 893              		.file 2 "c:\\program files (x86)\\cypress\\psoc creator\\4.2\\psoc creator\\import\\gnu\\arm\\5.4.
 894              		.file 3 "Generated_Source\\PSoC5\\cymetadata.c"
 895              		.section	.debug_info,"",%progbits
 896              	.Ldebug_info0:
 897 0000 31010000 		.4byte	0x131
 898 0004 0400     		.2byte	0x4
 899 0006 00000000 		.4byte	.Ldebug_abbrev0
 900 000a 04       		.byte	0x4
 901 000b 01       		.uleb128 0x1
 902 000c 24000000 		.4byte	.LASF17
 903 0010 0C       		.byte	0xc
 904 0011 DC010000 		.4byte	.LASF18
 905 0015 5F010000 		.4byte	.LASF19
 906 0019 00000000 		.4byte	.Ldebug_line0
 907 001d 02       		.uleb128 0x2
 908 001e 01       		.byte	0x1
ARM GAS  C:\Users\ESTEBAN\AppData\Local\Temp\ccNW8s3r.s 			page 17


 909 001f 06       		.byte	0x6
 910 0020 D0010000 		.4byte	.LASF0
 911 0024 03       		.uleb128 0x3
 912 0025 00000000 		.4byte	.LASF9
 913 0029 01       		.byte	0x1
 914 002a 1D       		.byte	0x1d
 915 002b 2F000000 		.4byte	0x2f
 916 002f 02       		.uleb128 0x2
 917 0030 01       		.byte	0x1
 918 0031 08       		.byte	0x8
 919 0032 16000000 		.4byte	.LASF1
 920 0036 02       		.uleb128 0x2
 921 0037 02       		.byte	0x2
 922 0038 05       		.byte	0x5
 923 0039 BD010000 		.4byte	.LASF2
 924 003d 02       		.uleb128 0x2
 925 003e 02       		.byte	0x2
 926 003f 07       		.byte	0x7
 927 0040 C4000000 		.4byte	.LASF3
 928 0044 02       		.uleb128 0x2
 929 0045 04       		.byte	0x4
 930 0046 05       		.byte	0x5
 931 0047 C7010000 		.4byte	.LASF4
 932 004b 02       		.uleb128 0x2
 933 004c 04       		.byte	0x4
 934 004d 07       		.byte	0x7
 935 004e B2000000 		.4byte	.LASF5
 936 0052 02       		.uleb128 0x2
 937 0053 08       		.byte	0x8
 938 0054 05       		.byte	0x5
 939 0055 51010000 		.4byte	.LASF6
 940 0059 02       		.uleb128 0x2
 941 005a 08       		.byte	0x8
 942 005b 07       		.byte	0x7
 943 005c 06010000 		.4byte	.LASF7
 944 0060 04       		.uleb128 0x4
 945 0061 04       		.byte	0x4
 946 0062 05       		.byte	0x5
 947 0063 696E7400 		.ascii	"int\000"
 948 0067 02       		.uleb128 0x2
 949 0068 04       		.byte	0x4
 950 0069 07       		.byte	0x7
 951 006a F9000000 		.4byte	.LASF8
 952 006e 03       		.uleb128 0x3
 953 006f 1D010000 		.4byte	.LASF10
 954 0073 02       		.byte	0x2
 955 0074 18       		.byte	0x18
 956 0075 24000000 		.4byte	0x24
 957 0079 05       		.uleb128 0x5
 958 007a 91000000 		.4byte	0x91
 959 007e 8A000000 		.4byte	0x8a
 960 0082 06       		.uleb128 0x6
 961 0083 8A000000 		.4byte	0x8a
 962 0087 3303     		.2byte	0x333
 963 0089 00       		.byte	0
 964 008a 02       		.uleb128 0x2
 965 008b 04       		.byte	0x4
ARM GAS  C:\Users\ESTEBAN\AppData\Local\Temp\ccNW8s3r.s 			page 18


 966 008c 07       		.byte	0x7
 967 008d 48010000 		.4byte	.LASF11
 968 0091 07       		.uleb128 0x7
 969 0092 6E000000 		.4byte	0x6e
 970 0096 08       		.uleb128 0x8
 971 0097 E7000000 		.4byte	.LASF12
 972 009b 03       		.byte	0x3
 973 009c 1F       		.byte	0x1f
 974 009d A7000000 		.4byte	0xa7
 975 00a1 05       		.uleb128 0x5
 976 00a2 03       		.byte	0x3
 977 00a3 00000000 		.4byte	cy_meta_configecc
 978 00a7 07       		.uleb128 0x7
 979 00a8 79000000 		.4byte	0x79
 980 00ac 05       		.uleb128 0x5
 981 00ad 91000000 		.4byte	0x91
 982 00b1 BC000000 		.4byte	0xbc
 983 00b5 09       		.uleb128 0x9
 984 00b6 8A000000 		.4byte	0x8a
 985 00ba 03       		.byte	0x3
 986 00bb 00       		.byte	0
 987 00bc 08       		.uleb128 0x8
 988 00bd D7000000 		.4byte	.LASF13
 989 00c1 03       		.byte	0x3
 990 00c2 93       		.byte	0x93
 991 00c3 CD000000 		.4byte	0xcd
 992 00c7 05       		.uleb128 0x5
 993 00c8 03       		.byte	0x3
 994 00c9 00000000 		.4byte	cy_meta_custnvl
 995 00cd 07       		.uleb128 0x7
 996 00ce AC000000 		.4byte	0xac
 997 00d2 08       		.uleb128 0x8
 998 00d3 3A010000 		.4byte	.LASF14
 999 00d7 03       		.byte	0x3
 1000 00d8 A1       		.byte	0xa1
 1001 00d9 E3000000 		.4byte	0xe3
 1002 00dd 05       		.uleb128 0x5
 1003 00de 03       		.byte	0x3
 1004 00df 00000000 		.4byte	cy_meta_wonvl
 1005 00e3 07       		.uleb128 0x7
 1006 00e4 AC000000 		.4byte	0xac
 1007 00e8 05       		.uleb128 0x5
 1008 00e9 91000000 		.4byte	0x91
 1009 00ed F8000000 		.4byte	0xf8
 1010 00f1 09       		.uleb128 0x9
 1011 00f2 8A000000 		.4byte	0x8a
 1012 00f6 FF       		.byte	0xff
 1013 00f7 00       		.byte	0
 1014 00f8 08       		.uleb128 0x8
 1015 00f9 25010000 		.4byte	.LASF15
 1016 00fd 03       		.byte	0x3
 1017 00fe AF       		.byte	0xaf
 1018 00ff 09010000 		.4byte	0x109
 1019 0103 05       		.uleb128 0x5
 1020 0104 03       		.byte	0x3
 1021 0105 00000000 		.4byte	cy_meta_flashprotect
 1022 0109 07       		.uleb128 0x7
ARM GAS  C:\Users\ESTEBAN\AppData\Local\Temp\ccNW8s3r.s 			page 19


 1023 010a E8000000 		.4byte	0xe8
 1024 010e 05       		.uleb128 0x5
 1025 010f 91000000 		.4byte	0x91
 1026 0113 1E010000 		.4byte	0x11e
 1027 0117 09       		.uleb128 0x9
 1028 0118 8A000000 		.4byte	0x8a
 1029 011c 0B       		.byte	0xb
 1030 011d 00       		.byte	0
 1031 011e 08       		.uleb128 0x8
 1032 011f 0A000000 		.4byte	.LASF16
 1033 0123 03       		.byte	0x3
 1034 0124 DC       		.byte	0xdc
 1035 0125 2F010000 		.4byte	0x12f
 1036 0129 05       		.uleb128 0x5
 1037 012a 03       		.byte	0x3
 1038 012b 00000000 		.4byte	cy_metadata
 1039 012f 07       		.uleb128 0x7
 1040 0130 0E010000 		.4byte	0x10e
 1041 0134 00       		.byte	0
 1042              		.section	.debug_abbrev,"",%progbits
 1043              	.Ldebug_abbrev0:
 1044 0000 01       		.uleb128 0x1
 1045 0001 11       		.uleb128 0x11
 1046 0002 01       		.byte	0x1
 1047 0003 25       		.uleb128 0x25
 1048 0004 0E       		.uleb128 0xe
 1049 0005 13       		.uleb128 0x13
 1050 0006 0B       		.uleb128 0xb
 1051 0007 03       		.uleb128 0x3
 1052 0008 0E       		.uleb128 0xe
 1053 0009 1B       		.uleb128 0x1b
 1054 000a 0E       		.uleb128 0xe
 1055 000b 10       		.uleb128 0x10
 1056 000c 17       		.uleb128 0x17
 1057 000d 00       		.byte	0
 1058 000e 00       		.byte	0
 1059 000f 02       		.uleb128 0x2
 1060 0010 24       		.uleb128 0x24
 1061 0011 00       		.byte	0
 1062 0012 0B       		.uleb128 0xb
 1063 0013 0B       		.uleb128 0xb
 1064 0014 3E       		.uleb128 0x3e
 1065 0015 0B       		.uleb128 0xb
 1066 0016 03       		.uleb128 0x3
 1067 0017 0E       		.uleb128 0xe
 1068 0018 00       		.byte	0
 1069 0019 00       		.byte	0
 1070 001a 03       		.uleb128 0x3
 1071 001b 16       		.uleb128 0x16
 1072 001c 00       		.byte	0
 1073 001d 03       		.uleb128 0x3
 1074 001e 0E       		.uleb128 0xe
 1075 001f 3A       		.uleb128 0x3a
 1076 0020 0B       		.uleb128 0xb
 1077 0021 3B       		.uleb128 0x3b
 1078 0022 0B       		.uleb128 0xb
 1079 0023 49       		.uleb128 0x49
ARM GAS  C:\Users\ESTEBAN\AppData\Local\Temp\ccNW8s3r.s 			page 20


 1080 0024 13       		.uleb128 0x13
 1081 0025 00       		.byte	0
 1082 0026 00       		.byte	0
 1083 0027 04       		.uleb128 0x4
 1084 0028 24       		.uleb128 0x24
 1085 0029 00       		.byte	0
 1086 002a 0B       		.uleb128 0xb
 1087 002b 0B       		.uleb128 0xb
 1088 002c 3E       		.uleb128 0x3e
 1089 002d 0B       		.uleb128 0xb
 1090 002e 03       		.uleb128 0x3
 1091 002f 08       		.uleb128 0x8
 1092 0030 00       		.byte	0
 1093 0031 00       		.byte	0
 1094 0032 05       		.uleb128 0x5
 1095 0033 01       		.uleb128 0x1
 1096 0034 01       		.byte	0x1
 1097 0035 49       		.uleb128 0x49
 1098 0036 13       		.uleb128 0x13
 1099 0037 01       		.uleb128 0x1
 1100 0038 13       		.uleb128 0x13
 1101 0039 00       		.byte	0
 1102 003a 00       		.byte	0
 1103 003b 06       		.uleb128 0x6
 1104 003c 21       		.uleb128 0x21
 1105 003d 00       		.byte	0
 1106 003e 49       		.uleb128 0x49
 1107 003f 13       		.uleb128 0x13
 1108 0040 2F       		.uleb128 0x2f
 1109 0041 05       		.uleb128 0x5
 1110 0042 00       		.byte	0
 1111 0043 00       		.byte	0
 1112 0044 07       		.uleb128 0x7
 1113 0045 26       		.uleb128 0x26
 1114 0046 00       		.byte	0
 1115 0047 49       		.uleb128 0x49
 1116 0048 13       		.uleb128 0x13
 1117 0049 00       		.byte	0
 1118 004a 00       		.byte	0
 1119 004b 08       		.uleb128 0x8
 1120 004c 34       		.uleb128 0x34
 1121 004d 00       		.byte	0
 1122 004e 03       		.uleb128 0x3
 1123 004f 0E       		.uleb128 0xe
 1124 0050 3A       		.uleb128 0x3a
 1125 0051 0B       		.uleb128 0xb
 1126 0052 3B       		.uleb128 0x3b
 1127 0053 0B       		.uleb128 0xb
 1128 0054 49       		.uleb128 0x49
 1129 0055 13       		.uleb128 0x13
 1130 0056 3F       		.uleb128 0x3f
 1131 0057 19       		.uleb128 0x19
 1132 0058 02       		.uleb128 0x2
 1133 0059 18       		.uleb128 0x18
 1134 005a 00       		.byte	0
 1135 005b 00       		.byte	0
 1136 005c 09       		.uleb128 0x9
ARM GAS  C:\Users\ESTEBAN\AppData\Local\Temp\ccNW8s3r.s 			page 21


 1137 005d 21       		.uleb128 0x21
 1138 005e 00       		.byte	0
 1139 005f 49       		.uleb128 0x49
 1140 0060 13       		.uleb128 0x13
 1141 0061 2F       		.uleb128 0x2f
 1142 0062 0B       		.uleb128 0xb
 1143 0063 00       		.byte	0
 1144 0064 00       		.byte	0
 1145 0065 00       		.byte	0
 1146              		.section	.debug_aranges,"",%progbits
 1147 0000 14000000 		.4byte	0x14
 1148 0004 0200     		.2byte	0x2
 1149 0006 00000000 		.4byte	.Ldebug_info0
 1150 000a 04       		.byte	0x4
 1151 000b 00       		.byte	0
 1152 000c 0000     		.2byte	0
 1153 000e 0000     		.2byte	0
 1154 0010 00000000 		.4byte	0
 1155 0014 00000000 		.4byte	0
 1156              		.section	.debug_line,"",%progbits
 1157              	.Ldebug_line0:
 1158 0000 3D010000 		.section	.debug_str,"MS",%progbits,1
 1158      02003701 
 1158      00000201 
 1158      FB0E0D00 
 1158      01010101 
 1159              	.LASF9:
 1160 0000 5F5F7569 		.ascii	"__uint8_t\000"
 1160      6E74385F 
 1160      7400
 1161              	.LASF16:
 1162 000a 63795F6D 		.ascii	"cy_metadata\000"
 1162      65746164 
 1162      61746100 
 1163              	.LASF1:
 1164 0016 756E7369 		.ascii	"unsigned char\000"
 1164      676E6564 
 1164      20636861 
 1164      7200
 1165              	.LASF17:
 1166 0024 474E5520 		.ascii	"GNU C11 5.4.1 20160609 (release) [ARM/embedded-5-br"
 1166      43313120 
 1166      352E342E 
 1166      31203230 
 1166      31363036 
 1167 0057 616E6368 		.ascii	"anch revision 237715] -mcpu=cortex-m3 -mthumb -g -O"
 1167      20726576 
 1167      6973696F 
 1167      6E203233 
 1167      37373135 
 1168 008a 67202D66 		.ascii	"g -ffunction-sections -ffat-lto-objects\000"
 1168      66756E63 
 1168      74696F6E 
 1168      2D736563 
 1168      74696F6E 
 1169              	.LASF5:
 1170 00b2 6C6F6E67 		.ascii	"long unsigned int\000"
ARM GAS  C:\Users\ESTEBAN\AppData\Local\Temp\ccNW8s3r.s 			page 22


 1170      20756E73 
 1170      69676E65 
 1170      6420696E 
 1170      7400
 1171              	.LASF3:
 1172 00c4 73686F72 		.ascii	"short unsigned int\000"
 1172      7420756E 
 1172      7369676E 
 1172      65642069 
 1172      6E7400
 1173              	.LASF13:
 1174 00d7 63795F6D 		.ascii	"cy_meta_custnvl\000"
 1174      6574615F 
 1174      63757374 
 1174      6E766C00 
 1175              	.LASF12:
 1176 00e7 63795F6D 		.ascii	"cy_meta_configecc\000"
 1176      6574615F 
 1176      636F6E66 
 1176      69676563 
 1176      6300
 1177              	.LASF8:
 1178 00f9 756E7369 		.ascii	"unsigned int\000"
 1178      676E6564 
 1178      20696E74 
 1178      00
 1179              	.LASF7:
 1180 0106 6C6F6E67 		.ascii	"long long unsigned int\000"
 1180      206C6F6E 
 1180      6720756E 
 1180      7369676E 
 1180      65642069 
 1181              	.LASF10:
 1182 011d 75696E74 		.ascii	"uint8_t\000"
 1182      385F7400 
 1183              	.LASF15:
 1184 0125 63795F6D 		.ascii	"cy_meta_flashprotect\000"
 1184      6574615F 
 1184      666C6173 
 1184      6870726F 
 1184      74656374 
 1185              	.LASF14:
 1186 013a 63795F6D 		.ascii	"cy_meta_wonvl\000"
 1186      6574615F 
 1186      776F6E76 
 1186      6C00
 1187              	.LASF11:
 1188 0148 73697A65 		.ascii	"sizetype\000"
 1188      74797065 
 1188      00
 1189              	.LASF6:
 1190 0151 6C6F6E67 		.ascii	"long long int\000"
 1190      206C6F6E 
 1190      6720696E 
 1190      7400
 1191              	.LASF19:
 1192 015f 443A5C55 		.ascii	"D:\\Users\\ESTEBAN\\Desktop\\Materias\\Codigos\\Lab"
ARM GAS  C:\Users\ESTEBAN\AppData\Local\Temp\ccNW8s3r.s 			page 23


 1192      73657273 
 1192      5C455354 
 1192      4542414E 
 1192      5C446573 
 1193 018c 56696F77 		.ascii	"Viow\\Codigos del profesor\\Workspace01\\LM35.cydsn"
 1193      5C436F64 
 1193      69676F73 
 1193      2064656C 
 1193      2070726F 
 1194 01bc 00       		.ascii	"\000"
 1195              	.LASF2:
 1196 01bd 73686F72 		.ascii	"short int\000"
 1196      7420696E 
 1196      7400
 1197              	.LASF4:
 1198 01c7 6C6F6E67 		.ascii	"long int\000"
 1198      20696E74 
 1198      00
 1199              	.LASF0:
 1200 01d0 7369676E 		.ascii	"signed char\000"
 1200      65642063 
 1200      68617200 
 1201              	.LASF18:
 1202 01dc 47656E65 		.ascii	"Generated_Source\\PSoC5\\cymetadata.c\000"
 1202      72617465 
 1202      645F536F 
 1202      75726365 
 1202      5C50536F 
 1203              		.ident	"GCC: (GNU Tools for ARM Embedded Processors) 5.4.1 20160609 (release) [ARM/embedded-5-bran
