ARM GAS  C:\Users\ESTEBAN\AppData\Local\Temp\ccLgRvLg.s 			page 1


   1              		.syntax unified
   2              		.cpu cortex-m3
   3              		.fpu softvfp
   4              		.eabi_attribute 20, 1
   5              		.eabi_attribute 21, 1
   6              		.eabi_attribute 23, 3
   7              		.eabi_attribute 24, 1
   8              		.eabi_attribute 25, 1
   9              		.eabi_attribute 26, 1
  10              		.eabi_attribute 30, 1
  11              		.eabi_attribute 34, 1
  12              		.eabi_attribute 18, 4
  13              		.thumb
  14              		.syntax unified
  15              		.file	"main.c"
  16              		.text
  17              	.Ltext0:
  18              		.cfi_sections	.debug_frame
  19              		.global	__aeabi_i2f
  20              		.global	__aeabi_f2d
  21              		.section	.text.main,"ax",%progbits
  22              		.align	2
  23              		.global	main
  24              		.thumb
  25              		.thumb_func
  26              		.type	main, %function
  27              	main:
  28              	.LFB64:
  29              		.file 1 "main.c"
   1:main.c        **** /* ========================================
   2:main.c        ****  *
   3:main.c        ****  * Copyright YOUR COMPANY, THE YEAR
   4:main.c        ****  * All Rights Reserved
   5:main.c        ****  * UNPUBLISHED, LICENSED SOFTWARE.
   6:main.c        ****  *
   7:main.c        ****  * CONFIDENTIAL AND PROPRIETARY INFORMATION
   8:main.c        ****  * WHICH IS THE PROPERTY OF your company.
   9:main.c        ****  *
  10:main.c        ****  * ========================================
  11:main.c        **** */
  12:main.c        **** #include "project.h"
  13:main.c        **** #include <stdio.h>
  14:main.c        **** 
  15:main.c        **** float32 temperatura;
  16:main.c        **** int32 valor_adc,voltaje;
  17:main.c        **** char valor[1];
  18:main.c        **** 
  19:main.c        **** int main(void)
  20:main.c        **** {
  30              		.loc 1 20 0
  31              		.cfi_startproc
  32              		@ Volatile: function does not return.
  33              		@ args = 0, pretend = 0, frame = 0
  34              		@ frame_needed = 0, uses_anonymous_args = 0
  35 0000 08B5     		push	{r3, lr}
  36              		.cfi_def_cfa_offset 8
  37              		.cfi_offset 3, -8
ARM GAS  C:\Users\ESTEBAN\AppData\Local\Temp\ccLgRvLg.s 			page 2


  38              		.cfi_offset 14, -4
  21:main.c        ****     CyGlobalIntEnable; /* Enable global interrupts. */
  39              		.loc 1 21 0
  40              		.syntax unified
  41              	@ 21 "main.c" 1
  42 0002 62B6     		CPSIE   i
  43              	@ 0 "" 2
  22:main.c        ****     ADC_Start();
  44              		.loc 1 22 0
  45              		.thumb
  46              		.syntax unified
  47 0004 FFF7FEFF 		bl	ADC_Start
  48              	.LVL0:
  23:main.c        ****     UART_Start();
  49              		.loc 1 23 0
  50 0008 FFF7FEFF 		bl	UART_Start
  51              	.LVL1:
  52              	.L2:
  24:main.c        ****     
  25:main.c        ****    
  26:main.c        ****     
  27:main.c        ****     for(;;)
  28:main.c        ****     {
  29:main.c        ****            ADC_StartConvert();
  53              		.loc 1 29 0 discriminator 1
  54 000c FFF7FEFF 		bl	ADC_StartConvert
  55              	.LVL2:
  30:main.c        ****            ADC_IsEndConversion(ADC_WAIT_FOR_RESULT);
  56              		.loc 1 30 0 discriminator 1
  57 0010 0020     		movs	r0, #0
  58 0012 FFF7FEFF 		bl	ADC_IsEndConversion
  59              	.LVL3:
  31:main.c        ****         valor_adc=ADC_GetResult32();
  60              		.loc 1 31 0 discriminator 1
  61 0016 FFF7FEFF 		bl	ADC_GetResult32
  62              	.LVL4:
  63 001a 104B     		ldr	r3, .L4
  64 001c 1860     		str	r0, [r3]
  32:main.c        ****         voltaje=ADC_CountsTo_mVolts(valor_adc);
  65              		.loc 1 32 0 discriminator 1
  66 001e FFF7FEFF 		bl	ADC_CountsTo_mVolts
  67              	.LVL5:
  68 0022 0F4B     		ldr	r3, .L4+4
  69 0024 1860     		str	r0, [r3]
  33:main.c        ****         temperatura=(voltaje/20);
  70              		.loc 1 33 0 discriminator 1
  71 0026 0F4B     		ldr	r3, .L4+8
  72 0028 83FB0023 		smull	r2, r3, r3, r0
  73 002c C017     		asrs	r0, r0, #31
  74 002e C0EBE300 		rsb	r0, r0, r3, asr #3
  75 0032 FFF7FEFF 		bl	__aeabi_i2f
  76              	.LVL6:
  77 0036 0C4B     		ldr	r3, .L4+12
  78 0038 1860     		str	r0, [r3]	@ float
  34:main.c        ****         sprintf(valor,"%0.1f \n ",temperatura);
  79              		.loc 1 34 0 discriminator 1
  80 003a FFF7FEFF 		bl	__aeabi_f2d
ARM GAS  C:\Users\ESTEBAN\AppData\Local\Temp\ccLgRvLg.s 			page 3


  81              	.LVL7:
  82 003e 0B4C     		ldr	r4, .L4+16
  83 0040 0246     		mov	r2, r0
  84 0042 0B46     		mov	r3, r1
  85 0044 0A49     		ldr	r1, .L4+20
  86 0046 2046     		mov	r0, r4
  87 0048 FFF7FEFF 		bl	sprintf
  88              	.LVL8:
  35:main.c        ****          UART_PutString(valor);
  89              		.loc 1 35 0 discriminator 1
  90 004c 2046     		mov	r0, r4
  91 004e FFF7FEFF 		bl	UART_PutString
  92              	.LVL9:
  36:main.c        ****          CyDelay(1);
  93              		.loc 1 36 0 discriminator 1
  94 0052 0120     		movs	r0, #1
  95 0054 FFF7FEFF 		bl	CyDelay
  96              	.LVL10:
  97 0058 D8E7     		b	.L2
  98              	.L5:
  99 005a 00BF     		.align	2
 100              	.L4:
 101 005c 00000000 		.word	valor_adc
 102 0060 00000000 		.word	voltaje
 103 0064 67666666 		.word	1717986919
 104 0068 00000000 		.word	temperatura
 105 006c 00000000 		.word	valor
 106 0070 00000000 		.word	.LC0
 107              		.cfi_endproc
 108              	.LFE64:
 109              		.size	main, .-main
 110              		.comm	valor,1,4
 111              		.comm	voltaje,4,4
 112              		.comm	valor_adc,4,4
 113              		.comm	temperatura,4,4
 114              		.section	.rodata.str1.4,"aMS",%progbits,1
 115              		.align	2
 116              	.LC0:
 117 0000 25302E31 		.ascii	"%0.1f \012 \000"
 117      66200A20 
 117      00
 118              		.text
 119              	.Letext0:
 120              		.file 2 "c:\\program files (x86)\\cypress\\psoc creator\\4.2\\psoc creator\\import\\gnu\\arm\\5.4.
 121              		.file 3 "c:\\program files (x86)\\cypress\\psoc creator\\4.2\\psoc creator\\import\\gnu\\arm\\5.4.
 122              		.file 4 "Generated_Source\\PSoC5/cytypes.h"
 123              		.file 5 "Generated_Source\\PSoC5/core_cm3.h"
 124              		.file 6 "Generated_Source\\PSoC5/ADC.h"
 125              		.file 7 "Generated_Source\\PSoC5/UART.h"
 126              		.file 8 "c:\\program files (x86)\\cypress\\psoc creator\\4.2\\psoc creator\\import\\gnu\\arm\\5.4.
 127              		.file 9 "Generated_Source\\PSoC5/CyLib.h"
 128              		.section	.debug_info,"",%progbits
 129              	.Ldebug_info0:
 130 0000 1B020000 		.4byte	0x21b
 131 0004 0400     		.2byte	0x4
 132 0006 00000000 		.4byte	.Ldebug_abbrev0
 133 000a 04       		.byte	0x4
ARM GAS  C:\Users\ESTEBAN\AppData\Local\Temp\ccLgRvLg.s 			page 4


 134 000b 01       		.uleb128 0x1
 135 000c BB000000 		.4byte	.LASF32
 136 0010 0C       		.byte	0xc
 137 0011 08020000 		.4byte	.LASF33
 138 0015 48000000 		.4byte	.LASF34
 139 0019 00000000 		.4byte	.Ldebug_ranges0+0
 140 001d 00000000 		.4byte	0
 141 0021 00000000 		.4byte	.Ldebug_line0
 142 0025 02       		.uleb128 0x2
 143 0026 01       		.byte	0x1
 144 0027 06       		.byte	0x6
 145 0028 33020000 		.4byte	.LASF0
 146 002c 02       		.uleb128 0x2
 147 002d 01       		.byte	0x1
 148 002e 08       		.byte	0x8
 149 002f AD000000 		.4byte	.LASF1
 150 0033 02       		.uleb128 0x2
 151 0034 02       		.byte	0x2
 152 0035 05       		.byte	0x5
 153 0036 14020000 		.4byte	.LASF2
 154 003a 02       		.uleb128 0x2
 155 003b 02       		.byte	0x2
 156 003c 07       		.byte	0x7
 157 003d 2E000000 		.4byte	.LASF3
 158 0041 03       		.uleb128 0x3
 159 0042 06000000 		.4byte	.LASF9
 160 0046 02       		.byte	0x2
 161 0047 3F       		.byte	0x3f
 162 0048 4C000000 		.4byte	0x4c
 163 004c 02       		.uleb128 0x2
 164 004d 04       		.byte	0x4
 165 004e 05       		.byte	0x5
 166 004f 1E020000 		.4byte	.LASF4
 167 0053 02       		.uleb128 0x2
 168 0054 04       		.byte	0x4
 169 0055 07       		.byte	0x7
 170 0056 9C010000 		.4byte	.LASF5
 171 005a 02       		.uleb128 0x2
 172 005b 08       		.byte	0x8
 173 005c 05       		.byte	0x5
 174 005d FA010000 		.4byte	.LASF6
 175 0061 02       		.uleb128 0x2
 176 0062 08       		.byte	0x8
 177 0063 07       		.byte	0x7
 178 0064 C8010000 		.4byte	.LASF7
 179 0068 04       		.uleb128 0x4
 180 0069 04       		.byte	0x4
 181 006a 05       		.byte	0x5
 182 006b 696E7400 		.ascii	"int\000"
 183 006f 02       		.uleb128 0x2
 184 0070 04       		.byte	0x4
 185 0071 07       		.byte	0x7
 186 0072 BB010000 		.4byte	.LASF8
 187 0076 03       		.uleb128 0x3
 188 0077 E9010000 		.4byte	.LASF10
 189 007b 03       		.byte	0x3
 190 007c 2C       		.byte	0x2c
ARM GAS  C:\Users\ESTEBAN\AppData\Local\Temp\ccLgRvLg.s 			page 5


 191 007d 41000000 		.4byte	0x41
 192 0081 05       		.uleb128 0x5
 193 0082 6E010000 		.4byte	.LASF11
 194 0086 04       		.byte	0x4
 195 0087 E901     		.2byte	0x1e9
 196 0089 4C000000 		.4byte	0x4c
 197 008d 05       		.uleb128 0x5
 198 008e B3010000 		.4byte	.LASF12
 199 0092 04       		.byte	0x4
 200 0093 EA01     		.2byte	0x1ea
 201 0095 99000000 		.4byte	0x99
 202 0099 02       		.uleb128 0x2
 203 009a 04       		.byte	0x4
 204 009b 04       		.byte	0x4
 205 009c A7000000 		.4byte	.LASF13
 206 00a0 02       		.uleb128 0x2
 207 00a1 08       		.byte	0x8
 208 00a2 04       		.byte	0x4
 209 00a3 41000000 		.4byte	.LASF14
 210 00a7 02       		.uleb128 0x2
 211 00a8 01       		.byte	0x1
 212 00a9 08       		.byte	0x8
 213 00aa 0F020000 		.4byte	.LASF15
 214 00ae 02       		.uleb128 0x2
 215 00af 08       		.byte	0x8
 216 00b0 04       		.byte	0x4
 217 00b1 27020000 		.4byte	.LASF16
 218 00b5 02       		.uleb128 0x2
 219 00b6 04       		.byte	0x4
 220 00b7 07       		.byte	0x7
 221 00b8 F1010000 		.4byte	.LASF17
 222 00bc 06       		.uleb128 0x6
 223 00bd AE010000 		.4byte	.LASF35
 224 00c1 01       		.byte	0x1
 225 00c2 13       		.byte	0x13
 226 00c3 68000000 		.4byte	0x68
 227 00c7 00000000 		.4byte	.LFB64
 228 00cb 74000000 		.4byte	.LFE64-.LFB64
 229 00cf 01       		.uleb128 0x1
 230 00d0 9C       		.byte	0x9c
 231 00d1 56010000 		.4byte	0x156
 232 00d5 07       		.uleb128 0x7
 233 00d6 08000000 		.4byte	.LVL0
 234 00da BB010000 		.4byte	0x1bb
 235 00de 07       		.uleb128 0x7
 236 00df 0C000000 		.4byte	.LVL1
 237 00e3 C6010000 		.4byte	0x1c6
 238 00e7 07       		.uleb128 0x7
 239 00e8 10000000 		.4byte	.LVL2
 240 00ec D1010000 		.4byte	0x1d1
 241 00f0 08       		.uleb128 0x8
 242 00f1 16000000 		.4byte	.LVL3
 243 00f5 DC010000 		.4byte	0x1dc
 244 00f9 03010000 		.4byte	0x103
 245 00fd 09       		.uleb128 0x9
 246 00fe 01       		.uleb128 0x1
 247 00ff 50       		.byte	0x50
ARM GAS  C:\Users\ESTEBAN\AppData\Local\Temp\ccLgRvLg.s 			page 6


 248 0100 01       		.uleb128 0x1
 249 0101 30       		.byte	0x30
 250 0102 00       		.byte	0
 251 0103 07       		.uleb128 0x7
 252 0104 1A000000 		.4byte	.LVL4
 253 0108 E7010000 		.4byte	0x1e7
 254 010c 07       		.uleb128 0x7
 255 010d 22000000 		.4byte	.LVL5
 256 0111 F2010000 		.4byte	0x1f2
 257 0115 08       		.uleb128 0x8
 258 0116 4C000000 		.4byte	.LVL8
 259 011a FD010000 		.4byte	0x1fd
 260 011e 32010000 		.4byte	0x132
 261 0122 09       		.uleb128 0x9
 262 0123 01       		.uleb128 0x1
 263 0124 50       		.byte	0x50
 264 0125 02       		.uleb128 0x2
 265 0126 74       		.byte	0x74
 266 0127 00       		.sleb128 0
 267 0128 09       		.uleb128 0x9
 268 0129 01       		.uleb128 0x1
 269 012a 51       		.byte	0x51
 270 012b 05       		.uleb128 0x5
 271 012c 03       		.byte	0x3
 272 012d 00000000 		.4byte	.LC0
 273 0131 00       		.byte	0
 274 0132 08       		.uleb128 0x8
 275 0133 52000000 		.4byte	.LVL9
 276 0137 08020000 		.4byte	0x208
 277 013b 46010000 		.4byte	0x146
 278 013f 09       		.uleb128 0x9
 279 0140 01       		.uleb128 0x1
 280 0141 50       		.byte	0x50
 281 0142 02       		.uleb128 0x2
 282 0143 74       		.byte	0x74
 283 0144 00       		.sleb128 0
 284 0145 00       		.byte	0
 285 0146 0A       		.uleb128 0xa
 286 0147 58000000 		.4byte	.LVL10
 287 014b 13020000 		.4byte	0x213
 288 014f 09       		.uleb128 0x9
 289 0150 01       		.uleb128 0x1
 290 0151 50       		.byte	0x50
 291 0152 01       		.uleb128 0x1
 292 0153 31       		.byte	0x31
 293 0154 00       		.byte	0
 294 0155 00       		.byte	0
 295 0156 0B       		.uleb128 0xb
 296 0157 7F010000 		.4byte	.LASF18
 297 015b 05       		.byte	0x5
 298 015c 1207     		.2byte	0x712
 299 015e 62010000 		.4byte	0x162
 300 0162 0C       		.uleb128 0xc
 301 0163 76000000 		.4byte	0x76
 302 0167 0D       		.uleb128 0xd
 303 0168 9B000000 		.4byte	.LASF19
 304 016c 01       		.byte	0x1
ARM GAS  C:\Users\ESTEBAN\AppData\Local\Temp\ccLgRvLg.s 			page 7


 305 016d 0F       		.byte	0xf
 306 016e 8D000000 		.4byte	0x8d
 307 0172 05       		.uleb128 0x5
 308 0173 03       		.byte	0x3
 309 0174 00000000 		.4byte	temperatura
 310 0178 0D       		.uleb128 0xd
 311 0179 24000000 		.4byte	.LASF20
 312 017d 01       		.byte	0x1
 313 017e 10       		.byte	0x10
 314 017f 81000000 		.4byte	0x81
 315 0183 05       		.uleb128 0x5
 316 0184 03       		.byte	0x3
 317 0185 00000000 		.4byte	valor_adc
 318 0189 0D       		.uleb128 0xd
 319 018a 5E020000 		.4byte	.LASF21
 320 018e 01       		.byte	0x1
 321 018f 10       		.byte	0x10
 322 0190 81000000 		.4byte	0x81
 323 0194 05       		.uleb128 0x5
 324 0195 03       		.byte	0x3
 325 0196 00000000 		.4byte	voltaje
 326 019a 0E       		.uleb128 0xe
 327 019b A7000000 		.4byte	0xa7
 328 019f AA010000 		.4byte	0x1aa
 329 01a3 0F       		.uleb128 0xf
 330 01a4 B5000000 		.4byte	0xb5
 331 01a8 00       		.byte	0
 332 01a9 00       		.byte	0
 333 01aa 0D       		.uleb128 0xd
 334 01ab 00000000 		.4byte	.LASF22
 335 01af 01       		.byte	0x1
 336 01b0 11       		.byte	0x11
 337 01b1 9A010000 		.4byte	0x19a
 338 01b5 05       		.uleb128 0x5
 339 01b6 03       		.byte	0x3
 340 01b7 00000000 		.4byte	valor
 341 01bb 10       		.uleb128 0x10
 342 01bc DF010000 		.4byte	.LASF23
 343 01c0 DF010000 		.4byte	.LASF23
 344 01c4 06       		.byte	0x6
 345 01c5 3A       		.byte	0x3a
 346 01c6 10       		.uleb128 0x10
 347 01c7 74010000 		.4byte	.LASF24
 348 01cb 74010000 		.4byte	.LASF24
 349 01cf 07       		.byte	0x7
 350 01d0 54       		.byte	0x54
 351 01d1 10       		.uleb128 0x10
 352 01d2 49010000 		.4byte	.LASF25
 353 01d6 49010000 		.4byte	.LASF25
 354 01da 06       		.byte	0x6
 355 01db 3D       		.byte	0x3d
 356 01dc 10       		.uleb128 0x10
 357 01dd 5A010000 		.4byte	.LASF26
 358 01e1 5A010000 		.4byte	.LASF26
 359 01e5 06       		.byte	0x6
 360 01e6 3F       		.byte	0x3f
 361 01e7 10       		.uleb128 0x10
ARM GAS  C:\Users\ESTEBAN\AppData\Local\Temp\ccLgRvLg.s 			page 8


 362 01e8 8C010000 		.4byte	.LASF27
 363 01ec 8C010000 		.4byte	.LASF27
 364 01f0 06       		.byte	0x6
 365 01f1 42       		.byte	0x42
 366 01f2 10       		.uleb128 0x10
 367 01f3 10000000 		.4byte	.LASF28
 368 01f7 10000000 		.4byte	.LASF28
 369 01fb 06       		.byte	0x6
 370 01fc 47       		.byte	0x47
 371 01fd 10       		.uleb128 0x10
 372 01fe 4E020000 		.4byte	.LASF29
 373 0202 4E020000 		.4byte	.LASF29
 374 0206 08       		.byte	0x8
 375 0207 E7       		.byte	0xe7
 376 0208 10       		.uleb128 0x10
 377 0209 3F020000 		.4byte	.LASF30
 378 020d 3F020000 		.4byte	.LASF30
 379 0211 07       		.byte	0x7
 380 0212 8B       		.byte	0x8b
 381 0213 10       		.uleb128 0x10
 382 0214 56020000 		.4byte	.LASF31
 383 0218 56020000 		.4byte	.LASF31
 384 021c 09       		.byte	0x9
 385 021d 76       		.byte	0x76
 386 021e 00       		.byte	0
 387              		.section	.debug_abbrev,"",%progbits
 388              	.Ldebug_abbrev0:
 389 0000 01       		.uleb128 0x1
 390 0001 11       		.uleb128 0x11
 391 0002 01       		.byte	0x1
 392 0003 25       		.uleb128 0x25
 393 0004 0E       		.uleb128 0xe
 394 0005 13       		.uleb128 0x13
 395 0006 0B       		.uleb128 0xb
 396 0007 03       		.uleb128 0x3
 397 0008 0E       		.uleb128 0xe
 398 0009 1B       		.uleb128 0x1b
 399 000a 0E       		.uleb128 0xe
 400 000b 55       		.uleb128 0x55
 401 000c 17       		.uleb128 0x17
 402 000d 11       		.uleb128 0x11
 403 000e 01       		.uleb128 0x1
 404 000f 10       		.uleb128 0x10
 405 0010 17       		.uleb128 0x17
 406 0011 00       		.byte	0
 407 0012 00       		.byte	0
 408 0013 02       		.uleb128 0x2
 409 0014 24       		.uleb128 0x24
 410 0015 00       		.byte	0
 411 0016 0B       		.uleb128 0xb
 412 0017 0B       		.uleb128 0xb
 413 0018 3E       		.uleb128 0x3e
 414 0019 0B       		.uleb128 0xb
 415 001a 03       		.uleb128 0x3
 416 001b 0E       		.uleb128 0xe
 417 001c 00       		.byte	0
 418 001d 00       		.byte	0
ARM GAS  C:\Users\ESTEBAN\AppData\Local\Temp\ccLgRvLg.s 			page 9


 419 001e 03       		.uleb128 0x3
 420 001f 16       		.uleb128 0x16
 421 0020 00       		.byte	0
 422 0021 03       		.uleb128 0x3
 423 0022 0E       		.uleb128 0xe
 424 0023 3A       		.uleb128 0x3a
 425 0024 0B       		.uleb128 0xb
 426 0025 3B       		.uleb128 0x3b
 427 0026 0B       		.uleb128 0xb
 428 0027 49       		.uleb128 0x49
 429 0028 13       		.uleb128 0x13
 430 0029 00       		.byte	0
 431 002a 00       		.byte	0
 432 002b 04       		.uleb128 0x4
 433 002c 24       		.uleb128 0x24
 434 002d 00       		.byte	0
 435 002e 0B       		.uleb128 0xb
 436 002f 0B       		.uleb128 0xb
 437 0030 3E       		.uleb128 0x3e
 438 0031 0B       		.uleb128 0xb
 439 0032 03       		.uleb128 0x3
 440 0033 08       		.uleb128 0x8
 441 0034 00       		.byte	0
 442 0035 00       		.byte	0
 443 0036 05       		.uleb128 0x5
 444 0037 16       		.uleb128 0x16
 445 0038 00       		.byte	0
 446 0039 03       		.uleb128 0x3
 447 003a 0E       		.uleb128 0xe
 448 003b 3A       		.uleb128 0x3a
 449 003c 0B       		.uleb128 0xb
 450 003d 3B       		.uleb128 0x3b
 451 003e 05       		.uleb128 0x5
 452 003f 49       		.uleb128 0x49
 453 0040 13       		.uleb128 0x13
 454 0041 00       		.byte	0
 455 0042 00       		.byte	0
 456 0043 06       		.uleb128 0x6
 457 0044 2E       		.uleb128 0x2e
 458 0045 01       		.byte	0x1
 459 0046 3F       		.uleb128 0x3f
 460 0047 19       		.uleb128 0x19
 461 0048 03       		.uleb128 0x3
 462 0049 0E       		.uleb128 0xe
 463 004a 3A       		.uleb128 0x3a
 464 004b 0B       		.uleb128 0xb
 465 004c 3B       		.uleb128 0x3b
 466 004d 0B       		.uleb128 0xb
 467 004e 27       		.uleb128 0x27
 468 004f 19       		.uleb128 0x19
 469 0050 49       		.uleb128 0x49
 470 0051 13       		.uleb128 0x13
 471 0052 8701     		.uleb128 0x87
 472 0054 19       		.uleb128 0x19
 473 0055 11       		.uleb128 0x11
 474 0056 01       		.uleb128 0x1
 475 0057 12       		.uleb128 0x12
ARM GAS  C:\Users\ESTEBAN\AppData\Local\Temp\ccLgRvLg.s 			page 10


 476 0058 06       		.uleb128 0x6
 477 0059 40       		.uleb128 0x40
 478 005a 18       		.uleb128 0x18
 479 005b 9642     		.uleb128 0x2116
 480 005d 19       		.uleb128 0x19
 481 005e 01       		.uleb128 0x1
 482 005f 13       		.uleb128 0x13
 483 0060 00       		.byte	0
 484 0061 00       		.byte	0
 485 0062 07       		.uleb128 0x7
 486 0063 898201   		.uleb128 0x4109
 487 0066 00       		.byte	0
 488 0067 11       		.uleb128 0x11
 489 0068 01       		.uleb128 0x1
 490 0069 31       		.uleb128 0x31
 491 006a 13       		.uleb128 0x13
 492 006b 00       		.byte	0
 493 006c 00       		.byte	0
 494 006d 08       		.uleb128 0x8
 495 006e 898201   		.uleb128 0x4109
 496 0071 01       		.byte	0x1
 497 0072 11       		.uleb128 0x11
 498 0073 01       		.uleb128 0x1
 499 0074 31       		.uleb128 0x31
 500 0075 13       		.uleb128 0x13
 501 0076 01       		.uleb128 0x1
 502 0077 13       		.uleb128 0x13
 503 0078 00       		.byte	0
 504 0079 00       		.byte	0
 505 007a 09       		.uleb128 0x9
 506 007b 8A8201   		.uleb128 0x410a
 507 007e 00       		.byte	0
 508 007f 02       		.uleb128 0x2
 509 0080 18       		.uleb128 0x18
 510 0081 9142     		.uleb128 0x2111
 511 0083 18       		.uleb128 0x18
 512 0084 00       		.byte	0
 513 0085 00       		.byte	0
 514 0086 0A       		.uleb128 0xa
 515 0087 898201   		.uleb128 0x4109
 516 008a 01       		.byte	0x1
 517 008b 11       		.uleb128 0x11
 518 008c 01       		.uleb128 0x1
 519 008d 31       		.uleb128 0x31
 520 008e 13       		.uleb128 0x13
 521 008f 00       		.byte	0
 522 0090 00       		.byte	0
 523 0091 0B       		.uleb128 0xb
 524 0092 34       		.uleb128 0x34
 525 0093 00       		.byte	0
 526 0094 03       		.uleb128 0x3
 527 0095 0E       		.uleb128 0xe
 528 0096 3A       		.uleb128 0x3a
 529 0097 0B       		.uleb128 0xb
 530 0098 3B       		.uleb128 0x3b
 531 0099 05       		.uleb128 0x5
 532 009a 49       		.uleb128 0x49
ARM GAS  C:\Users\ESTEBAN\AppData\Local\Temp\ccLgRvLg.s 			page 11


 533 009b 13       		.uleb128 0x13
 534 009c 3F       		.uleb128 0x3f
 535 009d 19       		.uleb128 0x19
 536 009e 3C       		.uleb128 0x3c
 537 009f 19       		.uleb128 0x19
 538 00a0 00       		.byte	0
 539 00a1 00       		.byte	0
 540 00a2 0C       		.uleb128 0xc
 541 00a3 35       		.uleb128 0x35
 542 00a4 00       		.byte	0
 543 00a5 49       		.uleb128 0x49
 544 00a6 13       		.uleb128 0x13
 545 00a7 00       		.byte	0
 546 00a8 00       		.byte	0
 547 00a9 0D       		.uleb128 0xd
 548 00aa 34       		.uleb128 0x34
 549 00ab 00       		.byte	0
 550 00ac 03       		.uleb128 0x3
 551 00ad 0E       		.uleb128 0xe
 552 00ae 3A       		.uleb128 0x3a
 553 00af 0B       		.uleb128 0xb
 554 00b0 3B       		.uleb128 0x3b
 555 00b1 0B       		.uleb128 0xb
 556 00b2 49       		.uleb128 0x49
 557 00b3 13       		.uleb128 0x13
 558 00b4 3F       		.uleb128 0x3f
 559 00b5 19       		.uleb128 0x19
 560 00b6 02       		.uleb128 0x2
 561 00b7 18       		.uleb128 0x18
 562 00b8 00       		.byte	0
 563 00b9 00       		.byte	0
 564 00ba 0E       		.uleb128 0xe
 565 00bb 01       		.uleb128 0x1
 566 00bc 01       		.byte	0x1
 567 00bd 49       		.uleb128 0x49
 568 00be 13       		.uleb128 0x13
 569 00bf 01       		.uleb128 0x1
 570 00c0 13       		.uleb128 0x13
 571 00c1 00       		.byte	0
 572 00c2 00       		.byte	0
 573 00c3 0F       		.uleb128 0xf
 574 00c4 21       		.uleb128 0x21
 575 00c5 00       		.byte	0
 576 00c6 49       		.uleb128 0x49
 577 00c7 13       		.uleb128 0x13
 578 00c8 2F       		.uleb128 0x2f
 579 00c9 0B       		.uleb128 0xb
 580 00ca 00       		.byte	0
 581 00cb 00       		.byte	0
 582 00cc 10       		.uleb128 0x10
 583 00cd 2E       		.uleb128 0x2e
 584 00ce 00       		.byte	0
 585 00cf 3F       		.uleb128 0x3f
 586 00d0 19       		.uleb128 0x19
 587 00d1 3C       		.uleb128 0x3c
 588 00d2 19       		.uleb128 0x19
 589 00d3 6E       		.uleb128 0x6e
ARM GAS  C:\Users\ESTEBAN\AppData\Local\Temp\ccLgRvLg.s 			page 12


 590 00d4 0E       		.uleb128 0xe
 591 00d5 03       		.uleb128 0x3
 592 00d6 0E       		.uleb128 0xe
 593 00d7 3A       		.uleb128 0x3a
 594 00d8 0B       		.uleb128 0xb
 595 00d9 3B       		.uleb128 0x3b
 596 00da 0B       		.uleb128 0xb
 597 00db 00       		.byte	0
 598 00dc 00       		.byte	0
 599 00dd 00       		.byte	0
 600              		.section	.debug_aranges,"",%progbits
 601 0000 1C000000 		.4byte	0x1c
 602 0004 0200     		.2byte	0x2
 603 0006 00000000 		.4byte	.Ldebug_info0
 604 000a 04       		.byte	0x4
 605 000b 00       		.byte	0
 606 000c 0000     		.2byte	0
 607 000e 0000     		.2byte	0
 608 0010 00000000 		.4byte	.LFB64
 609 0014 74000000 		.4byte	.LFE64-.LFB64
 610 0018 00000000 		.4byte	0
 611 001c 00000000 		.4byte	0
 612              		.section	.debug_ranges,"",%progbits
 613              	.Ldebug_ranges0:
 614 0000 00000000 		.4byte	.LFB64
 615 0004 74000000 		.4byte	.LFE64
 616 0008 00000000 		.4byte	0
 617 000c 00000000 		.4byte	0
 618              		.section	.debug_line,"",%progbits
 619              	.Ldebug_line0:
 620 0000 1C020000 		.section	.debug_str,"MS",%progbits,1
 620      0200DD01 
 620      00000201 
 620      FB0E0D00 
 620      01010101 
 621              	.LASF22:
 622 0000 76616C6F 		.ascii	"valor\000"
 622      7200
 623              	.LASF9:
 624 0006 5F5F696E 		.ascii	"__int32_t\000"
 624      7433325F 
 624      7400
 625              	.LASF28:
 626 0010 4144435F 		.ascii	"ADC_CountsTo_mVolts\000"
 626      436F756E 
 626      7473546F 
 626      5F6D566F 
 626      6C747300 
 627              	.LASF20:
 628 0024 76616C6F 		.ascii	"valor_adc\000"
 628      725F6164 
 628      6300
 629              	.LASF3:
 630 002e 73686F72 		.ascii	"short unsigned int\000"
 630      7420756E 
 630      7369676E 
 630      65642069 
ARM GAS  C:\Users\ESTEBAN\AppData\Local\Temp\ccLgRvLg.s 			page 13


 630      6E7400
 631              	.LASF14:
 632 0041 646F7562 		.ascii	"double\000"
 632      6C6500
 633              	.LASF34:
 634 0048 443A5C55 		.ascii	"D:\\Users\\ESTEBAN\\Desktop\\Materias\\Codigos\\Psc"
 634      73657273 
 634      5C455354 
 634      4542414E 
 634      5C446573 
 635 0075 6F635C73 		.ascii	"oc\\sensor LM35\\Workspace01\\LM35.cydsn\000"
 635      656E736F 
 635      72204C4D 
 635      33355C57 
 635      6F726B73 
 636              	.LASF19:
 637 009b 74656D70 		.ascii	"temperatura\000"
 637      65726174 
 637      75726100 
 638              	.LASF13:
 639 00a7 666C6F61 		.ascii	"float\000"
 639      7400
 640              	.LASF1:
 641 00ad 756E7369 		.ascii	"unsigned char\000"
 641      676E6564 
 641      20636861 
 641      7200
 642              	.LASF32:
 643 00bb 474E5520 		.ascii	"GNU C11 5.4.1 20160609 (release) [ARM/embedded-5-br"
 643      43313120 
 643      352E342E 
 643      31203230 
 643      31363036 
 644 00ee 616E6368 		.ascii	"anch revision 237715] -mcpu=cortex-m3 -mthumb -g -O"
 644      20726576 
 644      6973696F 
 644      6E203233 
 644      37373135 
 645 0121 67202D66 		.ascii	"g -ffunction-sections -ffat-lto-objects\000"
 645      66756E63 
 645      74696F6E 
 645      2D736563 
 645      74696F6E 
 646              	.LASF25:
 647 0149 4144435F 		.ascii	"ADC_StartConvert\000"
 647      53746172 
 647      74436F6E 
 647      76657274 
 647      00
 648              	.LASF26:
 649 015a 4144435F 		.ascii	"ADC_IsEndConversion\000"
 649      4973456E 
 649      64436F6E 
 649      76657273 
 649      696F6E00 
 650              	.LASF11:
 651 016e 696E7433 		.ascii	"int32\000"
ARM GAS  C:\Users\ESTEBAN\AppData\Local\Temp\ccLgRvLg.s 			page 14


 651      3200
 652              	.LASF24:
 653 0174 55415254 		.ascii	"UART_Start\000"
 653      5F537461 
 653      727400
 654              	.LASF18:
 655 017f 49544D5F 		.ascii	"ITM_RxBuffer\000"
 655      52784275 
 655      66666572 
 655      00
 656              	.LASF27:
 657 018c 4144435F 		.ascii	"ADC_GetResult32\000"
 657      47657452 
 657      6573756C 
 657      74333200 
 658              	.LASF5:
 659 019c 6C6F6E67 		.ascii	"long unsigned int\000"
 659      20756E73 
 659      69676E65 
 659      6420696E 
 659      7400
 660              	.LASF35:
 661 01ae 6D61696E 		.ascii	"main\000"
 661      00
 662              	.LASF12:
 663 01b3 666C6F61 		.ascii	"float32\000"
 663      74333200 
 664              	.LASF8:
 665 01bb 756E7369 		.ascii	"unsigned int\000"
 665      676E6564 
 665      20696E74 
 665      00
 666              	.LASF7:
 667 01c8 6C6F6E67 		.ascii	"long long unsigned int\000"
 667      206C6F6E 
 667      6720756E 
 667      7369676E 
 667      65642069 
 668              	.LASF23:
 669 01df 4144435F 		.ascii	"ADC_Start\000"
 669      53746172 
 669      7400
 670              	.LASF10:
 671 01e9 696E7433 		.ascii	"int32_t\000"
 671      325F7400 
 672              	.LASF17:
 673 01f1 73697A65 		.ascii	"sizetype\000"
 673      74797065 
 673      00
 674              	.LASF6:
 675 01fa 6C6F6E67 		.ascii	"long long int\000"
 675      206C6F6E 
 675      6720696E 
 675      7400
 676              	.LASF33:
 677 0208 6D61696E 		.ascii	"main.c\000"
 677      2E6300
ARM GAS  C:\Users\ESTEBAN\AppData\Local\Temp\ccLgRvLg.s 			page 15


 678              	.LASF15:
 679 020f 63686172 		.ascii	"char\000"
 679      00
 680              	.LASF2:
 681 0214 73686F72 		.ascii	"short int\000"
 681      7420696E 
 681      7400
 682              	.LASF4:
 683 021e 6C6F6E67 		.ascii	"long int\000"
 683      20696E74 
 683      00
 684              	.LASF16:
 685 0227 6C6F6E67 		.ascii	"long double\000"
 685      20646F75 
 685      626C6500 
 686              	.LASF0:
 687 0233 7369676E 		.ascii	"signed char\000"
 687      65642063 
 687      68617200 
 688              	.LASF30:
 689 023f 55415254 		.ascii	"UART_PutString\000"
 689      5F507574 
 689      53747269 
 689      6E6700
 690              	.LASF29:
 691 024e 73707269 		.ascii	"sprintf\000"
 691      6E746600 
 692              	.LASF31:
 693 0256 43794465 		.ascii	"CyDelay\000"
 693      6C617900 
 694              	.LASF21:
 695 025e 766F6C74 		.ascii	"voltaje\000"
 695      616A6500 
 696              		.ident	"GCC: (GNU Tools for ARM Embedded Processors) 5.4.1 20160609 (release) [ARM/embedded-5-bran
