
ROM used:   2891/8192 (35%)
            3106/8192 (38%) including unused fragments

            0.7 Average locations per line
            3.9 Average locations per statement

RAM used:   74/368 (20%) at main() level
            117/368 (32%) worst case

Stack used: 9 worst case (4 in main + 5 for interrupts)
Stack size: 8

Lines Stmts  %   Files
----- ----- ---  -----
  602   363  50  Matriz.c
  671     0   0  C:\Program Files (x86)\PICC\devices\16f877a.h
  492   112  15  C:\Program Files (x86)\PICC\drivers\lcd.c
 2229   257  35  C:\Program Files (x86)\PICC\drivers\math.h
----- -----
 3994   732 Total

Page ROM  %  RAM   Vol Diff  Functions:
---- --- --- ---   --- ----  ----------
0     21   1    1             @delay_ms1
 Inline         3   760  4.5  lcd_read_byte
 Inline         2   262  3.7  lcd_read_nibble
0     57   2    1   399  2.4  lcd_send_nibble
0    216   7    3   415  3.7  lcd_send_byte
0    138   5    6   852  6.2  lcd_init
0     20   1    4   208  6.3  lcd_gotoxy
0     58   2    1   354  4.7  lcd_putc
0     59   2    5   267  6.8  lcd_set_cgram_char
0     16   1    1    52  1.9  lcd_clear
0    971  34    0 14234  8.5  serial_isr
0      9   0    0             @const832
 Inline         4             @PSTRINGC7_649
0      8   0    0             @const834
 Inline         5             @PSTRINGCN7_649
0      9   0    0             @const837
0      7   0    0             @const838
0     98   3    0             @goto11339
0     47   2    0 14234  8.5  @goto11384
1   1058  37    1  3061  6.4  MAIN
0      6   0    0             @const850
0      5   0    0             @const854
0      7   0    0             @const855
 Inline         0  1276  3.9  @cinit1

Program metrics:
    Functions               13
    Statements              732
    Comments                499
    Volume (V)              46990
    Difficulty (D)          65.9
    Effort to implement (E) 3096224
    Time to implement (T)   47 hours, 47 minutes
    Est Delivered Bugs (B)  7
    Cyclomatic Complexity   284
    Maintainability (MI)    49

 Segment     Used  Free
-----------  ----  ----
00000-00003     4  0  
00004-00050    77  0  
00051-007FF  1752  215  
00800-00FFF  1058  990  
01000-017FF     0  2048  
01800-01FFF     0  2048  



