ARM GAS  C:\Users\ESTEBAN\AppData\Local\Temp\ccL8kg30.s 			page 1


   1              		.syntax unified
   2              		.cpu cortex-m3
   3              		.fpu softvfp
   4              		.eabi_attribute 20, 1
   5              		.eabi_attribute 21, 1
   6              		.eabi_attribute 23, 3
   7              		.eabi_attribute 24, 1
   8              		.eabi_attribute 25, 1
   9              		.eabi_attribute 26, 1
  10              		.eabi_attribute 30, 1
  11              		.eabi_attribute 34, 1
  12              		.eabi_attribute 18, 4
  13              		.thumb
  14              		.syntax unified
  15              		.file	"CapSense_SMS_Wrapper.c"
  16              		.text
  17              	.Ltext0:
  18              		.cfi_sections	.debug_frame
  19              		.section	.text.SMS_LIB_ScanSensor,"ax",%progbits
  20              		.align	2
  21              		.global	SMS_LIB_ScanSensor
  22              		.thumb
  23              		.thumb_func
  24              		.type	SMS_LIB_ScanSensor, %function
  25              	SMS_LIB_ScanSensor:
  26              	.LFB0:
  27              		.file 1 "Generated_Source\\PSoC5\\CapSense_SMS_Wrapper.c"
   1:Generated_Source\PSoC5/CapSense_SMS_Wrapper.c **** /*******************************************************************************
   2:Generated_Source\PSoC5/CapSense_SMS_Wrapper.c **** * File Name: CapSense_SMS_Wrapper.c
   3:Generated_Source\PSoC5/CapSense_SMS_Wrapper.c **** * Version 3.50
   4:Generated_Source\PSoC5/CapSense_SMS_Wrapper.c **** *
   5:Generated_Source\PSoC5/CapSense_SMS_Wrapper.c **** * Description:
   6:Generated_Source\PSoC5/CapSense_SMS_Wrapper.c **** *  This file provides the source code of wrapper between CapSense CSD component 
   7:Generated_Source\PSoC5/CapSense_SMS_Wrapper.c **** *  and Auto Tuning library.
   8:Generated_Source\PSoC5/CapSense_SMS_Wrapper.c **** *
   9:Generated_Source\PSoC5/CapSense_SMS_Wrapper.c **** * Note:
  10:Generated_Source\PSoC5/CapSense_SMS_Wrapper.c **** *
  11:Generated_Source\PSoC5/CapSense_SMS_Wrapper.c **** ********************************************************************************
  12:Generated_Source\PSoC5/CapSense_SMS_Wrapper.c **** * Copyright 2008-2012, Cypress Semiconductor Corporation.  All rights reserved.
  13:Generated_Source\PSoC5/CapSense_SMS_Wrapper.c **** * You may use this file only in accordance with the license, terms, conditions,
  14:Generated_Source\PSoC5/CapSense_SMS_Wrapper.c **** * disclaimers, and limitations in the end user license agreement accompanying
  15:Generated_Source\PSoC5/CapSense_SMS_Wrapper.c **** * the software package with which this file was provided.
  16:Generated_Source\PSoC5/CapSense_SMS_Wrapper.c **** *******************************************************************************/
  17:Generated_Source\PSoC5/CapSense_SMS_Wrapper.c **** 
  18:Generated_Source\PSoC5/CapSense_SMS_Wrapper.c **** #include "CapSense.h"
  19:Generated_Source\PSoC5/CapSense_SMS_Wrapper.c **** #include "CapSense_CSHL.h"
  20:Generated_Source\PSoC5/CapSense_SMS_Wrapper.c **** 
  21:Generated_Source\PSoC5/CapSense_SMS_Wrapper.c **** #if (CapSense_TUNING_METHOD == CapSense_AUTO_TUNING)
  22:Generated_Source\PSoC5/CapSense_SMS_Wrapper.c **** 
  23:Generated_Source\PSoC5/CapSense_SMS_Wrapper.c **** extern uint8 CapSense_noiseThreshold[CapSense_WIDGET_CSHL_PARAMETERS_COUNT];
  24:Generated_Source\PSoC5/CapSense_SMS_Wrapper.c **** extern uint8 CapSense_hysteresis[CapSense_WIDGET_CSHL_PARAMETERS_COUNT];
  25:Generated_Source\PSoC5/CapSense_SMS_Wrapper.c **** extern uint8 CapSense_widgetResolution[CapSense_WIDGET_RESOLUTION_PARAMETERS_COUNT];
  26:Generated_Source\PSoC5/CapSense_SMS_Wrapper.c **** extern const uint8 CYCODE CapSense_numberOfSensors[CapSense_SENSORS_TBL_SIZE];
  27:Generated_Source\PSoC5/CapSense_SMS_Wrapper.c **** extern const uint8 CYCODE CapSense_rawDataIndex[CapSense_SENSORS_TBL_SIZE];
  28:Generated_Source\PSoC5/CapSense_SMS_Wrapper.c **** 
  29:Generated_Source\PSoC5/CapSense_SMS_Wrapper.c **** extern uint8 CapSense_fingerThreshold[CapSense_WIDGET_CSHL_PARAMETERS_COUNT];
  30:Generated_Source\PSoC5/CapSense_SMS_Wrapper.c **** extern uint8 CapSense_idacSettings[CapSense_TOTAL_SENSOR_COUNT];
ARM GAS  C:\Users\ESTEBAN\AppData\Local\Temp\ccL8kg30.s 			page 2


  31:Generated_Source\PSoC5/CapSense_SMS_Wrapper.c **** extern uint8 CapSense_analogSwitchDivider[CapSense_TOTAL_SCANSLOT_COUNT];
  32:Generated_Source\PSoC5/CapSense_SMS_Wrapper.c **** 
  33:Generated_Source\PSoC5/CapSense_SMS_Wrapper.c **** extern void SMS_LIB_V3_50_CalculateThresholds(uint8 SensorNumber);
  34:Generated_Source\PSoC5/CapSense_SMS_Wrapper.c **** extern void SMS_LIB_V3_50_AutoTune1Ch(void);
  35:Generated_Source\PSoC5/CapSense_SMS_Wrapper.c **** extern void SMS_LIB_V3_50_AutoTune2Ch(void);
  36:Generated_Source\PSoC5/CapSense_SMS_Wrapper.c **** 
  37:Generated_Source\PSoC5/CapSense_SMS_Wrapper.c **** uint8  * SMS_LIB_noiseThreshold = CapSense_noiseThreshold;
  38:Generated_Source\PSoC5/CapSense_SMS_Wrapper.c **** uint8 * SMS_LIB_hysteresis = CapSense_hysteresis;
  39:Generated_Source\PSoC5/CapSense_SMS_Wrapper.c **** 
  40:Generated_Source\PSoC5/CapSense_SMS_Wrapper.c **** uint8 * SMS_LIB_widgetResolution = CapSense_widgetResolution;
  41:Generated_Source\PSoC5/CapSense_SMS_Wrapper.c **** 
  42:Generated_Source\PSoC5/CapSense_SMS_Wrapper.c **** const uint8 CYCODE * SMS_LIB_widgetNumber = CapSense_widgetNumber;
  43:Generated_Source\PSoC5/CapSense_SMS_Wrapper.c **** const uint8 CYCODE * SMS_LIB_numberOfSensors = CapSense_numberOfSensors;
  44:Generated_Source\PSoC5/CapSense_SMS_Wrapper.c **** const uint8 CYCODE * SMS_LIB_rawDataIndex = CapSense_rawDataIndex;
  45:Generated_Source\PSoC5/CapSense_SMS_Wrapper.c **** 
  46:Generated_Source\PSoC5/CapSense_SMS_Wrapper.c **** uint8 * SMS_LIB_fingerThreshold = CapSense_fingerThreshold;
  47:Generated_Source\PSoC5/CapSense_SMS_Wrapper.c **** uint8 * SMS_LIB_idacSettings = CapSense_idacSettings;
  48:Generated_Source\PSoC5/CapSense_SMS_Wrapper.c **** uint8 * SMS_LIB_prescaler = CapSense_analogSwitchDivider;
  49:Generated_Source\PSoC5/CapSense_SMS_Wrapper.c **** 
  50:Generated_Source\PSoC5/CapSense_SMS_Wrapper.c **** uint16 * SMS_LIB_SensorRaw = CapSense_sensorRaw;
  51:Generated_Source\PSoC5/CapSense_SMS_Wrapper.c **** uint16 * SMS_LIB_SensorBaseline = CapSense_sensorBaseline;
  52:Generated_Source\PSoC5/CapSense_SMS_Wrapper.c **** 
  53:Generated_Source\PSoC5/CapSense_SMS_Wrapper.c **** const uint8 CYCODE SMS_LIB_SensorSensitivity[] = {
  54:Generated_Source\PSoC5/CapSense_SMS_Wrapper.c ****     2, 2, 2, 2, 2, 2, 2, 
  55:Generated_Source\PSoC5/CapSense_SMS_Wrapper.c **** };
  56:Generated_Source\PSoC5/CapSense_SMS_Wrapper.c **** 
  57:Generated_Source\PSoC5/CapSense_SMS_Wrapper.c **** 
  58:Generated_Source\PSoC5/CapSense_SMS_Wrapper.c **** const uint8 CYCODE SMS_LIB_PrescalerTbl[] = {
  59:Generated_Source\PSoC5/CapSense_SMS_Wrapper.c ****     1u, 1u, 1u, 1u, 1u, 1u, 2u, 2u, 2u, 2u, 2u, 3u, 3u, 3u, 3u, 3u, 3u, 4u, 4u, 4u, 4u, 4u, 4u, 5u,
  60:Generated_Source\PSoC5/CapSense_SMS_Wrapper.c **** };
  61:Generated_Source\PSoC5/CapSense_SMS_Wrapper.c **** 
  62:Generated_Source\PSoC5/CapSense_SMS_Wrapper.c **** 
  63:Generated_Source\PSoC5/CapSense_SMS_Wrapper.c **** 
  64:Generated_Source\PSoC5/CapSense_SMS_Wrapper.c **** uint8 SMS_LIB_Table2[CapSense_TOTAL_SENSOR_COUNT];
  65:Generated_Source\PSoC5/CapSense_SMS_Wrapper.c **** uint8 SMS_LIB_Table3[CapSense_TOTAL_SENSOR_COUNT];
  66:Generated_Source\PSoC5/CapSense_SMS_Wrapper.c **** uint16 SMS_LIB_Table4[CapSense_TOTAL_SENSOR_COUNT];
  67:Generated_Source\PSoC5/CapSense_SMS_Wrapper.c **** uint16 SMS_LIB_Table5[CapSense_TOTAL_SENSOR_COUNT];
  68:Generated_Source\PSoC5/CapSense_SMS_Wrapper.c **** uint8 SMS_LIB_Table6[CapSense_TOTAL_SENSOR_COUNT];
  69:Generated_Source\PSoC5/CapSense_SMS_Wrapper.c **** uint8 SMS_LIB_Table7[CapSense_TOTAL_SENSOR_COUNT];
  70:Generated_Source\PSoC5/CapSense_SMS_Wrapper.c **** 
  71:Generated_Source\PSoC5/CapSense_SMS_Wrapper.c **** uint8 SMS_LIB_Table8[CapSense_END_OF_WIDGETS_INDEX];
  72:Generated_Source\PSoC5/CapSense_SMS_Wrapper.c **** uint8 SMS_LIB_Table9[CapSense_END_OF_WIDGETS_INDEX];
  73:Generated_Source\PSoC5/CapSense_SMS_Wrapper.c **** 
  74:Generated_Source\PSoC5/CapSense_SMS_Wrapper.c **** uint8 SMS_LIB_Var1 = (5u);
  75:Generated_Source\PSoC5/CapSense_SMS_Wrapper.c **** uint16 SMS_LIB_Var2 = (10738u);
  76:Generated_Source\PSoC5/CapSense_SMS_Wrapper.c **** 
  77:Generated_Source\PSoC5/CapSense_SMS_Wrapper.c **** uint8 SMS_LIB_TotalSnsCnt = CapSense_TOTAL_SENSOR_COUNT;
  78:Generated_Source\PSoC5/CapSense_SMS_Wrapper.c **** uint8 SMS_LIB_TotalScanSlCnt = CapSense_TOTAL_SCANSLOT_COUNT;
  79:Generated_Source\PSoC5/CapSense_SMS_Wrapper.c **** uint8 SMS_LIB_EndOfWidgInd = CapSense_END_OF_WIDGETS_INDEX;
  80:Generated_Source\PSoC5/CapSense_SMS_Wrapper.c **** 
  81:Generated_Source\PSoC5/CapSense_SMS_Wrapper.c **** #if (CapSense_DESIGN_TYPE == CapSense_TWO_CHANNELS_DESIGN)
  82:Generated_Source\PSoC5/CapSense_SMS_Wrapper.c ****     uint8 SMS_LIB_TotalSnsCnt_CH0 = CapSense_TOTAL_SENSOR_COUNT__CH0;
  83:Generated_Source\PSoC5/CapSense_SMS_Wrapper.c ****     uint8 SMS_LIB_TotalSnsCnt_CH1 = CapSense_TOTAL_SENSOR_COUNT__CH1;
  84:Generated_Source\PSoC5/CapSense_SMS_Wrapper.c **** #else
  85:Generated_Source\PSoC5/CapSense_SMS_Wrapper.c ****     uint8 SMS_LIB_TotalSnsCnt_CH0 = 0u;
  86:Generated_Source\PSoC5/CapSense_SMS_Wrapper.c ****     uint8 SMS_LIB_TotalSnsCnt_CH1 = 0u;
  87:Generated_Source\PSoC5/CapSense_SMS_Wrapper.c **** #endif  /* (CapSense_DESIGN_TYPE == CapSense_TWO_CHANNELS_DESIGN) */
ARM GAS  C:\Users\ESTEBAN\AppData\Local\Temp\ccL8kg30.s 			page 3


  88:Generated_Source\PSoC5/CapSense_SMS_Wrapper.c **** 
  89:Generated_Source\PSoC5/CapSense_SMS_Wrapper.c **** /*******************************************************************************
  90:Generated_Source\PSoC5/CapSense_SMS_Wrapper.c **** * Function Name: SMS_LIB_ScanSensor
  91:Generated_Source\PSoC5/CapSense_SMS_Wrapper.c **** ********************************************************************************
  92:Generated_Source\PSoC5/CapSense_SMS_Wrapper.c **** *
  93:Generated_Source\PSoC5/CapSense_SMS_Wrapper.c **** * Summary:
  94:Generated_Source\PSoC5/CapSense_SMS_Wrapper.c **** *  Wrapper to CapSense_ScanSensor function.
  95:Generated_Source\PSoC5/CapSense_SMS_Wrapper.c **** *
  96:Generated_Source\PSoC5/CapSense_SMS_Wrapper.c **** * Parameters:
  97:Generated_Source\PSoC5/CapSense_SMS_Wrapper.c **** *  SensorNumber:  Sensor number.
  98:Generated_Source\PSoC5/CapSense_SMS_Wrapper.c **** *
  99:Generated_Source\PSoC5/CapSense_SMS_Wrapper.c **** * Return:
 100:Generated_Source\PSoC5/CapSense_SMS_Wrapper.c **** *  None
 101:Generated_Source\PSoC5/CapSense_SMS_Wrapper.c **** *
 102:Generated_Source\PSoC5/CapSense_SMS_Wrapper.c **** * Reentrant:
 103:Generated_Source\PSoC5/CapSense_SMS_Wrapper.c **** *  No
 104:Generated_Source\PSoC5/CapSense_SMS_Wrapper.c **** *
 105:Generated_Source\PSoC5/CapSense_SMS_Wrapper.c **** *******************************************************************************/
 106:Generated_Source\PSoC5/CapSense_SMS_Wrapper.c **** void SMS_LIB_ScanSensor(uint8 SensorNumber) 
 107:Generated_Source\PSoC5/CapSense_SMS_Wrapper.c **** {
  28              		.loc 1 107 0
  29              		.cfi_startproc
  30              		@ args = 0, pretend = 0, frame = 0
  31              		@ frame_needed = 0, uses_anonymous_args = 0
  32              	.LVL0:
  33 0000 08B5     		push	{r3, lr}
  34              		.cfi_def_cfa_offset 8
  35              		.cfi_offset 3, -8
  36              		.cfi_offset 14, -4
 108:Generated_Source\PSoC5/CapSense_SMS_Wrapper.c ****     CapSense_ScanSensor(SensorNumber);
  37              		.loc 1 108 0
  38 0002 FFF7FEFF 		bl	CapSense_ScanSensor
  39              	.LVL1:
  40 0006 08BD     		pop	{r3, pc}
  41              		.cfi_endproc
  42              	.LFE0:
  43              		.size	SMS_LIB_ScanSensor, .-SMS_LIB_ScanSensor
  44              		.section	.text.SMS_LIB_IsBusy,"ax",%progbits
  45              		.align	2
  46              		.global	SMS_LIB_IsBusy
  47              		.thumb
  48              		.thumb_func
  49              		.type	SMS_LIB_IsBusy, %function
  50              	SMS_LIB_IsBusy:
  51              	.LFB1:
 109:Generated_Source\PSoC5/CapSense_SMS_Wrapper.c **** }
 110:Generated_Source\PSoC5/CapSense_SMS_Wrapper.c **** 
 111:Generated_Source\PSoC5/CapSense_SMS_Wrapper.c **** /*******************************************************************************
 112:Generated_Source\PSoC5/CapSense_SMS_Wrapper.c **** * Function Name: SMS_LIB_IsBusy
 113:Generated_Source\PSoC5/CapSense_SMS_Wrapper.c **** ********************************************************************************
 114:Generated_Source\PSoC5/CapSense_SMS_Wrapper.c **** *
 115:Generated_Source\PSoC5/CapSense_SMS_Wrapper.c **** * Summary:
 116:Generated_Source\PSoC5/CapSense_SMS_Wrapper.c **** *  Wrapper to CapSense_IsBusy function.
 117:Generated_Source\PSoC5/CapSense_SMS_Wrapper.c **** *  
 118:Generated_Source\PSoC5/CapSense_SMS_Wrapper.c **** * Parameters:
 119:Generated_Source\PSoC5/CapSense_SMS_Wrapper.c **** *  None
 120:Generated_Source\PSoC5/CapSense_SMS_Wrapper.c **** *
ARM GAS  C:\Users\ESTEBAN\AppData\Local\Temp\ccL8kg30.s 			page 4


 121:Generated_Source\PSoC5/CapSense_SMS_Wrapper.c **** * Return:
 122:Generated_Source\PSoC5/CapSense_SMS_Wrapper.c **** *  None
 123:Generated_Source\PSoC5/CapSense_SMS_Wrapper.c **** *
 124:Generated_Source\PSoC5/CapSense_SMS_Wrapper.c **** *******************************************************************************/
 125:Generated_Source\PSoC5/CapSense_SMS_Wrapper.c **** uint8 SMS_LIB_IsBusy(void) 
 126:Generated_Source\PSoC5/CapSense_SMS_Wrapper.c **** {
  52              		.loc 1 126 0
  53              		.cfi_startproc
  54              		@ args = 0, pretend = 0, frame = 0
  55              		@ frame_needed = 0, uses_anonymous_args = 0
  56 0000 08B5     		push	{r3, lr}
  57              		.cfi_def_cfa_offset 8
  58              		.cfi_offset 3, -8
  59              		.cfi_offset 14, -4
 127:Generated_Source\PSoC5/CapSense_SMS_Wrapper.c ****     return CapSense_IsBusy();
  60              		.loc 1 127 0
  61 0002 FFF7FEFF 		bl	CapSense_IsBusy
  62              	.LVL2:
 128:Generated_Source\PSoC5/CapSense_SMS_Wrapper.c **** }
  63              		.loc 1 128 0
  64 0006 08BD     		pop	{r3, pc}
  65              		.cfi_endproc
  66              	.LFE1:
  67              		.size	SMS_LIB_IsBusy, .-SMS_LIB_IsBusy
  68              		.section	.text.CapSense_CalculateThresholds,"ax",%progbits
  69              		.align	2
  70              		.global	CapSense_CalculateThresholds
  71              		.thumb
  72              		.thumb_func
  73              		.type	CapSense_CalculateThresholds, %function
  74              	CapSense_CalculateThresholds:
  75              	.LFB2:
 129:Generated_Source\PSoC5/CapSense_SMS_Wrapper.c **** 
 130:Generated_Source\PSoC5/CapSense_SMS_Wrapper.c **** 
 131:Generated_Source\PSoC5/CapSense_SMS_Wrapper.c **** /*******************************************************************************
 132:Generated_Source\PSoC5/CapSense_SMS_Wrapper.c **** * Function Name: CapSense_CalculateThresholds
 133:Generated_Source\PSoC5/CapSense_SMS_Wrapper.c **** ********************************************************************************
 134:Generated_Source\PSoC5/CapSense_SMS_Wrapper.c **** *
 135:Generated_Source\PSoC5/CapSense_SMS_Wrapper.c **** * Summary:
 136:Generated_Source\PSoC5/CapSense_SMS_Wrapper.c **** *  Wrapper to SMS_LIB_CalculateThresholds function.
 137:Generated_Source\PSoC5/CapSense_SMS_Wrapper.c **** *
 138:Generated_Source\PSoC5/CapSense_SMS_Wrapper.c **** * Parameters:
 139:Generated_Source\PSoC5/CapSense_SMS_Wrapper.c **** *  SensorNumber:  Sensor number.
 140:Generated_Source\PSoC5/CapSense_SMS_Wrapper.c **** *
 141:Generated_Source\PSoC5/CapSense_SMS_Wrapper.c **** * Return:
 142:Generated_Source\PSoC5/CapSense_SMS_Wrapper.c **** *  None
 143:Generated_Source\PSoC5/CapSense_SMS_Wrapper.c **** *
 144:Generated_Source\PSoC5/CapSense_SMS_Wrapper.c **** * Reentrant:
 145:Generated_Source\PSoC5/CapSense_SMS_Wrapper.c **** *  No
 146:Generated_Source\PSoC5/CapSense_SMS_Wrapper.c **** *
 147:Generated_Source\PSoC5/CapSense_SMS_Wrapper.c **** *******************************************************************************/
 148:Generated_Source\PSoC5/CapSense_SMS_Wrapper.c **** void CapSense_CalculateThresholds(uint8 SensorNumber) 
 149:Generated_Source\PSoC5/CapSense_SMS_Wrapper.c **** {
  76              		.loc 1 149 0
  77              		.cfi_startproc
  78              		@ args = 0, pretend = 0, frame = 0
  79              		@ frame_needed = 0, uses_anonymous_args = 0
ARM GAS  C:\Users\ESTEBAN\AppData\Local\Temp\ccL8kg30.s 			page 5


  80              	.LVL3:
  81 0000 08B5     		push	{r3, lr}
  82              		.cfi_def_cfa_offset 8
  83              		.cfi_offset 3, -8
  84              		.cfi_offset 14, -4
 150:Generated_Source\PSoC5/CapSense_SMS_Wrapper.c ****     SMS_LIB_V3_50_CalculateThresholds(SensorNumber);
  85              		.loc 1 150 0
  86 0002 FFF7FEFF 		bl	SMS_LIB_V3_50_CalculateThresholds
  87              	.LVL4:
  88 0006 08BD     		pop	{r3, pc}
  89              		.cfi_endproc
  90              	.LFE2:
  91              		.size	CapSense_CalculateThresholds, .-CapSense_CalculateThresholds
  92              		.section	.text.CapSense_AutoTune,"ax",%progbits
  93              		.align	2
  94              		.global	CapSense_AutoTune
  95              		.thumb
  96              		.thumb_func
  97              		.type	CapSense_AutoTune, %function
  98              	CapSense_AutoTune:
  99              	.LFB3:
 151:Generated_Source\PSoC5/CapSense_SMS_Wrapper.c **** }
 152:Generated_Source\PSoC5/CapSense_SMS_Wrapper.c **** 
 153:Generated_Source\PSoC5/CapSense_SMS_Wrapper.c **** 
 154:Generated_Source\PSoC5/CapSense_SMS_Wrapper.c **** /*******************************************************************************
 155:Generated_Source\PSoC5/CapSense_SMS_Wrapper.c **** * Function Name: CapSense_AutoTune
 156:Generated_Source\PSoC5/CapSense_SMS_Wrapper.c **** ********************************************************************************
 157:Generated_Source\PSoC5/CapSense_SMS_Wrapper.c **** *
 158:Generated_Source\PSoC5/CapSense_SMS_Wrapper.c **** * Summary:
 159:Generated_Source\PSoC5/CapSense_SMS_Wrapper.c **** *  Wrapper for SMS_LIB_AutoTune1Ch or SMS_LIB_AutoTune2Ch function.
 160:Generated_Source\PSoC5/CapSense_SMS_Wrapper.c **** *
 161:Generated_Source\PSoC5/CapSense_SMS_Wrapper.c **** * Parameters:
 162:Generated_Source\PSoC5/CapSense_SMS_Wrapper.c **** *  None
 163:Generated_Source\PSoC5/CapSense_SMS_Wrapper.c **** *
 164:Generated_Source\PSoC5/CapSense_SMS_Wrapper.c **** * Return:
 165:Generated_Source\PSoC5/CapSense_SMS_Wrapper.c **** *  None
 166:Generated_Source\PSoC5/CapSense_SMS_Wrapper.c **** *
 167:Generated_Source\PSoC5/CapSense_SMS_Wrapper.c **** * Reentrant:
 168:Generated_Source\PSoC5/CapSense_SMS_Wrapper.c **** *  No
 169:Generated_Source\PSoC5/CapSense_SMS_Wrapper.c **** *
 170:Generated_Source\PSoC5/CapSense_SMS_Wrapper.c **** *******************************************************************************/
 171:Generated_Source\PSoC5/CapSense_SMS_Wrapper.c **** void CapSense_AutoTune(void) 
 172:Generated_Source\PSoC5/CapSense_SMS_Wrapper.c **** {
 100              		.loc 1 172 0
 101              		.cfi_startproc
 102              		@ args = 0, pretend = 0, frame = 0
 103              		@ frame_needed = 0, uses_anonymous_args = 0
 104 0000 08B5     		push	{r3, lr}
 105              		.cfi_def_cfa_offset 8
 106              		.cfi_offset 3, -8
 107              		.cfi_offset 14, -4
 173:Generated_Source\PSoC5/CapSense_SMS_Wrapper.c ****     #if (CapSense_DESIGN_TYPE == CapSense_ONE_CHANNEL_DESIGN)
 174:Generated_Source\PSoC5/CapSense_SMS_Wrapper.c ****         SMS_LIB_V3_50_AutoTune1Ch();
 108              		.loc 1 174 0
 109 0002 FFF7FEFF 		bl	SMS_LIB_V3_50_AutoTune1Ch
 110              	.LVL5:
 111 0006 08BD     		pop	{r3, pc}
ARM GAS  C:\Users\ESTEBAN\AppData\Local\Temp\ccL8kg30.s 			page 6


 112              		.cfi_endproc
 113              	.LFE3:
 114              		.size	CapSense_AutoTune, .-CapSense_AutoTune
 115              		.section	.text.SMS_LIB_SetPrescaler,"ax",%progbits
 116              		.align	2
 117              		.global	SMS_LIB_SetPrescaler
 118              		.thumb
 119              		.thumb_func
 120              		.type	SMS_LIB_SetPrescaler, %function
 121              	SMS_LIB_SetPrescaler:
 122              	.LFB4:
 175:Generated_Source\PSoC5/CapSense_SMS_Wrapper.c ****     #elif (CapSense_DESIGN_TYPE == CapSense_TWO_CHANNELS_DESIGN)
 176:Generated_Source\PSoC5/CapSense_SMS_Wrapper.c ****         SMS_LIB_V3_50_AutoTune2Ch();
 177:Generated_Source\PSoC5/CapSense_SMS_Wrapper.c ****     #endif /* (CapSense_DESIGN_TYPE == CapSense_ONE_CHANNEL_DESIGN) */
 178:Generated_Source\PSoC5/CapSense_SMS_Wrapper.c **** }
 179:Generated_Source\PSoC5/CapSense_SMS_Wrapper.c **** 
 180:Generated_Source\PSoC5/CapSense_SMS_Wrapper.c **** /*******************************************************************************
 181:Generated_Source\PSoC5/CapSense_SMS_Wrapper.c **** * Function Name: SMS_LIB_SetPrescaler
 182:Generated_Source\PSoC5/CapSense_SMS_Wrapper.c **** ********************************************************************************
 183:Generated_Source\PSoC5/CapSense_SMS_Wrapper.c **** *
 184:Generated_Source\PSoC5/CapSense_SMS_Wrapper.c **** * Summary:
 185:Generated_Source\PSoC5/CapSense_SMS_Wrapper.c **** *  Empty wrapper for version compliance.
 186:Generated_Source\PSoC5/CapSense_SMS_Wrapper.c **** *
 187:Generated_Source\PSoC5/CapSense_SMS_Wrapper.c **** * Parameters:
 188:Generated_Source\PSoC5/CapSense_SMS_Wrapper.c **** *  prescaler:  prascaler value.
 189:Generated_Source\PSoC5/CapSense_SMS_Wrapper.c **** *
 190:Generated_Source\PSoC5/CapSense_SMS_Wrapper.c **** * Return:
 191:Generated_Source\PSoC5/CapSense_SMS_Wrapper.c **** *  None
 192:Generated_Source\PSoC5/CapSense_SMS_Wrapper.c **** *
 193:Generated_Source\PSoC5/CapSense_SMS_Wrapper.c **** *******************************************************************************/
 194:Generated_Source\PSoC5/CapSense_SMS_Wrapper.c **** void SMS_LIB_SetPrescaler(uint8 prescaler) 
 195:Generated_Source\PSoC5/CapSense_SMS_Wrapper.c **** {
 123              		.loc 1 195 0
 124              		.cfi_startproc
 125              		@ args = 0, pretend = 0, frame = 0
 126              		@ frame_needed = 0, uses_anonymous_args = 0
 127              		@ link register save eliminated.
 128              	.LVL6:
 129 0000 7047     		bx	lr
 130              		.cfi_endproc
 131              	.LFE4:
 132              		.size	SMS_LIB_SetPrescaler, .-SMS_LIB_SetPrescaler
 133 0002 00BF     		.section	.text.SMS_LIB_V3_50_SetAnalogSwitchesSrc_PRS,"ax",%progbits
 134              		.align	2
 135              		.global	SMS_LIB_V3_50_SetAnalogSwitchesSrc_PRS
 136              		.thumb
 137              		.thumb_func
 138              		.type	SMS_LIB_V3_50_SetAnalogSwitchesSrc_PRS, %function
 139              	SMS_LIB_V3_50_SetAnalogSwitchesSrc_PRS:
 140              	.LFB5:
 196:Generated_Source\PSoC5/CapSense_SMS_Wrapper.c ****     prescaler = prescaler;
 197:Generated_Source\PSoC5/CapSense_SMS_Wrapper.c **** }
 198:Generated_Source\PSoC5/CapSense_SMS_Wrapper.c **** 
 199:Generated_Source\PSoC5/CapSense_SMS_Wrapper.c **** void SMS_LIB_V3_50_SetAnalogSwitchesSrc_PRS(void) 
 200:Generated_Source\PSoC5/CapSense_SMS_Wrapper.c **** {
 141              		.loc 1 200 0
 142              		.cfi_startproc
ARM GAS  C:\Users\ESTEBAN\AppData\Local\Temp\ccL8kg30.s 			page 7


 143              		@ args = 0, pretend = 0, frame = 0
 144              		@ frame_needed = 0, uses_anonymous_args = 0
 145              		.loc 1 200 0
 146 0000 08B5     		push	{r3, lr}
 147              		.cfi_def_cfa_offset 8
 148              		.cfi_offset 3, -8
 149              		.cfi_offset 14, -4
 201:Generated_Source\PSoC5/CapSense_SMS_Wrapper.c **** 	CapSense_SetAnalogSwitchesSource(CapSense_ANALOG_SWITCHES_SRC_PRS);
 150              		.loc 1 201 0
 151 0002 0220     		movs	r0, #2
 152 0004 FFF7FEFF 		bl	CapSense_SetAnalogSwitchesSource
 153              	.LVL7:
 154 0008 08BD     		pop	{r3, pc}
 155              		.cfi_endproc
 156              	.LFE5:
 157              		.size	SMS_LIB_V3_50_SetAnalogSwitchesSrc_PRS, .-SMS_LIB_V3_50_SetAnalogSwitchesSrc_PRS
 158 000a 00BF     		.section	.text.SMS_LIB_V3_50_SetAnalogSwitchesSrc_Prescaler,"ax",%progbits
 159              		.align	2
 160              		.global	SMS_LIB_V3_50_SetAnalogSwitchesSrc_Prescaler
 161              		.thumb
 162              		.thumb_func
 163              		.type	SMS_LIB_V3_50_SetAnalogSwitchesSrc_Prescaler, %function
 164              	SMS_LIB_V3_50_SetAnalogSwitchesSrc_Prescaler:
 165              	.LFB6:
 202:Generated_Source\PSoC5/CapSense_SMS_Wrapper.c **** }
 203:Generated_Source\PSoC5/CapSense_SMS_Wrapper.c **** 
 204:Generated_Source\PSoC5/CapSense_SMS_Wrapper.c **** void SMS_LIB_V3_50_SetAnalogSwitchesSrc_Prescaler(void) 
 205:Generated_Source\PSoC5/CapSense_SMS_Wrapper.c **** {
 166              		.loc 1 205 0
 167              		.cfi_startproc
 168              		@ args = 0, pretend = 0, frame = 0
 169              		@ frame_needed = 0, uses_anonymous_args = 0
 170 0000 08B5     		push	{r3, lr}
 171              		.cfi_def_cfa_offset 8
 172              		.cfi_offset 3, -8
 173              		.cfi_offset 14, -4
 206:Generated_Source\PSoC5/CapSense_SMS_Wrapper.c **** 	CapSense_SetAnalogSwitchesSource(CapSense_ANALOG_SWITCHES_SRC_PRESCALER);
 174              		.loc 1 206 0
 175 0002 0120     		movs	r0, #1
 176 0004 FFF7FEFF 		bl	CapSense_SetAnalogSwitchesSource
 177              	.LVL8:
 178 0008 08BD     		pop	{r3, pc}
 179              		.cfi_endproc
 180              	.LFE6:
 181              		.size	SMS_LIB_V3_50_SetAnalogSwitchesSrc_Prescaler, .-SMS_LIB_V3_50_SetAnalogSwitchesSrc_Prescaler
 182              		.global	SMS_LIB_TotalSnsCnt_CH1
 183              		.global	SMS_LIB_TotalSnsCnt_CH0
 184              		.global	SMS_LIB_EndOfWidgInd
 185              		.global	SMS_LIB_TotalScanSlCnt
 186              		.global	SMS_LIB_TotalSnsCnt
 187              		.global	SMS_LIB_Var2
 188              		.global	SMS_LIB_Var1
 189              		.comm	SMS_LIB_Table9,3,4
 190              		.comm	SMS_LIB_Table8,3,4
 191              		.comm	SMS_LIB_Table7,7,4
 192              		.comm	SMS_LIB_Table6,7,4
 193              		.comm	SMS_LIB_Table5,14,4
ARM GAS  C:\Users\ESTEBAN\AppData\Local\Temp\ccL8kg30.s 			page 8


 194              		.comm	SMS_LIB_Table4,14,4
 195              		.comm	SMS_LIB_Table3,7,4
 196              		.comm	SMS_LIB_Table2,7,4
 197              		.global	SMS_LIB_PrescalerTbl
 198              		.global	SMS_LIB_SensorSensitivity
 199              		.global	SMS_LIB_SensorBaseline
 200              		.global	SMS_LIB_SensorRaw
 201              		.global	SMS_LIB_prescaler
 202              		.global	SMS_LIB_idacSettings
 203              		.global	SMS_LIB_fingerThreshold
 204              		.global	SMS_LIB_rawDataIndex
 205              		.global	SMS_LIB_numberOfSensors
 206              		.global	SMS_LIB_widgetNumber
 207              		.global	SMS_LIB_widgetResolution
 208              		.global	SMS_LIB_hysteresis
 209              		.global	SMS_LIB_noiseThreshold
 210 000a 00BF     		.section	.rodata
 211              		.align	2
 212              		.type	SMS_LIB_PrescalerTbl, %object
 213              		.size	SMS_LIB_PrescalerTbl, 32
 214              	SMS_LIB_PrescalerTbl:
 215 0000 01       		.byte	1
 216 0001 01       		.byte	1
 217 0002 01       		.byte	1
 218 0003 01       		.byte	1
 219 0004 01       		.byte	1
 220 0005 01       		.byte	1
 221 0006 02       		.byte	2
 222 0007 02       		.byte	2
 223 0008 02       		.byte	2
 224 0009 02       		.byte	2
 225 000a 02       		.byte	2
 226 000b 03       		.byte	3
 227 000c 03       		.byte	3
 228 000d 03       		.byte	3
 229 000e 03       		.byte	3
 230 000f 03       		.byte	3
 231 0010 03       		.byte	3
 232 0011 04       		.byte	4
 233 0012 04       		.byte	4
 234 0013 04       		.byte	4
 235 0014 04       		.byte	4
 236 0015 04       		.byte	4
 237 0016 04       		.byte	4
 238 0017 05       		.byte	5
 239 0018 05       		.byte	5
 240 0019 05       		.byte	5
 241 001a 05       		.byte	5
 242 001b 05       		.byte	5
 243 001c 05       		.byte	5
 244 001d 06       		.byte	6
 245 001e 06       		.byte	6
 246 001f 06       		.byte	6
 247              		.type	SMS_LIB_SensorSensitivity, %object
 248              		.size	SMS_LIB_SensorSensitivity, 7
 249              	SMS_LIB_SensorSensitivity:
 250 0020 02       		.byte	2
ARM GAS  C:\Users\ESTEBAN\AppData\Local\Temp\ccL8kg30.s 			page 9


 251 0021 02       		.byte	2
 252 0022 02       		.byte	2
 253 0023 02       		.byte	2
 254 0024 02       		.byte	2
 255 0025 02       		.byte	2
 256 0026 02       		.byte	2
 257              		.data
 258              		.align	2
 259              		.type	SMS_LIB_EndOfWidgInd, %object
 260              		.size	SMS_LIB_EndOfWidgInd, 1
 261              	SMS_LIB_EndOfWidgInd:
 262 0000 03       		.byte	3
 263              		.type	SMS_LIB_TotalScanSlCnt, %object
 264              		.size	SMS_LIB_TotalScanSlCnt, 1
 265              	SMS_LIB_TotalScanSlCnt:
 266 0001 07       		.byte	7
 267              		.type	SMS_LIB_TotalSnsCnt, %object
 268              		.size	SMS_LIB_TotalSnsCnt, 1
 269              	SMS_LIB_TotalSnsCnt:
 270 0002 07       		.byte	7
 271 0003 00       		.space	1
 272              		.type	SMS_LIB_Var2, %object
 273              		.size	SMS_LIB_Var2, 2
 274              	SMS_LIB_Var2:
 275 0004 F229     		.short	10738
 276              		.type	SMS_LIB_Var1, %object
 277              		.size	SMS_LIB_Var1, 1
 278              	SMS_LIB_Var1:
 279 0006 05       		.byte	5
 280 0007 00       		.space	1
 281              		.type	SMS_LIB_SensorBaseline, %object
 282              		.size	SMS_LIB_SensorBaseline, 4
 283              	SMS_LIB_SensorBaseline:
 284 0008 00000000 		.word	CapSense_sensorBaseline
 285              		.type	SMS_LIB_SensorRaw, %object
 286              		.size	SMS_LIB_SensorRaw, 4
 287              	SMS_LIB_SensorRaw:
 288 000c 00000000 		.word	CapSense_sensorRaw
 289              		.type	SMS_LIB_prescaler, %object
 290              		.size	SMS_LIB_prescaler, 4
 291              	SMS_LIB_prescaler:
 292 0010 00000000 		.word	CapSense_analogSwitchDivider
 293              		.type	SMS_LIB_idacSettings, %object
 294              		.size	SMS_LIB_idacSettings, 4
 295              	SMS_LIB_idacSettings:
 296 0014 00000000 		.word	CapSense_idacSettings
 297              		.type	SMS_LIB_fingerThreshold, %object
 298              		.size	SMS_LIB_fingerThreshold, 4
 299              	SMS_LIB_fingerThreshold:
 300 0018 00000000 		.word	CapSense_fingerThreshold
 301              		.type	SMS_LIB_rawDataIndex, %object
 302              		.size	SMS_LIB_rawDataIndex, 4
 303              	SMS_LIB_rawDataIndex:
 304 001c 00000000 		.word	CapSense_rawDataIndex
 305              		.type	SMS_LIB_numberOfSensors, %object
 306              		.size	SMS_LIB_numberOfSensors, 4
 307              	SMS_LIB_numberOfSensors:
ARM GAS  C:\Users\ESTEBAN\AppData\Local\Temp\ccL8kg30.s 			page 10


 308 0020 00000000 		.word	CapSense_numberOfSensors
 309              		.type	SMS_LIB_widgetNumber, %object
 310              		.size	SMS_LIB_widgetNumber, 4
 311              	SMS_LIB_widgetNumber:
 312 0024 00000000 		.word	CapSense_widgetNumber
 313              		.type	SMS_LIB_widgetResolution, %object
 314              		.size	SMS_LIB_widgetResolution, 4
 315              	SMS_LIB_widgetResolution:
 316 0028 00000000 		.word	CapSense_widgetResolution
 317              		.type	SMS_LIB_hysteresis, %object
 318              		.size	SMS_LIB_hysteresis, 4
 319              	SMS_LIB_hysteresis:
 320 002c 00000000 		.word	CapSense_hysteresis
 321              		.type	SMS_LIB_noiseThreshold, %object
 322              		.size	SMS_LIB_noiseThreshold, 4
 323              	SMS_LIB_noiseThreshold:
 324 0030 00000000 		.word	CapSense_noiseThreshold
 325              		.bss
 326              		.type	SMS_LIB_TotalSnsCnt_CH1, %object
 327              		.size	SMS_LIB_TotalSnsCnt_CH1, 1
 328              	SMS_LIB_TotalSnsCnt_CH1:
 329 0000 00       		.space	1
 330              		.type	SMS_LIB_TotalSnsCnt_CH0, %object
 331              		.size	SMS_LIB_TotalSnsCnt_CH0, 1
 332              	SMS_LIB_TotalSnsCnt_CH0:
 333 0001 00       		.space	1
 334              		.text
 335              	.Letext0:
 336              		.file 2 "Generated_Source\\PSoC5\\cytypes.h"
 337              		.file 3 "Generated_Source\\PSoC5\\CapSense.h"
 338              		.file 4 "Generated_Source\\PSoC5\\CapSense_CSHL.h"
 339              		.section	.debug_info,"",%progbits
 340              	.Ldebug_info0:
 341 0000 CF040000 		.4byte	0x4cf
 342 0004 0400     		.2byte	0x4
 343 0006 00000000 		.4byte	.Ldebug_abbrev0
 344 000a 04       		.byte	0x4
 345 000b 01       		.uleb128 0x1
 346 000c F4030000 		.4byte	.LASF68
 347 0010 0C       		.byte	0xc
 348 0011 75020000 		.4byte	.LASF69
 349 0015 6F010000 		.4byte	.LASF70
 350 0019 00000000 		.4byte	.Ldebug_ranges0+0
 351 001d 00000000 		.4byte	0
 352 0021 00000000 		.4byte	.Ldebug_line0
 353 0025 02       		.uleb128 0x2
 354 0026 01       		.byte	0x1
 355 0027 06       		.byte	0x6
 356 0028 2C010000 		.4byte	.LASF0
 357 002c 02       		.uleb128 0x2
 358 002d 01       		.byte	0x1
 359 002e 08       		.byte	0x8
 360 002f 9E030000 		.4byte	.LASF1
 361 0033 02       		.uleb128 0x2
 362 0034 02       		.byte	0x2
 363 0035 05       		.byte	0x5
 364 0036 D5030000 		.4byte	.LASF2
ARM GAS  C:\Users\ESTEBAN\AppData\Local\Temp\ccL8kg30.s 			page 11


 365 003a 02       		.uleb128 0x2
 366 003b 02       		.byte	0x2
 367 003c 07       		.byte	0x7
 368 003d 30020000 		.4byte	.LASF3
 369 0041 02       		.uleb128 0x2
 370 0042 04       		.byte	0x4
 371 0043 05       		.byte	0x5
 372 0044 66010000 		.4byte	.LASF4
 373 0048 02       		.uleb128 0x2
 374 0049 04       		.byte	0x4
 375 004a 07       		.byte	0x7
 376 004b 1E020000 		.4byte	.LASF5
 377 004f 02       		.uleb128 0x2
 378 0050 08       		.byte	0x8
 379 0051 05       		.byte	0x5
 380 0052 1E010000 		.4byte	.LASF6
 381 0056 02       		.uleb128 0x2
 382 0057 08       		.byte	0x8
 383 0058 07       		.byte	0x7
 384 0059 F4000000 		.4byte	.LASF7
 385 005d 03       		.uleb128 0x3
 386 005e 04       		.byte	0x4
 387 005f 05       		.byte	0x5
 388 0060 696E7400 		.ascii	"int\000"
 389 0064 02       		.uleb128 0x2
 390 0065 04       		.byte	0x4
 391 0066 07       		.byte	0x7
 392 0067 11020000 		.4byte	.LASF8
 393 006b 04       		.uleb128 0x4
 394 006c C3010000 		.4byte	.LASF9
 395 0070 02       		.byte	0x2
 396 0071 9201     		.2byte	0x192
 397 0073 2C000000 		.4byte	0x2c
 398 0077 04       		.uleb128 0x4
 399 0078 00000000 		.4byte	.LASF10
 400 007c 02       		.byte	0x2
 401 007d 9301     		.2byte	0x193
 402 007f 3A000000 		.4byte	0x3a
 403 0083 02       		.uleb128 0x2
 404 0084 04       		.byte	0x4
 405 0085 04       		.byte	0x4
 406 0086 8E030000 		.4byte	.LASF11
 407 008a 02       		.uleb128 0x2
 408 008b 08       		.byte	0x8
 409 008c 04       		.byte	0x4
 410 008d C9010000 		.4byte	.LASF12
 411 0091 02       		.uleb128 0x2
 412 0092 01       		.byte	0x1
 413 0093 08       		.byte	0x8
 414 0094 17050000 		.4byte	.LASF13
 415 0098 02       		.uleb128 0x2
 416 0099 08       		.byte	0x8
 417 009a 04       		.byte	0x4
 418 009b 24030000 		.4byte	.LASF14
 419 009f 02       		.uleb128 0x2
 420 00a0 04       		.byte	0x4
 421 00a1 07       		.byte	0x7
ARM GAS  C:\Users\ESTEBAN\AppData\Local\Temp\ccL8kg30.s 			page 12


 422 00a2 03030000 		.4byte	.LASF15
 423 00a6 05       		.uleb128 0x5
 424 00a7 BA040000 		.4byte	.LASF16
 425 00ab 01       		.byte	0x1
 426 00ac 6A       		.byte	0x6a
 427 00ad 00000000 		.4byte	.LFB0
 428 00b1 08000000 		.4byte	.LFE0-.LFB0
 429 00b5 01       		.uleb128 0x1
 430 00b6 9C       		.byte	0x9c
 431 00b7 D4000000 		.4byte	0xd4
 432 00bb 06       		.uleb128 0x6
 433 00bc 59010000 		.4byte	.LASF18
 434 00c0 01       		.byte	0x1
 435 00c1 6A       		.byte	0x6a
 436 00c2 6B000000 		.4byte	0x6b
 437 00c6 00000000 		.4byte	.LLST0
 438 00ca 07       		.uleb128 0x7
 439 00cb 06000000 		.4byte	.LVL1
 440 00cf 9B040000 		.4byte	0x49b
 441 00d3 00       		.byte	0
 442 00d4 08       		.uleb128 0x8
 443 00d5 AC030000 		.4byte	.LASF71
 444 00d9 01       		.byte	0x1
 445 00da 7D       		.byte	0x7d
 446 00db 6B000000 		.4byte	0x6b
 447 00df 00000000 		.4byte	.LFB1
 448 00e3 08000000 		.4byte	.LFE1-.LFB1
 449 00e7 01       		.uleb128 0x1
 450 00e8 9C       		.byte	0x9c
 451 00e9 F7000000 		.4byte	0xf7
 452 00ed 07       		.uleb128 0x7
 453 00ee 06000000 		.4byte	.LVL2
 454 00f2 A6040000 		.4byte	0x4a6
 455 00f6 00       		.byte	0
 456 00f7 05       		.uleb128 0x5
 457 00f8 58020000 		.4byte	.LASF17
 458 00fc 01       		.byte	0x1
 459 00fd 94       		.byte	0x94
 460 00fe 00000000 		.4byte	.LFB2
 461 0102 08000000 		.4byte	.LFE2-.LFB2
 462 0106 01       		.uleb128 0x1
 463 0107 9C       		.byte	0x9c
 464 0108 25010000 		.4byte	0x125
 465 010c 06       		.uleb128 0x6
 466 010d 59010000 		.4byte	.LASF18
 467 0111 01       		.byte	0x1
 468 0112 94       		.byte	0x94
 469 0113 6B000000 		.4byte	0x6b
 470 0117 21000000 		.4byte	.LLST1
 471 011b 07       		.uleb128 0x7
 472 011c 06000000 		.4byte	.LVL4
 473 0120 B1040000 		.4byte	0x4b1
 474 0124 00       		.byte	0
 475 0125 05       		.uleb128 0x5
 476 0126 BD020000 		.4byte	.LASF19
 477 012a 01       		.byte	0x1
 478 012b AB       		.byte	0xab
ARM GAS  C:\Users\ESTEBAN\AppData\Local\Temp\ccL8kg30.s 			page 13


 479 012c 00000000 		.4byte	.LFB3
 480 0130 08000000 		.4byte	.LFE3-.LFB3
 481 0134 01       		.uleb128 0x1
 482 0135 9C       		.byte	0x9c
 483 0136 44010000 		.4byte	0x144
 484 013a 07       		.uleb128 0x7
 485 013b 06000000 		.4byte	.LVL5
 486 013f BC040000 		.4byte	0x4bc
 487 0143 00       		.byte	0
 488 0144 05       		.uleb128 0x5
 489 0145 CA050000 		.4byte	.LASF20
 490 0149 01       		.byte	0x1
 491 014a C2       		.byte	0xc2
 492 014b 00000000 		.4byte	.LFB4
 493 014f 02000000 		.4byte	.LFE4-.LFB4
 494 0153 01       		.uleb128 0x1
 495 0154 9C       		.byte	0x9c
 496 0155 69010000 		.4byte	0x169
 497 0159 06       		.uleb128 0x6
 498 015a 94030000 		.4byte	.LASF21
 499 015e 01       		.byte	0x1
 500 015f C2       		.byte	0xc2
 501 0160 6B000000 		.4byte	0x6b
 502 0164 42000000 		.4byte	.LLST2
 503 0168 00       		.byte	0
 504 0169 05       		.uleb128 0x5
 505 016a 75000000 		.4byte	.LASF22
 506 016e 01       		.byte	0x1
 507 016f C7       		.byte	0xc7
 508 0170 00000000 		.4byte	.LFB5
 509 0174 0A000000 		.4byte	.LFE5-.LFB5
 510 0178 01       		.uleb128 0x1
 511 0179 9C       		.byte	0x9c
 512 017a 8E010000 		.4byte	0x18e
 513 017e 09       		.uleb128 0x9
 514 017f 08000000 		.4byte	.LVL7
 515 0183 C7040000 		.4byte	0x4c7
 516 0187 0A       		.uleb128 0xa
 517 0188 01       		.uleb128 0x1
 518 0189 50       		.byte	0x50
 519 018a 01       		.uleb128 0x1
 520 018b 32       		.byte	0x32
 521 018c 00       		.byte	0
 522 018d 00       		.byte	0
 523 018e 05       		.uleb128 0x5
 524 018f 33050000 		.4byte	.LASF23
 525 0193 01       		.byte	0x1
 526 0194 CC       		.byte	0xcc
 527 0195 00000000 		.4byte	.LFB6
 528 0199 0A000000 		.4byte	.LFE6-.LFB6
 529 019d 01       		.uleb128 0x1
 530 019e 9C       		.byte	0x9c
 531 019f B3010000 		.4byte	0x1b3
 532 01a3 09       		.uleb128 0x9
 533 01a4 08000000 		.4byte	.LVL8
 534 01a8 C7040000 		.4byte	0x4c7
 535 01ac 0A       		.uleb128 0xa
ARM GAS  C:\Users\ESTEBAN\AppData\Local\Temp\ccL8kg30.s 			page 14


 536 01ad 01       		.uleb128 0x1
 537 01ae 50       		.byte	0x50
 538 01af 01       		.uleb128 0x1
 539 01b0 31       		.byte	0x31
 540 01b1 00       		.byte	0
 541 01b2 00       		.byte	0
 542 01b3 0B       		.uleb128 0xb
 543 01b4 77000000 		.4byte	0x77
 544 01b8 C3010000 		.4byte	0x1c3
 545 01bc 0C       		.uleb128 0xc
 546 01bd 9F000000 		.4byte	0x9f
 547 01c1 06       		.byte	0x6
 548 01c2 00       		.byte	0
 549 01c3 0D       		.uleb128 0xd
 550 01c4 B7050000 		.4byte	.LASF24
 551 01c8 03       		.byte	0x3
 552 01c9 BF02     		.2byte	0x2bf
 553 01cb B3010000 		.4byte	0x1b3
 554 01cf 0B       		.uleb128 0xb
 555 01d0 DF010000 		.4byte	0x1df
 556 01d4 DF010000 		.4byte	0x1df
 557 01d8 0C       		.uleb128 0xc
 558 01d9 9F000000 		.4byte	0x9f
 559 01dd 06       		.byte	0x6
 560 01de 00       		.byte	0
 561 01df 0E       		.uleb128 0xe
 562 01e0 6B000000 		.4byte	0x6b
 563 01e4 0D       		.uleb128 0xd
 564 01e5 D0010000 		.4byte	.LASF25
 565 01e9 04       		.byte	0x4
 566 01ea 0601     		.2byte	0x106
 567 01ec F0010000 		.4byte	0x1f0
 568 01f0 0E       		.uleb128 0xe
 569 01f1 CF010000 		.4byte	0x1cf
 570 01f5 0D       		.uleb128 0xd
 571 01f6 F0040000 		.4byte	.LASF26
 572 01fa 04       		.byte	0x4
 573 01fb 0801     		.2byte	0x108
 574 01fd B3010000 		.4byte	0x1b3
 575 0201 0B       		.uleb128 0xb
 576 0202 6B000000 		.4byte	0x6b
 577 0206 11020000 		.4byte	0x211
 578 020a 0C       		.uleb128 0xc
 579 020b 9F000000 		.4byte	0x9f
 580 020f 02       		.byte	0x2
 581 0210 00       		.byte	0
 582 0211 0F       		.uleb128 0xf
 583 0212 0C030000 		.4byte	.LASF27
 584 0216 01       		.byte	0x1
 585 0217 17       		.byte	0x17
 586 0218 01020000 		.4byte	0x201
 587 021c 0F       		.uleb128 0xf
 588 021d 34000000 		.4byte	.LASF28
 589 0221 01       		.byte	0x1
 590 0222 18       		.byte	0x18
 591 0223 01020000 		.4byte	0x201
 592 0227 0F       		.uleb128 0xf
ARM GAS  C:\Users\ESTEBAN\AppData\Local\Temp\ccL8kg30.s 			page 15


 593 0228 BB030000 		.4byte	.LASF29
 594 022c 01       		.byte	0x1
 595 022d 19       		.byte	0x19
 596 022e 01020000 		.4byte	0x201
 597 0232 0B       		.uleb128 0xb
 598 0233 DF010000 		.4byte	0x1df
 599 0237 42020000 		.4byte	0x242
 600 023b 0C       		.uleb128 0xc
 601 023c 9F000000 		.4byte	0x9f
 602 0240 02       		.byte	0x2
 603 0241 00       		.byte	0
 604 0242 0F       		.uleb128 0xf
 605 0243 21060000 		.4byte	.LASF30
 606 0247 01       		.byte	0x1
 607 0248 1A       		.byte	0x1a
 608 0249 4D020000 		.4byte	0x24d
 609 024d 0E       		.uleb128 0xe
 610 024e 32020000 		.4byte	0x232
 611 0252 0F       		.uleb128 0xf
 612 0253 82040000 		.4byte	.LASF31
 613 0257 01       		.byte	0x1
 614 0258 1B       		.byte	0x1b
 615 0259 5D020000 		.4byte	0x25d
 616 025d 0E       		.uleb128 0xe
 617 025e 32020000 		.4byte	0x232
 618 0262 0F       		.uleb128 0xf
 619 0263 5F030000 		.4byte	.LASF32
 620 0267 01       		.byte	0x1
 621 0268 1D       		.byte	0x1d
 622 0269 01020000 		.4byte	0x201
 623 026d 0B       		.uleb128 0xb
 624 026e 6B000000 		.4byte	0x6b
 625 0272 7D020000 		.4byte	0x27d
 626 0276 0C       		.uleb128 0xc
 627 0277 9F000000 		.4byte	0x9f
 628 027b 06       		.byte	0x6
 629 027c 00       		.byte	0
 630 027d 0F       		.uleb128 0xf
 631 027e 78030000 		.4byte	.LASF33
 632 0282 01       		.byte	0x1
 633 0283 1E       		.byte	0x1e
 634 0284 6D020000 		.4byte	0x26d
 635 0288 0F       		.uleb128 0xf
 636 0289 CF020000 		.4byte	.LASF34
 637 028d 01       		.byte	0x1
 638 028e 1F       		.byte	0x1f
 639 028f 6D020000 		.4byte	0x26d
 640 0293 10       		.uleb128 0x10
 641 0294 EC020000 		.4byte	.LASF35
 642 0298 01       		.byte	0x1
 643 0299 25       		.byte	0x25
 644 029a A4020000 		.4byte	0x2a4
 645 029e 05       		.uleb128 0x5
 646 029f 03       		.byte	0x3
 647 02a0 00000000 		.4byte	SMS_LIB_noiseThreshold
 648 02a4 11       		.uleb128 0x11
 649 02a5 04       		.byte	0x4
ARM GAS  C:\Users\ESTEBAN\AppData\Local\Temp\ccL8kg30.s 			page 16


 650 02a6 6B000000 		.4byte	0x6b
 651 02aa 10       		.uleb128 0x10
 652 02ab 0B010000 		.4byte	.LASF36
 653 02af 01       		.byte	0x1
 654 02b0 26       		.byte	0x26
 655 02b1 A4020000 		.4byte	0x2a4
 656 02b5 05       		.uleb128 0x5
 657 02b6 03       		.byte	0x3
 658 02b7 00000000 		.4byte	SMS_LIB_hysteresis
 659 02bb 10       		.uleb128 0x10
 660 02bc C3000000 		.4byte	.LASF37
 661 02c0 01       		.byte	0x1
 662 02c1 28       		.byte	0x28
 663 02c2 A4020000 		.4byte	0x2a4
 664 02c6 05       		.uleb128 0x5
 665 02c7 03       		.byte	0x3
 666 02c8 00000000 		.4byte	SMS_LIB_widgetResolution
 667 02cc 10       		.uleb128 0x10
 668 02cd 9C000000 		.4byte	.LASF38
 669 02d1 01       		.byte	0x1
 670 02d2 2A       		.byte	0x2a
 671 02d3 DD020000 		.4byte	0x2dd
 672 02d7 05       		.uleb128 0x5
 673 02d8 03       		.byte	0x3
 674 02d9 00000000 		.4byte	SMS_LIB_widgetNumber
 675 02dd 11       		.uleb128 0x11
 676 02de 04       		.byte	0x4
 677 02df DF010000 		.4byte	0x1df
 678 02e3 10       		.uleb128 0x10
 679 02e4 DC000000 		.4byte	.LASF39
 680 02e8 01       		.byte	0x1
 681 02e9 2B       		.byte	0x2b
 682 02ea DD020000 		.4byte	0x2dd
 683 02ee 05       		.uleb128 0x5
 684 02ef 03       		.byte	0x3
 685 02f0 00000000 		.4byte	SMS_LIB_numberOfSensors
 686 02f4 10       		.uleb128 0x10
 687 02f5 30030000 		.4byte	.LASF40
 688 02f9 01       		.byte	0x1
 689 02fa 2C       		.byte	0x2c
 690 02fb DD020000 		.4byte	0x2dd
 691 02ff 05       		.uleb128 0x5
 692 0300 03       		.byte	0x3
 693 0301 00000000 		.4byte	SMS_LIB_rawDataIndex
 694 0305 10       		.uleb128 0x10
 695 0306 DF050000 		.4byte	.LASF41
 696 030a 01       		.byte	0x1
 697 030b 2E       		.byte	0x2e
 698 030c A4020000 		.4byte	0x2a4
 699 0310 05       		.uleb128 0x5
 700 0311 03       		.byte	0x3
 701 0312 00000000 		.4byte	SMS_LIB_fingerThreshold
 702 0316 10       		.uleb128 0x10
 703 0317 DF030000 		.4byte	.LASF42
 704 031b 01       		.byte	0x1
 705 031c 2F       		.byte	0x2f
 706 031d A4020000 		.4byte	0x2a4
ARM GAS  C:\Users\ESTEBAN\AppData\Local\Temp\ccL8kg30.s 			page 17


 707 0321 05       		.uleb128 0x5
 708 0322 03       		.byte	0x3
 709 0323 00000000 		.4byte	SMS_LIB_idacSettings
 710 0327 10       		.uleb128 0x10
 711 0328 B1000000 		.4byte	.LASF43
 712 032c 01       		.byte	0x1
 713 032d 30       		.byte	0x30
 714 032e A4020000 		.4byte	0x2a4
 715 0332 05       		.uleb128 0x5
 716 0333 03       		.byte	0x3
 717 0334 00000000 		.4byte	SMS_LIB_prescaler
 718 0338 10       		.uleb128 0x10
 719 0339 60050000 		.4byte	.LASF44
 720 033d 01       		.byte	0x1
 721 033e 32       		.byte	0x32
 722 033f 49030000 		.4byte	0x349
 723 0343 05       		.uleb128 0x5
 724 0344 03       		.byte	0x3
 725 0345 00000000 		.4byte	SMS_LIB_SensorRaw
 726 0349 11       		.uleb128 0x11
 727 034a 04       		.byte	0x4
 728 034b 77000000 		.4byte	0x77
 729 034f 10       		.uleb128 0x10
 730 0350 1C050000 		.4byte	.LASF45
 731 0354 01       		.byte	0x1
 732 0355 33       		.byte	0x33
 733 0356 49030000 		.4byte	0x349
 734 035a 05       		.uleb128 0x5
 735 035b 03       		.byte	0x3
 736 035c 00000000 		.4byte	SMS_LIB_SensorBaseline
 737 0360 10       		.uleb128 0x10
 738 0361 A3020000 		.4byte	.LASF46
 739 0365 01       		.byte	0x1
 740 0366 35       		.byte	0x35
 741 0367 71030000 		.4byte	0x371
 742 036b 05       		.uleb128 0x5
 743 036c 03       		.byte	0x3
 744 036d 00000000 		.4byte	SMS_LIB_SensorSensitivity
 745 0371 0E       		.uleb128 0xe
 746 0372 CF010000 		.4byte	0x1cf
 747 0376 0B       		.uleb128 0xb
 748 0377 DF010000 		.4byte	0x1df
 749 037b 86030000 		.4byte	0x386
 750 037f 0C       		.uleb128 0xc
 751 0380 9F000000 		.4byte	0x9f
 752 0384 1F       		.byte	0x1f
 753 0385 00       		.byte	0
 754 0386 10       		.uleb128 0x10
 755 0387 43020000 		.4byte	.LASF47
 756 038b 01       		.byte	0x1
 757 038c 3A       		.byte	0x3a
 758 038d 97030000 		.4byte	0x397
 759 0391 05       		.uleb128 0x5
 760 0392 03       		.byte	0x3
 761 0393 00000000 		.4byte	SMS_LIB_PrescalerTbl
 762 0397 0E       		.uleb128 0xe
 763 0398 76030000 		.4byte	0x376
ARM GAS  C:\Users\ESTEBAN\AppData\Local\Temp\ccL8kg30.s 			page 18


 764 039c 10       		.uleb128 0x10
 765 039d CD040000 		.4byte	.LASF48
 766 03a1 01       		.byte	0x1
 767 03a2 40       		.byte	0x40
 768 03a3 6D020000 		.4byte	0x26d
 769 03a7 05       		.uleb128 0x5
 770 03a8 03       		.byte	0x3
 771 03a9 00000000 		.4byte	SMS_LIB_Table2
 772 03ad 10       		.uleb128 0x10
 773 03ae 07000000 		.4byte	.LASF49
 774 03b2 01       		.byte	0x1
 775 03b3 41       		.byte	0x41
 776 03b4 6D020000 		.4byte	0x26d
 777 03b8 05       		.uleb128 0x5
 778 03b9 03       		.byte	0x3
 779 03ba 00000000 		.4byte	SMS_LIB_Table3
 780 03be 10       		.uleb128 0x10
 781 03bf 16000000 		.4byte	.LASF50
 782 03c3 01       		.byte	0x1
 783 03c4 42       		.byte	0x42
 784 03c5 B3010000 		.4byte	0x1b3
 785 03c9 05       		.uleb128 0x5
 786 03ca 03       		.byte	0x3
 787 03cb 00000000 		.4byte	SMS_LIB_Table4
 788 03cf 10       		.uleb128 0x10
 789 03d0 25000000 		.4byte	.LASF51
 790 03d4 01       		.byte	0x1
 791 03d5 43       		.byte	0x43
 792 03d6 B3010000 		.4byte	0x1b3
 793 03da 05       		.uleb128 0x5
 794 03db 03       		.byte	0x3
 795 03dc 00000000 		.4byte	SMS_LIB_Table5
 796 03e0 10       		.uleb128 0x10
 797 03e1 08050000 		.4byte	.LASF52
 798 03e5 01       		.byte	0x1
 799 03e6 44       		.byte	0x44
 800 03e7 6D020000 		.4byte	0x26d
 801 03eb 05       		.uleb128 0x5
 802 03ec 03       		.byte	0x3
 803 03ed 00000000 		.4byte	SMS_LIB_Table6
 804 03f1 10       		.uleb128 0x10
 805 03f2 48000000 		.4byte	.LASF53
 806 03f6 01       		.byte	0x1
 807 03f7 45       		.byte	0x45
 808 03f8 6D020000 		.4byte	0x26d
 809 03fc 05       		.uleb128 0x5
 810 03fd 03       		.byte	0x3
 811 03fe 00000000 		.4byte	SMS_LIB_Table7
 812 0402 10       		.uleb128 0x10
 813 0403 57000000 		.4byte	.LASF54
 814 0407 01       		.byte	0x1
 815 0408 47       		.byte	0x47
 816 0409 01020000 		.4byte	0x201
 817 040d 05       		.uleb128 0x5
 818 040e 03       		.byte	0x3
 819 040f 00000000 		.4byte	SMS_LIB_Table8
 820 0413 10       		.uleb128 0x10
ARM GAS  C:\Users\ESTEBAN\AppData\Local\Temp\ccL8kg30.s 			page 19


 821 0414 66000000 		.4byte	.LASF55
 822 0418 01       		.byte	0x1
 823 0419 48       		.byte	0x48
 824 041a 01020000 		.4byte	0x201
 825 041e 05       		.uleb128 0x5
 826 041f 03       		.byte	0x3
 827 0420 00000000 		.4byte	SMS_LIB_Table9
 828 0424 10       		.uleb128 0x10
 829 0425 F7050000 		.4byte	.LASF56
 830 0429 01       		.byte	0x1
 831 042a 4A       		.byte	0x4a
 832 042b 6B000000 		.4byte	0x6b
 833 042f 05       		.uleb128 0x5
 834 0430 03       		.byte	0x3
 835 0431 00000000 		.4byte	SMS_LIB_Var1
 836 0435 10       		.uleb128 0x10
 837 0436 04060000 		.4byte	.LASF57
 838 043a 01       		.byte	0x1
 839 043b 4B       		.byte	0x4b
 840 043c 77000000 		.4byte	0x77
 841 0440 05       		.uleb128 0x5
 842 0441 03       		.byte	0x3
 843 0442 00000000 		.4byte	SMS_LIB_Var2
 844 0446 10       		.uleb128 0x10
 845 0447 DC040000 		.4byte	.LASF58
 846 044b 01       		.byte	0x1
 847 044c 4D       		.byte	0x4d
 848 044d 6B000000 		.4byte	0x6b
 849 0451 05       		.uleb128 0x5
 850 0452 03       		.byte	0x3
 851 0453 00000000 		.4byte	SMS_LIB_TotalSnsCnt
 852 0457 10       		.uleb128 0x10
 853 0458 E6010000 		.4byte	.LASF59
 854 045c 01       		.byte	0x1
 855 045d 4E       		.byte	0x4e
 856 045e 6B000000 		.4byte	0x6b
 857 0462 05       		.uleb128 0x5
 858 0463 03       		.byte	0x3
 859 0464 00000000 		.4byte	SMS_LIB_TotalScanSlCnt
 860 0468 10       		.uleb128 0x10
 861 0469 A2050000 		.4byte	.LASF60
 862 046d 01       		.byte	0x1
 863 046e 4F       		.byte	0x4f
 864 046f 6B000000 		.4byte	0x6b
 865 0473 05       		.uleb128 0x5
 866 0474 03       		.byte	0x3
 867 0475 00000000 		.4byte	SMS_LIB_EndOfWidgInd
 868 0479 10       		.uleb128 0x10
 869 047a 72050000 		.4byte	.LASF61
 870 047e 01       		.byte	0x1
 871 047f 55       		.byte	0x55
 872 0480 6B000000 		.4byte	0x6b
 873 0484 05       		.uleb128 0x5
 874 0485 03       		.byte	0x3
 875 0486 00000000 		.4byte	SMS_LIB_TotalSnsCnt_CH0
 876 048a 10       		.uleb128 0x10
 877 048b 8A050000 		.4byte	.LASF62
ARM GAS  C:\Users\ESTEBAN\AppData\Local\Temp\ccL8kg30.s 			page 20


 878 048f 01       		.byte	0x1
 879 0490 56       		.byte	0x56
 880 0491 6B000000 		.4byte	0x6b
 881 0495 05       		.uleb128 0x5
 882 0496 03       		.byte	0x3
 883 0497 00000000 		.4byte	SMS_LIB_TotalSnsCnt_CH1
 884 049b 12       		.uleb128 0x12
 885 049c FD010000 		.4byte	.LASF63
 886 04a0 FD010000 		.4byte	.LASF63
 887 04a4 03       		.byte	0x3
 888 04a5 9A       		.byte	0x9a
 889 04a6 12       		.uleb128 0x12
 890 04a7 11060000 		.4byte	.LASF64
 891 04ab 11060000 		.4byte	.LASF64
 892 04af 03       		.byte	0x3
 893 04b0 99       		.byte	0x99
 894 04b1 12       		.uleb128 0x12
 895 04b2 98040000 		.4byte	.LASF65
 896 04b6 98040000 		.4byte	.LASF65
 897 04ba 01       		.byte	0x1
 898 04bb 21       		.byte	0x21
 899 04bc 12       		.uleb128 0x12
 900 04bd 45030000 		.4byte	.LASF66
 901 04c1 45030000 		.4byte	.LASF66
 902 04c5 01       		.byte	0x1
 903 04c6 22       		.byte	0x22
 904 04c7 12       		.uleb128 0x12
 905 04c8 38010000 		.4byte	.LASF67
 906 04cc 38010000 		.4byte	.LASF67
 907 04d0 03       		.byte	0x3
 908 04d1 A2       		.byte	0xa2
 909 04d2 00       		.byte	0
 910              		.section	.debug_abbrev,"",%progbits
 911              	.Ldebug_abbrev0:
 912 0000 01       		.uleb128 0x1
 913 0001 11       		.uleb128 0x11
 914 0002 01       		.byte	0x1
 915 0003 25       		.uleb128 0x25
 916 0004 0E       		.uleb128 0xe
 917 0005 13       		.uleb128 0x13
 918 0006 0B       		.uleb128 0xb
 919 0007 03       		.uleb128 0x3
 920 0008 0E       		.uleb128 0xe
 921 0009 1B       		.uleb128 0x1b
 922 000a 0E       		.uleb128 0xe
 923 000b 55       		.uleb128 0x55
 924 000c 17       		.uleb128 0x17
 925 000d 11       		.uleb128 0x11
 926 000e 01       		.uleb128 0x1
 927 000f 10       		.uleb128 0x10
 928 0010 17       		.uleb128 0x17
 929 0011 00       		.byte	0
 930 0012 00       		.byte	0
 931 0013 02       		.uleb128 0x2
 932 0014 24       		.uleb128 0x24
 933 0015 00       		.byte	0
 934 0016 0B       		.uleb128 0xb
ARM GAS  C:\Users\ESTEBAN\AppData\Local\Temp\ccL8kg30.s 			page 21


 935 0017 0B       		.uleb128 0xb
 936 0018 3E       		.uleb128 0x3e
 937 0019 0B       		.uleb128 0xb
 938 001a 03       		.uleb128 0x3
 939 001b 0E       		.uleb128 0xe
 940 001c 00       		.byte	0
 941 001d 00       		.byte	0
 942 001e 03       		.uleb128 0x3
 943 001f 24       		.uleb128 0x24
 944 0020 00       		.byte	0
 945 0021 0B       		.uleb128 0xb
 946 0022 0B       		.uleb128 0xb
 947 0023 3E       		.uleb128 0x3e
 948 0024 0B       		.uleb128 0xb
 949 0025 03       		.uleb128 0x3
 950 0026 08       		.uleb128 0x8
 951 0027 00       		.byte	0
 952 0028 00       		.byte	0
 953 0029 04       		.uleb128 0x4
 954 002a 16       		.uleb128 0x16
 955 002b 00       		.byte	0
 956 002c 03       		.uleb128 0x3
 957 002d 0E       		.uleb128 0xe
 958 002e 3A       		.uleb128 0x3a
 959 002f 0B       		.uleb128 0xb
 960 0030 3B       		.uleb128 0x3b
 961 0031 05       		.uleb128 0x5
 962 0032 49       		.uleb128 0x49
 963 0033 13       		.uleb128 0x13
 964 0034 00       		.byte	0
 965 0035 00       		.byte	0
 966 0036 05       		.uleb128 0x5
 967 0037 2E       		.uleb128 0x2e
 968 0038 01       		.byte	0x1
 969 0039 3F       		.uleb128 0x3f
 970 003a 19       		.uleb128 0x19
 971 003b 03       		.uleb128 0x3
 972 003c 0E       		.uleb128 0xe
 973 003d 3A       		.uleb128 0x3a
 974 003e 0B       		.uleb128 0xb
 975 003f 3B       		.uleb128 0x3b
 976 0040 0B       		.uleb128 0xb
 977 0041 27       		.uleb128 0x27
 978 0042 19       		.uleb128 0x19
 979 0043 11       		.uleb128 0x11
 980 0044 01       		.uleb128 0x1
 981 0045 12       		.uleb128 0x12
 982 0046 06       		.uleb128 0x6
 983 0047 40       		.uleb128 0x40
 984 0048 18       		.uleb128 0x18
 985 0049 9742     		.uleb128 0x2117
 986 004b 19       		.uleb128 0x19
 987 004c 01       		.uleb128 0x1
 988 004d 13       		.uleb128 0x13
 989 004e 00       		.byte	0
 990 004f 00       		.byte	0
 991 0050 06       		.uleb128 0x6
ARM GAS  C:\Users\ESTEBAN\AppData\Local\Temp\ccL8kg30.s 			page 22


 992 0051 05       		.uleb128 0x5
 993 0052 00       		.byte	0
 994 0053 03       		.uleb128 0x3
 995 0054 0E       		.uleb128 0xe
 996 0055 3A       		.uleb128 0x3a
 997 0056 0B       		.uleb128 0xb
 998 0057 3B       		.uleb128 0x3b
 999 0058 0B       		.uleb128 0xb
 1000 0059 49       		.uleb128 0x49
 1001 005a 13       		.uleb128 0x13
 1002 005b 02       		.uleb128 0x2
 1003 005c 17       		.uleb128 0x17
 1004 005d 00       		.byte	0
 1005 005e 00       		.byte	0
 1006 005f 07       		.uleb128 0x7
 1007 0060 898201   		.uleb128 0x4109
 1008 0063 00       		.byte	0
 1009 0064 11       		.uleb128 0x11
 1010 0065 01       		.uleb128 0x1
 1011 0066 31       		.uleb128 0x31
 1012 0067 13       		.uleb128 0x13
 1013 0068 00       		.byte	0
 1014 0069 00       		.byte	0
 1015 006a 08       		.uleb128 0x8
 1016 006b 2E       		.uleb128 0x2e
 1017 006c 01       		.byte	0x1
 1018 006d 3F       		.uleb128 0x3f
 1019 006e 19       		.uleb128 0x19
 1020 006f 03       		.uleb128 0x3
 1021 0070 0E       		.uleb128 0xe
 1022 0071 3A       		.uleb128 0x3a
 1023 0072 0B       		.uleb128 0xb
 1024 0073 3B       		.uleb128 0x3b
 1025 0074 0B       		.uleb128 0xb
 1026 0075 27       		.uleb128 0x27
 1027 0076 19       		.uleb128 0x19
 1028 0077 49       		.uleb128 0x49
 1029 0078 13       		.uleb128 0x13
 1030 0079 11       		.uleb128 0x11
 1031 007a 01       		.uleb128 0x1
 1032 007b 12       		.uleb128 0x12
 1033 007c 06       		.uleb128 0x6
 1034 007d 40       		.uleb128 0x40
 1035 007e 18       		.uleb128 0x18
 1036 007f 9742     		.uleb128 0x2117
 1037 0081 19       		.uleb128 0x19
 1038 0082 01       		.uleb128 0x1
 1039 0083 13       		.uleb128 0x13
 1040 0084 00       		.byte	0
 1041 0085 00       		.byte	0
 1042 0086 09       		.uleb128 0x9
 1043 0087 898201   		.uleb128 0x4109
 1044 008a 01       		.byte	0x1
 1045 008b 11       		.uleb128 0x11
 1046 008c 01       		.uleb128 0x1
 1047 008d 31       		.uleb128 0x31
 1048 008e 13       		.uleb128 0x13
ARM GAS  C:\Users\ESTEBAN\AppData\Local\Temp\ccL8kg30.s 			page 23


 1049 008f 00       		.byte	0
 1050 0090 00       		.byte	0
 1051 0091 0A       		.uleb128 0xa
 1052 0092 8A8201   		.uleb128 0x410a
 1053 0095 00       		.byte	0
 1054 0096 02       		.uleb128 0x2
 1055 0097 18       		.uleb128 0x18
 1056 0098 9142     		.uleb128 0x2111
 1057 009a 18       		.uleb128 0x18
 1058 009b 00       		.byte	0
 1059 009c 00       		.byte	0
 1060 009d 0B       		.uleb128 0xb
 1061 009e 01       		.uleb128 0x1
 1062 009f 01       		.byte	0x1
 1063 00a0 49       		.uleb128 0x49
 1064 00a1 13       		.uleb128 0x13
 1065 00a2 01       		.uleb128 0x1
 1066 00a3 13       		.uleb128 0x13
 1067 00a4 00       		.byte	0
 1068 00a5 00       		.byte	0
 1069 00a6 0C       		.uleb128 0xc
 1070 00a7 21       		.uleb128 0x21
 1071 00a8 00       		.byte	0
 1072 00a9 49       		.uleb128 0x49
 1073 00aa 13       		.uleb128 0x13
 1074 00ab 2F       		.uleb128 0x2f
 1075 00ac 0B       		.uleb128 0xb
 1076 00ad 00       		.byte	0
 1077 00ae 00       		.byte	0
 1078 00af 0D       		.uleb128 0xd
 1079 00b0 34       		.uleb128 0x34
 1080 00b1 00       		.byte	0
 1081 00b2 03       		.uleb128 0x3
 1082 00b3 0E       		.uleb128 0xe
 1083 00b4 3A       		.uleb128 0x3a
 1084 00b5 0B       		.uleb128 0xb
 1085 00b6 3B       		.uleb128 0x3b
 1086 00b7 05       		.uleb128 0x5
 1087 00b8 49       		.uleb128 0x49
 1088 00b9 13       		.uleb128 0x13
 1089 00ba 3F       		.uleb128 0x3f
 1090 00bb 19       		.uleb128 0x19
 1091 00bc 3C       		.uleb128 0x3c
 1092 00bd 19       		.uleb128 0x19
 1093 00be 00       		.byte	0
 1094 00bf 00       		.byte	0
 1095 00c0 0E       		.uleb128 0xe
 1096 00c1 26       		.uleb128 0x26
 1097 00c2 00       		.byte	0
 1098 00c3 49       		.uleb128 0x49
 1099 00c4 13       		.uleb128 0x13
 1100 00c5 00       		.byte	0
 1101 00c6 00       		.byte	0
 1102 00c7 0F       		.uleb128 0xf
 1103 00c8 34       		.uleb128 0x34
 1104 00c9 00       		.byte	0
 1105 00ca 03       		.uleb128 0x3
ARM GAS  C:\Users\ESTEBAN\AppData\Local\Temp\ccL8kg30.s 			page 24


 1106 00cb 0E       		.uleb128 0xe
 1107 00cc 3A       		.uleb128 0x3a
 1108 00cd 0B       		.uleb128 0xb
 1109 00ce 3B       		.uleb128 0x3b
 1110 00cf 0B       		.uleb128 0xb
 1111 00d0 49       		.uleb128 0x49
 1112 00d1 13       		.uleb128 0x13
 1113 00d2 3F       		.uleb128 0x3f
 1114 00d3 19       		.uleb128 0x19
 1115 00d4 3C       		.uleb128 0x3c
 1116 00d5 19       		.uleb128 0x19
 1117 00d6 00       		.byte	0
 1118 00d7 00       		.byte	0
 1119 00d8 10       		.uleb128 0x10
 1120 00d9 34       		.uleb128 0x34
 1121 00da 00       		.byte	0
 1122 00db 03       		.uleb128 0x3
 1123 00dc 0E       		.uleb128 0xe
 1124 00dd 3A       		.uleb128 0x3a
 1125 00de 0B       		.uleb128 0xb
 1126 00df 3B       		.uleb128 0x3b
 1127 00e0 0B       		.uleb128 0xb
 1128 00e1 49       		.uleb128 0x49
 1129 00e2 13       		.uleb128 0x13
 1130 00e3 3F       		.uleb128 0x3f
 1131 00e4 19       		.uleb128 0x19
 1132 00e5 02       		.uleb128 0x2
 1133 00e6 18       		.uleb128 0x18
 1134 00e7 00       		.byte	0
 1135 00e8 00       		.byte	0
 1136 00e9 11       		.uleb128 0x11
 1137 00ea 0F       		.uleb128 0xf
 1138 00eb 00       		.byte	0
 1139 00ec 0B       		.uleb128 0xb
 1140 00ed 0B       		.uleb128 0xb
 1141 00ee 49       		.uleb128 0x49
 1142 00ef 13       		.uleb128 0x13
 1143 00f0 00       		.byte	0
 1144 00f1 00       		.byte	0
 1145 00f2 12       		.uleb128 0x12
 1146 00f3 2E       		.uleb128 0x2e
 1147 00f4 00       		.byte	0
 1148 00f5 3F       		.uleb128 0x3f
 1149 00f6 19       		.uleb128 0x19
 1150 00f7 3C       		.uleb128 0x3c
 1151 00f8 19       		.uleb128 0x19
 1152 00f9 6E       		.uleb128 0x6e
 1153 00fa 0E       		.uleb128 0xe
 1154 00fb 03       		.uleb128 0x3
 1155 00fc 0E       		.uleb128 0xe
 1156 00fd 3A       		.uleb128 0x3a
 1157 00fe 0B       		.uleb128 0xb
 1158 00ff 3B       		.uleb128 0x3b
 1159 0100 0B       		.uleb128 0xb
 1160 0101 00       		.byte	0
 1161 0102 00       		.byte	0
 1162 0103 00       		.byte	0
ARM GAS  C:\Users\ESTEBAN\AppData\Local\Temp\ccL8kg30.s 			page 25


 1163              		.section	.debug_loc,"",%progbits
 1164              	.Ldebug_loc0:
 1165              	.LLST0:
 1166 0000 00000000 		.4byte	.LVL0
 1167 0004 05000000 		.4byte	.LVL1-1
 1168 0008 0100     		.2byte	0x1
 1169 000a 50       		.byte	0x50
 1170 000b 05000000 		.4byte	.LVL1-1
 1171 000f 08000000 		.4byte	.LFE0
 1172 0013 0400     		.2byte	0x4
 1173 0015 F3       		.byte	0xf3
 1174 0016 01       		.uleb128 0x1
 1175 0017 50       		.byte	0x50
 1176 0018 9F       		.byte	0x9f
 1177 0019 00000000 		.4byte	0
 1178 001d 00000000 		.4byte	0
 1179              	.LLST1:
 1180 0021 00000000 		.4byte	.LVL3
 1181 0025 05000000 		.4byte	.LVL4-1
 1182 0029 0100     		.2byte	0x1
 1183 002b 50       		.byte	0x50
 1184 002c 05000000 		.4byte	.LVL4-1
 1185 0030 08000000 		.4byte	.LFE2
 1186 0034 0400     		.2byte	0x4
 1187 0036 F3       		.byte	0xf3
 1188 0037 01       		.uleb128 0x1
 1189 0038 50       		.byte	0x50
 1190 0039 9F       		.byte	0x9f
 1191 003a 00000000 		.4byte	0
 1192 003e 00000000 		.4byte	0
 1193              	.LLST2:
 1194 0042 00000000 		.4byte	.LVL6
 1195 0046 00000000 		.4byte	.LVL6
 1196 004a 0100     		.2byte	0x1
 1197 004c 50       		.byte	0x50
 1198 004d 00000000 		.4byte	.LVL6
 1199 0051 02000000 		.4byte	.LFE4
 1200 0055 0400     		.2byte	0x4
 1201 0057 F3       		.byte	0xf3
 1202 0058 01       		.uleb128 0x1
 1203 0059 50       		.byte	0x50
 1204 005a 9F       		.byte	0x9f
 1205 005b 00000000 		.4byte	0
 1206 005f 00000000 		.4byte	0
 1207              		.section	.debug_aranges,"",%progbits
 1208 0000 4C000000 		.4byte	0x4c
 1209 0004 0200     		.2byte	0x2
 1210 0006 00000000 		.4byte	.Ldebug_info0
 1211 000a 04       		.byte	0x4
 1212 000b 00       		.byte	0
 1213 000c 0000     		.2byte	0
 1214 000e 0000     		.2byte	0
 1215 0010 00000000 		.4byte	.LFB0
 1216 0014 08000000 		.4byte	.LFE0-.LFB0
 1217 0018 00000000 		.4byte	.LFB1
 1218 001c 08000000 		.4byte	.LFE1-.LFB1
 1219 0020 00000000 		.4byte	.LFB2
ARM GAS  C:\Users\ESTEBAN\AppData\Local\Temp\ccL8kg30.s 			page 26


 1220 0024 08000000 		.4byte	.LFE2-.LFB2
 1221 0028 00000000 		.4byte	.LFB3
 1222 002c 08000000 		.4byte	.LFE3-.LFB3
 1223 0030 00000000 		.4byte	.LFB4
 1224 0034 02000000 		.4byte	.LFE4-.LFB4
 1225 0038 00000000 		.4byte	.LFB5
 1226 003c 0A000000 		.4byte	.LFE5-.LFB5
 1227 0040 00000000 		.4byte	.LFB6
 1228 0044 0A000000 		.4byte	.LFE6-.LFB6
 1229 0048 00000000 		.4byte	0
 1230 004c 00000000 		.4byte	0
 1231              		.section	.debug_ranges,"",%progbits
 1232              	.Ldebug_ranges0:
 1233 0000 00000000 		.4byte	.LFB0
 1234 0004 08000000 		.4byte	.LFE0
 1235 0008 00000000 		.4byte	.LFB1
 1236 000c 08000000 		.4byte	.LFE1
 1237 0010 00000000 		.4byte	.LFB2
 1238 0014 08000000 		.4byte	.LFE2
 1239 0018 00000000 		.4byte	.LFB3
 1240 001c 08000000 		.4byte	.LFE3
 1241 0020 00000000 		.4byte	.LFB4
 1242 0024 02000000 		.4byte	.LFE4
 1243 0028 00000000 		.4byte	.LFB5
 1244 002c 0A000000 		.4byte	.LFE5
 1245 0030 00000000 		.4byte	.LFB6
 1246 0034 0A000000 		.4byte	.LFE6
 1247 0038 00000000 		.4byte	0
 1248 003c 00000000 		.4byte	0
 1249              		.section	.debug_line,"",%progbits
 1250              	.Ldebug_line0:
 1251 0000 F0000000 		.section	.debug_str,"MS",%progbits,1
 1251      02007200 
 1251      00000201 
 1251      FB0E0D00 
 1251      01010101 
 1252              	.LASF10:
 1253 0000 75696E74 		.ascii	"uint16\000"
 1253      313600
 1254              	.LASF49:
 1255 0007 534D535F 		.ascii	"SMS_LIB_Table3\000"
 1255      4C49425F 
 1255      5461626C 
 1255      653300
 1256              	.LASF50:
 1257 0016 534D535F 		.ascii	"SMS_LIB_Table4\000"
 1257      4C49425F 
 1257      5461626C 
 1257      653400
 1258              	.LASF51:
 1259 0025 534D535F 		.ascii	"SMS_LIB_Table5\000"
 1259      4C49425F 
 1259      5461626C 
 1259      653500
 1260              	.LASF28:
 1261 0034 43617053 		.ascii	"CapSense_hysteresis\000"
 1261      656E7365 
ARM GAS  C:\Users\ESTEBAN\AppData\Local\Temp\ccL8kg30.s 			page 27


 1261      5F687973 
 1261      74657265 
 1261      73697300 
 1262              	.LASF53:
 1263 0048 534D535F 		.ascii	"SMS_LIB_Table7\000"
 1263      4C49425F 
 1263      5461626C 
 1263      653700
 1264              	.LASF54:
 1265 0057 534D535F 		.ascii	"SMS_LIB_Table8\000"
 1265      4C49425F 
 1265      5461626C 
 1265      653800
 1266              	.LASF55:
 1267 0066 534D535F 		.ascii	"SMS_LIB_Table9\000"
 1267      4C49425F 
 1267      5461626C 
 1267      653900
 1268              	.LASF22:
 1269 0075 534D535F 		.ascii	"SMS_LIB_V3_50_SetAnalogSwitchesSrc_PRS\000"
 1269      4C49425F 
 1269      56335F35 
 1269      305F5365 
 1269      74416E61 
 1270              	.LASF38:
 1271 009c 534D535F 		.ascii	"SMS_LIB_widgetNumber\000"
 1271      4C49425F 
 1271      77696467 
 1271      65744E75 
 1271      6D626572 
 1272              	.LASF43:
 1273 00b1 534D535F 		.ascii	"SMS_LIB_prescaler\000"
 1273      4C49425F 
 1273      70726573 
 1273      63616C65 
 1273      7200
 1274              	.LASF37:
 1275 00c3 534D535F 		.ascii	"SMS_LIB_widgetResolution\000"
 1275      4C49425F 
 1275      77696467 
 1275      65745265 
 1275      736F6C75 
 1276              	.LASF39:
 1277 00dc 534D535F 		.ascii	"SMS_LIB_numberOfSensors\000"
 1277      4C49425F 
 1277      6E756D62 
 1277      65724F66 
 1277      53656E73 
 1278              	.LASF7:
 1279 00f4 6C6F6E67 		.ascii	"long long unsigned int\000"
 1279      206C6F6E 
 1279      6720756E 
 1279      7369676E 
 1279      65642069 
 1280              	.LASF36:
 1281 010b 534D535F 		.ascii	"SMS_LIB_hysteresis\000"
 1281      4C49425F 
ARM GAS  C:\Users\ESTEBAN\AppData\Local\Temp\ccL8kg30.s 			page 28


 1281      68797374 
 1281      65726573 
 1281      697300
 1282              	.LASF6:
 1283 011e 6C6F6E67 		.ascii	"long long int\000"
 1283      206C6F6E 
 1283      6720696E 
 1283      7400
 1284              	.LASF0:
 1285 012c 7369676E 		.ascii	"signed char\000"
 1285      65642063 
 1285      68617200 
 1286              	.LASF67:
 1287 0138 43617053 		.ascii	"CapSense_SetAnalogSwitchesSource\000"
 1287      656E7365 
 1287      5F536574 
 1287      416E616C 
 1287      6F675377 
 1288              	.LASF18:
 1289 0159 53656E73 		.ascii	"SensorNumber\000"
 1289      6F724E75 
 1289      6D626572 
 1289      00
 1290              	.LASF4:
 1291 0166 6C6F6E67 		.ascii	"long int\000"
 1291      20696E74 
 1291      00
 1292              	.LASF70:
 1293 016f 443A5C55 		.ascii	"D:\\Users\\ESTEBAN\\Desktop\\Sensor_Capacitivo_Comu"
 1293      73657273 
 1293      5C455354 
 1293      4542414E 
 1293      5C446573 
 1294 019e 6E696361 		.ascii	"nicacion_USB\\Sensor_Capacitivo.cydsn\000"
 1294      63696F6E 
 1294      5F555342 
 1294      5C53656E 
 1294      736F725F 
 1295              	.LASF9:
 1296 01c3 75696E74 		.ascii	"uint8\000"
 1296      3800
 1297              	.LASF12:
 1298 01c9 646F7562 		.ascii	"double\000"
 1298      6C6500
 1299              	.LASF25:
 1300 01d0 43617053 		.ascii	"CapSense_widgetNumber\000"
 1300      656E7365 
 1300      5F776964 
 1300      6765744E 
 1300      756D6265 
 1301              	.LASF59:
 1302 01e6 534D535F 		.ascii	"SMS_LIB_TotalScanSlCnt\000"
 1302      4C49425F 
 1302      546F7461 
 1302      6C536361 
 1302      6E536C43 
 1303              	.LASF63:
ARM GAS  C:\Users\ESTEBAN\AppData\Local\Temp\ccL8kg30.s 			page 29


 1304 01fd 43617053 		.ascii	"CapSense_ScanSensor\000"
 1304      656E7365 
 1304      5F536361 
 1304      6E53656E 
 1304      736F7200 
 1305              	.LASF8:
 1306 0211 756E7369 		.ascii	"unsigned int\000"
 1306      676E6564 
 1306      20696E74 
 1306      00
 1307              	.LASF5:
 1308 021e 6C6F6E67 		.ascii	"long unsigned int\000"
 1308      20756E73 
 1308      69676E65 
 1308      6420696E 
 1308      7400
 1309              	.LASF3:
 1310 0230 73686F72 		.ascii	"short unsigned int\000"
 1310      7420756E 
 1310      7369676E 
 1310      65642069 
 1310      6E7400
 1311              	.LASF47:
 1312 0243 534D535F 		.ascii	"SMS_LIB_PrescalerTbl\000"
 1312      4C49425F 
 1312      50726573 
 1312      63616C65 
 1312      7254626C 
 1313              	.LASF17:
 1314 0258 43617053 		.ascii	"CapSense_CalculateThresholds\000"
 1314      656E7365 
 1314      5F43616C 
 1314      63756C61 
 1314      74655468 
 1315              	.LASF69:
 1316 0275 47656E65 		.ascii	"Generated_Source\\PSoC5\\CapSense_SMS_Wrapper.c\000"
 1316      72617465 
 1316      645F536F 
 1316      75726365 
 1316      5C50536F 
 1317              	.LASF46:
 1318 02a3 534D535F 		.ascii	"SMS_LIB_SensorSensitivity\000"
 1318      4C49425F 
 1318      53656E73 
 1318      6F725365 
 1318      6E736974 
 1319              	.LASF19:
 1320 02bd 43617053 		.ascii	"CapSense_AutoTune\000"
 1320      656E7365 
 1320      5F417574 
 1320      6F54756E 
 1320      6500
 1321              	.LASF34:
 1322 02cf 43617053 		.ascii	"CapSense_analogSwitchDivider\000"
 1322      656E7365 
 1322      5F616E61 
 1322      6C6F6753 
ARM GAS  C:\Users\ESTEBAN\AppData\Local\Temp\ccL8kg30.s 			page 30


 1322      77697463 
 1323              	.LASF35:
 1324 02ec 534D535F 		.ascii	"SMS_LIB_noiseThreshold\000"
 1324      4C49425F 
 1324      6E6F6973 
 1324      65546872 
 1324      6573686F 
 1325              	.LASF15:
 1326 0303 73697A65 		.ascii	"sizetype\000"
 1326      74797065 
 1326      00
 1327              	.LASF27:
 1328 030c 43617053 		.ascii	"CapSense_noiseThreshold\000"
 1328      656E7365 
 1328      5F6E6F69 
 1328      73655468 
 1328      72657368 
 1329              	.LASF14:
 1330 0324 6C6F6E67 		.ascii	"long double\000"
 1330      20646F75 
 1330      626C6500 
 1331              	.LASF40:
 1332 0330 534D535F 		.ascii	"SMS_LIB_rawDataIndex\000"
 1332      4C49425F 
 1332      72617744 
 1332      61746149 
 1332      6E646578 
 1333              	.LASF66:
 1334 0345 534D535F 		.ascii	"SMS_LIB_V3_50_AutoTune1Ch\000"
 1334      4C49425F 
 1334      56335F35 
 1334      305F4175 
 1334      746F5475 
 1335              	.LASF32:
 1336 035f 43617053 		.ascii	"CapSense_fingerThreshold\000"
 1336      656E7365 
 1336      5F66696E 
 1336      67657254 
 1336      68726573 
 1337              	.LASF33:
 1338 0378 43617053 		.ascii	"CapSense_idacSettings\000"
 1338      656E7365 
 1338      5F696461 
 1338      63536574 
 1338      74696E67 
 1339              	.LASF11:
 1340 038e 666C6F61 		.ascii	"float\000"
 1340      7400
 1341              	.LASF21:
 1342 0394 70726573 		.ascii	"prescaler\000"
 1342      63616C65 
 1342      7200
 1343              	.LASF1:
 1344 039e 756E7369 		.ascii	"unsigned char\000"
 1344      676E6564 
 1344      20636861 
 1344      7200
ARM GAS  C:\Users\ESTEBAN\AppData\Local\Temp\ccL8kg30.s 			page 31


 1345              	.LASF71:
 1346 03ac 534D535F 		.ascii	"SMS_LIB_IsBusy\000"
 1346      4C49425F 
 1346      49734275 
 1346      737900
 1347              	.LASF29:
 1348 03bb 43617053 		.ascii	"CapSense_widgetResolution\000"
 1348      656E7365 
 1348      5F776964 
 1348      67657452 
 1348      65736F6C 
 1349              	.LASF2:
 1350 03d5 73686F72 		.ascii	"short int\000"
 1350      7420696E 
 1350      7400
 1351              	.LASF42:
 1352 03df 534D535F 		.ascii	"SMS_LIB_idacSettings\000"
 1352      4C49425F 
 1352      69646163 
 1352      53657474 
 1352      696E6773 
 1353              	.LASF68:
 1354 03f4 474E5520 		.ascii	"GNU C11 5.4.1 20160609 (release) [ARM/embedded-5-br"
 1354      43313120 
 1354      352E342E 
 1354      31203230 
 1354      31363036 
 1355 0427 616E6368 		.ascii	"anch revision 237715] -mcpu=cortex-m3 -mthumb -g -O"
 1355      20726576 
 1355      6973696F 
 1355      6E203233 
 1355      37373135 
 1356 045a 67202D66 		.ascii	"g -ffunction-sections -ffat-lto-objects\000"
 1356      66756E63 
 1356      74696F6E 
 1356      2D736563 
 1356      74696F6E 
 1357              	.LASF31:
 1358 0482 43617053 		.ascii	"CapSense_rawDataIndex\000"
 1358      656E7365 
 1358      5F726177 
 1358      44617461 
 1358      496E6465 
 1359              	.LASF65:
 1360 0498 534D535F 		.ascii	"SMS_LIB_V3_50_CalculateThresholds\000"
 1360      4C49425F 
 1360      56335F35 
 1360      305F4361 
 1360      6C63756C 
 1361              	.LASF16:
 1362 04ba 534D535F 		.ascii	"SMS_LIB_ScanSensor\000"
 1362      4C49425F 
 1362      5363616E 
 1362      53656E73 
 1362      6F7200
 1363              	.LASF48:
 1364 04cd 534D535F 		.ascii	"SMS_LIB_Table2\000"
ARM GAS  C:\Users\ESTEBAN\AppData\Local\Temp\ccL8kg30.s 			page 32


 1364      4C49425F 
 1364      5461626C 
 1364      653200
 1365              	.LASF58:
 1366 04dc 534D535F 		.ascii	"SMS_LIB_TotalSnsCnt\000"
 1366      4C49425F 
 1366      546F7461 
 1366      6C536E73 
 1366      436E7400 
 1367              	.LASF26:
 1368 04f0 43617053 		.ascii	"CapSense_sensorBaseline\000"
 1368      656E7365 
 1368      5F73656E 
 1368      736F7242 
 1368      6173656C 
 1369              	.LASF52:
 1370 0508 534D535F 		.ascii	"SMS_LIB_Table6\000"
 1370      4C49425F 
 1370      5461626C 
 1370      653600
 1371              	.LASF13:
 1372 0517 63686172 		.ascii	"char\000"
 1372      00
 1373              	.LASF45:
 1374 051c 534D535F 		.ascii	"SMS_LIB_SensorBaseline\000"
 1374      4C49425F 
 1374      53656E73 
 1374      6F724261 
 1374      73656C69 
 1375              	.LASF23:
 1376 0533 534D535F 		.ascii	"SMS_LIB_V3_50_SetAnalogSwitchesSrc_Prescaler\000"
 1376      4C49425F 
 1376      56335F35 
 1376      305F5365 
 1376      74416E61 
 1377              	.LASF44:
 1378 0560 534D535F 		.ascii	"SMS_LIB_SensorRaw\000"
 1378      4C49425F 
 1378      53656E73 
 1378      6F725261 
 1378      7700
 1379              	.LASF61:
 1380 0572 534D535F 		.ascii	"SMS_LIB_TotalSnsCnt_CH0\000"
 1380      4C49425F 
 1380      546F7461 
 1380      6C536E73 
 1380      436E745F 
 1381              	.LASF62:
 1382 058a 534D535F 		.ascii	"SMS_LIB_TotalSnsCnt_CH1\000"
 1382      4C49425F 
 1382      546F7461 
 1382      6C536E73 
 1382      436E745F 
 1383              	.LASF60:
 1384 05a2 534D535F 		.ascii	"SMS_LIB_EndOfWidgInd\000"
 1384      4C49425F 
 1384      456E644F 
ARM GAS  C:\Users\ESTEBAN\AppData\Local\Temp\ccL8kg30.s 			page 33


 1384      66576964 
 1384      67496E64 
 1385              	.LASF24:
 1386 05b7 43617053 		.ascii	"CapSense_sensorRaw\000"
 1386      656E7365 
 1386      5F73656E 
 1386      736F7252 
 1386      617700
 1387              	.LASF20:
 1388 05ca 534D535F 		.ascii	"SMS_LIB_SetPrescaler\000"
 1388      4C49425F 
 1388      53657450 
 1388      72657363 
 1388      616C6572 
 1389              	.LASF41:
 1390 05df 534D535F 		.ascii	"SMS_LIB_fingerThreshold\000"
 1390      4C49425F 
 1390      66696E67 
 1390      65725468 
 1390      72657368 
 1391              	.LASF56:
 1392 05f7 534D535F 		.ascii	"SMS_LIB_Var1\000"
 1392      4C49425F 
 1392      56617231 
 1392      00
 1393              	.LASF57:
 1394 0604 534D535F 		.ascii	"SMS_LIB_Var2\000"
 1394      4C49425F 
 1394      56617232 
 1394      00
 1395              	.LASF64:
 1396 0611 43617053 		.ascii	"CapSense_IsBusy\000"
 1396      656E7365 
 1396      5F497342 
 1396      75737900 
 1397              	.LASF30:
 1398 0621 43617053 		.ascii	"CapSense_numberOfSensors\000"
 1398      656E7365 
 1398      5F6E756D 
 1398      6265724F 
 1398      6653656E 
 1399              		.ident	"GCC: (GNU Tools for ARM Embedded Processors) 5.4.1 20160609 (release) [ARM/embedded-5-bran
