ARM GAS  C:\Users\ESTEBAN\AppData\Local\Temp\cc5MItmJ.s 			page 1


   1              		.syntax unified
   2              		.cpu cortex-m3
   3              		.fpu softvfp
   4              		.eabi_attribute 20, 1
   5              		.eabi_attribute 21, 1
   6              		.eabi_attribute 23, 3
   7              		.eabi_attribute 24, 1
   8              		.eabi_attribute 25, 1
   9              		.eabi_attribute 26, 1
  10              		.eabi_attribute 30, 1
  11              		.eabi_attribute 34, 1
  12              		.eabi_attribute 18, 4
  13              		.thumb
  14              		.syntax unified
  15              		.file	"CapSense_Pins.c"
  16              		.text
  17              	.Ltext0:
  18              		.cfi_sections	.debug_frame
  19              		.section	.text.CapSense_SetAllSensorsDriveMode,"ax",%progbits
  20              		.align	2
  21              		.global	CapSense_SetAllSensorsDriveMode
  22              		.thumb
  23              		.thumb_func
  24              		.type	CapSense_SetAllSensorsDriveMode, %function
  25              	CapSense_SetAllSensorsDriveMode:
  26              	.LFB0:
  27              		.file 1 "Generated_Source\\PSoC5\\CapSense_Pins.c"
   1:Generated_Source\PSoC5/CapSense_Pins.c **** /*******************************************************************************
   2:Generated_Source\PSoC5/CapSense_Pins.c **** * File Name: CapSense_Pins.c
   3:Generated_Source\PSoC5/CapSense_Pins.c **** * Version 3.50
   4:Generated_Source\PSoC5/CapSense_Pins.c **** *
   5:Generated_Source\PSoC5/CapSense_Pins.c **** * Description:
   6:Generated_Source\PSoC5/CapSense_Pins.c **** *  This file contains API to enable firmware control of a Pins component.
   7:Generated_Source\PSoC5/CapSense_Pins.c **** *
   8:Generated_Source\PSoC5/CapSense_Pins.c **** * Note:
   9:Generated_Source\PSoC5/CapSense_Pins.c **** *
  10:Generated_Source\PSoC5/CapSense_Pins.c **** ********************************************************************************
  11:Generated_Source\PSoC5/CapSense_Pins.c **** * Copyright 2008-2013, Cypress Semiconductor Corporation.  All rights reserved.
  12:Generated_Source\PSoC5/CapSense_Pins.c **** * You may use this file only in accordance with the license, terms, conditions,
  13:Generated_Source\PSoC5/CapSense_Pins.c **** * disclaimers, and limitations in the end user license agreement accompanying
  14:Generated_Source\PSoC5/CapSense_Pins.c **** * the software package with which this file was provided.
  15:Generated_Source\PSoC5/CapSense_Pins.c **** *******************************************************************************/
  16:Generated_Source\PSoC5/CapSense_Pins.c **** 
  17:Generated_Source\PSoC5/CapSense_Pins.c **** #include "CapSense_Pins.h"
  18:Generated_Source\PSoC5/CapSense_Pins.c **** 
  19:Generated_Source\PSoC5/CapSense_Pins.c **** 
  20:Generated_Source\PSoC5/CapSense_Pins.c **** /*******************************************************************************
  21:Generated_Source\PSoC5/CapSense_Pins.c **** * Function Name: CapSense_SetAllSensorsDriveMode
  22:Generated_Source\PSoC5/CapSense_Pins.c **** ********************************************************************************
  23:Generated_Source\PSoC5/CapSense_Pins.c **** *
  24:Generated_Source\PSoC5/CapSense_Pins.c **** * Summary:
  25:Generated_Source\PSoC5/CapSense_Pins.c **** *  Sets the drive mode for the all pins used by capacitive sensors within 
  26:Generated_Source\PSoC5/CapSense_Pins.c **** *  CapSense component.
  27:Generated_Source\PSoC5/CapSense_Pins.c **** * 
  28:Generated_Source\PSoC5/CapSense_Pins.c **** * Parameters:  
  29:Generated_Source\PSoC5/CapSense_Pins.c **** *  mode: Desired drive mode.
  30:Generated_Source\PSoC5/CapSense_Pins.c **** *
ARM GAS  C:\Users\ESTEBAN\AppData\Local\Temp\cc5MItmJ.s 			page 2


  31:Generated_Source\PSoC5/CapSense_Pins.c **** * Return: 
  32:Generated_Source\PSoC5/CapSense_Pins.c **** *  None
  33:Generated_Source\PSoC5/CapSense_Pins.c **** *
  34:Generated_Source\PSoC5/CapSense_Pins.c **** *******************************************************************************/
  35:Generated_Source\PSoC5/CapSense_Pins.c **** void CapSense_SetAllSensorsDriveMode(uint8 mode) 
  36:Generated_Source\PSoC5/CapSense_Pins.c **** {
  28              		.loc 1 36 0
  29              		.cfi_startproc
  30              		@ args = 0, pretend = 0, frame = 0
  31              		@ frame_needed = 0, uses_anonymous_args = 0
  32              		@ link register save eliminated.
  33              	.LVL0:
  37:Generated_Source\PSoC5/CapSense_Pins.c ****     /* Set pins drive mode */
  38:Generated_Source\PSoC5/CapSense_Pins.c ****     CyPins_SetPinDriveMode(CapSense_PortCH0__B1__BTN, mode);
  34              		.loc 1 38 0
  35 0000 164A     		ldr	r2, .L2
  36 0002 1378     		ldrb	r3, [r2]	@ zero_extendqisi2
  37 0004 00F00E00 		and	r0, r0, #14
  38              	.LVL1:
  39 0008 03F0F103 		and	r3, r3, #241
  40 000c 0343     		orrs	r3, r3, r0
  41 000e 1370     		strb	r3, [r2]
  39:Generated_Source\PSoC5/CapSense_Pins.c ****     CyPins_SetPinDriveMode(CapSense_PortCH0__B2__BTN, mode);
  42              		.loc 1 39 0
  43 0010 013A     		subs	r2, r2, #1
  44 0012 1378     		ldrb	r3, [r2]	@ zero_extendqisi2
  45 0014 03F0F103 		and	r3, r3, #241
  46 0018 0343     		orrs	r3, r3, r0
  47 001a 1370     		strb	r3, [r2]
  40:Generated_Source\PSoC5/CapSense_Pins.c ****     CyPins_SetPinDriveMode(CapSense_PortCH0__LS_e0__LS, mode);
  48              		.loc 1 40 0
  49 001c 053A     		subs	r2, r2, #5
  50 001e 1378     		ldrb	r3, [r2]	@ zero_extendqisi2
  51 0020 03F0F103 		and	r3, r3, #241
  52 0024 0343     		orrs	r3, r3, r0
  53 0026 1370     		strb	r3, [r2]
  41:Generated_Source\PSoC5/CapSense_Pins.c ****     CyPins_SetPinDriveMode(CapSense_PortCH0__LS_e1__LS, mode);
  54              		.loc 1 41 0
  55 0028 0132     		adds	r2, r2, #1
  56 002a 1378     		ldrb	r3, [r2]	@ zero_extendqisi2
  57 002c 03F0F103 		and	r3, r3, #241
  58 0030 0343     		orrs	r3, r3, r0
  59 0032 1370     		strb	r3, [r2]
  42:Generated_Source\PSoC5/CapSense_Pins.c ****     CyPins_SetPinDriveMode(CapSense_PortCH0__LS_e2__LS, mode);
  60              		.loc 1 42 0
  61 0034 0132     		adds	r2, r2, #1
  62 0036 1378     		ldrb	r3, [r2]	@ zero_extendqisi2
  63 0038 03F0F103 		and	r3, r3, #241
  64 003c 0343     		orrs	r3, r3, r0
  65 003e 1370     		strb	r3, [r2]
  43:Generated_Source\PSoC5/CapSense_Pins.c ****     CyPins_SetPinDriveMode(CapSense_PortCH0__LS_e3__LS, mode);
  66              		.loc 1 43 0
  67 0040 0132     		adds	r2, r2, #1
  68 0042 1378     		ldrb	r3, [r2]	@ zero_extendqisi2
  69 0044 03F0F103 		and	r3, r3, #241
  70 0048 0343     		orrs	r3, r3, r0
  71 004a 1370     		strb	r3, [r2]
ARM GAS  C:\Users\ESTEBAN\AppData\Local\Temp\cc5MItmJ.s 			page 3


  44:Generated_Source\PSoC5/CapSense_Pins.c ****     CyPins_SetPinDriveMode(CapSense_PortCH0__LS_e4__LS, mode);
  72              		.loc 1 44 0
  73 004c 0132     		adds	r2, r2, #1
  74 004e 1378     		ldrb	r3, [r2]	@ zero_extendqisi2
  75 0050 03F0F103 		and	r3, r3, #241
  76 0054 1843     		orrs	r0, r0, r3
  77 0056 1070     		strb	r0, [r2]
  78 0058 7047     		bx	lr
  79              	.L3:
  80 005a 00BF     		.align	2
  81              	.L2:
  82 005c 2E500040 		.word	1073762350
  83              		.cfi_endproc
  84              	.LFE0:
  85              		.size	CapSense_SetAllSensorsDriveMode, .-CapSense_SetAllSensorsDriveMode
  86              		.section	.text.CapSense_SetAllCmodsDriveMode,"ax",%progbits
  87              		.align	2
  88              		.global	CapSense_SetAllCmodsDriveMode
  89              		.thumb
  90              		.thumb_func
  91              		.type	CapSense_SetAllCmodsDriveMode, %function
  92              	CapSense_SetAllCmodsDriveMode:
  93              	.LFB1:
  45:Generated_Source\PSoC5/CapSense_Pins.c **** 
  46:Generated_Source\PSoC5/CapSense_Pins.c **** }
  47:Generated_Source\PSoC5/CapSense_Pins.c **** 
  48:Generated_Source\PSoC5/CapSense_Pins.c **** 
  49:Generated_Source\PSoC5/CapSense_Pins.c **** 
  50:Generated_Source\PSoC5/CapSense_Pins.c **** /*******************************************************************************
  51:Generated_Source\PSoC5/CapSense_Pins.c **** * Function Name: CapSense_SetAllCmodsDriveMode
  52:Generated_Source\PSoC5/CapSense_Pins.c **** ********************************************************************************
  53:Generated_Source\PSoC5/CapSense_Pins.c **** *
  54:Generated_Source\PSoC5/CapSense_Pins.c **** * Summary:
  55:Generated_Source\PSoC5/CapSense_Pins.c **** *  Sets the drive mode for the all pins used by Cmod capacitors within CapSense 
  56:Generated_Source\PSoC5/CapSense_Pins.c **** *  component.
  57:Generated_Source\PSoC5/CapSense_Pins.c **** * 
  58:Generated_Source\PSoC5/CapSense_Pins.c **** * Parameters:  
  59:Generated_Source\PSoC5/CapSense_Pins.c **** *  mode: Desired drive mode.
  60:Generated_Source\PSoC5/CapSense_Pins.c **** *
  61:Generated_Source\PSoC5/CapSense_Pins.c **** * Return: 
  62:Generated_Source\PSoC5/CapSense_Pins.c **** *  None
  63:Generated_Source\PSoC5/CapSense_Pins.c **** *
  64:Generated_Source\PSoC5/CapSense_Pins.c **** *******************************************************************************/
  65:Generated_Source\PSoC5/CapSense_Pins.c **** void CapSense_SetAllCmodsDriveMode(uint8 mode) 
  66:Generated_Source\PSoC5/CapSense_Pins.c **** {
  94              		.loc 1 66 0
  95              		.cfi_startproc
  96              		@ args = 0, pretend = 0, frame = 0
  97              		@ frame_needed = 0, uses_anonymous_args = 0
  98              		@ link register save eliminated.
  99              	.LVL2:
  67:Generated_Source\PSoC5/CapSense_Pins.c ****    /* Set pins drive mode */
  68:Generated_Source\PSoC5/CapSense_Pins.c ****     CyPins_SetPinDriveMode(CapSense_CmodCH0_Cmod_CH0, mode);
 100              		.loc 1 68 0
 101 0000 044A     		ldr	r2, .L5
 102 0002 1378     		ldrb	r3, [r2]	@ zero_extendqisi2
 103 0004 03F0F103 		and	r3, r3, #241
ARM GAS  C:\Users\ESTEBAN\AppData\Local\Temp\cc5MItmJ.s 			page 4


 104 0008 00F00E00 		and	r0, r0, #14
 105              	.LVL3:
 106 000c 1843     		orrs	r0, r0, r3
 107 000e 1070     		strb	r0, [r2]
 108 0010 7047     		bx	lr
 109              	.L6:
 110 0012 00BF     		.align	2
 111              	.L5:
 112 0014 34500040 		.word	1073762356
 113              		.cfi_endproc
 114              	.LFE1:
 115              		.size	CapSense_SetAllCmodsDriveMode, .-CapSense_SetAllCmodsDriveMode
 116              		.text
 117              	.Letext0:
 118              		.file 2 "Generated_Source\\PSoC5\\cytypes.h"
 119              		.section	.debug_info,"",%progbits
 120              	.Ldebug_info0:
 121 0000 EE000000 		.4byte	0xee
 122 0004 0400     		.2byte	0x4
 123 0006 00000000 		.4byte	.Ldebug_abbrev0
 124 000a 04       		.byte	0x4
 125 000b 01       		.uleb128 0x1
 126 000c CE000000 		.4byte	.LASF17
 127 0010 0C       		.byte	0xc
 128 0011 21000000 		.4byte	.LASF18
 129 0015 75000000 		.4byte	.LASF19
 130 0019 00000000 		.4byte	.Ldebug_ranges0+0
 131 001d 00000000 		.4byte	0
 132 0021 00000000 		.4byte	.Ldebug_line0
 133 0025 02       		.uleb128 0x2
 134 0026 01       		.byte	0x1
 135 0027 06       		.byte	0x6
 136 0028 D2010000 		.4byte	.LASF0
 137 002c 02       		.uleb128 0x2
 138 002d 01       		.byte	0x1
 139 002e 08       		.byte	0x8
 140 002f A9010000 		.4byte	.LASF1
 141 0033 02       		.uleb128 0x2
 142 0034 02       		.byte	0x2
 143 0035 05       		.byte	0x5
 144 0036 EA010000 		.4byte	.LASF2
 145 003a 02       		.uleb128 0x2
 146 003b 02       		.byte	0x2
 147 003c 07       		.byte	0x7
 148 003d 0E000000 		.4byte	.LASF3
 149 0041 02       		.uleb128 0x2
 150 0042 04       		.byte	0x4
 151 0043 05       		.byte	0x5
 152 0044 BC010000 		.4byte	.LASF4
 153 0048 02       		.uleb128 0x2
 154 0049 04       		.byte	0x4
 155 004a 07       		.byte	0x7
 156 004b 7A010000 		.4byte	.LASF5
 157 004f 02       		.uleb128 0x2
 158 0050 08       		.byte	0x8
 159 0051 05       		.byte	0x5
 160 0052 00000000 		.4byte	.LASF6
ARM GAS  C:\Users\ESTEBAN\AppData\Local\Temp\cc5MItmJ.s 			page 5


 161 0056 02       		.uleb128 0x2
 162 0057 08       		.byte	0x8
 163 0058 07       		.byte	0x7
 164 0059 8C010000 		.4byte	.LASF7
 165 005d 03       		.uleb128 0x3
 166 005e 04       		.byte	0x4
 167 005f 05       		.byte	0x5
 168 0060 696E7400 		.ascii	"int\000"
 169 0064 02       		.uleb128 0x2
 170 0065 04       		.byte	0x4
 171 0066 07       		.byte	0x7
 172 0067 48000000 		.4byte	.LASF8
 173 006b 04       		.uleb128 0x4
 174 006c CC010000 		.4byte	.LASF12
 175 0070 02       		.byte	0x2
 176 0071 9201     		.2byte	0x192
 177 0073 2C000000 		.4byte	0x2c
 178 0077 02       		.uleb128 0x2
 179 0078 04       		.byte	0x4
 180 0079 04       		.byte	0x4
 181 007a A3010000 		.4byte	.LASF9
 182 007e 02       		.uleb128 0x2
 183 007f 08       		.byte	0x8
 184 0080 04       		.byte	0x4
 185 0081 C5010000 		.4byte	.LASF10
 186 0085 02       		.uleb128 0x2
 187 0086 01       		.byte	0x1
 188 0087 08       		.byte	0x8
 189 0088 B7010000 		.4byte	.LASF11
 190 008c 04       		.uleb128 0x4
 191 008d F4010000 		.4byte	.LASF13
 192 0091 02       		.byte	0x2
 193 0092 3C02     		.2byte	0x23c
 194 0094 98000000 		.4byte	0x98
 195 0098 05       		.uleb128 0x5
 196 0099 6B000000 		.4byte	0x6b
 197 009d 02       		.uleb128 0x2
 198 009e 08       		.byte	0x8
 199 009f 04       		.byte	0x4
 200 00a0 DE010000 		.4byte	.LASF14
 201 00a4 02       		.uleb128 0x2
 202 00a5 04       		.byte	0x4
 203 00a6 07       		.byte	0x7
 204 00a7 F9010000 		.4byte	.LASF15
 205 00ab 06       		.uleb128 0x6
 206 00ac 55000000 		.4byte	.LASF20
 207 00b0 01       		.byte	0x1
 208 00b1 23       		.byte	0x23
 209 00b2 00000000 		.4byte	.LFB0
 210 00b6 60000000 		.4byte	.LFE0-.LFB0
 211 00ba 01       		.uleb128 0x1
 212 00bb 9C       		.byte	0x9c
 213 00bc D0000000 		.4byte	0xd0
 214 00c0 07       		.uleb128 0x7
 215 00c1 C9000000 		.4byte	.LASF16
 216 00c5 01       		.byte	0x1
 217 00c6 23       		.byte	0x23
ARM GAS  C:\Users\ESTEBAN\AppData\Local\Temp\cc5MItmJ.s 			page 6


 218 00c7 6B000000 		.4byte	0x6b
 219 00cb 00000000 		.4byte	.LLST0
 220 00cf 00       		.byte	0
 221 00d0 08       		.uleb128 0x8
 222 00d1 5C010000 		.4byte	.LASF21
 223 00d5 01       		.byte	0x1
 224 00d6 41       		.byte	0x41
 225 00d7 00000000 		.4byte	.LFB1
 226 00db 18000000 		.4byte	.LFE1-.LFB1
 227 00df 01       		.uleb128 0x1
 228 00e0 9C       		.byte	0x9c
 229 00e1 07       		.uleb128 0x7
 230 00e2 C9000000 		.4byte	.LASF16
 231 00e6 01       		.byte	0x1
 232 00e7 41       		.byte	0x41
 233 00e8 6B000000 		.4byte	0x6b
 234 00ec 21000000 		.4byte	.LLST1
 235 00f0 00       		.byte	0
 236 00f1 00       		.byte	0
 237              		.section	.debug_abbrev,"",%progbits
 238              	.Ldebug_abbrev0:
 239 0000 01       		.uleb128 0x1
 240 0001 11       		.uleb128 0x11
 241 0002 01       		.byte	0x1
 242 0003 25       		.uleb128 0x25
 243 0004 0E       		.uleb128 0xe
 244 0005 13       		.uleb128 0x13
 245 0006 0B       		.uleb128 0xb
 246 0007 03       		.uleb128 0x3
 247 0008 0E       		.uleb128 0xe
 248 0009 1B       		.uleb128 0x1b
 249 000a 0E       		.uleb128 0xe
 250 000b 55       		.uleb128 0x55
 251 000c 17       		.uleb128 0x17
 252 000d 11       		.uleb128 0x11
 253 000e 01       		.uleb128 0x1
 254 000f 10       		.uleb128 0x10
 255 0010 17       		.uleb128 0x17
 256 0011 00       		.byte	0
 257 0012 00       		.byte	0
 258 0013 02       		.uleb128 0x2
 259 0014 24       		.uleb128 0x24
 260 0015 00       		.byte	0
 261 0016 0B       		.uleb128 0xb
 262 0017 0B       		.uleb128 0xb
 263 0018 3E       		.uleb128 0x3e
 264 0019 0B       		.uleb128 0xb
 265 001a 03       		.uleb128 0x3
 266 001b 0E       		.uleb128 0xe
 267 001c 00       		.byte	0
 268 001d 00       		.byte	0
 269 001e 03       		.uleb128 0x3
 270 001f 24       		.uleb128 0x24
 271 0020 00       		.byte	0
 272 0021 0B       		.uleb128 0xb
 273 0022 0B       		.uleb128 0xb
 274 0023 3E       		.uleb128 0x3e
ARM GAS  C:\Users\ESTEBAN\AppData\Local\Temp\cc5MItmJ.s 			page 7


 275 0024 0B       		.uleb128 0xb
 276 0025 03       		.uleb128 0x3
 277 0026 08       		.uleb128 0x8
 278 0027 00       		.byte	0
 279 0028 00       		.byte	0
 280 0029 04       		.uleb128 0x4
 281 002a 16       		.uleb128 0x16
 282 002b 00       		.byte	0
 283 002c 03       		.uleb128 0x3
 284 002d 0E       		.uleb128 0xe
 285 002e 3A       		.uleb128 0x3a
 286 002f 0B       		.uleb128 0xb
 287 0030 3B       		.uleb128 0x3b
 288 0031 05       		.uleb128 0x5
 289 0032 49       		.uleb128 0x49
 290 0033 13       		.uleb128 0x13
 291 0034 00       		.byte	0
 292 0035 00       		.byte	0
 293 0036 05       		.uleb128 0x5
 294 0037 35       		.uleb128 0x35
 295 0038 00       		.byte	0
 296 0039 49       		.uleb128 0x49
 297 003a 13       		.uleb128 0x13
 298 003b 00       		.byte	0
 299 003c 00       		.byte	0
 300 003d 06       		.uleb128 0x6
 301 003e 2E       		.uleb128 0x2e
 302 003f 01       		.byte	0x1
 303 0040 3F       		.uleb128 0x3f
 304 0041 19       		.uleb128 0x19
 305 0042 03       		.uleb128 0x3
 306 0043 0E       		.uleb128 0xe
 307 0044 3A       		.uleb128 0x3a
 308 0045 0B       		.uleb128 0xb
 309 0046 3B       		.uleb128 0x3b
 310 0047 0B       		.uleb128 0xb
 311 0048 27       		.uleb128 0x27
 312 0049 19       		.uleb128 0x19
 313 004a 11       		.uleb128 0x11
 314 004b 01       		.uleb128 0x1
 315 004c 12       		.uleb128 0x12
 316 004d 06       		.uleb128 0x6
 317 004e 40       		.uleb128 0x40
 318 004f 18       		.uleb128 0x18
 319 0050 9742     		.uleb128 0x2117
 320 0052 19       		.uleb128 0x19
 321 0053 01       		.uleb128 0x1
 322 0054 13       		.uleb128 0x13
 323 0055 00       		.byte	0
 324 0056 00       		.byte	0
 325 0057 07       		.uleb128 0x7
 326 0058 05       		.uleb128 0x5
 327 0059 00       		.byte	0
 328 005a 03       		.uleb128 0x3
 329 005b 0E       		.uleb128 0xe
 330 005c 3A       		.uleb128 0x3a
 331 005d 0B       		.uleb128 0xb
ARM GAS  C:\Users\ESTEBAN\AppData\Local\Temp\cc5MItmJ.s 			page 8


 332 005e 3B       		.uleb128 0x3b
 333 005f 0B       		.uleb128 0xb
 334 0060 49       		.uleb128 0x49
 335 0061 13       		.uleb128 0x13
 336 0062 02       		.uleb128 0x2
 337 0063 17       		.uleb128 0x17
 338 0064 00       		.byte	0
 339 0065 00       		.byte	0
 340 0066 08       		.uleb128 0x8
 341 0067 2E       		.uleb128 0x2e
 342 0068 01       		.byte	0x1
 343 0069 3F       		.uleb128 0x3f
 344 006a 19       		.uleb128 0x19
 345 006b 03       		.uleb128 0x3
 346 006c 0E       		.uleb128 0xe
 347 006d 3A       		.uleb128 0x3a
 348 006e 0B       		.uleb128 0xb
 349 006f 3B       		.uleb128 0x3b
 350 0070 0B       		.uleb128 0xb
 351 0071 27       		.uleb128 0x27
 352 0072 19       		.uleb128 0x19
 353 0073 11       		.uleb128 0x11
 354 0074 01       		.uleb128 0x1
 355 0075 12       		.uleb128 0x12
 356 0076 06       		.uleb128 0x6
 357 0077 40       		.uleb128 0x40
 358 0078 18       		.uleb128 0x18
 359 0079 9742     		.uleb128 0x2117
 360 007b 19       		.uleb128 0x19
 361 007c 00       		.byte	0
 362 007d 00       		.byte	0
 363 007e 00       		.byte	0
 364              		.section	.debug_loc,"",%progbits
 365              	.Ldebug_loc0:
 366              	.LLST0:
 367 0000 00000000 		.4byte	.LVL0
 368 0004 08000000 		.4byte	.LVL1
 369 0008 0100     		.2byte	0x1
 370 000a 50       		.byte	0x50
 371 000b 08000000 		.4byte	.LVL1
 372 000f 60000000 		.4byte	.LFE0
 373 0013 0400     		.2byte	0x4
 374 0015 F3       		.byte	0xf3
 375 0016 01       		.uleb128 0x1
 376 0017 50       		.byte	0x50
 377 0018 9F       		.byte	0x9f
 378 0019 00000000 		.4byte	0
 379 001d 00000000 		.4byte	0
 380              	.LLST1:
 381 0021 00000000 		.4byte	.LVL2
 382 0025 0C000000 		.4byte	.LVL3
 383 0029 0100     		.2byte	0x1
 384 002b 50       		.byte	0x50
 385 002c 0C000000 		.4byte	.LVL3
 386 0030 18000000 		.4byte	.LFE1
 387 0034 0400     		.2byte	0x4
 388 0036 F3       		.byte	0xf3
ARM GAS  C:\Users\ESTEBAN\AppData\Local\Temp\cc5MItmJ.s 			page 9


 389 0037 01       		.uleb128 0x1
 390 0038 50       		.byte	0x50
 391 0039 9F       		.byte	0x9f
 392 003a 00000000 		.4byte	0
 393 003e 00000000 		.4byte	0
 394              		.section	.debug_aranges,"",%progbits
 395 0000 24000000 		.4byte	0x24
 396 0004 0200     		.2byte	0x2
 397 0006 00000000 		.4byte	.Ldebug_info0
 398 000a 04       		.byte	0x4
 399 000b 00       		.byte	0
 400 000c 0000     		.2byte	0
 401 000e 0000     		.2byte	0
 402 0010 00000000 		.4byte	.LFB0
 403 0014 60000000 		.4byte	.LFE0-.LFB0
 404 0018 00000000 		.4byte	.LFB1
 405 001c 18000000 		.4byte	.LFE1-.LFB1
 406 0020 00000000 		.4byte	0
 407 0024 00000000 		.4byte	0
 408              		.section	.debug_ranges,"",%progbits
 409              	.Ldebug_ranges0:
 410 0000 00000000 		.4byte	.LFB0
 411 0004 60000000 		.4byte	.LFE0
 412 0008 00000000 		.4byte	.LFB1
 413 000c 18000000 		.4byte	.LFE1
 414 0010 00000000 		.4byte	0
 415 0014 00000000 		.4byte	0
 416              		.section	.debug_line,"",%progbits
 417              	.Ldebug_line0:
 418 0000 77000000 		.section	.debug_str,"MS",%progbits,1
 418      02004A00 
 418      00000201 
 418      FB0E0D00 
 418      01010101 
 419              	.LASF6:
 420 0000 6C6F6E67 		.ascii	"long long int\000"
 420      206C6F6E 
 420      6720696E 
 420      7400
 421              	.LASF3:
 422 000e 73686F72 		.ascii	"short unsigned int\000"
 422      7420756E 
 422      7369676E 
 422      65642069 
 422      6E7400
 423              	.LASF18:
 424 0021 47656E65 		.ascii	"Generated_Source\\PSoC5\\CapSense_Pins.c\000"
 424      72617465 
 424      645F536F 
 424      75726365 
 424      5C50536F 
 425              	.LASF8:
 426 0048 756E7369 		.ascii	"unsigned int\000"
 426      676E6564 
 426      20696E74 
 426      00
 427              	.LASF20:
ARM GAS  C:\Users\ESTEBAN\AppData\Local\Temp\cc5MItmJ.s 			page 10


 428 0055 43617053 		.ascii	"CapSense_SetAllSensorsDriveMode\000"
 428      656E7365 
 428      5F536574 
 428      416C6C53 
 428      656E736F 
 429              	.LASF19:
 430 0075 443A5C55 		.ascii	"D:\\Users\\ESTEBAN\\Desktop\\Sensor_Capacitivo_Comu"
 430      73657273 
 430      5C455354 
 430      4542414E 
 430      5C446573 
 431 00a4 6E696361 		.ascii	"nicacion_USB\\Sensor_Capacitivo.cydsn\000"
 431      63696F6E 
 431      5F555342 
 431      5C53656E 
 431      736F725F 
 432              	.LASF16:
 433 00c9 6D6F6465 		.ascii	"mode\000"
 433      00
 434              	.LASF17:
 435 00ce 474E5520 		.ascii	"GNU C11 5.4.1 20160609 (release) [ARM/embedded-5-br"
 435      43313120 
 435      352E342E 
 435      31203230 
 435      31363036 
 436 0101 616E6368 		.ascii	"anch revision 237715] -mcpu=cortex-m3 -mthumb -g -O"
 436      20726576 
 436      6973696F 
 436      6E203233 
 436      37373135 
 437 0134 67202D66 		.ascii	"g -ffunction-sections -ffat-lto-objects\000"
 437      66756E63 
 437      74696F6E 
 437      2D736563 
 437      74696F6E 
 438              	.LASF21:
 439 015c 43617053 		.ascii	"CapSense_SetAllCmodsDriveMode\000"
 439      656E7365 
 439      5F536574 
 439      416C6C43 
 439      6D6F6473 
 440              	.LASF5:
 441 017a 6C6F6E67 		.ascii	"long unsigned int\000"
 441      20756E73 
 441      69676E65 
 441      6420696E 
 441      7400
 442              	.LASF7:
 443 018c 6C6F6E67 		.ascii	"long long unsigned int\000"
 443      206C6F6E 
 443      6720756E 
 443      7369676E 
 443      65642069 
 444              	.LASF9:
 445 01a3 666C6F61 		.ascii	"float\000"
 445      7400
 446              	.LASF1:
ARM GAS  C:\Users\ESTEBAN\AppData\Local\Temp\cc5MItmJ.s 			page 11


 447 01a9 756E7369 		.ascii	"unsigned char\000"
 447      676E6564 
 447      20636861 
 447      7200
 448              	.LASF11:
 449 01b7 63686172 		.ascii	"char\000"
 449      00
 450              	.LASF4:
 451 01bc 6C6F6E67 		.ascii	"long int\000"
 451      20696E74 
 451      00
 452              	.LASF10:
 453 01c5 646F7562 		.ascii	"double\000"
 453      6C6500
 454              	.LASF12:
 455 01cc 75696E74 		.ascii	"uint8\000"
 455      3800
 456              	.LASF0:
 457 01d2 7369676E 		.ascii	"signed char\000"
 457      65642063 
 457      68617200 
 458              	.LASF14:
 459 01de 6C6F6E67 		.ascii	"long double\000"
 459      20646F75 
 459      626C6500 
 460              	.LASF2:
 461 01ea 73686F72 		.ascii	"short int\000"
 461      7420696E 
 461      7400
 462              	.LASF13:
 463 01f4 72656738 		.ascii	"reg8\000"
 463      00
 464              	.LASF15:
 465 01f9 73697A65 		.ascii	"sizetype\000"
 465      74797065 
 465      00
 466              		.ident	"GCC: (GNU Tools for ARM Embedded Processors) 5.4.1 20160609 (release) [ARM/embedded-5-bran
