ARM GAS  C:\Users\ESTEBAN\AppData\Local\Temp\ccOJmUch.s 			page 1


   1              		.syntax unified
   2              		.cpu cortex-m3
   3              		.fpu softvfp
   4              		.eabi_attribute 20, 1
   5              		.eabi_attribute 21, 1
   6              		.eabi_attribute 23, 3
   7              		.eabi_attribute 24, 1
   8              		.eabi_attribute 25, 1
   9              		.eabi_attribute 26, 1
  10              		.eabi_attribute 30, 1
  11              		.eabi_attribute 34, 1
  12              		.eabi_attribute 18, 4
  13              		.thumb
  14              		.syntax unified
  15              		.file	"cymetadata.c"
  16              		.text
  17              	.Ltext0:
  18              		.cfi_sections	.debug_frame
  19              		.global	cy_metadata
  20              		.global	cy_meta_flashprotect
  21              		.global	cy_meta_wonvl
  22              		.global	cy_meta_custnvl
  23              		.global	cy_meta_configecc
  24              		.section	.cyconfigecc,"a",%progbits
  25              		.align	2
  26              		.type	cy_meta_configecc, %object
  27              		.size	cy_meta_configecc, 1472
  28              	cy_meta_configecc:
  29 0000 01       		.byte	1
  30 0001 45       		.byte	69
  31 0002 00       		.byte	0
  32 0003 40       		.byte	64
  33 0004 04       		.byte	4
  34 0005 4F       		.byte	79
  35 0006 00       		.byte	0
  36 0007 40       		.byte	64
  37 0008 04       		.byte	4
  38 0009 52       		.byte	82
  39 000a 00       		.byte	0
  40 000b 40       		.byte	64
  41 000c 03       		.byte	3
  42 000d 64       		.byte	100
  43 000e 00       		.byte	0
  44 000f 40       		.byte	64
  45 0010 07       		.byte	7
  46 0011 65       		.byte	101
  47 0012 00       		.byte	0
  48 0013 40       		.byte	64
  49 0014 03       		.byte	3
  50 0015 01       		.byte	1
  51 0016 01       		.byte	1
  52 0017 40       		.byte	64
  53 0018 02       		.byte	2
  54 0019 03       		.byte	3
  55 001a 01       		.byte	1
  56 001b 40       		.byte	64
  57 001c 3C       		.byte	60
ARM GAS  C:\Users\ESTEBAN\AppData\Local\Temp\ccOJmUch.s 			page 2


  58 001d 04       		.byte	4
  59 001e 01       		.byte	1
  60 001f 40       		.byte	64
  61 0020 29       		.byte	41
  62 0021 05       		.byte	5
  63 0022 01       		.byte	1
  64 0023 40       		.byte	64
  65 0024 4E       		.byte	78
  66 0025 06       		.byte	6
  67 0026 01       		.byte	1
  68 0027 40       		.byte	64
  69 0028 43       		.byte	67
  70 0029 07       		.byte	7
  71 002a 01       		.byte	1
  72 002b 40       		.byte	64
  73 002c 01       		.byte	1
  74 002d 0B       		.byte	11
  75 002e 01       		.byte	1
  76 002f 40       		.byte	64
  77 0030 01       		.byte	1
  78 0031 0D       		.byte	13
  79 0032 01       		.byte	1
  80 0033 40       		.byte	64
  81 0034 02       		.byte	2
  82 0035 0F       		.byte	15
  83 0036 01       		.byte	1
  84 0037 40       		.byte	64
  85 0038 56       		.byte	86
  86 0039 14       		.byte	20
  87 003a 01       		.byte	1
  88 003b 40       		.byte	64
  89 003c 3E       		.byte	62
  90 003d 15       		.byte	21
  91 003e 01       		.byte	1
  92 003f 40       		.byte	64
  93 0040 51       		.byte	81
  94 0041 16       		.byte	22
  95 0042 01       		.byte	1
  96 0043 40       		.byte	64
  97 0044 38       		.byte	56
  98 0045 17       		.byte	23
  99 0046 01       		.byte	1
 100 0047 40       		.byte	64
 101 0048 01       		.byte	1
 102 0049 1B       		.byte	27
 103 004a 01       		.byte	1
 104 004b 40       		.byte	64
 105 004c 0B       		.byte	11
 106 004d 40       		.byte	64
 107 004e 01       		.byte	1
 108 004f 40       		.byte	64
 109 0050 07       		.byte	7
 110 0051 41       		.byte	65
 111 0052 01       		.byte	1
 112 0053 40       		.byte	64
 113 0054 09       		.byte	9
 114 0055 42       		.byte	66
ARM GAS  C:\Users\ESTEBAN\AppData\Local\Temp\ccOJmUch.s 			page 3


 115 0056 01       		.byte	1
 116 0057 40       		.byte	64
 117 0058 04       		.byte	4
 118 0059 43       		.byte	67
 119 005a 01       		.byte	1
 120 005b 40       		.byte	64
 121 005c 05       		.byte	5
 122 005d 44       		.byte	68
 123 005e 01       		.byte	1
 124 005f 40       		.byte	64
 125 0060 06       		.byte	6
 126 0061 45       		.byte	69
 127 0062 01       		.byte	1
 128 0063 40       		.byte	64
 129 0064 06       		.byte	6
 130 0065 46       		.byte	70
 131 0066 01       		.byte	1
 132 0067 40       		.byte	64
 133 0068 08       		.byte	8
 134 0069 47       		.byte	71
 135 006a 01       		.byte	1
 136 006b 40       		.byte	64
 137 006c 04       		.byte	4
 138 006d 48       		.byte	72
 139 006e 01       		.byte	1
 140 006f 40       		.byte	64
 141 0070 0D       		.byte	13
 142 0071 49       		.byte	73
 143 0072 01       		.byte	1
 144 0073 40       		.byte	64
 145 0074 01       		.byte	1
 146 0075 4C       		.byte	76
 147 0076 01       		.byte	1
 148 0077 40       		.byte	64
 149 0078 01       		.byte	1
 150 0079 4D       		.byte	77
 151 007a 01       		.byte	1
 152 007b 40       		.byte	64
 153 007c 04       		.byte	4
 154 007d 50       		.byte	80
 155 007e 01       		.byte	1
 156 007f 40       		.byte	64
 157 0080 02       		.byte	2
 158 0081 51       		.byte	81
 159 0082 01       		.byte	1
 160 0083 40       		.byte	64
 161 0084 7E       		.byte	126
 162 0085 02       		.byte	2
 163 0086 01       		.byte	1
 164 0087 30       		.byte	48
 165 0088 0A       		.byte	10
 166 0089 4B       		.byte	75
 167 008a 0D       		.byte	13
 168 008b 20       		.byte	32
 169 008c 16       		.byte	22
 170 008d 4B       		.byte	75
 171 008e 18       		.byte	24
ARM GAS  C:\Users\ESTEBAN\AppData\Local\Temp\ccOJmUch.s 			page 4


 172 008f 80       		.byte	-128
 173 0090 19       		.byte	25
 174 0091 40       		.byte	64
 175 0092 2E       		.byte	46
 176 0093 7F       		.byte	127
 177 0094 7C       		.byte	124
 178 0095 40       		.byte	64
 179 0096 05       		.byte	5
 180 0097 FF       		.byte	-1
 181 0098 85       		.byte	-123
 182 0099 1F       		.byte	31
 183 009a 87       		.byte	-121
 184 009b 0D       		.byte	13
 185 009c 05       		.byte	5
 186 009d FF       		.byte	-1
 187 009e 06       		.byte	6
 188 009f FF       		.byte	-1
 189 00a0 15       		.byte	21
 190 00a1 FF       		.byte	-1
 191 00a2 16       		.byte	22
 192 00a3 FF       		.byte	-1
 193 00a4 25       		.byte	37
 194 00a5 FF       		.byte	-1
 195 00a6 26       		.byte	38
 196 00a7 FF       		.byte	-1
 197 00a8 84       		.byte	-124
 198 00a9 0D       		.byte	13
 199 00aa 82       		.byte	-126
 200 00ab 01       		.byte	1
 201 00ac E2       		.byte	-30
 202 00ad 08       		.byte	8
 203 00ae E6       		.byte	-26
 204 00af 10       		.byte	16
 205 00b0 A6       		.byte	-90
 206 00b1 01       		.byte	1
 207 00b2 E2       		.byte	-30
 208 00b3 02       		.byte	2
 209 00b4 0A       		.byte	10
 210 00b5 01       		.byte	1
 211 00b6 17       		.byte	23
 212 00b7 01       		.byte	1
 213 00b8 25       		.byte	37
 214 00b9 01       		.byte	1
 215 00ba 32       		.byte	50
 216 00bb 01       		.byte	1
 217 00bc 33       		.byte	51
 218 00bd 01       		.byte	1
 219 00be 58       		.byte	88
 220 00bf 04       		.byte	4
 221 00c0 59       		.byte	89
 222 00c1 04       		.byte	4
 223 00c2 5F       		.byte	95
 224 00c3 01       		.byte	1
 225 00c4 80       		.byte	-128
 226 00c5 02       		.byte	2
 227 00c6 83       		.byte	-125
 228 00c7 01       		.byte	1
ARM GAS  C:\Users\ESTEBAN\AppData\Local\Temp\ccOJmUch.s 			page 5


 229 00c8 84       		.byte	-124
 230 00c9 1C       		.byte	28
 231 00ca 85       		.byte	-123
 232 00cb 03       		.byte	3
 233 00cc 86       		.byte	-122
 234 00cd 02       		.byte	2
 235 00ce 88       		.byte	-120
 236 00cf 0E       		.byte	14
 237 00d0 8A       		.byte	-118
 238 00d1 10       		.byte	16
 239 00d2 8B       		.byte	-117
 240 00d3 02       		.byte	2
 241 00d4 8C       		.byte	-116
 242 00d5 01       		.byte	1
 243 00d6 8D       		.byte	-115
 244 00d7 03       		.byte	3
 245 00d8 90       		.byte	-112
 246 00d9 1E       		.byte	30
 247 00da 91       		.byte	-111
 248 00db 01       		.byte	1
 249 00dc 93       		.byte	-109
 250 00dd 02       		.byte	2
 251 00de 95       		.byte	-107
 252 00df 03       		.byte	3
 253 00e0 98       		.byte	-104
 254 00e1 01       		.byte	1
 255 00e2 99       		.byte	-103
 256 00e3 02       		.byte	2
 257 00e4 9B       		.byte	-101
 258 00e5 01       		.byte	1
 259 00e6 9C       		.byte	-100
 260 00e7 08       		.byte	8
 261 00e8 A0       		.byte	-96
 262 00e9 04       		.byte	4
 263 00ea A8       		.byte	-88
 264 00eb 12       		.byte	18
 265 00ec AA       		.byte	-86
 266 00ed 0C       		.byte	12
 267 00ee AB       		.byte	-85
 268 00ef 02       		.byte	2
 269 00f0 AC       		.byte	-84
 270 00f1 1E       		.byte	30
 271 00f2 AF       		.byte	-81
 272 00f3 01       		.byte	1
 273 00f4 B1       		.byte	-79
 274 00f5 03       		.byte	3
 275 00f6 B2       		.byte	-78
 276 00f7 01       		.byte	1
 277 00f8 B4       		.byte	-76
 278 00f9 1E       		.byte	30
 279 00fa B8       		.byte	-72
 280 00fb 0A       		.byte	10
 281 00fc BE       		.byte	-66
 282 00fd 01       		.byte	1
 283 00fe C0       		.byte	-64
 284 00ff 43       		.byte	67
 285 0100 C6       		.byte	-58
ARM GAS  C:\Users\ESTEBAN\AppData\Local\Temp\ccOJmUch.s 			page 6


 286 0101 02       		.byte	2
 287 0102 C7       		.byte	-57
 288 0103 45       		.byte	69
 289 0104 C8       		.byte	-56
 290 0105 34       		.byte	52
 291 0106 C9       		.byte	-55
 292 0107 FF       		.byte	-1
 293 0108 CA       		.byte	-54
 294 0109 FF       		.byte	-1
 295 010a CB       		.byte	-53
 296 010b FF       		.byte	-1
 297 010c CC       		.byte	-52
 298 010d 02       		.byte	2
 299 010e CD       		.byte	-51
 300 010f 20       		.byte	32
 301 0110 CF       		.byte	-49
 302 0111 05       		.byte	5
 303 0112 D1       		.byte	-47
 304 0113 10       		.byte	16
 305 0114 D6       		.byte	-42
 306 0115 02       		.byte	2
 307 0116 D8       		.byte	-40
 308 0117 04       		.byte	4
 309 0118 D9       		.byte	-39
 310 0119 04       		.byte	4
 311 011a DA       		.byte	-38
 312 011b 04       		.byte	4
 313 011c DB       		.byte	-37
 314 011d 04       		.byte	4
 315 011e DE       		.byte	-34
 316 011f 08       		.byte	8
 317 0120 DF       		.byte	-33
 318 0121 01       		.byte	1
 319 0122 E0       		.byte	-32
 320 0123 40       		.byte	64
 321 0124 E1       		.byte	-31
 322 0125 40       		.byte	64
 323 0126 E2       		.byte	-30
 324 0127 80       		.byte	-128
 325 0128 E4       		.byte	-28
 326 0129 80       		.byte	-128
 327 012a E6       		.byte	-26
 328 012b 80       		.byte	-128
 329 012c 00       		.byte	0
 330 012d 10       		.byte	16
 331 012e 04       		.byte	4
 332 012f 04       		.byte	4
 333 0130 06       		.byte	6
 334 0131 02       		.byte	2
 335 0132 07       		.byte	7
 336 0133 48       		.byte	72
 337 0134 0E       		.byte	14
 338 0135 40       		.byte	64
 339 0136 0F       		.byte	15
 340 0137 0A       		.byte	10
 341 0138 16       		.byte	22
 342 0139 80       		.byte	-128
ARM GAS  C:\Users\ESTEBAN\AppData\Local\Temp\ccOJmUch.s 			page 7


 343 013a 17       		.byte	23
 344 013b 90       		.byte	-112
 345 013c 19       		.byte	25
 346 013d 08       		.byte	8
 347 013e 1C       		.byte	28
 348 013f 1C       		.byte	28
 349 0140 1D       		.byte	29
 350 0141 04       		.byte	4
 351 0142 1F       		.byte	31
 352 0143 02       		.byte	2
 353 0144 23       		.byte	35
 354 0145 10       		.byte	16
 355 0146 26       		.byte	38
 356 0147 01       		.byte	1
 357 0148 27       		.byte	39
 358 0149 80       		.byte	-128
 359 014a 29       		.byte	41
 360 014b 08       		.byte	8
 361 014c 2E       		.byte	46
 362 014d 80       		.byte	-128
 363 014e 2F       		.byte	47
 364 014f 08       		.byte	8
 365 0150 31       		.byte	49
 366 0151 04       		.byte	4
 367 0152 36       		.byte	54
 368 0153 01       		.byte	1
 369 0154 37       		.byte	55
 370 0155 18       		.byte	24
 371 0156 3C       		.byte	60
 372 0157 08       		.byte	8
 373 0158 3E       		.byte	62
 374 0159 60       		.byte	96
 375 015a 3F       		.byte	63
 376 015b 02       		.byte	2
 377 015c 45       		.byte	69
 378 015d 0C       		.byte	12
 379 015e 46       		.byte	70
 380 015f 40       		.byte	64
 381 0160 56       		.byte	86
 382 0161 42       		.byte	66
 383 0162 57       		.byte	87
 384 0163 04       		.byte	4
 385 0164 77       		.byte	119
 386 0165 40       		.byte	64
 387 0166 7D       		.byte	125
 388 0167 08       		.byte	8
 389 0168 98       		.byte	-104
 390 0169 80       		.byte	-128
 391 016a A6       		.byte	-90
 392 016b 01       		.byte	1
 393 016c B4       		.byte	-76
 394 016d 80       		.byte	-128
 395 016e C0       		.byte	-64
 396 016f F2       		.byte	-14
 397 0170 C2       		.byte	-62
 398 0171 D0       		.byte	-48
 399 0172 C4       		.byte	-60
ARM GAS  C:\Users\ESTEBAN\AppData\Local\Temp\ccOJmUch.s 			page 8


 400 0173 D0       		.byte	-48
 401 0174 CA       		.byte	-54
 402 0175 32       		.byte	50
 403 0176 CC       		.byte	-52
 404 0177 E2       		.byte	-30
 405 0178 CE       		.byte	-50
 406 0179 F0       		.byte	-16
 407 017a D0       		.byte	-48
 408 017b C0       		.byte	-64
 409 017c DE       		.byte	-34
 410 017d 40       		.byte	64
 411 017e 00       		.byte	0
 412 017f 01       		.byte	1
 413 0180 05       		.byte	5
 414 0181 02       		.byte	2
 415 0182 06       		.byte	6
 416 0183 01       		.byte	1
 417 0184 07       		.byte	7
 418 0185 01       		.byte	1
 419 0186 09       		.byte	9
 420 0187 03       		.byte	3
 421 0188 0A       		.byte	10
 422 0189 02       		.byte	2
 423 018a 10       		.byte	16
 424 018b 04       		.byte	4
 425 018c 13       		.byte	19
 426 018d 01       		.byte	1
 427 018e 18       		.byte	24
 428 018f 04       		.byte	4
 429 0190 1E       		.byte	30
 430 0191 01       		.byte	1
 431 0192 22       		.byte	34
 432 0193 04       		.byte	4
 433 0194 28       		.byte	40
 434 0195 04       		.byte	4
 435 0196 2B       		.byte	43
 436 0197 02       		.byte	2
 437 0198 2D       		.byte	45
 438 0199 01       		.byte	1
 439 019a 2F       		.byte	47
 440 019b 02       		.byte	2
 441 019c 32       		.byte	50
 442 019d 04       		.byte	4
 443 019e 33       		.byte	51
 444 019f 03       		.byte	3
 445 01a0 34       		.byte	52
 446 01a1 03       		.byte	3
 447 01a2 3E       		.byte	62
 448 01a3 10       		.byte	16
 449 01a4 40       		.byte	64
 450 01a5 06       		.byte	6
 451 01a6 41       		.byte	65
 452 01a7 03       		.byte	3
 453 01a8 49       		.byte	73
 454 01a9 FF       		.byte	-1
 455 01aa 4A       		.byte	74
 456 01ab FF       		.byte	-1
ARM GAS  C:\Users\ESTEBAN\AppData\Local\Temp\ccOJmUch.s 			page 9


 457 01ac 4B       		.byte	75
 458 01ad FF       		.byte	-1
 459 01ae 4C       		.byte	76
 460 01af 02       		.byte	2
 461 01b0 4D       		.byte	77
 462 01b1 0C       		.byte	12
 463 01b2 4E       		.byte	78
 464 01b3 F8       		.byte	-8
 465 01b4 52       		.byte	82
 466 01b5 17       		.byte	23
 467 01b6 58       		.byte	88
 468 01b7 04       		.byte	4
 469 01b8 59       		.byte	89
 470 01b9 04       		.byte	4
 471 01ba 5A       		.byte	90
 472 01bb 04       		.byte	4
 473 01bc 5B       		.byte	91
 474 01bd 04       		.byte	4
 475 01be 5F       		.byte	95
 476 01bf 01       		.byte	1
 477 01c0 62       		.byte	98
 478 01c1 48       		.byte	72
 479 01c2 63       		.byte	99
 480 01c3 A1       		.byte	-95
 481 01c4 68       		.byte	104
 482 01c5 F0       		.byte	-16
 483 01c6 6A       		.byte	106
 484 01c7 F0       		.byte	-16
 485 01c8 6C       		.byte	108
 486 01c9 F0       		.byte	-16
 487 01ca 6E       		.byte	110
 488 01cb F0       		.byte	-16
 489 01cc 87       		.byte	-121
 490 01cd 04       		.byte	4
 491 01ce 88       		.byte	-120
 492 01cf 02       		.byte	2
 493 01d0 8F       		.byte	-113
 494 01d1 04       		.byte	4
 495 01d2 93       		.byte	-109
 496 01d3 08       		.byte	8
 497 01d4 97       		.byte	-105
 498 01d5 01       		.byte	1
 499 01d6 9B       		.byte	-101
 500 01d7 02       		.byte	2
 501 01d8 A1       		.byte	-95
 502 01d9 01       		.byte	1
 503 01da A3       		.byte	-93
 504 01db 02       		.byte	2
 505 01dc AA       		.byte	-86
 506 01dd 03       		.byte	3
 507 01de B1       		.byte	-79
 508 01df 08       		.byte	8
 509 01e0 B2       		.byte	-78
 510 01e1 01       		.byte	1
 511 01e2 B3       		.byte	-77
 512 01e3 03       		.byte	3
 513 01e4 B6       		.byte	-74
ARM GAS  C:\Users\ESTEBAN\AppData\Local\Temp\ccOJmUch.s 			page 10


 514 01e5 02       		.byte	2
 515 01e6 B7       		.byte	-73
 516 01e7 04       		.byte	4
 517 01e8 BF       		.byte	-65
 518 01e9 04       		.byte	4
 519 01ea C0       		.byte	-64
 520 01eb 06       		.byte	6
 521 01ec C1       		.byte	-63
 522 01ed 03       		.byte	3
 523 01ee C6       		.byte	-58
 524 01ef A0       		.byte	-96
 525 01f0 C9       		.byte	-55
 526 01f1 FF       		.byte	-1
 527 01f2 CA       		.byte	-54
 528 01f3 FF       		.byte	-1
 529 01f4 CB       		.byte	-53
 530 01f5 FF       		.byte	-1
 531 01f6 CC       		.byte	-52
 532 01f7 03       		.byte	3
 533 01f8 CD       		.byte	-51
 534 01f9 0C       		.byte	12
 535 01fa CE       		.byte	-50
 536 01fb F4       		.byte	-12
 537 01fc D2       		.byte	-46
 538 01fd 80       		.byte	-128
 539 01fe D4       		.byte	-44
 540 01ff 05       		.byte	5
 541 0200 D8       		.byte	-40
 542 0201 04       		.byte	4
 543 0202 D9       		.byte	-39
 544 0203 04       		.byte	4
 545 0204 DA       		.byte	-38
 546 0205 04       		.byte	4
 547 0206 DB       		.byte	-37
 548 0207 04       		.byte	4
 549 0208 DC       		.byte	-36
 550 0209 11       		.byte	17
 551 020a DD       		.byte	-35
 552 020b 10       		.byte	16
 553 020c DF       		.byte	-33
 554 020d 01       		.byte	1
 555 020e E2       		.byte	-30
 556 020f 48       		.byte	72
 557 0210 E3       		.byte	-29
 558 0211 A1       		.byte	-95
 559 0212 E8       		.byte	-24
 560 0213 F0       		.byte	-16
 561 0214 EA       		.byte	-22
 562 0215 F0       		.byte	-16
 563 0216 EC       		.byte	-20
 564 0217 F0       		.byte	-16
 565 0218 EE       		.byte	-18
 566 0219 F0       		.byte	-16
 567 021a 00       		.byte	0
 568 021b 10       		.byte	16
 569 021c 06       		.byte	6
 570 021d 80       		.byte	-128
ARM GAS  C:\Users\ESTEBAN\AppData\Local\Temp\ccOJmUch.s 			page 11


 571 021e 07       		.byte	7
 572 021f 18       		.byte	24
 573 0220 0C       		.byte	12
 574 0221 10       		.byte	16
 575 0222 0E       		.byte	14
 576 0223 40       		.byte	64
 577 0224 0F       		.byte	15
 578 0225 02       		.byte	2
 579 0226 12       		.byte	18
 580 0227 04       		.byte	4
 581 0228 17       		.byte	23
 582 0229 21       		.byte	33
 583 022a 18       		.byte	24
 584 022b 10       		.byte	16
 585 022c 19       		.byte	25
 586 022d 80       		.byte	-128
 587 022e 1C       		.byte	28
 588 022f 20       		.byte	32
 589 0230 1D       		.byte	29
 590 0231 28       		.byte	40
 591 0232 21       		.byte	33
 592 0233 04       		.byte	4
 593 0234 22       		.byte	34
 594 0235 40       		.byte	64
 595 0236 23       		.byte	35
 596 0237 40       		.byte	64
 597 0238 25       		.byte	37
 598 0239 04       		.byte	4
 599 023a 26       		.byte	38
 600 023b 04       		.byte	4
 601 023c 27       		.byte	39
 602 023d 20       		.byte	32
 603 023e 2A       		.byte	42
 604 023f 01       		.byte	1
 605 0240 2D       		.byte	45
 606 0241 10       		.byte	16
 607 0242 2E       		.byte	46
 608 0243 40       		.byte	64
 609 0244 30       		.byte	48
 610 0245 20       		.byte	32
 611 0246 31       		.byte	49
 612 0247 06       		.byte	6
 613 0248 37       		.byte	55
 614 0249 01       		.byte	1
 615 024a 38       		.byte	56
 616 024b 20       		.byte	32
 617 024c 3A       		.byte	58
 618 024d 24       		.byte	36
 619 024e 3B       		.byte	59
 620 024f 40       		.byte	64
 621 0250 3C       		.byte	60
 622 0251 20       		.byte	32
 623 0252 3D       		.byte	61
 624 0253 08       		.byte	8
 625 0254 41       		.byte	65
 626 0255 08       		.byte	8
 627 0256 44       		.byte	68
ARM GAS  C:\Users\ESTEBAN\AppData\Local\Temp\ccOJmUch.s 			page 12


 628 0257 10       		.byte	16
 629 0258 45       		.byte	69
 630 0259 08       		.byte	8
 631 025a 4B       		.byte	75
 632 025b 10       		.byte	16
 633 025c 4F       		.byte	79
 634 025d 10       		.byte	16
 635 025e 50       		.byte	80
 636 025f 20       		.byte	32
 637 0260 59       		.byte	89
 638 0261 81       		.byte	-127
 639 0262 5A       		.byte	90
 640 0263 08       		.byte	8
 641 0264 6C       		.byte	108
 642 0265 10       		.byte	16
 643 0266 6D       		.byte	109
 644 0267 10       		.byte	16
 645 0268 6F       		.byte	111
 646 0269 01       		.byte	1
 647 026a 71       		.byte	113
 648 026b 02       		.byte	2
 649 026c 76       		.byte	118
 650 026d 01       		.byte	1
 651 026e 7A       		.byte	122
 652 026f 04       		.byte	4
 653 0270 7B       		.byte	123
 654 0271 08       		.byte	8
 655 0272 85       		.byte	-123
 656 0273 04       		.byte	4
 657 0274 93       		.byte	-109
 658 0275 10       		.byte	16
 659 0276 96       		.byte	-106
 660 0277 40       		.byte	64
 661 0278 98       		.byte	-104
 662 0279 80       		.byte	-128
 663 027a 99       		.byte	-103
 664 027b 04       		.byte	4
 665 027c 9B       		.byte	-101
 666 027d 40       		.byte	64
 667 027e 9E       		.byte	-98
 668 027f A0       		.byte	-96
 669 0280 9F       		.byte	-97
 670 0281 18       		.byte	24
 671 0282 A0       		.byte	-96
 672 0283 04       		.byte	4
 673 0284 A2       		.byte	-94
 674 0285 01       		.byte	1
 675 0286 A5       		.byte	-91
 676 0287 08       		.byte	8
 677 0288 A7       		.byte	-89
 678 0289 09       		.byte	9
 679 028a B3       		.byte	-77
 680 028b 02       		.byte	2
 681 028c C0       		.byte	-64
 682 028d 72       		.byte	114
 683 028e C2       		.byte	-62
 684 028f D0       		.byte	-48
ARM GAS  C:\Users\ESTEBAN\AppData\Local\Temp\ccOJmUch.s 			page 13


 685 0290 C4       		.byte	-60
 686 0291 52       		.byte	82
 687 0292 CA       		.byte	-54
 688 0293 31       		.byte	49
 689 0294 CC       		.byte	-52
 690 0295 87       		.byte	-121
 691 0296 CE       		.byte	-50
 692 0297 6A       		.byte	106
 693 0298 D0       		.byte	-48
 694 0299 42       		.byte	66
 695 029a D2       		.byte	-46
 696 029b 24       		.byte	36
 697 029c D6       		.byte	-42
 698 029d 0B       		.byte	11
 699 029e EE       		.byte	-18
 700 029f 80       		.byte	-128
 701 02a0 EA       		.byte	-22
 702 02a1 10       		.byte	16
 703 02a2 E2       		.byte	-30
 704 02a3 02       		.byte	2
 705 02a4 E2       		.byte	-30
 706 02a5 08       		.byte	8
 707 02a6 E6       		.byte	-26
 708 02a7 10       		.byte	16
 709 02a8 06       		.byte	6
 710 02a9 01       		.byte	1
 711 02aa 0F       		.byte	15
 712 02ab 02       		.byte	2
 713 02ac 13       		.byte	19
 714 02ad 01       		.byte	1
 715 02ae 17       		.byte	23
 716 02af 01       		.byte	1
 717 02b0 1A       		.byte	26
 718 02b1 01       		.byte	1
 719 02b2 31       		.byte	49
 720 02b3 02       		.byte	2
 721 02b4 33       		.byte	51
 722 02b5 01       		.byte	1
 723 02b6 34       		.byte	52
 724 02b7 01       		.byte	1
 725 02b8 35       		.byte	53
 726 02b9 02       		.byte	2
 727 02ba 37       		.byte	55
 728 02bb 02       		.byte	2
 729 02bc 3F       		.byte	63
 730 02bd 04       		.byte	4
 731 02be 40       		.byte	64
 732 02bf 10       		.byte	16
 733 02c0 41       		.byte	65
 734 02c1 03       		.byte	3
 735 02c2 45       		.byte	69
 736 02c3 D0       		.byte	-48
 737 02c4 46       		.byte	70
 738 02c5 10       		.byte	16
 739 02c6 47       		.byte	71
 740 02c7 02       		.byte	2
 741 02c8 48       		.byte	72
ARM GAS  C:\Users\ESTEBAN\AppData\Local\Temp\ccOJmUch.s 			page 14


 742 02c9 1A       		.byte	26
 743 02ca 49       		.byte	73
 744 02cb FF       		.byte	-1
 745 02cc 4A       		.byte	74
 746 02cd FF       		.byte	-1
 747 02ce 4B       		.byte	75
 748 02cf FF       		.byte	-1
 749 02d0 4D       		.byte	77
 750 02d1 A0       		.byte	-96
 751 02d2 4F       		.byte	79
 752 02d3 04       		.byte	4
 753 02d4 50       		.byte	80
 754 02d5 18       		.byte	24
 755 02d6 52       		.byte	82
 756 02d7 80       		.byte	-128
 757 02d8 54       		.byte	84
 758 02d9 05       		.byte	5
 759 02da 58       		.byte	88
 760 02db 04       		.byte	4
 761 02dc 59       		.byte	89
 762 02dd 04       		.byte	4
 763 02de 5A       		.byte	90
 764 02df 04       		.byte	4
 765 02e0 5B       		.byte	91
 766 02e1 04       		.byte	4
 767 02e2 5C       		.byte	92
 768 02e3 44       		.byte	68
 769 02e4 5D       		.byte	93
 770 02e5 44       		.byte	68
 771 02e6 5F       		.byte	95
 772 02e7 01       		.byte	1
 773 02e8 60       		.byte	96
 774 02e9 40       		.byte	64
 775 02ea 62       		.byte	98
 776 02eb C0       		.byte	-64
 777 02ec 64       		.byte	100
 778 02ed 40       		.byte	64
 779 02ee 65       		.byte	101
 780 02ef 40       		.byte	64
 781 02f0 66       		.byte	102
 782 02f1 C0       		.byte	-64
 783 02f2 68       		.byte	104
 784 02f3 C0       		.byte	-64
 785 02f4 6A       		.byte	106
 786 02f5 C0       		.byte	-64
 787 02f6 6C       		.byte	108
 788 02f7 C0       		.byte	-64
 789 02f8 6E       		.byte	110
 790 02f9 C0       		.byte	-64
 791 02fa 80       		.byte	-128
 792 02fb 01       		.byte	1
 793 02fc 81       		.byte	-127
 794 02fd 04       		.byte	4
 795 02fe 86       		.byte	-122
 796 02ff 03       		.byte	3
 797 0300 87       		.byte	-121
 798 0301 01       		.byte	1
ARM GAS  C:\Users\ESTEBAN\AppData\Local\Temp\ccOJmUch.s 			page 15


 799 0302 88       		.byte	-120
 800 0303 03       		.byte	3
 801 0304 8C       		.byte	-116
 802 0305 03       		.byte	3
 803 0306 8D       		.byte	-115
 804 0307 01       		.byte	1
 805 0308 91       		.byte	-111
 806 0309 01       		.byte	1
 807 030a 95       		.byte	-107
 808 030b 01       		.byte	1
 809 030c 97       		.byte	-105
 810 030d 08       		.byte	8
 811 030e 99       		.byte	-103
 812 030f 01       		.byte	1
 813 0310 9B       		.byte	-101
 814 0311 06       		.byte	6
 815 0312 9C       		.byte	-100
 816 0313 02       		.byte	2
 817 0314 9F       		.byte	-97
 818 0315 01       		.byte	1
 819 0316 A3       		.byte	-93
 820 0317 06       		.byte	6
 821 0318 A5       		.byte	-91
 822 0319 02       		.byte	2
 823 031a A6       		.byte	-90
 824 031b 03       		.byte	3
 825 031c AD       		.byte	-83
 826 031d 06       		.byte	6
 827 031e B3       		.byte	-77
 828 031f 01       		.byte	1
 829 0320 B6       		.byte	-74
 830 0321 03       		.byte	3
 831 0322 B7       		.byte	-73
 832 0323 0E       		.byte	14
 833 0324 BE       		.byte	-66
 834 0325 40       		.byte	64
 835 0326 BF       		.byte	-65
 836 0327 40       		.byte	64
 837 0328 C0       		.byte	-64
 838 0329 14       		.byte	20
 839 032a C1       		.byte	-63
 840 032b 02       		.byte	2
 841 032c C6       		.byte	-58
 842 032d 26       		.byte	38
 843 032e C8       		.byte	-56
 844 032f 0C       		.byte	12
 845 0330 D6       		.byte	-42
 846 0331 08       		.byte	8
 847 0332 D8       		.byte	-40
 848 0333 04       		.byte	4
 849 0334 D9       		.byte	-39
 850 0335 04       		.byte	4
 851 0336 DA       		.byte	-38
 852 0337 04       		.byte	4
 853 0338 DB       		.byte	-37
 854 0339 0F       		.byte	15
 855 033a DF       		.byte	-33
ARM GAS  C:\Users\ESTEBAN\AppData\Local\Temp\ccOJmUch.s 			page 16


 856 033b 01       		.byte	1
 857 033c E1       		.byte	-31
 858 033d 0C       		.byte	12
 859 033e E2       		.byte	-30
 860 033f F0       		.byte	-16
 861 0340 E3       		.byte	-29
 862 0341 0C       		.byte	12
 863 0342 E5       		.byte	-27
 864 0343 0C       		.byte	12
 865 0344 E7       		.byte	-25
 866 0345 0C       		.byte	12
 867 0346 E8       		.byte	-24
 868 0347 40       		.byte	64
 869 0348 E9       		.byte	-23
 870 0349 4C       		.byte	76
 871 034a EA       		.byte	-22
 872 034b 40       		.byte	64
 873 034c EB       		.byte	-21
 874 034d 4C       		.byte	76
 875 034e EC       		.byte	-20
 876 034f 90       		.byte	-112
 877 0350 ED       		.byte	-19
 878 0351 58       		.byte	88
 879 0352 EF       		.byte	-17
 880 0353 0C       		.byte	12
 881 0354 02       		.byte	2
 882 0355 10       		.byte	16
 883 0356 05       		.byte	5
 884 0357 80       		.byte	-128
 885 0358 06       		.byte	6
 886 0359 80       		.byte	-128
 887 035a 07       		.byte	7
 888 035b 18       		.byte	24
 889 035c 09       		.byte	9
 890 035d 20       		.byte	32
 891 035e 0F       		.byte	15
 892 035f 02       		.byte	2
 893 0360 16       		.byte	22
 894 0361 20       		.byte	32
 895 0362 1A       		.byte	26
 896 0363 04       		.byte	4
 897 0364 1D       		.byte	29
 898 0365 80       		.byte	-128
 899 0366 20       		.byte	32
 900 0367 01       		.byte	1
 901 0368 21       		.byte	33
 902 0369 22       		.byte	34
 903 036a 22       		.byte	34
 904 036b 04       		.byte	4
 905 036c 27       		.byte	39
 906 036d 11       		.byte	17
 907 036e 2D       		.byte	45
 908 036f 80       		.byte	-128
 909 0370 2E       		.byte	46
 910 0371 08       		.byte	8
 911 0372 2F       		.byte	47
 912 0373 80       		.byte	-128
ARM GAS  C:\Users\ESTEBAN\AppData\Local\Temp\ccOJmUch.s 			page 17


 913 0374 31       		.byte	49
 914 0375 02       		.byte	2
 915 0376 33       		.byte	51
 916 0377 08       		.byte	8
 917 0378 36       		.byte	54
 918 0379 81       		.byte	-127
 919 037a 37       		.byte	55
 920 037b 58       		.byte	88
 921 037c 3B       		.byte	59
 922 037d 40       		.byte	64
 923 037e 3C       		.byte	60
 924 037f 08       		.byte	8
 925 0380 3E       		.byte	62
 926 0381 40       		.byte	64
 927 0382 3F       		.byte	63
 928 0383 02       		.byte	2
 929 0384 40       		.byte	64
 930 0385 01       		.byte	1
 931 0386 43       		.byte	67
 932 0387 08       		.byte	8
 933 0388 45       		.byte	69
 934 0389 80       		.byte	-128
 935 038a 47       		.byte	71
 936 038b 21       		.byte	33
 937 038c 49       		.byte	73
 938 038d 01       		.byte	1
 939 038e 52       		.byte	82
 940 038f 10       		.byte	16
 941 0390 53       		.byte	83
 942 0391 08       		.byte	8
 943 0392 56       		.byte	86
 944 0393 20       		.byte	32
 945 0394 57       		.byte	87
 946 0395 80       		.byte	-128
 947 0396 59       		.byte	89
 948 0397 01       		.byte	1
 949 0398 5A       		.byte	90
 950 0399 88       		.byte	-120
 951 039a 5C       		.byte	92
 952 039b 80       		.byte	-128
 953 039c 65       		.byte	101
 954 039d 80       		.byte	-128
 955 039e 73       		.byte	115
 956 039f 40       		.byte	64
 957 03a0 7E       		.byte	126
 958 03a1 80       		.byte	-128
 959 03a2 86       		.byte	-122
 960 03a3 04       		.byte	4
 961 03a4 92       		.byte	-110
 962 03a5 C0       		.byte	-64
 963 03a6 98       		.byte	-104
 964 03a7 80       		.byte	-128
 965 03a8 9A       		.byte	-102
 966 03a9 88       		.byte	-120
 967 03aa 9B       		.byte	-101
 968 03ab 68       		.byte	104
 969 03ac 9D       		.byte	-99
ARM GAS  C:\Users\ESTEBAN\AppData\Local\Temp\ccOJmUch.s 			page 18


 970 03ad 80       		.byte	-128
 971 03ae 9E       		.byte	-98
 972 03af 10       		.byte	16
 973 03b0 9F       		.byte	-97
 974 03b1 10       		.byte	16
 975 03b2 A0       		.byte	-96
 976 03b3 04       		.byte	4
 977 03b4 A2       		.byte	-94
 978 03b5 01       		.byte	1
 979 03b6 A3       		.byte	-93
 980 03b7 01       		.byte	1
 981 03b8 A9       		.byte	-87
 982 03b9 80       		.byte	-128
 983 03ba C0       		.byte	-64
 984 03bb F4       		.byte	-12
 985 03bc C2       		.byte	-62
 986 03bd 82       		.byte	-126
 987 03be C4       		.byte	-60
 988 03bf 20       		.byte	32
 989 03c0 CA       		.byte	-54
 990 03c1 D0       		.byte	-48
 991 03c2 CC       		.byte	-52
 992 03c3 F3       		.byte	-13
 993 03c4 CE       		.byte	-50
 994 03c5 D8       		.byte	-40
 995 03c6 D0       		.byte	-48
 996 03c7 BA       		.byte	-70
 997 03c8 D6       		.byte	-42
 998 03c9 1B       		.byte	27
 999 03ca D8       		.byte	-40
 1000 03cb 10       		.byte	16
 1001 03cc DE       		.byte	-34
 1002 03cd 80       		.byte	-128
 1003 03ce E8       		.byte	-24
 1004 03cf 04       		.byte	4
 1005 03d0 01       		.byte	1
 1006 03d1 2A       		.byte	42
 1007 03d2 05       		.byte	5
 1008 03d3 04       		.byte	4
 1009 03d4 0B       		.byte	11
 1010 03d5 04       		.byte	4
 1011 03d6 0D       		.byte	13
 1012 03d7 04       		.byte	4
 1013 03d8 10       		.byte	16
 1014 03d9 01       		.byte	1
 1015 03da 11       		.byte	17
 1016 03db 04       		.byte	4
 1017 03dc 12       		.byte	18
 1018 03dd 02       		.byte	2
 1019 03de 14       		.byte	20
 1020 03df 02       		.byte	2
 1021 03e0 15       		.byte	21
 1022 03e1 3F       		.byte	63
 1023 03e2 16       		.byte	22
 1024 03e3 01       		.byte	1
 1025 03e4 18       		.byte	24
 1026 03e5 03       		.byte	3
ARM GAS  C:\Users\ESTEBAN\AppData\Local\Temp\ccOJmUch.s 			page 19


 1027 03e6 19       		.byte	25
 1028 03e7 04       		.byte	4
 1029 03e8 1B       		.byte	27
 1030 03e9 3B       		.byte	59
 1031 03ea 1D       		.byte	29
 1032 03eb 30       		.byte	48
 1033 03ec 27       		.byte	39
 1034 03ed 04       		.byte	4
 1035 03ee 28       		.byte	40
 1036 03ef 02       		.byte	2
 1037 03f0 2D       		.byte	45
 1038 03f1 11       		.byte	17
 1039 03f2 2F       		.byte	47
 1040 03f3 08       		.byte	8
 1041 03f4 30       		.byte	48
 1042 03f5 03       		.byte	3
 1043 03f6 31       		.byte	49
 1044 03f7 03       		.byte	3
 1045 03f8 33       		.byte	51
 1046 03f9 30       		.byte	48
 1047 03fa 35       		.byte	53
 1048 03fb 04       		.byte	4
 1049 03fc 37       		.byte	55
 1050 03fd 08       		.byte	8
 1051 03fe 3F       		.byte	63
 1052 03ff 45       		.byte	69
 1053 0400 40       		.byte	64
 1054 0401 42       		.byte	66
 1055 0402 41       		.byte	65
 1056 0403 05       		.byte	5
 1057 0404 46       		.byte	70
 1058 0405 02       		.byte	2
 1059 0406 47       		.byte	71
 1060 0407 62       		.byte	98
 1061 0408 48       		.byte	72
 1062 0409 34       		.byte	52
 1063 040a 58       		.byte	88
 1064 040b 04       		.byte	4
 1065 040c 59       		.byte	89
 1066 040d 04       		.byte	4
 1067 040e 5A       		.byte	90
 1068 040f 04       		.byte	4
 1069 0410 5F       		.byte	95
 1070 0411 01       		.byte	1
 1071 0412 61       		.byte	97
 1072 0413 0C       		.byte	12
 1073 0414 62       		.byte	98
 1074 0415 F0       		.byte	-16
 1075 0416 63       		.byte	99
 1076 0417 0C       		.byte	12
 1077 0418 65       		.byte	101
 1078 0419 0C       		.byte	12
 1079 041a 67       		.byte	103
 1080 041b 0C       		.byte	12
 1081 041c 68       		.byte	104
 1082 041d 40       		.byte	64
 1083 041e 69       		.byte	105
ARM GAS  C:\Users\ESTEBAN\AppData\Local\Temp\ccOJmUch.s 			page 20


 1084 041f 4C       		.byte	76
 1085 0420 6A       		.byte	106
 1086 0421 40       		.byte	64
 1087 0422 6B       		.byte	107
 1088 0423 4C       		.byte	76
 1089 0424 6C       		.byte	108
 1090 0425 90       		.byte	-112
 1091 0426 6D       		.byte	109
 1092 0427 58       		.byte	88
 1093 0428 6F       		.byte	111
 1094 0429 0C       		.byte	12
 1095 042a 86       		.byte	-122
 1096 042b 01       		.byte	1
 1097 042c 8B       		.byte	-117
 1098 042d 01       		.byte	1
 1099 042e 8F       		.byte	-113
 1100 042f 02       		.byte	2
 1101 0430 9B       		.byte	-101
 1102 0431 02       		.byte	2
 1103 0432 A5       		.byte	-91
 1104 0433 01       		.byte	1
 1105 0434 B2       		.byte	-78
 1106 0435 01       		.byte	1
 1107 0436 B3       		.byte	-77
 1108 0437 02       		.byte	2
 1109 0438 B7       		.byte	-73
 1110 0439 01       		.byte	1
 1111 043a BF       		.byte	-65
 1112 043b 04       		.byte	4
 1113 043c C0       		.byte	-64
 1114 043d 50       		.byte	80
 1115 043e C1       		.byte	-63
 1116 043f 02       		.byte	2
 1117 0440 C5       		.byte	-59
 1118 0441 D0       		.byte	-48
 1119 0442 C6       		.byte	-58
 1120 0443 20       		.byte	32
 1121 0444 C7       		.byte	-57
 1122 0445 01       		.byte	1
 1123 0446 C8       		.byte	-56
 1124 0447 1A       		.byte	26
 1125 0448 C9       		.byte	-55
 1126 0449 FF       		.byte	-1
 1127 044a CA       		.byte	-54
 1128 044b FF       		.byte	-1
 1129 044c CB       		.byte	-53
 1130 044d FF       		.byte	-1
 1131 044e CD       		.byte	-51
 1132 044f A0       		.byte	-96
 1133 0450 CF       		.byte	-49
 1134 0451 04       		.byte	4
 1135 0452 D0       		.byte	-48
 1136 0453 18       		.byte	24
 1137 0454 D8       		.byte	-40
 1138 0455 04       		.byte	4
 1139 0456 D9       		.byte	-39
 1140 0457 04       		.byte	4
ARM GAS  C:\Users\ESTEBAN\AppData\Local\Temp\ccOJmUch.s 			page 21


 1141 0458 DA       		.byte	-38
 1142 0459 04       		.byte	4
 1143 045a DC       		.byte	-36
 1144 045b 44       		.byte	68
 1145 045c DD       		.byte	-35
 1146 045d 01       		.byte	1
 1147 045e DF       		.byte	-33
 1148 045f 01       		.byte	1
 1149 0460 E0       		.byte	-32
 1150 0461 40       		.byte	64
 1151 0462 E2       		.byte	-30
 1152 0463 C0       		.byte	-64
 1153 0464 E4       		.byte	-28
 1154 0465 40       		.byte	64
 1155 0466 E5       		.byte	-27
 1156 0467 40       		.byte	64
 1157 0468 E6       		.byte	-26
 1158 0469 C0       		.byte	-64
 1159 046a E8       		.byte	-24
 1160 046b C0       		.byte	-64
 1161 046c EA       		.byte	-22
 1162 046d C0       		.byte	-64
 1163 046e EC       		.byte	-20
 1164 046f C0       		.byte	-64
 1165 0470 EE       		.byte	-18
 1166 0471 C0       		.byte	-64
 1167 0472 02       		.byte	2
 1168 0473 10       		.byte	16
 1169 0474 0C       		.byte	12
 1170 0475 10       		.byte	16
 1171 0476 0D       		.byte	13
 1172 0477 08       		.byte	8
 1173 0478 0E       		.byte	14
 1174 0479 48       		.byte	72
 1175 047a 15       		.byte	21
 1176 047b 10       		.byte	16
 1177 047c 19       		.byte	25
 1178 047d 08       		.byte	8
 1179 047e 1E       		.byte	30
 1180 047f 40       		.byte	64
 1181 0480 22       		.byte	34
 1182 0481 44       		.byte	68
 1183 0482 26       		.byte	38
 1184 0483 02       		.byte	2
 1185 0484 27       		.byte	39
 1186 0485 29       		.byte	41
 1187 0486 29       		.byte	41
 1188 0487 08       		.byte	8
 1189 0488 2C       		.byte	44
 1190 0489 10       		.byte	16
 1191 048a 2E       		.byte	46
 1192 048b 80       		.byte	-128
 1193 048c 30       		.byte	48
 1194 048d 20       		.byte	32
 1195 048e 35       		.byte	53
 1196 048f 80       		.byte	-128
 1197 0490 36       		.byte	54
ARM GAS  C:\Users\ESTEBAN\AppData\Local\Temp\ccOJmUch.s 			page 22


 1198 0491 01       		.byte	1
 1199 0492 37       		.byte	55
 1200 0493 18       		.byte	24
 1201 0494 3A       		.byte	58
 1202 0495 10       		.byte	16
 1203 0496 3B       		.byte	59
 1204 0497 40       		.byte	64
 1205 0498 3C       		.byte	60
 1206 0499 08       		.byte	8
 1207 049a 3E       		.byte	62
 1208 049b 60       		.byte	96
 1209 049c 3F       		.byte	63
 1210 049d 02       		.byte	2
 1211 049e 41       		.byte	65
 1212 049f 10       		.byte	16
 1213 04a0 45       		.byte	69
 1214 04a1 20       		.byte	32
 1215 04a2 47       		.byte	71
 1216 04a3 01       		.byte	1
 1217 04a4 49       		.byte	73
 1218 04a5 01       		.byte	1
 1219 04a6 4B       		.byte	75
 1220 04a7 40       		.byte	64
 1221 04a8 4E       		.byte	78
 1222 04a9 02       		.byte	2
 1223 04aa 50       		.byte	80
 1224 04ab 20       		.byte	32
 1225 04ac 51       		.byte	81
 1226 04ad 10       		.byte	16
 1227 04ae 52       		.byte	82
 1228 04af 04       		.byte	4
 1229 04b0 56       		.byte	86
 1230 04b1 88       		.byte	-120
 1231 04b2 57       		.byte	87
 1232 04b3 01       		.byte	1
 1233 04b4 91       		.byte	-111
 1234 04b5 10       		.byte	16
 1235 04b6 93       		.byte	-109
 1236 04b7 40       		.byte	64
 1237 04b8 96       		.byte	-106
 1238 04b9 48       		.byte	72
 1239 04ba 98       		.byte	-104
 1240 04bb 80       		.byte	-128
 1241 04bc 9A       		.byte	-102
 1242 04bd 20       		.byte	32
 1243 04be 9B       		.byte	-101
 1244 04bf 40       		.byte	64
 1245 04c0 9D       		.byte	-99
 1246 04c1 01       		.byte	1
 1247 04c2 9E       		.byte	-98
 1248 04c3 84       		.byte	-124
 1249 04c4 9F       		.byte	-97
 1250 04c5 18       		.byte	24
 1251 04c6 A0       		.byte	-96
 1252 04c7 04       		.byte	4
 1253 04c8 A1       		.byte	-95
 1254 04c9 28       		.byte	40
ARM GAS  C:\Users\ESTEBAN\AppData\Local\Temp\ccOJmUch.s 			page 23


 1255 04ca A2       		.byte	-94
 1256 04cb 05       		.byte	5
 1257 04cc A7       		.byte	-89
 1258 04cd 01       		.byte	1
 1259 04ce B6       		.byte	-74
 1260 04cf 40       		.byte	64
 1261 04d0 C0       		.byte	-64
 1262 04d1 04       		.byte	4
 1263 04d2 C2       		.byte	-62
 1264 04d3 70       		.byte	112
 1265 04d4 C4       		.byte	-60
 1266 04d5 40       		.byte	64
 1267 04d6 CA       		.byte	-54
 1268 04d7 52       		.byte	82
 1269 04d8 CC       		.byte	-52
 1270 04d9 F4       		.byte	-12
 1271 04da CE       		.byte	-50
 1272 04db FC       		.byte	-4
 1273 04dc D0       		.byte	-48
 1274 04dd A4       		.byte	-92
 1275 04de D2       		.byte	-46
 1276 04df 18       		.byte	24
 1277 04e0 EA       		.byte	-22
 1278 04e1 10       		.byte	16
 1279 04e2 E8       		.byte	-24
 1280 04e3 04       		.byte	4
 1281 04e4 32       		.byte	50
 1282 04e5 42       		.byte	66
 1283 04e6 35       		.byte	53
 1284 04e7 80       		.byte	-128
 1285 04e8 37       		.byte	55
 1286 04e9 04       		.byte	4
 1287 04ea 3B       		.byte	59
 1288 04eb 40       		.byte	64
 1289 04ec 82       		.byte	-126
 1290 04ed 40       		.byte	64
 1291 04ee 85       		.byte	-123
 1292 04ef 80       		.byte	-128
 1293 04f0 8F       		.byte	-113
 1294 04f1 04       		.byte	4
 1295 04f2 CC       		.byte	-52
 1296 04f3 F0       		.byte	-16
 1297 04f4 CE       		.byte	-50
 1298 04f5 10       		.byte	16
 1299 04f6 E2       		.byte	-30
 1300 04f7 10       		.byte	16
 1301 04f8 E6       		.byte	-26
 1302 04f9 80       		.byte	-128
 1303 04fa 32       		.byte	50
 1304 04fb 80       		.byte	-128
 1305 04fc 34       		.byte	52
 1306 04fd 80       		.byte	-128
 1307 04fe 86       		.byte	-122
 1308 04ff 02       		.byte	2
 1309 0500 97       		.byte	-105
 1310 0501 40       		.byte	64
 1311 0502 A6       		.byte	-90
ARM GAS  C:\Users\ESTEBAN\AppData\Local\Temp\ccOJmUch.s 			page 24


 1312 0503 02       		.byte	2
 1313 0504 CC       		.byte	-52
 1314 0505 30       		.byte	48
 1315 0506 E2       		.byte	-30
 1316 0507 40       		.byte	64
 1317 0508 12       		.byte	18
 1318 0509 80       		.byte	-128
 1319 050a 14       		.byte	20
 1320 050b 80       		.byte	-128
 1321 050c 5A       		.byte	90
 1322 050d 01       		.byte	1
 1323 050e 5E       		.byte	94
 1324 050f 01       		.byte	1
 1325 0510 97       		.byte	-105
 1326 0511 40       		.byte	64
 1327 0512 9C       		.byte	-100
 1328 0513 80       		.byte	-128
 1329 0514 A6       		.byte	-90
 1330 0515 80       		.byte	-128
 1331 0516 C4       		.byte	-60
 1332 0517 30       		.byte	48
 1333 0518 D6       		.byte	-42
 1334 0519 C0       		.byte	-64
 1335 051a 84       		.byte	-124
 1336 051b 04       		.byte	4
 1337 051c 97       		.byte	-105
 1338 051d 40       		.byte	64
 1339 051e B2       		.byte	-78
 1340 051f 01       		.byte	1
 1341 0520 E2       		.byte	-30
 1342 0521 10       		.byte	16
 1343 0522 38       		.byte	56
 1344 0523 20       		.byte	32
 1345 0524 84       		.byte	-124
 1346 0525 04       		.byte	4
 1347 0526 8F       		.byte	-113
 1348 0527 01       		.byte	1
 1349 0528 CE       		.byte	-50
 1350 0529 08       		.byte	8
 1351 052a E6       		.byte	-26
 1352 052b 08       		.byte	8
 1353 052c 11       		.byte	17
 1354 052d 02       		.byte	2
 1355 052e 84       		.byte	-124
 1356 052f 08       		.byte	8
 1357 0530 94       		.byte	-108
 1358 0531 20       		.byte	32
 1359 0532 97       		.byte	-105
 1360 0533 01       		.byte	1
 1361 0534 9C       		.byte	-100
 1362 0535 04       		.byte	4
 1363 0536 C4       		.byte	-60
 1364 0537 08       		.byte	8
 1365 0538 94       		.byte	-108
 1366 0539 20       		.byte	32
 1367 053a 97       		.byte	-105
 1368 053b 01       		.byte	1
ARM GAS  C:\Users\ESTEBAN\AppData\Local\Temp\ccOJmUch.s 			page 25


 1369 053c 9C       		.byte	-100
 1370 053d 04       		.byte	4
 1371 053e A4       		.byte	-92
 1372 053f 08       		.byte	8
 1373 0540 B5       		.byte	-75
 1374 0541 01       		.byte	1
 1375 0542 EA       		.byte	-22
 1376 0543 08       		.byte	8
 1377 0544 08       		.byte	8
 1378 0545 04       		.byte	4
 1379 0546 0B       		.byte	11
 1380 0547 01       		.byte	1
 1381 0548 0C       		.byte	12
 1382 0549 08       		.byte	8
 1383 054a 94       		.byte	-108
 1384 054b 20       		.byte	32
 1385 054c 97       		.byte	-105
 1386 054d 01       		.byte	1
 1387 054e 9C       		.byte	-100
 1388 054f 04       		.byte	4
 1389 0550 A4       		.byte	-92
 1390 0551 08       		.byte	8
 1391 0552 C2       		.byte	-62
 1392 0553 0E       		.byte	14
 1393 0554 97       		.byte	-105
 1394 0555 40       		.byte	64
 1395 0556 98       		.byte	-104
 1396 0557 04       		.byte	4
 1397 0558 A2       		.byte	-94
 1398 0559 01       		.byte	1
 1399 055a B6       		.byte	-74
 1400 055b 01       		.byte	1
 1401 055c 0F       		.byte	15
 1402 055d 40       		.byte	64
 1403 055e 5E       		.byte	94
 1404 055f 02       		.byte	2
 1405 0560 63       		.byte	99
 1406 0561 04       		.byte	4
 1407 0562 78       		.byte	120
 1408 0563 04       		.byte	4
 1409 0564 87       		.byte	-121
 1410 0565 04       		.byte	4
 1411 0566 97       		.byte	-105
 1412 0567 40       		.byte	64
 1413 0568 98       		.byte	-104
 1414 0569 04       		.byte	4
 1415 056a A2       		.byte	-94
 1416 056b 01       		.byte	1
 1417 056c C2       		.byte	-62
 1418 056d 20       		.byte	32
 1419 056e D6       		.byte	-42
 1420 056f 80       		.byte	-128
 1421 0570 D8       		.byte	-40
 1422 0571 40       		.byte	64
 1423 0572 DE       		.byte	-34
 1424 0573 40       		.byte	64
 1425 0574 E2       		.byte	-30
ARM GAS  C:\Users\ESTEBAN\AppData\Local\Temp\ccOJmUch.s 			page 26


 1426 0575 40       		.byte	64
 1427 0576 94       		.byte	-108
 1428 0577 20       		.byte	32
 1429 0578 A8       		.byte	-88
 1430 0579 10       		.byte	16
 1431 057a 00       		.byte	0
 1432 057b 03       		.byte	3
 1433 057c 0A       		.byte	10
 1434 057d 03       		.byte	3
 1435 057e 10       		.byte	16
 1436 057f 13       		.byte	19
 1437 0580 1A       		.byte	26
 1438 0581 13       		.byte	19
 1439 0582 00       		.byte	0
 1440 0583 AB       		.byte	-85
 1441 0584 01       		.byte	1
 1442 0585 3F       		.byte	63
 1443 0586 00       		.byte	0
 1444 0587 00       		.byte	0
 1445 0588 40       		.byte	64
 1446 0589 00       		.byte	0
 1447 058a 00       		.byte	0
 1448 058b 00       		.byte	0
 1449 058c 00       		.byte	0
 1450 058d 00       		.byte	0
 1451 058e 00       		.byte	0
 1452 058f 00       		.byte	0
 1453 0590 C0       		.byte	-64
 1454 0591 00       		.byte	0
 1455 0592 00       		.byte	0
 1456 0593 00       		.byte	0
 1457 0594 00       		.byte	0
 1458 0595 0B       		.byte	11
 1459 0596 0B       		.byte	11
 1460 0597 00       		.byte	0
 1461 0598 00       		.byte	0
 1462 0599 00       		.byte	0
 1463 059a 00       		.byte	0
 1464 059b 00       		.byte	0
 1465 059c 00       		.byte	0
 1466 059d 7F       		.byte	127
 1467 059e 7F       		.byte	127
 1468 059f 00       		.byte	0
 1469 05a0 00       		.byte	0
 1470 05a1 00       		.byte	0
 1471 05a2 00       		.byte	0
 1472 05a3 00       		.byte	0
 1473 05a4 20       		.byte	32
 1474 05a5 C0       		.byte	-64
 1475 05a6 C0       		.byte	-64
 1476 05a7 00       		.byte	0
 1477 05a8 C0       		.byte	-64
 1478 05a9 00       		.byte	0
 1479 05aa 00       		.byte	0
 1480 05ab 00       		.byte	0
 1481 05ac 00       		.byte	0
 1482 05ad 00       		.byte	0
ARM GAS  C:\Users\ESTEBAN\AppData\Local\Temp\ccOJmUch.s 			page 27


 1483 05ae 7F       		.byte	127
 1484 05af 00       		.byte	0
 1485 05b0 00       		.byte	0
 1486 05b1 00       		.byte	0
 1487 05b2 00       		.byte	0
 1488 05b3 00       		.byte	0
 1489 05b4 02       		.byte	2
 1490 05b5 00       		.byte	0
 1491 05b6 00       		.byte	0
 1492 05b7 02       		.byte	2
 1493 05b8 00       		.byte	0
 1494 05b9 00       		.byte	0
 1495 05ba 00       		.byte	0
 1496 05bb 00       		.byte	0
 1497 05bc 10       		.byte	16
 1498 05bd 00       		.byte	0
 1499 05be 00       		.byte	0
 1500 05bf 00       		.byte	0
 1501              		.section	.cywolatch,"a",%progbits
 1502              		.align	2
 1503              		.type	cy_meta_wonvl, %object
 1504              		.size	cy_meta_wonvl, 4
 1505              	cy_meta_wonvl:
 1506 0000 BC       		.byte	-68
 1507 0001 90       		.byte	-112
 1508 0002 AC       		.byte	-84
 1509 0003 AF       		.byte	-81
 1510              		.section	.cycustnvl,"a",%progbits
 1511              		.align	2
 1512              		.type	cy_meta_custnvl, %object
 1513              		.size	cy_meta_custnvl, 4
 1514              	cy_meta_custnvl:
 1515 0000 00       		.byte	0
 1516 0001 00       		.byte	0
 1517 0002 40       		.byte	64
 1518 0003 05       		.byte	5
 1519              		.section	.cymeta,"a",%progbits
 1520              		.align	2
 1521              		.type	cy_metadata, %object
 1522              		.size	cy_metadata, 12
 1523              	cy_metadata:
 1524 0000 00       		.byte	0
 1525 0001 01       		.byte	1
 1526 0002 2E       		.byte	46
 1527 0003 12       		.byte	18
 1528 0004 30       		.byte	48
 1529 0005 69       		.byte	105
 1530 0006 00       		.byte	0
 1531 0007 01       		.byte	1
 1532 0008 00       		.byte	0
 1533 0009 00       		.byte	0
 1534 000a 00       		.byte	0
 1535 000b 00       		.byte	0
 1536              		.section	.cyflashprotect,"a",%progbits
 1537              		.align	2
 1538              		.type	cy_meta_flashprotect, %object
 1539              		.size	cy_meta_flashprotect, 256
ARM GAS  C:\Users\ESTEBAN\AppData\Local\Temp\ccOJmUch.s 			page 28


 1540              	cy_meta_flashprotect:
 1541 0000 00000000 		.space	256
 1541      00000000 
 1541      00000000 
 1541      00000000 
 1541      00000000 
 1542              		.text
 1543              	.Letext0:
 1544              		.file 1 "c:\\program files (x86)\\cypress\\psoc creator\\4.2\\psoc creator\\import\\gnu\\arm\\5.4.
 1545              		.file 2 "c:\\program files (x86)\\cypress\\psoc creator\\4.2\\psoc creator\\import\\gnu\\arm\\5.4.
 1546              		.file 3 "Generated_Source\\PSoC5\\cymetadata.c"
 1547              		.section	.debug_info,"",%progbits
 1548              	.Ldebug_info0:
 1549 0000 33010000 		.4byte	0x133
 1550 0004 0400     		.2byte	0x4
 1551 0006 00000000 		.4byte	.Ldebug_abbrev0
 1552 000a 04       		.byte	0x4
 1553 000b 01       		.uleb128 0x1
 1554 000c 78000000 		.4byte	.LASF17
 1555 0010 0C       		.byte	0xc
 1556 0011 D2010000 		.4byte	.LASF18
 1557 0015 16000000 		.4byte	.LASF19
 1558 0019 00000000 		.4byte	.Ldebug_line0
 1559 001d 02       		.uleb128 0x2
 1560 001e 01       		.byte	0x1
 1561 001f 06       		.byte	0x6
 1562 0020 C6010000 		.4byte	.LASF0
 1563 0024 03       		.uleb128 0x3
 1564 0025 00000000 		.4byte	.LASF9
 1565 0029 01       		.byte	0x1
 1566 002a 1D       		.byte	0x1d
 1567 002b 2F000000 		.4byte	0x2f
 1568 002f 02       		.uleb128 0x2
 1569 0030 01       		.byte	0x1
 1570 0031 08       		.byte	0x8
 1571 0032 6A000000 		.4byte	.LASF1
 1572 0036 02       		.uleb128 0x2
 1573 0037 02       		.byte	0x2
 1574 0038 05       		.byte	0x5
 1575 0039 B3010000 		.4byte	.LASF2
 1576 003d 02       		.uleb128 0x2
 1577 003e 02       		.byte	0x2
 1578 003f 07       		.byte	0x7
 1579 0040 18010000 		.4byte	.LASF3
 1580 0044 02       		.uleb128 0x2
 1581 0045 04       		.byte	0x4
 1582 0046 05       		.byte	0x5
 1583 0047 BD010000 		.4byte	.LASF4
 1584 004b 02       		.uleb128 0x2
 1585 004c 04       		.byte	0x4
 1586 004d 07       		.byte	0x7
 1587 004e 06010000 		.4byte	.LASF5
 1588 0052 02       		.uleb128 0x2
 1589 0053 08       		.byte	0x8
 1590 0054 05       		.byte	0x5
 1591 0055 A5010000 		.4byte	.LASF6
 1592 0059 02       		.uleb128 0x2
ARM GAS  C:\Users\ESTEBAN\AppData\Local\Temp\ccOJmUch.s 			page 29


 1593 005a 08       		.byte	0x8
 1594 005b 07       		.byte	0x7
 1595 005c 5A010000 		.4byte	.LASF7
 1596 0060 04       		.uleb128 0x4
 1597 0061 04       		.byte	0x4
 1598 0062 05       		.byte	0x5
 1599 0063 696E7400 		.ascii	"int\000"
 1600 0067 02       		.uleb128 0x2
 1601 0068 04       		.byte	0x4
 1602 0069 07       		.byte	0x7
 1603 006a 4D010000 		.4byte	.LASF8
 1604 006e 03       		.uleb128 0x3
 1605 006f 71010000 		.4byte	.LASF10
 1606 0073 02       		.byte	0x2
 1607 0074 18       		.byte	0x18
 1608 0075 24000000 		.4byte	0x24
 1609 0079 05       		.uleb128 0x5
 1610 007a 91000000 		.4byte	0x91
 1611 007e 8A000000 		.4byte	0x8a
 1612 0082 06       		.uleb128 0x6
 1613 0083 8A000000 		.4byte	0x8a
 1614 0087 BF05     		.2byte	0x5bf
 1615 0089 00       		.byte	0
 1616 008a 02       		.uleb128 0x2
 1617 008b 04       		.byte	0x4
 1618 008c 07       		.byte	0x7
 1619 008d 9C010000 		.4byte	.LASF11
 1620 0091 07       		.uleb128 0x7
 1621 0092 6E000000 		.4byte	0x6e
 1622 0096 08       		.uleb128 0x8
 1623 0097 3B010000 		.4byte	.LASF12
 1624 009b 03       		.byte	0x3
 1625 009c 1F       		.byte	0x1f
 1626 009d A7000000 		.4byte	0xa7
 1627 00a1 05       		.uleb128 0x5
 1628 00a2 03       		.byte	0x3
 1629 00a3 00000000 		.4byte	cy_meta_configecc
 1630 00a7 07       		.uleb128 0x7
 1631 00a8 79000000 		.4byte	0x79
 1632 00ac 05       		.uleb128 0x5
 1633 00ad 91000000 		.4byte	0x91
 1634 00b1 BC000000 		.4byte	0xbc
 1635 00b5 09       		.uleb128 0x9
 1636 00b6 8A000000 		.4byte	0x8a
 1637 00ba 03       		.byte	0x3
 1638 00bb 00       		.byte	0
 1639 00bc 08       		.uleb128 0x8
 1640 00bd 2B010000 		.4byte	.LASF13
 1641 00c1 03       		.byte	0x3
 1642 00c2 E4       		.byte	0xe4
 1643 00c3 CD000000 		.4byte	0xcd
 1644 00c7 05       		.uleb128 0x5
 1645 00c8 03       		.byte	0x3
 1646 00c9 00000000 		.4byte	cy_meta_custnvl
 1647 00cd 07       		.uleb128 0x7
 1648 00ce AC000000 		.4byte	0xac
 1649 00d2 08       		.uleb128 0x8
ARM GAS  C:\Users\ESTEBAN\AppData\Local\Temp\ccOJmUch.s 			page 30


 1650 00d3 8E010000 		.4byte	.LASF14
 1651 00d7 03       		.byte	0x3
 1652 00d8 F2       		.byte	0xf2
 1653 00d9 E3000000 		.4byte	0xe3
 1654 00dd 05       		.uleb128 0x5
 1655 00de 03       		.byte	0x3
 1656 00df 00000000 		.4byte	cy_meta_wonvl
 1657 00e3 07       		.uleb128 0x7
 1658 00e4 AC000000 		.4byte	0xac
 1659 00e8 05       		.uleb128 0x5
 1660 00e9 91000000 		.4byte	0x91
 1661 00ed F8000000 		.4byte	0xf8
 1662 00f1 09       		.uleb128 0x9
 1663 00f2 8A000000 		.4byte	0x8a
 1664 00f6 FF       		.byte	0xff
 1665 00f7 00       		.byte	0
 1666 00f8 0A       		.uleb128 0xa
 1667 00f9 79010000 		.4byte	.LASF15
 1668 00fd 03       		.byte	0x3
 1669 00fe 0001     		.2byte	0x100
 1670 0100 0A010000 		.4byte	0x10a
 1671 0104 05       		.uleb128 0x5
 1672 0105 03       		.byte	0x3
 1673 0106 00000000 		.4byte	cy_meta_flashprotect
 1674 010a 07       		.uleb128 0x7
 1675 010b E8000000 		.4byte	0xe8
 1676 010f 05       		.uleb128 0x5
 1677 0110 91000000 		.4byte	0x91
 1678 0114 1F010000 		.4byte	0x11f
 1679 0118 09       		.uleb128 0x9
 1680 0119 8A000000 		.4byte	0x8a
 1681 011d 0B       		.byte	0xb
 1682 011e 00       		.byte	0
 1683 011f 0A       		.uleb128 0xa
 1684 0120 0A000000 		.4byte	.LASF16
 1685 0124 03       		.byte	0x3
 1686 0125 2D01     		.2byte	0x12d
 1687 0127 31010000 		.4byte	0x131
 1688 012b 05       		.uleb128 0x5
 1689 012c 03       		.byte	0x3
 1690 012d 00000000 		.4byte	cy_metadata
 1691 0131 07       		.uleb128 0x7
 1692 0132 0F010000 		.4byte	0x10f
 1693 0136 00       		.byte	0
 1694              		.section	.debug_abbrev,"",%progbits
 1695              	.Ldebug_abbrev0:
 1696 0000 01       		.uleb128 0x1
 1697 0001 11       		.uleb128 0x11
 1698 0002 01       		.byte	0x1
 1699 0003 25       		.uleb128 0x25
 1700 0004 0E       		.uleb128 0xe
 1701 0005 13       		.uleb128 0x13
 1702 0006 0B       		.uleb128 0xb
 1703 0007 03       		.uleb128 0x3
 1704 0008 0E       		.uleb128 0xe
 1705 0009 1B       		.uleb128 0x1b
 1706 000a 0E       		.uleb128 0xe
ARM GAS  C:\Users\ESTEBAN\AppData\Local\Temp\ccOJmUch.s 			page 31


 1707 000b 10       		.uleb128 0x10
 1708 000c 17       		.uleb128 0x17
 1709 000d 00       		.byte	0
 1710 000e 00       		.byte	0
 1711 000f 02       		.uleb128 0x2
 1712 0010 24       		.uleb128 0x24
 1713 0011 00       		.byte	0
 1714 0012 0B       		.uleb128 0xb
 1715 0013 0B       		.uleb128 0xb
 1716 0014 3E       		.uleb128 0x3e
 1717 0015 0B       		.uleb128 0xb
 1718 0016 03       		.uleb128 0x3
 1719 0017 0E       		.uleb128 0xe
 1720 0018 00       		.byte	0
 1721 0019 00       		.byte	0
 1722 001a 03       		.uleb128 0x3
 1723 001b 16       		.uleb128 0x16
 1724 001c 00       		.byte	0
 1725 001d 03       		.uleb128 0x3
 1726 001e 0E       		.uleb128 0xe
 1727 001f 3A       		.uleb128 0x3a
 1728 0020 0B       		.uleb128 0xb
 1729 0021 3B       		.uleb128 0x3b
 1730 0022 0B       		.uleb128 0xb
 1731 0023 49       		.uleb128 0x49
 1732 0024 13       		.uleb128 0x13
 1733 0025 00       		.byte	0
 1734 0026 00       		.byte	0
 1735 0027 04       		.uleb128 0x4
 1736 0028 24       		.uleb128 0x24
 1737 0029 00       		.byte	0
 1738 002a 0B       		.uleb128 0xb
 1739 002b 0B       		.uleb128 0xb
 1740 002c 3E       		.uleb128 0x3e
 1741 002d 0B       		.uleb128 0xb
 1742 002e 03       		.uleb128 0x3
 1743 002f 08       		.uleb128 0x8
 1744 0030 00       		.byte	0
 1745 0031 00       		.byte	0
 1746 0032 05       		.uleb128 0x5
 1747 0033 01       		.uleb128 0x1
 1748 0034 01       		.byte	0x1
 1749 0035 49       		.uleb128 0x49
 1750 0036 13       		.uleb128 0x13
 1751 0037 01       		.uleb128 0x1
 1752 0038 13       		.uleb128 0x13
 1753 0039 00       		.byte	0
 1754 003a 00       		.byte	0
 1755 003b 06       		.uleb128 0x6
 1756 003c 21       		.uleb128 0x21
 1757 003d 00       		.byte	0
 1758 003e 49       		.uleb128 0x49
 1759 003f 13       		.uleb128 0x13
 1760 0040 2F       		.uleb128 0x2f
 1761 0041 05       		.uleb128 0x5
 1762 0042 00       		.byte	0
 1763 0043 00       		.byte	0
ARM GAS  C:\Users\ESTEBAN\AppData\Local\Temp\ccOJmUch.s 			page 32


 1764 0044 07       		.uleb128 0x7
 1765 0045 26       		.uleb128 0x26
 1766 0046 00       		.byte	0
 1767 0047 49       		.uleb128 0x49
 1768 0048 13       		.uleb128 0x13
 1769 0049 00       		.byte	0
 1770 004a 00       		.byte	0
 1771 004b 08       		.uleb128 0x8
 1772 004c 34       		.uleb128 0x34
 1773 004d 00       		.byte	0
 1774 004e 03       		.uleb128 0x3
 1775 004f 0E       		.uleb128 0xe
 1776 0050 3A       		.uleb128 0x3a
 1777 0051 0B       		.uleb128 0xb
 1778 0052 3B       		.uleb128 0x3b
 1779 0053 0B       		.uleb128 0xb
 1780 0054 49       		.uleb128 0x49
 1781 0055 13       		.uleb128 0x13
 1782 0056 3F       		.uleb128 0x3f
 1783 0057 19       		.uleb128 0x19
 1784 0058 02       		.uleb128 0x2
 1785 0059 18       		.uleb128 0x18
 1786 005a 00       		.byte	0
 1787 005b 00       		.byte	0
 1788 005c 09       		.uleb128 0x9
 1789 005d 21       		.uleb128 0x21
 1790 005e 00       		.byte	0
 1791 005f 49       		.uleb128 0x49
 1792 0060 13       		.uleb128 0x13
 1793 0061 2F       		.uleb128 0x2f
 1794 0062 0B       		.uleb128 0xb
 1795 0063 00       		.byte	0
 1796 0064 00       		.byte	0
 1797 0065 0A       		.uleb128 0xa
 1798 0066 34       		.uleb128 0x34
 1799 0067 00       		.byte	0
 1800 0068 03       		.uleb128 0x3
 1801 0069 0E       		.uleb128 0xe
 1802 006a 3A       		.uleb128 0x3a
 1803 006b 0B       		.uleb128 0xb
 1804 006c 3B       		.uleb128 0x3b
 1805 006d 05       		.uleb128 0x5
 1806 006e 49       		.uleb128 0x49
 1807 006f 13       		.uleb128 0x13
 1808 0070 3F       		.uleb128 0x3f
 1809 0071 19       		.uleb128 0x19
 1810 0072 02       		.uleb128 0x2
 1811 0073 18       		.uleb128 0x18
 1812 0074 00       		.byte	0
 1813 0075 00       		.byte	0
 1814 0076 00       		.byte	0
 1815              		.section	.debug_aranges,"",%progbits
 1816 0000 14000000 		.4byte	0x14
 1817 0004 0200     		.2byte	0x2
 1818 0006 00000000 		.4byte	.Ldebug_info0
 1819 000a 04       		.byte	0x4
 1820 000b 00       		.byte	0
ARM GAS  C:\Users\ESTEBAN\AppData\Local\Temp\ccOJmUch.s 			page 33


 1821 000c 0000     		.2byte	0
 1822 000e 0000     		.2byte	0
 1823 0010 00000000 		.4byte	0
 1824 0014 00000000 		.4byte	0
 1825              		.section	.debug_line,"",%progbits
 1826              	.Ldebug_line0:
 1827 0000 3D010000 		.section	.debug_str,"MS",%progbits,1
 1827      02003701 
 1827      00000201 
 1827      FB0E0D00 
 1827      01010101 
 1828              	.LASF9:
 1829 0000 5F5F7569 		.ascii	"__uint8_t\000"
 1829      6E74385F 
 1829      7400
 1830              	.LASF16:
 1831 000a 63795F6D 		.ascii	"cy_metadata\000"
 1831      65746164 
 1831      61746100 
 1832              	.LASF19:
 1833 0016 443A5C55 		.ascii	"D:\\Users\\ESTEBAN\\Desktop\\Sensor_Capacitivo_Comu"
 1833      73657273 
 1833      5C455354 
 1833      4542414E 
 1833      5C446573 
 1834 0045 6E696361 		.ascii	"nicacion_USB\\Sensor_Capacitivo.cydsn\000"
 1834      63696F6E 
 1834      5F555342 
 1834      5C53656E 
 1834      736F725F 
 1835              	.LASF1:
 1836 006a 756E7369 		.ascii	"unsigned char\000"
 1836      676E6564 
 1836      20636861 
 1836      7200
 1837              	.LASF17:
 1838 0078 474E5520 		.ascii	"GNU C11 5.4.1 20160609 (release) [ARM/embedded-5-br"
 1838      43313120 
 1838      352E342E 
 1838      31203230 
 1838      31363036 
 1839 00ab 616E6368 		.ascii	"anch revision 237715] -mcpu=cortex-m3 -mthumb -g -O"
 1839      20726576 
 1839      6973696F 
 1839      6E203233 
 1839      37373135 
 1840 00de 67202D66 		.ascii	"g -ffunction-sections -ffat-lto-objects\000"
 1840      66756E63 
 1840      74696F6E 
 1840      2D736563 
 1840      74696F6E 
 1841              	.LASF5:
 1842 0106 6C6F6E67 		.ascii	"long unsigned int\000"
 1842      20756E73 
 1842      69676E65 
 1842      6420696E 
 1842      7400
ARM GAS  C:\Users\ESTEBAN\AppData\Local\Temp\ccOJmUch.s 			page 34


 1843              	.LASF3:
 1844 0118 73686F72 		.ascii	"short unsigned int\000"
 1844      7420756E 
 1844      7369676E 
 1844      65642069 
 1844      6E7400
 1845              	.LASF13:
 1846 012b 63795F6D 		.ascii	"cy_meta_custnvl\000"
 1846      6574615F 
 1846      63757374 
 1846      6E766C00 
 1847              	.LASF12:
 1848 013b 63795F6D 		.ascii	"cy_meta_configecc\000"
 1848      6574615F 
 1848      636F6E66 
 1848      69676563 
 1848      6300
 1849              	.LASF8:
 1850 014d 756E7369 		.ascii	"unsigned int\000"
 1850      676E6564 
 1850      20696E74 
 1850      00
 1851              	.LASF7:
 1852 015a 6C6F6E67 		.ascii	"long long unsigned int\000"
 1852      206C6F6E 
 1852      6720756E 
 1852      7369676E 
 1852      65642069 
 1853              	.LASF10:
 1854 0171 75696E74 		.ascii	"uint8_t\000"
 1854      385F7400 
 1855              	.LASF15:
 1856 0179 63795F6D 		.ascii	"cy_meta_flashprotect\000"
 1856      6574615F 
 1856      666C6173 
 1856      6870726F 
 1856      74656374 
 1857              	.LASF14:
 1858 018e 63795F6D 		.ascii	"cy_meta_wonvl\000"
 1858      6574615F 
 1858      776F6E76 
 1858      6C00
 1859              	.LASF11:
 1860 019c 73697A65 		.ascii	"sizetype\000"
 1860      74797065 
 1860      00
 1861              	.LASF6:
 1862 01a5 6C6F6E67 		.ascii	"long long int\000"
 1862      206C6F6E 
 1862      6720696E 
 1862      7400
 1863              	.LASF2:
 1864 01b3 73686F72 		.ascii	"short int\000"
 1864      7420696E 
 1864      7400
 1865              	.LASF4:
 1866 01bd 6C6F6E67 		.ascii	"long int\000"
ARM GAS  C:\Users\ESTEBAN\AppData\Local\Temp\ccOJmUch.s 			page 35


 1866      20696E74 
 1866      00
 1867              	.LASF0:
 1868 01c6 7369676E 		.ascii	"signed char\000"
 1868      65642063 
 1868      68617200 
 1869              	.LASF18:
 1870 01d2 47656E65 		.ascii	"Generated_Source\\PSoC5\\cymetadata.c\000"
 1870      72617465 
 1870      645F536F 
 1870      75726365 
 1870      5C50536F 
 1871              		.ident	"GCC: (GNU Tools for ARM Embedded Processors) 5.4.1 20160609 (release) [ARM/embedded-5-bran
