ARM GAS  C:\Users\ESTEBAN\AppData\Local\Temp\cccQFl6C.s 			page 1


   1              		.syntax unified
   2              		.cpu cortex-m3
   3              		.fpu softvfp
   4              		.eabi_attribute 20, 1
   5              		.eabi_attribute 21, 1
   6              		.eabi_attribute 23, 3
   7              		.eabi_attribute 24, 1
   8              		.eabi_attribute 25, 1
   9              		.eabi_attribute 26, 1
  10              		.eabi_attribute 30, 1
  11              		.eabi_attribute 34, 1
  12              		.eabi_attribute 18, 4
  13              		.thumb
  14              		.syntax unified
  15              		.file	"main.c"
  16              		.text
  17              	.Ltext0:
  18              		.cfi_sections	.debug_frame
  19              		.section	.text.main,"ax",%progbits
  20              		.align	2
  21              		.global	main
  22              		.thumb
  23              		.thumb_func
  24              		.type	main, %function
  25              	main:
  26              	.LFB64:
  27              		.file 1 "main.c"
   1:main.c        **** /* ========================================
   2:main.c        ****  *
   3:main.c        ****  * Copyright YOUR COMPANY, THE YEAR
   4:main.c        ****  * All Rights Reserved
   5:main.c        ****  * UNPUBLISHED, LICENSED SOFTWARE.
   6:main.c        ****  *
   7:main.c        ****  * CONFIDENTIAL AND PROPRIETARY INFORMATION
   8:main.c        ****  * WHICH IS THE PROPERTY OF your company.
   9:main.c        ****  *
  10:main.c        ****  * ========================================
  11:main.c        **** */
  12:main.c        **** #include "project.h"
  13:main.c        **** #include <stdio.h>
  14:main.c        **** #define RING_BUFFER_SIZE    (512U)
  15:main.c        **** 
  16:main.c        **** uint8_t rxRingBuffer[RING_BUFFER_SIZE];
  17:main.c        ****  char8 string;
  18:main.c        **** 
  19:main.c        **** 
  20:main.c        **** 
  21:main.c        **** 
  22:main.c        **** 
  23:main.c        **** int main(void)
  24:main.c        **** {
  28              		.loc 1 24 0
  29              		.cfi_startproc
  30              		@ args = 0, pretend = 0, frame = 0
  31              		@ frame_needed = 0, uses_anonymous_args = 0
  32 0000 08B5     		push	{r3, lr}
  33              		.cfi_def_cfa_offset 8
ARM GAS  C:\Users\ESTEBAN\AppData\Local\Temp\cccQFl6C.s 			page 2


  34              		.cfi_offset 3, -8
  35              		.cfi_offset 14, -4
  25:main.c        ****   char buffer[8];
  26:main.c        **** 
  27:main.c        ****     UART_Start();
  36              		.loc 1 27 0
  37 0002 FFF7FEFF 		bl	UART_Start
  38              	.LVL0:
  28:main.c        ****  char recibir;
  29:main.c        **** 
  30:main.c        ****     
  31:main.c        ****     CyGlobalIntEnable; /* Enable global interrupts. */
  39              		.loc 1 31 0
  40              		.syntax unified
  41              	@ 31 "main.c" 1
  42 0006 62B6     		CPSIE   i
  43              	@ 0 "" 2
  44              		.thumb
  45              		.syntax unified
  46              	.L9:
  32:main.c        **** 
  33:main.c        ****     /* Place your initialization/startup code here (e.g. MyInst_Start()) */
  34:main.c        **** 
  35:main.c        ****     for(;;)
  36:main.c        ****     {
  37:main.c        **** 
  38:main.c        **** buffer[2] = UART_GetChar();
  47              		.loc 1 38 0
  48 0008 FFF7FEFF 		bl	UART_GetChar
  49              	.LVL1:
  50 000c FCE7     		b	.L9
  51              		.cfi_endproc
  52              	.LFE64:
  53              		.size	main, .-main
  54              		.comm	string,1,1
  55              		.comm	rxRingBuffer,512,4
  56 000e 00BF     		.section	.rodata.str1.4,"aMS",%progbits,1
  57              		.align	2
  58              	.LC0:
  59 0000 74727565 		.ascii	"true\000"
  59      00
  60 0005 000000   		.space	3
  61              	.LC1:
  62 0008 66616C73 		.ascii	"false\000"
  62      6500
  63              		.text
  64              	.Letext0:
  65              		.file 2 "c:\\program files (x86)\\cypress\\psoc creator\\4.2\\psoc creator\\import\\gnu\\arm\\5.4.
  66              		.file 3 "c:\\program files (x86)\\cypress\\psoc creator\\4.2\\psoc creator\\import\\gnu\\arm\\5.4.
  67              		.file 4 "Generated_Source\\PSoC5/cytypes.h"
  68              		.file 5 "Generated_Source\\PSoC5/core_cm3.h"
  69              		.file 6 "Generated_Source\\PSoC5/UART.h"
  70              		.section	.debug_info,"",%progbits
  71              	.Ldebug_info0:
  72 0000 6F010000 		.4byte	0x16f
  73 0004 0400     		.2byte	0x4
  74 0006 00000000 		.4byte	.Ldebug_abbrev0
ARM GAS  C:\Users\ESTEBAN\AppData\Local\Temp\cccQFl6C.s 			page 3


  75 000a 04       		.byte	0x4
  76 000b 01       		.uleb128 0x1
  77 000c 44000000 		.4byte	.LASF26
  78 0010 0C       		.byte	0xc
  79 0011 B7010000 		.4byte	.LASF27
  80 0015 4D010000 		.4byte	.LASF28
  81 0019 00000000 		.4byte	.Ldebug_ranges0+0
  82 001d 00000000 		.4byte	0
  83 0021 00000000 		.4byte	.Ldebug_line0
  84 0025 02       		.uleb128 0x2
  85 0026 01       		.byte	0x1
  86 0027 06       		.byte	0x6
  87 0028 E9010000 		.4byte	.LASF0
  88 002c 03       		.uleb128 0x3
  89 002d 0D000000 		.4byte	.LASF4
  90 0031 02       		.byte	0x2
  91 0032 1D       		.byte	0x1d
  92 0033 37000000 		.4byte	0x37
  93 0037 02       		.uleb128 0x2
  94 0038 01       		.byte	0x1
  95 0039 08       		.byte	0x8
  96 003a 36000000 		.4byte	.LASF1
  97 003e 02       		.uleb128 0x2
  98 003f 02       		.byte	0x2
  99 0040 05       		.byte	0x5
 100 0041 C3010000 		.4byte	.LASF2
 101 0045 02       		.uleb128 0x2
 102 0046 02       		.byte	0x2
 103 0047 07       		.byte	0x7
 104 0048 EA000000 		.4byte	.LASF3
 105 004c 03       		.uleb128 0x3
 106 004d 17000000 		.4byte	.LASF5
 107 0051 02       		.byte	0x2
 108 0052 3F       		.byte	0x3f
 109 0053 57000000 		.4byte	0x57
 110 0057 02       		.uleb128 0x2
 111 0058 04       		.byte	0x4
 112 0059 05       		.byte	0x5
 113 005a D4010000 		.4byte	.LASF6
 114 005e 02       		.uleb128 0x2
 115 005f 04       		.byte	0x4
 116 0060 07       		.byte	0x7
 117 0061 D8000000 		.4byte	.LASF7
 118 0065 02       		.uleb128 0x2
 119 0066 08       		.byte	0x8
 120 0067 05       		.byte	0x5
 121 0068 A9010000 		.4byte	.LASF8
 122 006c 02       		.uleb128 0x2
 123 006d 08       		.byte	0x8
 124 006e 07       		.byte	0x7
 125 006f 2E010000 		.4byte	.LASF9
 126 0073 04       		.uleb128 0x4
 127 0074 04       		.byte	0x4
 128 0075 05       		.byte	0x5
 129 0076 696E7400 		.ascii	"int\000"
 130 007a 02       		.uleb128 0x2
 131 007b 04       		.byte	0x4
ARM GAS  C:\Users\ESTEBAN\AppData\Local\Temp\cccQFl6C.s 			page 4


 132 007c 07       		.byte	0x7
 133 007d 21010000 		.4byte	.LASF10
 134 0081 03       		.uleb128 0x3
 135 0082 45010000 		.4byte	.LASF11
 136 0086 03       		.byte	0x3
 137 0087 18       		.byte	0x18
 138 0088 2C000000 		.4byte	0x2c
 139 008c 03       		.uleb128 0x3
 140 008d 98010000 		.4byte	.LASF12
 141 0091 03       		.byte	0x3
 142 0092 2C       		.byte	0x2c
 143 0093 4C000000 		.4byte	0x4c
 144 0097 02       		.uleb128 0x2
 145 0098 04       		.byte	0x4
 146 0099 04       		.byte	0x4
 147 009a 28000000 		.4byte	.LASF13
 148 009e 02       		.uleb128 0x2
 149 009f 08       		.byte	0x8
 150 00a0 04       		.byte	0x4
 151 00a1 15010000 		.4byte	.LASF14
 152 00a5 05       		.uleb128 0x5
 153 00a6 D2000000 		.4byte	.LASF15
 154 00aa 04       		.byte	0x4
 155 00ab F501     		.2byte	0x1f5
 156 00ad B1000000 		.4byte	0xb1
 157 00b1 02       		.uleb128 0x2
 158 00b2 01       		.byte	0x1
 159 00b3 08       		.byte	0x8
 160 00b4 BE010000 		.4byte	.LASF16
 161 00b8 02       		.uleb128 0x2
 162 00b9 08       		.byte	0x8
 163 00ba 04       		.byte	0x4
 164 00bb DD010000 		.4byte	.LASF17
 165 00bf 02       		.uleb128 0x2
 166 00c0 04       		.byte	0x4
 167 00c1 07       		.byte	0x7
 168 00c2 A0010000 		.4byte	.LASF18
 169 00c6 06       		.uleb128 0x6
 170 00c7 B1000000 		.4byte	0xb1
 171 00cb D6000000 		.4byte	0xd6
 172 00cf 07       		.uleb128 0x7
 173 00d0 BF000000 		.4byte	0xbf
 174 00d4 07       		.byte	0x7
 175 00d5 00       		.byte	0
 176 00d6 08       		.uleb128 0x8
 177 00d7 1C010000 		.4byte	.LASF29
 178 00db 01       		.byte	0x1
 179 00dc 17       		.byte	0x17
 180 00dd 73000000 		.4byte	0x73
 181 00e1 00000000 		.4byte	.LFB64
 182 00e5 0E000000 		.4byte	.LFE64-.LFB64
 183 00e9 01       		.uleb128 0x1
 184 00ea 9C       		.byte	0x9c
 185 00eb 18010000 		.4byte	0x118
 186 00ef 09       		.uleb128 0x9
 187 00f0 CD010000 		.4byte	.LASF19
 188 00f4 01       		.byte	0x1
ARM GAS  C:\Users\ESTEBAN\AppData\Local\Temp\cccQFl6C.s 			page 5


 189 00f5 19       		.byte	0x19
 190 00f6 C6000000 		.4byte	0xc6
 191 00fa 09       		.uleb128 0x9
 192 00fb 2E000000 		.4byte	.LASF20
 193 00ff 01       		.byte	0x1
 194 0100 1C       		.byte	0x1c
 195 0101 B1000000 		.4byte	0xb1
 196 0105 0A       		.uleb128 0xa
 197 0106 06000000 		.4byte	.LVL0
 198 010a 5C010000 		.4byte	0x15c
 199 010e 0A       		.uleb128 0xa
 200 010f 0C000000 		.4byte	.LVL1
 201 0113 67010000 		.4byte	0x167
 202 0117 00       		.byte	0
 203 0118 0B       		.uleb128 0xb
 204 0119 08010000 		.4byte	.LASF21
 205 011d 05       		.byte	0x5
 206 011e 1207     		.2byte	0x712
 207 0120 24010000 		.4byte	0x124
 208 0124 0C       		.uleb128 0xc
 209 0125 8C000000 		.4byte	0x8c
 210 0129 06       		.uleb128 0x6
 211 012a 81000000 		.4byte	0x81
 212 012e 3A010000 		.4byte	0x13a
 213 0132 0D       		.uleb128 0xd
 214 0133 BF000000 		.4byte	0xbf
 215 0137 FF01     		.2byte	0x1ff
 216 0139 00       		.byte	0
 217 013a 0E       		.uleb128 0xe
 218 013b 00000000 		.4byte	.LASF22
 219 013f 01       		.byte	0x1
 220 0140 10       		.byte	0x10
 221 0141 29010000 		.4byte	0x129
 222 0145 05       		.uleb128 0x5
 223 0146 03       		.byte	0x3
 224 0147 00000000 		.4byte	rxRingBuffer
 225 014b 0E       		.uleb128 0xe
 226 014c 21000000 		.4byte	.LASF23
 227 0150 01       		.byte	0x1
 228 0151 11       		.byte	0x11
 229 0152 A5000000 		.4byte	0xa5
 230 0156 05       		.uleb128 0x5
 231 0157 03       		.byte	0x3
 232 0158 00000000 		.4byte	string
 233 015c 0F       		.uleb128 0xf
 234 015d FD000000 		.4byte	.LASF24
 235 0161 FD000000 		.4byte	.LASF24
 236 0165 06       		.byte	0x6
 237 0166 54       		.byte	0x54
 238 0167 0F       		.uleb128 0xf
 239 0168 F5010000 		.4byte	.LASF25
 240 016c F5010000 		.4byte	.LASF25
 241 0170 06       		.byte	0x6
 242 0171 71       		.byte	0x71
 243 0172 00       		.byte	0
 244              		.section	.debug_abbrev,"",%progbits
 245              	.Ldebug_abbrev0:
ARM GAS  C:\Users\ESTEBAN\AppData\Local\Temp\cccQFl6C.s 			page 6


 246 0000 01       		.uleb128 0x1
 247 0001 11       		.uleb128 0x11
 248 0002 01       		.byte	0x1
 249 0003 25       		.uleb128 0x25
 250 0004 0E       		.uleb128 0xe
 251 0005 13       		.uleb128 0x13
 252 0006 0B       		.uleb128 0xb
 253 0007 03       		.uleb128 0x3
 254 0008 0E       		.uleb128 0xe
 255 0009 1B       		.uleb128 0x1b
 256 000a 0E       		.uleb128 0xe
 257 000b 55       		.uleb128 0x55
 258 000c 17       		.uleb128 0x17
 259 000d 11       		.uleb128 0x11
 260 000e 01       		.uleb128 0x1
 261 000f 10       		.uleb128 0x10
 262 0010 17       		.uleb128 0x17
 263 0011 00       		.byte	0
 264 0012 00       		.byte	0
 265 0013 02       		.uleb128 0x2
 266 0014 24       		.uleb128 0x24
 267 0015 00       		.byte	0
 268 0016 0B       		.uleb128 0xb
 269 0017 0B       		.uleb128 0xb
 270 0018 3E       		.uleb128 0x3e
 271 0019 0B       		.uleb128 0xb
 272 001a 03       		.uleb128 0x3
 273 001b 0E       		.uleb128 0xe
 274 001c 00       		.byte	0
 275 001d 00       		.byte	0
 276 001e 03       		.uleb128 0x3
 277 001f 16       		.uleb128 0x16
 278 0020 00       		.byte	0
 279 0021 03       		.uleb128 0x3
 280 0022 0E       		.uleb128 0xe
 281 0023 3A       		.uleb128 0x3a
 282 0024 0B       		.uleb128 0xb
 283 0025 3B       		.uleb128 0x3b
 284 0026 0B       		.uleb128 0xb
 285 0027 49       		.uleb128 0x49
 286 0028 13       		.uleb128 0x13
 287 0029 00       		.byte	0
 288 002a 00       		.byte	0
 289 002b 04       		.uleb128 0x4
 290 002c 24       		.uleb128 0x24
 291 002d 00       		.byte	0
 292 002e 0B       		.uleb128 0xb
 293 002f 0B       		.uleb128 0xb
 294 0030 3E       		.uleb128 0x3e
 295 0031 0B       		.uleb128 0xb
 296 0032 03       		.uleb128 0x3
 297 0033 08       		.uleb128 0x8
 298 0034 00       		.byte	0
 299 0035 00       		.byte	0
 300 0036 05       		.uleb128 0x5
 301 0037 16       		.uleb128 0x16
 302 0038 00       		.byte	0
ARM GAS  C:\Users\ESTEBAN\AppData\Local\Temp\cccQFl6C.s 			page 7


 303 0039 03       		.uleb128 0x3
 304 003a 0E       		.uleb128 0xe
 305 003b 3A       		.uleb128 0x3a
 306 003c 0B       		.uleb128 0xb
 307 003d 3B       		.uleb128 0x3b
 308 003e 05       		.uleb128 0x5
 309 003f 49       		.uleb128 0x49
 310 0040 13       		.uleb128 0x13
 311 0041 00       		.byte	0
 312 0042 00       		.byte	0
 313 0043 06       		.uleb128 0x6
 314 0044 01       		.uleb128 0x1
 315 0045 01       		.byte	0x1
 316 0046 49       		.uleb128 0x49
 317 0047 13       		.uleb128 0x13
 318 0048 01       		.uleb128 0x1
 319 0049 13       		.uleb128 0x13
 320 004a 00       		.byte	0
 321 004b 00       		.byte	0
 322 004c 07       		.uleb128 0x7
 323 004d 21       		.uleb128 0x21
 324 004e 00       		.byte	0
 325 004f 49       		.uleb128 0x49
 326 0050 13       		.uleb128 0x13
 327 0051 2F       		.uleb128 0x2f
 328 0052 0B       		.uleb128 0xb
 329 0053 00       		.byte	0
 330 0054 00       		.byte	0
 331 0055 08       		.uleb128 0x8
 332 0056 2E       		.uleb128 0x2e
 333 0057 01       		.byte	0x1
 334 0058 3F       		.uleb128 0x3f
 335 0059 19       		.uleb128 0x19
 336 005a 03       		.uleb128 0x3
 337 005b 0E       		.uleb128 0xe
 338 005c 3A       		.uleb128 0x3a
 339 005d 0B       		.uleb128 0xb
 340 005e 3B       		.uleb128 0x3b
 341 005f 0B       		.uleb128 0xb
 342 0060 27       		.uleb128 0x27
 343 0061 19       		.uleb128 0x19
 344 0062 49       		.uleb128 0x49
 345 0063 13       		.uleb128 0x13
 346 0064 8701     		.uleb128 0x87
 347 0066 19       		.uleb128 0x19
 348 0067 11       		.uleb128 0x11
 349 0068 01       		.uleb128 0x1
 350 0069 12       		.uleb128 0x12
 351 006a 06       		.uleb128 0x6
 352 006b 40       		.uleb128 0x40
 353 006c 18       		.uleb128 0x18
 354 006d 9742     		.uleb128 0x2117
 355 006f 19       		.uleb128 0x19
 356 0070 01       		.uleb128 0x1
 357 0071 13       		.uleb128 0x13
 358 0072 00       		.byte	0
 359 0073 00       		.byte	0
ARM GAS  C:\Users\ESTEBAN\AppData\Local\Temp\cccQFl6C.s 			page 8


 360 0074 09       		.uleb128 0x9
 361 0075 34       		.uleb128 0x34
 362 0076 00       		.byte	0
 363 0077 03       		.uleb128 0x3
 364 0078 0E       		.uleb128 0xe
 365 0079 3A       		.uleb128 0x3a
 366 007a 0B       		.uleb128 0xb
 367 007b 3B       		.uleb128 0x3b
 368 007c 0B       		.uleb128 0xb
 369 007d 49       		.uleb128 0x49
 370 007e 13       		.uleb128 0x13
 371 007f 00       		.byte	0
 372 0080 00       		.byte	0
 373 0081 0A       		.uleb128 0xa
 374 0082 898201   		.uleb128 0x4109
 375 0085 00       		.byte	0
 376 0086 11       		.uleb128 0x11
 377 0087 01       		.uleb128 0x1
 378 0088 31       		.uleb128 0x31
 379 0089 13       		.uleb128 0x13
 380 008a 00       		.byte	0
 381 008b 00       		.byte	0
 382 008c 0B       		.uleb128 0xb
 383 008d 34       		.uleb128 0x34
 384 008e 00       		.byte	0
 385 008f 03       		.uleb128 0x3
 386 0090 0E       		.uleb128 0xe
 387 0091 3A       		.uleb128 0x3a
 388 0092 0B       		.uleb128 0xb
 389 0093 3B       		.uleb128 0x3b
 390 0094 05       		.uleb128 0x5
 391 0095 49       		.uleb128 0x49
 392 0096 13       		.uleb128 0x13
 393 0097 3F       		.uleb128 0x3f
 394 0098 19       		.uleb128 0x19
 395 0099 3C       		.uleb128 0x3c
 396 009a 19       		.uleb128 0x19
 397 009b 00       		.byte	0
 398 009c 00       		.byte	0
 399 009d 0C       		.uleb128 0xc
 400 009e 35       		.uleb128 0x35
 401 009f 00       		.byte	0
 402 00a0 49       		.uleb128 0x49
 403 00a1 13       		.uleb128 0x13
 404 00a2 00       		.byte	0
 405 00a3 00       		.byte	0
 406 00a4 0D       		.uleb128 0xd
 407 00a5 21       		.uleb128 0x21
 408 00a6 00       		.byte	0
 409 00a7 49       		.uleb128 0x49
 410 00a8 13       		.uleb128 0x13
 411 00a9 2F       		.uleb128 0x2f
 412 00aa 05       		.uleb128 0x5
 413 00ab 00       		.byte	0
 414 00ac 00       		.byte	0
 415 00ad 0E       		.uleb128 0xe
 416 00ae 34       		.uleb128 0x34
ARM GAS  C:\Users\ESTEBAN\AppData\Local\Temp\cccQFl6C.s 			page 9


 417 00af 00       		.byte	0
 418 00b0 03       		.uleb128 0x3
 419 00b1 0E       		.uleb128 0xe
 420 00b2 3A       		.uleb128 0x3a
 421 00b3 0B       		.uleb128 0xb
 422 00b4 3B       		.uleb128 0x3b
 423 00b5 0B       		.uleb128 0xb
 424 00b6 49       		.uleb128 0x49
 425 00b7 13       		.uleb128 0x13
 426 00b8 3F       		.uleb128 0x3f
 427 00b9 19       		.uleb128 0x19
 428 00ba 02       		.uleb128 0x2
 429 00bb 18       		.uleb128 0x18
 430 00bc 00       		.byte	0
 431 00bd 00       		.byte	0
 432 00be 0F       		.uleb128 0xf
 433 00bf 2E       		.uleb128 0x2e
 434 00c0 00       		.byte	0
 435 00c1 3F       		.uleb128 0x3f
 436 00c2 19       		.uleb128 0x19
 437 00c3 3C       		.uleb128 0x3c
 438 00c4 19       		.uleb128 0x19
 439 00c5 6E       		.uleb128 0x6e
 440 00c6 0E       		.uleb128 0xe
 441 00c7 03       		.uleb128 0x3
 442 00c8 0E       		.uleb128 0xe
 443 00c9 3A       		.uleb128 0x3a
 444 00ca 0B       		.uleb128 0xb
 445 00cb 3B       		.uleb128 0x3b
 446 00cc 0B       		.uleb128 0xb
 447 00cd 00       		.byte	0
 448 00ce 00       		.byte	0
 449 00cf 00       		.byte	0
 450              		.section	.debug_aranges,"",%progbits
 451 0000 1C000000 		.4byte	0x1c
 452 0004 0200     		.2byte	0x2
 453 0006 00000000 		.4byte	.Ldebug_info0
 454 000a 04       		.byte	0x4
 455 000b 00       		.byte	0
 456 000c 0000     		.2byte	0
 457 000e 0000     		.2byte	0
 458 0010 00000000 		.4byte	.LFB64
 459 0014 0E000000 		.4byte	.LFE64-.LFB64
 460 0018 00000000 		.4byte	0
 461 001c 00000000 		.4byte	0
 462              		.section	.debug_ranges,"",%progbits
 463              	.Ldebug_ranges0:
 464 0000 00000000 		.4byte	.LFB64
 465 0004 0E000000 		.4byte	.LFE64
 466 0008 00000000 		.4byte	0
 467 000c 00000000 		.4byte	0
 468              		.section	.debug_line,"",%progbits
 469              	.Ldebug_line0:
 470 0000 6E010000 		.section	.debug_str,"MS",%progbits,1
 470      02005601 
 470      00000201 
 470      FB0E0D00 
ARM GAS  C:\Users\ESTEBAN\AppData\Local\Temp\cccQFl6C.s 			page 10


 470      01010101 
 471              	.LASF22:
 472 0000 72785269 		.ascii	"rxRingBuffer\000"
 472      6E674275 
 472      66666572 
 472      00
 473              	.LASF4:
 474 000d 5F5F7569 		.ascii	"__uint8_t\000"
 474      6E74385F 
 474      7400
 475              	.LASF5:
 476 0017 5F5F696E 		.ascii	"__int32_t\000"
 476      7433325F 
 476      7400
 477              	.LASF23:
 478 0021 73747269 		.ascii	"string\000"
 478      6E6700
 479              	.LASF13:
 480 0028 666C6F61 		.ascii	"float\000"
 480      7400
 481              	.LASF20:
 482 002e 72656369 		.ascii	"recibir\000"
 482      62697200 
 483              	.LASF1:
 484 0036 756E7369 		.ascii	"unsigned char\000"
 484      676E6564 
 484      20636861 
 484      7200
 485              	.LASF26:
 486 0044 474E5520 		.ascii	"GNU C11 5.4.1 20160609 (release) [ARM/embedded-5-br"
 486      43313120 
 486      352E342E 
 486      31203230 
 486      31363036 
 487 0077 616E6368 		.ascii	"anch revision 237715] -mcpu=cortex-m3 -mthumb -g -O"
 487      20726576 
 487      6973696F 
 487      6E203233 
 487      37373135 
 488 00aa 67202D66 		.ascii	"g -ffunction-sections -ffat-lto-objects\000"
 488      66756E63 
 488      74696F6E 
 488      2D736563 
 488      74696F6E 
 489              	.LASF15:
 490 00d2 63686172 		.ascii	"char8\000"
 490      3800
 491              	.LASF7:
 492 00d8 6C6F6E67 		.ascii	"long unsigned int\000"
 492      20756E73 
 492      69676E65 
 492      6420696E 
 492      7400
 493              	.LASF3:
 494 00ea 73686F72 		.ascii	"short unsigned int\000"
 494      7420756E 
 494      7369676E 
ARM GAS  C:\Users\ESTEBAN\AppData\Local\Temp\cccQFl6C.s 			page 11


 494      65642069 
 494      6E7400
 495              	.LASF24:
 496 00fd 55415254 		.ascii	"UART_Start\000"
 496      5F537461 
 496      727400
 497              	.LASF21:
 498 0108 49544D5F 		.ascii	"ITM_RxBuffer\000"
 498      52784275 
 498      66666572 
 498      00
 499              	.LASF14:
 500 0115 646F7562 		.ascii	"double\000"
 500      6C6500
 501              	.LASF29:
 502 011c 6D61696E 		.ascii	"main\000"
 502      00
 503              	.LASF10:
 504 0121 756E7369 		.ascii	"unsigned int\000"
 504      676E6564 
 504      20696E74 
 504      00
 505              	.LASF9:
 506 012e 6C6F6E67 		.ascii	"long long unsigned int\000"
 506      206C6F6E 
 506      6720756E 
 506      7369676E 
 506      65642069 
 507              	.LASF11:
 508 0145 75696E74 		.ascii	"uint8_t\000"
 508      385F7400 
 509              	.LASF28:
 510 014d 443A5C55 		.ascii	"D:\\Users\\ESTEBAN\\Desktop\\Materias\\Codigos\\Psc"
 510      73657273 
 510      5C455354 
 510      4542414E 
 510      5C446573 
 511 017a 6F635C65 		.ascii	"oc\\entradadigi\\Design01.cydsn\000"
 511      6E747261 
 511      64616469 
 511      67695C44 
 511      65736967 
 512              	.LASF12:
 513 0198 696E7433 		.ascii	"int32_t\000"
 513      325F7400 
 514              	.LASF18:
 515 01a0 73697A65 		.ascii	"sizetype\000"
 515      74797065 
 515      00
 516              	.LASF8:
 517 01a9 6C6F6E67 		.ascii	"long long int\000"
 517      206C6F6E 
 517      6720696E 
 517      7400
 518              	.LASF27:
 519 01b7 6D61696E 		.ascii	"main.c\000"
 519      2E6300
ARM GAS  C:\Users\ESTEBAN\AppData\Local\Temp\cccQFl6C.s 			page 12


 520              	.LASF16:
 521 01be 63686172 		.ascii	"char\000"
 521      00
 522              	.LASF2:
 523 01c3 73686F72 		.ascii	"short int\000"
 523      7420696E 
 523      7400
 524              	.LASF19:
 525 01cd 62756666 		.ascii	"buffer\000"
 525      657200
 526              	.LASF6:
 527 01d4 6C6F6E67 		.ascii	"long int\000"
 527      20696E74 
 527      00
 528              	.LASF17:
 529 01dd 6C6F6E67 		.ascii	"long double\000"
 529      20646F75 
 529      626C6500 
 530              	.LASF0:
 531 01e9 7369676E 		.ascii	"signed char\000"
 531      65642063 
 531      68617200 
 532              	.LASF25:
 533 01f5 55415254 		.ascii	"UART_GetChar\000"
 533      5F476574 
 533      43686172 
 533      00
 534              		.ident	"GCC: (GNU Tools for ARM Embedded Processors) 5.4.1 20160609 (release) [ARM/embedded-5-bran
