ARM GAS  C:\Users\ESTEBAN\AppData\Local\Temp\cccOHeQf.s 			page 1


   1              		.syntax unified
   2              		.cpu cortex-m3
   3              		.fpu softvfp
   4              		.eabi_attribute 20, 1
   5              		.eabi_attribute 21, 1
   6              		.eabi_attribute 23, 3
   7              		.eabi_attribute 24, 1
   8              		.eabi_attribute 25, 1
   9              		.eabi_attribute 26, 1
  10              		.eabi_attribute 30, 1
  11              		.eabi_attribute 34, 1
  12              		.eabi_attribute 18, 4
  13              		.thumb
  14              		.syntax unified
  15              		.file	"cymetadata.c"
  16              		.text
  17              	.Ltext0:
  18              		.cfi_sections	.debug_frame
  19              		.global	cy_metadata
  20              		.global	cy_meta_flashprotect
  21              		.global	cy_meta_wonvl
  22              		.global	cy_meta_custnvl
  23              		.global	cy_meta_configecc
  24              		.section	.cyconfigecc,"a",%progbits
  25              		.align	2
  26              		.type	cy_meta_configecc, %object
  27              		.size	cy_meta_configecc, 1456
  28              	cy_meta_configecc:
  29 0000 04       		.byte	4
  30 0001 52       		.byte	82
  31 0002 00       		.byte	0
  32 0003 40       		.byte	64
  33 0004 04       		.byte	4
  34 0005 64       		.byte	100
  35 0006 00       		.byte	0
  36 0007 40       		.byte	64
  37 0008 03       		.byte	3
  38 0009 65       		.byte	101
  39 000a 00       		.byte	0
  40 000b 40       		.byte	64
  41 000c 01       		.byte	1
  42 000d 07       		.byte	7
  43 000e 01       		.byte	1
  44 000f 40       		.byte	64
  45 0010 5B       		.byte	91
  46 0011 08       		.byte	8
  47 0012 01       		.byte	1
  48 0013 40       		.byte	64
  49 0014 3A       		.byte	58
  50 0015 09       		.byte	9
  51 0016 01       		.byte	1
  52 0017 40       		.byte	64
  53 0018 60       		.byte	96
  54 0019 0A       		.byte	10
  55 001a 01       		.byte	1
  56 001b 40       		.byte	64
  57 001c 37       		.byte	55
ARM GAS  C:\Users\ESTEBAN\AppData\Local\Temp\cccOHeQf.s 			page 2


  58 001d 0B       		.byte	11
  59 001e 01       		.byte	1
  60 001f 40       		.byte	64
  61 0020 01       		.byte	1
  62 0021 0D       		.byte	13
  63 0022 01       		.byte	1
  64 0023 40       		.byte	64
  65 0024 61       		.byte	97
  66 0025 18       		.byte	24
  67 0026 01       		.byte	1
  68 0027 40       		.byte	64
  69 0028 42       		.byte	66
  70 0029 19       		.byte	25
  71 002a 01       		.byte	1
  72 002b 40       		.byte	64
  73 002c 4F       		.byte	79
  74 002d 1A       		.byte	26
  75 002e 01       		.byte	1
  76 002f 40       		.byte	64
  77 0030 3E       		.byte	62
  78 0031 1B       		.byte	27
  79 0032 01       		.byte	1
  80 0033 40       		.byte	64
  81 0034 02       		.byte	2
  82 0035 40       		.byte	64
  83 0036 01       		.byte	1
  84 0037 40       		.byte	64
  85 0038 01       		.byte	1
  86 0039 41       		.byte	65
  87 003a 01       		.byte	1
  88 003b 40       		.byte	64
  89 003c 01       		.byte	1
  90 003d 42       		.byte	66
  91 003e 01       		.byte	1
  92 003f 40       		.byte	64
  93 0040 02       		.byte	2
  94 0041 43       		.byte	67
  95 0042 01       		.byte	1
  96 0043 40       		.byte	64
  97 0044 02       		.byte	2
  98 0045 44       		.byte	68
  99 0046 01       		.byte	1
 100 0047 40       		.byte	64
 101 0048 03       		.byte	3
 102 0049 45       		.byte	69
 103 004a 01       		.byte	1
 104 004b 40       		.byte	64
 105 004c 02       		.byte	2
 106 004d 46       		.byte	70
 107 004e 01       		.byte	1
 108 004f 40       		.byte	64
 109 0050 02       		.byte	2
 110 0051 47       		.byte	71
 111 0052 01       		.byte	1
 112 0053 40       		.byte	64
 113 0054 09       		.byte	9
 114 0055 4C       		.byte	76
ARM GAS  C:\Users\ESTEBAN\AppData\Local\Temp\cccOHeQf.s 			page 3


 115 0056 01       		.byte	1
 116 0057 40       		.byte	64
 117 0058 08       		.byte	8
 118 0059 4D       		.byte	77
 119 005a 01       		.byte	1
 120 005b 40       		.byte	64
 121 005c 04       		.byte	4
 122 005d 50       		.byte	80
 123 005e 01       		.byte	1
 124 005f 40       		.byte	64
 125 0060 01       		.byte	1
 126 0061 51       		.byte	81
 127 0062 01       		.byte	1
 128 0063 40       		.byte	64
 129 0064 08       		.byte	8
 130 0065 C0       		.byte	-64
 131 0066 09       		.byte	9
 132 0067 50       		.byte	80
 133 0068 60       		.byte	96
 134 0069 80       		.byte	-128
 135 006a 64       		.byte	100
 136 006b 40       		.byte	64
 137 006c 88       		.byte	-120
 138 006d 72       		.byte	114
 139 006e 89       		.byte	-119
 140 006f 0D       		.byte	13
 141 0070 8A       		.byte	-118
 142 0071 0D       		.byte	13
 143 0072 8B       		.byte	-117
 144 0073 0F       		.byte	15
 145 0074 88       		.byte	-120
 146 0075 38       		.byte	56
 147 0076 89       		.byte	-119
 148 0077 0D       		.byte	13
 149 0078 8B       		.byte	-117
 150 0079 0D       		.byte	13
 151 007a EE       		.byte	-18
 152 007b 04       		.byte	4
 153 007c 01       		.byte	1
 154 007d 04       		.byte	4
 155 007e 02       		.byte	2
 156 007f 4C       		.byte	76
 157 0080 05       		.byte	5
 158 0081 02       		.byte	2
 159 0082 09       		.byte	9
 160 0083 06       		.byte	6
 161 0084 0A       		.byte	10
 162 0085 08       		.byte	8
 163 0086 0C       		.byte	12
 164 0087 6C       		.byte	108
 165 0088 0E       		.byte	14
 166 0089 03       		.byte	3
 167 008a 0F       		.byte	15
 168 008b 09       		.byte	9
 169 008c 14       		.byte	20
 170 008d 31       		.byte	49
 171 008e 15       		.byte	21
ARM GAS  C:\Users\ESTEBAN\AppData\Local\Temp\cccOHeQf.s 			page 4


 172 008f 09       		.byte	9
 173 0090 16       		.byte	22
 174 0091 0E       		.byte	14
 175 0092 17       		.byte	23
 176 0093 06       		.byte	6
 177 0094 19       		.byte	25
 178 0095 06       		.byte	6
 179 0096 1B       		.byte	27
 180 0097 09       		.byte	9
 181 0098 1E       		.byte	30
 182 0099 13       		.byte	19
 183 009a 21       		.byte	33
 184 009b 0E       		.byte	14
 185 009c 23       		.byte	35
 186 009d 01       		.byte	1
 187 009e 28       		.byte	40
 188 009f 31       		.byte	49
 189 00a0 29       		.byte	41
 190 00a1 0F       		.byte	15
 191 00a2 2A       		.byte	42
 192 00a3 46       		.byte	70
 193 00a4 30       		.byte	48
 194 00a5 0F       		.byte	15
 195 00a6 32       		.byte	50
 196 00a7 4A       		.byte	74
 197 00a8 33       		.byte	51
 198 00a9 07       		.byte	7
 199 00aa 34       		.byte	52
 200 00ab 30       		.byte	48
 201 00ac 35       		.byte	53
 202 00ad 0E       		.byte	14
 203 00ae 38       		.byte	56
 204 00af 20       		.byte	32
 205 00b0 3A       		.byte	58
 206 00b1 0A       		.byte	10
 207 00b2 3B       		.byte	59
 208 00b3 08       		.byte	8
 209 00b4 3E       		.byte	62
 210 00b5 10       		.byte	16
 211 00b6 40       		.byte	64
 212 00b7 02       		.byte	2
 213 00b8 47       		.byte	71
 214 00b9 04       		.byte	4
 215 00ba 49       		.byte	73
 216 00bb FF       		.byte	-1
 217 00bc 4A       		.byte	74
 218 00bd 07       		.byte	7
 219 00be 4B       		.byte	75
 220 00bf FF       		.byte	-1
 221 00c0 4C       		.byte	76
 222 00c1 40       		.byte	64
 223 00c2 4D       		.byte	77
 224 00c3 20       		.byte	32
 225 00c4 4E       		.byte	78
 226 00c5 F0       		.byte	-16
 227 00c6 4F       		.byte	79
 228 00c7 05       		.byte	5
ARM GAS  C:\Users\ESTEBAN\AppData\Local\Temp\cccOHeQf.s 			page 5


 229 00c8 50       		.byte	80
 230 00c9 08       		.byte	8
 231 00ca 56       		.byte	86
 232 00cb 02       		.byte	2
 233 00cc 57       		.byte	87
 234 00cd 12       		.byte	18
 235 00ce 58       		.byte	88
 236 00cf 04       		.byte	4
 237 00d0 59       		.byte	89
 238 00d1 04       		.byte	4
 239 00d2 5A       		.byte	90
 240 00d3 04       		.byte	4
 241 00d4 5B       		.byte	91
 242 00d5 04       		.byte	4
 243 00d6 5F       		.byte	95
 244 00d7 01       		.byte	1
 245 00d8 60       		.byte	96
 246 00d9 40       		.byte	64
 247 00da 61       		.byte	97
 248 00db A8       		.byte	-88
 249 00dc 62       		.byte	98
 250 00dd 40       		.byte	64
 251 00de 63       		.byte	99
 252 00df 20       		.byte	32
 253 00e0 86       		.byte	-122
 254 00e1 09       		.byte	9
 255 00e2 8E       		.byte	-114
 256 00e3 05       		.byte	5
 257 00e4 92       		.byte	-110
 258 00e5 02       		.byte	2
 259 00e6 96       		.byte	-106
 260 00e7 04       		.byte	4
 261 00e8 9B       		.byte	-101
 262 00e9 01       		.byte	1
 263 00ea A5       		.byte	-91
 264 00eb 01       		.byte	1
 265 00ec B0       		.byte	-80
 266 00ed 02       		.byte	2
 267 00ee B2       		.byte	-78
 268 00ef 08       		.byte	8
 269 00f0 B4       		.byte	-76
 270 00f1 04       		.byte	4
 271 00f2 B6       		.byte	-74
 272 00f3 01       		.byte	1
 273 00f4 B7       		.byte	-73
 274 00f5 01       		.byte	1
 275 00f6 BE       		.byte	-66
 276 00f7 10       		.byte	16
 277 00f8 C0       		.byte	-64
 278 00f9 40       		.byte	64
 279 00fa C1       		.byte	-63
 280 00fb 06       		.byte	6
 281 00fc C5       		.byte	-59
 282 00fd D1       		.byte	-47
 283 00fe C6       		.byte	-58
 284 00ff 20       		.byte	32
 285 0100 C8       		.byte	-56
ARM GAS  C:\Users\ESTEBAN\AppData\Local\Temp\cccOHeQf.s 			page 6


 286 0101 0B       		.byte	11
 287 0102 C9       		.byte	-55
 288 0103 FF       		.byte	-1
 289 0104 CA       		.byte	-54
 290 0105 FF       		.byte	-1
 291 0106 CB       		.byte	-53
 292 0107 FF       		.byte	-1
 293 0108 CD       		.byte	-51
 294 0109 A0       		.byte	-96
 295 010a CF       		.byte	-49
 296 010b 04       		.byte	4
 297 010c D0       		.byte	-48
 298 010d 18       		.byte	24
 299 010e D2       		.byte	-46
 300 010f 80       		.byte	-128
 301 0110 D4       		.byte	-44
 302 0111 05       		.byte	5
 303 0112 D8       		.byte	-40
 304 0113 04       		.byte	4
 305 0114 D9       		.byte	-39
 306 0115 04       		.byte	4
 307 0116 DA       		.byte	-38
 308 0117 04       		.byte	4
 309 0118 DB       		.byte	-37
 310 0119 04       		.byte	4
 311 011a DC       		.byte	-36
 312 011b 44       		.byte	68
 313 011c DD       		.byte	-35
 314 011d 44       		.byte	68
 315 011e DF       		.byte	-33
 316 011f 01       		.byte	1
 317 0120 E0       		.byte	-32
 318 0121 40       		.byte	64
 319 0122 E2       		.byte	-30
 320 0123 C0       		.byte	-64
 321 0124 E4       		.byte	-28
 322 0125 40       		.byte	64
 323 0126 E5       		.byte	-27
 324 0127 40       		.byte	64
 325 0128 E6       		.byte	-26
 326 0129 C0       		.byte	-64
 327 012a E8       		.byte	-24
 328 012b C0       		.byte	-64
 329 012c EA       		.byte	-22
 330 012d C0       		.byte	-64
 331 012e EC       		.byte	-20
 332 012f C0       		.byte	-64
 333 0130 EE       		.byte	-18
 334 0131 C0       		.byte	-64
 335 0132 02       		.byte	2
 336 0133 20       		.byte	32
 337 0134 03       		.byte	3
 338 0135 02       		.byte	2
 339 0136 04       		.byte	4
 340 0137 40       		.byte	64
 341 0138 06       		.byte	6
 342 0139 04       		.byte	4
ARM GAS  C:\Users\ESTEBAN\AppData\Local\Temp\cccOHeQf.s 			page 7


 343 013a 07       		.byte	7
 344 013b 40       		.byte	64
 345 013c 0B       		.byte	11
 346 013d 60       		.byte	96
 347 013e 0E       		.byte	14
 348 013f 20       		.byte	32
 349 0140 0F       		.byte	15
 350 0141 01       		.byte	1
 351 0142 17       		.byte	23
 352 0143 20       		.byte	32
 353 0144 19       		.byte	25
 354 0145 88       		.byte	-120
 355 0146 1A       		.byte	26
 356 0147 08       		.byte	8
 357 0148 1B       		.byte	27
 358 0149 02       		.byte	2
 359 014a 1C       		.byte	28
 360 014b 40       		.byte	64
 361 014c 1D       		.byte	29
 362 014d 20       		.byte	32
 363 014e 1E       		.byte	30
 364 014f 60       		.byte	96
 365 0150 1F       		.byte	31
 366 0151 04       		.byte	4
 367 0152 22       		.byte	34
 368 0153 40       		.byte	64
 369 0154 27       		.byte	39
 370 0155 14       		.byte	20
 371 0156 29       		.byte	41
 372 0157 08       		.byte	8
 373 0158 2C       		.byte	44
 374 0159 08       		.byte	8
 375 015a 2E       		.byte	46
 376 015b 01       		.byte	1
 377 015c 32       		.byte	50
 378 015d 20       		.byte	32
 379 015e 34       		.byte	52
 380 015f 08       		.byte	8
 381 0160 37       		.byte	55
 382 0161 10       		.byte	16
 383 0162 3D       		.byte	61
 384 0163 80       		.byte	-128
 385 0164 3E       		.byte	62
 386 0165 2A       		.byte	42
 387 0166 43       		.byte	67
 388 0167 02       		.byte	2
 389 0168 45       		.byte	69
 390 0169 20       		.byte	32
 391 016a 49       		.byte	73
 392 016b 01       		.byte	1
 393 016c 4A       		.byte	74
 394 016d 20       		.byte	32
 395 016e 4B       		.byte	75
 396 016f 20       		.byte	32
 397 0170 4F       		.byte	79
 398 0171 01       		.byte	1
 399 0172 53       		.byte	83
ARM GAS  C:\Users\ESTEBAN\AppData\Local\Temp\cccOHeQf.s 			page 8


 400 0173 10       		.byte	16
 401 0174 56       		.byte	86
 402 0175 04       		.byte	4
 403 0176 59       		.byte	89
 404 0177 01       		.byte	1
 405 0178 5A       		.byte	90
 406 0179 88       		.byte	-120
 407 017a 5E       		.byte	94
 408 017b 08       		.byte	8
 409 017c 6E       		.byte	110
 410 017d 14       		.byte	20
 411 017e 6F       		.byte	111
 412 017f 01       		.byte	1
 413 0180 73       		.byte	115
 414 0181 40       		.byte	64
 415 0182 75       		.byte	117
 416 0183 04       		.byte	4
 417 0184 76       		.byte	118
 418 0185 2A       		.byte	42
 419 0186 96       		.byte	-106
 420 0187 40       		.byte	64
 421 0188 97       		.byte	-105
 422 0189 09       		.byte	9
 423 018a 9B       		.byte	-101
 424 018b 60       		.byte	96
 425 018c 9E       		.byte	-98
 426 018d 04       		.byte	4
 427 018e AB       		.byte	-85
 428 018f 08       		.byte	8
 429 0190 C0       		.byte	-64
 430 0191 D5       		.byte	-43
 431 0192 C2       		.byte	-62
 432 0193 AC       		.byte	-84
 433 0194 C4       		.byte	-60
 434 0195 40       		.byte	64
 435 0196 CA       		.byte	-54
 436 0197 A2       		.byte	-94
 437 0198 CC       		.byte	-52
 438 0199 64       		.byte	100
 439 019a CE       		.byte	-50
 440 019b F0       		.byte	-16
 441 019c D0       		.byte	-48
 442 019d 21       		.byte	33
 443 019e D2       		.byte	-46
 444 019f 04       		.byte	4
 445 01a0 D6       		.byte	-42
 446 01a1 4B       		.byte	75
 447 01a2 EC       		.byte	-20
 448 01a3 01       		.byte	1
 449 01a4 EE       		.byte	-18
 450 01a5 04       		.byte	4
 451 01a6 02       		.byte	2
 452 01a7 07       		.byte	7
 453 01a8 06       		.byte	6
 454 01a9 04       		.byte	4
 455 01aa 0B       		.byte	11
 456 01ab 01       		.byte	1
ARM GAS  C:\Users\ESTEBAN\AppData\Local\Temp\cccOHeQf.s 			page 9


 457 01ac 0C       		.byte	12
 458 01ad 01       		.byte	1
 459 01ae 12       		.byte	18
 460 01af 08       		.byte	8
 461 01b0 1B       		.byte	27
 462 01b1 01       		.byte	1
 463 01b2 30       		.byte	48
 464 01b3 01       		.byte	1
 465 01b4 32       		.byte	50
 466 01b5 04       		.byte	4
 467 01b6 33       		.byte	51
 468 01b7 01       		.byte	1
 469 01b8 34       		.byte	52
 470 01b9 08       		.byte	8
 471 01ba 36       		.byte	54
 472 01bb 02       		.byte	2
 473 01bc 3F       		.byte	63
 474 01bd 04       		.byte	4
 475 01be 40       		.byte	64
 476 01bf 20       		.byte	32
 477 01c0 41       		.byte	65
 478 01c1 06       		.byte	6
 479 01c2 45       		.byte	69
 480 01c3 D0       		.byte	-48
 481 01c4 46       		.byte	70
 482 01c5 21       		.byte	33
 483 01c6 48       		.byte	72
 484 01c7 0E       		.byte	14
 485 01c8 49       		.byte	73
 486 01c9 FF       		.byte	-1
 487 01ca 4A       		.byte	74
 488 01cb FF       		.byte	-1
 489 01cc 4B       		.byte	75
 490 01cd FF       		.byte	-1
 491 01ce 4D       		.byte	77
 492 01cf A0       		.byte	-96
 493 01d0 4F       		.byte	79
 494 01d1 04       		.byte	4
 495 01d2 50       		.byte	80
 496 01d3 18       		.byte	24
 497 01d4 52       		.byte	82
 498 01d5 80       		.byte	-128
 499 01d6 54       		.byte	84
 500 01d7 05       		.byte	5
 501 01d8 58       		.byte	88
 502 01d9 04       		.byte	4
 503 01da 59       		.byte	89
 504 01db 04       		.byte	4
 505 01dc 5A       		.byte	90
 506 01dd 04       		.byte	4
 507 01de 5B       		.byte	91
 508 01df 04       		.byte	4
 509 01e0 5C       		.byte	92
 510 01e1 02       		.byte	2
 511 01e2 5D       		.byte	93
 512 01e3 22       		.byte	34
 513 01e4 5F       		.byte	95
ARM GAS  C:\Users\ESTEBAN\AppData\Local\Temp\cccOHeQf.s 			page 10


 514 01e5 01       		.byte	1
 515 01e6 60       		.byte	96
 516 01e7 40       		.byte	64
 517 01e8 62       		.byte	98
 518 01e9 C0       		.byte	-64
 519 01ea 64       		.byte	100
 520 01eb 40       		.byte	64
 521 01ec 65       		.byte	101
 522 01ed 40       		.byte	64
 523 01ee 66       		.byte	102
 524 01ef C0       		.byte	-64
 525 01f0 68       		.byte	104
 526 01f1 C0       		.byte	-64
 527 01f2 6A       		.byte	106
 528 01f3 C0       		.byte	-64
 529 01f4 6C       		.byte	108
 530 01f5 C0       		.byte	-64
 531 01f6 6E       		.byte	110
 532 01f7 C0       		.byte	-64
 533 01f8 80       		.byte	-128
 534 01f9 1C       		.byte	28
 535 01fa 81       		.byte	-127
 536 01fb 20       		.byte	32
 537 01fc 82       		.byte	-126
 538 01fd 02       		.byte	2
 539 01fe 83       		.byte	-125
 540 01ff 45       		.byte	69
 541 0200 84       		.byte	-124
 542 0201 10       		.byte	16
 543 0202 85       		.byte	-123
 544 0203 80       		.byte	-128
 545 0204 86       		.byte	-122
 546 0205 0C       		.byte	12
 547 0206 88       		.byte	-120
 548 0207 10       		.byte	16
 549 0208 89       		.byte	-119
 550 0209 03       		.byte	3
 551 020a 8B       		.byte	-117
 552 020b 44       		.byte	68
 553 020c 98       		.byte	-104
 554 020d 14       		.byte	20
 555 020e 99       		.byte	-103
 556 020f 53       		.byte	83
 557 0210 9B       		.byte	-101
 558 0211 0C       		.byte	12
 559 0212 9C       		.byte	-100
 560 0213 20       		.byte	32
 561 0214 9E       		.byte	-98
 562 0215 03       		.byte	3
 563 0216 9F       		.byte	-97
 564 0217 08       		.byte	8
 565 0218 A8       		.byte	-88
 566 0219 0C       		.byte	12
 567 021a A9       		.byte	-87
 568 021b 53       		.byte	83
 569 021c AA       		.byte	-86
 570 021d 11       		.byte	17
ARM GAS  C:\Users\ESTEBAN\AppData\Local\Temp\cccOHeQf.s 			page 11


 571 021e AB       		.byte	-85
 572 021f 04       		.byte	4
 573 0220 AC       		.byte	-84
 574 0221 09       		.byte	9
 575 0222 AD       		.byte	-83
 576 0223 0A       		.byte	10
 577 0224 AE       		.byte	-82
 578 0225 10       		.byte	16
 579 0226 AF       		.byte	-81
 580 0227 54       		.byte	84
 581 0228 B1       		.byte	-79
 582 0229 30       		.byte	48
 583 022a B3       		.byte	-77
 584 022b 0F       		.byte	15
 585 022c B4       		.byte	-76
 586 022d 20       		.byte	32
 587 022e B5       		.byte	-75
 588 022f 80       		.byte	-128
 589 0230 B6       		.byte	-74
 590 0231 1F       		.byte	31
 591 0232 B7       		.byte	-73
 592 0233 40       		.byte	64
 593 0234 B9       		.byte	-71
 594 0235 02       		.byte	2
 595 0236 BB       		.byte	-69
 596 0237 08       		.byte	8
 597 0238 BE       		.byte	-66
 598 0239 10       		.byte	16
 599 023a BF       		.byte	-65
 600 023b 50       		.byte	80
 601 023c C0       		.byte	-64
 602 023d 24       		.byte	36
 603 023e C1       		.byte	-63
 604 023f 06       		.byte	6
 605 0240 C5       		.byte	-59
 606 0241 EB       		.byte	-21
 607 0242 C6       		.byte	-58
 608 0243 C0       		.byte	-64
 609 0244 C7       		.byte	-57
 610 0245 0E       		.byte	14
 611 0246 C8       		.byte	-56
 612 0247 1B       		.byte	27
 613 0248 C9       		.byte	-55
 614 0249 FF       		.byte	-1
 615 024a CA       		.byte	-54
 616 024b FF       		.byte	-1
 617 024c CB       		.byte	-53
 618 024d FF       		.byte	-1
 619 024e CE       		.byte	-50
 620 024f F0       		.byte	-16
 621 0250 CF       		.byte	-49
 622 0251 44       		.byte	68
 623 0252 D0       		.byte	-48
 624 0253 0C       		.byte	12
 625 0254 D4       		.byte	-44
 626 0255 01       		.byte	1
 627 0256 D8       		.byte	-40
ARM GAS  C:\Users\ESTEBAN\AppData\Local\Temp\cccOHeQf.s 			page 12


 628 0257 04       		.byte	4
 629 0258 D9       		.byte	-39
 630 0259 04       		.byte	4
 631 025a DA       		.byte	-38
 632 025b 04       		.byte	4
 633 025c DB       		.byte	-37
 634 025d 04       		.byte	4
 635 025e DF       		.byte	-33
 636 025f 01       		.byte	1
 637 0260 E6       		.byte	-26
 638 0261 C0       		.byte	-64
 639 0262 EA       		.byte	-22
 640 0263 40       		.byte	64
 641 0264 EB       		.byte	-21
 642 0265 02       		.byte	2
 643 0266 01       		.byte	1
 644 0267 80       		.byte	-128
 645 0268 02       		.byte	2
 646 0269 40       		.byte	64
 647 026a 03       		.byte	3
 648 026b 20       		.byte	32
 649 026c 06       		.byte	6
 650 026d 84       		.byte	-124
 651 026e 07       		.byte	7
 652 026f 20       		.byte	32
 653 0270 09       		.byte	9
 654 0271 02       		.byte	2
 655 0272 0E       		.byte	14
 656 0273 02       		.byte	2
 657 0274 0F       		.byte	15
 658 0275 08       		.byte	8
 659 0276 15       		.byte	21
 660 0277 10       		.byte	16
 661 0278 17       		.byte	23
 662 0279 40       		.byte	64
 663 027a 19       		.byte	25
 664 027b 80       		.byte	-128
 665 027c 1A       		.byte	26
 666 027d 80       		.byte	-128
 667 027e 1B       		.byte	27
 668 027f 28       		.byte	40
 669 0280 1C       		.byte	28
 670 0281 08       		.byte	8
 671 0282 1E       		.byte	30
 672 0283 02       		.byte	2
 673 0284 22       		.byte	34
 674 0285 04       		.byte	4
 675 0286 26       		.byte	38
 676 0287 40       		.byte	64
 677 0288 27       		.byte	39
 678 0289 68       		.byte	104
 679 028a 2D       		.byte	45
 680 028b 10       		.byte	16
 681 028c 2E       		.byte	46
 682 028d C0       		.byte	-64
 683 028e 2F       		.byte	47
 684 028f 04       		.byte	4
ARM GAS  C:\Users\ESTEBAN\AppData\Local\Temp\cccOHeQf.s 			page 13


 685 0290 33       		.byte	51
 686 0291 20       		.byte	32
 687 0292 37       		.byte	55
 688 0293 60       		.byte	96
 689 0294 38       		.byte	56
 690 0295 20       		.byte	32
 691 0296 3D       		.byte	61
 692 0297 0A       		.byte	10
 693 0298 3E       		.byte	62
 694 0299 30       		.byte	48
 695 029a 3F       		.byte	63
 696 029b 01       		.byte	1
 697 029c 43       		.byte	67
 698 029d 20       		.byte	32
 699 029e 45       		.byte	69
 700 029f 01       		.byte	1
 701 02a0 47       		.byte	71
 702 02a1 20       		.byte	32
 703 02a2 49       		.byte	73
 704 02a3 01       		.byte	1
 705 02a4 4B       		.byte	75
 706 02a5 20       		.byte	32
 707 02a6 4D       		.byte	77
 708 02a7 11       		.byte	17
 709 02a8 4F       		.byte	79
 710 02a9 08       		.byte	8
 711 02aa 50       		.byte	80
 712 02ab 10       		.byte	16
 713 02ac 52       		.byte	82
 714 02ad 40       		.byte	64
 715 02ae 53       		.byte	83
 716 02af 10       		.byte	16
 717 02b0 55       		.byte	85
 718 02b1 04       		.byte	4
 719 02b2 56       		.byte	86
 720 02b3 20       		.byte	32
 721 02b4 59       		.byte	89
 722 02b5 01       		.byte	1
 723 02b6 5A       		.byte	90
 724 02b7 88       		.byte	-120
 725 02b8 5D       		.byte	93
 726 02b9 01       		.byte	1
 727 02ba 5E       		.byte	94
 728 02bb 90       		.byte	-112
 729 02bc 5F       		.byte	95
 730 02bd 08       		.byte	8
 731 02be 71       		.byte	113
 732 02bf 02       		.byte	2
 733 02c0 A4       		.byte	-92
 734 02c1 04       		.byte	4
 735 02c2 C0       		.byte	-64
 736 02c3 7D       		.byte	125
 737 02c4 C2       		.byte	-62
 738 02c5 C8       		.byte	-56
 739 02c6 C4       		.byte	-60
 740 02c7 C0       		.byte	-64
 741 02c8 CA       		.byte	-54
ARM GAS  C:\Users\ESTEBAN\AppData\Local\Temp\cccOHeQf.s 			page 14


 742 02c9 30       		.byte	48
 743 02ca CC       		.byte	-52
 744 02cb 34       		.byte	52
 745 02cc CE       		.byte	-50
 746 02cd E4       		.byte	-28
 747 02ce D0       		.byte	-48
 748 02cf A4       		.byte	-92
 749 02d0 D2       		.byte	-46
 750 02d1 24       		.byte	36
 751 02d2 D6       		.byte	-42
 752 02d3 FB       		.byte	-5
 753 02d4 88       		.byte	-120
 754 02d5 04       		.byte	4
 755 02d6 02       		.byte	2
 756 02d7 01       		.byte	1
 757 02d8 04       		.byte	4
 758 02d9 06       		.byte	6
 759 02da 05       		.byte	5
 760 02db E7       		.byte	-25
 761 02dc 09       		.byte	9
 762 02dd E7       		.byte	-25
 763 02de 11       		.byte	17
 764 02df 20       		.byte	32
 765 02e0 14       		.byte	20
 766 02e1 06       		.byte	6
 767 02e2 15       		.byte	21
 768 02e3 01       		.byte	1
 769 02e4 17       		.byte	23
 770 02e5 0E       		.byte	14
 771 02e6 19       		.byte	25
 772 02e7 84       		.byte	-124
 773 02e8 1A       		.byte	26
 774 02e9 01       		.byte	1
 775 02ea 1B       		.byte	27
 776 02eb 51       		.byte	81
 777 02ec 1C       		.byte	28
 778 02ed 02       		.byte	2
 779 02ee 1E       		.byte	30
 780 02ef 04       		.byte	4
 781 02f0 28       		.byte	40
 782 02f1 02       		.byte	2
 783 02f2 2A       		.byte	42
 784 02f3 04       		.byte	4
 785 02f4 2D       		.byte	45
 786 02f5 42       		.byte	66
 787 02f6 2F       		.byte	47
 788 02f7 91       		.byte	-111
 789 02f8 31       		.byte	49
 790 02f9 18       		.byte	24
 791 02fa 32       		.byte	50
 792 02fb 01       		.byte	1
 793 02fc 33       		.byte	51
 794 02fd 07       		.byte	7
 795 02fe 34       		.byte	52
 796 02ff 02       		.byte	2
 797 0300 35       		.byte	53
 798 0301 C0       		.byte	-64
ARM GAS  C:\Users\ESTEBAN\AppData\Local\Temp\cccOHeQf.s 			page 15


 799 0302 36       		.byte	54
 800 0303 04       		.byte	4
 801 0304 37       		.byte	55
 802 0305 20       		.byte	32
 803 0306 38       		.byte	56
 804 0307 80       		.byte	-128
 805 0308 3E       		.byte	62
 806 0309 14       		.byte	20
 807 030a 3F       		.byte	63
 808 030b 01       		.byte	1
 809 030c 40       		.byte	64
 810 030d 25       		.byte	37
 811 030e 41       		.byte	65
 812 030f 06       		.byte	6
 813 0310 42       		.byte	66
 814 0311 03       		.byte	3
 815 0312 44       		.byte	68
 816 0313 01       		.byte	1
 817 0314 45       		.byte	69
 818 0315 0E       		.byte	14
 819 0316 46       		.byte	70
 820 0317 0C       		.byte	12
 821 0318 48       		.byte	72
 822 0319 05       		.byte	5
 823 031a 49       		.byte	73
 824 031b FF       		.byte	-1
 825 031c 4A       		.byte	74
 826 031d FF       		.byte	-1
 827 031e 4B       		.byte	75
 828 031f FF       		.byte	-1
 829 0320 4C       		.byte	76
 830 0321 62       		.byte	98
 831 0322 4D       		.byte	77
 832 0323 A0       		.byte	-96
 833 0324 4E       		.byte	78
 834 0325 F0       		.byte	-16
 835 0326 4F       		.byte	79
 836 0327 41       		.byte	65
 837 0328 50       		.byte	80
 838 0329 0C       		.byte	12
 839 032a 54       		.byte	84
 840 032b 18       		.byte	24
 841 032c 58       		.byte	88
 842 032d 04       		.byte	4
 843 032e 59       		.byte	89
 844 032f 04       		.byte	4
 845 0330 5A       		.byte	90
 846 0331 04       		.byte	4
 847 0332 5B       		.byte	91
 848 0333 04       		.byte	4
 849 0334 5F       		.byte	95
 850 0335 01       		.byte	1
 851 0336 66       		.byte	102
 852 0337 40       		.byte	64
 853 0338 67       		.byte	103
 854 0339 02       		.byte	2
 855 033a 69       		.byte	105
ARM GAS  C:\Users\ESTEBAN\AppData\Local\Temp\cccOHeQf.s 			page 16


 856 033b 10       		.byte	16
 857 033c 6A       		.byte	106
 858 033d 30       		.byte	48
 859 033e 6B       		.byte	107
 860 033f 10       		.byte	16
 861 0340 6D       		.byte	109
 862 0341 10       		.byte	16
 863 0342 6E       		.byte	110
 864 0343 10       		.byte	16
 865 0344 6F       		.byte	111
 866 0345 12       		.byte	18
 867 0346 82       		.byte	-126
 868 0347 05       		.byte	5
 869 0348 8F       		.byte	-113
 870 0349 01       		.byte	1
 871 034a 92       		.byte	-110
 872 034b 09       		.byte	9
 873 034c 95       		.byte	-107
 874 034d 01       		.byte	1
 875 034e A6       		.byte	-90
 876 034f 04       		.byte	4
 877 0350 AE       		.byte	-82
 878 0351 02       		.byte	2
 879 0352 B0       		.byte	-80
 880 0353 01       		.byte	1
 881 0354 B2       		.byte	-78
 882 0355 08       		.byte	8
 883 0356 B4       		.byte	-76
 884 0357 04       		.byte	4
 885 0358 B6       		.byte	-74
 886 0359 02       		.byte	2
 887 035a B7       		.byte	-73
 888 035b 01       		.byte	1
 889 035c BE       		.byte	-66
 890 035d 10       		.byte	16
 891 035e C0       		.byte	-64
 892 035f 10       		.byte	16
 893 0360 C1       		.byte	-63
 894 0361 06       		.byte	6
 895 0362 C5       		.byte	-59
 896 0363 D2       		.byte	-46
 897 0364 C6       		.byte	-58
 898 0365 01       		.byte	1
 899 0366 C8       		.byte	-56
 900 0367 07       		.byte	7
 901 0368 C9       		.byte	-55
 902 0369 FF       		.byte	-1
 903 036a CA       		.byte	-54
 904 036b FF       		.byte	-1
 905 036c CB       		.byte	-53
 906 036d FF       		.byte	-1
 907 036e CD       		.byte	-51
 908 036f A0       		.byte	-96
 909 0370 CF       		.byte	-49
 910 0371 04       		.byte	4
 911 0372 D0       		.byte	-48
 912 0373 18       		.byte	24
ARM GAS  C:\Users\ESTEBAN\AppData\Local\Temp\cccOHeQf.s 			page 17


 913 0374 D2       		.byte	-46
 914 0375 80       		.byte	-128
 915 0376 D4       		.byte	-44
 916 0377 05       		.byte	5
 917 0378 D8       		.byte	-40
 918 0379 04       		.byte	4
 919 037a D9       		.byte	-39
 920 037b 04       		.byte	4
 921 037c DA       		.byte	-38
 922 037d 04       		.byte	4
 923 037e DB       		.byte	-37
 924 037f 04       		.byte	4
 925 0380 DC       		.byte	-36
 926 0381 11       		.byte	17
 927 0382 DD       		.byte	-35
 928 0383 11       		.byte	17
 929 0384 DF       		.byte	-33
 930 0385 01       		.byte	1
 931 0386 E0       		.byte	-32
 932 0387 40       		.byte	64
 933 0388 E2       		.byte	-30
 934 0389 C0       		.byte	-64
 935 038a E4       		.byte	-28
 936 038b 40       		.byte	64
 937 038c E5       		.byte	-27
 938 038d 40       		.byte	64
 939 038e E6       		.byte	-26
 940 038f C0       		.byte	-64
 941 0390 E8       		.byte	-24
 942 0391 C0       		.byte	-64
 943 0392 EA       		.byte	-22
 944 0393 C0       		.byte	-64
 945 0394 EC       		.byte	-20
 946 0395 C0       		.byte	-64
 947 0396 EE       		.byte	-18
 948 0397 C0       		.byte	-64
 949 0398 03       		.byte	3
 950 0399 80       		.byte	-128
 951 039a 04       		.byte	4
 952 039b 01       		.byte	1
 953 039c 07       		.byte	7
 954 039d 20       		.byte	32
 955 039e 0B       		.byte	11
 956 039f 80       		.byte	-128
 957 03a0 0C       		.byte	12
 958 03a1 08       		.byte	8
 959 03a2 0D       		.byte	13
 960 03a3 80       		.byte	-128
 961 03a4 0E       		.byte	14
 962 03a5 21       		.byte	33
 963 03a6 0F       		.byte	15
 964 03a7 18       		.byte	24
 965 03a8 10       		.byte	16
 966 03a9 20       		.byte	32
 967 03aa 13       		.byte	19
 968 03ab 40       		.byte	64
 969 03ac 17       		.byte	23
ARM GAS  C:\Users\ESTEBAN\AppData\Local\Temp\cccOHeQf.s 			page 18


 970 03ad 10       		.byte	16
 971 03ae 18       		.byte	24
 972 03af 80       		.byte	-128
 973 03b0 1A       		.byte	26
 974 03b1 08       		.byte	8
 975 03b2 1B       		.byte	27
 976 03b3 88       		.byte	-120
 977 03b4 1C       		.byte	28
 978 03b5 01       		.byte	1
 979 03b6 1E       		.byte	30
 980 03b7 08       		.byte	8
 981 03b8 1F       		.byte	31
 982 03b9 04       		.byte	4
 983 03ba 22       		.byte	34
 984 03bb 40       		.byte	64
 985 03bc 24       		.byte	36
 986 03bd 12       		.byte	18
 987 03be 25       		.byte	37
 988 03bf 40       		.byte	64
 989 03c0 26       		.byte	38
 990 03c1 A8       		.byte	-88
 991 03c2 27       		.byte	39
 992 03c3 48       		.byte	72
 993 03c4 2C       		.byte	44
 994 03c5 20       		.byte	32
 995 03c6 2D       		.byte	45
 996 03c7 80       		.byte	-128
 997 03c8 2F       		.byte	47
 998 03c9 10       		.byte	16
 999 03ca 33       		.byte	51
 1000 03cb 08       		.byte	8
 1001 03cc 36       		.byte	54
 1002 03cd 28       		.byte	40
 1003 03ce 37       		.byte	55
 1004 03cf 01       		.byte	1
 1005 03d0 3B       		.byte	59
 1006 03d1 80       		.byte	-128
 1007 03d2 3E       		.byte	62
 1008 03d3 14       		.byte	20
 1009 03d4 43       		.byte	67
 1010 03d5 80       		.byte	-128
 1011 03d6 44       		.byte	68
 1012 03d7 08       		.byte	8
 1013 03d8 47       		.byte	71
 1014 03d9 64       		.byte	100
 1015 03da 48       		.byte	72
 1016 03db 20       		.byte	32
 1017 03dc 49       		.byte	73
 1018 03dd 01       		.byte	1
 1019 03de 4B       		.byte	75
 1020 03df 20       		.byte	32
 1021 03e0 4C       		.byte	76
 1022 03e1 01       		.byte	1
 1023 03e2 4F       		.byte	79
 1024 03e3 18       		.byte	24
 1025 03e4 53       		.byte	83
 1026 03e5 40       		.byte	64
ARM GAS  C:\Users\ESTEBAN\AppData\Local\Temp\cccOHeQf.s 			page 19


 1027 03e6 56       		.byte	86
 1028 03e7 40       		.byte	64
 1029 03e8 59       		.byte	89
 1030 03e9 01       		.byte	1
 1031 03ea 5A       		.byte	90
 1032 03eb 88       		.byte	-120
 1033 03ec 5E       		.byte	94
 1034 03ed 02       		.byte	2
 1035 03ee 67       		.byte	103
 1036 03ef 0A       		.byte	10
 1037 03f0 73       		.byte	115
 1038 03f1 40       		.byte	64
 1039 03f2 92       		.byte	-110
 1040 03f3 14       		.byte	20
 1041 03f4 96       		.byte	-106
 1042 03f5 01       		.byte	1
 1043 03f6 99       		.byte	-103
 1044 03f7 04       		.byte	4
 1045 03f8 9A       		.byte	-102
 1046 03f9 0A       		.byte	10
 1047 03fa 9B       		.byte	-101
 1048 03fb 15       		.byte	21
 1049 03fc 9C       		.byte	-100
 1050 03fd 08       		.byte	8
 1051 03fe A4       		.byte	-92
 1052 03ff 08       		.byte	8
 1053 0400 A5       		.byte	-91
 1054 0401 40       		.byte	64
 1055 0402 A6       		.byte	-90
 1056 0403 04       		.byte	4
 1057 0404 A9       		.byte	-87
 1058 0405 80       		.byte	-128
 1059 0406 C0       		.byte	-64
 1060 0407 38       		.byte	56
 1061 0408 C2       		.byte	-62
 1062 0409 E8       		.byte	-24
 1063 040a C4       		.byte	-60
 1064 040b 45       		.byte	69
 1065 040c CA       		.byte	-54
 1066 040d 10       		.byte	16
 1067 040e CC       		.byte	-52
 1068 040f E2       		.byte	-30
 1069 0410 CE       		.byte	-50
 1070 0411 68       		.byte	104
 1071 0412 D0       		.byte	-48
 1072 0413 78       		.byte	120
 1073 0414 D2       		.byte	-46
 1074 0415 34       		.byte	52
 1075 0416 D6       		.byte	-42
 1076 0417 8B       		.byte	-117
 1077 0418 D8       		.byte	-40
 1078 0419 30       		.byte	48
 1079 041a E8       		.byte	-24
 1080 041b 04       		.byte	4
 1081 041c 0E       		.byte	14
 1082 041d 02       		.byte	2
 1083 041e 13       		.byte	19
ARM GAS  C:\Users\ESTEBAN\AppData\Local\Temp\cccOHeQf.s 			page 20


 1084 041f 03       		.byte	3
 1085 0420 19       		.byte	25
 1086 0421 01       		.byte	1
 1087 0422 23       		.byte	35
 1088 0423 02       		.byte	2
 1089 0424 2E       		.byte	46
 1090 0425 01       		.byte	1
 1091 0426 31       		.byte	49
 1092 0427 01       		.byte	1
 1093 0428 33       		.byte	51
 1094 0429 02       		.byte	2
 1095 042a 34       		.byte	52
 1096 042b 02       		.byte	2
 1097 042c 36       		.byte	54
 1098 042d 01       		.byte	1
 1099 042e 52       		.byte	82
 1100 042f 80       		.byte	-128
 1101 0430 58       		.byte	88
 1102 0431 04       		.byte	4
 1103 0432 59       		.byte	89
 1104 0433 04       		.byte	4
 1105 0434 5B       		.byte	91
 1106 0435 04       		.byte	4
 1107 0436 5C       		.byte	92
 1108 0437 33       		.byte	51
 1109 0438 5D       		.byte	93
 1110 0439 30       		.byte	48
 1111 043a 5F       		.byte	95
 1112 043b 01       		.byte	1
 1113 043c 81       		.byte	-127
 1114 043d 08       		.byte	8
 1115 043e 82       		.byte	-126
 1116 043f 18       		.byte	24
 1117 0440 85       		.byte	-123
 1118 0441 04       		.byte	4
 1119 0442 86       		.byte	-122
 1120 0443 18       		.byte	24
 1121 0444 89       		.byte	-119
 1122 0445 03       		.byte	3
 1123 0446 8A       		.byte	-118
 1124 0447 01       		.byte	1
 1125 0448 8C       		.byte	-116
 1126 0449 08       		.byte	8
 1127 044a 8D       		.byte	-115
 1128 044b 4C       		.byte	76
 1129 044c 8E       		.byte	-114
 1130 044d 02       		.byte	2
 1131 044e 8F       		.byte	-113
 1132 044f 23       		.byte	35
 1133 0450 91       		.byte	-111
 1134 0451 73       		.byte	115
 1135 0452 92       		.byte	-110
 1136 0453 04       		.byte	4
 1137 0454 93       		.byte	-109
 1138 0455 0C       		.byte	12
 1139 0456 94       		.byte	-108
 1140 0457 18       		.byte	24
ARM GAS  C:\Users\ESTEBAN\AppData\Local\Temp\cccOHeQf.s 			page 21


 1141 0458 95       		.byte	-107
 1142 0459 0C       		.byte	12
 1143 045a 99       		.byte	-103
 1144 045b 4F       		.byte	79
 1145 045c 9A       		.byte	-102
 1146 045d 04       		.byte	4
 1147 045e 9B       		.byte	-101
 1148 045f 10       		.byte	16
 1149 0460 9E       		.byte	-98
 1150 0461 18       		.byte	24
 1151 0462 9F       		.byte	-97
 1152 0463 33       		.byte	51
 1153 0464 A1       		.byte	-95
 1154 0465 7F       		.byte	127
 1155 0466 A2       		.byte	-94
 1156 0467 01       		.byte	1
 1157 0468 A4       		.byte	-92
 1158 0469 10       		.byte	16
 1159 046a A5       		.byte	-91
 1160 046b 02       		.byte	2
 1161 046c A8       		.byte	-88
 1162 046d 18       		.byte	24
 1163 046e AB       		.byte	-85
 1164 046f 40       		.byte	64
 1165 0470 AC       		.byte	-84
 1166 0471 18       		.byte	24
 1167 0472 AD       		.byte	-83
 1168 0473 41       		.byte	65
 1169 0474 B0       		.byte	-80
 1170 0475 01       		.byte	1
 1171 0476 B2       		.byte	-78
 1172 0477 02       		.byte	2
 1173 0478 B3       		.byte	-77
 1174 0479 0F       		.byte	15
 1175 047a B4       		.byte	-76
 1176 047b 04       		.byte	4
 1177 047c B6       		.byte	-74
 1178 047d 18       		.byte	24
 1179 047e B7       		.byte	-73
 1180 047f 7C       		.byte	124
 1181 0480 BB       		.byte	-69
 1182 0481 A8       		.byte	-88
 1183 0482 BE       		.byte	-66
 1184 0483 11       		.byte	17
 1185 0484 C0       		.byte	-64
 1186 0485 50       		.byte	80
 1187 0486 C1       		.byte	-63
 1188 0487 02       		.byte	2
 1189 0488 C5       		.byte	-59
 1190 0489 D2       		.byte	-46
 1191 048a C7       		.byte	-57
 1192 048b 10       		.byte	16
 1193 048c C8       		.byte	-56
 1194 048d 23       		.byte	35
 1195 048e C9       		.byte	-55
 1196 048f FF       		.byte	-1
 1197 0490 CA       		.byte	-54
ARM GAS  C:\Users\ESTEBAN\AppData\Local\Temp\cccOHeQf.s 			page 22


 1198 0491 FF       		.byte	-1
 1199 0492 CB       		.byte	-53
 1200 0493 FF       		.byte	-1
 1201 0494 CD       		.byte	-51
 1202 0495 A0       		.byte	-96
 1203 0496 CF       		.byte	-49
 1204 0497 04       		.byte	4
 1205 0498 D0       		.byte	-48
 1206 0499 18       		.byte	24
 1207 049a D4       		.byte	-44
 1208 049b 05       		.byte	5
 1209 049c D8       		.byte	-40
 1210 049d 04       		.byte	4
 1211 049e D9       		.byte	-39
 1212 049f 04       		.byte	4
 1213 04a0 DA       		.byte	-38
 1214 04a1 04       		.byte	4
 1215 04a2 DB       		.byte	-37
 1216 04a3 04       		.byte	4
 1217 04a4 DD       		.byte	-35
 1218 04a5 33       		.byte	51
 1219 04a6 DF       		.byte	-33
 1220 04a7 01       		.byte	1
 1221 04a8 E0       		.byte	-32
 1222 04a9 40       		.byte	64
 1223 04aa E2       		.byte	-30
 1224 04ab C0       		.byte	-64
 1225 04ac E4       		.byte	-28
 1226 04ad 40       		.byte	64
 1227 04ae E5       		.byte	-27
 1228 04af 40       		.byte	64
 1229 04b0 E6       		.byte	-26
 1230 04b1 C0       		.byte	-64
 1231 04b2 E8       		.byte	-24
 1232 04b3 C0       		.byte	-64
 1233 04b4 EA       		.byte	-22
 1234 04b5 C0       		.byte	-64
 1235 04b6 EC       		.byte	-20
 1236 04b7 C0       		.byte	-64
 1237 04b8 EE       		.byte	-18
 1238 04b9 C0       		.byte	-64
 1239 04ba 03       		.byte	3
 1240 04bb 02       		.byte	2
 1241 04bc 04       		.byte	4
 1242 04bd 02       		.byte	2
 1243 04be 05       		.byte	5
 1244 04bf 80       		.byte	-128
 1245 04c0 07       		.byte	7
 1246 04c1 14       		.byte	20
 1247 04c2 0D       		.byte	13
 1248 04c3 A0       		.byte	-96
 1249 04c4 0F       		.byte	15
 1250 04c5 98       		.byte	-104
 1251 04c6 10       		.byte	16
 1252 04c7 02       		.byte	2
 1253 04c8 15       		.byte	21
 1254 04c9 04       		.byte	4
ARM GAS  C:\Users\ESTEBAN\AppData\Local\Temp\cccOHeQf.s 			page 23


 1255 04ca 16       		.byte	22
 1256 04cb 40       		.byte	64
 1257 04cc 17       		.byte	23
 1258 04cd 68       		.byte	104
 1259 04ce 1B       		.byte	27
 1260 04cf 60       		.byte	96
 1261 04d0 1E       		.byte	30
 1262 04d1 0A       		.byte	10
 1263 04d2 1F       		.byte	31
 1264 04d3 09       		.byte	9
 1265 04d4 20       		.byte	32
 1266 04d5 40       		.byte	64
 1267 04d6 22       		.byte	34
 1268 04d7 04       		.byte	4
 1269 04d8 25       		.byte	37
 1270 04d9 C0       		.byte	-64
 1271 04da 26       		.byte	38
 1272 04db 10       		.byte	16
 1273 04dc 27       		.byte	39
 1274 04dd 20       		.byte	32
 1275 04de 2B       		.byte	43
 1276 04df 40       		.byte	64
 1277 04e0 2D       		.byte	45
 1278 04e1 84       		.byte	-124
 1279 04e2 2F       		.byte	47
 1280 04e3 88       		.byte	-120
 1281 04e4 33       		.byte	51
 1282 04e5 E2       		.byte	-30
 1283 04e6 35       		.byte	53
 1284 04e7 04       		.byte	4
 1285 04e8 36       		.byte	54
 1286 04e9 80       		.byte	-128
 1287 04ea 37       		.byte	55
 1288 04eb 11       		.byte	17
 1289 04ec 3C       		.byte	60
 1290 04ed 10       		.byte	16
 1291 04ee 3D       		.byte	61
 1292 04ef 80       		.byte	-128
 1293 04f0 3E       		.byte	62
 1294 04f1 0A       		.byte	10
 1295 04f2 3F       		.byte	63
 1296 04f3 10       		.byte	16
 1297 04f4 45       		.byte	69
 1298 04f5 20       		.byte	32
 1299 04f6 4D       		.byte	77
 1300 04f7 01       		.byte	1
 1301 04f8 4F       		.byte	79
 1302 04f9 88       		.byte	-120
 1303 04fa 57       		.byte	87
 1304 04fb 02       		.byte	2
 1305 04fc 5C       		.byte	92
 1306 04fd 40       		.byte	64
 1307 04fe 5D       		.byte	93
 1308 04ff 01       		.byte	1
 1309 0500 5E       		.byte	94
 1310 0501 08       		.byte	8
 1311 0502 70       		.byte	112
ARM GAS  C:\Users\ESTEBAN\AppData\Local\Temp\cccOHeQf.s 			page 24


 1312 0503 02       		.byte	2
 1313 0504 86       		.byte	-122
 1314 0505 04       		.byte	4
 1315 0506 89       		.byte	-119
 1316 0507 80       		.byte	-128
 1317 0508 8A       		.byte	-118
 1318 0509 10       		.byte	16
 1319 050a 8B       		.byte	-117
 1320 050b A1       		.byte	-95
 1321 050c 90       		.byte	-112
 1322 050d 12       		.byte	18
 1323 050e 97       		.byte	-105
 1324 050f 02       		.byte	2
 1325 0510 99       		.byte	-103
 1326 0511 04       		.byte	4
 1327 0512 9A       		.byte	-102
 1328 0513 4A       		.byte	74
 1329 0514 9B       		.byte	-101
 1330 0515 1C       		.byte	28
 1331 0516 9D       		.byte	-99
 1332 0517 80       		.byte	-128
 1333 0518 9F       		.byte	-97
 1334 0519 20       		.byte	32
 1335 051a A2       		.byte	-94
 1336 051b 80       		.byte	-128
 1337 051c A5       		.byte	-91
 1338 051d 80       		.byte	-128
 1339 051e A6       		.byte	-90
 1340 051f 11       		.byte	17
 1341 0520 B4       		.byte	-76
 1342 0521 40       		.byte	64
 1343 0522 C0       		.byte	-64
 1344 0523 F1       		.byte	-15
 1345 0524 C2       		.byte	-62
 1346 0525 F0       		.byte	-16
 1347 0526 C4       		.byte	-60
 1348 0527 F1       		.byte	-15
 1349 0528 CA       		.byte	-54
 1350 0529 F1       		.byte	-15
 1351 052a CC       		.byte	-52
 1352 052b F5       		.byte	-11
 1353 052c CE       		.byte	-50
 1354 052d F0       		.byte	-16
 1355 052e D0       		.byte	-48
 1356 052f 20       		.byte	32
 1357 0530 D2       		.byte	-46
 1358 0531 10       		.byte	16
 1359 0532 D6       		.byte	-42
 1360 0533 D0       		.byte	-48
 1361 0534 E4       		.byte	-28
 1362 0535 08       		.byte	8
 1363 0536 33       		.byte	51
 1364 0537 20       		.byte	32
 1365 0538 CC       		.byte	-52
 1366 0539 10       		.byte	16
 1367 053a A7       		.byte	-89
 1368 053b 20       		.byte	32
ARM GAS  C:\Users\ESTEBAN\AppData\Local\Temp\cccOHeQf.s 			page 25


 1369 053c A7       		.byte	-89
 1370 053d 20       		.byte	32
 1371 053e AB       		.byte	-85
 1372 053f 20       		.byte	32
 1373 0540 EE       		.byte	-18
 1374 0541 20       		.byte	32
 1375 0542 7E       		.byte	126
 1376 0543 01       		.byte	1
 1377 0544 DE       		.byte	-34
 1378 0545 04       		.byte	4
 1379 0546 8A       		.byte	-118
 1380 0547 01       		.byte	1
 1381 0548 96       		.byte	-106
 1382 0549 02       		.byte	2
 1383 054a E0       		.byte	-32
 1384 054b 04       		.byte	4
 1385 054c 1B       		.byte	27
 1386 054d 04       		.byte	4
 1387 054e C6       		.byte	-58
 1388 054f 08       		.byte	8
 1389 0550 A3       		.byte	-93
 1390 0551 10       		.byte	16
 1391 0552 AB       		.byte	-85
 1392 0553 14       		.byte	20
 1393 0554 59       		.byte	89
 1394 0555 08       		.byte	8
 1395 0556 5C       		.byte	92
 1396 0557 01       		.byte	1
 1397 0558 63       		.byte	99
 1398 0559 20       		.byte	32
 1399 055a 65       		.byte	101
 1400 055b 01       		.byte	1
 1401 055c 99       		.byte	-103
 1402 055d 01       		.byte	1
 1403 055e A3       		.byte	-93
 1404 055f 10       		.byte	16
 1405 0560 A9       		.byte	-87
 1406 0561 01       		.byte	1
 1407 0562 D6       		.byte	-42
 1408 0563 03       		.byte	3
 1409 0564 D8       		.byte	-40
 1410 0565 03       		.byte	3
 1411 0566 11       		.byte	17
 1412 0567 01       		.byte	1
 1413 0568 85       		.byte	-123
 1414 0569 08       		.byte	8
 1415 056a 89       		.byte	-119
 1416 056b 01       		.byte	1
 1417 056c 9D       		.byte	-99
 1418 056d 08       		.byte	8
 1419 056e B4       		.byte	-76
 1420 056f 01       		.byte	1
 1421 0570 C4       		.byte	-60
 1422 0571 08       		.byte	8
 1423 0572 E6       		.byte	-26
 1424 0573 01       		.byte	1
 1425 0574 EC       		.byte	-20
ARM GAS  C:\Users\ESTEBAN\AppData\Local\Temp\cccOHeQf.s 			page 26


 1426 0575 08       		.byte	8
 1427 0576 00       		.byte	0
 1428 0577 15       		.byte	21
 1429 0578 0C       		.byte	12
 1430 0579 15       		.byte	21
 1431 057a 10       		.byte	16
 1432 057b 0B       		.byte	11
 1433 057c 1C       		.byte	28
 1434 057d 0B       		.byte	11
 1435 057e 00       		.byte	0
 1436 057f 03       		.byte	3
 1437 0580 03       		.byte	3
 1438 0581 00       		.byte	0
 1439 0582 03       		.byte	3
 1440 0583 00       		.byte	0
 1441 0584 00       		.byte	0
 1442 0585 00       		.byte	0
 1443 0586 00       		.byte	0
 1444 0587 00       		.byte	0
 1445 0588 00       		.byte	0
 1446 0589 00       		.byte	0
 1447 058a 00       		.byte	0
 1448 058b 00       		.byte	0
 1449 058c 80       		.byte	-128
 1450 058d 00       		.byte	0
 1451 058e 40       		.byte	64
 1452 058f 80       		.byte	-128
 1453 0590 80       		.byte	-128
 1454 0591 00       		.byte	0
 1455 0592 80       		.byte	-128
 1456 0593 00       		.byte	0
 1457 0594 00       		.byte	0
 1458 0595 00       		.byte	0
 1459 0596 00       		.byte	0
 1460 0597 00       		.byte	0
 1461 0598 00       		.byte	0
 1462 0599 FB       		.byte	-5
 1463 059a FB       		.byte	-5
 1464 059b 00       		.byte	0
 1465 059c F0       		.byte	-16
 1466 059d 00       		.byte	0
 1467 059e 00       		.byte	0
 1468 059f 00       		.byte	0
 1469 05a0 10       		.byte	16
 1470 05a1 00       		.byte	0
 1471 05a2 10       		.byte	16
 1472 05a3 02       		.byte	2
 1473 05a4 02       		.byte	2
 1474 05a5 00       		.byte	0
 1475 05a6 00       		.byte	0
 1476 05a7 00       		.byte	0
 1477 05a8 01       		.byte	1
 1478 05a9 00       		.byte	0
 1479 05aa 00       		.byte	0
 1480 05ab 00       		.byte	0
 1481 05ac 0E       		.byte	14
 1482 05ad 00       		.byte	0
ARM GAS  C:\Users\ESTEBAN\AppData\Local\Temp\cccOHeQf.s 			page 27


 1483 05ae 18       		.byte	24
 1484 05af 01       		.byte	1
 1485              		.section	.cywolatch,"a",%progbits
 1486              		.align	2
 1487              		.type	cy_meta_wonvl, %object
 1488              		.size	cy_meta_wonvl, 4
 1489              	cy_meta_wonvl:
 1490 0000 BC       		.byte	-68
 1491 0001 90       		.byte	-112
 1492 0002 AC       		.byte	-84
 1493 0003 AF       		.byte	-81
 1494              		.section	.cycustnvl,"a",%progbits
 1495              		.align	2
 1496              		.type	cy_meta_custnvl, %object
 1497              		.size	cy_meta_custnvl, 4
 1498              	cy_meta_custnvl:
 1499 0000 00       		.byte	0
 1500 0001 00       		.byte	0
 1501 0002 40       		.byte	64
 1502 0003 05       		.byte	5
 1503              		.section	.cymeta,"a",%progbits
 1504              		.align	2
 1505              		.type	cy_metadata, %object
 1506              		.size	cy_metadata, 12
 1507              	cy_metadata:
 1508 0000 00       		.byte	0
 1509 0001 01       		.byte	1
 1510 0002 2E       		.byte	46
 1511 0003 16       		.byte	22
 1512 0004 10       		.byte	16
 1513 0005 69       		.byte	105
 1514 0006 00       		.byte	0
 1515 0007 01       		.byte	1
 1516 0008 00       		.byte	0
 1517 0009 00       		.byte	0
 1518 000a 00       		.byte	0
 1519 000b 00       		.byte	0
 1520              		.section	.cyflashprotect,"a",%progbits
 1521              		.align	2
 1522              		.type	cy_meta_flashprotect, %object
 1523              		.size	cy_meta_flashprotect, 256
 1524              	cy_meta_flashprotect:
 1525 0000 00000000 		.space	256
 1525      00000000 
 1525      00000000 
 1525      00000000 
 1525      00000000 
 1526              		.text
 1527              	.Letext0:
 1528              		.file 1 "c:\\program files (x86)\\cypress\\psoc creator\\4.2\\psoc creator\\import\\gnu\\arm\\5.4.
 1529              		.file 2 "c:\\program files (x86)\\cypress\\psoc creator\\4.2\\psoc creator\\import\\gnu\\arm\\5.4.
 1530              		.file 3 "Generated_Source\\PSoC5\\cymetadata.c"
 1531              		.section	.debug_info,"",%progbits
 1532              	.Ldebug_info0:
 1533 0000 32010000 		.4byte	0x132
 1534 0004 0400     		.2byte	0x4
 1535 0006 00000000 		.4byte	.Ldebug_abbrev0
ARM GAS  C:\Users\ESTEBAN\AppData\Local\Temp\cccOHeQf.s 			page 28


 1536 000a 04       		.byte	0x4
 1537 000b 01       		.uleb128 0x1
 1538 000c 24000000 		.4byte	.LASF17
 1539 0010 0C       		.byte	0xc
 1540 0011 C5010000 		.4byte	.LASF18
 1541 0015 5F010000 		.4byte	.LASF19
 1542 0019 00000000 		.4byte	.Ldebug_line0
 1543 001d 02       		.uleb128 0x2
 1544 001e 01       		.byte	0x1
 1545 001f 06       		.byte	0x6
 1546 0020 B9010000 		.4byte	.LASF0
 1547 0024 03       		.uleb128 0x3
 1548 0025 00000000 		.4byte	.LASF9
 1549 0029 01       		.byte	0x1
 1550 002a 1D       		.byte	0x1d
 1551 002b 2F000000 		.4byte	0x2f
 1552 002f 02       		.uleb128 0x2
 1553 0030 01       		.byte	0x1
 1554 0031 08       		.byte	0x8
 1555 0032 16000000 		.4byte	.LASF1
 1556 0036 02       		.uleb128 0x2
 1557 0037 02       		.byte	0x2
 1558 0038 05       		.byte	0x5
 1559 0039 A6010000 		.4byte	.LASF2
 1560 003d 02       		.uleb128 0x2
 1561 003e 02       		.byte	0x2
 1562 003f 07       		.byte	0x7
 1563 0040 C4000000 		.4byte	.LASF3
 1564 0044 02       		.uleb128 0x2
 1565 0045 04       		.byte	0x4
 1566 0046 05       		.byte	0x5
 1567 0047 B0010000 		.4byte	.LASF4
 1568 004b 02       		.uleb128 0x2
 1569 004c 04       		.byte	0x4
 1570 004d 07       		.byte	0x7
 1571 004e B2000000 		.4byte	.LASF5
 1572 0052 02       		.uleb128 0x2
 1573 0053 08       		.byte	0x8
 1574 0054 05       		.byte	0x5
 1575 0055 51010000 		.4byte	.LASF6
 1576 0059 02       		.uleb128 0x2
 1577 005a 08       		.byte	0x8
 1578 005b 07       		.byte	0x7
 1579 005c 06010000 		.4byte	.LASF7
 1580 0060 04       		.uleb128 0x4
 1581 0061 04       		.byte	0x4
 1582 0062 05       		.byte	0x5
 1583 0063 696E7400 		.ascii	"int\000"
 1584 0067 02       		.uleb128 0x2
 1585 0068 04       		.byte	0x4
 1586 0069 07       		.byte	0x7
 1587 006a F9000000 		.4byte	.LASF8
 1588 006e 03       		.uleb128 0x3
 1589 006f 1D010000 		.4byte	.LASF10
 1590 0073 02       		.byte	0x2
 1591 0074 18       		.byte	0x18
 1592 0075 24000000 		.4byte	0x24
ARM GAS  C:\Users\ESTEBAN\AppData\Local\Temp\cccOHeQf.s 			page 29


 1593 0079 05       		.uleb128 0x5
 1594 007a 91000000 		.4byte	0x91
 1595 007e 8A000000 		.4byte	0x8a
 1596 0082 06       		.uleb128 0x6
 1597 0083 8A000000 		.4byte	0x8a
 1598 0087 AF05     		.2byte	0x5af
 1599 0089 00       		.byte	0
 1600 008a 02       		.uleb128 0x2
 1601 008b 04       		.byte	0x4
 1602 008c 07       		.byte	0x7
 1603 008d 48010000 		.4byte	.LASF11
 1604 0091 07       		.uleb128 0x7
 1605 0092 6E000000 		.4byte	0x6e
 1606 0096 08       		.uleb128 0x8
 1607 0097 E7000000 		.4byte	.LASF12
 1608 009b 03       		.byte	0x3
 1609 009c 1F       		.byte	0x1f
 1610 009d A7000000 		.4byte	0xa7
 1611 00a1 05       		.uleb128 0x5
 1612 00a2 03       		.byte	0x3
 1613 00a3 00000000 		.4byte	cy_meta_configecc
 1614 00a7 07       		.uleb128 0x7
 1615 00a8 79000000 		.4byte	0x79
 1616 00ac 05       		.uleb128 0x5
 1617 00ad 91000000 		.4byte	0x91
 1618 00b1 BC000000 		.4byte	0xbc
 1619 00b5 09       		.uleb128 0x9
 1620 00b6 8A000000 		.4byte	0x8a
 1621 00ba 03       		.byte	0x3
 1622 00bb 00       		.byte	0
 1623 00bc 08       		.uleb128 0x8
 1624 00bd D7000000 		.4byte	.LASF13
 1625 00c1 03       		.byte	0x3
 1626 00c2 E2       		.byte	0xe2
 1627 00c3 CD000000 		.4byte	0xcd
 1628 00c7 05       		.uleb128 0x5
 1629 00c8 03       		.byte	0x3
 1630 00c9 00000000 		.4byte	cy_meta_custnvl
 1631 00cd 07       		.uleb128 0x7
 1632 00ce AC000000 		.4byte	0xac
 1633 00d2 08       		.uleb128 0x8
 1634 00d3 3A010000 		.4byte	.LASF14
 1635 00d7 03       		.byte	0x3
 1636 00d8 F0       		.byte	0xf0
 1637 00d9 E3000000 		.4byte	0xe3
 1638 00dd 05       		.uleb128 0x5
 1639 00de 03       		.byte	0x3
 1640 00df 00000000 		.4byte	cy_meta_wonvl
 1641 00e3 07       		.uleb128 0x7
 1642 00e4 AC000000 		.4byte	0xac
 1643 00e8 05       		.uleb128 0x5
 1644 00e9 91000000 		.4byte	0x91
 1645 00ed F8000000 		.4byte	0xf8
 1646 00f1 09       		.uleb128 0x9
 1647 00f2 8A000000 		.4byte	0x8a
 1648 00f6 FF       		.byte	0xff
 1649 00f7 00       		.byte	0
ARM GAS  C:\Users\ESTEBAN\AppData\Local\Temp\cccOHeQf.s 			page 30


 1650 00f8 08       		.uleb128 0x8
 1651 00f9 25010000 		.4byte	.LASF15
 1652 00fd 03       		.byte	0x3
 1653 00fe FE       		.byte	0xfe
 1654 00ff 09010000 		.4byte	0x109
 1655 0103 05       		.uleb128 0x5
 1656 0104 03       		.byte	0x3
 1657 0105 00000000 		.4byte	cy_meta_flashprotect
 1658 0109 07       		.uleb128 0x7
 1659 010a E8000000 		.4byte	0xe8
 1660 010e 05       		.uleb128 0x5
 1661 010f 91000000 		.4byte	0x91
 1662 0113 1E010000 		.4byte	0x11e
 1663 0117 09       		.uleb128 0x9
 1664 0118 8A000000 		.4byte	0x8a
 1665 011c 0B       		.byte	0xb
 1666 011d 00       		.byte	0
 1667 011e 0A       		.uleb128 0xa
 1668 011f 0A000000 		.4byte	.LASF16
 1669 0123 03       		.byte	0x3
 1670 0124 2B01     		.2byte	0x12b
 1671 0126 30010000 		.4byte	0x130
 1672 012a 05       		.uleb128 0x5
 1673 012b 03       		.byte	0x3
 1674 012c 00000000 		.4byte	cy_metadata
 1675 0130 07       		.uleb128 0x7
 1676 0131 0E010000 		.4byte	0x10e
 1677 0135 00       		.byte	0
 1678              		.section	.debug_abbrev,"",%progbits
 1679              	.Ldebug_abbrev0:
 1680 0000 01       		.uleb128 0x1
 1681 0001 11       		.uleb128 0x11
 1682 0002 01       		.byte	0x1
 1683 0003 25       		.uleb128 0x25
 1684 0004 0E       		.uleb128 0xe
 1685 0005 13       		.uleb128 0x13
 1686 0006 0B       		.uleb128 0xb
 1687 0007 03       		.uleb128 0x3
 1688 0008 0E       		.uleb128 0xe
 1689 0009 1B       		.uleb128 0x1b
 1690 000a 0E       		.uleb128 0xe
 1691 000b 10       		.uleb128 0x10
 1692 000c 17       		.uleb128 0x17
 1693 000d 00       		.byte	0
 1694 000e 00       		.byte	0
 1695 000f 02       		.uleb128 0x2
 1696 0010 24       		.uleb128 0x24
 1697 0011 00       		.byte	0
 1698 0012 0B       		.uleb128 0xb
 1699 0013 0B       		.uleb128 0xb
 1700 0014 3E       		.uleb128 0x3e
 1701 0015 0B       		.uleb128 0xb
 1702 0016 03       		.uleb128 0x3
 1703 0017 0E       		.uleb128 0xe
 1704 0018 00       		.byte	0
 1705 0019 00       		.byte	0
 1706 001a 03       		.uleb128 0x3
ARM GAS  C:\Users\ESTEBAN\AppData\Local\Temp\cccOHeQf.s 			page 31


 1707 001b 16       		.uleb128 0x16
 1708 001c 00       		.byte	0
 1709 001d 03       		.uleb128 0x3
 1710 001e 0E       		.uleb128 0xe
 1711 001f 3A       		.uleb128 0x3a
 1712 0020 0B       		.uleb128 0xb
 1713 0021 3B       		.uleb128 0x3b
 1714 0022 0B       		.uleb128 0xb
 1715 0023 49       		.uleb128 0x49
 1716 0024 13       		.uleb128 0x13
 1717 0025 00       		.byte	0
 1718 0026 00       		.byte	0
 1719 0027 04       		.uleb128 0x4
 1720 0028 24       		.uleb128 0x24
 1721 0029 00       		.byte	0
 1722 002a 0B       		.uleb128 0xb
 1723 002b 0B       		.uleb128 0xb
 1724 002c 3E       		.uleb128 0x3e
 1725 002d 0B       		.uleb128 0xb
 1726 002e 03       		.uleb128 0x3
 1727 002f 08       		.uleb128 0x8
 1728 0030 00       		.byte	0
 1729 0031 00       		.byte	0
 1730 0032 05       		.uleb128 0x5
 1731 0033 01       		.uleb128 0x1
 1732 0034 01       		.byte	0x1
 1733 0035 49       		.uleb128 0x49
 1734 0036 13       		.uleb128 0x13
 1735 0037 01       		.uleb128 0x1
 1736 0038 13       		.uleb128 0x13
 1737 0039 00       		.byte	0
 1738 003a 00       		.byte	0
 1739 003b 06       		.uleb128 0x6
 1740 003c 21       		.uleb128 0x21
 1741 003d 00       		.byte	0
 1742 003e 49       		.uleb128 0x49
 1743 003f 13       		.uleb128 0x13
 1744 0040 2F       		.uleb128 0x2f
 1745 0041 05       		.uleb128 0x5
 1746 0042 00       		.byte	0
 1747 0043 00       		.byte	0
 1748 0044 07       		.uleb128 0x7
 1749 0045 26       		.uleb128 0x26
 1750 0046 00       		.byte	0
 1751 0047 49       		.uleb128 0x49
 1752 0048 13       		.uleb128 0x13
 1753 0049 00       		.byte	0
 1754 004a 00       		.byte	0
 1755 004b 08       		.uleb128 0x8
 1756 004c 34       		.uleb128 0x34
 1757 004d 00       		.byte	0
 1758 004e 03       		.uleb128 0x3
 1759 004f 0E       		.uleb128 0xe
 1760 0050 3A       		.uleb128 0x3a
 1761 0051 0B       		.uleb128 0xb
 1762 0052 3B       		.uleb128 0x3b
 1763 0053 0B       		.uleb128 0xb
ARM GAS  C:\Users\ESTEBAN\AppData\Local\Temp\cccOHeQf.s 			page 32


 1764 0054 49       		.uleb128 0x49
 1765 0055 13       		.uleb128 0x13
 1766 0056 3F       		.uleb128 0x3f
 1767 0057 19       		.uleb128 0x19
 1768 0058 02       		.uleb128 0x2
 1769 0059 18       		.uleb128 0x18
 1770 005a 00       		.byte	0
 1771 005b 00       		.byte	0
 1772 005c 09       		.uleb128 0x9
 1773 005d 21       		.uleb128 0x21
 1774 005e 00       		.byte	0
 1775 005f 49       		.uleb128 0x49
 1776 0060 13       		.uleb128 0x13
 1777 0061 2F       		.uleb128 0x2f
 1778 0062 0B       		.uleb128 0xb
 1779 0063 00       		.byte	0
 1780 0064 00       		.byte	0
 1781 0065 0A       		.uleb128 0xa
 1782 0066 34       		.uleb128 0x34
 1783 0067 00       		.byte	0
 1784 0068 03       		.uleb128 0x3
 1785 0069 0E       		.uleb128 0xe
 1786 006a 3A       		.uleb128 0x3a
 1787 006b 0B       		.uleb128 0xb
 1788 006c 3B       		.uleb128 0x3b
 1789 006d 05       		.uleb128 0x5
 1790 006e 49       		.uleb128 0x49
 1791 006f 13       		.uleb128 0x13
 1792 0070 3F       		.uleb128 0x3f
 1793 0071 19       		.uleb128 0x19
 1794 0072 02       		.uleb128 0x2
 1795 0073 18       		.uleb128 0x18
 1796 0074 00       		.byte	0
 1797 0075 00       		.byte	0
 1798 0076 00       		.byte	0
 1799              		.section	.debug_aranges,"",%progbits
 1800 0000 14000000 		.4byte	0x14
 1801 0004 0200     		.2byte	0x2
 1802 0006 00000000 		.4byte	.Ldebug_info0
 1803 000a 04       		.byte	0x4
 1804 000b 00       		.byte	0
 1805 000c 0000     		.2byte	0
 1806 000e 0000     		.2byte	0
 1807 0010 00000000 		.4byte	0
 1808 0014 00000000 		.4byte	0
 1809              		.section	.debug_line,"",%progbits
 1810              	.Ldebug_line0:
 1811 0000 3D010000 		.section	.debug_str,"MS",%progbits,1
 1811      02003701 
 1811      00000201 
 1811      FB0E0D00 
 1811      01010101 
 1812              	.LASF9:
 1813 0000 5F5F7569 		.ascii	"__uint8_t\000"
 1813      6E74385F 
 1813      7400
 1814              	.LASF16:
ARM GAS  C:\Users\ESTEBAN\AppData\Local\Temp\cccOHeQf.s 			page 33


 1815 000a 63795F6D 		.ascii	"cy_metadata\000"
 1815      65746164 
 1815      61746100 
 1816              	.LASF1:
 1817 0016 756E7369 		.ascii	"unsigned char\000"
 1817      676E6564 
 1817      20636861 
 1817      7200
 1818              	.LASF17:
 1819 0024 474E5520 		.ascii	"GNU C11 5.4.1 20160609 (release) [ARM/embedded-5-br"
 1819      43313120 
 1819      352E342E 
 1819      31203230 
 1819      31363036 
 1820 0057 616E6368 		.ascii	"anch revision 237715] -mcpu=cortex-m3 -mthumb -g -O"
 1820      20726576 
 1820      6973696F 
 1820      6E203233 
 1820      37373135 
 1821 008a 67202D66 		.ascii	"g -ffunction-sections -ffat-lto-objects\000"
 1821      66756E63 
 1821      74696F6E 
 1821      2D736563 
 1821      74696F6E 
 1822              	.LASF5:
 1823 00b2 6C6F6E67 		.ascii	"long unsigned int\000"
 1823      20756E73 
 1823      69676E65 
 1823      6420696E 
 1823      7400
 1824              	.LASF3:
 1825 00c4 73686F72 		.ascii	"short unsigned int\000"
 1825      7420756E 
 1825      7369676E 
 1825      65642069 
 1825      6E7400
 1826              	.LASF13:
 1827 00d7 63795F6D 		.ascii	"cy_meta_custnvl\000"
 1827      6574615F 
 1827      63757374 
 1827      6E766C00 
 1828              	.LASF12:
 1829 00e7 63795F6D 		.ascii	"cy_meta_configecc\000"
 1829      6574615F 
 1829      636F6E66 
 1829      69676563 
 1829      6300
 1830              	.LASF8:
 1831 00f9 756E7369 		.ascii	"unsigned int\000"
 1831      676E6564 
 1831      20696E74 
 1831      00
 1832              	.LASF7:
 1833 0106 6C6F6E67 		.ascii	"long long unsigned int\000"
 1833      206C6F6E 
 1833      6720756E 
 1833      7369676E 
ARM GAS  C:\Users\ESTEBAN\AppData\Local\Temp\cccOHeQf.s 			page 34


 1833      65642069 
 1834              	.LASF10:
 1835 011d 75696E74 		.ascii	"uint8_t\000"
 1835      385F7400 
 1836              	.LASF15:
 1837 0125 63795F6D 		.ascii	"cy_meta_flashprotect\000"
 1837      6574615F 
 1837      666C6173 
 1837      6870726F 
 1837      74656374 
 1838              	.LASF14:
 1839 013a 63795F6D 		.ascii	"cy_meta_wonvl\000"
 1839      6574615F 
 1839      776F6E76 
 1839      6C00
 1840              	.LASF11:
 1841 0148 73697A65 		.ascii	"sizetype\000"
 1841      74797065 
 1841      00
 1842              	.LASF6:
 1843 0151 6C6F6E67 		.ascii	"long long int\000"
 1843      206C6F6E 
 1843      6720696E 
 1843      7400
 1844              	.LASF19:
 1845 015f 443A5C55 		.ascii	"D:\\Users\\ESTEBAN\\Desktop\\Materias\\Codigos\\Psc"
 1845      73657273 
 1845      5C455354 
 1845      4542414E 
 1845      5C446573 
 1846 018c 6F635C6D 		.ascii	"oc\\motores\\Design01.cydsn\000"
 1846      6F746F72 
 1846      65735C44 
 1846      65736967 
 1846      6E30312E 
 1847              	.LASF2:
 1848 01a6 73686F72 		.ascii	"short int\000"
 1848      7420696E 
 1848      7400
 1849              	.LASF4:
 1850 01b0 6C6F6E67 		.ascii	"long int\000"
 1850      20696E74 
 1850      00
 1851              	.LASF0:
 1852 01b9 7369676E 		.ascii	"signed char\000"
 1852      65642063 
 1852      68617200 
 1853              	.LASF18:
 1854 01c5 47656E65 		.ascii	"Generated_Source\\PSoC5\\cymetadata.c\000"
 1854      72617465 
 1854      645F536F 
 1854      75726365 
 1854      5C50536F 
 1855              		.ident	"GCC: (GNU Tools for ARM Embedded Processors) 5.4.1 20160609 (release) [ARM/embedded-5-bran
