
ROM used:   400/8192 (5%)
            400/8192 (5%) including unused fragments

            0.3 Average locations per line
            4.2 Average locations per statement

RAM used:   8/368 (2%) at main() level
            21/368 (6%) worst case

Stack used: 5 worst case (5 in main + 0 for interrupts)
Stack size: 8

Lines Stmts  %   Files
----- ----- ---  -----
   23    11  12  lcd_menu.c
  674     0   0  ..\..\..\..\..\Program Files (x86)\PICC\Devices\16f877a.h
  456    84  88  ..\..\..\..\..\Program Files (x86)\PICC\Drivers\lcd.c
----- -----
 1153    95 Total

Page ROM  %  RAM    Vol Diff  Functions:
---- --- --- ---    --- ----  ----------
0     20   5    1             @delay_ms1
 Inline         3    596  5.9  lcd_read_byte
0      6   2    0     59  4.2  lcd_read_nibble
0     15   4    1    179  3.3  lcd_send_nibble
0     66  16    3    460  4.7  lcd_send_byte
0     62  16    6    814  7.2  lcd_init
0     18   4    4    208  6.3  lcd_gotoxy
0     44  11    1    354  4.7  lcd_putc
0     57  14    1    284  4.0  MAIN
0      1   0    0             @const639
0     86  22    4             @PSTRINGC7_623
0      6   2    0             @const644
0     15   4    0             @const645
 Inline         0             @cinit1

Program metrics:
    Functions               8
    Statements              95
    Comments                223
    Volume (V)              4487
    Difficulty (D)          38.7
    Effort to implement (E) 173824
    Time to implement (T)   2 hours, 41 minutes
    Est Delivered Bugs (B)  1
    Cyclomatic Complexity   9
    Maintainability (MI)    145

 Segment     Used  Free
-----------  ----  ----
00000-00003     4  0  
00004-007FF   396  1648  
00800-00FFF     0  2048  
01000-017FF     0  2048  
01800-01FFF     0  2048  



