
ROM used:   101/8192 (1%)
            101/8192 (1%) including unused fragments

            0.1 Average locations per line
            9.2 Average locations per statement

RAM used:   12/368 (3%) at main() level
            12/368 (3%) worst case

Stack used: 1 worst case (0 in main + 1 for interrupts)
Stack size: 8

Lines Stmts  %   Files
----- ----- ---  -----
   32    11 100  Timer.c
  768     0   0  C:\Program Files (x86)\PICC\Devices\16F887.h
----- -----
  800    11 Total

Page ROM  %  RAM   Vol Diff  Functions:
---- --- --- ---   --- ----  ----------
0     11  11    0    43  1.8  TIMER1_isr
0     41  41    0   165  2.7  MAIN
 Inline         0             @cinit1

Program metrics:
    Functions               2
    Statements              11
    Comments                138
    Volume (V)              250
    Difficulty (D)          4.4
    Effort to implement (E) 1111
    Time to implement (T)   1 minutes
    Est Delivered Bugs (B)  0
    Cyclomatic Complexity   1
    Maintainability (MI)    133

 Segment     Used  Free
-----------  ----  ----
00000-00003     4  0  
00004-00030    45  0  
00031-007FF    52  1947  
00800-00FFF     0  2048  
01000-017FF     0  2048  
01800-01FFF     0  2048  



