ARM GAS  C:\Users\ESTEBAN\AppData\Local\Temp\cc5NWhkx.s 			page 1


   1              		.syntax unified
   2              		.cpu cortex-m3
   3              		.fpu softvfp
   4              		.eabi_attribute 20, 1
   5              		.eabi_attribute 21, 1
   6              		.eabi_attribute 23, 3
   7              		.eabi_attribute 24, 1
   8              		.eabi_attribute 25, 1
   9              		.eabi_attribute 26, 1
  10              		.eabi_attribute 30, 1
  11              		.eabi_attribute 34, 1
  12              		.eabi_attribute 18, 4
  13              		.thumb
  14              		.syntax unified
  15              		.file	"cymetadata.c"
  16              		.text
  17              	.Ltext0:
  18              		.cfi_sections	.debug_frame
  19              		.global	cy_metadata
  20              		.global	cy_meta_flashprotect
  21              		.global	cy_meta_wonvl
  22              		.global	cy_meta_custnvl
  23              		.global	cy_meta_configecc
  24              		.section	.cyconfigecc,"a",%progbits
  25              		.align	2
  26              		.type	cy_meta_configecc, %object
  27              		.size	cy_meta_configecc, 1676
  28              	cy_meta_configecc:
  29 0000 03       		.byte	3
  30 0001 64       		.byte	100
  31 0002 00       		.byte	0
  32 0003 40       		.byte	64
  33 0004 02       		.byte	2
  34 0005 65       		.byte	101
  35 0006 00       		.byte	0
  36 0007 40       		.byte	64
  37 0008 6A       		.byte	106
  38 0009 08       		.byte	8
  39 000a 01       		.byte	1
  40 000b 40       		.byte	64
  41 000c 3E       		.byte	62
  42 000d 09       		.byte	9
  43 000e 01       		.byte	1
  44 000f 40       		.byte	64
  45 0010 52       		.byte	82
  46 0011 0A       		.byte	10
  47 0012 01       		.byte	1
  48 0013 40       		.byte	64
  49 0014 36       		.byte	54
  50 0015 0B       		.byte	11
  51 0016 01       		.byte	1
  52 0017 40       		.byte	64
  53 0018 2F       		.byte	47
  54 0019 0C       		.byte	12
  55 001a 01       		.byte	1
  56 001b 40       		.byte	64
  57 001c 0C       		.byte	12
ARM GAS  C:\Users\ESTEBAN\AppData\Local\Temp\cc5NWhkx.s 			page 2


  58 001d 0D       		.byte	13
  59 001e 01       		.byte	1
  60 001f 40       		.byte	64
  61 0020 33       		.byte	51
  62 0021 0E       		.byte	14
  63 0022 01       		.byte	1
  64 0023 40       		.byte	64
  65 0024 25       		.byte	37
  66 0025 0F       		.byte	15
  67 0026 01       		.byte	1
  68 0027 40       		.byte	64
  69 0028 04       		.byte	4
  70 0029 14       		.byte	20
  71 002a 01       		.byte	1
  72 002b 40       		.byte	64
  73 002c 03       		.byte	3
  74 002d 15       		.byte	21
  75 002e 01       		.byte	1
  76 002f 40       		.byte	64
  77 0030 04       		.byte	4
  78 0031 17       		.byte	23
  79 0032 01       		.byte	1
  80 0033 40       		.byte	64
  81 0034 50       		.byte	80
  82 0035 18       		.byte	24
  83 0036 01       		.byte	1
  84 0037 40       		.byte	64
  85 0038 3F       		.byte	63
  86 0039 19       		.byte	25
  87 003a 01       		.byte	1
  88 003b 40       		.byte	64
  89 003c 2E       		.byte	46
  90 003d 1A       		.byte	26
  91 003e 01       		.byte	1
  92 003f 40       		.byte	64
  93 0040 2B       		.byte	43
  94 0041 1B       		.byte	27
  95 0042 01       		.byte	1
  96 0043 40       		.byte	64
  97 0044 02       		.byte	2
  98 0045 40       		.byte	64
  99 0046 01       		.byte	1
 100 0047 40       		.byte	64
 101 0048 01       		.byte	1
 102 0049 41       		.byte	65
 103 004a 01       		.byte	1
 104 004b 40       		.byte	64
 105 004c 01       		.byte	1
 106 004d 42       		.byte	66
 107 004e 01       		.byte	1
 108 004f 40       		.byte	64
 109 0050 01       		.byte	1
 110 0051 43       		.byte	67
 111 0052 01       		.byte	1
 112 0053 40       		.byte	64
 113 0054 02       		.byte	2
 114 0055 44       		.byte	68
ARM GAS  C:\Users\ESTEBAN\AppData\Local\Temp\cc5NWhkx.s 			page 3


 115 0056 01       		.byte	1
 116 0057 40       		.byte	64
 117 0058 03       		.byte	3
 118 0059 45       		.byte	69
 119 005a 01       		.byte	1
 120 005b 40       		.byte	64
 121 005c 04       		.byte	4
 122 005d 46       		.byte	70
 123 005e 01       		.byte	1
 124 005f 40       		.byte	64
 125 0060 02       		.byte	2
 126 0061 47       		.byte	71
 127 0062 01       		.byte	1
 128 0063 40       		.byte	64
 129 0064 05       		.byte	5
 130 0065 48       		.byte	72
 131 0066 01       		.byte	1
 132 0067 40       		.byte	64
 133 0068 01       		.byte	1
 134 0069 49       		.byte	73
 135 006a 01       		.byte	1
 136 006b 40       		.byte	64
 137 006c 05       		.byte	5
 138 006d 4C       		.byte	76
 139 006e 01       		.byte	1
 140 006f 40       		.byte	64
 141 0070 0B       		.byte	11
 142 0071 4D       		.byte	77
 143 0072 01       		.byte	1
 144 0073 40       		.byte	64
 145 0074 05       		.byte	5
 146 0075 50       		.byte	80
 147 0076 01       		.byte	1
 148 0077 40       		.byte	64
 149 0078 01       		.byte	1
 150 0079 51       		.byte	81
 151 007a 01       		.byte	1
 152 007b 40       		.byte	64
 153 007c 88       		.byte	-120
 154 007d 0F       		.byte	15
 155 007e 8A       		.byte	-118
 156 007f 67       		.byte	103
 157 0080 8E       		.byte	-114
 158 0081 67       		.byte	103
 159 0082 89       		.byte	-119
 160 0083 38       		.byte	56
 161 0084 8A       		.byte	-118
 162 0085 72       		.byte	114
 163 0086 00       		.byte	0
 164 0087 1C       		.byte	28
 165 0088 01       		.byte	1
 166 0089 03       		.byte	3
 167 008a 02       		.byte	2
 168 008b 22       		.byte	34
 169 008c 03       		.byte	3
 170 008d 04       		.byte	4
 171 008e 04       		.byte	4
ARM GAS  C:\Users\ESTEBAN\AppData\Local\Temp\cc5NWhkx.s 			page 4


 172 008f 09       		.byte	9
 173 0090 05       		.byte	5
 174 0091 10       		.byte	16
 175 0092 06       		.byte	6
 176 0093 10       		.byte	16
 177 0094 08       		.byte	8
 178 0095 14       		.byte	20
 179 0096 0B       		.byte	11
 180 0097 08       		.byte	8
 181 0098 0C       		.byte	12
 182 0099 30       		.byte	48
 183 009a 0E       		.byte	14
 184 009b 0C       		.byte	12
 185 009c 10       		.byte	16
 186 009d 2C       		.byte	44
 187 009e 11       		.byte	17
 188 009f 03       		.byte	3
 189 00a0 12       		.byte	18
 190 00a1 11       		.byte	17
 191 00a2 13       		.byte	19
 192 00a3 04       		.byte	4
 193 00a4 1A       		.byte	26
 194 00a5 03       		.byte	3
 195 00a6 1D       		.byte	29
 196 00a7 03       		.byte	3
 197 00a8 1E       		.byte	30
 198 00a9 20       		.byte	32
 199 00aa 1F       		.byte	31
 200 00ab 0C       		.byte	12
 201 00ac 21       		.byte	33
 202 00ad 0A       		.byte	10
 203 00ae 22       		.byte	34
 204 00af 20       		.byte	32
 205 00b0 23       		.byte	35
 206 00b1 04       		.byte	4
 207 00b2 2C       		.byte	44
 208 00b3 10       		.byte	16
 209 00b4 2F       		.byte	47
 210 00b5 05       		.byte	5
 211 00b6 32       		.byte	50
 212 00b7 20       		.byte	32
 213 00b8 33       		.byte	51
 214 00b9 10       		.byte	16
 215 00ba 34       		.byte	52
 216 00bb 1F       		.byte	31
 217 00bc 37       		.byte	55
 218 00bd 0F       		.byte	15
 219 00be 3B       		.byte	59
 220 00bf 80       		.byte	-128
 221 00c0 3E       		.byte	62
 222 00c1 04       		.byte	4
 223 00c2 3F       		.byte	63
 224 00c3 04       		.byte	4
 225 00c4 40       		.byte	64
 226 00c5 51       		.byte	81
 227 00c6 41       		.byte	65
 228 00c7 02       		.byte	2
ARM GAS  C:\Users\ESTEBAN\AppData\Local\Temp\cc5NWhkx.s 			page 5


 229 00c8 49       		.byte	73
 230 00c9 FF       		.byte	-1
 231 00ca 4A       		.byte	74
 232 00cb FF       		.byte	-1
 233 00cc 4B       		.byte	75
 234 00cd FF       		.byte	-1
 235 00ce 4D       		.byte	77
 236 00cf A0       		.byte	-96
 237 00d0 4F       		.byte	79
 238 00d1 01       		.byte	1
 239 00d2 50       		.byte	80
 240 00d3 18       		.byte	24
 241 00d4 54       		.byte	84
 242 00d5 01       		.byte	1
 243 00d6 58       		.byte	88
 244 00d7 04       		.byte	4
 245 00d8 59       		.byte	89
 246 00d9 04       		.byte	4
 247 00da 5A       		.byte	90
 248 00db 04       		.byte	4
 249 00dc 5B       		.byte	91
 250 00dd 04       		.byte	4
 251 00de 5C       		.byte	92
 252 00df 11       		.byte	17
 253 00e0 5D       		.byte	93
 254 00e1 13       		.byte	19
 255 00e2 5F       		.byte	95
 256 00e3 01       		.byte	1
 257 00e4 60       		.byte	96
 258 00e5 40       		.byte	64
 259 00e6 62       		.byte	98
 260 00e7 80       		.byte	-128
 261 00e8 64       		.byte	100
 262 00e9 40       		.byte	64
 263 00ea 65       		.byte	101
 264 00eb 40       		.byte	64
 265 00ec 66       		.byte	102
 266 00ed 80       		.byte	-128
 267 00ee 68       		.byte	104
 268 00ef 40       		.byte	64
 269 00f0 6A       		.byte	106
 270 00f1 50       		.byte	80
 271 00f2 6B       		.byte	107
 272 00f3 A8       		.byte	-88
 273 00f4 6C       		.byte	108
 274 00f5 40       		.byte	64
 275 00f6 6D       		.byte	109
 276 00f7 20       		.byte	32
 277 00f8 6E       		.byte	110
 278 00f9 50       		.byte	80
 279 00fa 6F       		.byte	111
 280 00fb A8       		.byte	-88
 281 00fc 80       		.byte	-128
 282 00fd 0C       		.byte	12
 283 00fe 82       		.byte	-126
 284 00ff 03       		.byte	3
 285 0100 83       		.byte	-125
ARM GAS  C:\Users\ESTEBAN\AppData\Local\Temp\cc5NWhkx.s 			page 6


 286 0101 02       		.byte	2
 287 0102 8C       		.byte	-116
 288 0103 01       		.byte	1
 289 0104 8E       		.byte	-114
 290 0105 0E       		.byte	14
 291 0106 93       		.byte	-109
 292 0107 03       		.byte	3
 293 0108 9C       		.byte	-100
 294 0109 01       		.byte	1
 295 010a 9E       		.byte	-98
 296 010b 06       		.byte	6
 297 010c 9F       		.byte	-97
 298 010d 05       		.byte	5
 299 010e A1       		.byte	-95
 300 010f 06       		.byte	6
 301 0110 A2       		.byte	-94
 302 0111 03       		.byte	3
 303 0112 A3       		.byte	-93
 304 0113 01       		.byte	1
 305 0114 AA       		.byte	-86
 306 0115 0C       		.byte	12
 307 0116 AB       		.byte	-85
 308 0117 06       		.byte	6
 309 0118 AE       		.byte	-82
 310 0119 08       		.byte	8
 311 011a AF       		.byte	-81
 312 011b 01       		.byte	1
 313 011c B0       		.byte	-80
 314 011d 0F       		.byte	15
 315 011e B1       		.byte	-79
 316 011f 07       		.byte	7
 317 0120 BA       		.byte	-70
 318 0121 82       		.byte	-126
 319 0122 BB       		.byte	-69
 320 0123 02       		.byte	2
 321 0124 C0       		.byte	-64
 322 0125 51       		.byte	81
 323 0126 C1       		.byte	-63
 324 0127 02       		.byte	2
 325 0128 C9       		.byte	-55
 326 0129 FF       		.byte	-1
 327 012a CA       		.byte	-54
 328 012b FF       		.byte	-1
 329 012c CB       		.byte	-53
 330 012d FF       		.byte	-1
 331 012e CD       		.byte	-51
 332 012f AF       		.byte	-81
 333 0130 CE       		.byte	-50
 334 0131 07       		.byte	7
 335 0132 CF       		.byte	-49
 336 0133 01       		.byte	1
 337 0134 D0       		.byte	-48
 338 0135 18       		.byte	24
 339 0136 D8       		.byte	-40
 340 0137 04       		.byte	4
 341 0138 D9       		.byte	-39
 342 0139 04       		.byte	4
ARM GAS  C:\Users\ESTEBAN\AppData\Local\Temp\cc5NWhkx.s 			page 7


 343 013a DA       		.byte	-38
 344 013b 04       		.byte	4
 345 013c DC       		.byte	-36
 346 013d 11       		.byte	17
 347 013e DD       		.byte	-35
 348 013f 03       		.byte	3
 349 0140 DF       		.byte	-33
 350 0141 01       		.byte	1
 351 0142 E0       		.byte	-32
 352 0143 40       		.byte	64
 353 0144 E2       		.byte	-30
 354 0145 80       		.byte	-128
 355 0146 E4       		.byte	-28
 356 0147 40       		.byte	64
 357 0148 E5       		.byte	-27
 358 0149 40       		.byte	64
 359 014a E6       		.byte	-26
 360 014b 80       		.byte	-128
 361 014c E8       		.byte	-24
 362 014d 40       		.byte	64
 363 014e EA       		.byte	-22
 364 014f 50       		.byte	80
 365 0150 EB       		.byte	-21
 366 0151 A8       		.byte	-88
 367 0152 EC       		.byte	-20
 368 0153 40       		.byte	64
 369 0154 ED       		.byte	-19
 370 0155 20       		.byte	32
 371 0156 EE       		.byte	-18
 372 0157 50       		.byte	80
 373 0158 EF       		.byte	-17
 374 0159 A8       		.byte	-88
 375 015a 01       		.byte	1
 376 015b 02       		.byte	2
 377 015c 02       		.byte	2
 378 015d 02       		.byte	2
 379 015e 05       		.byte	5
 380 015f 02       		.byte	2
 381 0160 06       		.byte	6
 382 0161 04       		.byte	4
 383 0162 07       		.byte	7
 384 0163 21       		.byte	33
 385 0164 09       		.byte	9
 386 0165 40       		.byte	64
 387 0166 0D       		.byte	13
 388 0167 01       		.byte	1
 389 0168 0E       		.byte	14
 390 0169 04       		.byte	4
 391 016a 0F       		.byte	15
 392 016b 02       		.byte	2
 393 016c 11       		.byte	17
 394 016d 20       		.byte	32
 395 016e 12       		.byte	18
 396 016f 41       		.byte	65
 397 0170 13       		.byte	19
 398 0171 20       		.byte	32
 399 0172 16       		.byte	22
ARM GAS  C:\Users\ESTEBAN\AppData\Local\Temp\cc5NWhkx.s 			page 8


 400 0173 C1       		.byte	-63
 401 0174 19       		.byte	25
 402 0175 02       		.byte	2
 403 0176 1A       		.byte	26
 404 0177 02       		.byte	2
 405 0178 1E       		.byte	30
 406 0179 04       		.byte	4
 407 017a 1F       		.byte	31
 408 017b 08       		.byte	8
 409 017c 21       		.byte	33
 410 017d 01       		.byte	1
 411 017e 22       		.byte	34
 412 017f 02       		.byte	2
 413 0180 25       		.byte	37
 414 0181 40       		.byte	64
 415 0182 26       		.byte	38
 416 0183 84       		.byte	-124
 417 0184 27       		.byte	39
 418 0185 01       		.byte	1
 419 0186 29       		.byte	41
 420 0187 02       		.byte	2
 421 0188 2A       		.byte	42
 422 0189 60       		.byte	96
 423 018a 2D       		.byte	45
 424 018b 02       		.byte	2
 425 018c 2E       		.byte	46
 426 018d 80       		.byte	-128
 427 018e 32       		.byte	50
 428 018f 82       		.byte	-126
 429 0190 36       		.byte	54
 430 0191 82       		.byte	-126
 431 0192 3A       		.byte	58
 432 0193 01       		.byte	1
 433 0194 3D       		.byte	61
 434 0195 24       		.byte	36
 435 0196 3E       		.byte	62
 436 0197 20       		.byte	32
 437 0198 3F       		.byte	63
 438 0199 06       		.byte	6
 439 019a 41       		.byte	65
 440 019b 80       		.byte	-128
 441 019c 42       		.byte	66
 442 019d 08       		.byte	8
 443 019e 45       		.byte	69
 444 019f 80       		.byte	-128
 445 01a0 46       		.byte	70
 446 01a1 08       		.byte	8
 447 01a2 49       		.byte	73
 448 01a3 80       		.byte	-128
 449 01a4 4D       		.byte	77
 450 01a5 80       		.byte	-128
 451 01a6 5C       		.byte	92
 452 01a7 02       		.byte	2
 453 01a8 5D       		.byte	93
 454 01a9 10       		.byte	16
 455 01aa 5E       		.byte	94
 456 01ab 08       		.byte	8
ARM GAS  C:\Users\ESTEBAN\AppData\Local\Temp\cc5NWhkx.s 			page 9


 457 01ac 5F       		.byte	95
 458 01ad 40       		.byte	64
 459 01ae 84       		.byte	-124
 460 01af 02       		.byte	2
 461 01b0 85       		.byte	-123
 462 01b1 04       		.byte	4
 463 01b2 95       		.byte	-107
 464 01b3 42       		.byte	66
 465 01b4 99       		.byte	-103
 466 01b5 80       		.byte	-128
 467 01b6 9A       		.byte	-102
 468 01b7 41       		.byte	65
 469 01b8 9D       		.byte	-99
 470 01b9 02       		.byte	2
 471 01ba 9E       		.byte	-98
 472 01bb 08       		.byte	8
 473 01bc 9F       		.byte	-97
 474 01bd 01       		.byte	1
 475 01be A1       		.byte	-95
 476 01bf 90       		.byte	-112
 477 01c0 B0       		.byte	-80
 478 01c1 40       		.byte	64
 479 01c2 B3       		.byte	-77
 480 01c3 20       		.byte	32
 481 01c4 C0       		.byte	-64
 482 01c5 F9       		.byte	-7
 483 01c6 C2       		.byte	-62
 484 01c7 D1       		.byte	-47
 485 01c8 C4       		.byte	-60
 486 01c9 9B       		.byte	-101
 487 01ca CA       		.byte	-54
 488 01cb 9D       		.byte	-99
 489 01cc CC       		.byte	-52
 490 01cd 99       		.byte	-103
 491 01ce CE       		.byte	-50
 492 01cf E1       		.byte	-31
 493 01d0 D0       		.byte	-48
 494 01d1 3C       		.byte	60
 495 01d2 D2       		.byte	-46
 496 01d3 18       		.byte	24
 497 01d4 D6       		.byte	-42
 498 01d5 F0       		.byte	-16
 499 01d6 04       		.byte	4
 500 01d7 01       		.byte	1
 501 01d8 07       		.byte	7
 502 01d9 03       		.byte	3
 503 01da 0E       		.byte	14
 504 01db 03       		.byte	3
 505 01dc 11       		.byte	17
 506 01dd 01       		.byte	1
 507 01de 12       		.byte	18
 508 01df 01       		.byte	1
 509 01e0 14       		.byte	20
 510 01e1 08       		.byte	8
 511 01e2 1E       		.byte	30
 512 01e3 0C       		.byte	12
 513 01e4 30       		.byte	48
ARM GAS  C:\Users\ESTEBAN\AppData\Local\Temp\cc5NWhkx.s 			page 10


 514 01e5 08       		.byte	8
 515 01e6 31       		.byte	49
 516 01e7 02       		.byte	2
 517 01e8 32       		.byte	50
 518 01e9 04       		.byte	4
 519 01ea 34       		.byte	52
 520 01eb 02       		.byte	2
 521 01ec 36       		.byte	54
 522 01ed 01       		.byte	1
 523 01ee 37       		.byte	55
 524 01ef 01       		.byte	1
 525 01f0 3E       		.byte	62
 526 01f1 41       		.byte	65
 527 01f2 3F       		.byte	63
 528 01f3 40       		.byte	64
 529 01f4 40       		.byte	64
 530 01f5 15       		.byte	21
 531 01f6 41       		.byte	65
 532 01f7 02       		.byte	2
 533 01f8 45       		.byte	69
 534 01f9 25       		.byte	37
 535 01fa 46       		.byte	70
 536 01fb C0       		.byte	-64
 537 01fc 47       		.byte	71
 538 01fd 0E       		.byte	14
 539 01fe 48       		.byte	72
 540 01ff 1F       		.byte	31
 541 0200 49       		.byte	73
 542 0201 FF       		.byte	-1
 543 0202 4A       		.byte	74
 544 0203 FF       		.byte	-1
 545 0204 4B       		.byte	75
 546 0205 FF       		.byte	-1
 547 0206 4D       		.byte	77
 548 0207 AF       		.byte	-81
 549 0208 4E       		.byte	78
 550 0209 07       		.byte	7
 551 020a 4F       		.byte	79
 552 020b 01       		.byte	1
 553 020c 50       		.byte	80
 554 020d 18       		.byte	24
 555 020e 52       		.byte	82
 556 020f 80       		.byte	-128
 557 0210 54       		.byte	84
 558 0211 07       		.byte	7
 559 0212 58       		.byte	88
 560 0213 04       		.byte	4
 561 0214 59       		.byte	89
 562 0215 04       		.byte	4
 563 0216 5A       		.byte	90
 564 0217 04       		.byte	4
 565 0218 5B       		.byte	91
 566 0219 04       		.byte	4
 567 021a 5C       		.byte	92
 568 021b 33       		.byte	51
 569 021c 5D       		.byte	93
 570 021d 33       		.byte	51
ARM GAS  C:\Users\ESTEBAN\AppData\Local\Temp\cc5NWhkx.s 			page 11


 571 021e 5F       		.byte	95
 572 021f 01       		.byte	1
 573 0220 60       		.byte	96
 574 0221 40       		.byte	64
 575 0222 62       		.byte	98
 576 0223 80       		.byte	-128
 577 0224 64       		.byte	100
 578 0225 40       		.byte	64
 579 0226 65       		.byte	101
 580 0227 40       		.byte	64
 581 0228 66       		.byte	102
 582 0229 80       		.byte	-128
 583 022a 68       		.byte	104
 584 022b 40       		.byte	64
 585 022c 6A       		.byte	106
 586 022d 50       		.byte	80
 587 022e 6B       		.byte	107
 588 022f A8       		.byte	-88
 589 0230 6C       		.byte	108
 590 0231 40       		.byte	64
 591 0232 6D       		.byte	109
 592 0233 20       		.byte	32
 593 0234 6E       		.byte	110
 594 0235 50       		.byte	80
 595 0236 6F       		.byte	111
 596 0237 A8       		.byte	-88
 597 0238 80       		.byte	-128
 598 0239 02       		.byte	2
 599 023a 8C       		.byte	-116
 600 023b 03       		.byte	3
 601 023c 8D       		.byte	-115
 602 023d 02       		.byte	2
 603 023e 90       		.byte	-112
 604 023f 03       		.byte	3
 605 0240 91       		.byte	-111
 606 0241 01       		.byte	1
 607 0242 A2       		.byte	-94
 608 0243 01       		.byte	1
 609 0244 A3       		.byte	-93
 610 0245 01       		.byte	1
 611 0246 AD       		.byte	-83
 612 0247 01       		.byte	1
 613 0248 B4       		.byte	-76
 614 0249 03       		.byte	3
 615 024a B5       		.byte	-75
 616 024b 03       		.byte	3
 617 024c B8       		.byte	-72
 618 024d 20       		.byte	32
 619 024e B9       		.byte	-71
 620 024f 20       		.byte	32
 621 0250 BE       		.byte	-66
 622 0251 10       		.byte	16
 623 0252 C0       		.byte	-64
 624 0253 02       		.byte	2
 625 0254 C7       		.byte	-57
 626 0255 40       		.byte	64
 627 0256 C9       		.byte	-55
ARM GAS  C:\Users\ESTEBAN\AppData\Local\Temp\cc5NWhkx.s 			page 12


 628 0257 FF       		.byte	-1
 629 0258 CA       		.byte	-54
 630 0259 07       		.byte	7
 631 025a CB       		.byte	-53
 632 025b FF       		.byte	-1
 633 025c CC       		.byte	-52
 634 025d 40       		.byte	64
 635 025e CD       		.byte	-51
 636 025f 20       		.byte	32
 637 0260 CE       		.byte	-50
 638 0261 F0       		.byte	-16
 639 0262 CF       		.byte	-49
 640 0263 05       		.byte	5
 641 0264 D0       		.byte	-48
 642 0265 08       		.byte	8
 643 0266 D8       		.byte	-40
 644 0267 04       		.byte	4
 645 0268 D9       		.byte	-39
 646 0269 04       		.byte	4
 647 026a DA       		.byte	-38
 648 026b 04       		.byte	4
 649 026c DC       		.byte	-36
 650 026d 10       		.byte	16
 651 026e DD       		.byte	-35
 652 026f 01       		.byte	1
 653 0270 DF       		.byte	-33
 654 0271 01       		.byte	1
 655 0272 E0       		.byte	-32
 656 0273 40       		.byte	64
 657 0274 E1       		.byte	-31
 658 0275 A8       		.byte	-88
 659 0276 E2       		.byte	-30
 660 0277 40       		.byte	64
 661 0278 E3       		.byte	-29
 662 0279 20       		.byte	32
 663 027a 01       		.byte	1
 664 027b 40       		.byte	64
 665 027c 03       		.byte	3
 666 027d 20       		.byte	32
 667 027e 05       		.byte	5
 668 027f 02       		.byte	2
 669 0280 07       		.byte	7
 670 0281 01       		.byte	1
 671 0282 09       		.byte	9
 672 0283 80       		.byte	-128
 673 0284 0A       		.byte	10
 674 0285 10       		.byte	16
 675 0286 0B       		.byte	11
 676 0287 40       		.byte	64
 677 0288 0D       		.byte	13
 678 0289 01       		.byte	1
 679 028a 0E       		.byte	14
 680 028b 40       		.byte	64
 681 028c 16       		.byte	22
 682 028d 40       		.byte	64
 683 028e 18       		.byte	24
 684 028f 40       		.byte	64
ARM GAS  C:\Users\ESTEBAN\AppData\Local\Temp\cc5NWhkx.s 			page 13


 685 0290 19       		.byte	25
 686 0291 80       		.byte	-128
 687 0292 1A       		.byte	26
 688 0293 10       		.byte	16
 689 0294 1B       		.byte	27
 690 0295 A0       		.byte	-96
 691 0296 1D       		.byte	29
 692 0297 20       		.byte	32
 693 0298 21       		.byte	33
 694 0299 02       		.byte	2
 695 029a 22       		.byte	34
 696 029b 40       		.byte	64
 697 029c 25       		.byte	37
 698 029d 10       		.byte	16
 699 029e 2D       		.byte	45
 700 029f 02       		.byte	2
 701 02a0 2E       		.byte	46
 702 02a1 40       		.byte	64
 703 02a2 31       		.byte	49
 704 02a3 02       		.byte	2
 705 02a4 37       		.byte	55
 706 02a5 01       		.byte	1
 707 02a6 3B       		.byte	59
 708 02a7 08       		.byte	8
 709 02a8 3F       		.byte	63
 710 02a9 80       		.byte	-128
 711 02aa 42       		.byte	66
 712 02ab 08       		.byte	8
 713 02ac 43       		.byte	67
 714 02ad 80       		.byte	-128
 715 02ae 45       		.byte	69
 716 02af 20       		.byte	32
 717 02b0 48       		.byte	72
 718 02b1 40       		.byte	64
 719 02b2 4B       		.byte	75
 720 02b3 88       		.byte	-120
 721 02b4 51       		.byte	81
 722 02b5 88       		.byte	-120
 723 02b6 52       		.byte	82
 724 02b7 20       		.byte	32
 725 02b8 53       		.byte	83
 726 02b9 40       		.byte	64
 727 02ba 56       		.byte	86
 728 02bb 41       		.byte	65
 729 02bc 57       		.byte	87
 730 02bd 40       		.byte	64
 731 02be 58       		.byte	88
 732 02bf 08       		.byte	8
 733 02c0 5A       		.byte	90
 734 02c1 80       		.byte	-128
 735 02c2 5B       		.byte	91
 736 02c3 20       		.byte	32
 737 02c4 61       		.byte	97
 738 02c5 08       		.byte	8
 739 02c6 62       		.byte	98
 740 02c7 20       		.byte	32
 741 02c8 73       		.byte	115
ARM GAS  C:\Users\ESTEBAN\AppData\Local\Temp\cc5NWhkx.s 			page 14


 742 02c9 40       		.byte	64
 743 02ca 8C       		.byte	-116
 744 02cb 48       		.byte	72
 745 02cc 9E       		.byte	-98
 746 02cd 08       		.byte	8
 747 02ce AC       		.byte	-84
 748 02cf 80       		.byte	-128
 749 02d0 C0       		.byte	-64
 750 02d1 95       		.byte	-107
 751 02d2 C2       		.byte	-62
 752 02d3 1D       		.byte	29
 753 02d4 C4       		.byte	-60
 754 02d5 10       		.byte	16
 755 02d6 CA       		.byte	-54
 756 02d7 90       		.byte	-112
 757 02d8 CC       		.byte	-52
 758 02d9 81       		.byte	-127
 759 02da CE       		.byte	-50
 760 02db 12       		.byte	18
 761 02dc D0       		.byte	-48
 762 02dd 2C       		.byte	44
 763 02de D2       		.byte	-46
 764 02df 08       		.byte	8
 765 02e0 D6       		.byte	-42
 766 02e1 0E       		.byte	14
 767 02e2 D8       		.byte	-40
 768 02e3 06       		.byte	6
 769 02e4 EE       		.byte	-18
 770 02e5 02       		.byte	2
 771 02e6 40       		.byte	64
 772 02e7 54       		.byte	84
 773 02e8 41       		.byte	65
 774 02e9 02       		.byte	2
 775 02ea 49       		.byte	73
 776 02eb FF       		.byte	-1
 777 02ec 4A       		.byte	74
 778 02ed FF       		.byte	-1
 779 02ee 4B       		.byte	75
 780 02ef FF       		.byte	-1
 781 02f0 4D       		.byte	77
 782 02f1 A0       		.byte	-96
 783 02f2 4F       		.byte	79
 784 02f3 01       		.byte	1
 785 02f4 50       		.byte	80
 786 02f5 18       		.byte	24
 787 02f6 5A       		.byte	90
 788 02f7 04       		.byte	4
 789 02f8 5D       		.byte	93
 790 02f9 02       		.byte	2
 791 02fa 5F       		.byte	95
 792 02fb 01       		.byte	1
 793 02fc 60       		.byte	96
 794 02fd 40       		.byte	64
 795 02fe 62       		.byte	98
 796 02ff 80       		.byte	-128
 797 0300 64       		.byte	100
 798 0301 40       		.byte	64
ARM GAS  C:\Users\ESTEBAN\AppData\Local\Temp\cc5NWhkx.s 			page 15


 799 0302 65       		.byte	101
 800 0303 40       		.byte	64
 801 0304 66       		.byte	102
 802 0305 80       		.byte	-128
 803 0306 68       		.byte	104
 804 0307 40       		.byte	64
 805 0308 6A       		.byte	106
 806 0309 50       		.byte	80
 807 030a 6B       		.byte	107
 808 030b A8       		.byte	-88
 809 030c 6C       		.byte	108
 810 030d 40       		.byte	64
 811 030e 6D       		.byte	109
 812 030f 20       		.byte	32
 813 0310 6E       		.byte	110
 814 0311 50       		.byte	80
 815 0312 6F       		.byte	111
 816 0313 A8       		.byte	-88
 817 0314 C0       		.byte	-64
 818 0315 14       		.byte	20
 819 0316 C1       		.byte	-63
 820 0317 02       		.byte	2
 821 0318 C9       		.byte	-55
 822 0319 FF       		.byte	-1
 823 031a CA       		.byte	-54
 824 031b FF       		.byte	-1
 825 031c CB       		.byte	-53
 826 031d FF       		.byte	-1
 827 031e CD       		.byte	-51
 828 031f AF       		.byte	-81
 829 0320 CE       		.byte	-50
 830 0321 07       		.byte	7
 831 0322 CF       		.byte	-49
 832 0323 01       		.byte	1
 833 0324 D0       		.byte	-48
 834 0325 18       		.byte	24
 835 0326 DA       		.byte	-38
 836 0327 04       		.byte	4
 837 0328 DD       		.byte	-35
 838 0329 02       		.byte	2
 839 032a DF       		.byte	-33
 840 032b 01       		.byte	1
 841 032c E0       		.byte	-32
 842 032d 40       		.byte	64
 843 032e E2       		.byte	-30
 844 032f 80       		.byte	-128
 845 0330 E4       		.byte	-28
 846 0331 40       		.byte	64
 847 0332 E5       		.byte	-27
 848 0333 40       		.byte	64
 849 0334 E6       		.byte	-26
 850 0335 80       		.byte	-128
 851 0336 E8       		.byte	-24
 852 0337 40       		.byte	64
 853 0338 EA       		.byte	-22
 854 0339 50       		.byte	80
 855 033a EB       		.byte	-21
ARM GAS  C:\Users\ESTEBAN\AppData\Local\Temp\cc5NWhkx.s 			page 16


 856 033b A8       		.byte	-88
 857 033c EC       		.byte	-20
 858 033d 40       		.byte	64
 859 033e ED       		.byte	-19
 860 033f 20       		.byte	32
 861 0340 EE       		.byte	-18
 862 0341 50       		.byte	80
 863 0342 EF       		.byte	-17
 864 0343 A8       		.byte	-88
 865 0344 41       		.byte	65
 866 0345 02       		.byte	2
 867 0346 42       		.byte	66
 868 0347 08       		.byte	8
 869 0348 43       		.byte	67
 870 0349 80       		.byte	-128
 871 034a 45       		.byte	69
 872 034b 02       		.byte	2
 873 034c 46       		.byte	70
 874 034d 48       		.byte	72
 875 034e 4F       		.byte	79
 876 034f 80       		.byte	-128
 877 0350 9A       		.byte	-102
 878 0351 40       		.byte	64
 879 0352 9C       		.byte	-100
 880 0353 80       		.byte	-128
 881 0354 9E       		.byte	-98
 882 0355 08       		.byte	8
 883 0356 A3       		.byte	-93
 884 0357 C0       		.byte	-64
 885 0358 D0       		.byte	-48
 886 0359 AD       		.byte	-83
 887 035a D2       		.byte	-46
 888 035b 10       		.byte	16
 889 035c 04       		.byte	4
 890 035d 02       		.byte	2
 891 035e 11       		.byte	17
 892 035f 01       		.byte	1
 893 0360 12       		.byte	18
 894 0361 01       		.byte	1
 895 0362 1E       		.byte	30
 896 0363 01       		.byte	1
 897 0364 1F       		.byte	31
 898 0365 04       		.byte	4
 899 0366 22       		.byte	34
 900 0367 02       		.byte	2
 901 0368 23       		.byte	35
 902 0369 03       		.byte	3
 903 036a 28       		.byte	40
 904 036b 01       		.byte	1
 905 036c 2F       		.byte	47
 906 036d 08       		.byte	8
 907 036e 31       		.byte	49
 908 036f 02       		.byte	2
 909 0370 33       		.byte	51
 910 0371 04       		.byte	4
 911 0372 34       		.byte	52
 912 0373 02       		.byte	2
ARM GAS  C:\Users\ESTEBAN\AppData\Local\Temp\cc5NWhkx.s 			page 17


 913 0374 35       		.byte	53
 914 0375 08       		.byte	8
 915 0376 36       		.byte	54
 916 0377 01       		.byte	1
 917 0378 37       		.byte	55
 918 0379 01       		.byte	1
 919 037a 3E       		.byte	62
 920 037b 50       		.byte	80
 921 037c 3F       		.byte	63
 922 037d 40       		.byte	64
 923 037e 40       		.byte	64
 924 037f 15       		.byte	21
 925 0380 41       		.byte	65
 926 0381 02       		.byte	2
 927 0382 45       		.byte	69
 928 0383 52       		.byte	82
 929 0384 46       		.byte	70
 930 0385 C0       		.byte	-64
 931 0386 47       		.byte	71
 932 0387 0E       		.byte	14
 933 0388 48       		.byte	72
 934 0389 1F       		.byte	31
 935 038a 49       		.byte	73
 936 038b FF       		.byte	-1
 937 038c 4A       		.byte	74
 938 038d FF       		.byte	-1
 939 038e 4B       		.byte	75
 940 038f FF       		.byte	-1
 941 0390 4D       		.byte	77
 942 0391 AF       		.byte	-81
 943 0392 4E       		.byte	78
 944 0393 07       		.byte	7
 945 0394 4F       		.byte	79
 946 0395 01       		.byte	1
 947 0396 50       		.byte	80
 948 0397 18       		.byte	24
 949 0398 52       		.byte	82
 950 0399 80       		.byte	-128
 951 039a 54       		.byte	84
 952 039b 07       		.byte	7
 953 039c 58       		.byte	88
 954 039d 04       		.byte	4
 955 039e 59       		.byte	89
 956 039f 04       		.byte	4
 957 03a0 5A       		.byte	90
 958 03a1 04       		.byte	4
 959 03a2 5B       		.byte	91
 960 03a3 04       		.byte	4
 961 03a4 5C       		.byte	92
 962 03a5 20       		.byte	32
 963 03a6 5D       		.byte	93
 964 03a7 22       		.byte	34
 965 03a8 5F       		.byte	95
 966 03a9 01       		.byte	1
 967 03aa 60       		.byte	96
 968 03ab 40       		.byte	64
 969 03ac 62       		.byte	98
ARM GAS  C:\Users\ESTEBAN\AppData\Local\Temp\cc5NWhkx.s 			page 18


 970 03ad 80       		.byte	-128
 971 03ae 64       		.byte	100
 972 03af 40       		.byte	64
 973 03b0 65       		.byte	101
 974 03b1 40       		.byte	64
 975 03b2 66       		.byte	102
 976 03b3 80       		.byte	-128
 977 03b4 68       		.byte	104
 978 03b5 40       		.byte	64
 979 03b6 6A       		.byte	106
 980 03b7 50       		.byte	80
 981 03b8 6B       		.byte	107
 982 03b9 A8       		.byte	-88
 983 03ba 6C       		.byte	108
 984 03bb 40       		.byte	64
 985 03bc 6D       		.byte	109
 986 03bd 20       		.byte	32
 987 03be 6E       		.byte	110
 988 03bf 50       		.byte	80
 989 03c0 6F       		.byte	111
 990 03c1 A8       		.byte	-88
 991 03c2 02       		.byte	2
 992 03c3 20       		.byte	32
 993 03c4 05       		.byte	5
 994 03c5 08       		.byte	8
 995 03c6 07       		.byte	7
 996 03c7 10       		.byte	16
 997 03c8 08       		.byte	8
 998 03c9 C0       		.byte	-64
 999 03ca 0A       		.byte	10
 1000 03cb 40       		.byte	64
 1001 03cc 12       		.byte	18
 1002 03cd 40       		.byte	64
 1003 03ce 13       		.byte	19
 1004 03cf 20       		.byte	32
 1005 03d0 1A       		.byte	26
 1006 03d1 04       		.byte	4
 1007 03d2 1B       		.byte	27
 1008 03d3 C0       		.byte	-64
 1009 03d4 21       		.byte	33
 1010 03d5 02       		.byte	2
 1011 03d6 22       		.byte	34
 1012 03d7 60       		.byte	96
 1013 03d8 23       		.byte	35
 1014 03d9 20       		.byte	32
 1015 03da 29       		.byte	41
 1016 03db 01       		.byte	1
 1017 03dc 2A       		.byte	42
 1018 03dd 40       		.byte	64
 1019 03de 30       		.byte	48
 1020 03df 40       		.byte	64
 1021 03e0 31       		.byte	49
 1022 03e1 02       		.byte	2
 1023 03e2 42       		.byte	66
 1024 03e3 08       		.byte	8
 1025 03e4 43       		.byte	67
 1026 03e5 80       		.byte	-128
ARM GAS  C:\Users\ESTEBAN\AppData\Local\Temp\cc5NWhkx.s 			page 19


 1027 03e6 49       		.byte	73
 1028 03e7 09       		.byte	9
 1029 03e8 4B       		.byte	75
 1030 03e9 80       		.byte	-128
 1031 03ea 51       		.byte	81
 1032 03eb 08       		.byte	8
 1033 03ec 52       		.byte	82
 1034 03ed 50       		.byte	80
 1035 03ee 53       		.byte	83
 1036 03ef 40       		.byte	64
 1037 03f0 5A       		.byte	90
 1038 03f1 84       		.byte	-124
 1039 03f2 5B       		.byte	91
 1040 03f3 10       		.byte	16
 1041 03f4 61       		.byte	97
 1042 03f5 08       		.byte	8
 1043 03f6 62       		.byte	98
 1044 03f7 10       		.byte	16
 1045 03f8 72       		.byte	114
 1046 03f9 40       		.byte	64
 1047 03fa C0       		.byte	-64
 1048 03fb 04       		.byte	4
 1049 03fc C2       		.byte	-62
 1050 03fd 09       		.byte	9
 1051 03fe C4       		.byte	-60
 1052 03ff 0A       		.byte	10
 1053 0400 CA       		.byte	-54
 1054 0401 09       		.byte	9
 1055 0402 CC       		.byte	-52
 1056 0403 09       		.byte	9
 1057 0404 D0       		.byte	-48
 1058 0405 0C       		.byte	12
 1059 0406 D2       		.byte	-46
 1060 0407 08       		.byte	8
 1061 0408 D6       		.byte	-42
 1062 0409 0E       		.byte	14
 1063 040a D8       		.byte	-40
 1064 040b 06       		.byte	6
 1065 040c 38       		.byte	56
 1066 040d 80       		.byte	-128
 1067 040e 3E       		.byte	62
 1068 040f 40       		.byte	64
 1069 0410 58       		.byte	88
 1070 0411 04       		.byte	4
 1071 0412 5F       		.byte	95
 1072 0413 01       		.byte	1
 1073 0414 1A       		.byte	26
 1074 0415 02       		.byte	2
 1075 0416 96       		.byte	-106
 1076 0417 02       		.byte	2
 1077 0418 EC       		.byte	-20
 1078 0419 10       		.byte	16
 1079 041a 96       		.byte	-106
 1080 041b 02       		.byte	2
 1081 041c AE       		.byte	-82
 1082 041d 01       		.byte	1
 1083 041e E6       		.byte	-26
ARM GAS  C:\Users\ESTEBAN\AppData\Local\Temp\cc5NWhkx.s 			page 20


 1084 041f 01       		.byte	1
 1085 0420 EC       		.byte	-20
 1086 0421 02       		.byte	2
 1087 0422 40       		.byte	64
 1088 0423 14       		.byte	20
 1089 0424 41       		.byte	65
 1090 0425 05       		.byte	5
 1091 0426 45       		.byte	69
 1092 0427 0E       		.byte	14
 1093 0428 47       		.byte	71
 1094 0429 CB       		.byte	-53
 1095 042a 48       		.byte	72
 1096 042b 31       		.byte	49
 1097 042c 49       		.byte	73
 1098 042d FF       		.byte	-1
 1099 042e 4A       		.byte	74
 1100 042f FF       		.byte	-1
 1101 0430 4B       		.byte	75
 1102 0431 FF       		.byte	-1
 1103 0432 4E       		.byte	78
 1104 0433 F0       		.byte	-16
 1105 0434 4F       		.byte	79
 1106 0435 44       		.byte	68
 1107 0436 50       		.byte	80
 1108 0437 0C       		.byte	12
 1109 0438 5A       		.byte	90
 1110 0439 04       		.byte	4
 1111 043a 5D       		.byte	93
 1112 043b 01       		.byte	1
 1113 043c 5F       		.byte	95
 1114 043d 01       		.byte	1
 1115 043e 66       		.byte	102
 1116 043f C0       		.byte	-64
 1117 0440 6A       		.byte	106
 1118 0441 40       		.byte	64
 1119 0442 6B       		.byte	107
 1120 0443 02       		.byte	2
 1121 0444 85       		.byte	-123
 1122 0445 44       		.byte	68
 1123 0446 86       		.byte	-122
 1124 0447 08       		.byte	8
 1125 0448 87       		.byte	-121
 1126 0449 31       		.byte	49
 1127 044a 88       		.byte	-120
 1128 044b 01       		.byte	1
 1129 044c 8B       		.byte	-117
 1130 044d 80       		.byte	-128
 1131 044e 8D       		.byte	-115
 1132 044f 01       		.byte	1
 1133 0450 8E       		.byte	-114
 1134 0451 04       		.byte	4
 1135 0452 8F       		.byte	-113
 1136 0453 0E       		.byte	14
 1137 0454 94       		.byte	-108
 1138 0455 01       		.byte	1
 1139 0456 95       		.byte	-107
 1140 0457 67       		.byte	103
ARM GAS  C:\Users\ESTEBAN\AppData\Local\Temp\cc5NWhkx.s 			page 21


 1141 0458 98       		.byte	-104
 1142 0459 02       		.byte	2
 1143 045a 99       		.byte	-103
 1144 045b 67       		.byte	103
 1145 045c 9C       		.byte	-100
 1146 045d 04       		.byte	4
 1147 045e 9F       		.byte	-97
 1148 045f 80       		.byte	-128
 1149 0460 A0       		.byte	-96
 1150 0461 01       		.byte	1
 1151 0462 A5       		.byte	-91
 1152 0463 22       		.byte	34
 1153 0464 A6       		.byte	-90
 1154 0465 04       		.byte	4
 1155 0466 A7       		.byte	-89
 1156 0467 51       		.byte	81
 1157 0468 A8       		.byte	-88
 1158 0469 04       		.byte	4
 1159 046a AE       		.byte	-82
 1160 046b 08       		.byte	8
 1161 046c B0       		.byte	-80
 1162 046d 01       		.byte	1
 1163 046e B1       		.byte	-79
 1164 046f 07       		.byte	7
 1165 0470 B2       		.byte	-78
 1166 0471 04       		.byte	4
 1167 0472 B3       		.byte	-77
 1168 0473 60       		.byte	96
 1169 0474 B4       		.byte	-76
 1170 0475 08       		.byte	8
 1171 0476 B5       		.byte	-75
 1172 0477 80       		.byte	-128
 1173 0478 B6       		.byte	-74
 1174 0479 02       		.byte	2
 1175 047a B7       		.byte	-73
 1176 047b 18       		.byte	24
 1177 047c B8       		.byte	-72
 1178 047d 08       		.byte	8
 1179 047e BE       		.byte	-66
 1180 047f 50       		.byte	80
 1181 0480 BF       		.byte	-65
 1182 0481 50       		.byte	80
 1183 0482 C0       		.byte	-64
 1184 0483 64       		.byte	100
 1185 0484 C1       		.byte	-63
 1186 0485 03       		.byte	3
 1187 0486 C2       		.byte	-62
 1188 0487 05       		.byte	5
 1189 0488 C4       		.byte	-60
 1190 0489 01       		.byte	1
 1191 048a C6       		.byte	-58
 1192 048b C0       		.byte	-64
 1193 048c C7       		.byte	-57
 1194 048d E0       		.byte	-32
 1195 048e C8       		.byte	-56
 1196 048f 28       		.byte	40
 1197 0490 C9       		.byte	-55
ARM GAS  C:\Users\ESTEBAN\AppData\Local\Temp\cc5NWhkx.s 			page 22


 1198 0491 FF       		.byte	-1
 1199 0492 CA       		.byte	-54
 1200 0493 FF       		.byte	-1
 1201 0494 CB       		.byte	-53
 1202 0495 FF       		.byte	-1
 1203 0496 CC       		.byte	-52
 1204 0497 62       		.byte	98
 1205 0498 CD       		.byte	-51
 1206 0499 A0       		.byte	-96
 1207 049a CE       		.byte	-50
 1208 049b F0       		.byte	-16
 1209 049c CF       		.byte	-49
 1210 049d 41       		.byte	65
 1211 049e D0       		.byte	-48
 1212 049f 0C       		.byte	12
 1213 04a0 D4       		.byte	-44
 1214 04a1 18       		.byte	24
 1215 04a2 D6       		.byte	-42
 1216 04a3 04       		.byte	4
 1217 04a4 D8       		.byte	-40
 1218 04a5 04       		.byte	4
 1219 04a6 D9       		.byte	-39
 1220 04a7 04       		.byte	4
 1221 04a8 DA       		.byte	-38
 1222 04a9 04       		.byte	4
 1223 04aa DB       		.byte	-37
 1224 04ab 04       		.byte	4
 1225 04ac DC       		.byte	-36
 1226 04ad 11       		.byte	17
 1227 04ae DD       		.byte	-35
 1228 04af 11       		.byte	17
 1229 04b0 DF       		.byte	-33
 1230 04b1 01       		.byte	1
 1231 04b2 E6       		.byte	-26
 1232 04b3 40       		.byte	64
 1233 04b4 E7       		.byte	-25
 1234 04b5 02       		.byte	2
 1235 04b6 E9       		.byte	-23
 1236 04b7 10       		.byte	16
 1237 04b8 EA       		.byte	-22
 1238 04b9 30       		.byte	48
 1239 04ba EB       		.byte	-21
 1240 04bb 10       		.byte	16
 1241 04bc ED       		.byte	-19
 1242 04bd 10       		.byte	16
 1243 04be EE       		.byte	-18
 1244 04bf 10       		.byte	16
 1245 04c0 EF       		.byte	-17
 1246 04c1 12       		.byte	18
 1247 04c2 01       		.byte	1
 1248 04c3 88       		.byte	-120
 1249 04c4 03       		.byte	3
 1250 04c5 04       		.byte	4
 1251 04c6 0A       		.byte	10
 1252 04c7 26       		.byte	38
 1253 04c8 10       		.byte	16
 1254 04c9 0A       		.byte	10
ARM GAS  C:\Users\ESTEBAN\AppData\Local\Temp\cc5NWhkx.s 			page 23


 1255 04ca 13       		.byte	19
 1256 04cb 0A       		.byte	10
 1257 04cc 18       		.byte	24
 1258 04cd 04       		.byte	4
 1259 04ce 19       		.byte	25
 1260 04cf 0A       		.byte	10
 1261 04d0 1B       		.byte	27
 1262 04d1 82       		.byte	-126
 1263 04d2 20       		.byte	32
 1264 04d3 41       		.byte	65
 1265 04d4 21       		.byte	33
 1266 04d5 04       		.byte	4
 1267 04d6 22       		.byte	34
 1268 04d7 20       		.byte	32
 1269 04d8 23       		.byte	35
 1270 04d9 40       		.byte	64
 1271 04da 28       		.byte	40
 1272 04db 20       		.byte	32
 1273 04dc 30       		.byte	48
 1274 04dd 20       		.byte	32
 1275 04de 31       		.byte	49
 1276 04df 40       		.byte	64
 1277 04e0 32       		.byte	50
 1278 04e1 50       		.byte	80
 1279 04e2 33       		.byte	51
 1280 04e3 04       		.byte	4
 1281 04e4 38       		.byte	56
 1282 04e5 60       		.byte	96
 1283 04e6 39       		.byte	57
 1284 04e7 08       		.byte	8
 1285 04e8 3B       		.byte	59
 1286 04e9 08       		.byte	8
 1287 04ea 40       		.byte	64
 1288 04eb 01       		.byte	1
 1289 04ec 43       		.byte	67
 1290 04ed 0A       		.byte	10
 1291 04ee 45       		.byte	69
 1292 04ef 40       		.byte	64
 1293 04f0 46       		.byte	70
 1294 04f1 40       		.byte	64
 1295 04f2 48       		.byte	72
 1296 04f3 08       		.byte	8
 1297 04f4 49       		.byte	73
 1298 04f5 50       		.byte	80
 1299 04f6 4E       		.byte	78
 1300 04f7 02       		.byte	2
 1301 04f8 4F       		.byte	79
 1302 04f9 04       		.byte	4
 1303 04fa 50       		.byte	80
 1304 04fb 12       		.byte	18
 1305 04fc 56       		.byte	86
 1306 04fd 04       		.byte	4
 1307 04fe 57       		.byte	87
 1308 04ff 01       		.byte	1
 1309 0500 59       		.byte	89
 1310 0501 01       		.byte	1
 1311 0502 60       		.byte	96
ARM GAS  C:\Users\ESTEBAN\AppData\Local\Temp\cc5NWhkx.s 			page 24


 1312 0503 84       		.byte	-124
 1313 0504 61       		.byte	97
 1314 0505 80       		.byte	-128
 1315 0506 80       		.byte	-128
 1316 0507 80       		.byte	-128
 1317 0508 81       		.byte	-127
 1318 0509 40       		.byte	64
 1319 050a 8A       		.byte	-118
 1320 050b 01       		.byte	1
 1321 050c 8B       		.byte	-117
 1322 050d 08       		.byte	8
 1323 050e 8D       		.byte	-115
 1324 050f 80       		.byte	-128
 1325 0510 8E       		.byte	-114
 1326 0511 20       		.byte	32
 1327 0512 92       		.byte	-110
 1328 0513 06       		.byte	6
 1329 0514 95       		.byte	-107
 1330 0515 40       		.byte	64
 1331 0516 97       		.byte	-105
 1332 0517 04       		.byte	4
 1333 0518 9A       		.byte	-102
 1334 0519 40       		.byte	64
 1335 051a 9E       		.byte	-98
 1336 051b 04       		.byte	4
 1337 051c A1       		.byte	-95
 1338 051d 40       		.byte	64
 1339 051e A2       		.byte	-94
 1340 051f 02       		.byte	2
 1341 0520 A7       		.byte	-89
 1342 0521 01       		.byte	1
 1343 0522 AE       		.byte	-82
 1344 0523 08       		.byte	8
 1345 0524 B1       		.byte	-79
 1346 0525 10       		.byte	16
 1347 0526 B3       		.byte	-77
 1348 0527 49       		.byte	73
 1349 0528 C0       		.byte	-64
 1350 0529 07       		.byte	7
 1351 052a C2       		.byte	-62
 1352 052b 07       		.byte	7
 1353 052c C4       		.byte	-60
 1354 052d 0F       		.byte	15
 1355 052e CA       		.byte	-54
 1356 052f 02       		.byte	2
 1357 0530 CC       		.byte	-52
 1358 0531 0E       		.byte	14
 1359 0532 CE       		.byte	-50
 1360 0533 0E       		.byte	14
 1361 0534 D0       		.byte	-48
 1362 0535 9B       		.byte	-101
 1363 0536 D2       		.byte	-46
 1364 0537 1C       		.byte	28
 1365 0538 D6       		.byte	-42
 1366 0539 01       		.byte	1
 1367 053a D8       		.byte	-40
 1368 053b 0D       		.byte	13
ARM GAS  C:\Users\ESTEBAN\AppData\Local\Temp\cc5NWhkx.s 			page 25


 1369 053c E6       		.byte	-26
 1370 053d 04       		.byte	4
 1371 053e EC       		.byte	-20
 1372 053f 02       		.byte	2
 1373 0540 02       		.byte	2
 1374 0541 E3       		.byte	-29
 1375 0542 04       		.byte	4
 1376 0543 0C       		.byte	12
 1377 0544 05       		.byte	5
 1378 0545 18       		.byte	24
 1379 0546 06       		.byte	6
 1380 0547 E3       		.byte	-29
 1381 0548 09       		.byte	9
 1382 0549 08       		.byte	8
 1383 054a 0C       		.byte	12
 1384 054b 0F       		.byte	15
 1385 054c 0D       		.byte	13
 1386 054d 04       		.byte	4
 1387 054e 0E       		.byte	14
 1388 054f E0       		.byte	-32
 1389 0550 10       		.byte	16
 1390 0551 C3       		.byte	-61
 1391 0552 11       		.byte	17
 1392 0553 7F       		.byte	127
 1393 0554 14       		.byte	20
 1394 0555 E3       		.byte	-29
 1395 0556 16       		.byte	22
 1396 0557 0C       		.byte	12
 1397 0558 17       		.byte	23
 1398 0559 04       		.byte	4
 1399 055a 18       		.byte	24
 1400 055b 82       		.byte	-126
 1401 055c 19       		.byte	25
 1402 055d 7C       		.byte	124
 1403 055e 1B       		.byte	27
 1404 055f 02       		.byte	2
 1405 0560 1C       		.byte	28
 1406 0561 EF       		.byte	-17
 1407 0562 1D       		.byte	29
 1408 0563 10       		.byte	16
 1409 0564 20       		.byte	32
 1410 0565 08       		.byte	8
 1411 0566 23       		.byte	35
 1412 0567 23       		.byte	35
 1413 0568 24       		.byte	36
 1414 0569 04       		.byte	4
 1415 056a 28       		.byte	40
 1416 056b 0C       		.byte	12
 1417 056c 29       		.byte	41
 1418 056d 67       		.byte	103
 1419 056e 2B       		.byte	43
 1420 056f 18       		.byte	24
 1421 0570 2C       		.byte	44
 1422 0571 41       		.byte	65
 1423 0572 2D       		.byte	45
 1424 0573 5C       		.byte	92
 1425 0574 2E       		.byte	46
ARM GAS  C:\Users\ESTEBAN\AppData\Local\Temp\cc5NWhkx.s 			page 26


 1426 0575 10       		.byte	16
 1427 0576 2F       		.byte	47
 1428 0577 21       		.byte	33
 1429 0578 30       		.byte	48
 1430 0579 C0       		.byte	-64
 1431 057a 32       		.byte	50
 1432 057b 10       		.byte	16
 1433 057c 33       		.byte	51
 1434 057d 40       		.byte	64
 1435 057e 34       		.byte	52
 1436 057f 0F       		.byte	15
 1437 0580 35       		.byte	53
 1438 0581 1F       		.byte	31
 1439 0582 36       		.byte	54
 1440 0583 2C       		.byte	44
 1441 0584 37       		.byte	55
 1442 0585 38       		.byte	56
 1443 0586 3A       		.byte	58
 1444 0587 A0       		.byte	-96
 1445 0588 3B       		.byte	59
 1446 0589 20       		.byte	32
 1447 058a 3F       		.byte	63
 1448 058b 04       		.byte	4
 1449 058c 56       		.byte	86
 1450 058d 02       		.byte	2
 1451 058e 57       		.byte	87
 1452 058f 12       		.byte	18
 1453 0590 58       		.byte	88
 1454 0591 04       		.byte	4
 1455 0592 59       		.byte	89
 1456 0593 04       		.byte	4
 1457 0594 5B       		.byte	91
 1458 0595 04       		.byte	4
 1459 0596 5C       		.byte	92
 1460 0597 11       		.byte	17
 1461 0598 5D       		.byte	93
 1462 0599 10       		.byte	16
 1463 059a 5F       		.byte	95
 1464 059b 01       		.byte	1
 1465 059c 00       		.byte	0
 1466 059d 08       		.byte	8
 1467 059e 01       		.byte	1
 1468 059f 82       		.byte	-126
 1469 05a0 08       		.byte	8
 1470 05a1 04       		.byte	4
 1471 05a2 0A       		.byte	10
 1472 05a3 02       		.byte	2
 1473 05a4 0B       		.byte	11
 1474 05a5 48       		.byte	72
 1475 05a6 10       		.byte	16
 1476 05a7 80       		.byte	-128
 1477 05a8 11       		.byte	17
 1478 05a9 40       		.byte	64
 1479 05aa 13       		.byte	19
 1480 05ab 14       		.byte	20
 1481 05ac 19       		.byte	25
 1482 05ad D5       		.byte	-43
ARM GAS  C:\Users\ESTEBAN\AppData\Local\Temp\cc5NWhkx.s 			page 27


 1483 05ae 20       		.byte	32
 1484 05af 08       		.byte	8
 1485 05b0 22       		.byte	34
 1486 05b1 54       		.byte	84
 1487 05b2 23       		.byte	35
 1488 05b3 08       		.byte	8
 1489 05b4 28       		.byte	40
 1490 05b5 04       		.byte	4
 1491 05b6 29       		.byte	41
 1492 05b7 52       		.byte	82
 1493 05b8 30       		.byte	48
 1494 05b9 80       		.byte	-128
 1495 05ba 31       		.byte	49
 1496 05bb 04       		.byte	4
 1497 05bc 32       		.byte	50
 1498 05bd 11       		.byte	17
 1499 05be 38       		.byte	56
 1500 05bf 28       		.byte	40
 1501 05c0 39       		.byte	57
 1502 05c1 40       		.byte	64
 1503 05c2 5A       		.byte	90
 1504 05c3 08       		.byte	8
 1505 05c4 68       		.byte	104
 1506 05c5 20       		.byte	32
 1507 05c6 6B       		.byte	107
 1508 05c7 06       		.byte	6
 1509 05c8 70       		.byte	112
 1510 05c9 94       		.byte	-108
 1511 05ca 73       		.byte	115
 1512 05cb 14       		.byte	20
 1513 05cc 8C       		.byte	-116
 1514 05cd 20       		.byte	32
 1515 05ce 8D       		.byte	-115
 1516 05cf 40       		.byte	64
 1517 05d0 92       		.byte	-110
 1518 05d1 02       		.byte	2
 1519 05d2 93       		.byte	-109
 1520 05d3 48       		.byte	72
 1521 05d4 96       		.byte	-106
 1522 05d5 80       		.byte	-128
 1523 05d6 99       		.byte	-103
 1524 05d7 02       		.byte	2
 1525 05d8 9C       		.byte	-100
 1526 05d9 20       		.byte	32
 1527 05da 9D       		.byte	-99
 1528 05db 91       		.byte	-111
 1529 05dc 9F       		.byte	-97
 1530 05dd 0E       		.byte	14
 1531 05de A4       		.byte	-92
 1532 05df 20       		.byte	32
 1533 05e0 B3       		.byte	-77
 1534 05e1 80       		.byte	-128
 1535 05e2 C0       		.byte	-64
 1536 05e3 0D       		.byte	13
 1537 05e4 C2       		.byte	-62
 1538 05e5 0F       		.byte	15
 1539 05e6 C4       		.byte	-60
ARM GAS  C:\Users\ESTEBAN\AppData\Local\Temp\cc5NWhkx.s 			page 28


 1540 05e7 0F       		.byte	15
 1541 05e8 CA       		.byte	-54
 1542 05e9 0D       		.byte	13
 1543 05ea CC       		.byte	-52
 1544 05eb 0F       		.byte	15
 1545 05ec CE       		.byte	-50
 1546 05ed 0E       		.byte	14
 1547 05ee D6       		.byte	-42
 1548 05ef 02       		.byte	2
 1549 05f0 EC       		.byte	-20
 1550 05f1 10       		.byte	16
 1551 05f2 32       		.byte	50
 1552 05f3 40       		.byte	64
 1553 05f4 CC       		.byte	-52
 1554 05f5 10       		.byte	16
 1555 05f6 96       		.byte	-106
 1556 05f7 80       		.byte	-128
 1557 05f8 96       		.byte	-106
 1558 05f9 80       		.byte	-128
 1559 05fa 96       		.byte	-106
 1560 05fb 80       		.byte	-128
 1561 05fc 7E       		.byte	126
 1562 05fd 20       		.byte	32
 1563 05fe DE       		.byte	-34
 1564 05ff 01       		.byte	1
 1565 0600 0D       		.byte	13
 1566 0601 80       		.byte	-128
 1567 0602 A6       		.byte	-90
 1568 0603 20       		.byte	32
 1569 0604 C2       		.byte	-62
 1570 0605 01       		.byte	1
 1571 0606 45       		.byte	69
 1572 0607 08       		.byte	8
 1573 0608 A6       		.byte	-90
 1574 0609 20       		.byte	32
 1575 060a AD       		.byte	-83
 1576 060b 80       		.byte	-128
 1577 060c D0       		.byte	-48
 1578 060d 01       		.byte	1
 1579 060e A5       		.byte	-91
 1580 060f 08       		.byte	8
 1581 0610 A6       		.byte	-90
 1582 0611 20       		.byte	32
 1583 0612 25       		.byte	37
 1584 0613 10       		.byte	16
 1585 0614 82       		.byte	-126
 1586 0615 40       		.byte	64
 1587 0616 96       		.byte	-106
 1588 0617 80       		.byte	-128
 1589 0618 C8       		.byte	-56
 1590 0619 20       		.byte	32
 1591 061a E6       		.byte	-26
 1592 061b 80       		.byte	-128
 1593 061c B5       		.byte	-75
 1594 061d 10       		.byte	16
 1595 061e 0B       		.byte	11
 1596 061f 02       		.byte	2
ARM GAS  C:\Users\ESTEBAN\AppData\Local\Temp\cc5NWhkx.s 			page 29


 1597 0620 83       		.byte	-125
 1598 0621 01       		.byte	1
 1599 0622 A5       		.byte	-91
 1600 0623 08       		.byte	8
 1601 0624 AE       		.byte	-82
 1602 0625 20       		.byte	32
 1603 0626 C2       		.byte	-62
 1604 0627 02       		.byte	2
 1605 0628 12       		.byte	18
 1606 0629 80       		.byte	-128
 1607 062a 75       		.byte	117
 1608 062b 02       		.byte	2
 1609 062c 8E       		.byte	-114
 1610 062d 80       		.byte	-128
 1611 062e 99       		.byte	-103
 1612 062f 02       		.byte	2
 1613 0630 B1       		.byte	-79
 1614 0631 02       		.byte	2
 1615 0632 B5       		.byte	-75
 1616 0633 08       		.byte	8
 1617 0634 C4       		.byte	-60
 1618 0635 08       		.byte	8
 1619 0636 DE       		.byte	-34
 1620 0637 04       		.byte	4
 1621 0638 E2       		.byte	-30
 1622 0639 02       		.byte	2
 1623 063a E8       		.byte	-24
 1624 063b 01       		.byte	1
 1625 063c EC       		.byte	-20
 1626 063d 08       		.byte	8
 1627 063e 00       		.byte	0
 1628 063f 0E       		.byte	14
 1629 0640 0C       		.byte	12
 1630 0641 0A       		.byte	10
 1631 0642 0E       		.byte	14
 1632 0643 04       		.byte	4
 1633 0644 10       		.byte	16
 1634 0645 02       		.byte	2
 1635 0646 1C       		.byte	28
 1636 0647 02       		.byte	2
 1637 0648 00       		.byte	0
 1638 0649 03       		.byte	3
 1639 064a 00       		.byte	0
 1640 064b 00       		.byte	0
 1641 064c 80       		.byte	-128
 1642 064d 80       		.byte	-128
 1643 064e 00       		.byte	0
 1644 064f 00       		.byte	0
 1645 0650 40       		.byte	64
 1646 0651 00       		.byte	0
 1647 0652 00       		.byte	0
 1648 0653 00       		.byte	0
 1649 0654 00       		.byte	0
 1650 0655 00       		.byte	0
 1651 0656 00       		.byte	0
 1652 0657 00       		.byte	0
 1653 0658 00       		.byte	0
ARM GAS  C:\Users\ESTEBAN\AppData\Local\Temp\cc5NWhkx.s 			page 30


 1654 0659 00       		.byte	0
 1655 065a 37       		.byte	55
 1656 065b 00       		.byte	0
 1657 065c 80       		.byte	-128
 1658 065d 00       		.byte	0
 1659 065e 40       		.byte	64
 1660 065f 80       		.byte	-128
 1661 0660 80       		.byte	-128
 1662 0661 00       		.byte	0
 1663 0662 80       		.byte	-128
 1664 0663 00       		.byte	0
 1665 0664 00       		.byte	0
 1666 0665 00       		.byte	0
 1667 0666 00       		.byte	0
 1668 0667 00       		.byte	0
 1669 0668 00       		.byte	0
 1670 0669 00       		.byte	0
 1671 066a 00       		.byte	0
 1672 066b 00       		.byte	0
 1673 066c 00       		.byte	0
 1674 066d 00       		.byte	0
 1675 066e 02       		.byte	2
 1676 066f 00       		.byte	0
 1677 0670 74       		.byte	116
 1678 0671 0B       		.byte	11
 1679 0672 0B       		.byte	11
 1680 0673 00       		.byte	0
 1681 0674 00       		.byte	0
 1682 0675 00       		.byte	0
 1683 0676 00       		.byte	0
 1684 0677 00       		.byte	0
 1685 0678 80       		.byte	-128
 1686 0679 38       		.byte	56
 1687 067a 38       		.byte	56
 1688 067b 00       		.byte	0
 1689 067c 00       		.byte	0
 1690 067d 00       		.byte	0
 1691 067e 00       		.byte	0
 1692 067f 00       		.byte	0
 1693 0680 00       		.byte	0
 1694 0681 00       		.byte	0
 1695 0682 00       		.byte	0
 1696 0683 00       		.byte	0
 1697 0684 00       		.byte	0
 1698 0685 00       		.byte	0
 1699 0686 E2       		.byte	-30
 1700 0687 00       		.byte	0
 1701 0688 25       		.byte	37
 1702 0689 00       		.byte	0
 1703 068a 18       		.byte	24
 1704 068b 01       		.byte	1
 1705              		.section	.cywolatch,"a",%progbits
 1706              		.align	2
 1707              		.type	cy_meta_wonvl, %object
 1708              		.size	cy_meta_wonvl, 4
 1709              	cy_meta_wonvl:
 1710 0000 BC       		.byte	-68
ARM GAS  C:\Users\ESTEBAN\AppData\Local\Temp\cc5NWhkx.s 			page 31


 1711 0001 90       		.byte	-112
 1712 0002 AC       		.byte	-84
 1713 0003 AF       		.byte	-81
 1714              		.section	.cycustnvl,"a",%progbits
 1715              		.align	2
 1716              		.type	cy_meta_custnvl, %object
 1717              		.size	cy_meta_custnvl, 4
 1718              	cy_meta_custnvl:
 1719 0000 00       		.byte	0
 1720 0001 00       		.byte	0
 1721 0002 40       		.byte	64
 1722 0003 05       		.byte	5
 1723              		.section	.cymeta,"a",%progbits
 1724              		.align	2
 1725              		.type	cy_metadata, %object
 1726              		.size	cy_metadata, 12
 1727              	cy_metadata:
 1728 0000 00       		.byte	0
 1729 0001 01       		.byte	1
 1730 0002 2E       		.byte	46
 1731 0003 16       		.byte	22
 1732 0004 10       		.byte	16
 1733 0005 69       		.byte	105
 1734 0006 00       		.byte	0
 1735 0007 01       		.byte	1
 1736 0008 00       		.byte	0
 1737 0009 00       		.byte	0
 1738 000a 00       		.byte	0
 1739 000b 00       		.byte	0
 1740              		.section	.cyflashprotect,"a",%progbits
 1741              		.align	2
 1742              		.type	cy_meta_flashprotect, %object
 1743              		.size	cy_meta_flashprotect, 256
 1744              	cy_meta_flashprotect:
 1745 0000 00000000 		.space	256
 1745      00000000 
 1745      00000000 
 1745      00000000 
 1745      00000000 
 1746              		.text
 1747              	.Letext0:
 1748              		.file 1 "c:\\program files (x86)\\cypress\\psoc creator\\4.2\\psoc creator\\import\\gnu\\arm\\5.4.
 1749              		.file 2 "c:\\program files (x86)\\cypress\\psoc creator\\4.2\\psoc creator\\import\\gnu\\arm\\5.4.
 1750              		.file 3 "Generated_Source\\PSoC5\\cymetadata.c"
 1751              		.section	.debug_info,"",%progbits
 1752              	.Ldebug_info0:
 1753 0000 34010000 		.4byte	0x134
 1754 0004 0400     		.2byte	0x4
 1755 0006 00000000 		.4byte	.Ldebug_abbrev0
 1756 000a 04       		.byte	0x4
 1757 000b 01       		.uleb128 0x1
 1758 000c 24000000 		.4byte	.LASF17
 1759 0010 0C       		.byte	0xc
 1760 0011 9D010000 		.4byte	.LASF18
 1761 0015 D7000000 		.4byte	.LASF19
 1762 0019 00000000 		.4byte	.Ldebug_line0
 1763 001d 02       		.uleb128 0x2
ARM GAS  C:\Users\ESTEBAN\AppData\Local\Temp\cc5NWhkx.s 			page 32


 1764 001e 01       		.byte	0x1
 1765 001f 06       		.byte	0x6
 1766 0020 91010000 		.4byte	.LASF0
 1767 0024 03       		.uleb128 0x3
 1768 0025 00000000 		.4byte	.LASF9
 1769 0029 01       		.byte	0x1
 1770 002a 1D       		.byte	0x1d
 1771 002b 2F000000 		.4byte	0x2f
 1772 002f 02       		.uleb128 0x2
 1773 0030 01       		.byte	0x1
 1774 0031 08       		.byte	0x8
 1775 0032 16000000 		.4byte	.LASF1
 1776 0036 02       		.uleb128 0x2
 1777 0037 02       		.byte	0x2
 1778 0038 05       		.byte	0x5
 1779 0039 7E010000 		.4byte	.LASF2
 1780 003d 02       		.uleb128 0x2
 1781 003e 02       		.byte	0x2
 1782 003f 07       		.byte	0x7
 1783 0040 C4000000 		.4byte	.LASF3
 1784 0044 02       		.uleb128 0x2
 1785 0045 04       		.byte	0x4
 1786 0046 05       		.byte	0x5
 1787 0047 88010000 		.4byte	.LASF4
 1788 004b 02       		.uleb128 0x2
 1789 004c 04       		.byte	0x4
 1790 004d 07       		.byte	0x7
 1791 004e B2000000 		.4byte	.LASF5
 1792 0052 02       		.uleb128 0x2
 1793 0053 08       		.byte	0x8
 1794 0054 05       		.byte	0x5
 1795 0055 70010000 		.4byte	.LASF6
 1796 0059 02       		.uleb128 0x2
 1797 005a 08       		.byte	0x8
 1798 005b 07       		.byte	0x7
 1799 005c 25010000 		.4byte	.LASF7
 1800 0060 04       		.uleb128 0x4
 1801 0061 04       		.byte	0x4
 1802 0062 05       		.byte	0x5
 1803 0063 696E7400 		.ascii	"int\000"
 1804 0067 02       		.uleb128 0x2
 1805 0068 04       		.byte	0x4
 1806 0069 07       		.byte	0x7
 1807 006a 18010000 		.4byte	.LASF8
 1808 006e 03       		.uleb128 0x3
 1809 006f 3C010000 		.4byte	.LASF10
 1810 0073 02       		.byte	0x2
 1811 0074 18       		.byte	0x18
 1812 0075 24000000 		.4byte	0x24
 1813 0079 05       		.uleb128 0x5
 1814 007a 91000000 		.4byte	0x91
 1815 007e 8A000000 		.4byte	0x8a
 1816 0082 06       		.uleb128 0x6
 1817 0083 8A000000 		.4byte	0x8a
 1818 0087 8B06     		.2byte	0x68b
 1819 0089 00       		.byte	0
 1820 008a 02       		.uleb128 0x2
ARM GAS  C:\Users\ESTEBAN\AppData\Local\Temp\cc5NWhkx.s 			page 33


 1821 008b 04       		.byte	0x4
 1822 008c 07       		.byte	0x7
 1823 008d 67010000 		.4byte	.LASF11
 1824 0091 07       		.uleb128 0x7
 1825 0092 6E000000 		.4byte	0x6e
 1826 0096 08       		.uleb128 0x8
 1827 0097 06010000 		.4byte	.LASF12
 1828 009b 03       		.byte	0x3
 1829 009c 1F       		.byte	0x1f
 1830 009d A7000000 		.4byte	0xa7
 1831 00a1 05       		.uleb128 0x5
 1832 00a2 03       		.byte	0x3
 1833 00a3 00000000 		.4byte	cy_meta_configecc
 1834 00a7 07       		.uleb128 0x7
 1835 00a8 79000000 		.4byte	0x79
 1836 00ac 05       		.uleb128 0x5
 1837 00ad 91000000 		.4byte	0x91
 1838 00b1 BC000000 		.4byte	0xbc
 1839 00b5 09       		.uleb128 0x9
 1840 00b6 8A000000 		.4byte	0x8a
 1841 00ba 03       		.byte	0x3
 1842 00bb 00       		.byte	0
 1843 00bc 08       		.uleb128 0x8
 1844 00bd F6000000 		.4byte	.LASF13
 1845 00c1 03       		.byte	0x3
 1846 00c2 FE       		.byte	0xfe
 1847 00c3 CD000000 		.4byte	0xcd
 1848 00c7 05       		.uleb128 0x5
 1849 00c8 03       		.byte	0x3
 1850 00c9 00000000 		.4byte	cy_meta_custnvl
 1851 00cd 07       		.uleb128 0x7
 1852 00ce AC000000 		.4byte	0xac
 1853 00d2 0A       		.uleb128 0xa
 1854 00d3 59010000 		.4byte	.LASF14
 1855 00d7 03       		.byte	0x3
 1856 00d8 0C01     		.2byte	0x10c
 1857 00da E4000000 		.4byte	0xe4
 1858 00de 05       		.uleb128 0x5
 1859 00df 03       		.byte	0x3
 1860 00e0 00000000 		.4byte	cy_meta_wonvl
 1861 00e4 07       		.uleb128 0x7
 1862 00e5 AC000000 		.4byte	0xac
 1863 00e9 05       		.uleb128 0x5
 1864 00ea 91000000 		.4byte	0x91
 1865 00ee F9000000 		.4byte	0xf9
 1866 00f2 09       		.uleb128 0x9
 1867 00f3 8A000000 		.4byte	0x8a
 1868 00f7 FF       		.byte	0xff
 1869 00f8 00       		.byte	0
 1870 00f9 0A       		.uleb128 0xa
 1871 00fa 44010000 		.4byte	.LASF15
 1872 00fe 03       		.byte	0x3
 1873 00ff 1A01     		.2byte	0x11a
 1874 0101 0B010000 		.4byte	0x10b
 1875 0105 05       		.uleb128 0x5
 1876 0106 03       		.byte	0x3
 1877 0107 00000000 		.4byte	cy_meta_flashprotect
ARM GAS  C:\Users\ESTEBAN\AppData\Local\Temp\cc5NWhkx.s 			page 34


 1878 010b 07       		.uleb128 0x7
 1879 010c E9000000 		.4byte	0xe9
 1880 0110 05       		.uleb128 0x5
 1881 0111 91000000 		.4byte	0x91
 1882 0115 20010000 		.4byte	0x120
 1883 0119 09       		.uleb128 0x9
 1884 011a 8A000000 		.4byte	0x8a
 1885 011e 0B       		.byte	0xb
 1886 011f 00       		.byte	0
 1887 0120 0A       		.uleb128 0xa
 1888 0121 0A000000 		.4byte	.LASF16
 1889 0125 03       		.byte	0x3
 1890 0126 4701     		.2byte	0x147
 1891 0128 32010000 		.4byte	0x132
 1892 012c 05       		.uleb128 0x5
 1893 012d 03       		.byte	0x3
 1894 012e 00000000 		.4byte	cy_metadata
 1895 0132 07       		.uleb128 0x7
 1896 0133 10010000 		.4byte	0x110
 1897 0137 00       		.byte	0
 1898              		.section	.debug_abbrev,"",%progbits
 1899              	.Ldebug_abbrev0:
 1900 0000 01       		.uleb128 0x1
 1901 0001 11       		.uleb128 0x11
 1902 0002 01       		.byte	0x1
 1903 0003 25       		.uleb128 0x25
 1904 0004 0E       		.uleb128 0xe
 1905 0005 13       		.uleb128 0x13
 1906 0006 0B       		.uleb128 0xb
 1907 0007 03       		.uleb128 0x3
 1908 0008 0E       		.uleb128 0xe
 1909 0009 1B       		.uleb128 0x1b
 1910 000a 0E       		.uleb128 0xe
 1911 000b 10       		.uleb128 0x10
 1912 000c 17       		.uleb128 0x17
 1913 000d 00       		.byte	0
 1914 000e 00       		.byte	0
 1915 000f 02       		.uleb128 0x2
 1916 0010 24       		.uleb128 0x24
 1917 0011 00       		.byte	0
 1918 0012 0B       		.uleb128 0xb
 1919 0013 0B       		.uleb128 0xb
 1920 0014 3E       		.uleb128 0x3e
 1921 0015 0B       		.uleb128 0xb
 1922 0016 03       		.uleb128 0x3
 1923 0017 0E       		.uleb128 0xe
 1924 0018 00       		.byte	0
 1925 0019 00       		.byte	0
 1926 001a 03       		.uleb128 0x3
 1927 001b 16       		.uleb128 0x16
 1928 001c 00       		.byte	0
 1929 001d 03       		.uleb128 0x3
 1930 001e 0E       		.uleb128 0xe
 1931 001f 3A       		.uleb128 0x3a
 1932 0020 0B       		.uleb128 0xb
 1933 0021 3B       		.uleb128 0x3b
 1934 0022 0B       		.uleb128 0xb
ARM GAS  C:\Users\ESTEBAN\AppData\Local\Temp\cc5NWhkx.s 			page 35


 1935 0023 49       		.uleb128 0x49
 1936 0024 13       		.uleb128 0x13
 1937 0025 00       		.byte	0
 1938 0026 00       		.byte	0
 1939 0027 04       		.uleb128 0x4
 1940 0028 24       		.uleb128 0x24
 1941 0029 00       		.byte	0
 1942 002a 0B       		.uleb128 0xb
 1943 002b 0B       		.uleb128 0xb
 1944 002c 3E       		.uleb128 0x3e
 1945 002d 0B       		.uleb128 0xb
 1946 002e 03       		.uleb128 0x3
 1947 002f 08       		.uleb128 0x8
 1948 0030 00       		.byte	0
 1949 0031 00       		.byte	0
 1950 0032 05       		.uleb128 0x5
 1951 0033 01       		.uleb128 0x1
 1952 0034 01       		.byte	0x1
 1953 0035 49       		.uleb128 0x49
 1954 0036 13       		.uleb128 0x13
 1955 0037 01       		.uleb128 0x1
 1956 0038 13       		.uleb128 0x13
 1957 0039 00       		.byte	0
 1958 003a 00       		.byte	0
 1959 003b 06       		.uleb128 0x6
 1960 003c 21       		.uleb128 0x21
 1961 003d 00       		.byte	0
 1962 003e 49       		.uleb128 0x49
 1963 003f 13       		.uleb128 0x13
 1964 0040 2F       		.uleb128 0x2f
 1965 0041 05       		.uleb128 0x5
 1966 0042 00       		.byte	0
 1967 0043 00       		.byte	0
 1968 0044 07       		.uleb128 0x7
 1969 0045 26       		.uleb128 0x26
 1970 0046 00       		.byte	0
 1971 0047 49       		.uleb128 0x49
 1972 0048 13       		.uleb128 0x13
 1973 0049 00       		.byte	0
 1974 004a 00       		.byte	0
 1975 004b 08       		.uleb128 0x8
 1976 004c 34       		.uleb128 0x34
 1977 004d 00       		.byte	0
 1978 004e 03       		.uleb128 0x3
 1979 004f 0E       		.uleb128 0xe
 1980 0050 3A       		.uleb128 0x3a
 1981 0051 0B       		.uleb128 0xb
 1982 0052 3B       		.uleb128 0x3b
 1983 0053 0B       		.uleb128 0xb
 1984 0054 49       		.uleb128 0x49
 1985 0055 13       		.uleb128 0x13
 1986 0056 3F       		.uleb128 0x3f
 1987 0057 19       		.uleb128 0x19
 1988 0058 02       		.uleb128 0x2
 1989 0059 18       		.uleb128 0x18
 1990 005a 00       		.byte	0
 1991 005b 00       		.byte	0
ARM GAS  C:\Users\ESTEBAN\AppData\Local\Temp\cc5NWhkx.s 			page 36


 1992 005c 09       		.uleb128 0x9
 1993 005d 21       		.uleb128 0x21
 1994 005e 00       		.byte	0
 1995 005f 49       		.uleb128 0x49
 1996 0060 13       		.uleb128 0x13
 1997 0061 2F       		.uleb128 0x2f
 1998 0062 0B       		.uleb128 0xb
 1999 0063 00       		.byte	0
 2000 0064 00       		.byte	0
 2001 0065 0A       		.uleb128 0xa
 2002 0066 34       		.uleb128 0x34
 2003 0067 00       		.byte	0
 2004 0068 03       		.uleb128 0x3
 2005 0069 0E       		.uleb128 0xe
 2006 006a 3A       		.uleb128 0x3a
 2007 006b 0B       		.uleb128 0xb
 2008 006c 3B       		.uleb128 0x3b
 2009 006d 05       		.uleb128 0x5
 2010 006e 49       		.uleb128 0x49
 2011 006f 13       		.uleb128 0x13
 2012 0070 3F       		.uleb128 0x3f
 2013 0071 19       		.uleb128 0x19
 2014 0072 02       		.uleb128 0x2
 2015 0073 18       		.uleb128 0x18
 2016 0074 00       		.byte	0
 2017 0075 00       		.byte	0
 2018 0076 00       		.byte	0
 2019              		.section	.debug_aranges,"",%progbits
 2020 0000 14000000 		.4byte	0x14
 2021 0004 0200     		.2byte	0x2
 2022 0006 00000000 		.4byte	.Ldebug_info0
 2023 000a 04       		.byte	0x4
 2024 000b 00       		.byte	0
 2025 000c 0000     		.2byte	0
 2026 000e 0000     		.2byte	0
 2027 0010 00000000 		.4byte	0
 2028 0014 00000000 		.4byte	0
 2029              		.section	.debug_line,"",%progbits
 2030              	.Ldebug_line0:
 2031 0000 3D010000 		.section	.debug_str,"MS",%progbits,1
 2031      02003701 
 2031      00000201 
 2031      FB0E0D00 
 2031      01010101 
 2032              	.LASF9:
 2033 0000 5F5F7569 		.ascii	"__uint8_t\000"
 2033      6E74385F 
 2033      7400
 2034              	.LASF16:
 2035 000a 63795F6D 		.ascii	"cy_metadata\000"
 2035      65746164 
 2035      61746100 
 2036              	.LASF1:
 2037 0016 756E7369 		.ascii	"unsigned char\000"
 2037      676E6564 
 2037      20636861 
 2037      7200
ARM GAS  C:\Users\ESTEBAN\AppData\Local\Temp\cc5NWhkx.s 			page 37


 2038              	.LASF17:
 2039 0024 474E5520 		.ascii	"GNU C11 5.4.1 20160609 (release) [ARM/embedded-5-br"
 2039      43313120 
 2039      352E342E 
 2039      31203230 
 2039      31363036 
 2040 0057 616E6368 		.ascii	"anch revision 237715] -mcpu=cortex-m3 -mthumb -g -O"
 2040      20726576 
 2040      6973696F 
 2040      6E203233 
 2040      37373135 
 2041 008a 67202D66 		.ascii	"g -ffunction-sections -ffat-lto-objects\000"
 2041      66756E63 
 2041      74696F6E 
 2041      2D736563 
 2041      74696F6E 
 2042              	.LASF5:
 2043 00b2 6C6F6E67 		.ascii	"long unsigned int\000"
 2043      20756E73 
 2043      69676E65 
 2043      6420696E 
 2043      7400
 2044              	.LASF3:
 2045 00c4 73686F72 		.ascii	"short unsigned int\000"
 2045      7420756E 
 2045      7369676E 
 2045      65642069 
 2045      6E7400
 2046              	.LASF19:
 2047 00d7 463A5C63 		.ascii	"F:\\copia\\LABVIEW\\labview.cydsn\000"
 2047      6F706961 
 2047      5C4C4142 
 2047      56494557 
 2047      5C6C6162 
 2048              	.LASF13:
 2049 00f6 63795F6D 		.ascii	"cy_meta_custnvl\000"
 2049      6574615F 
 2049      63757374 
 2049      6E766C00 
 2050              	.LASF12:
 2051 0106 63795F6D 		.ascii	"cy_meta_configecc\000"
 2051      6574615F 
 2051      636F6E66 
 2051      69676563 
 2051      6300
 2052              	.LASF8:
 2053 0118 756E7369 		.ascii	"unsigned int\000"
 2053      676E6564 
 2053      20696E74 
 2053      00
 2054              	.LASF7:
 2055 0125 6C6F6E67 		.ascii	"long long unsigned int\000"
 2055      206C6F6E 
 2055      6720756E 
 2055      7369676E 
 2055      65642069 
 2056              	.LASF10:
ARM GAS  C:\Users\ESTEBAN\AppData\Local\Temp\cc5NWhkx.s 			page 38


 2057 013c 75696E74 		.ascii	"uint8_t\000"
 2057      385F7400 
 2058              	.LASF15:
 2059 0144 63795F6D 		.ascii	"cy_meta_flashprotect\000"
 2059      6574615F 
 2059      666C6173 
 2059      6870726F 
 2059      74656374 
 2060              	.LASF14:
 2061 0159 63795F6D 		.ascii	"cy_meta_wonvl\000"
 2061      6574615F 
 2061      776F6E76 
 2061      6C00
 2062              	.LASF11:
 2063 0167 73697A65 		.ascii	"sizetype\000"
 2063      74797065 
 2063      00
 2064              	.LASF6:
 2065 0170 6C6F6E67 		.ascii	"long long int\000"
 2065      206C6F6E 
 2065      6720696E 
 2065      7400
 2066              	.LASF2:
 2067 017e 73686F72 		.ascii	"short int\000"
 2067      7420696E 
 2067      7400
 2068              	.LASF4:
 2069 0188 6C6F6E67 		.ascii	"long int\000"
 2069      20696E74 
 2069      00
 2070              	.LASF0:
 2071 0191 7369676E 		.ascii	"signed char\000"
 2071      65642063 
 2071      68617200 
 2072              	.LASF18:
 2073 019d 47656E65 		.ascii	"Generated_Source\\PSoC5\\cymetadata.c\000"
 2073      72617465 
 2073      645F536F 
 2073      75726365 
 2073      5C50536F 
 2074              		.ident	"GCC: (GNU Tools for ARM Embedded Processors) 5.4.1 20160609 (release) [ARM/embedded-5-bran
