ARM GAS  C:\Users\ESTEBAN\AppData\Local\Temp\ccs4kT6k.s 			page 1


   1              		.syntax unified
   2              		.cpu cortex-m3
   3              		.fpu softvfp
   4              		.eabi_attribute 20, 1
   5              		.eabi_attribute 21, 1
   6              		.eabi_attribute 23, 3
   7              		.eabi_attribute 24, 1
   8              		.eabi_attribute 25, 1
   9              		.eabi_attribute 26, 1
  10              		.eabi_attribute 30, 1
  11              		.eabi_attribute 34, 1
  12              		.eabi_attribute 18, 4
  13              		.thumb
  14              		.syntax unified
  15              		.file	"cymetadata.c"
  16              		.text
  17              	.Ltext0:
  18              		.cfi_sections	.debug_frame
  19              		.global	cy_metadata
  20              		.global	cy_meta_flashprotect
  21              		.global	cy_meta_wonvl
  22              		.global	cy_meta_custnvl
  23              		.global	cy_meta_configecc
  24              		.section	.cyconfigecc,"a",%progbits
  25              		.align	2
  26              		.type	cy_meta_configecc, %object
  27              		.size	cy_meta_configecc, 1084
  28              	cy_meta_configecc:
  29 0000 02       		.byte	2
  30 0001 52       		.byte	82
  31 0002 00       		.byte	0
  32 0003 40       		.byte	64
  33 0004 01       		.byte	1
  34 0005 64       		.byte	100
  35 0006 00       		.byte	0
  36 0007 40       		.byte	64
  37 0008 02       		.byte	2
  38 0009 65       		.byte	101
  39 000a 00       		.byte	0
  40 000b 40       		.byte	64
  41 000c 04       		.byte	4
  42 000d 02       		.byte	2
  43 000e 01       		.byte	1
  44 000f 40       		.byte	64
  45 0010 01       		.byte	1
  46 0011 03       		.byte	3
  47 0012 01       		.byte	1
  48 0013 40       		.byte	64
  49 0014 01       		.byte	1
  50 0015 05       		.byte	5
  51 0016 01       		.byte	1
  52 0017 40       		.byte	64
  53 0018 01       		.byte	1
  54 0019 07       		.byte	7
  55 001a 01       		.byte	1
  56 001b 40       		.byte	64
  57 001c 5F       		.byte	95
ARM GAS  C:\Users\ESTEBAN\AppData\Local\Temp\ccs4kT6k.s 			page 2


  58 001d 08       		.byte	8
  59 001e 01       		.byte	1
  60 001f 40       		.byte	64
  61 0020 32       		.byte	50
  62 0021 09       		.byte	9
  63 0022 01       		.byte	1
  64 0023 40       		.byte	64
  65 0024 01       		.byte	1
  66 0025 0B       		.byte	11
  67 0026 01       		.byte	1
  68 0027 40       		.byte	64
  69 0028 01       		.byte	1
  70 0029 15       		.byte	21
  71 002a 01       		.byte	1
  72 002b 40       		.byte	64
  73 002c 01       		.byte	1
  74 002d 17       		.byte	23
  75 002e 01       		.byte	1
  76 002f 40       		.byte	64
  77 0030 4D       		.byte	77
  78 0031 18       		.byte	24
  79 0032 01       		.byte	1
  80 0033 40       		.byte	64
  81 0034 39       		.byte	57
  82 0035 19       		.byte	25
  83 0036 01       		.byte	1
  84 0037 40       		.byte	64
  85 0038 40       		.byte	64
  86 0039 1A       		.byte	26
  87 003a 01       		.byte	1
  88 003b 40       		.byte	64
  89 003c 3B       		.byte	59
  90 003d 1B       		.byte	27
  91 003e 01       		.byte	1
  92 003f 40       		.byte	64
  93 0040 03       		.byte	3
  94 0041 40       		.byte	64
  95 0042 01       		.byte	1
  96 0043 40       		.byte	64
  97 0044 02       		.byte	2
  98 0045 41       		.byte	65
  99 0046 01       		.byte	1
 100 0047 40       		.byte	64
 101 0048 02       		.byte	2
 102 0049 42       		.byte	66
 103 004a 01       		.byte	1
 104 004b 40       		.byte	64
 105 004c 04       		.byte	4
 106 004d 43       		.byte	67
 107 004e 01       		.byte	1
 108 004f 40       		.byte	64
 109 0050 02       		.byte	2
 110 0051 44       		.byte	68
 111 0052 01       		.byte	1
 112 0053 40       		.byte	64
 113 0054 01       		.byte	1
 114 0055 45       		.byte	69
ARM GAS  C:\Users\ESTEBAN\AppData\Local\Temp\ccs4kT6k.s 			page 3


 115 0056 01       		.byte	1
 116 0057 40       		.byte	64
 117 0058 04       		.byte	4
 118 0059 46       		.byte	70
 119 005a 01       		.byte	1
 120 005b 40       		.byte	64
 121 005c 01       		.byte	1
 122 005d 47       		.byte	71
 123 005e 01       		.byte	1
 124 005f 40       		.byte	64
 125 0060 05       		.byte	5
 126 0061 48       		.byte	72
 127 0062 01       		.byte	1
 128 0063 40       		.byte	64
 129 0064 01       		.byte	1
 130 0065 49       		.byte	73
 131 0066 01       		.byte	1
 132 0067 40       		.byte	64
 133 0068 02       		.byte	2
 134 0069 4C       		.byte	76
 135 006a 01       		.byte	1
 136 006b 40       		.byte	64
 137 006c 09       		.byte	9
 138 006d 4D       		.byte	77
 139 006e 01       		.byte	1
 140 006f 40       		.byte	64
 141 0070 04       		.byte	4
 142 0071 50       		.byte	80
 143 0072 01       		.byte	1
 144 0073 40       		.byte	64
 145 0074 01       		.byte	1
 146 0075 51       		.byte	81
 147 0076 01       		.byte	1
 148 0077 40       		.byte	64
 149 0078 61       		.byte	97
 150 0079 80       		.byte	-128
 151 007a 64       		.byte	100
 152 007b 40       		.byte	64
 153 007c 88       		.byte	-120
 154 007d 0F       		.byte	15
 155 007e 89       		.byte	-119
 156 007f 38       		.byte	56
 157 0080 8B       		.byte	-117
 158 0081 72       		.byte	114
 159 0082 39       		.byte	57
 160 0083 80       		.byte	-128
 161 0084 3F       		.byte	63
 162 0085 40       		.byte	64
 163 0086 59       		.byte	89
 164 0087 04       		.byte	4
 165 0088 5F       		.byte	95
 166 0089 01       		.byte	1
 167 008a 24       		.byte	36
 168 008b 02       		.byte	2
 169 008c B4       		.byte	-76
 170 008d 01       		.byte	1
 171 008e E6       		.byte	-26
ARM GAS  C:\Users\ESTEBAN\AppData\Local\Temp\ccs4kT6k.s 			page 4


 172 008f 02       		.byte	2
 173 0090 00       		.byte	0
 174 0091 13       		.byte	19
 175 0092 02       		.byte	2
 176 0093 04       		.byte	4
 177 0094 06       		.byte	6
 178 0095 15       		.byte	21
 179 0096 08       		.byte	8
 180 0097 0A       		.byte	10
 181 0098 0A       		.byte	10
 182 0099 14       		.byte	20
 183 009a 0C       		.byte	12
 184 009b 13       		.byte	19
 185 009c 0D       		.byte	13
 186 009d 04       		.byte	4
 187 009e 0E       		.byte	14
 188 009f 0C       		.byte	12
 189 00a0 11       		.byte	17
 190 00a1 01       		.byte	1
 191 00a2 15       		.byte	21
 192 00a3 02       		.byte	2
 193 00a4 18       		.byte	24
 194 00a5 03       		.byte	3
 195 00a6 1A       		.byte	26
 196 00a7 14       		.byte	20
 197 00a8 1B       		.byte	27
 198 00a9 01       		.byte	1
 199 00aa 1D       		.byte	29
 200 00ab 01       		.byte	1
 201 00ac 22       		.byte	34
 202 00ad 08       		.byte	8
 203 00ae 30       		.byte	48
 204 00af 10       		.byte	16
 205 00b0 35       		.byte	53
 206 00b1 04       		.byte	4
 207 00b2 36       		.byte	54
 208 00b3 0F       		.byte	15
 209 00b4 37       		.byte	55
 210 00b5 03       		.byte	3
 211 00b6 39       		.byte	57
 212 00b7 80       		.byte	-128
 213 00b8 3A       		.byte	58
 214 00b9 80       		.byte	-128
 215 00ba 3E       		.byte	62
 216 00bb 01       		.byte	1
 217 00bc 3F       		.byte	63
 218 00bd 10       		.byte	16
 219 00be 40       		.byte	64
 220 00bf 46       		.byte	70
 221 00c0 41       		.byte	65
 222 00c1 01       		.byte	1
 223 00c2 45       		.byte	69
 224 00c3 0C       		.byte	12
 225 00c4 46       		.byte	70
 226 00c5 0E       		.byte	14
 227 00c6 47       		.byte	71
 228 00c7 0B       		.byte	11
ARM GAS  C:\Users\ESTEBAN\AppData\Local\Temp\ccs4kT6k.s 			page 5


 229 00c8 48       		.byte	72
 230 00c9 15       		.byte	21
 231 00ca 49       		.byte	73
 232 00cb FF       		.byte	-1
 233 00cc 4A       		.byte	74
 234 00cd FF       		.byte	-1
 235 00ce 4B       		.byte	75
 236 00cf FF       		.byte	-1
 237 00d0 4E       		.byte	78
 238 00d1 F0       		.byte	-16
 239 00d2 4F       		.byte	79
 240 00d3 44       		.byte	68
 241 00d4 50       		.byte	80
 242 00d5 0C       		.byte	12
 243 00d6 54       		.byte	84
 244 00d7 01       		.byte	1
 245 00d8 56       		.byte	86
 246 00d9 04       		.byte	4
 247 00da 58       		.byte	88
 248 00db 04       		.byte	4
 249 00dc 59       		.byte	89
 250 00dd 04       		.byte	4
 251 00de 5A       		.byte	90
 252 00df 04       		.byte	4
 253 00e0 5B       		.byte	91
 254 00e1 04       		.byte	4
 255 00e2 5C       		.byte	92
 256 00e3 11       		.byte	17
 257 00e4 5D       		.byte	93
 258 00e5 11       		.byte	17
 259 00e6 5F       		.byte	95
 260 00e7 01       		.byte	1
 261 00e8 66       		.byte	102
 262 00e9 C0       		.byte	-64
 263 00ea 6A       		.byte	106
 264 00eb 40       		.byte	64
 265 00ec 6B       		.byte	107
 266 00ed 02       		.byte	2
 267 00ee 80       		.byte	-128
 268 00ef 08       		.byte	8
 269 00f0 82       		.byte	-126
 270 00f1 15       		.byte	21
 271 00f2 87       		.byte	-121
 272 00f3 20       		.byte	32
 273 00f4 88       		.byte	-120
 274 00f5 16       		.byte	22
 275 00f6 8A       		.byte	-118
 276 00f7 09       		.byte	9
 277 00f8 8C       		.byte	-116
 278 00f9 08       		.byte	8
 279 00fa 8E       		.byte	-114
 280 00fb 13       		.byte	19
 281 00fc 93       		.byte	-109
 282 00fd 03       		.byte	3
 283 00fe 95       		.byte	-107
 284 00ff 14       		.byte	20
 285 0100 99       		.byte	-103
ARM GAS  C:\Users\ESTEBAN\AppData\Local\Temp\ccs4kT6k.s 			page 6


 286 0101 10       		.byte	16
 287 0102 9D       		.byte	-99
 288 0103 09       		.byte	9
 289 0104 9F       		.byte	-97
 290 0105 10       		.byte	16
 291 0106 A1       		.byte	-95
 292 0107 6C       		.byte	108
 293 0108 A2       		.byte	-94
 294 0109 16       		.byte	22
 295 010a A3       		.byte	-93
 296 010b 11       		.byte	17
 297 010c A6       		.byte	-90
 298 010d 02       		.byte	2
 299 010e A9       		.byte	-87
 300 010f 5C       		.byte	92
 301 0110 AA       		.byte	-86
 302 0111 09       		.byte	9
 303 0112 AB       		.byte	-85
 304 0113 02       		.byte	2
 305 0114 AD       		.byte	-83
 306 0115 70       		.byte	112
 307 0116 AF       		.byte	-81
 308 0117 0C       		.byte	12
 309 0118 B0       		.byte	-80
 310 0119 07       		.byte	7
 311 011a B1       		.byte	-79
 312 011b 1F       		.byte	31
 313 011c B4       		.byte	-76
 314 011d 1B       		.byte	27
 315 011e B7       		.byte	-73
 316 011f 60       		.byte	96
 317 0120 B9       		.byte	-71
 318 0121 80       		.byte	-128
 319 0122 BA       		.byte	-70
 320 0123 22       		.byte	34
 321 0124 BF       		.byte	-65
 322 0125 40       		.byte	64
 323 0126 C0       		.byte	-64
 324 0127 01       		.byte	1
 325 0128 C6       		.byte	-58
 326 0129 40       		.byte	64
 327 012a C9       		.byte	-55
 328 012b FF       		.byte	-1
 329 012c CA       		.byte	-54
 330 012d 07       		.byte	7
 331 012e CB       		.byte	-53
 332 012f FF       		.byte	-1
 333 0130 CC       		.byte	-52
 334 0131 40       		.byte	64
 335 0132 CD       		.byte	-51
 336 0133 20       		.byte	32
 337 0134 CE       		.byte	-50
 338 0135 F0       		.byte	-16
 339 0136 CF       		.byte	-49
 340 0137 05       		.byte	5
 341 0138 D0       		.byte	-48
 342 0139 08       		.byte	8
ARM GAS  C:\Users\ESTEBAN\AppData\Local\Temp\ccs4kT6k.s 			page 7


 343 013a D8       		.byte	-40
 344 013b 04       		.byte	4
 345 013c D9       		.byte	-39
 346 013d 04       		.byte	4
 347 013e DA       		.byte	-38
 348 013f 04       		.byte	4
 349 0140 DC       		.byte	-36
 350 0141 11       		.byte	17
 351 0142 DD       		.byte	-35
 352 0143 01       		.byte	1
 353 0144 DF       		.byte	-33
 354 0145 01       		.byte	1
 355 0146 E0       		.byte	-32
 356 0147 40       		.byte	64
 357 0148 E1       		.byte	-31
 358 0149 A8       		.byte	-88
 359 014a E2       		.byte	-30
 360 014b 40       		.byte	64
 361 014c E3       		.byte	-29
 362 014d 20       		.byte	32
 363 014e 01       		.byte	1
 364 014f 20       		.byte	32
 365 0150 02       		.byte	2
 366 0151 41       		.byte	65
 367 0152 04       		.byte	4
 368 0153 08       		.byte	8
 369 0154 05       		.byte	5
 370 0155 61       		.byte	97
 371 0156 08       		.byte	8
 372 0157 20       		.byte	32
 373 0158 09       		.byte	9
 374 0159 40       		.byte	64
 375 015a 0A       		.byte	10
 376 015b 01       		.byte	1
 377 015c 0B       		.byte	11
 378 015d 04       		.byte	4
 379 015e 0F       		.byte	15
 380 015f 04       		.byte	4
 381 0160 10       		.byte	16
 382 0161 20       		.byte	32
 383 0162 12       		.byte	18
 384 0163 88       		.byte	-120
 385 0164 17       		.byte	23
 386 0165 02       		.byte	2
 387 0166 19       		.byte	25
 388 0167 21       		.byte	33
 389 0168 1D       		.byte	29
 390 0169 40       		.byte	64
 391 016a 1E       		.byte	30
 392 016b 40       		.byte	64
 393 016c 20       		.byte	32
 394 016d 01       		.byte	1
 395 016e 22       		.byte	34
 396 016f 01       		.byte	1
 397 0170 26       		.byte	38
 398 0171 80       		.byte	-128
 399 0172 27       		.byte	39
ARM GAS  C:\Users\ESTEBAN\AppData\Local\Temp\ccs4kT6k.s 			page 8


 400 0173 0A       		.byte	10
 401 0174 29       		.byte	41
 402 0175 61       		.byte	97
 403 0176 2A       		.byte	42
 404 0177 41       		.byte	65
 405 0178 30       		.byte	48
 406 0179 29       		.byte	41
 407 017a 32       		.byte	50
 408 017b 81       		.byte	-127
 409 017c 35       		.byte	53
 410 017d 61       		.byte	97
 411 017e 36       		.byte	54
 412 017f 08       		.byte	8
 413 0180 38       		.byte	56
 414 0181 08       		.byte	8
 415 0182 3D       		.byte	61
 416 0183 80       		.byte	-128
 417 0184 40       		.byte	64
 418 0185 01       		.byte	1
 419 0186 46       		.byte	70
 420 0187 41       		.byte	65
 421 0188 4C       		.byte	76
 422 0189 04       		.byte	4
 423 018a 4F       		.byte	79
 424 018b 04       		.byte	4
 425 018c 50       		.byte	80
 426 018d 24       		.byte	36
 427 018e 52       		.byte	82
 428 018f 08       		.byte	8
 429 0190 54       		.byte	84
 430 0191 08       		.byte	8
 431 0192 55       		.byte	85
 432 0193 40       		.byte	64
 433 0194 5C       		.byte	92
 434 0195 20       		.byte	32
 435 0196 5E       		.byte	94
 436 0197 41       		.byte	65
 437 0198 5F       		.byte	95
 438 0199 08       		.byte	8
 439 019a 67       		.byte	103
 440 019b 40       		.byte	64
 441 019c 87       		.byte	-121
 442 019d 40       		.byte	64
 443 019e C0       		.byte	-64
 444 019f FB       		.byte	-5
 445 01a0 C2       		.byte	-62
 446 01a1 40       		.byte	64
 447 01a2 C4       		.byte	-60
 448 01a3 1E       		.byte	30
 449 01a4 CA       		.byte	-54
 450 01a5 0D       		.byte	13
 451 01a6 CC       		.byte	-52
 452 01a7 FF       		.byte	-1
 453 01a8 CE       		.byte	-50
 454 01a9 12       		.byte	18
 455 01aa D0       		.byte	-48
 456 01ab 98       		.byte	-104
ARM GAS  C:\Users\ESTEBAN\AppData\Local\Temp\ccs4kT6k.s 			page 9


 457 01ac D2       		.byte	-46
 458 01ad 20       		.byte	32
 459 01ae D6       		.byte	-42
 460 01af F0       		.byte	-16
 461 01b0 D8       		.byte	-40
 462 01b1 80       		.byte	-128
 463 01b2 E8       		.byte	-24
 464 01b3 40       		.byte	64
 465 01b4 EC       		.byte	-20
 466 01b5 10       		.byte	16
 467 01b6 E6       		.byte	-26
 468 01b7 01       		.byte	1
 469 01b8 01       		.byte	1
 470 01b9 07       		.byte	7
 471 01ba 09       		.byte	9
 472 01bb 01       		.byte	1
 473 01bc 0B       		.byte	11
 474 01bd 06       		.byte	6
 475 01be 0D       		.byte	13
 476 01bf 07       		.byte	7
 477 01c0 0E       		.byte	14
 478 01c1 01       		.byte	1
 479 01c2 10       		.byte	16
 480 01c3 01       		.byte	1
 481 01c4 11       		.byte	17
 482 01c5 06       		.byte	6
 483 01c6 13       		.byte	19
 484 01c7 01       		.byte	1
 485 01c8 14       		.byte	20
 486 01c9 01       		.byte	1
 487 01ca 17       		.byte	23
 488 01cb 01       		.byte	1
 489 01cc 1E       		.byte	30
 490 01cd 01       		.byte	1
 491 01ce 21       		.byte	33
 492 01cf 04       		.byte	4
 493 01d0 25       		.byte	37
 494 01d1 02       		.byte	2
 495 01d2 29       		.byte	41
 496 01d3 06       		.byte	6
 497 01d4 32       		.byte	50
 498 01d5 01       		.byte	1
 499 01d6 35       		.byte	53
 500 01d7 07       		.byte	7
 501 01d8 38       		.byte	56
 502 01d9 08       		.byte	8
 503 01da 3A       		.byte	58
 504 01db 02       		.byte	2
 505 01dc 58       		.byte	88
 506 01dd 04       		.byte	4
 507 01de 59       		.byte	89
 508 01df 04       		.byte	4
 509 01e0 5C       		.byte	92
 510 01e1 11       		.byte	17
 511 01e2 5F       		.byte	95
 512 01e3 01       		.byte	1
 513 01e4 86       		.byte	-122
ARM GAS  C:\Users\ESTEBAN\AppData\Local\Temp\ccs4kT6k.s 			page 10


 514 01e5 02       		.byte	2
 515 01e6 8A       		.byte	-118
 516 01e7 0C       		.byte	12
 517 01e8 8B       		.byte	-117
 518 01e9 01       		.byte	1
 519 01ea 8C       		.byte	-116
 520 01eb 0C       		.byte	12
 521 01ec 90       		.byte	-112
 522 01ed 01       		.byte	1
 523 01ee 96       		.byte	-106
 524 01ef 0C       		.byte	12
 525 01f0 97       		.byte	-105
 526 01f1 04       		.byte	4
 527 01f2 98       		.byte	-104
 528 01f3 08       		.byte	8
 529 01f4 9C       		.byte	-100
 530 01f5 0C       		.byte	12
 531 01f6 9F       		.byte	-97
 532 01f7 02       		.byte	2
 533 01f8 A2       		.byte	-94
 534 01f9 0C       		.byte	12
 535 01fa A6       		.byte	-90
 536 01fb 02       		.byte	2
 537 01fc A7       		.byte	-89
 538 01fd 04       		.byte	4
 539 01fe A8       		.byte	-88
 540 01ff 0C       		.byte	12
 541 0200 AB       		.byte	-85
 542 0201 01       		.byte	1
 543 0202 AC       		.byte	-84
 544 0203 04       		.byte	4
 545 0204 B0       		.byte	-80
 546 0205 0C       		.byte	12
 547 0206 B2       		.byte	-78
 548 0207 02       		.byte	2
 549 0208 B4       		.byte	-76
 550 0209 01       		.byte	1
 551 020a B5       		.byte	-75
 552 020b 01       		.byte	1
 553 020c B7       		.byte	-73
 554 020d 06       		.byte	6
 555 020e BE       		.byte	-66
 556 020f 14       		.byte	20
 557 0210 BF       		.byte	-65
 558 0211 50       		.byte	80
 559 0212 C0       		.byte	-64
 560 0213 63       		.byte	99
 561 0214 C1       		.byte	-63
 562 0215 04       		.byte	4
 563 0216 C2       		.byte	-62
 564 0217 02       		.byte	2
 565 0218 C4       		.byte	-60
 566 0219 01       		.byte	1
 567 021a C5       		.byte	-59
 568 021b 0C       		.byte	12
 569 021c C6       		.byte	-58
 570 021d E0       		.byte	-32
ARM GAS  C:\Users\ESTEBAN\AppData\Local\Temp\ccs4kT6k.s 			page 11


 571 021e C8       		.byte	-56
 572 021f 09       		.byte	9
 573 0220 C9       		.byte	-55
 574 0221 FF       		.byte	-1
 575 0222 CA       		.byte	-54
 576 0223 FF       		.byte	-1
 577 0224 CB       		.byte	-53
 578 0225 FF       		.byte	-1
 579 0226 CC       		.byte	-52
 580 0227 62       		.byte	98
 581 0228 CD       		.byte	-51
 582 0229 A0       		.byte	-96
 583 022a CE       		.byte	-50
 584 022b F0       		.byte	-16
 585 022c CF       		.byte	-49
 586 022d 41       		.byte	65
 587 022e D0       		.byte	-48
 588 022f 0C       		.byte	12
 589 0230 D4       		.byte	-44
 590 0231 18       		.byte	24
 591 0232 D6       		.byte	-42
 592 0233 04       		.byte	4
 593 0234 D8       		.byte	-40
 594 0235 04       		.byte	4
 595 0236 D9       		.byte	-39
 596 0237 04       		.byte	4
 597 0238 DA       		.byte	-38
 598 0239 04       		.byte	4
 599 023a DB       		.byte	-37
 600 023b 04       		.byte	4
 601 023c DC       		.byte	-36
 602 023d 01       		.byte	1
 603 023e DD       		.byte	-35
 604 023f 11       		.byte	17
 605 0240 DF       		.byte	-33
 606 0241 01       		.byte	1
 607 0242 E6       		.byte	-26
 608 0243 40       		.byte	64
 609 0244 E7       		.byte	-25
 610 0245 02       		.byte	2
 611 0246 E9       		.byte	-23
 612 0247 10       		.byte	16
 613 0248 EA       		.byte	-22
 614 0249 30       		.byte	48
 615 024a EB       		.byte	-21
 616 024b 10       		.byte	16
 617 024c ED       		.byte	-19
 618 024d 10       		.byte	16
 619 024e EE       		.byte	-18
 620 024f 10       		.byte	16
 621 0250 EF       		.byte	-17
 622 0251 12       		.byte	18
 623 0252 00       		.byte	0
 624 0253 80       		.byte	-128
 625 0254 01       		.byte	1
 626 0255 08       		.byte	8
 627 0256 03       		.byte	3
ARM GAS  C:\Users\ESTEBAN\AppData\Local\Temp\ccs4kT6k.s 			page 12


 628 0257 04       		.byte	4
 629 0258 07       		.byte	7
 630 0259 02       		.byte	2
 631 025a 08       		.byte	8
 632 025b 09       		.byte	9
 633 025c 09       		.byte	9
 634 025d 80       		.byte	-128
 635 025e 0A       		.byte	10
 636 025f 08       		.byte	8
 637 0260 0E       		.byte	14
 638 0261 40       		.byte	64
 639 0262 0F       		.byte	15
 640 0263 22       		.byte	34
 641 0264 11       		.byte	17
 642 0265 50       		.byte	80
 643 0266 12       		.byte	18
 644 0267 20       		.byte	32
 645 0268 13       		.byte	19
 646 0269 02       		.byte	2
 647 026a 18       		.byte	24
 648 026b 10       		.byte	16
 649 026c 19       		.byte	25
 650 026d 21       		.byte	33
 651 026e 1C       		.byte	28
 652 026f 80       		.byte	-128
 653 0270 1E       		.byte	30
 654 0271 40       		.byte	64
 655 0272 1F       		.byte	31
 656 0273 08       		.byte	8
 657 0274 20       		.byte	32
 658 0275 01       		.byte	1
 659 0276 23       		.byte	35
 660 0277 04       		.byte	4
 661 0278 25       		.byte	37
 662 0279 20       		.byte	32
 663 027a 26       		.byte	38
 664 027b 20       		.byte	32
 665 027c 28       		.byte	40
 666 027d 20       		.byte	32
 667 027e 2B       		.byte	43
 668 027f 08       		.byte	8
 669 0280 2C       		.byte	44
 670 0281 A8       		.byte	-88
 671 0282 31       		.byte	49
 672 0283 80       		.byte	-128
 673 0284 32       		.byte	50
 674 0285 04       		.byte	4
 675 0286 37       		.byte	55
 676 0287 06       		.byte	6
 677 0288 3B       		.byte	59
 678 0289 20       		.byte	32
 679 028a 3C       		.byte	60
 680 028b 80       		.byte	-128
 681 028c 3D       		.byte	61
 682 028d 10       		.byte	16
 683 028e 3F       		.byte	63
 684 028f 22       		.byte	34
ARM GAS  C:\Users\ESTEBAN\AppData\Local\Temp\ccs4kT6k.s 			page 13


 685 0290 40       		.byte	64
 686 0291 01       		.byte	1
 687 0292 41       		.byte	65
 688 0293 20       		.byte	32
 689 0294 42       		.byte	66
 690 0295 40       		.byte	64
 691 0296 43       		.byte	67
 692 0297 04       		.byte	4
 693 0298 49       		.byte	73
 694 0299 18       		.byte	24
 695 029a 53       		.byte	83
 696 029b 10       		.byte	16
 697 029c 59       		.byte	89
 698 029d 01       		.byte	1
 699 029e 60       		.byte	96
 700 029f 82       		.byte	-126
 701 02a0 63       		.byte	99
 702 02a1 04       		.byte	4
 703 02a2 80       		.byte	-128
 704 02a3 80       		.byte	-128
 705 02a4 85       		.byte	-123
 706 02a5 20       		.byte	32
 707 02a6 88       		.byte	-120
 708 02a7 08       		.byte	8
 709 02a8 8B       		.byte	-117
 710 02a9 01       		.byte	1
 711 02aa 8C       		.byte	-116
 712 02ab 12       		.byte	18
 713 02ac 98       		.byte	-104
 714 02ad 01       		.byte	1
 715 02ae C0       		.byte	-64
 716 02af 87       		.byte	-121
 717 02b0 C2       		.byte	-62
 718 02b1 BF       		.byte	-65
 719 02b2 C4       		.byte	-60
 720 02b3 0F       		.byte	15
 721 02b4 CA       		.byte	-54
 722 02b5 E6       		.byte	-26
 723 02b6 CC       		.byte	-52
 724 02b7 CA       		.byte	-54
 725 02b8 CE       		.byte	-50
 726 02b9 B4       		.byte	-76
 727 02ba D0       		.byte	-48
 728 02bb 0F       		.byte	15
 729 02bc D2       		.byte	-46
 730 02bd 04       		.byte	4
 731 02be D6       		.byte	-42
 732 02bf 01       		.byte	1
 733 02c0 D8       		.byte	-40
 734 02c1 0D       		.byte	13
 735 02c2 E4       		.byte	-28
 736 02c3 02       		.byte	2
 737 02c4 00       		.byte	0
 738 02c5 4F       		.byte	79
 739 02c6 02       		.byte	2
 740 02c7 10       		.byte	16
 741 02c8 04       		.byte	4
ARM GAS  C:\Users\ESTEBAN\AppData\Local\Temp\ccs4kT6k.s 			page 14


 742 02c9 73       		.byte	115
 743 02ca 06       		.byte	6
 744 02cb 0C       		.byte	12
 745 02cc 08       		.byte	8
 746 02cd 02       		.byte	2
 747 02ce 09       		.byte	9
 748 02cf 3E       		.byte	62
 749 02d0 0C       		.byte	12
 750 02d1 7F       		.byte	127
 751 02d2 0D       		.byte	13
 752 02d3 14       		.byte	20
 753 02d4 0F       		.byte	15
 754 02d5 23       		.byte	35
 755 02d6 10       		.byte	16
 756 02d7 4C       		.byte	76
 757 02d8 12       		.byte	18
 758 02d9 23       		.byte	35
 759 02da 15       		.byte	21
 760 02db 28       		.byte	40
 761 02dc 16       		.byte	22
 762 02dd 33       		.byte	51
 763 02de 17       		.byte	23
 764 02df 12       		.byte	18
 765 02e0 18       		.byte	24
 766 02e1 41       		.byte	65
 767 02e2 19       		.byte	25
 768 02e3 3E       		.byte	62
 769 02e4 1C       		.byte	28
 770 02e5 03       		.byte	3
 771 02e6 1D       		.byte	29
 772 02e7 02       		.byte	2
 773 02e8 1F       		.byte	31
 774 02e9 0C       		.byte	12
 775 02ea 20       		.byte	32
 776 02eb 08       		.byte	8
 777 02ec 24       		.byte	36
 778 02ed 04       		.byte	4
 779 02ee 28       		.byte	40
 780 02ef 0C       		.byte	12
 781 02f0 2E       		.byte	46
 782 02f1 40       		.byte	64
 783 02f2 30       		.byte	48
 784 02f3 7C       		.byte	124
 785 02f4 31       		.byte	49
 786 02f5 01       		.byte	1
 787 02f6 33       		.byte	51
 788 02f7 30       		.byte	48
 789 02f8 34       		.byte	52
 790 02f9 0F       		.byte	15
 791 02fa 37       		.byte	55
 792 02fb 0E       		.byte	14
 793 02fc 3A       		.byte	58
 794 02fd 22       		.byte	34
 795 02fe 58       		.byte	88
 796 02ff 04       		.byte	4
 797 0300 59       		.byte	89
 798 0301 04       		.byte	4
ARM GAS  C:\Users\ESTEBAN\AppData\Local\Temp\ccs4kT6k.s 			page 15


 799 0302 5C       		.byte	92
 800 0303 11       		.byte	17
 801 0304 5F       		.byte	95
 802 0305 01       		.byte	1
 803 0306 80       		.byte	-128
 804 0307 01       		.byte	1
 805 0308 81       		.byte	-127
 806 0309 04       		.byte	4
 807 030a 85       		.byte	-123
 808 030b 08       		.byte	8
 809 030c 89       		.byte	-119
 810 030d 08       		.byte	8
 811 030e 8D       		.byte	-115
 812 030f 07       		.byte	7
 813 0310 90       		.byte	-112
 814 0311 01       		.byte	1
 815 0312 91       		.byte	-111
 816 0313 08       		.byte	8
 817 0314 94       		.byte	-108
 818 0315 01       		.byte	1
 819 0316 97       		.byte	-105
 820 0317 01       		.byte	1
 821 0318 99       		.byte	-103
 822 0319 01       		.byte	1
 823 031a 9B       		.byte	-101
 824 031b 06       		.byte	6
 825 031c A0       		.byte	-96
 826 031d 01       		.byte	1
 827 031e A1       		.byte	-95
 828 031f 06       		.byte	6
 829 0320 A3       		.byte	-93
 830 0321 01       		.byte	1
 831 0322 A5       		.byte	-91
 832 0323 02       		.byte	2
 833 0324 A9       		.byte	-87
 834 0325 06       		.byte	6
 835 0326 AD       		.byte	-83
 836 0327 06       		.byte	6
 837 0328 AF       		.byte	-81
 838 0329 01       		.byte	1
 839 032a B4       		.byte	-76
 840 032b 01       		.byte	1
 841 032c B5       		.byte	-75
 842 032d 08       		.byte	8
 843 032e B7       		.byte	-73
 844 032f 07       		.byte	7
 845 0330 BB       		.byte	-69
 846 0331 80       		.byte	-128
 847 0332 BE       		.byte	-66
 848 0333 10       		.byte	16
 849 0334 D6       		.byte	-42
 850 0335 02       		.byte	2
 851 0336 D7       		.byte	-41
 852 0337 12       		.byte	18
 853 0338 D8       		.byte	-40
 854 0339 04       		.byte	4
 855 033a D9       		.byte	-39
ARM GAS  C:\Users\ESTEBAN\AppData\Local\Temp\ccs4kT6k.s 			page 16


 856 033b 04       		.byte	4
 857 033c DB       		.byte	-37
 858 033d 04       		.byte	4
 859 033e DC       		.byte	-36
 860 033f 10       		.byte	16
 861 0340 DD       		.byte	-35
 862 0341 10       		.byte	16
 863 0342 DF       		.byte	-33
 864 0343 01       		.byte	1
 865 0344 00       		.byte	0
 866 0345 80       		.byte	-128
 867 0346 02       		.byte	2
 868 0347 88       		.byte	-120
 869 0348 03       		.byte	3
 870 0349 20       		.byte	32
 871 034a 05       		.byte	5
 872 034b 01       		.byte	1
 873 034c 08       		.byte	8
 874 034d 20       		.byte	32
 875 034e 09       		.byte	9
 876 034f 84       		.byte	-124
 877 0350 0A       		.byte	10
 878 0351 80       		.byte	-128
 879 0352 0E       		.byte	14
 880 0353 40       		.byte	64
 881 0354 0F       		.byte	15
 882 0355 20       		.byte	32
 883 0356 10       		.byte	16
 884 0357 A8       		.byte	-88
 885 0358 13       		.byte	19
 886 0359 40       		.byte	64
 887 035a 14       		.byte	20
 888 035b 40       		.byte	64
 889 035c 17       		.byte	23
 890 035d 02       		.byte	2
 891 035e 19       		.byte	25
 892 035f 11       		.byte	17
 893 0360 1A       		.byte	26
 894 0361 80       		.byte	-128
 895 0362 1B       		.byte	27
 896 0363 33       		.byte	51
 897 0364 1E       		.byte	30
 898 0365 08       		.byte	8
 899 0366 21       		.byte	33
 900 0367 80       		.byte	-128
 901 0368 22       		.byte	34
 902 0369 0C       		.byte	12
 903 036a 23       		.byte	35
 904 036b 40       		.byte	64
 905 036c 26       		.byte	38
 906 036d 80       		.byte	-128
 907 036e 27       		.byte	39
 908 036f 06       		.byte	6
 909 0370 2C       		.byte	44
 910 0371 68       		.byte	104
 911 0372 2F       		.byte	47
 912 0373 02       		.byte	2
ARM GAS  C:\Users\ESTEBAN\AppData\Local\Temp\ccs4kT6k.s 			page 17


 913 0374 31       		.byte	49
 914 0375 80       		.byte	-128
 915 0376 32       		.byte	50
 916 0377 04       		.byte	4
 917 0378 33       		.byte	51
 918 0379 10       		.byte	16
 919 037a 35       		.byte	53
 920 037b 10       		.byte	16
 921 037c 37       		.byte	55
 922 037d 05       		.byte	5
 923 037e 39       		.byte	57
 924 037f 50       		.byte	80
 925 0380 3D       		.byte	61
 926 0381 14       		.byte	20
 927 0382 3E       		.byte	62
 928 0383 42       		.byte	66
 929 0384 45       		.byte	69
 930 0385 04       		.byte	4
 931 0386 47       		.byte	71
 932 0387 04       		.byte	4
 933 0388 5E       		.byte	94
 934 0389 08       		.byte	8
 935 038a 6D       		.byte	109
 936 038b 14       		.byte	20
 937 038c 6F       		.byte	111
 938 038d 11       		.byte	17
 939 038e 74       		.byte	116
 940 038f A8       		.byte	-88
 941 0390 76       		.byte	118
 942 0391 02       		.byte	2
 943 0392 8C       		.byte	-116
 944 0393 20       		.byte	32
 945 0394 8D       		.byte	-115
 946 0395 40       		.byte	64
 947 0396 92       		.byte	-110
 948 0397 40       		.byte	64
 949 0398 95       		.byte	-107
 950 0399 40       		.byte	64
 951 039a 96       		.byte	-106
 952 039b 08       		.byte	8
 953 039c 9C       		.byte	-100
 954 039d 20       		.byte	32
 955 039e 9D       		.byte	-99
 956 039f 10       		.byte	16
 957 03a0 9F       		.byte	-97
 958 03a1 06       		.byte	6
 959 03a2 A0       		.byte	-96
 960 03a3 40       		.byte	64
 961 03a4 A4       		.byte	-92
 962 03a5 A8       		.byte	-88
 963 03a6 A5       		.byte	-91
 964 03a7 80       		.byte	-128
 965 03a8 A7       		.byte	-89
 966 03a9 11       		.byte	17
 967 03aa C0       		.byte	-64
 968 03ab 1F       		.byte	31
 969 03ac C2       		.byte	-62
ARM GAS  C:\Users\ESTEBAN\AppData\Local\Temp\ccs4kT6k.s 			page 18


 970 03ad 3F       		.byte	63
 971 03ae C4       		.byte	-60
 972 03af 1F       		.byte	31
 973 03b0 CA       		.byte	-54
 974 03b1 F0       		.byte	-16
 975 03b2 CC       		.byte	-52
 976 03b3 EE       		.byte	-18
 977 03b4 CE       		.byte	-50
 978 03b5 FC       		.byte	-4
 979 03b6 D6       		.byte	-42
 980 03b7 40       		.byte	64
 981 03b8 EC       		.byte	-20
 982 03b9 10       		.byte	16
 983 03ba 32       		.byte	50
 984 03bb 40       		.byte	64
 985 03bc 36       		.byte	54
 986 03bd 20       		.byte	32
 987 03be CC       		.byte	-52
 988 03bf 30       		.byte	48
 989 03c0 96       		.byte	-106
 990 03c1 80       		.byte	-128
 991 03c2 A6       		.byte	-90
 992 03c3 20       		.byte	32
 993 03c4 96       		.byte	-106
 994 03c5 80       		.byte	-128
 995 03c6 A6       		.byte	-90
 996 03c7 20       		.byte	32
 997 03c8 86       		.byte	-122
 998 03c9 20       		.byte	32
 999 03ca 96       		.byte	-106
 1000 03cb 80       		.byte	-128
 1001 03cc A6       		.byte	-90
 1002 03cd 20       		.byte	32
 1003 03ce E6       		.byte	-26
 1004 03cf 40       		.byte	64
 1005 03d0 7C       		.byte	124
 1006 03d1 20       		.byte	32
 1007 03d2 DE       		.byte	-34
 1008 03d3 01       		.byte	1
 1009 03d4 9C       		.byte	-100
 1010 03d5 20       		.byte	32
 1011 03d6 45       		.byte	69
 1012 03d7 08       		.byte	8
 1013 03d8 B4       		.byte	-76
 1014 03d9 20       		.byte	32
 1015 03da D0       		.byte	-48
 1016 03db 01       		.byte	1
 1017 03dc E8       		.byte	-24
 1018 03dd 02       		.byte	2
 1019 03de A5       		.byte	-91
 1020 03df 08       		.byte	8
 1021 03e0 25       		.byte	37
 1022 03e1 10       		.byte	16
 1023 03e2 82       		.byte	-126
 1024 03e3 40       		.byte	64
 1025 03e4 96       		.byte	-106
 1026 03e5 80       		.byte	-128
ARM GAS  C:\Users\ESTEBAN\AppData\Local\Temp\ccs4kT6k.s 			page 19


 1027 03e6 C8       		.byte	-56
 1028 03e7 20       		.byte	32
 1029 03e8 E6       		.byte	-26
 1030 03e9 80       		.byte	-128
 1031 03ea B5       		.byte	-75
 1032 03eb 10       		.byte	16
 1033 03ec 87       		.byte	-121
 1034 03ed 40       		.byte	64
 1035 03ee A5       		.byte	-91
 1036 03ef 08       		.byte	8
 1037 03f0 12       		.byte	18
 1038 03f1 80       		.byte	-128
 1039 03f2 73       		.byte	115
 1040 03f3 40       		.byte	64
 1041 03f4 8E       		.byte	-114
 1042 03f5 80       		.byte	-128
 1043 03f6 93       		.byte	-109
 1044 03f7 40       		.byte	64
 1045 03f8 B5       		.byte	-75
 1046 03f9 08       		.byte	8
 1047 03fa C4       		.byte	-60
 1048 03fb 08       		.byte	8
 1049 03fc DC       		.byte	-36
 1050 03fd 01       		.byte	1
 1051 03fe E2       		.byte	-30
 1052 03ff 02       		.byte	2
 1053 0400 EC       		.byte	-20
 1054 0401 08       		.byte	8
 1055 0402 00       		.byte	0
 1056 0403 02       		.byte	2
 1057 0404 0C       		.byte	12
 1058 0405 02       		.byte	2
 1059 0406 10       		.byte	16
 1060 0407 02       		.byte	2
 1061 0408 1C       		.byte	28
 1062 0409 02       		.byte	2
 1063 040a 00       		.byte	0
 1064 040b 0F       		.byte	15
 1065 040c 00       		.byte	0
 1066 040d 00       		.byte	0
 1067 040e 00       		.byte	0
 1068 040f 00       		.byte	0
 1069 0410 00       		.byte	0
 1070 0411 00       		.byte	0
 1071 0412 77       		.byte	119
 1072 0413 00       		.byte	0
 1073 0414 80       		.byte	-128
 1074 0415 00       		.byte	0
 1075 0416 40       		.byte	64
 1076 0417 80       		.byte	-128
 1077 0418 80       		.byte	-128
 1078 0419 00       		.byte	0
 1079 041a 80       		.byte	-128
 1080 041b 00       		.byte	0
 1081 041c 00       		.byte	0
 1082 041d 00       		.byte	0
 1083 041e 00       		.byte	0
ARM GAS  C:\Users\ESTEBAN\AppData\Local\Temp\ccs4kT6k.s 			page 20


 1084 041f 00       		.byte	0
 1085 0420 00       		.byte	0
 1086 0421 00       		.byte	0
 1087 0422 00       		.byte	0
 1088 0423 00       		.byte	0
 1089 0424 00       		.byte	0
 1090 0425 00       		.byte	0
 1091 0426 10       		.byte	16
 1092 0427 00       		.byte	0
 1093 0428 34       		.byte	52
 1094 0429 0B       		.byte	11
 1095 042a 0B       		.byte	11
 1096 042b 00       		.byte	0
 1097 042c 00       		.byte	0
 1098 042d 00       		.byte	0
 1099 042e 00       		.byte	0
 1100 042f 00       		.byte	0
 1101 0430 00       		.byte	0
 1102 0431 00       		.byte	0
 1103 0432 00       		.byte	0
 1104 0433 00       		.byte	0
 1105 0434 00       		.byte	0
 1106 0435 00       		.byte	0
 1107 0436 10       		.byte	16
 1108 0437 00       		.byte	0
 1109 0438 BB       		.byte	-69
 1110 0439 00       		.byte	0
 1111 043a 18       		.byte	24
 1112 043b 01       		.byte	1
 1113              		.section	.cywolatch,"a",%progbits
 1114              		.align	2
 1115              		.type	cy_meta_wonvl, %object
 1116              		.size	cy_meta_wonvl, 4
 1117              	cy_meta_wonvl:
 1118 0000 BC       		.byte	-68
 1119 0001 90       		.byte	-112
 1120 0002 AC       		.byte	-84
 1121 0003 AF       		.byte	-81
 1122              		.section	.cycustnvl,"a",%progbits
 1123              		.align	2
 1124              		.type	cy_meta_custnvl, %object
 1125              		.size	cy_meta_custnvl, 4
 1126              	cy_meta_custnvl:
 1127 0000 00       		.byte	0
 1128 0001 00       		.byte	0
 1129 0002 40       		.byte	64
 1130 0003 05       		.byte	5
 1131              		.section	.cymeta,"a",%progbits
 1132              		.align	2
 1133              		.type	cy_metadata, %object
 1134              		.size	cy_metadata, 12
 1135              	cy_metadata:
 1136 0000 00       		.byte	0
 1137 0001 01       		.byte	1
 1138 0002 2E       		.byte	46
 1139 0003 16       		.byte	22
 1140 0004 10       		.byte	16
ARM GAS  C:\Users\ESTEBAN\AppData\Local\Temp\ccs4kT6k.s 			page 21


 1141 0005 69       		.byte	105
 1142 0006 00       		.byte	0
 1143 0007 01       		.byte	1
 1144 0008 00       		.byte	0
 1145 0009 00       		.byte	0
 1146 000a 00       		.byte	0
 1147 000b 00       		.byte	0
 1148              		.section	.cyflashprotect,"a",%progbits
 1149              		.align	2
 1150              		.type	cy_meta_flashprotect, %object
 1151              		.size	cy_meta_flashprotect, 256
 1152              	cy_meta_flashprotect:
 1153 0000 00000000 		.space	256
 1153      00000000 
 1153      00000000 
 1153      00000000 
 1153      00000000 
 1154              		.text
 1155              	.Letext0:
 1156              		.file 1 "c:\\program files (x86)\\cypress\\psoc creator\\4.2\\psoc creator\\import\\gnu\\arm\\5.4.
 1157              		.file 2 "c:\\program files (x86)\\cypress\\psoc creator\\4.2\\psoc creator\\import\\gnu\\arm\\5.4.
 1158              		.file 3 "Generated_Source\\PSoC5\\cymetadata.c"
 1159              		.section	.debug_info,"",%progbits
 1160              	.Ldebug_info0:
 1161 0000 31010000 		.4byte	0x131
 1162 0004 0400     		.2byte	0x4
 1163 0006 00000000 		.4byte	.Ldebug_abbrev0
 1164 000a 04       		.byte	0x4
 1165 000b 01       		.uleb128 0x1
 1166 000c 61000000 		.4byte	.LASF17
 1167 0010 0C       		.byte	0xc
 1168 0011 BB010000 		.4byte	.LASF18
 1169 0015 0A000000 		.4byte	.LASF19
 1170 0019 00000000 		.4byte	.Ldebug_line0
 1171 001d 02       		.uleb128 0x2
 1172 001e 01       		.byte	0x1
 1173 001f 06       		.byte	0x6
 1174 0020 AF010000 		.4byte	.LASF0
 1175 0024 03       		.uleb128 0x3
 1176 0025 00000000 		.4byte	.LASF9
 1177 0029 01       		.byte	0x1
 1178 002a 1D       		.byte	0x1d
 1179 002b 2F000000 		.4byte	0x2f
 1180 002f 02       		.uleb128 0x2
 1181 0030 01       		.byte	0x1
 1182 0031 08       		.byte	0x8
 1183 0032 53000000 		.4byte	.LASF1
 1184 0036 02       		.uleb128 0x2
 1185 0037 02       		.byte	0x2
 1186 0038 05       		.byte	0x5
 1187 0039 9C010000 		.4byte	.LASF2
 1188 003d 02       		.uleb128 0x2
 1189 003e 02       		.byte	0x2
 1190 003f 07       		.byte	0x7
 1191 0040 01010000 		.4byte	.LASF3
 1192 0044 02       		.uleb128 0x2
 1193 0045 04       		.byte	0x4
ARM GAS  C:\Users\ESTEBAN\AppData\Local\Temp\ccs4kT6k.s 			page 22


 1194 0046 05       		.byte	0x5
 1195 0047 A6010000 		.4byte	.LASF4
 1196 004b 02       		.uleb128 0x2
 1197 004c 04       		.byte	0x4
 1198 004d 07       		.byte	0x7
 1199 004e EF000000 		.4byte	.LASF5
 1200 0052 02       		.uleb128 0x2
 1201 0053 08       		.byte	0x8
 1202 0054 05       		.byte	0x5
 1203 0055 8E010000 		.4byte	.LASF6
 1204 0059 02       		.uleb128 0x2
 1205 005a 08       		.byte	0x8
 1206 005b 07       		.byte	0x7
 1207 005c 43010000 		.4byte	.LASF7
 1208 0060 04       		.uleb128 0x4
 1209 0061 04       		.byte	0x4
 1210 0062 05       		.byte	0x5
 1211 0063 696E7400 		.ascii	"int\000"
 1212 0067 02       		.uleb128 0x2
 1213 0068 04       		.byte	0x4
 1214 0069 07       		.byte	0x7
 1215 006a 36010000 		.4byte	.LASF8
 1216 006e 03       		.uleb128 0x3
 1217 006f 5A010000 		.4byte	.LASF10
 1218 0073 02       		.byte	0x2
 1219 0074 18       		.byte	0x18
 1220 0075 24000000 		.4byte	0x24
 1221 0079 05       		.uleb128 0x5
 1222 007a 91000000 		.4byte	0x91
 1223 007e 8A000000 		.4byte	0x8a
 1224 0082 06       		.uleb128 0x6
 1225 0083 8A000000 		.4byte	0x8a
 1226 0087 3B04     		.2byte	0x43b
 1227 0089 00       		.byte	0
 1228 008a 02       		.uleb128 0x2
 1229 008b 04       		.byte	0x4
 1230 008c 07       		.byte	0x7
 1231 008d 85010000 		.4byte	.LASF11
 1232 0091 07       		.uleb128 0x7
 1233 0092 6E000000 		.4byte	0x6e
 1234 0096 08       		.uleb128 0x8
 1235 0097 24010000 		.4byte	.LASF12
 1236 009b 03       		.byte	0x3
 1237 009c 1F       		.byte	0x1f
 1238 009d A7000000 		.4byte	0xa7
 1239 00a1 05       		.uleb128 0x5
 1240 00a2 03       		.byte	0x3
 1241 00a3 00000000 		.4byte	cy_meta_configecc
 1242 00a7 07       		.uleb128 0x7
 1243 00a8 79000000 		.4byte	0x79
 1244 00ac 05       		.uleb128 0x5
 1245 00ad 91000000 		.4byte	0x91
 1246 00b1 BC000000 		.4byte	0xbc
 1247 00b5 09       		.uleb128 0x9
 1248 00b6 8A000000 		.4byte	0x8a
 1249 00ba 03       		.byte	0x3
 1250 00bb 00       		.byte	0
ARM GAS  C:\Users\ESTEBAN\AppData\Local\Temp\ccs4kT6k.s 			page 23


 1251 00bc 08       		.uleb128 0x8
 1252 00bd 14010000 		.4byte	.LASF13
 1253 00c1 03       		.byte	0x3
 1254 00c2 B4       		.byte	0xb4
 1255 00c3 CD000000 		.4byte	0xcd
 1256 00c7 05       		.uleb128 0x5
 1257 00c8 03       		.byte	0x3
 1258 00c9 00000000 		.4byte	cy_meta_custnvl
 1259 00cd 07       		.uleb128 0x7
 1260 00ce AC000000 		.4byte	0xac
 1261 00d2 08       		.uleb128 0x8
 1262 00d3 77010000 		.4byte	.LASF14
 1263 00d7 03       		.byte	0x3
 1264 00d8 C2       		.byte	0xc2
 1265 00d9 E3000000 		.4byte	0xe3
 1266 00dd 05       		.uleb128 0x5
 1267 00de 03       		.byte	0x3
 1268 00df 00000000 		.4byte	cy_meta_wonvl
 1269 00e3 07       		.uleb128 0x7
 1270 00e4 AC000000 		.4byte	0xac
 1271 00e8 05       		.uleb128 0x5
 1272 00e9 91000000 		.4byte	0x91
 1273 00ed F8000000 		.4byte	0xf8
 1274 00f1 09       		.uleb128 0x9
 1275 00f2 8A000000 		.4byte	0x8a
 1276 00f6 FF       		.byte	0xff
 1277 00f7 00       		.byte	0
 1278 00f8 08       		.uleb128 0x8
 1279 00f9 62010000 		.4byte	.LASF15
 1280 00fd 03       		.byte	0x3
 1281 00fe D0       		.byte	0xd0
 1282 00ff 09010000 		.4byte	0x109
 1283 0103 05       		.uleb128 0x5
 1284 0104 03       		.byte	0x3
 1285 0105 00000000 		.4byte	cy_meta_flashprotect
 1286 0109 07       		.uleb128 0x7
 1287 010a E8000000 		.4byte	0xe8
 1288 010e 05       		.uleb128 0x5
 1289 010f 91000000 		.4byte	0x91
 1290 0113 1E010000 		.4byte	0x11e
 1291 0117 09       		.uleb128 0x9
 1292 0118 8A000000 		.4byte	0x8a
 1293 011c 0B       		.byte	0xb
 1294 011d 00       		.byte	0
 1295 011e 08       		.uleb128 0x8
 1296 011f 47000000 		.4byte	.LASF16
 1297 0123 03       		.byte	0x3
 1298 0124 FD       		.byte	0xfd
 1299 0125 2F010000 		.4byte	0x12f
 1300 0129 05       		.uleb128 0x5
 1301 012a 03       		.byte	0x3
 1302 012b 00000000 		.4byte	cy_metadata
 1303 012f 07       		.uleb128 0x7
 1304 0130 0E010000 		.4byte	0x10e
 1305 0134 00       		.byte	0
 1306              		.section	.debug_abbrev,"",%progbits
 1307              	.Ldebug_abbrev0:
ARM GAS  C:\Users\ESTEBAN\AppData\Local\Temp\ccs4kT6k.s 			page 24


 1308 0000 01       		.uleb128 0x1
 1309 0001 11       		.uleb128 0x11
 1310 0002 01       		.byte	0x1
 1311 0003 25       		.uleb128 0x25
 1312 0004 0E       		.uleb128 0xe
 1313 0005 13       		.uleb128 0x13
 1314 0006 0B       		.uleb128 0xb
 1315 0007 03       		.uleb128 0x3
 1316 0008 0E       		.uleb128 0xe
 1317 0009 1B       		.uleb128 0x1b
 1318 000a 0E       		.uleb128 0xe
 1319 000b 10       		.uleb128 0x10
 1320 000c 17       		.uleb128 0x17
 1321 000d 00       		.byte	0
 1322 000e 00       		.byte	0
 1323 000f 02       		.uleb128 0x2
 1324 0010 24       		.uleb128 0x24
 1325 0011 00       		.byte	0
 1326 0012 0B       		.uleb128 0xb
 1327 0013 0B       		.uleb128 0xb
 1328 0014 3E       		.uleb128 0x3e
 1329 0015 0B       		.uleb128 0xb
 1330 0016 03       		.uleb128 0x3
 1331 0017 0E       		.uleb128 0xe
 1332 0018 00       		.byte	0
 1333 0019 00       		.byte	0
 1334 001a 03       		.uleb128 0x3
 1335 001b 16       		.uleb128 0x16
 1336 001c 00       		.byte	0
 1337 001d 03       		.uleb128 0x3
 1338 001e 0E       		.uleb128 0xe
 1339 001f 3A       		.uleb128 0x3a
 1340 0020 0B       		.uleb128 0xb
 1341 0021 3B       		.uleb128 0x3b
 1342 0022 0B       		.uleb128 0xb
 1343 0023 49       		.uleb128 0x49
 1344 0024 13       		.uleb128 0x13
 1345 0025 00       		.byte	0
 1346 0026 00       		.byte	0
 1347 0027 04       		.uleb128 0x4
 1348 0028 24       		.uleb128 0x24
 1349 0029 00       		.byte	0
 1350 002a 0B       		.uleb128 0xb
 1351 002b 0B       		.uleb128 0xb
 1352 002c 3E       		.uleb128 0x3e
 1353 002d 0B       		.uleb128 0xb
 1354 002e 03       		.uleb128 0x3
 1355 002f 08       		.uleb128 0x8
 1356 0030 00       		.byte	0
 1357 0031 00       		.byte	0
 1358 0032 05       		.uleb128 0x5
 1359 0033 01       		.uleb128 0x1
 1360 0034 01       		.byte	0x1
 1361 0035 49       		.uleb128 0x49
 1362 0036 13       		.uleb128 0x13
 1363 0037 01       		.uleb128 0x1
 1364 0038 13       		.uleb128 0x13
ARM GAS  C:\Users\ESTEBAN\AppData\Local\Temp\ccs4kT6k.s 			page 25


 1365 0039 00       		.byte	0
 1366 003a 00       		.byte	0
 1367 003b 06       		.uleb128 0x6
 1368 003c 21       		.uleb128 0x21
 1369 003d 00       		.byte	0
 1370 003e 49       		.uleb128 0x49
 1371 003f 13       		.uleb128 0x13
 1372 0040 2F       		.uleb128 0x2f
 1373 0041 05       		.uleb128 0x5
 1374 0042 00       		.byte	0
 1375 0043 00       		.byte	0
 1376 0044 07       		.uleb128 0x7
 1377 0045 26       		.uleb128 0x26
 1378 0046 00       		.byte	0
 1379 0047 49       		.uleb128 0x49
 1380 0048 13       		.uleb128 0x13
 1381 0049 00       		.byte	0
 1382 004a 00       		.byte	0
 1383 004b 08       		.uleb128 0x8
 1384 004c 34       		.uleb128 0x34
 1385 004d 00       		.byte	0
 1386 004e 03       		.uleb128 0x3
 1387 004f 0E       		.uleb128 0xe
 1388 0050 3A       		.uleb128 0x3a
 1389 0051 0B       		.uleb128 0xb
 1390 0052 3B       		.uleb128 0x3b
 1391 0053 0B       		.uleb128 0xb
 1392 0054 49       		.uleb128 0x49
 1393 0055 13       		.uleb128 0x13
 1394 0056 3F       		.uleb128 0x3f
 1395 0057 19       		.uleb128 0x19
 1396 0058 02       		.uleb128 0x2
 1397 0059 18       		.uleb128 0x18
 1398 005a 00       		.byte	0
 1399 005b 00       		.byte	0
 1400 005c 09       		.uleb128 0x9
 1401 005d 21       		.uleb128 0x21
 1402 005e 00       		.byte	0
 1403 005f 49       		.uleb128 0x49
 1404 0060 13       		.uleb128 0x13
 1405 0061 2F       		.uleb128 0x2f
 1406 0062 0B       		.uleb128 0xb
 1407 0063 00       		.byte	0
 1408 0064 00       		.byte	0
 1409 0065 00       		.byte	0
 1410              		.section	.debug_aranges,"",%progbits
 1411 0000 14000000 		.4byte	0x14
 1412 0004 0200     		.2byte	0x2
 1413 0006 00000000 		.4byte	.Ldebug_info0
 1414 000a 04       		.byte	0x4
 1415 000b 00       		.byte	0
 1416 000c 0000     		.2byte	0
 1417 000e 0000     		.2byte	0
 1418 0010 00000000 		.4byte	0
 1419 0014 00000000 		.4byte	0
 1420              		.section	.debug_line,"",%progbits
 1421              	.Ldebug_line0:
ARM GAS  C:\Users\ESTEBAN\AppData\Local\Temp\ccs4kT6k.s 			page 26


 1422 0000 3D010000 		.section	.debug_str,"MS",%progbits,1
 1422      02003701 
 1422      00000201 
 1422      FB0E0D00 
 1422      01010101 
 1423              	.LASF9:
 1424 0000 5F5F7569 		.ascii	"__uint8_t\000"
 1424      6E74385F 
 1424      7400
 1425              	.LASF19:
 1426 000a 463A5C50 		.ascii	"F:\\Psoc\\el original\\Todo\\ADC+UART+MUX - copia\\"
 1426      736F635C 
 1426      656C206F 
 1426      72696769 
 1426      6E616C5C 
 1427 0038 44657369 		.ascii	"Design01.cydsn\000"
 1427      676E3031 
 1427      2E637964 
 1427      736E00
 1428              	.LASF16:
 1429 0047 63795F6D 		.ascii	"cy_metadata\000"
 1429      65746164 
 1429      61746100 
 1430              	.LASF1:
 1431 0053 756E7369 		.ascii	"unsigned char\000"
 1431      676E6564 
 1431      20636861 
 1431      7200
 1432              	.LASF17:
 1433 0061 474E5520 		.ascii	"GNU C11 5.4.1 20160609 (release) [ARM/embedded-5-br"
 1433      43313120 
 1433      352E342E 
 1433      31203230 
 1433      31363036 
 1434 0094 616E6368 		.ascii	"anch revision 237715] -mcpu=cortex-m3 -mthumb -g -O"
 1434      20726576 
 1434      6973696F 
 1434      6E203233 
 1434      37373135 
 1435 00c7 67202D66 		.ascii	"g -ffunction-sections -ffat-lto-objects\000"
 1435      66756E63 
 1435      74696F6E 
 1435      2D736563 
 1435      74696F6E 
 1436              	.LASF5:
 1437 00ef 6C6F6E67 		.ascii	"long unsigned int\000"
 1437      20756E73 
 1437      69676E65 
 1437      6420696E 
 1437      7400
 1438              	.LASF3:
 1439 0101 73686F72 		.ascii	"short unsigned int\000"
 1439      7420756E 
 1439      7369676E 
 1439      65642069 
 1439      6E7400
 1440              	.LASF13:
ARM GAS  C:\Users\ESTEBAN\AppData\Local\Temp\ccs4kT6k.s 			page 27


 1441 0114 63795F6D 		.ascii	"cy_meta_custnvl\000"
 1441      6574615F 
 1441      63757374 
 1441      6E766C00 
 1442              	.LASF12:
 1443 0124 63795F6D 		.ascii	"cy_meta_configecc\000"
 1443      6574615F 
 1443      636F6E66 
 1443      69676563 
 1443      6300
 1444              	.LASF8:
 1445 0136 756E7369 		.ascii	"unsigned int\000"
 1445      676E6564 
 1445      20696E74 
 1445      00
 1446              	.LASF7:
 1447 0143 6C6F6E67 		.ascii	"long long unsigned int\000"
 1447      206C6F6E 
 1447      6720756E 
 1447      7369676E 
 1447      65642069 
 1448              	.LASF10:
 1449 015a 75696E74 		.ascii	"uint8_t\000"
 1449      385F7400 
 1450              	.LASF15:
 1451 0162 63795F6D 		.ascii	"cy_meta_flashprotect\000"
 1451      6574615F 
 1451      666C6173 
 1451      6870726F 
 1451      74656374 
 1452              	.LASF14:
 1453 0177 63795F6D 		.ascii	"cy_meta_wonvl\000"
 1453      6574615F 
 1453      776F6E76 
 1453      6C00
 1454              	.LASF11:
 1455 0185 73697A65 		.ascii	"sizetype\000"
 1455      74797065 
 1455      00
 1456              	.LASF6:
 1457 018e 6C6F6E67 		.ascii	"long long int\000"
 1457      206C6F6E 
 1457      6720696E 
 1457      7400
 1458              	.LASF2:
 1459 019c 73686F72 		.ascii	"short int\000"
 1459      7420696E 
 1459      7400
 1460              	.LASF4:
 1461 01a6 6C6F6E67 		.ascii	"long int\000"
 1461      20696E74 
 1461      00
 1462              	.LASF0:
 1463 01af 7369676E 		.ascii	"signed char\000"
 1463      65642063 
 1463      68617200 
 1464              	.LASF18:
ARM GAS  C:\Users\ESTEBAN\AppData\Local\Temp\ccs4kT6k.s 			page 28


 1465 01bb 47656E65 		.ascii	"Generated_Source\\PSoC5\\cymetadata.c\000"
 1465      72617465 
 1465      645F536F 
 1465      75726365 
 1465      5C50536F 
 1466              		.ident	"GCC: (GNU Tools for ARM Embedded Processors) 5.4.1 20160609 (release) [ARM/embedded-5-bran
