ARM GAS  C:\Users\ESTEBAN\AppData\Local\Temp\ccOtkGdO.s 			page 1


   1              		.syntax unified
   2              		.cpu cortex-m3
   3              		.fpu softvfp
   4              		.eabi_attribute 20, 1
   5              		.eabi_attribute 21, 1
   6              		.eabi_attribute 23, 3
   7              		.eabi_attribute 24, 1
   8              		.eabi_attribute 25, 1
   9              		.eabi_attribute 26, 1
  10              		.eabi_attribute 30, 1
  11              		.eabi_attribute 34, 1
  12              		.eabi_attribute 18, 4
  13              		.thumb
  14              		.syntax unified
  15              		.file	"cymetadata.c"
  16              		.text
  17              	.Ltext0:
  18              		.cfi_sections	.debug_frame
  19              		.global	cy_metadata
  20              		.global	cy_meta_flashprotect
  21              		.global	cy_meta_wonvl
  22              		.global	cy_meta_custnvl
  23              		.global	cy_meta_configecc
  24              		.section	.cyconfigecc,"a",%progbits
  25              		.align	2
  26              		.type	cy_meta_configecc, %object
  27              		.size	cy_meta_configecc, 2060
  28              	cy_meta_configecc:
  29 0000 04       		.byte	4
  30 0001 52       		.byte	82
  31 0002 00       		.byte	0
  32 0003 40       		.byte	64
  33 0004 06       		.byte	6
  34 0005 64       		.byte	100
  35 0006 00       		.byte	0
  36 0007 40       		.byte	64
  37 0008 01       		.byte	1
  38 0009 65       		.byte	101
  39 000a 00       		.byte	0
  40 000b 40       		.byte	64
  41 000c 3F       		.byte	63
  42 000d 06       		.byte	6
  43 000e 01       		.byte	1
  44 000f 40       		.byte	64
  45 0010 1C       		.byte	28
  46 0011 07       		.byte	7
  47 0012 01       		.byte	1
  48 0013 40       		.byte	64
  49 0014 5B       		.byte	91
  50 0015 08       		.byte	8
  51 0016 01       		.byte	1
  52 0017 40       		.byte	64
  53 0018 3C       		.byte	60
  54 0019 09       		.byte	9
  55 001a 01       		.byte	1
  56 001b 40       		.byte	64
  57 001c 4A       		.byte	74
ARM GAS  C:\Users\ESTEBAN\AppData\Local\Temp\ccOtkGdO.s 			page 2


  58 001d 0A       		.byte	10
  59 001e 01       		.byte	1
  60 001f 40       		.byte	64
  61 0020 2A       		.byte	42
  62 0021 0B       		.byte	11
  63 0022 01       		.byte	1
  64 0023 40       		.byte	64
  65 0024 49       		.byte	73
  66 0025 0C       		.byte	12
  67 0026 01       		.byte	1
  68 0027 40       		.byte	64
  69 0028 24       		.byte	36
  70 0029 0D       		.byte	13
  71 002a 01       		.byte	1
  72 002b 40       		.byte	64
  73 002c 41       		.byte	65
  74 002d 0E       		.byte	14
  75 002e 01       		.byte	1
  76 002f 40       		.byte	64
  77 0030 1C       		.byte	28
  78 0031 0F       		.byte	15
  79 0032 01       		.byte	1
  80 0033 40       		.byte	64
  81 0034 04       		.byte	4
  82 0035 15       		.byte	21
  83 0036 01       		.byte	1
  84 0037 40       		.byte	64
  85 0038 04       		.byte	4
  86 0039 16       		.byte	22
  87 003a 01       		.byte	1
  88 003b 40       		.byte	64
  89 003c 05       		.byte	5
  90 003d 17       		.byte	23
  91 003e 01       		.byte	1
  92 003f 40       		.byte	64
  93 0040 56       		.byte	86
  94 0041 18       		.byte	24
  95 0042 01       		.byte	1
  96 0043 40       		.byte	64
  97 0044 38       		.byte	56
  98 0045 19       		.byte	25
  99 0046 01       		.byte	1
 100 0047 40       		.byte	64
 101 0048 16       		.byte	22
 102 0049 1A       		.byte	26
 103 004a 01       		.byte	1
 104 004b 40       		.byte	64
 105 004c 41       		.byte	65
 106 004d 1B       		.byte	27
 107 004e 01       		.byte	1
 108 004f 40       		.byte	64
 109 0050 02       		.byte	2
 110 0051 40       		.byte	64
 111 0052 01       		.byte	1
 112 0053 40       		.byte	64
 113 0054 01       		.byte	1
 114 0055 41       		.byte	65
ARM GAS  C:\Users\ESTEBAN\AppData\Local\Temp\ccOtkGdO.s 			page 3


 115 0056 01       		.byte	1
 116 0057 40       		.byte	64
 117 0058 01       		.byte	1
 118 0059 42       		.byte	66
 119 005a 01       		.byte	1
 120 005b 40       		.byte	64
 121 005c 01       		.byte	1
 122 005d 43       		.byte	67
 123 005e 01       		.byte	1
 124 005f 40       		.byte	64
 125 0060 02       		.byte	2
 126 0061 44       		.byte	68
 127 0062 01       		.byte	1
 128 0063 40       		.byte	64
 129 0064 05       		.byte	5
 130 0065 45       		.byte	69
 131 0066 01       		.byte	1
 132 0067 40       		.byte	64
 133 0068 08       		.byte	8
 134 0069 46       		.byte	70
 135 006a 01       		.byte	1
 136 006b 40       		.byte	64
 137 006c 05       		.byte	5
 138 006d 47       		.byte	71
 139 006e 01       		.byte	1
 140 006f 40       		.byte	64
 141 0070 03       		.byte	3
 142 0071 48       		.byte	72
 143 0072 01       		.byte	1
 144 0073 40       		.byte	64
 145 0074 05       		.byte	5
 146 0075 49       		.byte	73
 147 0076 01       		.byte	1
 148 0077 40       		.byte	64
 149 0078 07       		.byte	7
 150 0079 4C       		.byte	76
 151 007a 01       		.byte	1
 152 007b 40       		.byte	64
 153 007c 0D       		.byte	13
 154 007d 4D       		.byte	77
 155 007e 01       		.byte	1
 156 007f 40       		.byte	64
 157 0080 06       		.byte	6
 158 0081 50       		.byte	80
 159 0082 01       		.byte	1
 160 0083 40       		.byte	64
 161 0084 01       		.byte	1
 162 0085 51       		.byte	81
 163 0086 01       		.byte	1
 164 0087 40       		.byte	64
 165 0088 08       		.byte	8
 166 0089 80       		.byte	-128
 167 008a 10       		.byte	16
 168 008b 40       		.byte	64
 169 008c 61       		.byte	97
 170 008d 80       		.byte	-128
 171 008e 64       		.byte	100
ARM GAS  C:\Users\ESTEBAN\AppData\Local\Temp\ccOtkGdO.s 			page 4


 172 008f 40       		.byte	64
 173 0090 88       		.byte	-120
 174 0091 0F       		.byte	15
 175 0092 89       		.byte	-119
 176 0093 72       		.byte	114
 177 0094 8A       		.byte	-118
 178 0095 0D       		.byte	13
 179 0096 8B       		.byte	-117
 180 0097 67       		.byte	103
 181 0098 8D       		.byte	-115
 182 0099 67       		.byte	103
 183 009a 8F       		.byte	-113
 184 009b 0D       		.byte	13
 185 009c 8A       		.byte	-118
 186 009d 38       		.byte	56
 187 009e 40       		.byte	64
 188 009f 52       		.byte	82
 189 00a0 41       		.byte	65
 190 00a1 06       		.byte	6
 191 00a2 49       		.byte	73
 192 00a3 FF       		.byte	-1
 193 00a4 4A       		.byte	74
 194 00a5 FF       		.byte	-1
 195 00a6 4B       		.byte	75
 196 00a7 FF       		.byte	-1
 197 00a8 4D       		.byte	77
 198 00a9 A0       		.byte	-96
 199 00aa 4F       		.byte	79
 200 00ab 01       		.byte	1
 201 00ac 50       		.byte	80
 202 00ad 18       		.byte	24
 203 00ae 5A       		.byte	90
 204 00af 04       		.byte	4
 205 00b0 5D       		.byte	93
 206 00b1 04       		.byte	4
 207 00b2 5F       		.byte	95
 208 00b3 01       		.byte	1
 209 00b4 60       		.byte	96
 210 00b5 40       		.byte	64
 211 00b6 62       		.byte	98
 212 00b7 80       		.byte	-128
 213 00b8 64       		.byte	100
 214 00b9 40       		.byte	64
 215 00ba 65       		.byte	101
 216 00bb 40       		.byte	64
 217 00bc 66       		.byte	102
 218 00bd 80       		.byte	-128
 219 00be 68       		.byte	104
 220 00bf 40       		.byte	64
 221 00c0 6A       		.byte	106
 222 00c1 50       		.byte	80
 223 00c2 6B       		.byte	107
 224 00c3 A8       		.byte	-88
 225 00c4 6C       		.byte	108
 226 00c5 40       		.byte	64
 227 00c6 6D       		.byte	109
 228 00c7 20       		.byte	32
ARM GAS  C:\Users\ESTEBAN\AppData\Local\Temp\ccOtkGdO.s 			page 5


 229 00c8 6E       		.byte	110
 230 00c9 50       		.byte	80
 231 00ca 6F       		.byte	111
 232 00cb A8       		.byte	-88
 233 00cc 86       		.byte	-122
 234 00cd 02       		.byte	2
 235 00ce 88       		.byte	-120
 236 00cf 01       		.byte	1
 237 00d0 92       		.byte	-110
 238 00d1 02       		.byte	2
 239 00d2 98       		.byte	-104
 240 00d3 02       		.byte	2
 241 00d4 A6       		.byte	-90
 242 00d5 05       		.byte	5
 243 00d6 AF       		.byte	-81
 244 00d7 01       		.byte	1
 245 00d8 B0       		.byte	-80
 246 00d9 01       		.byte	1
 247 00da B2       		.byte	-78
 248 00db 04       		.byte	4
 249 00dc B5       		.byte	-75
 250 00dd 01       		.byte	1
 251 00de B6       		.byte	-74
 252 00df 02       		.byte	2
 253 00e0 BE       		.byte	-66
 254 00e1 41       		.byte	65
 255 00e2 C0       		.byte	-64
 256 00e3 52       		.byte	82
 257 00e4 C1       		.byte	-63
 258 00e5 06       		.byte	6
 259 00e6 C9       		.byte	-55
 260 00e7 FF       		.byte	-1
 261 00e8 CA       		.byte	-54
 262 00e9 FF       		.byte	-1
 263 00ea CB       		.byte	-53
 264 00eb FF       		.byte	-1
 265 00ec CD       		.byte	-51
 266 00ed AF       		.byte	-81
 267 00ee CE       		.byte	-50
 268 00ef 07       		.byte	7
 269 00f0 CF       		.byte	-49
 270 00f1 01       		.byte	1
 271 00f2 D0       		.byte	-48
 272 00f3 18       		.byte	24
 273 00f4 D2       		.byte	-46
 274 00f5 80       		.byte	-128
 275 00f6 D8       		.byte	-40
 276 00f7 04       		.byte	4
 277 00f8 D9       		.byte	-39
 278 00f9 04       		.byte	4
 279 00fa DA       		.byte	-38
 280 00fb 04       		.byte	4
 281 00fc DB       		.byte	-37
 282 00fd 04       		.byte	4
 283 00fe DC       		.byte	-36
 284 00ff 44       		.byte	68
 285 0100 DD       		.byte	-35
ARM GAS  C:\Users\ESTEBAN\AppData\Local\Temp\ccOtkGdO.s 			page 6


 286 0101 44       		.byte	68
 287 0102 DF       		.byte	-33
 288 0103 01       		.byte	1
 289 0104 E0       		.byte	-32
 290 0105 40       		.byte	64
 291 0106 E2       		.byte	-30
 292 0107 80       		.byte	-128
 293 0108 E4       		.byte	-28
 294 0109 40       		.byte	64
 295 010a E5       		.byte	-27
 296 010b 40       		.byte	64
 297 010c E6       		.byte	-26
 298 010d 80       		.byte	-128
 299 010e E8       		.byte	-24
 300 010f 40       		.byte	64
 301 0110 EA       		.byte	-22
 302 0111 50       		.byte	80
 303 0112 EB       		.byte	-21
 304 0113 A8       		.byte	-88
 305 0114 EC       		.byte	-20
 306 0115 40       		.byte	64
 307 0116 ED       		.byte	-19
 308 0117 20       		.byte	32
 309 0118 EE       		.byte	-18
 310 0119 50       		.byte	80
 311 011a EF       		.byte	-17
 312 011b A8       		.byte	-88
 313 011c 00       		.byte	0
 314 011d 14       		.byte	20
 315 011e 09       		.byte	9
 316 011f 20       		.byte	32
 317 0120 0B       		.byte	11
 318 0121 40       		.byte	64
 319 0122 13       		.byte	19
 320 0123 08       		.byte	8
 321 0124 18       		.byte	24
 322 0125 10       		.byte	16
 323 0126 19       		.byte	25
 324 0127 82       		.byte	-126
 325 0128 21       		.byte	33
 326 0129 20       		.byte	32
 327 012a 28       		.byte	40
 328 012b 02       		.byte	2
 329 012c 42       		.byte	66
 330 012d 08       		.byte	8
 331 012e 46       		.byte	70
 332 012f 08       		.byte	8
 333 0130 49       		.byte	73
 334 0131 80       		.byte	-128
 335 0132 4A       		.byte	74
 336 0133 08       		.byte	8
 337 0134 4D       		.byte	77
 338 0135 80       		.byte	-128
 339 0136 4E       		.byte	78
 340 0137 08       		.byte	8
 341 0138 73       		.byte	115
 342 0139 40       		.byte	64
ARM GAS  C:\Users\ESTEBAN\AppData\Local\Temp\ccOtkGdO.s 			page 7


 343 013a 86       		.byte	-122
 344 013b 08       		.byte	8
 345 013c 87       		.byte	-121
 346 013d 08       		.byte	8
 347 013e 8E       		.byte	-114
 348 013f 08       		.byte	8
 349 0140 9D       		.byte	-99
 350 0141 02       		.byte	2
 351 0142 B5       		.byte	-75
 352 0143 02       		.byte	2
 353 0144 C0       		.byte	-64
 354 0145 06       		.byte	6
 355 0146 C2       		.byte	-62
 356 0147 0A       		.byte	10
 357 0148 C4       		.byte	-60
 358 0149 04       		.byte	4
 359 014a CA       		.byte	-54
 360 014b 08       		.byte	8
 361 014c D0       		.byte	-48
 362 014d 24       		.byte	36
 363 014e D2       		.byte	-46
 364 014f 3C       		.byte	60
 365 0150 E2       		.byte	-30
 366 0151 08       		.byte	8
 367 0152 E6       		.byte	-26
 368 0153 02       		.byte	2
 369 0154 00       		.byte	0
 370 0155 30       		.byte	48
 371 0156 02       		.byte	2
 372 0157 0E       		.byte	14
 373 0158 03       		.byte	3
 374 0159 02       		.byte	2
 375 015a 0B       		.byte	11
 376 015b 06       		.byte	6
 377 015c 0E       		.byte	14
 378 015d 0E       		.byte	14
 379 015e 10       		.byte	16
 380 015f 01       		.byte	1
 381 0160 11       		.byte	17
 382 0161 06       		.byte	6
 383 0162 13       		.byte	19
 384 0163 09       		.byte	9
 385 0164 19       		.byte	25
 386 0165 08       		.byte	8
 387 0166 1A       		.byte	26
 388 0167 02       		.byte	2
 389 0168 1B       		.byte	27
 390 0169 03       		.byte	3
 391 016a 1E       		.byte	30
 392 016b 20       		.byte	32
 393 016c 20       		.byte	32
 394 016d 06       		.byte	6
 395 016e 21       		.byte	33
 396 016f 10       		.byte	16
 397 0170 22       		.byte	34
 398 0171 18       		.byte	24
 399 0172 23       		.byte	35
ARM GAS  C:\Users\ESTEBAN\AppData\Local\Temp\ccOtkGdO.s 			page 8


 400 0173 01       		.byte	1
 401 0174 26       		.byte	38
 402 0175 30       		.byte	48
 403 0176 28       		.byte	40
 404 0177 06       		.byte	6
 405 0178 2A       		.byte	42
 406 0179 38       		.byte	56
 407 017a 2D       		.byte	45
 408 017b 08       		.byte	8
 409 017c 2F       		.byte	47
 410 017d 05       		.byte	5
 411 017e 30       		.byte	48
 412 017f 02       		.byte	2
 413 0180 33       		.byte	51
 414 0181 07       		.byte	7
 415 0182 34       		.byte	52
 416 0183 01       		.byte	1
 417 0184 35       		.byte	53
 418 0185 18       		.byte	24
 419 0186 36       		.byte	54
 420 0187 3C       		.byte	60
 421 0188 39       		.byte	57
 422 0189 20       		.byte	32
 423 018a 3A       		.byte	58
 424 018b 80       		.byte	-128
 425 018c 3B       		.byte	59
 426 018d 08       		.byte	8
 427 018e 3E       		.byte	62
 428 018f 11       		.byte	17
 429 0190 40       		.byte	64
 430 0191 21       		.byte	33
 431 0192 41       		.byte	65
 432 0193 03       		.byte	3
 433 0194 45       		.byte	69
 434 0195 5C       		.byte	92
 435 0196 47       		.byte	71
 436 0197 2E       		.byte	46
 437 0198 48       		.byte	72
 438 0199 37       		.byte	55
 439 019a 49       		.byte	73
 440 019b FF       		.byte	-1
 441 019c 4A       		.byte	74
 442 019d FF       		.byte	-1
 443 019e 4B       		.byte	75
 444 019f FF       		.byte	-1
 445 01a0 4D       		.byte	77
 446 01a1 AF       		.byte	-81
 447 01a2 4E       		.byte	78
 448 01a3 07       		.byte	7
 449 01a4 4F       		.byte	79
 450 01a5 01       		.byte	1
 451 01a6 50       		.byte	80
 452 01a7 18       		.byte	24
 453 01a8 54       		.byte	84
 454 01a9 01       		.byte	1
 455 01aa 58       		.byte	88
 456 01ab 04       		.byte	4
ARM GAS  C:\Users\ESTEBAN\AppData\Local\Temp\ccOtkGdO.s 			page 9


 457 01ac 59       		.byte	89
 458 01ad 04       		.byte	4
 459 01ae 5A       		.byte	90
 460 01af 04       		.byte	4
 461 01b0 5B       		.byte	91
 462 01b1 04       		.byte	4
 463 01b2 5C       		.byte	92
 464 01b3 22       		.byte	34
 465 01b4 5D       		.byte	93
 466 01b5 24       		.byte	36
 467 01b6 5F       		.byte	95
 468 01b7 01       		.byte	1
 469 01b8 60       		.byte	96
 470 01b9 40       		.byte	64
 471 01ba 62       		.byte	98
 472 01bb 80       		.byte	-128
 473 01bc 64       		.byte	100
 474 01bd 40       		.byte	64
 475 01be 65       		.byte	101
 476 01bf 40       		.byte	64
 477 01c0 66       		.byte	102
 478 01c1 80       		.byte	-128
 479 01c2 68       		.byte	104
 480 01c3 40       		.byte	64
 481 01c4 6A       		.byte	106
 482 01c5 50       		.byte	80
 483 01c6 6B       		.byte	107
 484 01c7 A8       		.byte	-88
 485 01c8 6C       		.byte	108
 486 01c9 40       		.byte	64
 487 01ca 6D       		.byte	109
 488 01cb 20       		.byte	32
 489 01cc 6E       		.byte	110
 490 01cd 50       		.byte	80
 491 01ce 6F       		.byte	111
 492 01cf A8       		.byte	-88
 493 01d0 84       		.byte	-124
 494 01d1 01       		.byte	1
 495 01d2 8C       		.byte	-116
 496 01d3 01       		.byte	1
 497 01d4 A8       		.byte	-88
 498 01d5 01       		.byte	1
 499 01d6 B0       		.byte	-80
 500 01d7 01       		.byte	1
 501 01d8 C0       		.byte	-64
 502 01d9 10       		.byte	16
 503 01da C1       		.byte	-63
 504 01db 05       		.byte	5
 505 01dc C9       		.byte	-55
 506 01dd FF       		.byte	-1
 507 01de CA       		.byte	-54
 508 01df FF       		.byte	-1
 509 01e0 CB       		.byte	-53
 510 01e1 FF       		.byte	-1
 511 01e2 CD       		.byte	-51
 512 01e3 A0       		.byte	-96
 513 01e4 CF       		.byte	-49
ARM GAS  C:\Users\ESTEBAN\AppData\Local\Temp\ccOtkGdO.s 			page 10


 514 01e5 04       		.byte	4
 515 01e6 D0       		.byte	-48
 516 01e7 18       		.byte	24
 517 01e8 D6       		.byte	-42
 518 01e9 02       		.byte	2
 519 01ea D7       		.byte	-41
 520 01eb 10       		.byte	16
 521 01ec D8       		.byte	-40
 522 01ed 04       		.byte	4
 523 01ee DA       		.byte	-38
 524 01ef 04       		.byte	4
 525 01f0 DB       		.byte	-37
 526 01f1 04       		.byte	4
 527 01f2 DC       		.byte	-36
 528 01f3 02       		.byte	2
 529 01f4 DD       		.byte	-35
 530 01f5 25       		.byte	37
 531 01f6 DF       		.byte	-33
 532 01f7 01       		.byte	1
 533 01f8 E0       		.byte	-32
 534 01f9 40       		.byte	64
 535 01fa E2       		.byte	-30
 536 01fb C0       		.byte	-64
 537 01fc E4       		.byte	-28
 538 01fd 40       		.byte	64
 539 01fe E5       		.byte	-27
 540 01ff 40       		.byte	64
 541 0200 E6       		.byte	-26
 542 0201 C0       		.byte	-64
 543 0202 E8       		.byte	-24
 544 0203 C0       		.byte	-64
 545 0204 EA       		.byte	-22
 546 0205 C0       		.byte	-64
 547 0206 EC       		.byte	-20
 548 0207 C0       		.byte	-64
 549 0208 EE       		.byte	-18
 550 0209 C0       		.byte	-64
 551 020a 01       		.byte	1
 552 020b 44       		.byte	68
 553 020c 04       		.byte	4
 554 020d 01       		.byte	1
 555 020e 06       		.byte	6
 556 020f 02       		.byte	2
 557 0210 0D       		.byte	13
 558 0211 02       		.byte	2
 559 0212 0F       		.byte	15
 560 0213 0A       		.byte	10
 561 0214 11       		.byte	17
 562 0215 10       		.byte	16
 563 0216 16       		.byte	22
 564 0217 80       		.byte	-128
 565 0218 17       		.byte	23
 566 0219 14       		.byte	20
 567 021a 1B       		.byte	27
 568 021b 02       		.byte	2
 569 021c 1C       		.byte	28
 570 021d 01       		.byte	1
ARM GAS  C:\Users\ESTEBAN\AppData\Local\Temp\ccOtkGdO.s 			page 11


 571 021e 1E       		.byte	30
 572 021f 4A       		.byte	74
 573 0220 25       		.byte	37
 574 0221 10       		.byte	16
 575 0222 27       		.byte	39
 576 0223 14       		.byte	20
 577 0224 29       		.byte	41
 578 0225 20       		.byte	32
 579 0226 2B       		.byte	43
 580 0227 04       		.byte	4
 581 0228 2E       		.byte	46
 582 0229 82       		.byte	-126
 583 022a 36       		.byte	54
 584 022b 01       		.byte	1
 585 022c 37       		.byte	55
 586 022d 10       		.byte	16
 587 022e 3D       		.byte	61
 588 022f 20       		.byte	32
 589 0230 3F       		.byte	63
 590 0231 02       		.byte	2
 591 0232 42       		.byte	66
 592 0233 01       		.byte	1
 593 0234 44       		.byte	68
 594 0235 04       		.byte	4
 595 0236 45       		.byte	69
 596 0237 84       		.byte	-124
 597 0238 4B       		.byte	75
 598 0239 80       		.byte	-128
 599 023a 4D       		.byte	77
 600 023b 01       		.byte	1
 601 023c 4F       		.byte	79
 602 023d 04       		.byte	4
 603 023e 54       		.byte	84
 604 023f 01       		.byte	1
 605 0240 55       		.byte	85
 606 0241 80       		.byte	-128
 607 0242 56       		.byte	86
 608 0243 08       		.byte	8
 609 0244 5A       		.byte	90
 610 0245 80       		.byte	-128
 611 0246 5D       		.byte	93
 612 0247 20       		.byte	32
 613 0248 5E       		.byte	94
 614 0249 48       		.byte	72
 615 024a 5F       		.byte	95
 616 024b 01       		.byte	1
 617 024c 69       		.byte	105
 618 024d 54       		.byte	84
 619 024e 70       		.byte	112
 620 024f D4       		.byte	-44
 621 0250 73       		.byte	115
 622 0251 08       		.byte	8
 623 0252 84       		.byte	-124
 624 0253 02       		.byte	2
 625 0254 85       		.byte	-123
 626 0255 81       		.byte	-127
 627 0256 88       		.byte	-120
ARM GAS  C:\Users\ESTEBAN\AppData\Local\Temp\ccOtkGdO.s 			page 12


 628 0257 01       		.byte	1
 629 0258 8A       		.byte	-118
 630 0259 10       		.byte	16
 631 025a 8D       		.byte	-115
 632 025b 04       		.byte	4
 633 025c 92       		.byte	-110
 634 025d 01       		.byte	1
 635 025e 93       		.byte	-109
 636 025f 80       		.byte	-128
 637 0260 97       		.byte	-105
 638 0261 04       		.byte	4
 639 0262 9C       		.byte	-100
 640 0263 02       		.byte	2
 641 0264 9E       		.byte	-98
 642 0265 08       		.byte	8
 643 0266 A5       		.byte	-91
 644 0267 04       		.byte	4
 645 0268 A6       		.byte	-90
 646 0269 10       		.byte	16
 647 026a B5       		.byte	-75
 648 026b 40       		.byte	64
 649 026c C0       		.byte	-64
 650 026d 95       		.byte	-107
 651 026e C2       		.byte	-62
 652 026f D0       		.byte	-48
 653 0270 C4       		.byte	-60
 654 0271 72       		.byte	114
 655 0272 CA       		.byte	-54
 656 0273 90       		.byte	-112
 657 0274 CC       		.byte	-52
 658 0275 A0       		.byte	-96
 659 0276 CE       		.byte	-50
 660 0277 A0       		.byte	-96
 661 0278 D0       		.byte	-48
 662 0279 78       		.byte	120
 663 027a D2       		.byte	-46
 664 027b 08       		.byte	8
 665 027c D6       		.byte	-42
 666 027d F8       		.byte	-8
 667 027e E4       		.byte	-28
 668 027f 40       		.byte	64
 669 0280 E8       		.byte	-24
 670 0281 40       		.byte	64
 671 0282 07       		.byte	7
 672 0283 03       		.byte	3
 673 0284 12       		.byte	18
 674 0285 01       		.byte	1
 675 0286 1A       		.byte	26
 676 0287 02       		.byte	2
 677 0288 1E       		.byte	30
 678 0289 01       		.byte	1
 679 028a 23       		.byte	35
 680 028b 02       		.byte	2
 681 028c 2D       		.byte	45
 682 028d 01       		.byte	1
 683 028e 30       		.byte	48
 684 028f 02       		.byte	2
ARM GAS  C:\Users\ESTEBAN\AppData\Local\Temp\ccOtkGdO.s 			page 13


 685 0290 31       		.byte	49
 686 0291 01       		.byte	1
 687 0292 34       		.byte	52
 688 0293 01       		.byte	1
 689 0294 35       		.byte	53
 690 0295 02       		.byte	2
 691 0296 38       		.byte	56
 692 0297 80       		.byte	-128
 693 0298 3E       		.byte	62
 694 0299 10       		.byte	16
 695 029a 40       		.byte	64
 696 029b 10       		.byte	16
 697 029c 41       		.byte	65
 698 029d 05       		.byte	5
 699 029e 45       		.byte	69
 700 029f D0       		.byte	-48
 701 02a0 46       		.byte	70
 702 02a1 02       		.byte	2
 703 02a2 47       		.byte	71
 704 02a3 01       		.byte	1
 705 02a4 48       		.byte	72
 706 02a5 16       		.byte	22
 707 02a6 49       		.byte	73
 708 02a7 FF       		.byte	-1
 709 02a8 4A       		.byte	74
 710 02a9 FF       		.byte	-1
 711 02aa 4B       		.byte	75
 712 02ab FF       		.byte	-1
 713 02ac 4D       		.byte	77
 714 02ad AF       		.byte	-81
 715 02ae 4E       		.byte	78
 716 02af 0F       		.byte	15
 717 02b0 4F       		.byte	79
 718 02b1 04       		.byte	4
 719 02b2 50       		.byte	80
 720 02b3 18       		.byte	24
 721 02b4 54       		.byte	84
 722 02b5 05       		.byte	5
 723 02b6 58       		.byte	88
 724 02b7 04       		.byte	4
 725 02b8 59       		.byte	89
 726 02b9 04       		.byte	4
 727 02ba 5A       		.byte	90
 728 02bb 04       		.byte	4
 729 02bc 5B       		.byte	91
 730 02bd 04       		.byte	4
 731 02be 5C       		.byte	92
 732 02bf 55       		.byte	85
 733 02c0 5D       		.byte	93
 734 02c1 55       		.byte	85
 735 02c2 5F       		.byte	95
 736 02c3 01       		.byte	1
 737 02c4 60       		.byte	96
 738 02c5 40       		.byte	64
 739 02c6 62       		.byte	98
 740 02c7 C0       		.byte	-64
 741 02c8 64       		.byte	100
ARM GAS  C:\Users\ESTEBAN\AppData\Local\Temp\ccOtkGdO.s 			page 14


 742 02c9 40       		.byte	64
 743 02ca 65       		.byte	101
 744 02cb 40       		.byte	64
 745 02cc 66       		.byte	102
 746 02cd C0       		.byte	-64
 747 02ce 68       		.byte	104
 748 02cf C0       		.byte	-64
 749 02d0 6A       		.byte	106
 750 02d1 C0       		.byte	-64
 751 02d2 6C       		.byte	108
 752 02d3 C0       		.byte	-64
 753 02d4 6E       		.byte	110
 754 02d5 C0       		.byte	-64
 755 02d6 90       		.byte	-112
 756 02d7 02       		.byte	2
 757 02d8 AE       		.byte	-82
 758 02d9 03       		.byte	3
 759 02da B0       		.byte	-80
 760 02db 01       		.byte	1
 761 02dc B4       		.byte	-76
 762 02dd 02       		.byte	2
 763 02de BE       		.byte	-66
 764 02df 10       		.byte	16
 765 02e0 C0       		.byte	-64
 766 02e1 51       		.byte	81
 767 02e2 C1       		.byte	-63
 768 02e3 03       		.byte	3
 769 02e4 C9       		.byte	-55
 770 02e5 FF       		.byte	-1
 771 02e6 CA       		.byte	-54
 772 02e7 FF       		.byte	-1
 773 02e8 CB       		.byte	-53
 774 02e9 FF       		.byte	-1
 775 02ea CD       		.byte	-51
 776 02eb A0       		.byte	-96
 777 02ec CF       		.byte	-49
 778 02ed 01       		.byte	1
 779 02ee D0       		.byte	-48
 780 02ef 18       		.byte	24
 781 02f0 D4       		.byte	-44
 782 02f1 07       		.byte	7
 783 02f2 D8       		.byte	-40
 784 02f3 04       		.byte	4
 785 02f4 DA       		.byte	-38
 786 02f5 04       		.byte	4
 787 02f6 DB       		.byte	-37
 788 02f7 04       		.byte	4
 789 02f8 DC       		.byte	-36
 790 02f9 04       		.byte	4
 791 02fa DD       		.byte	-35
 792 02fb 43       		.byte	67
 793 02fc DF       		.byte	-33
 794 02fd 01       		.byte	1
 795 02fe E0       		.byte	-32
 796 02ff 40       		.byte	64
 797 0300 E2       		.byte	-30
 798 0301 80       		.byte	-128
ARM GAS  C:\Users\ESTEBAN\AppData\Local\Temp\ccOtkGdO.s 			page 15


 799 0302 E4       		.byte	-28
 800 0303 40       		.byte	64
 801 0304 E5       		.byte	-27
 802 0305 40       		.byte	64
 803 0306 E6       		.byte	-26
 804 0307 80       		.byte	-128
 805 0308 E8       		.byte	-24
 806 0309 40       		.byte	64
 807 030a EA       		.byte	-22
 808 030b 50       		.byte	80
 809 030c EB       		.byte	-21
 810 030d A8       		.byte	-88
 811 030e EC       		.byte	-20
 812 030f 40       		.byte	64
 813 0310 ED       		.byte	-19
 814 0311 20       		.byte	32
 815 0312 EE       		.byte	-18
 816 0313 50       		.byte	80
 817 0314 EF       		.byte	-17
 818 0315 A8       		.byte	-88
 819 0316 0A       		.byte	10
 820 0317 01       		.byte	1
 821 0318 0B       		.byte	11
 822 0319 88       		.byte	-120
 823 031a 0E       		.byte	14
 824 031b 80       		.byte	-128
 825 031c 14       		.byte	20
 826 031d 02       		.byte	2
 827 031e 1A       		.byte	26
 828 031f 05       		.byte	5
 829 0320 1B       		.byte	27
 830 0321 81       		.byte	-127
 831 0322 1E       		.byte	30
 832 0323 88       		.byte	-120
 833 0324 21       		.byte	33
 834 0325 20       		.byte	32
 835 0326 23       		.byte	35
 836 0327 80       		.byte	-128
 837 0328 2B       		.byte	43
 838 0329 81       		.byte	-127
 839 032a 3B       		.byte	59
 840 032b 08       		.byte	8
 841 032c 42       		.byte	66
 842 032d 01       		.byte	1
 843 032e 45       		.byte	69
 844 032f 84       		.byte	-124
 845 0330 49       		.byte	73
 846 0331 01       		.byte	1
 847 0332 4B       		.byte	75
 848 0333 80       		.byte	-128
 849 0334 4F       		.byte	79
 850 0335 80       		.byte	-128
 851 0336 53       		.byte	83
 852 0337 44       		.byte	68
 853 0338 59       		.byte	89
 854 0339 01       		.byte	1
 855 033a 5A       		.byte	90
ARM GAS  C:\Users\ESTEBAN\AppData\Local\Temp\ccOtkGdO.s 			page 16


 856 033b 04       		.byte	4
 857 033c 5B       		.byte	91
 858 033d 80       		.byte	-128
 859 033e 5D       		.byte	93
 860 033f 40       		.byte	64
 861 0340 5E       		.byte	94
 862 0341 28       		.byte	40
 863 0342 66       		.byte	102
 864 0343 08       		.byte	8
 865 0344 67       		.byte	103
 866 0345 04       		.byte	4
 867 0346 89       		.byte	-119
 868 0347 20       		.byte	32
 869 0348 A1       		.byte	-95
 870 0349 80       		.byte	-128
 871 034a A3       		.byte	-93
 872 034b 40       		.byte	64
 873 034c A5       		.byte	-91
 874 034d 04       		.byte	4
 875 034e AC       		.byte	-84
 876 034f 10       		.byte	16
 877 0350 B0       		.byte	-80
 878 0351 04       		.byte	4
 879 0352 B3       		.byte	-77
 880 0353 02       		.byte	2
 881 0354 B4       		.byte	-76
 882 0355 A0       		.byte	-96
 883 0356 B7       		.byte	-73
 884 0357 10       		.byte	16
 885 0358 C2       		.byte	-62
 886 0359 1B       		.byte	27
 887 035a C4       		.byte	-60
 888 035b 80       		.byte	-128
 889 035c CA       		.byte	-54
 890 035d 09       		.byte	9
 891 035e CE       		.byte	-50
 892 035f 02       		.byte	2
 893 0360 D0       		.byte	-48
 894 0361 58       		.byte	88
 895 0362 D2       		.byte	-46
 896 0363 18       		.byte	24
 897 0364 D6       		.byte	-42
 898 0365 7B       		.byte	123
 899 0366 D8       		.byte	-40
 900 0367 60       		.byte	96
 901 0368 E8       		.byte	-24
 902 0369 08       		.byte	8
 903 036a 40       		.byte	64
 904 036b 51       		.byte	81
 905 036c 41       		.byte	65
 906 036d 03       		.byte	3
 907 036e 49       		.byte	73
 908 036f FF       		.byte	-1
 909 0370 4A       		.byte	74
 910 0371 FF       		.byte	-1
 911 0372 4B       		.byte	75
 912 0373 FF       		.byte	-1
ARM GAS  C:\Users\ESTEBAN\AppData\Local\Temp\ccOtkGdO.s 			page 17


 913 0374 4D       		.byte	77
 914 0375 AF       		.byte	-81
 915 0376 4E       		.byte	78
 916 0377 07       		.byte	7
 917 0378 4F       		.byte	79
 918 0379 01       		.byte	1
 919 037a 50       		.byte	80
 920 037b 18       		.byte	24
 921 037c 5A       		.byte	90
 922 037d 04       		.byte	4
 923 037e 5D       		.byte	93
 924 037f 03       		.byte	3
 925 0380 5F       		.byte	95
 926 0381 01       		.byte	1
 927 0382 60       		.byte	96
 928 0383 40       		.byte	64
 929 0384 62       		.byte	98
 930 0385 80       		.byte	-128
 931 0386 64       		.byte	100
 932 0387 40       		.byte	64
 933 0388 65       		.byte	101
 934 0389 40       		.byte	64
 935 038a 66       		.byte	102
 936 038b 80       		.byte	-128
 937 038c 68       		.byte	104
 938 038d 40       		.byte	64
 939 038e 6A       		.byte	106
 940 038f 50       		.byte	80
 941 0390 6B       		.byte	107
 942 0391 A8       		.byte	-88
 943 0392 6C       		.byte	108
 944 0393 40       		.byte	64
 945 0394 6D       		.byte	109
 946 0395 20       		.byte	32
 947 0396 6E       		.byte	110
 948 0397 50       		.byte	80
 949 0398 6F       		.byte	111
 950 0399 A8       		.byte	-88
 951 039a 84       		.byte	-124
 952 039b 01       		.byte	1
 953 039c 87       		.byte	-121
 954 039d 03       		.byte	3
 955 039e 92       		.byte	-110
 956 039f 01       		.byte	1
 957 03a0 94       		.byte	-108
 958 03a1 08       		.byte	8
 959 03a2 95       		.byte	-107
 960 03a3 01       		.byte	1
 961 03a4 9E       		.byte	-98
 962 03a5 0C       		.byte	12
 963 03a6 A6       		.byte	-90
 964 03a7 03       		.byte	3
 965 03a8 B0       		.byte	-80
 966 03a9 08       		.byte	8
 967 03aa B2       		.byte	-78
 968 03ab 04       		.byte	4
 969 03ac B3       		.byte	-77
ARM GAS  C:\Users\ESTEBAN\AppData\Local\Temp\ccOtkGdO.s 			page 18


 970 03ad 02       		.byte	2
 971 03ae B4       		.byte	-76
 972 03af 02       		.byte	2
 973 03b0 B6       		.byte	-74
 974 03b1 01       		.byte	1
 975 03b2 B7       		.byte	-73
 976 03b3 01       		.byte	1
 977 03b4 BE       		.byte	-66
 978 03b5 41       		.byte	65
 979 03b6 BF       		.byte	-65
 980 03b7 40       		.byte	64
 981 03b8 C0       		.byte	-64
 982 03b9 15       		.byte	21
 983 03ba C1       		.byte	-63
 984 03bb 03       		.byte	3
 985 03bc C5       		.byte	-59
 986 03bd 25       		.byte	37
 987 03be C6       		.byte	-58
 988 03bf C0       		.byte	-64
 989 03c0 C7       		.byte	-57
 990 03c1 0E       		.byte	14
 991 03c2 C8       		.byte	-56
 992 03c3 1F       		.byte	31
 993 03c4 C9       		.byte	-55
 994 03c5 FF       		.byte	-1
 995 03c6 CA       		.byte	-54
 996 03c7 FF       		.byte	-1
 997 03c8 CB       		.byte	-53
 998 03c9 FF       		.byte	-1
 999 03ca CD       		.byte	-51
 1000 03cb AF       		.byte	-81
 1001 03cc CE       		.byte	-50
 1002 03cd 07       		.byte	7
 1003 03ce CF       		.byte	-49
 1004 03cf 01       		.byte	1
 1005 03d0 D0       		.byte	-48
 1006 03d1 18       		.byte	24
 1007 03d2 D2       		.byte	-46
 1008 03d3 80       		.byte	-128
 1009 03d4 D4       		.byte	-44
 1010 03d5 07       		.byte	7
 1011 03d6 D8       		.byte	-40
 1012 03d7 04       		.byte	4
 1013 03d8 D9       		.byte	-39
 1014 03d9 04       		.byte	4
 1015 03da DA       		.byte	-38
 1016 03db 04       		.byte	4
 1017 03dc DB       		.byte	-37
 1018 03dd 04       		.byte	4
 1019 03de DC       		.byte	-36
 1020 03df 33       		.byte	51
 1021 03e0 DD       		.byte	-35
 1022 03e1 33       		.byte	51
 1023 03e2 DF       		.byte	-33
 1024 03e3 01       		.byte	1
 1025 03e4 E0       		.byte	-32
 1026 03e5 40       		.byte	64
ARM GAS  C:\Users\ESTEBAN\AppData\Local\Temp\ccOtkGdO.s 			page 19


 1027 03e6 E2       		.byte	-30
 1028 03e7 80       		.byte	-128
 1029 03e8 E4       		.byte	-28
 1030 03e9 40       		.byte	64
 1031 03ea E5       		.byte	-27
 1032 03eb 40       		.byte	64
 1033 03ec E6       		.byte	-26
 1034 03ed 80       		.byte	-128
 1035 03ee E8       		.byte	-24
 1036 03ef 40       		.byte	64
 1037 03f0 EA       		.byte	-22
 1038 03f1 50       		.byte	80
 1039 03f2 EB       		.byte	-21
 1040 03f3 A8       		.byte	-88
 1041 03f4 EC       		.byte	-20
 1042 03f5 40       		.byte	64
 1043 03f6 ED       		.byte	-19
 1044 03f7 20       		.byte	32
 1045 03f8 EE       		.byte	-18
 1046 03f9 50       		.byte	80
 1047 03fa EF       		.byte	-17
 1048 03fb A8       		.byte	-88
 1049 03fc 03       		.byte	3
 1050 03fd 20       		.byte	32
 1051 03fe 09       		.byte	9
 1052 03ff 80       		.byte	-128
 1053 0400 0A       		.byte	10
 1054 0401 10       		.byte	16
 1055 0402 0B       		.byte	11
 1056 0403 40       		.byte	64
 1057 0404 10       		.byte	16
 1058 0405 20       		.byte	32
 1059 0406 1A       		.byte	26
 1060 0407 10       		.byte	16
 1061 0408 1B       		.byte	27
 1062 0409 E2       		.byte	-30
 1063 040a 22       		.byte	34
 1064 040b 48       		.byte	72
 1065 040c 32       		.byte	50
 1066 040d 08       		.byte	8
 1067 040e 3B       		.byte	59
 1068 040f 08       		.byte	8
 1069 0410 42       		.byte	66
 1070 0411 20       		.byte	32
 1071 0412 43       		.byte	67
 1072 0413 80       		.byte	-128
 1073 0414 45       		.byte	69
 1074 0415 84       		.byte	-124
 1075 0416 46       		.byte	70
 1076 0417 20       		.byte	32
 1077 0418 48       		.byte	72
 1078 0419 80       		.byte	-128
 1079 041a 4B       		.byte	75
 1080 041b 88       		.byte	-120
 1081 041c 4F       		.byte	79
 1082 041d 80       		.byte	-128
 1083 041e 51       		.byte	81
ARM GAS  C:\Users\ESTEBAN\AppData\Local\Temp\ccOtkGdO.s 			page 20


 1084 041f 88       		.byte	-120
 1085 0420 52       		.byte	82
 1086 0421 10       		.byte	16
 1087 0422 53       		.byte	83
 1088 0423 40       		.byte	64
 1089 0424 58       		.byte	88
 1090 0425 04       		.byte	4
 1091 0426 5A       		.byte	90
 1092 0427 80       		.byte	-128
 1093 0428 5B       		.byte	91
 1094 0429 10       		.byte	16
 1095 042a 61       		.byte	97
 1096 042b 08       		.byte	8
 1097 042c 62       		.byte	98
 1098 042d 10       		.byte	16
 1099 042e 73       		.byte	115
 1100 042f 40       		.byte	64
 1101 0430 A0       		.byte	-96
 1102 0431 10       		.byte	16
 1103 0432 C0       		.byte	-64
 1104 0433 04       		.byte	4
 1105 0434 C2       		.byte	-62
 1106 0435 0D       		.byte	13
 1107 0436 C4       		.byte	-60
 1108 0437 04       		.byte	4
 1109 0438 CC       		.byte	-52
 1110 0439 02       		.byte	2
 1111 043a CE       		.byte	-50
 1112 043b 02       		.byte	2
 1113 043c D0       		.byte	-48
 1114 043d 5A       		.byte	90
 1115 043e D2       		.byte	-46
 1116 043f 18       		.byte	24
 1117 0440 D6       		.byte	-42
 1118 0441 0E       		.byte	14
 1119 0442 D8       		.byte	-40
 1120 0443 06       		.byte	6
 1121 0444 07       		.byte	7
 1122 0445 01       		.byte	1
 1123 0446 0B       		.byte	11
 1124 0447 01       		.byte	1
 1125 0448 33       		.byte	51
 1126 0449 01       		.byte	1
 1127 044a 39       		.byte	57
 1128 044b 20       		.byte	32
 1129 044c 40       		.byte	64
 1130 044d 20       		.byte	32
 1131 044e 41       		.byte	65
 1132 044f 06       		.byte	6
 1133 0450 49       		.byte	73
 1134 0451 FF       		.byte	-1
 1135 0452 4A       		.byte	74
 1136 0453 FF       		.byte	-1
 1137 0454 4B       		.byte	75
 1138 0455 FF       		.byte	-1
 1139 0456 4D       		.byte	77
 1140 0457 A0       		.byte	-96
ARM GAS  C:\Users\ESTEBAN\AppData\Local\Temp\ccOtkGdO.s 			page 21


 1141 0458 4F       		.byte	79
 1142 0459 04       		.byte	4
 1143 045a 50       		.byte	80
 1144 045b 18       		.byte	24
 1145 045c 59       		.byte	89
 1146 045d 04       		.byte	4
 1147 045e 5A       		.byte	90
 1148 045f 04       		.byte	4
 1149 0460 5C       		.byte	92
 1150 0461 10       		.byte	16
 1151 0462 5D       		.byte	93
 1152 0463 01       		.byte	1
 1153 0464 5F       		.byte	95
 1154 0465 01       		.byte	1
 1155 0466 60       		.byte	96
 1156 0467 40       		.byte	64
 1157 0468 62       		.byte	98
 1158 0469 C0       		.byte	-64
 1159 046a 64       		.byte	100
 1160 046b 40       		.byte	64
 1161 046c 65       		.byte	101
 1162 046d 40       		.byte	64
 1163 046e 66       		.byte	102
 1164 046f C0       		.byte	-64
 1165 0470 68       		.byte	104
 1166 0471 C0       		.byte	-64
 1167 0472 6A       		.byte	106
 1168 0473 C0       		.byte	-64
 1169 0474 6C       		.byte	108
 1170 0475 C0       		.byte	-64
 1171 0476 6E       		.byte	110
 1172 0477 C0       		.byte	-64
 1173 0478 86       		.byte	-122
 1174 0479 01       		.byte	1
 1175 047a 8B       		.byte	-117
 1176 047b 01       		.byte	1
 1177 047c A1       		.byte	-95
 1178 047d 01       		.byte	1
 1179 047e A6       		.byte	-90
 1180 047f 02       		.byte	2
 1181 0480 AA       		.byte	-86
 1182 0481 01       		.byte	1
 1183 0482 B1       		.byte	-79
 1184 0483 01       		.byte	1
 1185 0484 B4       		.byte	-76
 1186 0485 01       		.byte	1
 1187 0486 B6       		.byte	-74
 1188 0487 02       		.byte	2
 1189 0488 BE       		.byte	-66
 1190 0489 10       		.byte	16
 1191 048a C0       		.byte	-64
 1192 048b 30       		.byte	48
 1193 048c C1       		.byte	-63
 1194 048d 02       		.byte	2
 1195 048e C5       		.byte	-59
 1196 048f D0       		.byte	-48
 1197 0490 C6       		.byte	-58
ARM GAS  C:\Users\ESTEBAN\AppData\Local\Temp\ccOtkGdO.s 			page 22


 1198 0491 10       		.byte	16
 1199 0492 C7       		.byte	-57
 1200 0493 02       		.byte	2
 1201 0494 C8       		.byte	-56
 1202 0495 1A       		.byte	26
 1203 0496 C9       		.byte	-55
 1204 0497 FF       		.byte	-1
 1205 0498 CA       		.byte	-54
 1206 0499 FF       		.byte	-1
 1207 049a CB       		.byte	-53
 1208 049b FF       		.byte	-1
 1209 049c CD       		.byte	-51
 1210 049d AF       		.byte	-81
 1211 049e CE       		.byte	-50
 1212 049f 0F       		.byte	15
 1213 04a0 CF       		.byte	-49
 1214 04a1 04       		.byte	4
 1215 04a2 D0       		.byte	-48
 1216 04a3 18       		.byte	24
 1217 04a4 D4       		.byte	-44
 1218 04a5 05       		.byte	5
 1219 04a6 D8       		.byte	-40
 1220 04a7 04       		.byte	4
 1221 04a8 D9       		.byte	-39
 1222 04a9 04       		.byte	4
 1223 04aa DA       		.byte	-38
 1224 04ab 04       		.byte	4
 1225 04ac DB       		.byte	-37
 1226 04ad 04       		.byte	4
 1227 04ae DC       		.byte	-36
 1228 04af 11       		.byte	17
 1229 04b0 DD       		.byte	-35
 1230 04b1 11       		.byte	17
 1231 04b2 DF       		.byte	-33
 1232 04b3 01       		.byte	1
 1233 04b4 E0       		.byte	-32
 1234 04b5 40       		.byte	64
 1235 04b6 E2       		.byte	-30
 1236 04b7 C0       		.byte	-64
 1237 04b8 E4       		.byte	-28
 1238 04b9 40       		.byte	64
 1239 04ba E5       		.byte	-27
 1240 04bb 40       		.byte	64
 1241 04bc E6       		.byte	-26
 1242 04bd C0       		.byte	-64
 1243 04be E8       		.byte	-24
 1244 04bf C0       		.byte	-64
 1245 04c0 EA       		.byte	-22
 1246 04c1 C0       		.byte	-64
 1247 04c2 EC       		.byte	-20
 1248 04c3 C0       		.byte	-64
 1249 04c4 EE       		.byte	-18
 1250 04c5 C0       		.byte	-64
 1251 04c6 04       		.byte	4
 1252 04c7 04       		.byte	4
 1253 04c8 16       		.byte	22
 1254 04c9 18       		.byte	24
ARM GAS  C:\Users\ESTEBAN\AppData\Local\Temp\ccOtkGdO.s 			page 23


 1255 04ca 1E       		.byte	30
 1256 04cb 08       		.byte	8
 1257 04cc 1F       		.byte	31
 1258 04cd 80       		.byte	-128
 1259 04ce 20       		.byte	32
 1260 04cf 24       		.byte	36
 1261 04d0 23       		.byte	35
 1262 04d1 08       		.byte	8
 1263 04d2 27       		.byte	39
 1264 04d3 80       		.byte	-128
 1265 04d4 2F       		.byte	47
 1266 04d5 80       		.byte	-128
 1267 04d6 38       		.byte	56
 1268 04d7 04       		.byte	4
 1269 04d8 3A       		.byte	58
 1270 04d9 10       		.byte	16
 1271 04da 3F       		.byte	63
 1272 04db 20       		.byte	32
 1273 04dc 40       		.byte	64
 1274 04dd 04       		.byte	4
 1275 04de 46       		.byte	70
 1276 04df 08       		.byte	8
 1277 04e0 47       		.byte	71
 1278 04e1 08       		.byte	8
 1279 04e2 48       		.byte	72
 1280 04e3 04       		.byte	4
 1281 04e4 4F       		.byte	79
 1282 04e5 01       		.byte	1
 1283 04e6 54       		.byte	84
 1284 04e7 04       		.byte	4
 1285 04e8 56       		.byte	86
 1286 04e9 18       		.byte	24
 1287 04ea 57       		.byte	87
 1288 04eb 10       		.byte	16
 1289 04ec 5E       		.byte	94
 1290 04ed 08       		.byte	8
 1291 04ee 5F       		.byte	95
 1292 04ef 81       		.byte	-127
 1293 04f0 C0       		.byte	-64
 1294 04f1 20       		.byte	32
 1295 04f2 C4       		.byte	-60
 1296 04f3 60       		.byte	96
 1297 04f4 CA       		.byte	-54
 1298 04f5 80       		.byte	-128
 1299 04f6 CE       		.byte	-50
 1300 04f7 26       		.byte	38
 1301 04f8 D0       		.byte	-48
 1302 04f9 64       		.byte	100
 1303 04fa D2       		.byte	-46
 1304 04fb 04       		.byte	4
 1305 04fc D6       		.byte	-42
 1306 04fd D0       		.byte	-48
 1307 04fe B0       		.byte	-80
 1308 04ff 02       		.byte	2
 1309 0500 B4       		.byte	-76
 1310 0501 04       		.byte	4
 1311 0502 E6       		.byte	-26
ARM GAS  C:\Users\ESTEBAN\AppData\Local\Temp\ccOtkGdO.s 			page 24


 1312 0503 02       		.byte	2
 1313 0504 E8       		.byte	-24
 1314 0505 01       		.byte	1
 1315 0506 39       		.byte	57
 1316 0507 08       		.byte	8
 1317 0508 3F       		.byte	63
 1318 0509 04       		.byte	4
 1319 050a 59       		.byte	89
 1320 050b 04       		.byte	4
 1321 050c 5F       		.byte	95
 1322 050d 01       		.byte	1
 1323 050e 26       		.byte	38
 1324 050f 08       		.byte	8
 1325 0510 94       		.byte	-108
 1326 0511 04       		.byte	4
 1327 0512 9C       		.byte	-100
 1328 0513 02       		.byte	2
 1329 0514 A6       		.byte	-90
 1330 0515 08       		.byte	8
 1331 0516 B1       		.byte	-79
 1332 0517 80       		.byte	-128
 1333 0518 00       		.byte	0
 1334 0519 0F       		.byte	15
 1335 051a 01       		.byte	1
 1336 051b 10       		.byte	16
 1337 051c 02       		.byte	2
 1338 051d 30       		.byte	48
 1339 051e 0D       		.byte	13
 1340 051f 14       		.byte	20
 1341 0520 0E       		.byte	14
 1342 0521 15       		.byte	21
 1343 0522 11       		.byte	17
 1344 0523 1C       		.byte	28
 1345 0524 13       		.byte	19
 1346 0525 02       		.byte	2
 1347 0526 15       		.byte	21
 1348 0527 09       		.byte	9
 1349 0528 17       		.byte	23
 1350 0529 10       		.byte	16
 1351 052a 18       		.byte	24
 1352 052b 0C       		.byte	12
 1353 052c 19       		.byte	25
 1354 052d 0C       		.byte	12
 1355 052e 1A       		.byte	26
 1356 052f 10       		.byte	16
 1357 0530 1B       		.byte	27
 1358 0531 11       		.byte	17
 1359 0532 1C       		.byte	28
 1360 0533 2A       		.byte	42
 1361 0534 1E       		.byte	30
 1362 0535 10       		.byte	16
 1363 0536 1F       		.byte	31
 1364 0537 03       		.byte	3
 1365 0538 26       		.byte	38
 1366 0539 20       		.byte	32
 1367 053a 28       		.byte	40
 1368 053b 0F       		.byte	15
ARM GAS  C:\Users\ESTEBAN\AppData\Local\Temp\ccOtkGdO.s 			page 25


 1369 053c 2A       		.byte	42
 1370 053d 10       		.byte	16
 1371 053e 2D       		.byte	45
 1372 053f 10       		.byte	16
 1373 0540 2F       		.byte	47
 1374 0541 0C       		.byte	12
 1375 0542 30       		.byte	48
 1376 0543 3C       		.byte	60
 1377 0544 31       		.byte	49
 1378 0545 1F       		.byte	31
 1379 0546 32       		.byte	50
 1380 0547 03       		.byte	3
 1381 0548 38       		.byte	56
 1382 0549 08       		.byte	8
 1383 054a 3A       		.byte	58
 1384 054b 02       		.byte	2
 1385 054c 3E       		.byte	62
 1386 054d 04       		.byte	4
 1387 054e 40       		.byte	64
 1388 054f 41       		.byte	65
 1389 0550 41       		.byte	65
 1390 0551 02       		.byte	2
 1391 0552 46       		.byte	70
 1392 0553 0B       		.byte	11
 1393 0554 47       		.byte	71
 1394 0555 EC       		.byte	-20
 1395 0556 48       		.byte	72
 1396 0557 34       		.byte	52
 1397 0558 49       		.byte	73
 1398 0559 FF       		.byte	-1
 1399 055a 4A       		.byte	74
 1400 055b FF       		.byte	-1
 1401 055c 4B       		.byte	75
 1402 055d FF       		.byte	-1
 1403 055e 4E       		.byte	78
 1404 055f F0       		.byte	-16
 1405 0560 4F       		.byte	79
 1406 0561 44       		.byte	68
 1407 0562 50       		.byte	80
 1408 0563 0C       		.byte	12
 1409 0564 58       		.byte	88
 1410 0565 04       		.byte	4
 1411 0566 59       		.byte	89
 1412 0567 04       		.byte	4
 1413 0568 5A       		.byte	90
 1414 0569 04       		.byte	4
 1415 056a 5C       		.byte	92
 1416 056b 22       		.byte	34
 1417 056c 5D       		.byte	93
 1418 056d 02       		.byte	2
 1419 056e 5F       		.byte	95
 1420 056f 01       		.byte	1
 1421 0570 66       		.byte	102
 1422 0571 C0       		.byte	-64
 1423 0572 6A       		.byte	106
 1424 0573 40       		.byte	64
 1425 0574 6B       		.byte	107
ARM GAS  C:\Users\ESTEBAN\AppData\Local\Temp\ccOtkGdO.s 			page 26


 1426 0575 02       		.byte	2
 1427 0576 82       		.byte	-126
 1428 0577 04       		.byte	4
 1429 0578 84       		.byte	-124
 1430 0579 DF       		.byte	-33
 1431 057a 85       		.byte	-123
 1432 057b 06       		.byte	6
 1433 057c 88       		.byte	-120
 1434 057d C7       		.byte	-57
 1435 057e 89       		.byte	-119
 1436 057f 02       		.byte	2
 1437 0580 8A       		.byte	-118
 1438 0581 18       		.byte	24
 1439 0582 8E       		.byte	-114
 1440 0583 C3       		.byte	-61
 1441 0584 90       		.byte	-112
 1442 0585 80       		.byte	-128
 1443 0586 93       		.byte	-109
 1444 0587 01       		.byte	1
 1445 0588 94       		.byte	-108
 1446 0589 C0       		.byte	-64
 1447 058a 95       		.byte	-107
 1448 058b 09       		.byte	9
 1449 058c 97       		.byte	-105
 1450 058d 06       		.byte	6
 1451 058e 98       		.byte	-104
 1452 058f DC       		.byte	-36
 1453 0590 99       		.byte	-103
 1454 0591 0E       		.byte	14
 1455 0592 9A       		.byte	-102
 1456 0593 01       		.byte	1
 1457 0594 9B       		.byte	-101
 1458 0595 01       		.byte	1
 1459 0596 9C       		.byte	-100
 1460 0597 1C       		.byte	28
 1461 0598 9D       		.byte	-99
 1462 0599 04       		.byte	4
 1463 059a 9E       		.byte	-98
 1464 059b C2       		.byte	-62
 1465 059c A0       		.byte	-96
 1466 059d 10       		.byte	16
 1467 059e A4       		.byte	-92
 1468 059f 08       		.byte	8
 1469 05a0 A8       		.byte	-88
 1470 05a1 18       		.byte	24
 1471 05a2 A9       		.byte	-87
 1472 05a3 0F       		.byte	15
 1473 05a4 AC       		.byte	-84
 1474 05a5 44       		.byte	68
 1475 05a6 AD       		.byte	-83
 1476 05a7 0E       		.byte	14
 1477 05a8 AE       		.byte	-82
 1478 05a9 20       		.byte	32
 1479 05aa AF       		.byte	-81
 1480 05ab 01       		.byte	1
 1481 05ac B0       		.byte	-80
 1482 05ad 20       		.byte	32
ARM GAS  C:\Users\ESTEBAN\AppData\Local\Temp\ccOtkGdO.s 			page 27


 1483 05ae B2       		.byte	-78
 1484 05af D8       		.byte	-40
 1485 05b0 B5       		.byte	-75
 1486 05b1 07       		.byte	7
 1487 05b2 B6       		.byte	-74
 1488 05b3 1F       		.byte	31
 1489 05b4 B7       		.byte	-73
 1490 05b5 08       		.byte	8
 1491 05b6 BA       		.byte	-70
 1492 05b7 A8       		.byte	-88
 1493 05b8 BB       		.byte	-69
 1494 05b9 20       		.byte	32
 1495 05ba BF       		.byte	-65
 1496 05bb 40       		.byte	64
 1497 05bc D8       		.byte	-40
 1498 05bd 04       		.byte	4
 1499 05be D9       		.byte	-39
 1500 05bf 04       		.byte	4
 1501 05c0 DC       		.byte	-36
 1502 05c1 22       		.byte	34
 1503 05c2 DF       		.byte	-33
 1504 05c3 01       		.byte	1
 1505 05c4 00       		.byte	0
 1506 05c5 04       		.byte	4
 1507 05c6 01       		.byte	1
 1508 05c7 02       		.byte	2
 1509 05c8 03       		.byte	3
 1510 05c9 0A       		.byte	10
 1511 05ca 05       		.byte	5
 1512 05cb 01       		.byte	1
 1513 05cc 06       		.byte	6
 1514 05cd 82       		.byte	-126
 1515 05ce 09       		.byte	9
 1516 05cf 20       		.byte	32
 1517 05d0 0A       		.byte	10
 1518 05d1 51       		.byte	81
 1519 05d2 0E       		.byte	14
 1520 05d3 02       		.byte	2
 1521 05d4 0F       		.byte	15
 1522 05d5 08       		.byte	8
 1523 05d6 10       		.byte	16
 1524 05d7 82       		.byte	-126
 1525 05d8 12       		.byte	18
 1526 05d9 04       		.byte	4
 1527 05da 13       		.byte	19
 1528 05db 08       		.byte	8
 1529 05dc 17       		.byte	23
 1530 05dd 14       		.byte	20
 1531 05de 18       		.byte	24
 1532 05df 04       		.byte	4
 1533 05e0 19       		.byte	25
 1534 05e1 66       		.byte	102
 1535 05e2 1A       		.byte	26
 1536 05e3 05       		.byte	5
 1537 05e4 1B       		.byte	27
 1538 05e5 08       		.byte	8
 1539 05e6 1D       		.byte	29
ARM GAS  C:\Users\ESTEBAN\AppData\Local\Temp\ccOtkGdO.s 			page 28


 1540 05e7 09       		.byte	9
 1541 05e8 21       		.byte	33
 1542 05e9 20       		.byte	32
 1543 05ea 22       		.byte	34
 1544 05eb 40       		.byte	64
 1545 05ec 27       		.byte	39
 1546 05ed 40       		.byte	64
 1547 05ee 29       		.byte	41
 1548 05ef 60       		.byte	96
 1549 05f0 2E       		.byte	46
 1550 05f1 80       		.byte	-128
 1551 05f2 30       		.byte	48
 1552 05f3 80       		.byte	-128
 1553 05f4 31       		.byte	49
 1554 05f5 24       		.byte	36
 1555 05f6 33       		.byte	51
 1556 05f7 02       		.byte	2
 1557 05f8 36       		.byte	54
 1558 05f9 01       		.byte	1
 1559 05fa 37       		.byte	55
 1560 05fb 54       		.byte	84
 1561 05fc 38       		.byte	56
 1562 05fd 28       		.byte	40
 1563 05fe 3A       		.byte	58
 1564 05ff 04       		.byte	4
 1565 0600 3F       		.byte	63
 1566 0601 82       		.byte	-126
 1567 0602 46       		.byte	70
 1568 0603 82       		.byte	-126
 1569 0604 47       		.byte	71
 1570 0605 10       		.byte	16
 1571 0606 55       		.byte	85
 1572 0607 02       		.byte	2
 1573 0608 57       		.byte	87
 1574 0609 44       		.byte	68
 1575 060a 90       		.byte	-112
 1576 060b A8       		.byte	-88
 1577 060c 91       		.byte	-111
 1578 060d 14       		.byte	20
 1579 060e 96       		.byte	-106
 1580 060f 80       		.byte	-128
 1581 0610 9B       		.byte	-101
 1582 0611 1C       		.byte	28
 1583 0612 9E       		.byte	-98
 1584 0613 82       		.byte	-126
 1585 0614 A0       		.byte	-96
 1586 0615 80       		.byte	-128
 1587 0616 A2       		.byte	-94
 1588 0617 01       		.byte	1
 1589 0618 A3       		.byte	-93
 1590 0619 02       		.byte	2
 1591 061a A5       		.byte	-91
 1592 061b 02       		.byte	2
 1593 061c A7       		.byte	-89
 1594 061d 05       		.byte	5
 1595 061e A9       		.byte	-87
 1596 061f 02       		.byte	2
ARM GAS  C:\Users\ESTEBAN\AppData\Local\Temp\ccOtkGdO.s 			page 29


 1597 0620 AB       		.byte	-85
 1598 0621 01       		.byte	1
 1599 0622 B0       		.byte	-80
 1600 0623 04       		.byte	4
 1601 0624 C0       		.byte	-64
 1602 0625 9F       		.byte	-97
 1603 0626 C2       		.byte	-62
 1604 0627 CF       		.byte	-49
 1605 0628 C4       		.byte	-60
 1606 0629 6F       		.byte	111
 1607 062a CA       		.byte	-54
 1608 062b 1C       		.byte	28
 1609 062c CC       		.byte	-52
 1610 062d FF       		.byte	-1
 1611 062e CE       		.byte	-50
 1612 062f 96       		.byte	-106
 1613 0630 D0       		.byte	-48
 1614 0631 B0       		.byte	-80
 1615 0632 EC       		.byte	-20
 1616 0633 80       		.byte	-128
 1617 0634 83       		.byte	-125
 1618 0635 01       		.byte	1
 1619 0636 9B       		.byte	-101
 1620 0637 01       		.byte	1
 1621 0638 B7       		.byte	-73
 1622 0639 01       		.byte	1
 1623 063a BF       		.byte	-65
 1624 063b 40       		.byte	64
 1625 063c C0       		.byte	-64
 1626 063d 03       		.byte	3
 1627 063e C5       		.byte	-59
 1628 063f 40       		.byte	64
 1629 0640 C9       		.byte	-55
 1630 0641 FF       		.byte	-1
 1631 0642 CA       		.byte	-54
 1632 0643 07       		.byte	7
 1633 0644 CB       		.byte	-53
 1634 0645 FF       		.byte	-1
 1635 0646 CC       		.byte	-52
 1636 0647 40       		.byte	64
 1637 0648 CD       		.byte	-51
 1638 0649 20       		.byte	32
 1639 064a CE       		.byte	-50
 1640 064b F0       		.byte	-16
 1641 064c CF       		.byte	-49
 1642 064d 05       		.byte	5
 1643 064e D0       		.byte	-48
 1644 064f 08       		.byte	8
 1645 0650 D9       		.byte	-39
 1646 0651 04       		.byte	4
 1647 0652 DA       		.byte	-38
 1648 0653 04       		.byte	4
 1649 0654 DD       		.byte	-35
 1650 0655 02       		.byte	2
 1651 0656 DF       		.byte	-33
 1652 0657 01       		.byte	1
 1653 0658 E0       		.byte	-32
ARM GAS  C:\Users\ESTEBAN\AppData\Local\Temp\ccOtkGdO.s 			page 30


 1654 0659 40       		.byte	64
 1655 065a E1       		.byte	-31
 1656 065b A8       		.byte	-88
 1657 065c E2       		.byte	-30
 1658 065d 40       		.byte	64
 1659 065e E3       		.byte	-29
 1660 065f 20       		.byte	32
 1661 0660 00       		.byte	0
 1662 0661 40       		.byte	64
 1663 0662 02       		.byte	2
 1664 0663 20       		.byte	32
 1665 0664 0A       		.byte	10
 1666 0665 10       		.byte	16
 1667 0666 0B       		.byte	11
 1668 0667 80       		.byte	-128
 1669 0668 10       		.byte	16
 1670 0669 02       		.byte	2
 1671 066a 11       		.byte	17
 1672 066b 14       		.byte	20
 1673 066c 18       		.byte	24
 1674 066d 45       		.byte	69
 1675 066e 19       		.byte	25
 1676 066f 01       		.byte	1
 1677 0670 1A       		.byte	26
 1678 0671 50       		.byte	80
 1679 0672 1B       		.byte	27
 1680 0673 04       		.byte	4
 1681 0674 21       		.byte	33
 1682 0675 40       		.byte	64
 1683 0676 22       		.byte	34
 1684 0677 29       		.byte	41
 1685 0678 23       		.byte	35
 1686 0679 20       		.byte	32
 1687 067a 25       		.byte	37
 1688 067b 80       		.byte	-128
 1689 067c 29       		.byte	41
 1690 067d 41       		.byte	65
 1691 067e 2A       		.byte	42
 1692 067f 08       		.byte	8
 1693 0680 2B       		.byte	43
 1694 0681 04       		.byte	4
 1695 0682 31       		.byte	49
 1696 0683 20       		.byte	32
 1697 0684 33       		.byte	51
 1698 0685 4A       		.byte	74
 1699 0686 37       		.byte	55
 1700 0687 20       		.byte	32
 1701 0688 38       		.byte	56
 1702 0689 A8       		.byte	-88
 1703 068a 3A       		.byte	58
 1704 068b 01       		.byte	1
 1705 068c 3F       		.byte	63
 1706 068d 01       		.byte	1
 1707 068e 40       		.byte	64
 1708 068f 01       		.byte	1
 1709 0690 42       		.byte	66
 1710 0691 0C       		.byte	12
ARM GAS  C:\Users\ESTEBAN\AppData\Local\Temp\ccOtkGdO.s 			page 31


 1711 0692 43       		.byte	67
 1712 0693 0A       		.byte	10
 1713 0694 45       		.byte	69
 1714 0695 08       		.byte	8
 1715 0696 4A       		.byte	74
 1716 0697 08       		.byte	8
 1717 0698 4B       		.byte	75
 1718 0699 01       		.byte	1
 1719 069a 4F       		.byte	79
 1720 069b 02       		.byte	2
 1721 069c 53       		.byte	83
 1722 069d 40       		.byte	64
 1723 069e 56       		.byte	86
 1724 069f 02       		.byte	2
 1725 06a0 5A       		.byte	90
 1726 06a1 02       		.byte	2
 1727 06a2 60       		.byte	96
 1728 06a3 04       		.byte	4
 1729 06a4 61       		.byte	97
 1730 06a5 80       		.byte	-128
 1731 06a6 63       		.byte	99
 1732 06a7 40       		.byte	64
 1733 06a8 81       		.byte	-127
 1734 06a9 40       		.byte	64
 1735 06aa 87       		.byte	-121
 1736 06ab 40       		.byte	64
 1737 06ac 88       		.byte	-120
 1738 06ad 02       		.byte	2
 1739 06ae 8E       		.byte	-114
 1740 06af 01       		.byte	1
 1741 06b0 90       		.byte	-112
 1742 06b1 A8       		.byte	-88
 1743 06b2 91       		.byte	-111
 1744 06b3 14       		.byte	20
 1745 06b4 92       		.byte	-110
 1746 06b5 04       		.byte	4
 1747 06b6 96       		.byte	-106
 1748 06b7 50       		.byte	80
 1749 06b8 99       		.byte	-103
 1750 06b9 40       		.byte	64
 1751 06ba 9B       		.byte	-101
 1752 06bb 40       		.byte	64
 1753 06bc 9E       		.byte	-98
 1754 06bd 02       		.byte	2
 1755 06be A1       		.byte	-95
 1756 06bf 28       		.byte	40
 1757 06c0 A3       		.byte	-93
 1758 06c1 0A       		.byte	10
 1759 06c2 A4       		.byte	-92
 1760 06c3 02       		.byte	2
 1761 06c4 A7       		.byte	-89
 1762 06c5 01       		.byte	1
 1763 06c6 C0       		.byte	-64
 1764 06c7 05       		.byte	5
 1765 06c8 C2       		.byte	-62
 1766 06c9 0C       		.byte	12
 1767 06ca C4       		.byte	-60
ARM GAS  C:\Users\ESTEBAN\AppData\Local\Temp\ccOtkGdO.s 			page 32


 1768 06cb 07       		.byte	7
 1769 06cc CA       		.byte	-54
 1770 06cd 0F       		.byte	15
 1771 06ce CC       		.byte	-52
 1772 06cf 2F       		.byte	47
 1773 06d0 CE       		.byte	-50
 1774 06d1 8F       		.byte	-113
 1775 06d2 D0       		.byte	-48
 1776 06d3 4F       		.byte	79
 1777 06d4 D2       		.byte	-46
 1778 06d5 04       		.byte	4
 1779 06d6 D6       		.byte	-42
 1780 06d7 01       		.byte	1
 1781 06d8 D8       		.byte	-40
 1782 06d9 0D       		.byte	13
 1783 06da E0       		.byte	-32
 1784 06db 01       		.byte	1
 1785 06dc E8       		.byte	-24
 1786 06dd 01       		.byte	1
 1787 06de EA       		.byte	-22
 1788 06df 20       		.byte	32
 1789 06e0 EE       		.byte	-18
 1790 06e1 40       		.byte	64
 1791 06e2 32       		.byte	50
 1792 06e3 20       		.byte	32
 1793 06e4 CC       		.byte	-52
 1794 06e5 10       		.byte	16
 1795 06e6 A6       		.byte	-90
 1796 06e7 20       		.byte	32
 1797 06e8 A6       		.byte	-90
 1798 06e9 20       		.byte	32
 1799 06ea A6       		.byte	-90
 1800 06eb 20       		.byte	32
 1801 06ec 7E       		.byte	126
 1802 06ed 08       		.byte	8
 1803 06ee DE       		.byte	-34
 1804 06ef 01       		.byte	1
 1805 06f0 0F       		.byte	15
 1806 06f1 01       		.byte	1
 1807 06f2 5D       		.byte	93
 1808 06f3 01       		.byte	1
 1809 06f4 A6       		.byte	-90
 1810 06f5 08       		.byte	8
 1811 06f6 C2       		.byte	-62
 1812 06f7 01       		.byte	1
 1813 06f8 D6       		.byte	-42
 1814 06f9 01       		.byte	1
 1815 06fa 45       		.byte	69
 1816 06fb 02       		.byte	2
 1817 06fc 8A       		.byte	-118
 1818 06fd 01       		.byte	1
 1819 06fe A6       		.byte	-90
 1820 06ff 08       		.byte	8
 1821 0700 AD       		.byte	-83
 1822 0701 01       		.byte	1
 1823 0702 B7       		.byte	-73
 1824 0703 01       		.byte	1
ARM GAS  C:\Users\ESTEBAN\AppData\Local\Temp\ccOtkGdO.s 			page 33


 1825 0704 D0       		.byte	-48
 1826 0705 01       		.byte	1
 1827 0706 E4       		.byte	-28
 1828 0707 01       		.byte	1
 1829 0708 EE       		.byte	-18
 1830 0709 08       		.byte	8
 1831 070a 8E       		.byte	-114
 1832 070b 08       		.byte	8
 1833 070c 92       		.byte	-110
 1834 070d 01       		.byte	1
 1835 070e A5       		.byte	-91
 1836 070f 02       		.byte	2
 1837 0710 A6       		.byte	-90
 1838 0711 08       		.byte	8
 1839 0712 E4       		.byte	-28
 1840 0713 02       		.byte	2
 1841 0714 27       		.byte	39
 1842 0715 04       		.byte	4
 1843 0716 A6       		.byte	-90
 1844 0717 20       		.byte	32
 1845 0718 C8       		.byte	-56
 1846 0719 20       		.byte	32
 1847 071a 86       		.byte	-122
 1848 071b 20       		.byte	32
 1849 071c A6       		.byte	-90
 1850 071d 20       		.byte	32
 1851 071e AB       		.byte	-85
 1852 071f 04       		.byte	4
 1853 0720 E6       		.byte	-26
 1854 0721 40       		.byte	64
 1855 0722 E8       		.byte	-24
 1856 0723 80       		.byte	-128
 1857 0724 08       		.byte	8
 1858 0725 10       		.byte	16
 1859 0726 09       		.byte	9
 1860 0727 20       		.byte	32
 1861 0728 5E       		.byte	94
 1862 0729 01       		.byte	1
 1863 072a 92       		.byte	-110
 1864 072b 01       		.byte	1
 1865 072c A5       		.byte	-91
 1866 072d 02       		.byte	2
 1867 072e C2       		.byte	-62
 1868 072f 02       		.byte	2
 1869 0730 D6       		.byte	-42
 1870 0731 01       		.byte	1
 1871 0732 10       		.byte	16
 1872 0733 80       		.byte	-128
 1873 0734 71       		.byte	113
 1874 0735 02       		.byte	2
 1875 0736 81       		.byte	-127
 1876 0737 02       		.byte	2
 1877 0738 88       		.byte	-120
 1878 0739 80       		.byte	-128
 1879 073a 8C       		.byte	-116
 1880 073b 80       		.byte	-128
 1881 073c A9       		.byte	-87
ARM GAS  C:\Users\ESTEBAN\AppData\Local\Temp\ccOtkGdO.s 			page 34


 1882 073d 02       		.byte	2
 1883 073e B0       		.byte	-80
 1884 073f 10       		.byte	16
 1885 0740 B5       		.byte	-75
 1886 0741 20       		.byte	32
 1887 0742 C4       		.byte	-60
 1888 0743 08       		.byte	8
 1889 0744 DC       		.byte	-36
 1890 0745 01       		.byte	1
 1891 0746 E6       		.byte	-26
 1892 0747 03       		.byte	3
 1893 0748 EA       		.byte	-22
 1894 0749 04       		.byte	4
 1895 074a EE       		.byte	-18
 1896 074b 02       		.byte	2
 1897 074c 00       		.byte	0
 1898 074d 3E       		.byte	62
 1899 074e 0A       		.byte	10
 1900 074f 10       		.byte	16
 1901 0750 0C       		.byte	12
 1902 0751 3C       		.byte	60
 1903 0752 0E       		.byte	14
 1904 0753 0A       		.byte	10
 1905 0754 10       		.byte	16
 1906 0755 04       		.byte	4
 1907 0756 1C       		.byte	28
 1908 0757 04       		.byte	4
 1909 0758 00       		.byte	0
 1910 0759 03       		.byte	3
 1911 075a 00       		.byte	0
 1912 075b 00       		.byte	0
 1913 075c 00       		.byte	0
 1914 075d 01       		.byte	1
 1915 075e 00       		.byte	0
 1916 075f 00       		.byte	0
 1917 0760 00       		.byte	0
 1918 0761 18       		.byte	24
 1919 0762 80       		.byte	-128
 1920 0763 00       		.byte	0
 1921 0764 00       		.byte	0
 1922 0765 08       		.byte	8
 1923 0766 00       		.byte	0
 1924 0767 00       		.byte	0
 1925 0768 44       		.byte	68
 1926 0769 10       		.byte	16
 1927 076a 31       		.byte	49
 1928 076b 00       		.byte	0
 1929 076c 00       		.byte	0
 1930 076d 00       		.byte	0
 1931 076e 80       		.byte	-128
 1932 076f 07       		.byte	7
 1933 0770 01       		.byte	1
 1934 0771 27       		.byte	39
 1935 0772 0E       		.byte	14
 1936 0773 18       		.byte	24
 1937 0774 00       		.byte	0
 1938 0775 18       		.byte	24
ARM GAS  C:\Users\ESTEBAN\AppData\Local\Temp\ccOtkGdO.s 			page 35


 1939 0776 00       		.byte	0
 1940 0777 27       		.byte	39
 1941 0778 00       		.byte	0
 1942 0779 40       		.byte	64
 1943 077a 00       		.byte	0
 1944 077b 00       		.byte	0
 1945 077c 00       		.byte	0
 1946 077d 02       		.byte	2
 1947 077e 00       		.byte	0
 1948 077f 00       		.byte	0
 1949 0780 67       		.byte	103
 1950 0781 3F       		.byte	63
 1951 0782 00       		.byte	0
 1952 0783 00       		.byte	0
 1953 0784 67       		.byte	103
 1954 0785 03       		.byte	3
 1955 0786 00       		.byte	0
 1956 0787 00       		.byte	0
 1957 0788 22       		.byte	34
 1958 0789 1C       		.byte	28
 1959 078a 51       		.byte	81
 1960 078b 23       		.byte	35
 1961 078c 60       		.byte	96
 1962 078d 03       		.byte	3
 1963 078e 07       		.byte	7
 1964 078f 1C       		.byte	28
 1965 0790 80       		.byte	-128
 1966 0791 20       		.byte	32
 1967 0792 18       		.byte	24
 1968 0793 40       		.byte	64
 1969 0794 00       		.byte	0
 1970 0795 20       		.byte	32
 1971 0796 00       		.byte	0
 1972 0797 00       		.byte	0
 1973 0798 00       		.byte	0
 1974 0799 00       		.byte	0
 1975 079a 50       		.byte	80
 1976 079b 40       		.byte	64
 1977 079c 34       		.byte	52
 1978 079d 02       		.byte	2
 1979 079e 06       		.byte	6
 1980 079f 00       		.byte	0
 1981 07a0 01       		.byte	1
 1982 07a1 C0       		.byte	-64
 1983 07a2 0E       		.byte	14
 1984 07a3 00       		.byte	0
 1985 07a4 06       		.byte	6
 1986 07a5 FF       		.byte	-1
 1987 07a6 FF       		.byte	-1
 1988 07a7 FF       		.byte	-1
 1989 07a8 62       		.byte	98
 1990 07a9 A0       		.byte	-96
 1991 07aa F0       		.byte	-16
 1992 07ab 41       		.byte	65
 1993 07ac 0C       		.byte	12
 1994 07ad 00       		.byte	0
 1995 07ae 00       		.byte	0
ARM GAS  C:\Users\ESTEBAN\AppData\Local\Temp\ccOtkGdO.s 			page 36


 1996 07af 00       		.byte	0
 1997 07b0 18       		.byte	24
 1998 07b1 00       		.byte	0
 1999 07b2 04       		.byte	4
 2000 07b3 00       		.byte	0
 2001 07b4 04       		.byte	4
 2002 07b5 04       		.byte	4
 2003 07b6 04       		.byte	4
 2004 07b7 04       		.byte	4
 2005 07b8 22       		.byte	34
 2006 07b9 22       		.byte	34
 2007 07ba 00       		.byte	0
 2008 07bb 01       		.byte	1
 2009 07bc 00       		.byte	0
 2010 07bd 00       		.byte	0
 2011 07be 00       		.byte	0
 2012 07bf 00       		.byte	0
 2013 07c0 00       		.byte	0
 2014 07c1 00       		.byte	0
 2015 07c2 40       		.byte	64
 2016 07c3 02       		.byte	2
 2017 07c4 00       		.byte	0
 2018 07c5 10       		.byte	16
 2019 07c6 30       		.byte	48
 2020 07c7 10       		.byte	16
 2021 07c8 00       		.byte	0
 2022 07c9 10       		.byte	16
 2023 07ca 10       		.byte	16
 2024 07cb 12       		.byte	18
 2025 07cc 00       		.byte	0
 2026 07cd 00       		.byte	0
 2027 07ce 00       		.byte	0
 2028 07cf 00       		.byte	0
 2029 07d0 00       		.byte	0
 2030 07d1 00       		.byte	0
 2031 07d2 00       		.byte	0
 2032 07d3 00       		.byte	0
 2033 07d4 00       		.byte	0
 2034 07d5 00       		.byte	0
 2035 07d6 00       		.byte	0
 2036 07d7 00       		.byte	0
 2037 07d8 00       		.byte	0
 2038 07d9 00       		.byte	0
 2039 07da 00       		.byte	0
 2040 07db 00       		.byte	0
 2041 07dc 00       		.byte	0
 2042 07dd 00       		.byte	0
 2043 07de 00       		.byte	0
 2044 07df 00       		.byte	0
 2045 07e0 00       		.byte	0
 2046 07e1 00       		.byte	0
 2047 07e2 F7       		.byte	-9
 2048 07e3 00       		.byte	0
 2049 07e4 80       		.byte	-128
 2050 07e5 00       		.byte	0
 2051 07e6 40       		.byte	64
 2052 07e7 80       		.byte	-128
ARM GAS  C:\Users\ESTEBAN\AppData\Local\Temp\ccOtkGdO.s 			page 37


 2053 07e8 80       		.byte	-128
 2054 07e9 00       		.byte	0
 2055 07ea 80       		.byte	-128
 2056 07eb 00       		.byte	0
 2057 07ec 00       		.byte	0
 2058 07ed 00       		.byte	0
 2059 07ee 00       		.byte	0
 2060 07ef 00       		.byte	0
 2061 07f0 74       		.byte	116
 2062 07f1 8B       		.byte	-117
 2063 07f2 8B       		.byte	-117
 2064 07f3 00       		.byte	0
 2065 07f4 80       		.byte	-128
 2066 07f5 00       		.byte	0
 2067 07f6 00       		.byte	0
 2068 07f7 00       		.byte	0
 2069 07f8 80       		.byte	-128
 2070 07f9 78       		.byte	120
 2071 07fa 78       		.byte	120
 2072 07fb 00       		.byte	0
 2073 07fc 40       		.byte	64
 2074 07fd 00       		.byte	0
 2075 07fe 02       		.byte	2
 2076 07ff 00       		.byte	0
 2077 0800 00       		.byte	0
 2078 0801 00       		.byte	0
 2079 0802 00       		.byte	0
 2080 0803 00       		.byte	0
 2081 0804 00       		.byte	0
 2082 0805 00       		.byte	0
 2083 0806 C0       		.byte	-64
 2084 0807 00       		.byte	0
 2085 0808 25       		.byte	37
 2086 0809 00       		.byte	0
 2087 080a 18       		.byte	24
 2088 080b 01       		.byte	1
 2089              		.section	.cywolatch,"a",%progbits
 2090              		.align	2
 2091              		.type	cy_meta_wonvl, %object
 2092              		.size	cy_meta_wonvl, 4
 2093              	cy_meta_wonvl:
 2094 0000 BC       		.byte	-68
 2095 0001 90       		.byte	-112
 2096 0002 AC       		.byte	-84
 2097 0003 AF       		.byte	-81
 2098              		.section	.cycustnvl,"a",%progbits
 2099              		.align	2
 2100              		.type	cy_meta_custnvl, %object
 2101              		.size	cy_meta_custnvl, 4
 2102              	cy_meta_custnvl:
 2103 0000 00       		.byte	0
 2104 0001 00       		.byte	0
 2105 0002 40       		.byte	64
 2106 0003 05       		.byte	5
 2107              		.section	.cymeta,"a",%progbits
 2108              		.align	2
 2109              		.type	cy_metadata, %object
ARM GAS  C:\Users\ESTEBAN\AppData\Local\Temp\ccOtkGdO.s 			page 38


 2110              		.size	cy_metadata, 12
 2111              	cy_metadata:
 2112 0000 00       		.byte	0
 2113 0001 01       		.byte	1
 2114 0002 2E       		.byte	46
 2115 0003 16       		.byte	22
 2116 0004 10       		.byte	16
 2117 0005 69       		.byte	105
 2118 0006 00       		.byte	0
 2119 0007 01       		.byte	1
 2120 0008 00       		.byte	0
 2121 0009 00       		.byte	0
 2122 000a 00       		.byte	0
 2123 000b 00       		.byte	0
 2124              		.section	.cyflashprotect,"a",%progbits
 2125              		.align	2
 2126              		.type	cy_meta_flashprotect, %object
 2127              		.size	cy_meta_flashprotect, 256
 2128              	cy_meta_flashprotect:
 2129 0000 00000000 		.space	256
 2129      00000000 
 2129      00000000 
 2129      00000000 
 2129      00000000 
 2130              		.text
 2131              	.Letext0:
 2132              		.file 1 "c:\\program files (x86)\\cypress\\psoc creator\\4.2\\psoc creator\\import\\gnu\\arm\\5.4.
 2133              		.file 2 "c:\\program files (x86)\\cypress\\psoc creator\\4.2\\psoc creator\\import\\gnu\\arm\\5.4.
 2134              		.file 3 "Generated_Source\\PSoC5\\cymetadata.c"
 2135              		.section	.debug_info,"",%progbits
 2136              	.Ldebug_info0:
 2137 0000 35010000 		.4byte	0x135
 2138 0004 0400     		.2byte	0x4
 2139 0006 00000000 		.4byte	.Ldebug_abbrev0
 2140 000a 04       		.byte	0x4
 2141 000b 01       		.uleb128 0x1
 2142 000c 6A000000 		.4byte	.LASF17
 2143 0010 0C       		.byte	0xc
 2144 0011 C4010000 		.4byte	.LASF18
 2145 0015 0A000000 		.4byte	.LASF19
 2146 0019 00000000 		.4byte	.Ldebug_line0
 2147 001d 02       		.uleb128 0x2
 2148 001e 01       		.byte	0x1
 2149 001f 06       		.byte	0x6
 2150 0020 B8010000 		.4byte	.LASF0
 2151 0024 03       		.uleb128 0x3
 2152 0025 00000000 		.4byte	.LASF9
 2153 0029 01       		.byte	0x1
 2154 002a 1D       		.byte	0x1d
 2155 002b 2F000000 		.4byte	0x2f
 2156 002f 02       		.uleb128 0x2
 2157 0030 01       		.byte	0x1
 2158 0031 08       		.byte	0x8
 2159 0032 5C000000 		.4byte	.LASF1
 2160 0036 02       		.uleb128 0x2
 2161 0037 02       		.byte	0x2
 2162 0038 05       		.byte	0x5
ARM GAS  C:\Users\ESTEBAN\AppData\Local\Temp\ccOtkGdO.s 			page 39


 2163 0039 A5010000 		.4byte	.LASF2
 2164 003d 02       		.uleb128 0x2
 2165 003e 02       		.byte	0x2
 2166 003f 07       		.byte	0x7
 2167 0040 0A010000 		.4byte	.LASF3
 2168 0044 02       		.uleb128 0x2
 2169 0045 04       		.byte	0x4
 2170 0046 05       		.byte	0x5
 2171 0047 AF010000 		.4byte	.LASF4
 2172 004b 02       		.uleb128 0x2
 2173 004c 04       		.byte	0x4
 2174 004d 07       		.byte	0x7
 2175 004e F8000000 		.4byte	.LASF5
 2176 0052 02       		.uleb128 0x2
 2177 0053 08       		.byte	0x8
 2178 0054 05       		.byte	0x5
 2179 0055 97010000 		.4byte	.LASF6
 2180 0059 02       		.uleb128 0x2
 2181 005a 08       		.byte	0x8
 2182 005b 07       		.byte	0x7
 2183 005c 4C010000 		.4byte	.LASF7
 2184 0060 04       		.uleb128 0x4
 2185 0061 04       		.byte	0x4
 2186 0062 05       		.byte	0x5
 2187 0063 696E7400 		.ascii	"int\000"
 2188 0067 02       		.uleb128 0x2
 2189 0068 04       		.byte	0x4
 2190 0069 07       		.byte	0x7
 2191 006a 3F010000 		.4byte	.LASF8
 2192 006e 03       		.uleb128 0x3
 2193 006f 63010000 		.4byte	.LASF10
 2194 0073 02       		.byte	0x2
 2195 0074 18       		.byte	0x18
 2196 0075 24000000 		.4byte	0x24
 2197 0079 05       		.uleb128 0x5
 2198 007a 91000000 		.4byte	0x91
 2199 007e 8A000000 		.4byte	0x8a
 2200 0082 06       		.uleb128 0x6
 2201 0083 8A000000 		.4byte	0x8a
 2202 0087 0B08     		.2byte	0x80b
 2203 0089 00       		.byte	0
 2204 008a 02       		.uleb128 0x2
 2205 008b 04       		.byte	0x4
 2206 008c 07       		.byte	0x7
 2207 008d 8E010000 		.4byte	.LASF11
 2208 0091 07       		.uleb128 0x7
 2209 0092 6E000000 		.4byte	0x6e
 2210 0096 08       		.uleb128 0x8
 2211 0097 2D010000 		.4byte	.LASF12
 2212 009b 03       		.byte	0x3
 2213 009c 1F       		.byte	0x1f
 2214 009d A7000000 		.4byte	0xa7
 2215 00a1 05       		.uleb128 0x5
 2216 00a2 03       		.byte	0x3
 2217 00a3 00000000 		.4byte	cy_meta_configecc
 2218 00a7 07       		.uleb128 0x7
 2219 00a8 79000000 		.4byte	0x79
ARM GAS  C:\Users\ESTEBAN\AppData\Local\Temp\ccOtkGdO.s 			page 40


 2220 00ac 05       		.uleb128 0x5
 2221 00ad 91000000 		.4byte	0x91
 2222 00b1 BC000000 		.4byte	0xbc
 2223 00b5 09       		.uleb128 0x9
 2224 00b6 8A000000 		.4byte	0x8a
 2225 00ba 03       		.byte	0x3
 2226 00bb 00       		.byte	0
 2227 00bc 0A       		.uleb128 0xa
 2228 00bd 1D010000 		.4byte	.LASF13
 2229 00c1 03       		.byte	0x3
 2230 00c2 2E01     		.2byte	0x12e
 2231 00c4 CE000000 		.4byte	0xce
 2232 00c8 05       		.uleb128 0x5
 2233 00c9 03       		.byte	0x3
 2234 00ca 00000000 		.4byte	cy_meta_custnvl
 2235 00ce 07       		.uleb128 0x7
 2236 00cf AC000000 		.4byte	0xac
 2237 00d3 0A       		.uleb128 0xa
 2238 00d4 80010000 		.4byte	.LASF14
 2239 00d8 03       		.byte	0x3
 2240 00d9 3C01     		.2byte	0x13c
 2241 00db E5000000 		.4byte	0xe5
 2242 00df 05       		.uleb128 0x5
 2243 00e0 03       		.byte	0x3
 2244 00e1 00000000 		.4byte	cy_meta_wonvl
 2245 00e5 07       		.uleb128 0x7
 2246 00e6 AC000000 		.4byte	0xac
 2247 00ea 05       		.uleb128 0x5
 2248 00eb 91000000 		.4byte	0x91
 2249 00ef FA000000 		.4byte	0xfa
 2250 00f3 09       		.uleb128 0x9
 2251 00f4 8A000000 		.4byte	0x8a
 2252 00f8 FF       		.byte	0xff
 2253 00f9 00       		.byte	0
 2254 00fa 0A       		.uleb128 0xa
 2255 00fb 6B010000 		.4byte	.LASF15
 2256 00ff 03       		.byte	0x3
 2257 0100 4A01     		.2byte	0x14a
 2258 0102 0C010000 		.4byte	0x10c
 2259 0106 05       		.uleb128 0x5
 2260 0107 03       		.byte	0x3
 2261 0108 00000000 		.4byte	cy_meta_flashprotect
 2262 010c 07       		.uleb128 0x7
 2263 010d EA000000 		.4byte	0xea
 2264 0111 05       		.uleb128 0x5
 2265 0112 91000000 		.4byte	0x91
 2266 0116 21010000 		.4byte	0x121
 2267 011a 09       		.uleb128 0x9
 2268 011b 8A000000 		.4byte	0x8a
 2269 011f 0B       		.byte	0xb
 2270 0120 00       		.byte	0
 2271 0121 0A       		.uleb128 0xa
 2272 0122 50000000 		.4byte	.LASF16
 2273 0126 03       		.byte	0x3
 2274 0127 7701     		.2byte	0x177
 2275 0129 33010000 		.4byte	0x133
 2276 012d 05       		.uleb128 0x5
ARM GAS  C:\Users\ESTEBAN\AppData\Local\Temp\ccOtkGdO.s 			page 41


 2277 012e 03       		.byte	0x3
 2278 012f 00000000 		.4byte	cy_metadata
 2279 0133 07       		.uleb128 0x7
 2280 0134 11010000 		.4byte	0x111
 2281 0138 00       		.byte	0
 2282              		.section	.debug_abbrev,"",%progbits
 2283              	.Ldebug_abbrev0:
 2284 0000 01       		.uleb128 0x1
 2285 0001 11       		.uleb128 0x11
 2286 0002 01       		.byte	0x1
 2287 0003 25       		.uleb128 0x25
 2288 0004 0E       		.uleb128 0xe
 2289 0005 13       		.uleb128 0x13
 2290 0006 0B       		.uleb128 0xb
 2291 0007 03       		.uleb128 0x3
 2292 0008 0E       		.uleb128 0xe
 2293 0009 1B       		.uleb128 0x1b
 2294 000a 0E       		.uleb128 0xe
 2295 000b 10       		.uleb128 0x10
 2296 000c 17       		.uleb128 0x17
 2297 000d 00       		.byte	0
 2298 000e 00       		.byte	0
 2299 000f 02       		.uleb128 0x2
 2300 0010 24       		.uleb128 0x24
 2301 0011 00       		.byte	0
 2302 0012 0B       		.uleb128 0xb
 2303 0013 0B       		.uleb128 0xb
 2304 0014 3E       		.uleb128 0x3e
 2305 0015 0B       		.uleb128 0xb
 2306 0016 03       		.uleb128 0x3
 2307 0017 0E       		.uleb128 0xe
 2308 0018 00       		.byte	0
 2309 0019 00       		.byte	0
 2310 001a 03       		.uleb128 0x3
 2311 001b 16       		.uleb128 0x16
 2312 001c 00       		.byte	0
 2313 001d 03       		.uleb128 0x3
 2314 001e 0E       		.uleb128 0xe
 2315 001f 3A       		.uleb128 0x3a
 2316 0020 0B       		.uleb128 0xb
 2317 0021 3B       		.uleb128 0x3b
 2318 0022 0B       		.uleb128 0xb
 2319 0023 49       		.uleb128 0x49
 2320 0024 13       		.uleb128 0x13
 2321 0025 00       		.byte	0
 2322 0026 00       		.byte	0
 2323 0027 04       		.uleb128 0x4
 2324 0028 24       		.uleb128 0x24
 2325 0029 00       		.byte	0
 2326 002a 0B       		.uleb128 0xb
 2327 002b 0B       		.uleb128 0xb
 2328 002c 3E       		.uleb128 0x3e
 2329 002d 0B       		.uleb128 0xb
 2330 002e 03       		.uleb128 0x3
 2331 002f 08       		.uleb128 0x8
 2332 0030 00       		.byte	0
 2333 0031 00       		.byte	0
ARM GAS  C:\Users\ESTEBAN\AppData\Local\Temp\ccOtkGdO.s 			page 42


 2334 0032 05       		.uleb128 0x5
 2335 0033 01       		.uleb128 0x1
 2336 0034 01       		.byte	0x1
 2337 0035 49       		.uleb128 0x49
 2338 0036 13       		.uleb128 0x13
 2339 0037 01       		.uleb128 0x1
 2340 0038 13       		.uleb128 0x13
 2341 0039 00       		.byte	0
 2342 003a 00       		.byte	0
 2343 003b 06       		.uleb128 0x6
 2344 003c 21       		.uleb128 0x21
 2345 003d 00       		.byte	0
 2346 003e 49       		.uleb128 0x49
 2347 003f 13       		.uleb128 0x13
 2348 0040 2F       		.uleb128 0x2f
 2349 0041 05       		.uleb128 0x5
 2350 0042 00       		.byte	0
 2351 0043 00       		.byte	0
 2352 0044 07       		.uleb128 0x7
 2353 0045 26       		.uleb128 0x26
 2354 0046 00       		.byte	0
 2355 0047 49       		.uleb128 0x49
 2356 0048 13       		.uleb128 0x13
 2357 0049 00       		.byte	0
 2358 004a 00       		.byte	0
 2359 004b 08       		.uleb128 0x8
 2360 004c 34       		.uleb128 0x34
 2361 004d 00       		.byte	0
 2362 004e 03       		.uleb128 0x3
 2363 004f 0E       		.uleb128 0xe
 2364 0050 3A       		.uleb128 0x3a
 2365 0051 0B       		.uleb128 0xb
 2366 0052 3B       		.uleb128 0x3b
 2367 0053 0B       		.uleb128 0xb
 2368 0054 49       		.uleb128 0x49
 2369 0055 13       		.uleb128 0x13
 2370 0056 3F       		.uleb128 0x3f
 2371 0057 19       		.uleb128 0x19
 2372 0058 02       		.uleb128 0x2
 2373 0059 18       		.uleb128 0x18
 2374 005a 00       		.byte	0
 2375 005b 00       		.byte	0
 2376 005c 09       		.uleb128 0x9
 2377 005d 21       		.uleb128 0x21
 2378 005e 00       		.byte	0
 2379 005f 49       		.uleb128 0x49
 2380 0060 13       		.uleb128 0x13
 2381 0061 2F       		.uleb128 0x2f
 2382 0062 0B       		.uleb128 0xb
 2383 0063 00       		.byte	0
 2384 0064 00       		.byte	0
 2385 0065 0A       		.uleb128 0xa
 2386 0066 34       		.uleb128 0x34
 2387 0067 00       		.byte	0
 2388 0068 03       		.uleb128 0x3
 2389 0069 0E       		.uleb128 0xe
 2390 006a 3A       		.uleb128 0x3a
ARM GAS  C:\Users\ESTEBAN\AppData\Local\Temp\ccOtkGdO.s 			page 43


 2391 006b 0B       		.uleb128 0xb
 2392 006c 3B       		.uleb128 0x3b
 2393 006d 05       		.uleb128 0x5
 2394 006e 49       		.uleb128 0x49
 2395 006f 13       		.uleb128 0x13
 2396 0070 3F       		.uleb128 0x3f
 2397 0071 19       		.uleb128 0x19
 2398 0072 02       		.uleb128 0x2
 2399 0073 18       		.uleb128 0x18
 2400 0074 00       		.byte	0
 2401 0075 00       		.byte	0
 2402 0076 00       		.byte	0
 2403              		.section	.debug_aranges,"",%progbits
 2404 0000 14000000 		.4byte	0x14
 2405 0004 0200     		.2byte	0x2
 2406 0006 00000000 		.4byte	.Ldebug_info0
 2407 000a 04       		.byte	0x4
 2408 000b 00       		.byte	0
 2409 000c 0000     		.2byte	0
 2410 000e 0000     		.2byte	0
 2411 0010 00000000 		.4byte	0
 2412 0014 00000000 		.4byte	0
 2413              		.section	.debug_line,"",%progbits
 2414              	.Ldebug_line0:
 2415 0000 3D010000 		.section	.debug_str,"MS",%progbits,1
 2415      02003701 
 2415      00000201 
 2415      FB0E0D00 
 2415      01010101 
 2416              	.LASF9:
 2417 0000 5F5F7569 		.ascii	"__uint8_t\000"
 2417      6E74385F 
 2417      7400
 2418              	.LASF19:
 2419 000a 443A5C55 		.ascii	"D:\\Users\\ESTEBAN\\Desktop\\Materias\\Codigos\\Psc"
 2419      73657273 
 2419      5C455354 
 2419      4542414E 
 2419      5C446573 
 2420 0037 6F635C4C 		.ascii	"oc\\LABVIEW\\labview.cydsn\000"
 2420      41425649 
 2420      45575C6C 
 2420      61627669 
 2420      65772E63 
 2421              	.LASF16:
 2422 0050 63795F6D 		.ascii	"cy_metadata\000"
 2422      65746164 
 2422      61746100 
 2423              	.LASF1:
 2424 005c 756E7369 		.ascii	"unsigned char\000"
 2424      676E6564 
 2424      20636861 
 2424      7200
 2425              	.LASF17:
 2426 006a 474E5520 		.ascii	"GNU C11 5.4.1 20160609 (release) [ARM/embedded-5-br"
 2426      43313120 
 2426      352E342E 
ARM GAS  C:\Users\ESTEBAN\AppData\Local\Temp\ccOtkGdO.s 			page 44


 2426      31203230 
 2426      31363036 
 2427 009d 616E6368 		.ascii	"anch revision 237715] -mcpu=cortex-m3 -mthumb -g -O"
 2427      20726576 
 2427      6973696F 
 2427      6E203233 
 2427      37373135 
 2428 00d0 67202D66 		.ascii	"g -ffunction-sections -ffat-lto-objects\000"
 2428      66756E63 
 2428      74696F6E 
 2428      2D736563 
 2428      74696F6E 
 2429              	.LASF5:
 2430 00f8 6C6F6E67 		.ascii	"long unsigned int\000"
 2430      20756E73 
 2430      69676E65 
 2430      6420696E 
 2430      7400
 2431              	.LASF3:
 2432 010a 73686F72 		.ascii	"short unsigned int\000"
 2432      7420756E 
 2432      7369676E 
 2432      65642069 
 2432      6E7400
 2433              	.LASF13:
 2434 011d 63795F6D 		.ascii	"cy_meta_custnvl\000"
 2434      6574615F 
 2434      63757374 
 2434      6E766C00 
 2435              	.LASF12:
 2436 012d 63795F6D 		.ascii	"cy_meta_configecc\000"
 2436      6574615F 
 2436      636F6E66 
 2436      69676563 
 2436      6300
 2437              	.LASF8:
 2438 013f 756E7369 		.ascii	"unsigned int\000"
 2438      676E6564 
 2438      20696E74 
 2438      00
 2439              	.LASF7:
 2440 014c 6C6F6E67 		.ascii	"long long unsigned int\000"
 2440      206C6F6E 
 2440      6720756E 
 2440      7369676E 
 2440      65642069 
 2441              	.LASF10:
 2442 0163 75696E74 		.ascii	"uint8_t\000"
 2442      385F7400 
 2443              	.LASF15:
 2444 016b 63795F6D 		.ascii	"cy_meta_flashprotect\000"
 2444      6574615F 
 2444      666C6173 
 2444      6870726F 
 2444      74656374 
 2445              	.LASF14:
 2446 0180 63795F6D 		.ascii	"cy_meta_wonvl\000"
ARM GAS  C:\Users\ESTEBAN\AppData\Local\Temp\ccOtkGdO.s 			page 45


 2446      6574615F 
 2446      776F6E76 
 2446      6C00
 2447              	.LASF11:
 2448 018e 73697A65 		.ascii	"sizetype\000"
 2448      74797065 
 2448      00
 2449              	.LASF6:
 2450 0197 6C6F6E67 		.ascii	"long long int\000"
 2450      206C6F6E 
 2450      6720696E 
 2450      7400
 2451              	.LASF2:
 2452 01a5 73686F72 		.ascii	"short int\000"
 2452      7420696E 
 2452      7400
 2453              	.LASF4:
 2454 01af 6C6F6E67 		.ascii	"long int\000"
 2454      20696E74 
 2454      00
 2455              	.LASF0:
 2456 01b8 7369676E 		.ascii	"signed char\000"
 2456      65642063 
 2456      68617200 
 2457              	.LASF18:
 2458 01c4 47656E65 		.ascii	"Generated_Source\\PSoC5\\cymetadata.c\000"
 2458      72617465 
 2458      645F536F 
 2458      75726365 
 2458      5C50536F 
 2459              		.ident	"GCC: (GNU Tools for ARM Embedded Processors) 5.4.1 20160609 (release) [ARM/embedded-5-bran
