ARM GAS  C:\Users\ESTEBAN\AppData\Local\Temp\cc1yRAOp.s 			page 1


   1              		.syntax unified
   2              		.cpu cortex-m3
   3              		.fpu softvfp
   4              		.eabi_attribute 20, 1
   5              		.eabi_attribute 21, 1
   6              		.eabi_attribute 23, 3
   7              		.eabi_attribute 24, 1
   8              		.eabi_attribute 25, 1
   9              		.eabi_attribute 26, 1
  10              		.eabi_attribute 30, 1
  11              		.eabi_attribute 34, 1
  12              		.eabi_attribute 18, 4
  13              		.thumb
  14              		.syntax unified
  15              		.file	"PWM1_PM.c"
  16              		.text
  17              	.Ltext0:
  18              		.cfi_sections	.debug_frame
  19              		.section	.text.PWM1_SaveConfig,"ax",%progbits
  20              		.align	2
  21              		.global	PWM1_SaveConfig
  22              		.thumb
  23              		.thumb_func
  24              		.type	PWM1_SaveConfig, %function
  25              	PWM1_SaveConfig:
  26              	.LFB0:
  27              		.file 1 "Generated_Source\\PSoC5\\PWM1_PM.c"
   1:Generated_Source\PSoC5/PWM1_PM.c **** /*******************************************************************************
   2:Generated_Source\PSoC5/PWM1_PM.c **** * File Name: PWM1_PM.c
   3:Generated_Source\PSoC5/PWM1_PM.c **** * Version 3.30
   4:Generated_Source\PSoC5/PWM1_PM.c **** *
   5:Generated_Source\PSoC5/PWM1_PM.c **** * Description:
   6:Generated_Source\PSoC5/PWM1_PM.c **** *  This file provides the power management source code to API for the
   7:Generated_Source\PSoC5/PWM1_PM.c **** *  PWM.
   8:Generated_Source\PSoC5/PWM1_PM.c **** *
   9:Generated_Source\PSoC5/PWM1_PM.c **** * Note:
  10:Generated_Source\PSoC5/PWM1_PM.c **** *
  11:Generated_Source\PSoC5/PWM1_PM.c **** ********************************************************************************
  12:Generated_Source\PSoC5/PWM1_PM.c **** * Copyright 2008-2014, Cypress Semiconductor Corporation.  All rights reserved.
  13:Generated_Source\PSoC5/PWM1_PM.c **** * You may use this file only in accordance with the license, terms, conditions,
  14:Generated_Source\PSoC5/PWM1_PM.c **** * disclaimers, and limitations in the end user license agreement accompanying
  15:Generated_Source\PSoC5/PWM1_PM.c **** * the software package with which this file was provided.
  16:Generated_Source\PSoC5/PWM1_PM.c **** *******************************************************************************/
  17:Generated_Source\PSoC5/PWM1_PM.c **** 
  18:Generated_Source\PSoC5/PWM1_PM.c **** #include "PWM1.h"
  19:Generated_Source\PSoC5/PWM1_PM.c **** 
  20:Generated_Source\PSoC5/PWM1_PM.c **** static PWM1_backupStruct PWM1_backup;
  21:Generated_Source\PSoC5/PWM1_PM.c **** 
  22:Generated_Source\PSoC5/PWM1_PM.c **** 
  23:Generated_Source\PSoC5/PWM1_PM.c **** /*******************************************************************************
  24:Generated_Source\PSoC5/PWM1_PM.c **** * Function Name: PWM1_SaveConfig
  25:Generated_Source\PSoC5/PWM1_PM.c **** ********************************************************************************
  26:Generated_Source\PSoC5/PWM1_PM.c **** *
  27:Generated_Source\PSoC5/PWM1_PM.c **** * Summary:
  28:Generated_Source\PSoC5/PWM1_PM.c **** *  Saves the current user configuration of the component.
  29:Generated_Source\PSoC5/PWM1_PM.c **** *
  30:Generated_Source\PSoC5/PWM1_PM.c **** * Parameters:
ARM GAS  C:\Users\ESTEBAN\AppData\Local\Temp\cc1yRAOp.s 			page 2


  31:Generated_Source\PSoC5/PWM1_PM.c **** *  None
  32:Generated_Source\PSoC5/PWM1_PM.c **** *
  33:Generated_Source\PSoC5/PWM1_PM.c **** * Return:
  34:Generated_Source\PSoC5/PWM1_PM.c **** *  None
  35:Generated_Source\PSoC5/PWM1_PM.c **** *
  36:Generated_Source\PSoC5/PWM1_PM.c **** * Global variables:
  37:Generated_Source\PSoC5/PWM1_PM.c **** *  PWM1_backup:  Variables of this global structure are modified to
  38:Generated_Source\PSoC5/PWM1_PM.c **** *  store the values of non retention configuration registers when Sleep() API is
  39:Generated_Source\PSoC5/PWM1_PM.c **** *  called.
  40:Generated_Source\PSoC5/PWM1_PM.c **** *
  41:Generated_Source\PSoC5/PWM1_PM.c **** *******************************************************************************/
  42:Generated_Source\PSoC5/PWM1_PM.c **** void PWM1_SaveConfig(void) 
  43:Generated_Source\PSoC5/PWM1_PM.c **** {
  28              		.loc 1 43 0
  29              		.cfi_startproc
  30              		@ args = 0, pretend = 0, frame = 0
  31              		@ frame_needed = 0, uses_anonymous_args = 0
  32 0000 10B5     		push	{r4, lr}
  33              		.cfi_def_cfa_offset 8
  34              		.cfi_offset 4, -8
  35              		.cfi_offset 14, -4
  44:Generated_Source\PSoC5/PWM1_PM.c **** 
  45:Generated_Source\PSoC5/PWM1_PM.c ****     #if(!PWM1_UsingFixedFunction)
  46:Generated_Source\PSoC5/PWM1_PM.c ****         #if(!PWM1_PWMModeIsCenterAligned)
  47:Generated_Source\PSoC5/PWM1_PM.c ****             PWM1_backup.PWMPeriod = PWM1_ReadPeriod();
  36              		.loc 1 47 0
  37 0002 FFF7FEFF 		bl	PWM1_ReadPeriod
  38              	.LVL0:
  39 0006 044C     		ldr	r4, .L3
  40 0008 A080     		strh	r0, [r4, #4]	@ movhi
  48:Generated_Source\PSoC5/PWM1_PM.c ****         #endif /* (!PWM1_PWMModeIsCenterAligned) */
  49:Generated_Source\PSoC5/PWM1_PM.c ****         PWM1_backup.PWMUdb = PWM1_ReadCounter();
  41              		.loc 1 49 0
  42 000a FFF7FEFF 		bl	PWM1_ReadCounter
  43              	.LVL1:
  44 000e 6080     		strh	r0, [r4, #2]	@ movhi
  50:Generated_Source\PSoC5/PWM1_PM.c ****         #if (PWM1_UseStatus)
  51:Generated_Source\PSoC5/PWM1_PM.c ****             PWM1_backup.InterruptMaskValue = PWM1_STATUS_MASK;
  45              		.loc 1 51 0
  46 0010 024B     		ldr	r3, .L3+4
  47 0012 1B78     		ldrb	r3, [r3]	@ zero_extendqisi2
  48 0014 A371     		strb	r3, [r4, #6]
  49 0016 10BD     		pop	{r4, pc}
  50              	.L4:
  51              		.align	2
  52              	.L3:
  53 0018 00000000 		.word	.LANCHOR0
  54 001c 8A640040 		.word	1073767562
  55              		.cfi_endproc
  56              	.LFE0:
  57              		.size	PWM1_SaveConfig, .-PWM1_SaveConfig
  58              		.section	.text.PWM1_RestoreConfig,"ax",%progbits
  59              		.align	2
  60              		.global	PWM1_RestoreConfig
  61              		.thumb
  62              		.thumb_func
  63              		.type	PWM1_RestoreConfig, %function
ARM GAS  C:\Users\ESTEBAN\AppData\Local\Temp\cc1yRAOp.s 			page 3


  64              	PWM1_RestoreConfig:
  65              	.LFB1:
  52:Generated_Source\PSoC5/PWM1_PM.c ****         #endif /* (PWM1_UseStatus) */
  53:Generated_Source\PSoC5/PWM1_PM.c **** 
  54:Generated_Source\PSoC5/PWM1_PM.c ****         #if(PWM1_DeadBandMode == PWM1__B_PWM__DBM_256_CLOCKS || \
  55:Generated_Source\PSoC5/PWM1_PM.c ****             PWM1_DeadBandMode == PWM1__B_PWM__DBM_2_4_CLOCKS)
  56:Generated_Source\PSoC5/PWM1_PM.c ****             PWM1_backup.PWMdeadBandValue = PWM1_ReadDeadTime();
  57:Generated_Source\PSoC5/PWM1_PM.c ****         #endif /*  deadband count is either 2-4 clocks or 256 clocks */
  58:Generated_Source\PSoC5/PWM1_PM.c **** 
  59:Generated_Source\PSoC5/PWM1_PM.c ****         #if(PWM1_KillModeMinTime)
  60:Generated_Source\PSoC5/PWM1_PM.c ****              PWM1_backup.PWMKillCounterPeriod = PWM1_ReadKillTime();
  61:Generated_Source\PSoC5/PWM1_PM.c ****         #endif /* (PWM1_KillModeMinTime) */
  62:Generated_Source\PSoC5/PWM1_PM.c **** 
  63:Generated_Source\PSoC5/PWM1_PM.c ****         #if(PWM1_UseControl)
  64:Generated_Source\PSoC5/PWM1_PM.c ****             PWM1_backup.PWMControlRegister = PWM1_ReadControlRegister();
  65:Generated_Source\PSoC5/PWM1_PM.c ****         #endif /* (PWM1_UseControl) */
  66:Generated_Source\PSoC5/PWM1_PM.c ****     #endif  /* (!PWM1_UsingFixedFunction) */
  67:Generated_Source\PSoC5/PWM1_PM.c **** }
  68:Generated_Source\PSoC5/PWM1_PM.c **** 
  69:Generated_Source\PSoC5/PWM1_PM.c **** 
  70:Generated_Source\PSoC5/PWM1_PM.c **** /*******************************************************************************
  71:Generated_Source\PSoC5/PWM1_PM.c **** * Function Name: PWM1_RestoreConfig
  72:Generated_Source\PSoC5/PWM1_PM.c **** ********************************************************************************
  73:Generated_Source\PSoC5/PWM1_PM.c **** *
  74:Generated_Source\PSoC5/PWM1_PM.c **** * Summary:
  75:Generated_Source\PSoC5/PWM1_PM.c **** *  Restores the current user configuration of the component.
  76:Generated_Source\PSoC5/PWM1_PM.c **** *
  77:Generated_Source\PSoC5/PWM1_PM.c **** * Parameters:
  78:Generated_Source\PSoC5/PWM1_PM.c **** *  None
  79:Generated_Source\PSoC5/PWM1_PM.c **** *
  80:Generated_Source\PSoC5/PWM1_PM.c **** * Return:
  81:Generated_Source\PSoC5/PWM1_PM.c **** *  None
  82:Generated_Source\PSoC5/PWM1_PM.c **** *
  83:Generated_Source\PSoC5/PWM1_PM.c **** * Global variables:
  84:Generated_Source\PSoC5/PWM1_PM.c **** *  PWM1_backup:  Variables of this global structure are used to
  85:Generated_Source\PSoC5/PWM1_PM.c **** *  restore the values of non retention registers on wakeup from sleep mode.
  86:Generated_Source\PSoC5/PWM1_PM.c **** *
  87:Generated_Source\PSoC5/PWM1_PM.c **** *******************************************************************************/
  88:Generated_Source\PSoC5/PWM1_PM.c **** void PWM1_RestoreConfig(void) 
  89:Generated_Source\PSoC5/PWM1_PM.c **** {
  66              		.loc 1 89 0
  67              		.cfi_startproc
  68              		@ args = 0, pretend = 0, frame = 0
  69              		@ frame_needed = 0, uses_anonymous_args = 0
  70 0000 10B5     		push	{r4, lr}
  71              		.cfi_def_cfa_offset 8
  72              		.cfi_offset 4, -8
  73              		.cfi_offset 14, -4
  90:Generated_Source\PSoC5/PWM1_PM.c ****         #if(!PWM1_UsingFixedFunction)
  91:Generated_Source\PSoC5/PWM1_PM.c ****             #if(!PWM1_PWMModeIsCenterAligned)
  92:Generated_Source\PSoC5/PWM1_PM.c ****                 PWM1_WritePeriod(PWM1_backup.PWMPeriod);
  74              		.loc 1 92 0
  75 0002 054C     		ldr	r4, .L7
  76 0004 A088     		ldrh	r0, [r4, #4]
  77 0006 FFF7FEFF 		bl	PWM1_WritePeriod
  78              	.LVL2:
  93:Generated_Source\PSoC5/PWM1_PM.c ****             #endif /* (!PWM1_PWMModeIsCenterAligned) */
ARM GAS  C:\Users\ESTEBAN\AppData\Local\Temp\cc1yRAOp.s 			page 4


  94:Generated_Source\PSoC5/PWM1_PM.c **** 
  95:Generated_Source\PSoC5/PWM1_PM.c ****             PWM1_WriteCounter(PWM1_backup.PWMUdb);
  79              		.loc 1 95 0
  80 000a 6088     		ldrh	r0, [r4, #2]
  81 000c FFF7FEFF 		bl	PWM1_WriteCounter
  82              	.LVL3:
  96:Generated_Source\PSoC5/PWM1_PM.c **** 
  97:Generated_Source\PSoC5/PWM1_PM.c ****             #if (PWM1_UseStatus)
  98:Generated_Source\PSoC5/PWM1_PM.c ****                 PWM1_STATUS_MASK = PWM1_backup.InterruptMaskValue;
  83              		.loc 1 98 0
  84 0010 A279     		ldrb	r2, [r4, #6]	@ zero_extendqisi2
  85 0012 024B     		ldr	r3, .L7+4
  86 0014 1A70     		strb	r2, [r3]
  87 0016 10BD     		pop	{r4, pc}
  88              	.L8:
  89              		.align	2
  90              	.L7:
  91 0018 00000000 		.word	.LANCHOR0
  92 001c 8A640040 		.word	1073767562
  93              		.cfi_endproc
  94              	.LFE1:
  95              		.size	PWM1_RestoreConfig, .-PWM1_RestoreConfig
  96              		.section	.text.PWM1_Sleep,"ax",%progbits
  97              		.align	2
  98              		.global	PWM1_Sleep
  99              		.thumb
 100              		.thumb_func
 101              		.type	PWM1_Sleep, %function
 102              	PWM1_Sleep:
 103              	.LFB2:
  99:Generated_Source\PSoC5/PWM1_PM.c ****             #endif /* (PWM1_UseStatus) */
 100:Generated_Source\PSoC5/PWM1_PM.c **** 
 101:Generated_Source\PSoC5/PWM1_PM.c ****             #if(PWM1_DeadBandMode == PWM1__B_PWM__DBM_256_CLOCKS || \
 102:Generated_Source\PSoC5/PWM1_PM.c ****                 PWM1_DeadBandMode == PWM1__B_PWM__DBM_2_4_CLOCKS)
 103:Generated_Source\PSoC5/PWM1_PM.c ****                 PWM1_WriteDeadTime(PWM1_backup.PWMdeadBandValue);
 104:Generated_Source\PSoC5/PWM1_PM.c ****             #endif /* deadband count is either 2-4 clocks or 256 clocks */
 105:Generated_Source\PSoC5/PWM1_PM.c **** 
 106:Generated_Source\PSoC5/PWM1_PM.c ****             #if(PWM1_KillModeMinTime)
 107:Generated_Source\PSoC5/PWM1_PM.c ****                 PWM1_WriteKillTime(PWM1_backup.PWMKillCounterPeriod);
 108:Generated_Source\PSoC5/PWM1_PM.c ****             #endif /* (PWM1_KillModeMinTime) */
 109:Generated_Source\PSoC5/PWM1_PM.c **** 
 110:Generated_Source\PSoC5/PWM1_PM.c ****             #if(PWM1_UseControl)
 111:Generated_Source\PSoC5/PWM1_PM.c ****                 PWM1_WriteControlRegister(PWM1_backup.PWMControlRegister);
 112:Generated_Source\PSoC5/PWM1_PM.c ****             #endif /* (PWM1_UseControl) */
 113:Generated_Source\PSoC5/PWM1_PM.c ****         #endif  /* (!PWM1_UsingFixedFunction) */
 114:Generated_Source\PSoC5/PWM1_PM.c ****     }
 115:Generated_Source\PSoC5/PWM1_PM.c **** 
 116:Generated_Source\PSoC5/PWM1_PM.c **** 
 117:Generated_Source\PSoC5/PWM1_PM.c **** /*******************************************************************************
 118:Generated_Source\PSoC5/PWM1_PM.c **** * Function Name: PWM1_Sleep
 119:Generated_Source\PSoC5/PWM1_PM.c **** ********************************************************************************
 120:Generated_Source\PSoC5/PWM1_PM.c **** *
 121:Generated_Source\PSoC5/PWM1_PM.c **** * Summary:
 122:Generated_Source\PSoC5/PWM1_PM.c **** *  Disables block's operation and saves the user configuration. Should be called
 123:Generated_Source\PSoC5/PWM1_PM.c **** *  just prior to entering sleep.
 124:Generated_Source\PSoC5/PWM1_PM.c **** *
 125:Generated_Source\PSoC5/PWM1_PM.c **** * Parameters:
ARM GAS  C:\Users\ESTEBAN\AppData\Local\Temp\cc1yRAOp.s 			page 5


 126:Generated_Source\PSoC5/PWM1_PM.c **** *  None
 127:Generated_Source\PSoC5/PWM1_PM.c **** *
 128:Generated_Source\PSoC5/PWM1_PM.c **** * Return:
 129:Generated_Source\PSoC5/PWM1_PM.c **** *  None
 130:Generated_Source\PSoC5/PWM1_PM.c **** *
 131:Generated_Source\PSoC5/PWM1_PM.c **** * Global variables:
 132:Generated_Source\PSoC5/PWM1_PM.c **** *  PWM1_backup.PWMEnableState:  Is modified depending on the enable
 133:Generated_Source\PSoC5/PWM1_PM.c **** *  state of the block before entering sleep mode.
 134:Generated_Source\PSoC5/PWM1_PM.c **** *
 135:Generated_Source\PSoC5/PWM1_PM.c **** *******************************************************************************/
 136:Generated_Source\PSoC5/PWM1_PM.c **** void PWM1_Sleep(void) 
 137:Generated_Source\PSoC5/PWM1_PM.c **** {
 104              		.loc 1 137 0
 105              		.cfi_startproc
 106              		@ args = 0, pretend = 0, frame = 0
 107              		@ frame_needed = 0, uses_anonymous_args = 0
 108 0000 08B5     		push	{r3, lr}
 109              		.cfi_def_cfa_offset 8
 110              		.cfi_offset 3, -8
 111              		.cfi_offset 14, -4
 138:Generated_Source\PSoC5/PWM1_PM.c ****     #if(PWM1_UseControl)
 139:Generated_Source\PSoC5/PWM1_PM.c ****         if(PWM1_CTRL_ENABLE == (PWM1_CONTROL & PWM1_CTRL_ENABLE))
 140:Generated_Source\PSoC5/PWM1_PM.c ****         {
 141:Generated_Source\PSoC5/PWM1_PM.c ****             /*Component is enabled */
 142:Generated_Source\PSoC5/PWM1_PM.c ****             PWM1_backup.PWMEnableState = 1u;
 143:Generated_Source\PSoC5/PWM1_PM.c ****         }
 144:Generated_Source\PSoC5/PWM1_PM.c ****         else
 145:Generated_Source\PSoC5/PWM1_PM.c ****         {
 146:Generated_Source\PSoC5/PWM1_PM.c ****             /* Component is disabled */
 147:Generated_Source\PSoC5/PWM1_PM.c ****             PWM1_backup.PWMEnableState = 0u;
 148:Generated_Source\PSoC5/PWM1_PM.c ****         }
 149:Generated_Source\PSoC5/PWM1_PM.c ****     #endif /* (PWM1_UseControl) */
 150:Generated_Source\PSoC5/PWM1_PM.c **** 
 151:Generated_Source\PSoC5/PWM1_PM.c ****     /* Stop component */
 152:Generated_Source\PSoC5/PWM1_PM.c ****     PWM1_Stop();
 112              		.loc 1 152 0
 113 0002 FFF7FEFF 		bl	PWM1_Stop
 114              	.LVL4:
 153:Generated_Source\PSoC5/PWM1_PM.c **** 
 154:Generated_Source\PSoC5/PWM1_PM.c ****     /* Save registers configuration */
 155:Generated_Source\PSoC5/PWM1_PM.c ****     PWM1_SaveConfig();
 115              		.loc 1 155 0
 116 0006 FFF7FEFF 		bl	PWM1_SaveConfig
 117              	.LVL5:
 118 000a 08BD     		pop	{r3, pc}
 119              		.cfi_endproc
 120              	.LFE2:
 121              		.size	PWM1_Sleep, .-PWM1_Sleep
 122              		.section	.text.PWM1_Wakeup,"ax",%progbits
 123              		.align	2
 124              		.global	PWM1_Wakeup
 125              		.thumb
 126              		.thumb_func
 127              		.type	PWM1_Wakeup, %function
 128              	PWM1_Wakeup:
 129              	.LFB3:
 156:Generated_Source\PSoC5/PWM1_PM.c **** }
ARM GAS  C:\Users\ESTEBAN\AppData\Local\Temp\cc1yRAOp.s 			page 6


 157:Generated_Source\PSoC5/PWM1_PM.c **** 
 158:Generated_Source\PSoC5/PWM1_PM.c **** 
 159:Generated_Source\PSoC5/PWM1_PM.c **** /*******************************************************************************
 160:Generated_Source\PSoC5/PWM1_PM.c **** * Function Name: PWM1_Wakeup
 161:Generated_Source\PSoC5/PWM1_PM.c **** ********************************************************************************
 162:Generated_Source\PSoC5/PWM1_PM.c **** *
 163:Generated_Source\PSoC5/PWM1_PM.c **** * Summary:
 164:Generated_Source\PSoC5/PWM1_PM.c **** *  Restores and enables the user configuration. Should be called just after
 165:Generated_Source\PSoC5/PWM1_PM.c **** *  awaking from sleep.
 166:Generated_Source\PSoC5/PWM1_PM.c **** *
 167:Generated_Source\PSoC5/PWM1_PM.c **** * Parameters:
 168:Generated_Source\PSoC5/PWM1_PM.c **** *  None
 169:Generated_Source\PSoC5/PWM1_PM.c **** *
 170:Generated_Source\PSoC5/PWM1_PM.c **** * Return:
 171:Generated_Source\PSoC5/PWM1_PM.c **** *  None
 172:Generated_Source\PSoC5/PWM1_PM.c **** *
 173:Generated_Source\PSoC5/PWM1_PM.c **** * Global variables:
 174:Generated_Source\PSoC5/PWM1_PM.c **** *  PWM1_backup.pwmEnable:  Is used to restore the enable state of
 175:Generated_Source\PSoC5/PWM1_PM.c **** *  block on wakeup from sleep mode.
 176:Generated_Source\PSoC5/PWM1_PM.c **** *
 177:Generated_Source\PSoC5/PWM1_PM.c **** *******************************************************************************/
 178:Generated_Source\PSoC5/PWM1_PM.c **** void PWM1_Wakeup(void) 
 179:Generated_Source\PSoC5/PWM1_PM.c **** {
 130              		.loc 1 179 0
 131              		.cfi_startproc
 132              		@ args = 0, pretend = 0, frame = 0
 133              		@ frame_needed = 0, uses_anonymous_args = 0
 134 0000 08B5     		push	{r3, lr}
 135              		.cfi_def_cfa_offset 8
 136              		.cfi_offset 3, -8
 137              		.cfi_offset 14, -4
 180:Generated_Source\PSoC5/PWM1_PM.c ****      /* Restore registers values */
 181:Generated_Source\PSoC5/PWM1_PM.c ****     PWM1_RestoreConfig();
 138              		.loc 1 181 0
 139 0002 FFF7FEFF 		bl	PWM1_RestoreConfig
 140              	.LVL6:
 182:Generated_Source\PSoC5/PWM1_PM.c **** 
 183:Generated_Source\PSoC5/PWM1_PM.c ****     if(PWM1_backup.PWMEnableState != 0u)
 141              		.loc 1 183 0
 142 0006 034B     		ldr	r3, .L14
 143 0008 1B78     		ldrb	r3, [r3]	@ zero_extendqisi2
 144 000a 0BB1     		cbz	r3, .L11
 184:Generated_Source\PSoC5/PWM1_PM.c ****     {
 185:Generated_Source\PSoC5/PWM1_PM.c ****         /* Enable component's operation */
 186:Generated_Source\PSoC5/PWM1_PM.c ****         PWM1_Enable();
 145              		.loc 1 186 0
 146 000c FFF7FEFF 		bl	PWM1_Enable
 147              	.LVL7:
 148              	.L11:
 149 0010 08BD     		pop	{r3, pc}
 150              	.L15:
 151 0012 00BF     		.align	2
 152              	.L14:
 153 0014 00000000 		.word	.LANCHOR0
 154              		.cfi_endproc
 155              	.LFE3:
 156              		.size	PWM1_Wakeup, .-PWM1_Wakeup
ARM GAS  C:\Users\ESTEBAN\AppData\Local\Temp\cc1yRAOp.s 			page 7


 157              		.bss
 158              		.align	2
 159              		.set	.LANCHOR0,. + 0
 160              		.type	PWM1_backup, %object
 161              		.size	PWM1_backup, 8
 162              	PWM1_backup:
 163 0000 00000000 		.space	8
 163      00000000 
 164              		.text
 165              	.Letext0:
 166              		.file 2 "Generated_Source\\PSoC5\\cytypes.h"
 167              		.file 3 "Generated_Source\\PSoC5\\PWM1.h"
 168              		.section	.debug_info,"",%progbits
 169              	.Ldebug_info0:
 170 0000 EB010000 		.4byte	0x1eb
 171 0004 0400     		.2byte	0x4
 172 0006 00000000 		.4byte	.Ldebug_abbrev0
 173 000a 04       		.byte	0x4
 174 000b 01       		.uleb128 0x1
 175 000c AA000000 		.4byte	.LASF32
 176 0010 0C       		.byte	0xc
 177 0011 7B010000 		.4byte	.LASF33
 178 0015 46000000 		.4byte	.LASF34
 179 0019 00000000 		.4byte	.Ldebug_ranges0+0
 180 001d 00000000 		.4byte	0
 181 0021 00000000 		.4byte	.Ldebug_line0
 182 0025 02       		.uleb128 0x2
 183 0026 01       		.byte	0x1
 184 0027 06       		.byte	0x6
 185 0028 5C020000 		.4byte	.LASF0
 186 002c 02       		.uleb128 0x2
 187 002d 01       		.byte	0x1
 188 002e 08       		.byte	0x8
 189 002f 9C000000 		.4byte	.LASF1
 190 0033 02       		.uleb128 0x2
 191 0034 02       		.byte	0x2
 192 0035 05       		.byte	0x5
 193 0036 31020000 		.4byte	.LASF2
 194 003a 02       		.uleb128 0x2
 195 003b 02       		.byte	0x2
 196 003c 07       		.byte	0x7
 197 003d 29000000 		.4byte	.LASF3
 198 0041 02       		.uleb128 0x2
 199 0042 04       		.byte	0x4
 200 0043 05       		.byte	0x5
 201 0044 47020000 		.4byte	.LASF4
 202 0048 02       		.uleb128 0x2
 203 0049 04       		.byte	0x4
 204 004a 07       		.byte	0x7
 205 004b 52010000 		.4byte	.LASF5
 206 004f 02       		.uleb128 0x2
 207 0050 08       		.byte	0x8
 208 0051 05       		.byte	0x5
 209 0052 0D020000 		.4byte	.LASF6
 210 0056 02       		.uleb128 0x2
 211 0057 08       		.byte	0x8
 212 0058 07       		.byte	0x7
ARM GAS  C:\Users\ESTEBAN\AppData\Local\Temp\cc1yRAOp.s 			page 8


 213 0059 E8010000 		.4byte	.LASF7
 214 005d 03       		.uleb128 0x3
 215 005e 04       		.byte	0x4
 216 005f 05       		.byte	0x5
 217 0060 696E7400 		.ascii	"int\000"
 218 0064 02       		.uleb128 0x2
 219 0065 04       		.byte	0x4
 220 0066 07       		.byte	0x7
 221 0067 C9010000 		.4byte	.LASF8
 222 006b 04       		.uleb128 0x4
 223 006c 64010000 		.4byte	.LASF9
 224 0070 02       		.byte	0x2
 225 0071 E401     		.2byte	0x1e4
 226 0073 2C000000 		.4byte	0x2c
 227 0077 04       		.uleb128 0x4
 228 0078 AF010000 		.4byte	.LASF10
 229 007c 02       		.byte	0x2
 230 007d E501     		.2byte	0x1e5
 231 007f 3A000000 		.4byte	0x3a
 232 0083 02       		.uleb128 0x2
 233 0084 04       		.byte	0x4
 234 0085 04       		.byte	0x4
 235 0086 23000000 		.4byte	.LASF11
 236 008a 02       		.uleb128 0x2
 237 008b 08       		.byte	0x8
 238 008c 04       		.byte	0x4
 239 008d 9C010000 		.4byte	.LASF12
 240 0091 02       		.uleb128 0x2
 241 0092 01       		.byte	0x1
 242 0093 08       		.byte	0x8
 243 0094 1B020000 		.4byte	.LASF13
 244 0098 04       		.uleb128 0x4
 245 0099 FF010000 		.4byte	.LASF14
 246 009d 02       		.byte	0x2
 247 009e 8E02     		.2byte	0x28e
 248 00a0 A4000000 		.4byte	0xa4
 249 00a4 05       		.uleb128 0x5
 250 00a5 6B000000 		.4byte	0x6b
 251 00a9 02       		.uleb128 0x2
 252 00aa 08       		.byte	0x8
 253 00ab 04       		.byte	0x4
 254 00ac 50020000 		.4byte	.LASF15
 255 00b0 02       		.uleb128 0x2
 256 00b1 04       		.byte	0x4
 257 00b2 07       		.byte	0x7
 258 00b3 04020000 		.4byte	.LASF16
 259 00b7 06       		.uleb128 0x6
 260 00b8 08       		.byte	0x8
 261 00b9 03       		.byte	0x3
 262 00ba 6B       		.byte	0x6b
 263 00bb F0000000 		.4byte	0xf0
 264 00bf 07       		.uleb128 0x7
 265 00c0 38010000 		.4byte	.LASF17
 266 00c4 03       		.byte	0x3
 267 00c5 6E       		.byte	0x6e
 268 00c6 6B000000 		.4byte	0x6b
 269 00ca 00       		.byte	0
ARM GAS  C:\Users\ESTEBAN\AppData\Local\Temp\cc1yRAOp.s 			page 9


 270 00cb 07       		.uleb128 0x7
 271 00cc 12000000 		.4byte	.LASF18
 272 00d0 03       		.byte	0x3
 273 00d1 71       		.byte	0x71
 274 00d2 77000000 		.4byte	0x77
 275 00d6 02       		.byte	0x2
 276 00d7 07       		.uleb128 0x7
 277 00d8 19000000 		.4byte	.LASF19
 278 00dc 03       		.byte	0x3
 279 00dd 73       		.byte	0x73
 280 00de 77000000 		.4byte	0x77
 281 00e2 04       		.byte	0x4
 282 00e3 07       		.uleb128 0x7
 283 00e4 84020000 		.4byte	.LASF20
 284 00e8 03       		.byte	0x3
 285 00e9 76       		.byte	0x76
 286 00ea 6B000000 		.4byte	0x6b
 287 00ee 06       		.byte	0x6
 288 00ef 00       		.byte	0
 289 00f0 08       		.uleb128 0x8
 290 00f1 00000000 		.4byte	.LASF21
 291 00f5 03       		.byte	0x3
 292 00f6 8B       		.byte	0x8b
 293 00f7 B7000000 		.4byte	0xb7
 294 00fb 09       		.uleb128 0x9
 295 00fc 74020000 		.4byte	.LASF22
 296 0100 01       		.byte	0x1
 297 0101 2A       		.byte	0x2a
 298 0102 00000000 		.4byte	.LFB0
 299 0106 20000000 		.4byte	.LFE0-.LFB0
 300 010a 01       		.uleb128 0x1
 301 010b 9C       		.byte	0x9c
 302 010c 23010000 		.4byte	0x123
 303 0110 0A       		.uleb128 0xa
 304 0111 06000000 		.4byte	.LVL0
 305 0115 AC010000 		.4byte	0x1ac
 306 0119 0A       		.uleb128 0xa
 307 011a 0E000000 		.4byte	.LVL1
 308 011e B7010000 		.4byte	0x1b7
 309 0122 00       		.byte	0
 310 0123 09       		.uleb128 0x9
 311 0124 B6010000 		.4byte	.LASF23
 312 0128 01       		.byte	0x1
 313 0129 58       		.byte	0x58
 314 012a 00000000 		.4byte	.LFB1
 315 012e 20000000 		.4byte	.LFE1-.LFB1
 316 0132 01       		.uleb128 0x1
 317 0133 9C       		.byte	0x9c
 318 0134 4B010000 		.4byte	0x14b
 319 0138 0A       		.uleb128 0xa
 320 0139 0A000000 		.4byte	.LVL2
 321 013d C2010000 		.4byte	0x1c2
 322 0141 0A       		.uleb128 0xa
 323 0142 10000000 		.4byte	.LVL3
 324 0146 CD010000 		.4byte	0x1cd
 325 014a 00       		.byte	0
 326 014b 09       		.uleb128 0x9
ARM GAS  C:\Users\ESTEBAN\AppData\Local\Temp\cc1yRAOp.s 			page 10


 327 014c 47010000 		.4byte	.LASF24
 328 0150 01       		.byte	0x1
 329 0151 88       		.byte	0x88
 330 0152 00000000 		.4byte	.LFB2
 331 0156 0C000000 		.4byte	.LFE2-.LFB2
 332 015a 01       		.uleb128 0x1
 333 015b 9C       		.byte	0x9c
 334 015c 73010000 		.4byte	0x173
 335 0160 0A       		.uleb128 0xa
 336 0161 06000000 		.4byte	.LVL4
 337 0165 D8010000 		.4byte	0x1d8
 338 0169 0A       		.uleb128 0xa
 339 016a 0A000000 		.4byte	.LVL5
 340 016e FB000000 		.4byte	0xfb
 341 0172 00       		.byte	0
 342 0173 09       		.uleb128 0x9
 343 0174 68020000 		.4byte	.LASF25
 344 0178 01       		.byte	0x1
 345 0179 B2       		.byte	0xb2
 346 017a 00000000 		.4byte	.LFB3
 347 017e 18000000 		.4byte	.LFE3-.LFB3
 348 0182 01       		.uleb128 0x1
 349 0183 9C       		.byte	0x9c
 350 0184 9B010000 		.4byte	0x19b
 351 0188 0A       		.uleb128 0xa
 352 0189 06000000 		.4byte	.LVL6
 353 018d 23010000 		.4byte	0x123
 354 0191 0A       		.uleb128 0xa
 355 0192 10000000 		.4byte	.LVL7
 356 0196 E3010000 		.4byte	0x1e3
 357 019a 00       		.byte	0
 358 019b 0B       		.uleb128 0xb
 359 019c 3B020000 		.4byte	.LASF35
 360 01a0 01       		.byte	0x1
 361 01a1 14       		.byte	0x14
 362 01a2 F0000000 		.4byte	0xf0
 363 01a6 05       		.uleb128 0x5
 364 01a7 03       		.byte	0x3
 365 01a8 00000000 		.4byte	PWM1_backup
 366 01ac 0C       		.uleb128 0xc
 367 01ad 8C000000 		.4byte	.LASF26
 368 01b1 8C000000 		.4byte	.LASF26
 369 01b5 03       		.byte	0x3
 370 01b6 C0       		.byte	0xc0
 371 01b7 0C       		.uleb128 0xc
 372 01b8 6A010000 		.4byte	.LASF27
 373 01bc 6A010000 		.4byte	.LASF27
 374 01c0 03       		.byte	0x3
 375 01c1 B3       		.byte	0xb3
 376 01c2 0C       		.uleb128 0xc
 377 01c3 20020000 		.4byte	.LASF28
 378 01c7 20020000 		.4byte	.LASF28
 379 01cb 03       		.byte	0x3
 380 01cc BE       		.byte	0xbe
 381 01cd 0C       		.uleb128 0xc
 382 01ce D6010000 		.4byte	.LASF29
 383 01d2 D6010000 		.4byte	.LASF29
ARM GAS  C:\Users\ESTEBAN\AppData\Local\Temp\cc1yRAOp.s 			page 11


 384 01d6 03       		.byte	0x3
 385 01d7 BA       		.byte	0xba
 386 01d8 0C       		.uleb128 0xc
 387 01d9 3C000000 		.4byte	.LASF30
 388 01dd 3C000000 		.4byte	.LASF30
 389 01e1 03       		.byte	0x3
 390 01e2 93       		.byte	0x93
 391 01e3 0C       		.uleb128 0xc
 392 01e4 A3010000 		.4byte	.LASF31
 393 01e8 A3010000 		.4byte	.LASF31
 394 01ec 03       		.byte	0x3
 395 01ed DB       		.byte	0xdb
 396 01ee 00       		.byte	0
 397              		.section	.debug_abbrev,"",%progbits
 398              	.Ldebug_abbrev0:
 399 0000 01       		.uleb128 0x1
 400 0001 11       		.uleb128 0x11
 401 0002 01       		.byte	0x1
 402 0003 25       		.uleb128 0x25
 403 0004 0E       		.uleb128 0xe
 404 0005 13       		.uleb128 0x13
 405 0006 0B       		.uleb128 0xb
 406 0007 03       		.uleb128 0x3
 407 0008 0E       		.uleb128 0xe
 408 0009 1B       		.uleb128 0x1b
 409 000a 0E       		.uleb128 0xe
 410 000b 55       		.uleb128 0x55
 411 000c 17       		.uleb128 0x17
 412 000d 11       		.uleb128 0x11
 413 000e 01       		.uleb128 0x1
 414 000f 10       		.uleb128 0x10
 415 0010 17       		.uleb128 0x17
 416 0011 00       		.byte	0
 417 0012 00       		.byte	0
 418 0013 02       		.uleb128 0x2
 419 0014 24       		.uleb128 0x24
 420 0015 00       		.byte	0
 421 0016 0B       		.uleb128 0xb
 422 0017 0B       		.uleb128 0xb
 423 0018 3E       		.uleb128 0x3e
 424 0019 0B       		.uleb128 0xb
 425 001a 03       		.uleb128 0x3
 426 001b 0E       		.uleb128 0xe
 427 001c 00       		.byte	0
 428 001d 00       		.byte	0
 429 001e 03       		.uleb128 0x3
 430 001f 24       		.uleb128 0x24
 431 0020 00       		.byte	0
 432 0021 0B       		.uleb128 0xb
 433 0022 0B       		.uleb128 0xb
 434 0023 3E       		.uleb128 0x3e
 435 0024 0B       		.uleb128 0xb
 436 0025 03       		.uleb128 0x3
 437 0026 08       		.uleb128 0x8
 438 0027 00       		.byte	0
 439 0028 00       		.byte	0
 440 0029 04       		.uleb128 0x4
ARM GAS  C:\Users\ESTEBAN\AppData\Local\Temp\cc1yRAOp.s 			page 12


 441 002a 16       		.uleb128 0x16
 442 002b 00       		.byte	0
 443 002c 03       		.uleb128 0x3
 444 002d 0E       		.uleb128 0xe
 445 002e 3A       		.uleb128 0x3a
 446 002f 0B       		.uleb128 0xb
 447 0030 3B       		.uleb128 0x3b
 448 0031 05       		.uleb128 0x5
 449 0032 49       		.uleb128 0x49
 450 0033 13       		.uleb128 0x13
 451 0034 00       		.byte	0
 452 0035 00       		.byte	0
 453 0036 05       		.uleb128 0x5
 454 0037 35       		.uleb128 0x35
 455 0038 00       		.byte	0
 456 0039 49       		.uleb128 0x49
 457 003a 13       		.uleb128 0x13
 458 003b 00       		.byte	0
 459 003c 00       		.byte	0
 460 003d 06       		.uleb128 0x6
 461 003e 13       		.uleb128 0x13
 462 003f 01       		.byte	0x1
 463 0040 0B       		.uleb128 0xb
 464 0041 0B       		.uleb128 0xb
 465 0042 3A       		.uleb128 0x3a
 466 0043 0B       		.uleb128 0xb
 467 0044 3B       		.uleb128 0x3b
 468 0045 0B       		.uleb128 0xb
 469 0046 01       		.uleb128 0x1
 470 0047 13       		.uleb128 0x13
 471 0048 00       		.byte	0
 472 0049 00       		.byte	0
 473 004a 07       		.uleb128 0x7
 474 004b 0D       		.uleb128 0xd
 475 004c 00       		.byte	0
 476 004d 03       		.uleb128 0x3
 477 004e 0E       		.uleb128 0xe
 478 004f 3A       		.uleb128 0x3a
 479 0050 0B       		.uleb128 0xb
 480 0051 3B       		.uleb128 0x3b
 481 0052 0B       		.uleb128 0xb
 482 0053 49       		.uleb128 0x49
 483 0054 13       		.uleb128 0x13
 484 0055 38       		.uleb128 0x38
 485 0056 0B       		.uleb128 0xb
 486 0057 00       		.byte	0
 487 0058 00       		.byte	0
 488 0059 08       		.uleb128 0x8
 489 005a 16       		.uleb128 0x16
 490 005b 00       		.byte	0
 491 005c 03       		.uleb128 0x3
 492 005d 0E       		.uleb128 0xe
 493 005e 3A       		.uleb128 0x3a
 494 005f 0B       		.uleb128 0xb
 495 0060 3B       		.uleb128 0x3b
 496 0061 0B       		.uleb128 0xb
 497 0062 49       		.uleb128 0x49
ARM GAS  C:\Users\ESTEBAN\AppData\Local\Temp\cc1yRAOp.s 			page 13


 498 0063 13       		.uleb128 0x13
 499 0064 00       		.byte	0
 500 0065 00       		.byte	0
 501 0066 09       		.uleb128 0x9
 502 0067 2E       		.uleb128 0x2e
 503 0068 01       		.byte	0x1
 504 0069 3F       		.uleb128 0x3f
 505 006a 19       		.uleb128 0x19
 506 006b 03       		.uleb128 0x3
 507 006c 0E       		.uleb128 0xe
 508 006d 3A       		.uleb128 0x3a
 509 006e 0B       		.uleb128 0xb
 510 006f 3B       		.uleb128 0x3b
 511 0070 0B       		.uleb128 0xb
 512 0071 27       		.uleb128 0x27
 513 0072 19       		.uleb128 0x19
 514 0073 11       		.uleb128 0x11
 515 0074 01       		.uleb128 0x1
 516 0075 12       		.uleb128 0x12
 517 0076 06       		.uleb128 0x6
 518 0077 40       		.uleb128 0x40
 519 0078 18       		.uleb128 0x18
 520 0079 9742     		.uleb128 0x2117
 521 007b 19       		.uleb128 0x19
 522 007c 01       		.uleb128 0x1
 523 007d 13       		.uleb128 0x13
 524 007e 00       		.byte	0
 525 007f 00       		.byte	0
 526 0080 0A       		.uleb128 0xa
 527 0081 898201   		.uleb128 0x4109
 528 0084 00       		.byte	0
 529 0085 11       		.uleb128 0x11
 530 0086 01       		.uleb128 0x1
 531 0087 31       		.uleb128 0x31
 532 0088 13       		.uleb128 0x13
 533 0089 00       		.byte	0
 534 008a 00       		.byte	0
 535 008b 0B       		.uleb128 0xb
 536 008c 34       		.uleb128 0x34
 537 008d 00       		.byte	0
 538 008e 03       		.uleb128 0x3
 539 008f 0E       		.uleb128 0xe
 540 0090 3A       		.uleb128 0x3a
 541 0091 0B       		.uleb128 0xb
 542 0092 3B       		.uleb128 0x3b
 543 0093 0B       		.uleb128 0xb
 544 0094 49       		.uleb128 0x49
 545 0095 13       		.uleb128 0x13
 546 0096 02       		.uleb128 0x2
 547 0097 18       		.uleb128 0x18
 548 0098 00       		.byte	0
 549 0099 00       		.byte	0
 550 009a 0C       		.uleb128 0xc
 551 009b 2E       		.uleb128 0x2e
 552 009c 00       		.byte	0
 553 009d 3F       		.uleb128 0x3f
 554 009e 19       		.uleb128 0x19
ARM GAS  C:\Users\ESTEBAN\AppData\Local\Temp\cc1yRAOp.s 			page 14


 555 009f 3C       		.uleb128 0x3c
 556 00a0 19       		.uleb128 0x19
 557 00a1 6E       		.uleb128 0x6e
 558 00a2 0E       		.uleb128 0xe
 559 00a3 03       		.uleb128 0x3
 560 00a4 0E       		.uleb128 0xe
 561 00a5 3A       		.uleb128 0x3a
 562 00a6 0B       		.uleb128 0xb
 563 00a7 3B       		.uleb128 0x3b
 564 00a8 0B       		.uleb128 0xb
 565 00a9 00       		.byte	0
 566 00aa 00       		.byte	0
 567 00ab 00       		.byte	0
 568              		.section	.debug_aranges,"",%progbits
 569 0000 34000000 		.4byte	0x34
 570 0004 0200     		.2byte	0x2
 571 0006 00000000 		.4byte	.Ldebug_info0
 572 000a 04       		.byte	0x4
 573 000b 00       		.byte	0
 574 000c 0000     		.2byte	0
 575 000e 0000     		.2byte	0
 576 0010 00000000 		.4byte	.LFB0
 577 0014 20000000 		.4byte	.LFE0-.LFB0
 578 0018 00000000 		.4byte	.LFB1
 579 001c 20000000 		.4byte	.LFE1-.LFB1
 580 0020 00000000 		.4byte	.LFB2
 581 0024 0C000000 		.4byte	.LFE2-.LFB2
 582 0028 00000000 		.4byte	.LFB3
 583 002c 18000000 		.4byte	.LFE3-.LFB3
 584 0030 00000000 		.4byte	0
 585 0034 00000000 		.4byte	0
 586              		.section	.debug_ranges,"",%progbits
 587              	.Ldebug_ranges0:
 588 0000 00000000 		.4byte	.LFB0
 589 0004 20000000 		.4byte	.LFE0
 590 0008 00000000 		.4byte	.LFB1
 591 000c 20000000 		.4byte	.LFE1
 592 0010 00000000 		.4byte	.LFB2
 593 0014 0C000000 		.4byte	.LFE2
 594 0018 00000000 		.4byte	.LFB3
 595 001c 18000000 		.4byte	.LFE3
 596 0020 00000000 		.4byte	0
 597 0024 00000000 		.4byte	0
 598              		.section	.debug_line,"",%progbits
 599              	.Ldebug_line0:
 600 0000 A0000000 		.section	.debug_str,"MS",%progbits,1
 600      02004E00 
 600      00000201 
 600      FB0E0D00 
 600      01010101 
 601              	.LASF21:
 602 0000 50574D31 		.ascii	"PWM1_backupStruct\000"
 602      5F626163 
 602      6B757053 
 602      74727563 
 602      7400
 603              	.LASF18:
ARM GAS  C:\Users\ESTEBAN\AppData\Local\Temp\cc1yRAOp.s 			page 15


 604 0012 50574D55 		.ascii	"PWMUdb\000"
 604      646200
 605              	.LASF19:
 606 0019 50574D50 		.ascii	"PWMPeriod\000"
 606      6572696F 
 606      6400
 607              	.LASF11:
 608 0023 666C6F61 		.ascii	"float\000"
 608      7400
 609              	.LASF3:
 610 0029 73686F72 		.ascii	"short unsigned int\000"
 610      7420756E 
 610      7369676E 
 610      65642069 
 610      6E7400
 611              	.LASF30:
 612 003c 50574D31 		.ascii	"PWM1_Stop\000"
 612      5F53746F 
 612      7000
 613              	.LASF34:
 614 0046 443A5C55 		.ascii	"D:\\Users\\ESTEBAN\\Desktop\\Materias\\Codigos\\Psc"
 614      73657273 
 614      5C455354 
 614      4542414E 
 614      5C446573 
 615 0073 6F635C4C 		.ascii	"oc\\LABVIEW\\labview.cydsn\000"
 615      41425649 
 615      45575C6C 
 615      61627669 
 615      65772E63 
 616              	.LASF26:
 617 008c 50574D31 		.ascii	"PWM1_ReadPeriod\000"
 617      5F526561 
 617      64506572 
 617      696F6400 
 618              	.LASF1:
 619 009c 756E7369 		.ascii	"unsigned char\000"
 619      676E6564 
 619      20636861 
 619      7200
 620              	.LASF32:
 621 00aa 474E5520 		.ascii	"GNU C11 5.4.1 20160609 (release) [ARM/embedded-5-br"
 621      43313120 
 621      352E342E 
 621      31203230 
 621      31363036 
 622 00dd 616E6368 		.ascii	"anch revision 237715] -mcpu=cortex-m3 -mthumb -g -O"
 622      20726576 
 622      6973696F 
 622      6E203233 
 622      37373135 
 623 0110 67202D66 		.ascii	"g -ffunction-sections -ffat-lto-objects\000"
 623      66756E63 
 623      74696F6E 
 623      2D736563 
 623      74696F6E 
 624              	.LASF17:
ARM GAS  C:\Users\ESTEBAN\AppData\Local\Temp\cc1yRAOp.s 			page 16


 625 0138 50574D45 		.ascii	"PWMEnableState\000"
 625      6E61626C 
 625      65537461 
 625      746500
 626              	.LASF24:
 627 0147 50574D31 		.ascii	"PWM1_Sleep\000"
 627      5F536C65 
 627      657000
 628              	.LASF5:
 629 0152 6C6F6E67 		.ascii	"long unsigned int\000"
 629      20756E73 
 629      69676E65 
 629      6420696E 
 629      7400
 630              	.LASF9:
 631 0164 75696E74 		.ascii	"uint8\000"
 631      3800
 632              	.LASF27:
 633 016a 50574D31 		.ascii	"PWM1_ReadCounter\000"
 633      5F526561 
 633      64436F75 
 633      6E746572 
 633      00
 634              	.LASF33:
 635 017b 47656E65 		.ascii	"Generated_Source\\PSoC5\\PWM1_PM.c\000"
 635      72617465 
 635      645F536F 
 635      75726365 
 635      5C50536F 
 636              	.LASF12:
 637 019c 646F7562 		.ascii	"double\000"
 637      6C6500
 638              	.LASF31:
 639 01a3 50574D31 		.ascii	"PWM1_Enable\000"
 639      5F456E61 
 639      626C6500 
 640              	.LASF10:
 641 01af 75696E74 		.ascii	"uint16\000"
 641      313600
 642              	.LASF23:
 643 01b6 50574D31 		.ascii	"PWM1_RestoreConfig\000"
 643      5F526573 
 643      746F7265 
 643      436F6E66 
 643      696700
 644              	.LASF8:
 645 01c9 756E7369 		.ascii	"unsigned int\000"
 645      676E6564 
 645      20696E74 
 645      00
 646              	.LASF29:
 647 01d6 50574D31 		.ascii	"PWM1_WriteCounter\000"
 647      5F577269 
 647      7465436F 
 647      756E7465 
 647      7200
 648              	.LASF7:
ARM GAS  C:\Users\ESTEBAN\AppData\Local\Temp\cc1yRAOp.s 			page 17


 649 01e8 6C6F6E67 		.ascii	"long long unsigned int\000"
 649      206C6F6E 
 649      6720756E 
 649      7369676E 
 649      65642069 
 650              	.LASF14:
 651 01ff 72656738 		.ascii	"reg8\000"
 651      00
 652              	.LASF16:
 653 0204 73697A65 		.ascii	"sizetype\000"
 653      74797065 
 653      00
 654              	.LASF6:
 655 020d 6C6F6E67 		.ascii	"long long int\000"
 655      206C6F6E 
 655      6720696E 
 655      7400
 656              	.LASF13:
 657 021b 63686172 		.ascii	"char\000"
 657      00
 658              	.LASF28:
 659 0220 50574D31 		.ascii	"PWM1_WritePeriod\000"
 659      5F577269 
 659      74655065 
 659      72696F64 
 659      00
 660              	.LASF2:
 661 0231 73686F72 		.ascii	"short int\000"
 661      7420696E 
 661      7400
 662              	.LASF35:
 663 023b 50574D31 		.ascii	"PWM1_backup\000"
 663      5F626163 
 663      6B757000 
 664              	.LASF4:
 665 0247 6C6F6E67 		.ascii	"long int\000"
 665      20696E74 
 665      00
 666              	.LASF15:
 667 0250 6C6F6E67 		.ascii	"long double\000"
 667      20646F75 
 667      626C6500 
 668              	.LASF0:
 669 025c 7369676E 		.ascii	"signed char\000"
 669      65642063 
 669      68617200 
 670              	.LASF25:
 671 0268 50574D31 		.ascii	"PWM1_Wakeup\000"
 671      5F57616B 
 671      65757000 
 672              	.LASF22:
 673 0274 50574D31 		.ascii	"PWM1_SaveConfig\000"
 673      5F536176 
 673      65436F6E 
 673      66696700 
 674              	.LASF20:
 675 0284 496E7465 		.ascii	"InterruptMaskValue\000"
ARM GAS  C:\Users\ESTEBAN\AppData\Local\Temp\cc1yRAOp.s 			page 18


 675      72727570 
 675      744D6173 
 675      6B56616C 
 675      756500
 676              		.ident	"GCC: (GNU Tools for ARM Embedded Processors) 5.4.1 20160609 (release) [ARM/embedded-5-bran
