--------------- Build Started: 05/11/2019 21:54:28 Project: USB_Serial, Configuration: ARM GCC 5.4-2016-q2-update Debug ---------------
cydsfit.exe -.appdatapath "C:\Users\ESTEBAN\AppData\Local\Cypress Semiconductor\PSoC Creator\4.2" -.fdsnotice -.fdswarpdepfile=warp_dependencies.txt -.fdselabdepfile=elab_dependencies.txt -.fdsbldfile=generated_files.txt -.fdsreffile=referenced_files.txt -p "D:\Users\ESTEBAN\Desktop\Materias\Codigos\Pscoc\Carro Matlab\Sensor_Capacitivo_Comunicacion_USB\USB_Serial.cydsn\USB_Serial.cyprj" -d CY8C5868AXI-LP035 -s "D:\Users\ESTEBAN\Desktop\Materias\Codigos\Pscoc\Carro Matlab\Sensor_Capacitivo_Comunicacion_USB\USB_Serial.cydsn\Generated_Source\PSoC5" -- -yv2 -q10 -ygs -o2 -v3 -.fftcfgtype=LE
Elaborating Design...
HDL Generation...
Synthesis...
Tech Mapping...
Analog Placement...
Log: apr.M0058: The analog placement iterative improvement is 51% done. (App=cydsfit)
Analog Routing...
Analog Code Generation...
Digital Placement...
Digital Routing...
Bitstream Generation...
Bitstream Verification...
Static timing analysis...
API Generation...
Dependency Generation...
Cleanup...
arm-none-eabi-gcc.exe -mcpu=cortex-m3 -mthumb -I. -IGenerated_Source\PSoC5 -Wa,-alh=.\CortexM3\ARM_GCC_541\Debug/main.lst -g -D DEBUG -Wall -ffunction-sections -ffat-lto-objects -Og -u_printf_float -c main.c -o .\CortexM3\ARM_GCC_541\Debug\main.o
main.c: In function 'main':
main.c:12:11: warning: unused variable 'buffer' [-Wunused-variable]
     uint8 buffer[BUFFER_LEN];
           ^
main.c:11:12: warning: unused variable 'Cuenta' [-Wunused-variable]
     uint16 Cuenta;
            ^
arm-none-eabi-gcc.exe -mcpu=cortex-m3 -mthumb -I. -IGenerated_Source\PSoC5 -Wa,-alh=.\CortexM3\ARM_GCC_541\Debug/cyfitter_cfg.lst -g -D DEBUG -Wall -ffunction-sections -ffat-lto-objects -Og -u_printf_float -c Generated_Source\PSoC5\cyfitter_cfg.c -o .\CortexM3\ARM_GCC_541\Debug\cyfitter_cfg.o
arm-none-eabi-gcc.exe -mcpu=cortex-m3 -mthumb -I. -IGenerated_Source\PSoC5 -Wa,-alh=.\CortexM3\ARM_GCC_541\Debug/cymetadata.lst -g -D DEBUG -Wall -ffunction-sections -ffat-lto-objects -Og -u_printf_float -c Generated_Source\PSoC5\cymetadata.c -o .\CortexM3\ARM_GCC_541\Debug\cymetadata.o
arm-none-eabi-gcc.exe -mcpu=cortex-m3 -mthumb -I. -IGenerated_Source\PSoC5 -Wa,-alh=.\CortexM3\ARM_GCC_541\Debug/USB.lst -g -D DEBUG -Wall -ffunction-sections -ffat-lto-objects -Og -u_printf_float -c Generated_Source\PSoC5\USB.c -o .\CortexM3\ARM_GCC_541\Debug\USB.o
arm-none-eabi-gcc.exe -mcpu=cortex-m3 -mthumb -I. -IGenerated_Source\PSoC5 -Wa,-alh=.\CortexM3\ARM_GCC_541\Debug/USB_audio.lst -g -D DEBUG -Wall -ffunction-sections -ffat-lto-objects -Og -u_printf_float -c Generated_Source\PSoC5\USB_audio.c -o .\CortexM3\ARM_GCC_541\Debug\USB_audio.o
arm-none-eabi-gcc.exe -mcpu=cortex-m3 -mthumb -I. -IGenerated_Source\PSoC5 -Wa,-alh=.\CortexM3\ARM_GCC_541\Debug/USB_boot.lst -g -D DEBUG -Wall -ffunction-sections -ffat-lto-objects -Og -u_printf_float -c Generated_Source\PSoC5\USB_boot.c -o .\CortexM3\ARM_GCC_541\Debug\USB_boot.o
arm-none-eabi-gcc.exe -mcpu=cortex-m3 -mthumb -I. -IGenerated_Source\PSoC5 -Wa,-alh=.\CortexM3\ARM_GCC_541\Debug/USB_cdc.lst -g -D DEBUG -Wall -ffunction-sections -ffat-lto-objects -Og -u_printf_float -c Generated_Source\PSoC5\USB_cdc.c -o .\CortexM3\ARM_GCC_541\Debug\USB_cdc.o
arm-none-eabi-gcc.exe -mcpu=cortex-m3 -mthumb -I. -IGenerated_Source\PSoC5 -Wa,-alh=.\CortexM3\ARM_GCC_541\Debug/USB_cls.lst -g -D DEBUG -Wall -ffunction-sections -ffat-lto-objects -Og -u_printf_float -c Generated_Source\PSoC5\USB_cls.c -o .\CortexM3\ARM_GCC_541\Debug\USB_cls.o
arm-none-eabi-gcc.exe -mcpu=cortex-m3 -mthumb -I. -IGenerated_Source\PSoC5 -Wa,-alh=.\CortexM3\ARM_GCC_541\Debug/USB_descr.lst -g -D DEBUG -Wall -ffunction-sections -ffat-lto-objects -Og -u_printf_float -c Generated_Source\PSoC5\USB_descr.c -o .\CortexM3\ARM_GCC_541\Debug\USB_descr.o
arm-none-eabi-gcc.exe -mcpu=cortex-m3 -mthumb -I. -IGenerated_Source\PSoC5 -Wa,-alh=.\CortexM3\ARM_GCC_541\Debug/USB_drv.lst -g -D DEBUG -Wall -ffunction-sections -ffat-lto-objects -Og -u_printf_float -c Generated_Source\PSoC5\USB_drv.c -o .\CortexM3\ARM_GCC_541\Debug\USB_drv.o
arm-none-eabi-gcc.exe -mcpu=cortex-m3 -mthumb -I. -IGenerated_Source\PSoC5 -Wa,-alh=.\CortexM3\ARM_GCC_541\Debug/USB_episr.lst -g -D DEBUG -Wall -ffunction-sections -ffat-lto-objects -Og -u_printf_float -c Generated_Source\PSoC5\USB_episr.c -o .\CortexM3\ARM_GCC_541\Debug\USB_episr.o
arm-none-eabi-gcc.exe -mcpu=cortex-m3 -mthumb -I. -IGenerated_Source\PSoC5 -Wa,-alh=.\CortexM3\ARM_GCC_541\Debug/USB_hid.lst -g -D DEBUG -Wall -ffunction-sections -ffat-lto-objects -Og -u_printf_float -c Generated_Source\PSoC5\USB_hid.c -o .\CortexM3\ARM_GCC_541\Debug\USB_hid.o
arm-none-eabi-gcc.exe -mcpu=cortex-m3 -mthumb -I. -IGenerated_Source\PSoC5 -Wa,-alh=.\CortexM3\ARM_GCC_541\Debug/USB_pm.lst -g -D DEBUG -Wall -ffunction-sections -ffat-lto-objects -Og -u_printf_float -c Generated_Source\PSoC5\USB_pm.c -o .\CortexM3\ARM_GCC_541\Debug\USB_pm.o
arm-none-eabi-gcc.exe -mcpu=cortex-m3 -mthumb -I. -IGenerated_Source\PSoC5 -Wa,-alh=.\CortexM3\ARM_GCC_541\Debug/USB_std.lst -g -D DEBUG -Wall -ffunction-sections -ffat-lto-objects -Og -u_printf_float -c Generated_Source\PSoC5\USB_std.c -o .\CortexM3\ARM_GCC_541\Debug\USB_std.o
arm-none-eabi-gcc.exe -mcpu=cortex-m3 -mthumb -I. -IGenerated_Source\PSoC5 -Wa,-alh=.\CortexM3\ARM_GCC_541\Debug/USB_vnd.lst -g -D DEBUG -Wall -ffunction-sections -ffat-lto-objects -Og -u_printf_float -c Generated_Source\PSoC5\USB_vnd.c -o .\CortexM3\ARM_GCC_541\Debug\USB_vnd.o
arm-none-eabi-gcc.exe -mcpu=cortex-m3 -mthumb -I. -IGenerated_Source\PSoC5 -Wa,-alh=.\CortexM3\ARM_GCC_541\Debug/USB_midi.lst -g -D DEBUG -Wall -ffunction-sections -ffat-lto-objects -Og -u_printf_float -c Generated_Source\PSoC5\USB_midi.c -o .\CortexM3\ARM_GCC_541\Debug\USB_midi.o
arm-none-eabi-gcc.exe -mcpu=cortex-m3 -mthumb -I. -IGenerated_Source\PSoC5 -Wa,-alh=.\CortexM3\ARM_GCC_541\Debug/USB_msc.lst -g -D DEBUG -Wall -ffunction-sections -ffat-lto-objects -Og -u_printf_float -c Generated_Source\PSoC5\USB_msc.c -o .\CortexM3\ARM_GCC_541\Debug\USB_msc.o
arm-none-eabi-gcc.exe -mcpu=cortex-m3 -mthumb -I. -IGenerated_Source\PSoC5 -Wa,-alh=.\CortexM3\ARM_GCC_541\Debug/USB_Dm.lst -g -D DEBUG -Wall -ffunction-sections -ffat-lto-objects -Og -u_printf_float -c Generated_Source\PSoC5\USB_Dm.c -o .\CortexM3\ARM_GCC_541\Debug\USB_Dm.o
arm-none-eabi-gcc.exe -mcpu=cortex-m3 -mthumb -I. -IGenerated_Source\PSoC5 -Wa,-alh=.\CortexM3\ARM_GCC_541\Debug/USB_Dp.lst -g -D DEBUG -Wall -ffunction-sections -ffat-lto-objects -Og -u_printf_float -c Generated_Source\PSoC5\USB_Dp.c -o .\CortexM3\ARM_GCC_541\Debug\USB_Dp.o
arm-none-eabi-gcc.exe -mcpu=cortex-m3 -mthumb -I. -IGenerated_Source\PSoC5 -Wa,-alh=.\CortexM3\ARM_GCC_541\Debug/Cm3Start.lst -g -D DEBUG -Wall -ffunction-sections -ffat-lto-objects -Og -u_printf_float -c Generated_Source\PSoC5\Cm3Start.c -o .\CortexM3\ARM_GCC_541\Debug\Cm3Start.o
arm-none-eabi-gcc.exe -mcpu=cortex-m3 -mthumb -I. -IGenerated_Source\PSoC5 -Wa,-alh=.\CortexM3\ARM_GCC_541\Debug/CyDmac.lst -g -D DEBUG -Wall -ffunction-sections -ffat-lto-objects -Og -u_printf_float -c Generated_Source\PSoC5\CyDmac.c -o .\CortexM3\ARM_GCC_541\Debug\CyDmac.o
arm-none-eabi-gcc.exe -mcpu=cortex-m3 -mthumb -I. -IGenerated_Source\PSoC5 -Wa,-alh=.\CortexM3\ARM_GCC_541\Debug/CyFlash.lst -g -D DEBUG -Wall -ffunction-sections -ffat-lto-objects -Og -u_printf_float -c Generated_Source\PSoC5\CyFlash.c -o .\CortexM3\ARM_GCC_541\Debug\CyFlash.o
arm-none-eabi-gcc.exe -mcpu=cortex-m3 -mthumb -I. -IGenerated_Source\PSoC5 -Wa,-alh=.\CortexM3\ARM_GCC_541\Debug/CyLib.lst -g -D DEBUG -Wall -ffunction-sections -ffat-lto-objects -Og -u_printf_float -c Generated_Source\PSoC5\CyLib.c -o .\CortexM3\ARM_GCC_541\Debug\CyLib.o
arm-none-eabi-gcc.exe -mcpu=cortex-m3 -mthumb -I. -IGenerated_Source\PSoC5 -Wa,-alh=.\CortexM3\ARM_GCC_541\Debug/cyPm.lst -g -D DEBUG -Wall -ffunction-sections -ffat-lto-objects -Og -u_printf_float -c Generated_Source\PSoC5\cyPm.c -o .\CortexM3\ARM_GCC_541\Debug\cyPm.o
arm-none-eabi-gcc.exe -mcpu=cortex-m3 -mthumb -I. -IGenerated_Source\PSoC5 -Wa,-alh=.\CortexM3\ARM_GCC_541\Debug/CySpc.lst -g -D DEBUG -Wall -ffunction-sections -ffat-lto-objects -Og -u_printf_float -c Generated_Source\PSoC5\CySpc.c -o .\CortexM3\ARM_GCC_541\Debug\CySpc.o
arm-none-eabi-gcc.exe -mcpu=cortex-m3 -mthumb -I. -IGenerated_Source\PSoC5 -Wa,-alh=.\CortexM3\ARM_GCC_541\Debug/cyutils.lst -g -D DEBUG -Wall -ffunction-sections -ffat-lto-objects -Og -u_printf_float -c Generated_Source\PSoC5\cyutils.c -o .\CortexM3\ARM_GCC_541\Debug\cyutils.o
arm-none-eabi-gcc.exe -mcpu=cortex-m3 -mthumb -I. -IGenerated_Source\PSoC5 -Wa,-alh=.\CortexM3\ARM_GCC_541\Debug/ADC_2.lst -g -D DEBUG -Wall -ffunction-sections -ffat-lto-objects -Og -u_printf_float -c Generated_Source\PSoC5\ADC_2.c -o .\CortexM3\ARM_GCC_541\Debug\ADC_2.o
arm-none-eabi-gcc.exe -mcpu=cortex-m3 -mthumb -I. -IGenerated_Source\PSoC5 -Wa,-alh=.\CortexM3\ARM_GCC_541\Debug/ADC_2_INT.lst -g -D DEBUG -Wall -ffunction-sections -ffat-lto-objects -Og -u_printf_float -c Generated_Source\PSoC5\ADC_2_INT.c -o .\CortexM3\ARM_GCC_541\Debug\ADC_2_INT.o
arm-none-eabi-gcc.exe -mcpu=cortex-m3 -mthumb -I. -IGenerated_Source\PSoC5 -Wa,-alh=.\CortexM3\ARM_GCC_541\Debug/ADC_2_PM.lst -g -D DEBUG -Wall -ffunction-sections -ffat-lto-objects -Og -u_printf_float -c Generated_Source\PSoC5\ADC_2_PM.c -o .\CortexM3\ARM_GCC_541\Debug\ADC_2_PM.o
arm-none-eabi-gcc.exe -mcpu=cortex-m3 -mthumb -I. -IGenerated_Source\PSoC5 -Wa,-alh=.\CortexM3\ARM_GCC_541\Debug/ADC_1.lst -g -D DEBUG -Wall -ffunction-sections -ffat-lto-objects -Og -u_printf_float -c Generated_Source\PSoC5\ADC_1.c -o .\CortexM3\ARM_GCC_541\Debug\ADC_1.o
arm-none-eabi-gcc.exe -mcpu=cortex-m3 -mthumb -I. -IGenerated_Source\PSoC5 -Wa,-alh=.\CortexM3\ARM_GCC_541\Debug/ADC_1_INT.lst -g -D DEBUG -Wall -ffunction-sections -ffat-lto-objects -Og -u_printf_float -c Generated_Source\PSoC5\ADC_1_INT.c -o .\CortexM3\ARM_GCC_541\Debug\ADC_1_INT.o
arm-none-eabi-gcc.exe -mcpu=cortex-m3 -mthumb -I. -IGenerated_Source\PSoC5 -Wa,-alh=.\CortexM3\ARM_GCC_541\Debug/ADC_1_PM.lst -g -D DEBUG -Wall -ffunction-sections -ffat-lto-objects -Og -u_printf_float -c Generated_Source\PSoC5\ADC_1_PM.c -o .\CortexM3\ARM_GCC_541\Debug\ADC_1_PM.o
arm-none-eabi-gcc.exe -mcpu=cortex-m3 -mthumb -I. -IGenerated_Source\PSoC5 -Wa,-alh=.\CortexM3\ARM_GCC_541\Debug/Entrada.lst -g -D DEBUG -Wall -ffunction-sections -ffat-lto-objects -Og -u_printf_float -c Generated_Source\PSoC5\Entrada.c -o .\CortexM3\ARM_GCC_541\Debug\Entrada.o
arm-none-eabi-gcc.exe -mcpu=cortex-m3 -mthumb -I. -IGenerated_Source\PSoC5 -Wa,-alh=.\CortexM3\ARM_GCC_541\Debug/Entrada2.lst -g -D DEBUG -Wall -ffunction-sections -ffat-lto-objects -Og -u_printf_float -c Generated_Source\PSoC5\Entrada2.c -o .\CortexM3\ARM_GCC_541\Debug\Entrada2.o
arm-none-eabi-gcc.exe -mcpu=cortex-m3 -mthumb -I. -IGenerated_Source\PSoC5 -Wa,-alh=.\CortexM3\ARM_GCC_541\Debug/ADC_2_IRQ.lst -g -D DEBUG -Wall -ffunction-sections -ffat-lto-objects -Og -u_printf_float -c Generated_Source\PSoC5\ADC_2_IRQ.c -o .\CortexM3\ARM_GCC_541\Debug\ADC_2_IRQ.o
arm-none-eabi-gcc.exe -mcpu=cortex-m3 -mthumb -I. -IGenerated_Source\PSoC5 -Wa,-alh=.\CortexM3\ARM_GCC_541\Debug/ADC_2_theACLK.lst -g -D DEBUG -Wall -ffunction-sections -ffat-lto-objects -Og -u_printf_float -c Generated_Source\PSoC5\ADC_2_theACLK.c -o .\CortexM3\ARM_GCC_541\Debug\ADC_2_theACLK.o
arm-none-eabi-gcc.exe -mcpu=cortex-m3 -mthumb -I. -IGenerated_Source\PSoC5 -Wa,-alh=.\CortexM3\ARM_GCC_541\Debug/ADC_1_IRQ.lst -g -D DEBUG -Wall -ffunction-sections -ffat-lto-objects -Og -u_printf_float -c Generated_Source\PSoC5\ADC_1_IRQ.c -o .\CortexM3\ARM_GCC_541\Debug\ADC_1_IRQ.o
arm-none-eabi-gcc.exe -mcpu=cortex-m3 -mthumb -I. -IGenerated_Source\PSoC5 -Wa,-alh=.\CortexM3\ARM_GCC_541\Debug/ADC_1_theACLK.lst -g -D DEBUG -Wall -ffunction-sections -ffat-lto-objects -Og -u_printf_float -c Generated_Source\PSoC5\ADC_1_theACLK.c -o .\CortexM3\ARM_GCC_541\Debug\ADC_1_theACLK.o
arm-none-eabi-gcc.exe -mcpu=cortex-m3 -mthumb -I. -IGenerated_Source\PSoC5 -Wa,-alh=.\CortexM3\ARM_GCC_541\Debug/cy_em_eeprom.lst -g -D DEBUG -Wall -ffunction-sections -ffat-lto-objects -Og -u_printf_float -c Generated_Source\PSoC5\cy_em_eeprom.c -o .\CortexM3\ARM_GCC_541\Debug\cy_em_eeprom.o
arm-none-eabi-gcc.exe -mcpu=cortex-m3 -mthumb -I. -IGenerated_Source\PSoC5 -Wa,-alh=.\CortexM3\ARM_GCC_541\Debug/Pulsador.lst -g -D DEBUG -Wall -ffunction-sections -ffat-lto-objects -Og -u_printf_float -c Generated_Source\PSoC5\Pulsador.c -o .\CortexM3\ARM_GCC_541\Debug\Pulsador.o
arm-none-eabi-as.exe -mcpu=cortex-m3 -mthumb -I. -IGenerated_Source\PSoC5 -alh=.\CortexM3\ARM_GCC_541\Debug/CyBootAsmGnu.lst -g -W -o .\CortexM3\ARM_GCC_541\Debug\CyBootAsmGnu.o Generated_Source\PSoC5\CyBootAsmGnu.s
arm-none-eabi-ar.exe -rs .\CortexM3\ARM_GCC_541\Debug\USB_Serial.a .\CortexM3\ARM_GCC_541\Debug\USB.o .\CortexM3\ARM_GCC_541\Debug\USB_audio.o .\CortexM3\ARM_GCC_541\Debug\USB_boot.o .\CortexM3\ARM_GCC_541\Debug\USB_cdc.o .\CortexM3\ARM_GCC_541\Debug\USB_cls.o .\CortexM3\ARM_GCC_541\Debug\USB_descr.o .\CortexM3\ARM_GCC_541\Debug\USB_drv.o .\CortexM3\ARM_GCC_541\Debug\USB_episr.o .\CortexM3\ARM_GCC_541\Debug\USB_hid.o .\CortexM3\ARM_GCC_541\Debug\USB_pm.o .\CortexM3\ARM_GCC_541\Debug\USB_std.o .\CortexM3\ARM_GCC_541\Debug\USB_vnd.o .\CortexM3\ARM_GCC_541\Debug\USB_midi.o .\CortexM3\ARM_GCC_541\Debug\USB_msc.o .\CortexM3\ARM_GCC_541\Debug\USB_Dm.o .\CortexM3\ARM_GCC_541\Debug\USB_Dp.o .\CortexM3\ARM_GCC_541\Debug\CyDmac.o .\CortexM3\ARM_GCC_541\Debug\CyFlash.o .\CortexM3\ARM_GCC_541\Debug\CyLib.o .\CortexM3\ARM_GCC_541\Debug\cyPm.o .\CortexM3\ARM_GCC_541\Debug\CySpc.o .\CortexM3\ARM_GCC_541\Debug\cyutils.o .\CortexM3\ARM_GCC_541\Debug\ADC_2.o .\CortexM3\ARM_GCC_541\Debug\ADC_2_INT.o .\CortexM3\ARM_GCC_541\Debug\ADC_2_PM.o .\CortexM3\ARM_GCC_541\Debug\ADC_1.o .\CortexM3\ARM_GCC_541\Debug\ADC_1_INT.o .\CortexM3\ARM_GCC_541\Debug\ADC_1_PM.o .\CortexM3\ARM_GCC_541\Debug\Entrada.o .\CortexM3\ARM_GCC_541\Debug\Entrada2.o .\CortexM3\ARM_GCC_541\Debug\ADC_2_IRQ.o .\CortexM3\ARM_GCC_541\Debug\ADC_2_theACLK.o .\CortexM3\ARM_GCC_541\Debug\ADC_1_IRQ.o .\CortexM3\ARM_GCC_541\Debug\ADC_1_theACLK.o .\CortexM3\ARM_GCC_541\Debug\cy_em_eeprom.o .\CortexM3\ARM_GCC_541\Debug\Pulsador.o .\CortexM3\ARM_GCC_541\Debug\CyBootAsmGnu.o
arm-none-eabi-ar.exe: creating .\CortexM3\ARM_GCC_541\Debug\USB_Serial.a
arm-none-eabi-gcc.exe -Wl,--start-group -o "D:\Users\ESTEBAN\Desktop\Materias\Codigos\Pscoc\Carro Matlab\Sensor_Capacitivo_Comunicacion_USB\USB_Serial.cydsn\CortexM3\ARM_GCC_541\Debug\USB_Serial.elf" .\CortexM3\ARM_GCC_541\Debug\main.o .\CortexM3\ARM_GCC_541\Debug\cyfitter_cfg.o .\CortexM3\ARM_GCC_541\Debug\cymetadata.o .\CortexM3\ARM_GCC_541\Debug\Cm3Start.o .\CortexM3\ARM_GCC_541\Debug\USB_Serial.a "C:\Program Files (x86)\Cypress\PSoC Creator\4.2\PSoC Creator\psoc\content\cycomponentlibrary\CyComponentLibrary.cylib\CortexM3\ARM_GCC_541\Debug\CyComponentLibrary.a" -mcpu=cortex-m3 -mthumb -L Generated_Source\PSoC5 -Wl,-Map,.\CortexM3\ARM_GCC_541\Debug/USB_Serial.map -T Generated_Source\PSoC5\cm3gcc.ld -specs=nano.specs -Wl,--gc-sections -u_printf_float -g -ffunction-sections -Og -ffat-lto-objects -Wl,--end-group
cyelftool.exe -C "D:\Users\ESTEBAN\Desktop\Materias\Codigos\Pscoc\Carro Matlab\Sensor_Capacitivo_Comunicacion_USB\USB_Serial.cydsn\CortexM3\ARM_GCC_541\Debug\USB_Serial.elf" --flash_row_size 256 --flash_size 262144 --flash_offset 0x00000000
No ELF section .cychecksum found, creating one
Application checksum calculated and stored in ELF section .cychecksum
Checksum calculated and stored in ELF section .cymeta
cyelftool.exe -S "D:\Users\ESTEBAN\Desktop\Materias\Codigos\Pscoc\Carro Matlab\Sensor_Capacitivo_Comunicacion_USB\USB_Serial.cydsn\CortexM3\ARM_GCC_541\Debug\USB_Serial.elf"
Flash used: 20100 of 262144 bytes (7,7 %).
SRAM used: 5809 of 65536 bytes (8,9 %). Stack: 4096 bytes. Heap: 1024 bytes.
--------------- Build Succeeded: 05/11/2019 21:54:44 ---------------
