Loading plugins phase: Elapsed time ==> 0s.188ms
<CYPRESSTAG name="CyDsfit arguments...">
cydsfit arguments: -.fdsnotice -.fdswarpdepfile=warp_dependencies.txt -.fdselabdepfile=elab_dependencies.txt -.fdsbldfile=generated_files.txt -.fdsreffile=referenced_files.txt -p D:\Users\ESTEBAN\Desktop\Materias\Codigos\Pscoc\Carro Matlab\Sensor_Capacitivo_Comunicacion_USB\USB_Serial.cydsn\USB_Serial.cyprj -d CY8C5868AXI-LP035 -s D:\Users\ESTEBAN\Desktop\Materias\Codigos\Pscoc\Carro Matlab\Sensor_Capacitivo_Comunicacion_USB\USB_Serial.cydsn\Generated_Source\PSoC5 -- -yv2 -q10 -ygs -o2 -v3 -.fftcfgtype=LE
</CYPRESSTAG>
<CYPRESSTAG name="Design elaboration results...">
</CYPRESSTAG>
Elaboration phase: Elapsed time ==> 1s.893ms
<CYPRESSTAG name="HDL generation results...">
</CYPRESSTAG>
HDL generation phase: Elapsed time ==> 0s.038ms
<CYPRESSTAG name="Synthesis results...">

     | | | | | | |
   _________________
  -|               |-
  -|               |-
  -|               |-
  -|    CYPRESS    |-
  -|               |-
  -|               |-   Warp Verilog Synthesis Compiler: Version 6.3 IR 41
  -|               |-   Copyright (C) 1991-2001 Cypress Semiconductor
   |_______________|
     | | | | | | |

======================================================================
Compiling:  USB_Serial.v
Program  :   C:\Program Files (x86)\Cypress\PSoC Creator\4.2\PSoC Creator\warp\bin\warp.exe
Options  :    -yv2 -q10 -ygs -o2 -v3 -.fftcfgtype=LE -ya -.fftprj=D:\Users\ESTEBAN\Desktop\Materias\Codigos\Pscoc\Carro Matlab\Sensor_Capacitivo_Comunicacion_USB\USB_Serial.cydsn\USB_Serial.cyprj -dcpsoc3 USB_Serial.v -verilog
======================================================================

======================================================================
Compiling:  USB_Serial.v
Program  :   C:\Program Files (x86)\Cypress\PSoC Creator\4.2\PSoC Creator\warp\bin\warp.exe
Options  :    -yv2 -q10 -ygs -o2 -v3 -.fftcfgtype=LE -ya -.fftprj=D:\Users\ESTEBAN\Desktop\Materias\Codigos\Pscoc\Carro Matlab\Sensor_Capacitivo_Comunicacion_USB\USB_Serial.cydsn\USB_Serial.cyprj -dcpsoc3 USB_Serial.v -verilog
======================================================================

======================================================================
Compiling:  USB_Serial.v
Program  :   vlogfe
Options  :    -yv2 -q10 -ygs -o2 -v3 -.fftcfgtype=LE -ya -.fftprj=D:\Users\ESTEBAN\Desktop\Materias\Codigos\Pscoc\Carro Matlab\Sensor_Capacitivo_Comunicacion_USB\USB_Serial.cydsn\USB_Serial.cyprj -dcpsoc3 -verilog USB_Serial.v
======================================================================

vlogfe V6.3 IR 41:  Verilog parser
Sat May 11 21:54:31 2019


======================================================================
Compiling:  USB_Serial.v
Program  :   vpp
Options  :    -yv2 -q10 USB_Serial.v
======================================================================

vpp V6.3 IR 41:  Verilog Pre-Processor
Sat May 11 21:54:31 2019

Flattening file 'C:\Program Files (x86)\Cypress\PSoC Creator\4.2\PSoC Creator\psoc\content\CyPrimitives\cyprimitives.cylib\cy_virtualmux_v1_0\cy_virtualmux_v1_0.v'
Flattening file 'C:\Program Files (x86)\Cypress\PSoC Creator\4.2\PSoC Creator\psoc\content\CyPrimitives\cyprimitives.cylib\ZeroTerminal\ZeroTerminal.v'
Flattening file 'C:\Program Files (x86)\Cypress\PSoC Creator\4.2\PSoC Creator\psoc\content\CyPrimitives\cyprimitives.cylib\cy_analog_virtualmux_v1_0\cy_analog_virtualmux_v1_0.v'
Flattening file 'C:\Program Files (x86)\Cypress\PSoC Creator\4.2\PSoC Creator\psoc\content\CyPrimitives\cyprimitives.cylib\cy_vref_v1_60\cy_vref_v1_60.v'
Flattening file 'C:\Program Files (x86)\Cypress\PSoC Creator\4.2\PSoC Creator\psoc\content\CyPrimitives\cyprimitives.cylib\or_v1_0\or_v1_0.v'
Flattening file 'C:\Program Files (x86)\Cypress\PSoC Creator\4.2\PSoC Creator\psoc\content\CyPrimitives\cyprimitives.cylib\cy_constant_v1_0\cy_constant_v1_0.v'

vpp:  No errors.

Library 'work' => directory 'lcpsoc3'
General_symbol_table
General_symbol_table
Linking 'C:\Program Files (x86)\Cypress\PSoC Creator\4.2\PSoC Creator\warp\lib\common\std.vhd'.
Linking 'C:\Program Files (x86)\Cypress\PSoC Creator\4.2\PSoC Creator\warp\lib\common\cypress.vhd'.
Linking 'C:\Program Files (x86)\Cypress\PSoC Creator\4.2\PSoC Creator\warp\lib\common\work\cypress.vif'.
Linking 'C:\Program Files (x86)\Cypress\PSoC Creator\4.2\PSoC Creator\warp\lib\ieee\work\stdlogic.vif'.
Linking 'C:\Program Files (x86)\Cypress\PSoC Creator\4.2\PSoC Creator\warp\lib\common\stdlogic\lpmpkg.vif'.
Linking 'C:\Program Files (x86)\Cypress\PSoC Creator\4.2\PSoC Creator\warp\lib\common\stdlogic\rtlpkg.vif'.
Linking 'C:\Program Files (x86)\Cypress\PSoC Creator\4.2\PSoC Creator\warp\lib\common\stdlogic\mod_cnst.vif'.
Linking 'C:\Program Files (x86)\Cypress\PSoC Creator\4.2\PSoC Creator\warp\lib\common\stdlogic\mod_mthv.vif'.
Linking 'C:\Program Files (x86)\Cypress\PSoC Creator\4.2\PSoC Creator\warp\lib\common\stdlogic\mod_genv.vif'.
Using control file 'USB_Serial.ctl'.

vlogfe:  No errors.


======================================================================
Compiling:  USB_Serial.v
Program  :   tovif
Options  :    -yv2 -q10 -ygs -o2 -v3 -.fftcfgtype=LE -ya -.fftprj=D:\Users\ESTEBAN\Desktop\Materias\Codigos\Pscoc\Carro Matlab\Sensor_Capacitivo_Comunicacion_USB\USB_Serial.cydsn\USB_Serial.cyprj -dcpsoc3 -verilog USB_Serial.v
======================================================================

tovif V6.3 IR 41:  High-level synthesis
Sat May 11 21:54:31 2019

Linking 'C:\Program Files (x86)\Cypress\PSoC Creator\4.2\PSoC Creator\warp\lib\common\std.vhd'.
Linking 'C:\Program Files (x86)\Cypress\PSoC Creator\4.2\PSoC Creator\warp\lib\common\cypress.vhd'.
Linking 'C:\Program Files (x86)\Cypress\PSoC Creator\4.2\PSoC Creator\warp\lib\common\work\cypress.vif'.
Linking 'C:\Program Files (x86)\Cypress\PSoC Creator\4.2\PSoC Creator\warp\lib\ieee\work\stdlogic.vif'.
Linking 'C:\Program Files (x86)\Cypress\PSoC Creator\4.2\PSoC Creator\warp\lib\common\stdlogic\lpmpkg.vif'.
Linking 'C:\Program Files (x86)\Cypress\PSoC Creator\4.2\PSoC Creator\warp\lib\common\stdlogic\rtlpkg.vif'.
Linking 'C:\Program Files (x86)\Cypress\PSoC Creator\4.2\PSoC Creator\warp\lib\common\stdlogic\mod_cnst.vif'.
Linking 'C:\Program Files (x86)\Cypress\PSoC Creator\4.2\PSoC Creator\warp\lib\common\stdlogic\mod_mthv.vif'.
Linking 'C:\Program Files (x86)\Cypress\PSoC Creator\4.2\PSoC Creator\warp\lib\common\stdlogic\mod_genv.vif'.
Linking 'D:\Users\ESTEBAN\Desktop\Materias\Codigos\Pscoc\Carro Matlab\Sensor_Capacitivo_Comunicacion_USB\USB_Serial.cydsn\codegentemp\USB_Serial.ctl'.
Linking 'C:\Program Files (x86)\Cypress\PSoC Creator\4.2\PSoC Creator\psoc\content\CyPrimitives\cyprimitives.cylib\cy_virtualmux_v1_0\cy_virtualmux_v1_0.v'.
Linking 'D:\Users\ESTEBAN\Desktop\Materias\Codigos\Pscoc\Carro Matlab\Sensor_Capacitivo_Comunicacion_USB\USB_Serial.cydsn\codegentemp\USB_Serial.v'.
Linking 'C:\Program Files (x86)\Cypress\PSoC Creator\4.2\PSoC Creator\psoc\content\CyPrimitives\cyprimitives.cylib\ZeroTerminal\ZeroTerminal.v'.
Linking 'C:\Program Files (x86)\Cypress\PSoC Creator\4.2\PSoC Creator\psoc\content\CyPrimitives\cyprimitives.cylib\cy_analog_virtualmux_v1_0\cy_analog_virtualmux_v1_0.v'.
Linking 'C:\Program Files (x86)\Cypress\PSoC Creator\4.2\PSoC Creator\psoc\content\CyPrimitives\cyprimitives.cylib\cy_vref_v1_60\cy_vref_v1_60.v'.
Linking 'C:\Program Files (x86)\Cypress\PSoC Creator\4.2\PSoC Creator\psoc\content\CyPrimitives\cyprimitives.cylib\or_v1_0\or_v1_0.v'.
Linking 'C:\Program Files (x86)\Cypress\PSoC Creator\4.2\PSoC Creator\psoc\content\CyPrimitives\cyprimitives.cylib\cy_constant_v1_0\cy_constant_v1_0.v'.

tovif:  No errors.


======================================================================
Compiling:  USB_Serial.v
Program  :   topld
Options  :    -yv2 -q10 -ygs -o2 -v3 -.fftcfgtype=LE -ya -.fftprj=D:\Users\ESTEBAN\Desktop\Materias\Codigos\Pscoc\Carro Matlab\Sensor_Capacitivo_Comunicacion_USB\USB_Serial.cydsn\USB_Serial.cyprj -dcpsoc3 -verilog USB_Serial.v
======================================================================

topld V6.3 IR 41:  Synthesis and optimization
Sat May 11 21:54:32 2019

Linking 'C:\Program Files (x86)\Cypress\PSoC Creator\4.2\PSoC Creator\warp\lib\common\std.vhd'.
Linking 'C:\Program Files (x86)\Cypress\PSoC Creator\4.2\PSoC Creator\warp\lib\common\cypress.vhd'.
Linking 'C:\Program Files (x86)\Cypress\PSoC Creator\4.2\PSoC Creator\warp\lib\common\work\cypress.vif'.
Linking 'C:\Program Files (x86)\Cypress\PSoC Creator\4.2\PSoC Creator\warp\lib\ieee\work\stdlogic.vif'.
Linking 'C:\Program Files (x86)\Cypress\PSoC Creator\4.2\PSoC Creator\warp\lib\common\stdlogic\lpmpkg.vif'.
Linking 'C:\Program Files (x86)\Cypress\PSoC Creator\4.2\PSoC Creator\warp\lib\common\stdlogic\rtlpkg.vif'.
Linking 'C:\Program Files (x86)\Cypress\PSoC Creator\4.2\PSoC Creator\warp\lib\common\stdlogic\mod_cnst.vif'.
Linking 'C:\Program Files (x86)\Cypress\PSoC Creator\4.2\PSoC Creator\warp\lib\common\stdlogic\mod_mthv.vif'.
Linking 'C:\Program Files (x86)\Cypress\PSoC Creator\4.2\PSoC Creator\warp\lib\common\stdlogic\mod_genv.vif'.
Linking 'D:\Users\ESTEBAN\Desktop\Materias\Codigos\Pscoc\Carro Matlab\Sensor_Capacitivo_Comunicacion_USB\USB_Serial.cydsn\codegentemp\USB_Serial.ctl'.
Linking 'C:\Program Files (x86)\Cypress\PSoC Creator\4.2\PSoC Creator\psoc\content\CyPrimitives\cyprimitives.cylib\cy_virtualmux_v1_0\cy_virtualmux_v1_0.v'.
Linking 'D:\Users\ESTEBAN\Desktop\Materias\Codigos\Pscoc\Carro Matlab\Sensor_Capacitivo_Comunicacion_USB\USB_Serial.cydsn\codegentemp\USB_Serial.v'.
Linking 'C:\Program Files (x86)\Cypress\PSoC Creator\4.2\PSoC Creator\psoc\content\CyPrimitives\cyprimitives.cylib\ZeroTerminal\ZeroTerminal.v'.
Linking 'C:\Program Files (x86)\Cypress\PSoC Creator\4.2\PSoC Creator\psoc\content\CyPrimitives\cyprimitives.cylib\cy_analog_virtualmux_v1_0\cy_analog_virtualmux_v1_0.v'.
Linking 'C:\Program Files (x86)\Cypress\PSoC Creator\4.2\PSoC Creator\psoc\content\CyPrimitives\cyprimitives.cylib\cy_vref_v1_60\cy_vref_v1_60.v'.
Linking 'C:\Program Files (x86)\Cypress\PSoC Creator\4.2\PSoC Creator\psoc\content\CyPrimitives\cyprimitives.cylib\or_v1_0\or_v1_0.v'.
Linking 'C:\Program Files (x86)\Cypress\PSoC Creator\4.2\PSoC Creator\psoc\content\CyPrimitives\cyprimitives.cylib\cy_constant_v1_0\cy_constant_v1_0.v'.
Linking 'C:\Program Files (x86)\Cypress\PSoC Creator\4.2\PSoC Creator\warp\lib\lcpsoc3\stdlogic\cpsoc3.vif'.

----------------------------------------------------------
Detecting unused logic.
----------------------------------------------------------
    User names
	\USB:dma_complete_0\
	\USB:Net_1922\
	\USB:dma_complete_1\
	\USB:Net_1921\
	\USB:dma_complete_2\
	\USB:Net_1920\
	\USB:dma_complete_3\
	\USB:Net_1919\
	\USB:dma_complete_4\
	\USB:Net_1918\
	\USB:dma_complete_5\
	\USB:Net_1917\
	\USB:dma_complete_6\
	\USB:Net_1916\
	\USB:dma_complete_7\
	\USB:Net_1915\


Deleted 16 User equations/components.
Deleted 0 Synthesized equations/components.

------------------------------------------------------
Alias Detection
------------------------------------------------------
Aliasing one to \USB:tmpOE__Dm_net_0\
Aliasing \USB:tmpOE__Dp_net_0\ to \USB:tmpOE__Dm_net_0\
Aliasing \ADC_2:vp_ctl_0\ to zero
Aliasing \ADC_2:vp_ctl_2\ to zero
Aliasing \ADC_2:vn_ctl_1\ to zero
Aliasing \ADC_2:vn_ctl_3\ to zero
Aliasing \ADC_2:vp_ctl_1\ to zero
Aliasing \ADC_2:vp_ctl_3\ to zero
Aliasing \ADC_2:vn_ctl_0\ to zero
Aliasing \ADC_2:vn_ctl_2\ to zero
Aliasing \ADC_2:soc\ to zero
Aliasing \ADC_2:Net_381\ to zero
Aliasing \ADC_1:vp_ctl_0\ to zero
Aliasing \ADC_1:vp_ctl_2\ to zero
Aliasing \ADC_1:vn_ctl_1\ to zero
Aliasing \ADC_1:vn_ctl_3\ to zero
Aliasing \ADC_1:vp_ctl_1\ to zero
Aliasing \ADC_1:vp_ctl_3\ to zero
Aliasing \ADC_1:vn_ctl_0\ to zero
Aliasing \ADC_1:vn_ctl_2\ to zero
Aliasing \ADC_1:soc\ to zero
Aliasing \ADC_1:Net_381\ to zero
Aliasing tmpOE__Entrada_net_0 to \USB:tmpOE__Dm_net_0\
Aliasing tmpOE__Entrada2_net_0 to \USB:tmpOE__Dm_net_0\
Aliasing tmpOE__Pulsador_net_0 to \USB:tmpOE__Dm_net_0\
Removing Rhs of wire one[9] = \USB:tmpOE__Dm_net_0\[3]
Removing Lhs of wire \USB:tmpOE__Dp_net_0\[12] = one[9]
Removing Lhs of wire \ADC_2:vp_ctl_0\[68] = zero[4]
Removing Lhs of wire \ADC_2:vp_ctl_2\[69] = zero[4]
Removing Lhs of wire \ADC_2:vn_ctl_1\[70] = zero[4]
Removing Lhs of wire \ADC_2:vn_ctl_3\[71] = zero[4]
Removing Lhs of wire \ADC_2:vp_ctl_1\[72] = zero[4]
Removing Lhs of wire \ADC_2:vp_ctl_3\[73] = zero[4]
Removing Lhs of wire \ADC_2:vn_ctl_0\[74] = zero[4]
Removing Lhs of wire \ADC_2:vn_ctl_2\[75] = zero[4]
Removing Rhs of wire \ADC_2:Net_188\[78] = \ADC_2:Net_221\[79]
Removing Lhs of wire \ADC_2:soc\[85] = zero[4]
Removing Lhs of wire \ADC_2:Net_381\[111] = zero[4]
Removing Lhs of wire \ADC_1:vp_ctl_0\[117] = zero[4]
Removing Lhs of wire \ADC_1:vp_ctl_2\[118] = zero[4]
Removing Lhs of wire \ADC_1:vn_ctl_1\[119] = zero[4]
Removing Lhs of wire \ADC_1:vn_ctl_3\[120] = zero[4]
Removing Lhs of wire \ADC_1:vp_ctl_1\[121] = zero[4]
Removing Lhs of wire \ADC_1:vp_ctl_3\[122] = zero[4]
Removing Lhs of wire \ADC_1:vn_ctl_0\[123] = zero[4]
Removing Lhs of wire \ADC_1:vn_ctl_2\[124] = zero[4]
Removing Rhs of wire \ADC_1:Net_188\[127] = \ADC_1:Net_221\[128]
Removing Lhs of wire \ADC_1:soc\[134] = zero[4]
Removing Lhs of wire \ADC_1:Net_381\[160] = zero[4]
Removing Lhs of wire tmpOE__Entrada_net_0[162] = one[9]
Removing Lhs of wire tmpOE__Entrada2_net_0[168] = one[9]
Removing Lhs of wire tmpOE__Pulsador_net_0[174] = one[9]

------------------------------------------------------
Aliased 0 equations, 27 wires.
------------------------------------------------------

----------------------------------------------------------
Circuit simplification
----------------------------------------------------------

Substituting virtuals - pass 1:

Note:  Expanding virtual equation for 'zero' (cost = 0):
zero <=  ('0') ;


Substituting virtuals - pass 2:


----------------------------------------------------------
Circuit simplification results:

	Expanded 1 signals.
	Turned 0 signals into soft nodes.
	Maximum default expansion cost was set at 3.
----------------------------------------------------------

------------------------------------------------------
Alias Detection
------------------------------------------------------
Removing Lhs of wire \ADC_2:Net_188\[78] = \ADC_2:Net_376\[77]
Removing Lhs of wire \ADC_1:Net_188\[127] = \ADC_1:Net_376\[126]

------------------------------------------------------
Aliased 0 equations, 2 wires.
------------------------------------------------------

----------------------------------------------------------
Circuit simplification
----------------------------------------------------------

Eliminating unused logic - pass 1:


Eliminating unused logic - pass 2:


Substituting virtuals - pass 1:


----------------------------------------------------------
Circuit simplification results:

	Expanded 0 signals.
	Turned 0 signals into soft nodes.
	Maximum default expansion cost was set at 3.
----------------------------------------------------------

topld:  No errors.

CYPRESS_DIR    : C:\Program Files (x86)\Cypress\PSoC Creator\4.2\PSoC Creator\warp
Warp Program   : C:\Program Files (x86)\Cypress\PSoC Creator\4.2\PSoC Creator\warp\bin\warp.exe
Warp Arguments : -yv2 -q10 -ygs -o2 -v3 -.fftcfgtype=LE -ya "-.fftprj=D:\Users\ESTEBAN\Desktop\Materias\Codigos\Pscoc\Carro Matlab\Sensor_Capacitivo_Comunicacion_USB\USB_Serial.cydsn\USB_Serial.cyprj" -dcpsoc3 USB_Serial.v -verilog
</CYPRESSTAG>
Warp synthesis phase: Elapsed time ==> 0s.420ms
<CYPRESSTAG name="Fitter results...">
<CYPRESSTAG name="Fitter startup details...">
cyp3fit: V4.2.0.641, Family: PSoC3, Started at: Saturday, 11 May 2019 21:54:32
Options: -yv2 -q10 -ygs -o2 -v3 -.fftcfgtype=LE -ya -.fftprj=D:\Users\ESTEBAN\Desktop\Materias\Codigos\Pscoc\Carro Matlab\Sensor_Capacitivo_Comunicacion_USB\USB_Serial.cydsn\USB_Serial.cyprj -d CY8C5868AXI-LP035 USB_Serial.v -verilog
</CYPRESSTAG>
<CYPRESSTAG name="Design parsing">
Design parsing phase: Elapsed time ==> 0s.011ms
</CYPRESSTAG>
<CYPRESSTAG name="Tech Mapping">
<CYPRESSTAG name="Initial Mapping" icon="FILE_RPT_TECHM">
<CYPRESSTAG name="Global Clock Selection" icon="FILE_RPT_TECHM">
    Digital Clock 0: Automatic-assigning  clock 'ADC_2_theACLK'. Fanout=1, Signal=\ADC_2:Net_376\
    Digital Clock 1: Automatic-assigning  clock 'ADC_1_theACLK'. Fanout=1, Signal=\ADC_1:Net_376\
</CYPRESSTAG>
<CYPRESSTAG name="UDB Clock/Enable Remapping Results">
</CYPRESSTAG>

Removing unused cells resulting from optimization
Done removing unused cells.
<CYPRESSTAG name="Duplicate Macrocell detection">
</CYPRESSTAG>
</CYPRESSTAG>
<CYPRESSTAG name="Duplicate Macrocell detection">
</CYPRESSTAG>
<CYPRESSTAG name="Design Equations" icon="FILE_RPT_EQUATION">

------------------------------------------------------------
Design Equations
------------------------------------------------------------
    <CYPRESSTAG name="Pin listing">

    ------------------------------------------------------------
    Pin listing
    ------------------------------------------------------------

    Pin : Name = \USB:Dm(0)\
        Attributes:
            In Group/Port: True
            In Sync Option: AUTO
            Out Sync Option: AUTO
            Interrupt generated: False
            Interrupt mode: NONE
            Drive mode: HI_Z_ANALOG
            VTrip: EITHER
            Slew: FAST
            Input Sync needed: False
            Output Sync needed: False
            SC shield enabled: False
            POR State: ANY
            LCD Mode: COMMON
            Register Mode: RegComb
            CaSense Mode: NEITHER
            Treat as pin: True
            Is OE Registered: False
            Uses Analog: True
            Can contain Digital: False
            Is SIO: False
            SIO Output Buf: NONREGULATED
            SIO Input Buf: SINGLE_ENDED
            SIO HiFreq: LOW
            SIO Hyst: DISABLED
            SIO Vtrip: MULTIPLIER_0_5
            SIO Multiplier Index: 0
            SIO RefSel: VCC_IO
            Required Capabilities: USB_D_MINUS
            Initial Value: 0
            IO Voltage: 0
        PORT MAP (
            pa_out => \USB:Dm(0)\__PA ,
            analog_term => \USB:Net_597\ ,
            pad => \USB:Dm(0)_PAD\ );
        Properties:
        {
        }

    Pin : Name = \USB:Dp(0)\
        Attributes:
            In Group/Port: True
            In Sync Option: SYNC
            Out Sync Option: AUTO
            Interrupt generated: True
            Interrupt mode: FALLING
            Drive mode: HI_Z_ANALOG
            VTrip: CMOS
            Slew: FAST
            Input Sync needed: True
            Output Sync needed: False
            SC shield enabled: False
            POR State: ANY
            LCD Mode: COMMON
            Register Mode: RegComb
            CaSense Mode: NEITHER
            Treat as pin: False
            Is OE Registered: False
            Uses Analog: True
            Can contain Digital: True
            Is SIO: False
            SIO Output Buf: NONREGULATED
            SIO Input Buf: SINGLE_ENDED
            SIO HiFreq: LOW
            SIO Hyst: DISABLED
            SIO Vtrip: MULTIPLIER_0_5
            SIO Multiplier Index: 0
            SIO RefSel: VCC_IO
            Required Capabilities: USB_D_PLUS
            Initial Value: 1
            IO Voltage: 0
        PORT MAP (
            pa_out => \USB:Dp(0)\__PA ,
            analog_term => \USB:Net_1000\ ,
            pad => \USB:Dp(0)_PAD\ );
        Properties:
        {
        }

    Pin : Name = Entrada(0)
        Attributes:
            In Group/Port: True
            In Sync Option: AUTO
            Out Sync Option: AUTO
            Interrupt generated: False
            Interrupt mode: NONE
            Drive mode: HI_Z_ANALOG
            VTrip: EITHER
            Slew: FAST
            Input Sync needed: False
            Output Sync needed: False
            SC shield enabled: False
            POR State: ANY
            LCD Mode: COMMON
            Register Mode: RegComb
            CaSense Mode: NEITHER
            Treat as pin: True
            Is OE Registered: False
            Uses Analog: True
            Can contain Digital: False
            Is SIO: False
            SIO Output Buf: NONREGULATED
            SIO Input Buf: SINGLE_ENDED
            SIO HiFreq: LOW
            SIO Hyst: DISABLED
            SIO Vtrip: MULTIPLIER_0_5
            SIO Multiplier Index: 0
            SIO RefSel: VCC_IO
            Required Capabilities: ANALOG
            Initial Value: 0
            IO Voltage: 0
        PORT MAP (
            pa_out => Entrada(0)__PA ,
            analog_term => Net_3 ,
            pad => Entrada(0)_PAD );
        Properties:
        {
        }

    Pin : Name = Entrada2(0)
        Attributes:
            In Group/Port: True
            In Sync Option: AUTO
            Out Sync Option: AUTO
            Interrupt generated: False
            Interrupt mode: NONE
            Drive mode: HI_Z_ANALOG
            VTrip: EITHER
            Slew: FAST
            Input Sync needed: False
            Output Sync needed: False
            SC shield enabled: False
            POR State: ANY
            LCD Mode: COMMON
            Register Mode: RegComb
            CaSense Mode: NEITHER
            Treat as pin: True
            Is OE Registered: False
            Uses Analog: True
            Can contain Digital: False
            Is SIO: False
            SIO Output Buf: NONREGULATED
            SIO Input Buf: SINGLE_ENDED
            SIO HiFreq: LOW
            SIO Hyst: DISABLED
            SIO Vtrip: MULTIPLIER_0_5
            SIO Multiplier Index: 0
            SIO RefSel: VCC_IO
            Required Capabilities: ANALOG
            Initial Value: 0
            IO Voltage: 0
        PORT MAP (
            pa_out => Entrada2(0)__PA ,
            analog_term => Net_10 ,
            pad => Entrada2(0)_PAD );
        Properties:
        {
        }

    Pin : Name = Pulsador(0)
        Attributes:
            In Group/Port: True
            In Sync Option: NOSYNC
            Out Sync Option: AUTO
            Interrupt generated: False
            Interrupt mode: NONE
            Drive mode: RES_PULL_UP
            VTrip: CMOS
            Slew: FAST
            Input Sync needed: False
            Output Sync needed: False
            SC shield enabled: False
            POR State: ANY
            LCD Mode: COMMON
            Register Mode: RegComb
            CaSense Mode: NEITHER
            Treat as pin: True
            Is OE Registered: False
            Uses Analog: False
            Can contain Digital: True
            Is SIO: False
            SIO Output Buf: NONREGULATED
            SIO Input Buf: SINGLE_ENDED
            SIO HiFreq: LOW
            SIO Hyst: DISABLED
            SIO Vtrip: MULTIPLIER_0_5
            SIO Multiplier Index: 0
            SIO RefSel: VCC_IO
            Required Capabilities: DIGITAL
            Initial Value: 1
            IO Voltage: 0
        PORT MAP (
            pa_out => Pulsador(0)__PA ,
            pad => Pulsador(0)_PAD );
        Properties:
        {
        }
    </CYPRESSTAG>
    <CYPRESSTAG name="Macrocell listing" icon="FILE_RPT_EQUATION">
    </CYPRESSTAG>
    <CYPRESSTAG name="Datapath listing">
    </CYPRESSTAG>
    <CYPRESSTAG name="Status register listing">
    </CYPRESSTAG>
    <CYPRESSTAG name="StatusI register listing">
    </CYPRESSTAG>
    <CYPRESSTAG name="Sync listing">
    </CYPRESSTAG>
    <CYPRESSTAG name="Control register listing">
    </CYPRESSTAG>
    <CYPRESSTAG name="Count7 listing">
    </CYPRESSTAG>
    <CYPRESSTAG name="DRQ listing">
    </CYPRESSTAG>
    <CYPRESSTAG name="Interrupt listing">

    ------------------------------------------------------------
    Interrupt listing
    ------------------------------------------------------------

    interrupt: Name =\USB:dp_int\
        PORT MAP (
            interrupt => \USB:Net_1010\ );
        Properties:
        {
            int_type = "10"
            is_nmi = 0
        }

    interrupt: Name =\USB:ep_3\
        PORT MAP (
            interrupt => \USB:ep_int_3\ );
        Properties:
        {
            int_type = "10"
            is_nmi = 0
        }

    interrupt: Name =\USB:ep_2\
        PORT MAP (
            interrupt => \USB:ep_int_2\ );
        Properties:
        {
            int_type = "10"
            is_nmi = 0
        }

    interrupt: Name =\USB:ep_1\
        PORT MAP (
            interrupt => \USB:ep_int_1\ );
        Properties:
        {
            int_type = "10"
            is_nmi = 0
        }

    interrupt: Name =\USB:ep_0\
        PORT MAP (
            interrupt => \USB:ep_int_0\ );
        Properties:
        {
            int_type = "10"
            is_nmi = 0
        }

    interrupt: Name =\USB:bus_reset\
        PORT MAP (
            interrupt => \USB:Net_1876\ );
        Properties:
        {
            int_type = "10"
            is_nmi = 0
        }

    interrupt: Name =\USB:arb_int\
        PORT MAP (
            interrupt => \USB:Net_1889\ );
        Properties:
        {
            int_type = "10"
            is_nmi = 0
        }

    interrupt: Name =\USB:sof_int\
        PORT MAP (
            interrupt => Net_1 );
        Properties:
        {
            int_type = "10"
            is_nmi = 0
        }

    interrupt: Name =\ADC_2:IRQ\
        PORT MAP (
            interrupt => Net_13 );
        Properties:
        {
            int_type = "10"
            is_nmi = 0
        }

    interrupt: Name =\ADC_1:IRQ\
        PORT MAP (
            interrupt => Net_19 );
        Properties:
        {
            int_type = "10"
            is_nmi = 0
        }
    </CYPRESSTAG>
</CYPRESSTAG>
<CYPRESSTAG name="Technology mapping summary" expanded>

------------------------------------------------------------
Technology mapping summary
------------------------------------------------------------

Resource Type                 : Used : Free :  Max :  % Used
============================================================
Digital Clocks                :    2 :    6 :    8 : 25.00 %
Analog Clocks                 :    0 :    4 :    4 :  0.00 %
CapSense Buffers              :    0 :    2 :    2 :  0.00 %
Digital Filter Block          :    0 :    1 :    1 :  0.00 %
Interrupts                    :   10 :   22 :   32 : 31.25 %
IO                            :    8 :   64 :   72 : 11.11 %
Segment LCD                   :    0 :    1 :    1 :  0.00 %
CAN 2.0b                      :    0 :    1 :    1 :  0.00 %
I2C                           :    0 :    1 :    1 :  0.00 %
USB                           :    1 :    0 :    1 : 100.00 %
DMA Channels                  :    0 :   24 :   24 :  0.00 %
Timer                         :    0 :    4 :    4 :  0.00 %
UDB                           :      :      :      :        
  Macrocells                  :    0 :  192 :  192 :  0.00 %
  Unique P-terms              :    0 :  384 :  384 :  0.00 %
  Total P-terms               :    0 :      :      :        
  Datapath Cells              :    0 :   24 :   24 :  0.00 %
  Status Cells                :    0 :   24 :   24 :  0.00 %
  Control Cells               :    0 :   24 :   24 :  0.00 %
Opamp                         :    0 :    4 :    4 :  0.00 %
Comparator                    :    0 :    4 :    4 :  0.00 %
Delta-Sigma ADC               :    0 :    1 :    1 :  0.00 %
LPF                           :    0 :    2 :    2 :  0.00 %
SAR ADC                       :    2 :    0 :    2 : 100.00 %
Analog (SC/CT) Blocks         :    0 :    4 :    4 :  0.00 %
DAC                           :      :      :      :        
  VIDAC                       :    0 :    4 :    4 :  0.00 %
</CYPRESSTAG>
Technology Mapping: Elapsed time ==> 0s.020ms
Tech Mapping phase: Elapsed time ==> 0s.086ms
</CYPRESSTAG>
<CYPRESSTAG name="Analog Placement">
Initial Analog Placement Results:
IO_5@[IOP=(6)][IoId=(5)] : Entrada(0) (fixed)
IO_7@[IOP=(3)][IoId=(7)] : Entrada2(0) (fixed)
IO_1@[IOP=(6)][IoId=(1)] : Pulsador(0) (fixed)
IO_7@[IOP=(15)][IoId=(7)] : \USB:Dm(0)\ (fixed)
IO_6@[IOP=(15)][IoId=(6)] : \USB:Dp(0)\ (fixed)
SAR[1]@[FFB(SAR,1)] : \ADC_1:ADC_SAR\
Vref[13]@[FFB(Vref,13)] : \ADC_1:vRef_Vdda_1\
SAR[0]@[FFB(SAR,0)] : \ADC_2:ADC_SAR\
USB[0]@[FFB(USB,0)] : \USB:USB\
Log: apr.M0058: The analog placement iterative improvement is 51% done. (App=cydsfit)
Analog Placement Results:
IO_5@[IOP=(6)][IoId=(5)] : Entrada(0) (fixed)
IO_7@[IOP=(3)][IoId=(7)] : Entrada2(0) (fixed)
IO_1@[IOP=(6)][IoId=(1)] : Pulsador(0) (fixed)
IO_7@[IOP=(15)][IoId=(7)] : \USB:Dm(0)\ (fixed)
IO_6@[IOP=(15)][IoId=(6)] : \USB:Dp(0)\ (fixed)
SAR[0]@[FFB(SAR,0)] : \ADC_1:ADC_SAR\
Vref[13]@[FFB(Vref,13)] : \ADC_1:vRef_Vdda_1\
SAR[1]@[FFB(SAR,1)] : \ADC_2:ADC_SAR\
USB[0]@[FFB(USB,0)] : \USB:USB\

Analog Placement phase: Elapsed time ==> 0s.995ms
</CYPRESSTAG>
<CYPRESSTAG name="Analog Routing">
Analog Routing phase: Elapsed time ==> 0s.002ms
</CYPRESSTAG>
<CYPRESSTAG name="Analog Code Generation">
============ Analog Final Answer Routes ============
Dump of CyAnalogRoutingResultsDB
Map of net to items {
  Net: Net_3 {
    sar_0_vplus
    agl1_x_sar_0_vplus
    agl1
    agl1_x_p6_5
    p6_5
  }
  Net: Net_10 {
    sar_1_vplus
    agr7_x_sar_1_vplus
    agr7
    agr7_x_p3_7
    p3_7
  }
  Net: \ADC_1:Net_126\ {
    sar_0_vrefhi
    sar_0_vminus_x_sar_0_vrefhi
    sar_0_vminus
  }
  Net: \ADC_1:Net_209\ {
  }
  Net: \ADC_1:Net_235\ {
    sar_1_vref
    sar_1_vref_x_sar_1_vref_vdda_vdda_2
    sar_1_vref_vdda_vdda_2
    common_sar_vref_vdda/2_x_sar_1_vref_vdda_vdda_2
    common_sar_vref_vdda/2
    common_sar_vref_vdda/2_x_sar_0_vref_vdda_vdda_2
    sar_0_vref_vdda_vdda_2
    sar_0_vref_x_sar_0_vref_vdda_vdda_2
    sar_0_vref
  }
  Net: \ADC_2:Net_126\ {
    sar_1_vrefhi
    sar_1_vminus_x_sar_1_vrefhi
    sar_1_vminus
  }
  Net: \ADC_2:Net_209\ {
  }
}
Map of item to net {
  sar_0_vplus                                      -> Net_3
  agl1_x_sar_0_vplus                               -> Net_3
  agl1                                             -> Net_3
  agl1_x_p6_5                                      -> Net_3
  p6_5                                             -> Net_3
  sar_1_vplus                                      -> Net_10
  agr7_x_sar_1_vplus                               -> Net_10
  agr7                                             -> Net_10
  agr7_x_p3_7                                      -> Net_10
  p3_7                                             -> Net_10
  sar_0_vrefhi                                     -> \ADC_1:Net_126\
  sar_0_vminus_x_sar_0_vrefhi                      -> \ADC_1:Net_126\
  sar_0_vminus                                     -> \ADC_1:Net_126\
  sar_1_vref                                       -> \ADC_1:Net_235\
  sar_1_vref_x_sar_1_vref_vdda_vdda_2              -> \ADC_1:Net_235\
  sar_1_vref_vdda_vdda_2                           -> \ADC_1:Net_235\
  common_sar_vref_vdda/2_x_sar_1_vref_vdda_vdda_2  -> \ADC_1:Net_235\
  common_sar_vref_vdda/2                           -> \ADC_1:Net_235\
  common_sar_vref_vdda/2_x_sar_0_vref_vdda_vdda_2  -> \ADC_1:Net_235\
  sar_0_vref_vdda_vdda_2                           -> \ADC_1:Net_235\
  sar_0_vref_x_sar_0_vref_vdda_vdda_2              -> \ADC_1:Net_235\
  sar_0_vref                                       -> \ADC_1:Net_235\
  sar_1_vrefhi                                     -> \ADC_2:Net_126\
  sar_1_vminus_x_sar_1_vrefhi                      -> \ADC_2:Net_126\
  sar_1_vminus                                     -> \ADC_2:Net_126\
}
Mux Info {
}
Dump of CyP35AnalogRoutingResultsDB
IsVddaHalfUsedForComp = False
IsVddaHalfUsedForSar0 = True
IsVddaHalfUsedForSar1 = True
Analog Code Generation phase: Elapsed time ==> 0s.244ms
</CYPRESSTAG>
<CYPRESSTAG name="Digital Placement">
<CYPRESSTAG name="Detailed placement messages">
I2659: No Constrained paths were found. The placer will run in non-timing driven mode.
I2076: Total run-time: 0.5 sec.

</CYPRESSTAG>
<CYPRESSTAG name="PLD Packing">
<CYPRESSTAG name="PLD Packing Summary">
No PLDs were packed.
</CYPRESSTAG>
PLD Packing: Elapsed time ==> 0s.000ms
</CYPRESSTAG>
<CYPRESSTAG name="Partitioning">
<CYPRESSTAG name="Initial Partitioning Summary">
Initial Partitioning Summary not displayed at this verbose level.</CYPRESSTAG>
<CYPRESSTAG name="Final Partitioning Summary">
Final Partitioning Summary not displayed at this verbose level.</CYPRESSTAG>
Partitioning: Elapsed time ==> 0s.013ms
</CYPRESSTAG>
<CYPRESSTAG name="Final Placement Summary">

------------------------------------------------------------
Final Placement Summary
------------------------------------------------------------

       Resource Type :      Count : Avg Inputs : Avg Outputs
    ========================================================
                 UDB :          0 :       0.00 :       0.00
<CYPRESSTAG name="Final Placement Details">
<CYPRESSTAG name="Component Details">

------------------------------------------------------------
Component Placement Details
------------------------------------------------------------
UDB [UDB=(0,0)] is empty.
UDB [UDB=(0,1)] is empty.
UDB [UDB=(0,2)] is empty.
UDB [UDB=(0,3)] is empty.
UDB [UDB=(0,4)] is empty.
UDB [UDB=(0,5)] is empty.
UDB [UDB=(1,0)] is empty.
UDB [UDB=(1,1)] is empty.
UDB [UDB=(1,2)] is empty.
UDB [UDB=(1,3)] is empty.
UDB [UDB=(1,4)] is empty.
UDB [UDB=(1,5)] is empty.
UDB [UDB=(2,0)] is empty.
UDB [UDB=(2,1)] is empty.
UDB [UDB=(2,2)] is empty.
UDB [UDB=(2,3)] is empty.
UDB [UDB=(2,4)] is empty.
UDB [UDB=(2,5)] is empty.
UDB [UDB=(3,0)] is empty.
UDB [UDB=(3,1)] is empty.
UDB [UDB=(3,2)] is empty.
UDB [UDB=(3,3)] is empty.
UDB [UDB=(3,4)] is empty.
UDB [UDB=(3,5)] is empty.
Intr container @ [IntrContainer=(0)]: 
  Intr@ [IntrContainer=(0)][IntrId=(0)] 
    interrupt: Name =\ADC_1:IRQ\
        PORT MAP (
            interrupt => Net_19 );
        Properties:
        {
            int_type = "10"
            is_nmi = 0
        }
  Intr@ [IntrContainer=(0)][IntrId=(1)] 
    interrupt: Name =\ADC_2:IRQ\
        PORT MAP (
            interrupt => Net_13 );
        Properties:
        {
            int_type = "10"
            is_nmi = 0
        }
  Intr@ [IntrContainer=(0)][IntrId=(2)] 
    interrupt: Name =\USB:ep_1\
        PORT MAP (
            interrupt => \USB:ep_int_1\ );
        Properties:
        {
            int_type = "10"
            is_nmi = 0
        }
  Intr@ [IntrContainer=(0)][IntrId=(3)] 
    interrupt: Name =\USB:ep_2\
        PORT MAP (
            interrupt => \USB:ep_int_2\ );
        Properties:
        {
            int_type = "10"
            is_nmi = 0
        }
  Intr@ [IntrContainer=(0)][IntrId=(4)] 
    interrupt: Name =\USB:ep_3\
        PORT MAP (
            interrupt => \USB:ep_int_3\ );
        Properties:
        {
            int_type = "10"
            is_nmi = 0
        }
  Intr@ [IntrContainer=(0)][IntrId=(12)] 
    interrupt: Name =\USB:dp_int\
        PORT MAP (
            interrupt => \USB:Net_1010\ );
        Properties:
        {
            int_type = "10"
            is_nmi = 0
        }
  Intr@ [IntrContainer=(0)][IntrId=(21)] 
    interrupt: Name =\USB:sof_int\
        PORT MAP (
            interrupt => Net_1 );
        Properties:
        {
            int_type = "10"
            is_nmi = 0
        }
  Intr@ [IntrContainer=(0)][IntrId=(22)] 
    interrupt: Name =\USB:arb_int\
        PORT MAP (
            interrupt => \USB:Net_1889\ );
        Properties:
        {
            int_type = "10"
            is_nmi = 0
        }
  Intr@ [IntrContainer=(0)][IntrId=(23)] 
    interrupt: Name =\USB:bus_reset\
        PORT MAP (
            interrupt => \USB:Net_1876\ );
        Properties:
        {
            int_type = "10"
            is_nmi = 0
        }
  Intr@ [IntrContainer=(0)][IntrId=(24)] 
    interrupt: Name =\USB:ep_0\
        PORT MAP (
            interrupt => \USB:ep_int_0\ );
        Properties:
        {
            int_type = "10"
            is_nmi = 0
        }
Drq container @ [DrqContainer=(0)]: empty
Port 0 contains the following IO cells:
Port 1 contains the following IO cells:
Port 2 contains the following IO cells:
Port 3 contains the following IO cells:
[IoId=7]: 
Pin : Name = Entrada2(0)
    Attributes:
        In Group/Port: True
        In Sync Option: AUTO
        Out Sync Option: AUTO
        Interrupt generated: False
        Interrupt mode: NONE
        Drive mode: HI_Z_ANALOG
        VTrip: EITHER
        Slew: FAST
        Input Sync needed: False
        Output Sync needed: False
        SC shield enabled: False
        POR State: ANY
        LCD Mode: COMMON
        Register Mode: RegComb
        CaSense Mode: NEITHER
        Treat as pin: True
        Is OE Registered: False
        Uses Analog: True
        Can contain Digital: False
        Is SIO: False
        SIO Output Buf: NONREGULATED
        SIO Input Buf: SINGLE_ENDED
        SIO HiFreq: LOW
        SIO Hyst: DISABLED
        SIO Vtrip: MULTIPLIER_0_5
        SIO Multiplier Index: 0
        SIO RefSel: VCC_IO
        Required Capabilities: ANALOG
        Initial Value: 0
        IO Voltage: 0
    PORT MAP (
        pa_out => Entrada2(0)__PA ,
        analog_term => Net_10 ,
        pad => Entrada2(0)_PAD );
    Properties:
    {
    }

Port 4 contains the following IO cells:
Port 5 contains the following IO cells:
Port 6 contains the following IO cells:
[IoId=1]: 
Pin : Name = Pulsador(0)
    Attributes:
        In Group/Port: True
        In Sync Option: NOSYNC
        Out Sync Option: AUTO
        Interrupt generated: False
        Interrupt mode: NONE
        Drive mode: RES_PULL_UP
        VTrip: CMOS
        Slew: FAST
        Input Sync needed: False
        Output Sync needed: False
        SC shield enabled: False
        POR State: ANY
        LCD Mode: COMMON
        Register Mode: RegComb
        CaSense Mode: NEITHER
        Treat as pin: True
        Is OE Registered: False
        Uses Analog: False
        Can contain Digital: True
        Is SIO: False
        SIO Output Buf: NONREGULATED
        SIO Input Buf: SINGLE_ENDED
        SIO HiFreq: LOW
        SIO Hyst: DISABLED
        SIO Vtrip: MULTIPLIER_0_5
        SIO Multiplier Index: 0
        SIO RefSel: VCC_IO
        Required Capabilities: DIGITAL
        Initial Value: 1
        IO Voltage: 0
    PORT MAP (
        pa_out => Pulsador(0)__PA ,
        pad => Pulsador(0)_PAD );
    Properties:
    {
    }

[IoId=5]: 
Pin : Name = Entrada(0)
    Attributes:
        In Group/Port: True
        In Sync Option: AUTO
        Out Sync Option: AUTO
        Interrupt generated: False
        Interrupt mode: NONE
        Drive mode: HI_Z_ANALOG
        VTrip: EITHER
        Slew: FAST
        Input Sync needed: False
        Output Sync needed: False
        SC shield enabled: False
        POR State: ANY
        LCD Mode: COMMON
        Register Mode: RegComb
        CaSense Mode: NEITHER
        Treat as pin: True
        Is OE Registered: False
        Uses Analog: True
        Can contain Digital: False
        Is SIO: False
        SIO Output Buf: NONREGULATED
        SIO Input Buf: SINGLE_ENDED
        SIO HiFreq: LOW
        SIO Hyst: DISABLED
        SIO Vtrip: MULTIPLIER_0_5
        SIO Multiplier Index: 0
        SIO RefSel: VCC_IO
        Required Capabilities: ANALOG
        Initial Value: 0
        IO Voltage: 0
    PORT MAP (
        pa_out => Entrada(0)__PA ,
        analog_term => Net_3 ,
        pad => Entrada(0)_PAD );
    Properties:
    {
    }

Port 12 contains the following IO cells:
Port 15 generates interrupt for logical port:
    logicalport: Name =\USB:Dp\
        PORT MAP (
            in_clock_en => one ,
            in_reset => zero ,
            out_clock_en => one ,
            out_reset => zero ,
            interrupt => \USB:Net_1010\ ,
            in_clock => ClockBlock_BUS_CLK );
        Properties:
        {
            drive_mode = "000"
            ibuf_enabled = "0"
            id = "beca5e2d-f70f-4900-a4db-7eca1ed3126e/618a72fc-5ddd-4df5-958f-a3d55102db42"
            init_dr_st = "1"
            input_buffer_sel = "00"
            input_clk_en = 0
            input_sync = "1"
            input_sync_mode = "0"
            intr_mode = "10"
            invert_in_clock = 0
            invert_in_clock_en = 0
            invert_in_reset = 0
            invert_out_clock = 0
            invert_out_clock_en = 0
            invert_out_reset = 0
            io_voltage = ""
            layout_mode = "CONTIGUOUS"
            oe_conn = "0"
            oe_reset = 0
            oe_sync = "0"
            output_clk_en = 0
            output_clock_mode = "0"
            output_conn = "0"
            output_mode = "0"
            output_reset = 0
            output_sync = "0"
            ovt_hyst_trim = "0"
            ovt_needed = "0"
            ovt_slew_control = "00"
            pa_in_clock = -1
            pa_in_clock_en = -1
            pa_in_reset = -1
            pa_out_clock = -1
            pa_out_clock_en = -1
            pa_out_reset = -1
            pin_aliases = ""
            pin_mode = "I"
            por_state = 4
            port_alias_group = ""
            port_alias_required = 0
            sio_group_cnt = 0
            sio_hifreq = "00000000"
            sio_hyst = "1"
            sio_ibuf = "00000000"
            sio_info = "00"
            sio_obuf = "00000000"
            sio_refsel = "00000000"
            sio_vohsel = "00000000"
            sio_vtrip = "00000000"
            slew_rate = "0"
            spanning = 0
            sw_only = 0
            use_annotation = "0"
            vtrip = "00"
            width = 1
        }
    and contains the following IO cells:
[IoId=6]: 
Pin : Name = \USB:Dp(0)\
    Attributes:
        In Group/Port: True
        In Sync Option: SYNC
        Out Sync Option: AUTO
        Interrupt generated: True
        Interrupt mode: FALLING
        Drive mode: HI_Z_ANALOG
        VTrip: CMOS
        Slew: FAST
        Input Sync needed: True
        Output Sync needed: False
        SC shield enabled: False
        POR State: ANY
        LCD Mode: COMMON
        Register Mode: RegComb
        CaSense Mode: NEITHER
        Treat as pin: False
        Is OE Registered: False
        Uses Analog: True
        Can contain Digital: True
        Is SIO: False
        SIO Output Buf: NONREGULATED
        SIO Input Buf: SINGLE_ENDED
        SIO HiFreq: LOW
        SIO Hyst: DISABLED
        SIO Vtrip: MULTIPLIER_0_5
        SIO Multiplier Index: 0
        SIO RefSel: VCC_IO
        Required Capabilities: USB_D_PLUS
        Initial Value: 1
        IO Voltage: 0
    PORT MAP (
        pa_out => \USB:Dp(0)\__PA ,
        analog_term => \USB:Net_1000\ ,
        pad => \USB:Dp(0)_PAD\ );
    Properties:
    {
    }

[IoId=7]: 
Pin : Name = \USB:Dm(0)\
    Attributes:
        In Group/Port: True
        In Sync Option: AUTO
        Out Sync Option: AUTO
        Interrupt generated: False
        Interrupt mode: NONE
        Drive mode: HI_Z_ANALOG
        VTrip: EITHER
        Slew: FAST
        Input Sync needed: False
        Output Sync needed: False
        SC shield enabled: False
        POR State: ANY
        LCD Mode: COMMON
        Register Mode: RegComb
        CaSense Mode: NEITHER
        Treat as pin: True
        Is OE Registered: False
        Uses Analog: True
        Can contain Digital: False
        Is SIO: False
        SIO Output Buf: NONREGULATED
        SIO Input Buf: SINGLE_ENDED
        SIO HiFreq: LOW
        SIO Hyst: DISABLED
        SIO Vtrip: MULTIPLIER_0_5
        SIO Multiplier Index: 0
        SIO RefSel: VCC_IO
        Required Capabilities: USB_D_MINUS
        Initial Value: 0
        IO Voltage: 0
    PORT MAP (
        pa_out => \USB:Dm(0)\__PA ,
        analog_term => \USB:Net_597\ ,
        pad => \USB:Dm(0)_PAD\ );
    Properties:
    {
    }

ARM group 0: empty
CAN group 0: empty
Cache group 0: empty
CapSense group 0: empty
Clock group 0: 
    Clock Block @ F(Clock,0): 
    clockblockcell: Name =ClockBlock
        PORT MAP (
            imo => ClockBlock_IMO ,
            pllout => ClockBlock_PLL_OUT ,
            ilo => ClockBlock_ILO ,
            clk_100k => ClockBlock_100k ,
            clk_1k => ClockBlock_1k ,
            clk_32k => ClockBlock_32k ,
            xtal => ClockBlock_XTAL ,
            clk_32k_xtal => ClockBlock_XTAL_32KHZ ,
            clk_sync => ClockBlock_MASTER_CLK ,
            clk_bus_glb => ClockBlock_BUS_CLK ,
            clk_bus => ClockBlock_BUS_CLK_local ,
            dclk_glb_0 => \ADC_2:Net_376\ ,
            dclk_0 => \ADC_2:Net_376_local\ ,
            dclk_glb_1 => \ADC_1:Net_376\ ,
            dclk_1 => \ADC_1:Net_376_local\ );
        Properties:
        {
        }
Comparator group 0: empty
DFB group 0: empty
DSM group 0: empty
Decimator group 0: empty
EMIF group 0: empty
I2C group 0: empty
LCD group 0: empty
LVD group 0: empty
PICU group 0: empty
PM group 0: empty
SC group 0: empty
SPC group 0: empty
Timer group 0: empty
USB group 0: 
    USB Block @ F(USB,0): 
    usbcell: Name =\USB:USB\
        PORT MAP (
            dp => \USB:Net_1000\ ,
            dm => \USB:Net_597\ ,
            sof_int => Net_1 ,
            arb_int => \USB:Net_1889\ ,
            usb_int => \USB:Net_1876\ ,
            ept_int_8 => \USB:ep_int_8\ ,
            ept_int_7 => \USB:ep_int_7\ ,
            ept_int_6 => \USB:ep_int_6\ ,
            ept_int_5 => \USB:ep_int_5\ ,
            ept_int_4 => \USB:ep_int_4\ ,
            ept_int_3 => \USB:ep_int_3\ ,
            ept_int_2 => \USB:ep_int_2\ ,
            ept_int_1 => \USB:ep_int_1\ ,
            ept_int_0 => \USB:ep_int_0\ ,
            ord_int => \USB:Net_95\ ,
            dma_req_7 => \USB:dma_request_7\ ,
            dma_req_6 => \USB:dma_request_6\ ,
            dma_req_5 => \USB:dma_request_5\ ,
            dma_req_4 => \USB:dma_request_4\ ,
            dma_req_3 => \USB:dma_request_3\ ,
            dma_req_2 => \USB:dma_request_2\ ,
            dma_req_1 => \USB:dma_request_1\ ,
            dma_req_0 => \USB:dma_request_0\ ,
            dma_termin => \USB:dma_terminate\ );
        Properties:
        {
            cy_registers = ""
        }
VIDAC group 0: empty
OpAmp group 0: empty
CsAbuf group 0: empty
Vref group 0: 
    Vref Block @ F(Vref,13): 
    vrefcell: Name =\ADC_1:vRef_Vdda_1\
        PORT MAP (
            vout => \ADC_1:Net_235\ );
        Properties:
        {
            autoenable = 1
            guid = "4720866E-BC14-478d-B8A0-3E44F38CADAC"
            ignoresleep = 0
            name = "Vdda/2"
        }
LPF group 0: empty
SAR group 0: 
    SAR Block @ F(SAR,0): 
    sarcell: Name =\ADC_1:ADC_SAR\
        PORT MAP (
            vplus => Net_3 ,
            vminus => \ADC_1:Net_126\ ,
            ext_pin => \ADC_1:Net_209\ ,
            vrefhi_out => \ADC_1:Net_126\ ,
            vref => \ADC_1:Net_235\ ,
            clk_udb => \ADC_1:Net_376_local\ ,
            irq => \ADC_1:Net_252\ ,
            next => Net_22 ,
            data_out_udb_11 => \ADC_1:Net_207_11\ ,
            data_out_udb_10 => \ADC_1:Net_207_10\ ,
            data_out_udb_9 => \ADC_1:Net_207_9\ ,
            data_out_udb_8 => \ADC_1:Net_207_8\ ,
            data_out_udb_7 => \ADC_1:Net_207_7\ ,
            data_out_udb_6 => \ADC_1:Net_207_6\ ,
            data_out_udb_5 => \ADC_1:Net_207_5\ ,
            data_out_udb_4 => \ADC_1:Net_207_4\ ,
            data_out_udb_3 => \ADC_1:Net_207_3\ ,
            data_out_udb_2 => \ADC_1:Net_207_2\ ,
            data_out_udb_1 => \ADC_1:Net_207_1\ ,
            data_out_udb_0 => \ADC_1:Net_207_0\ ,
            eof_udb => Net_19 );
        Properties:
        {
            cy_registers = ""
        }
    SAR Block @ F(SAR,1): 
    sarcell: Name =\ADC_2:ADC_SAR\
        PORT MAP (
            vplus => Net_10 ,
            vminus => \ADC_2:Net_126\ ,
            ext_pin => \ADC_2:Net_209\ ,
            vrefhi_out => \ADC_2:Net_126\ ,
            vref => \ADC_1:Net_235\ ,
            clk_udb => \ADC_2:Net_376_local\ ,
            irq => \ADC_2:Net_252\ ,
            next => Net_16 ,
            data_out_udb_11 => \ADC_2:Net_207_11\ ,
            data_out_udb_10 => \ADC_2:Net_207_10\ ,
            data_out_udb_9 => \ADC_2:Net_207_9\ ,
            data_out_udb_8 => \ADC_2:Net_207_8\ ,
            data_out_udb_7 => \ADC_2:Net_207_7\ ,
            data_out_udb_6 => \ADC_2:Net_207_6\ ,
            data_out_udb_5 => \ADC_2:Net_207_5\ ,
            data_out_udb_4 => \ADC_2:Net_207_4\ ,
            data_out_udb_3 => \ADC_2:Net_207_3\ ,
            data_out_udb_2 => \ADC_2:Net_207_2\ ,
            data_out_udb_1 => \ADC_2:Net_207_1\ ,
            data_out_udb_0 => \ADC_2:Net_207_0\ ,
            eof_udb => Net_13 );
        Properties:
        {
            cy_registers = ""
        }
ANAIF group 0: empty
PHUB group 0: empty
</CYPRESSTAG>
<CYPRESSTAG name="Port Configuration Details">

------------------------------------------------------------
Port Configuration report
------------------------------------------------------------
     |     |       | Interrupt |                  |             | 
Port | Pin | Fixed |      Type |       Drive Mode |        Name | Connections
-----+-----+-------+-----------+------------------+-------------+-----------------------
   3 |   7 |     * |      NONE |      HI_Z_ANALOG | Entrada2(0) | Analog(Net_10)
-----+-----+-------+-----------+------------------+-------------+-----------------------
   6 |   1 |     * |      NONE |      RES_PULL_UP | Pulsador(0) | 
     |   5 |     * |      NONE |      HI_Z_ANALOG |  Entrada(0) | Analog(Net_3)
-----+-----+-------+-----------+------------------+-------------+-----------------------
  15 |   6 |     * |   FALLING |      HI_Z_ANALOG | \USB:Dp(0)\ | Analog(\USB:Net_1000\)
     |   7 |     * |      NONE |      HI_Z_ANALOG | \USB:Dm(0)\ | Analog(\USB:Net_597\)
----------------------------------------------------------------------------------------
</CYPRESSTAG>
</CYPRESSTAG>
</CYPRESSTAG>
Digital component placer commit/Report: Elapsed time ==> 0s.015ms
Digital Placement phase: Elapsed time ==> 0s.722ms
</CYPRESSTAG>
<CYPRESSTAG name="Digital Routing">
"C:\Program Files (x86)\Cypress\PSoC Creator\4.2\PSoC Creator\bin/sjrouter.exe" --xml-path "C:\Program Files (x86)\Cypress\PSoC Creator\4.2\PSoC Creator\dev\psoc5/psoc5lp/route_arch-rrg.cydata" --vh2-path "USB_Serial_r.vh2" --pcf-path "USB_Serial.pco" --des-name "USB_Serial" --dsf-path "USB_Serial.dsf" --sdc-path "USB_Serial.sdc" --lib-path "USB_Serial_r.lib"
Routing successful.
Digital Routing phase: Elapsed time ==> 1s.171ms
</CYPRESSTAG>
<CYPRESSTAG name="Bitstream Generation">
Bitstream Generation phase: Elapsed time ==> 0s.173ms
</CYPRESSTAG>
<CYPRESSTAG name="Bitstream Verification">
Bitstream Verification phase: Elapsed time ==> 0s.034ms
</CYPRESSTAG>
<CYPRESSTAG name="Static timing analysis">
Timing report is in USB_Serial_timing.html.
Static timing analysis phase: Elapsed time ==> 0s.191ms
</CYPRESSTAG>
<CYPRESSTAG name="Data reporting">
Data reporting phase: Elapsed time ==> 0s.000ms
</CYPRESSTAG>
<CYPRESSTAG name="Database update...">
Design database save phase: Elapsed time ==> 0s.164ms
</CYPRESSTAG>
cydsfit: Elapsed time ==> 3s.816ms
</CYPRESSTAG>
Fitter phase: Elapsed time ==> 3s.817ms
API generation phase: Elapsed time ==> 1s.534ms
Dependency generation phase: Elapsed time ==> 0s.008ms
Cleanup phase: Elapsed time ==> 0s.000ms
