ARM GAS  C:\Users\HENRYA~1\AppData\Local\Temp\ccyPB9ew.s 			page 1


   1              		.syntax unified
   2              		.cpu cortex-m3
   3              		.fpu softvfp
   4              		.eabi_attribute 20, 1
   5              		.eabi_attribute 21, 1
   6              		.eabi_attribute 23, 3
   7              		.eabi_attribute 24, 1
   8              		.eabi_attribute 25, 1
   9              		.eabi_attribute 26, 1
  10              		.eabi_attribute 30, 1
  11              		.eabi_attribute 34, 1
  12              		.eabi_attribute 18, 4
  13              		.thumb
  14              		.file	"cymetadata.c"
  15              		.text
  16              	.Ltext0:
  17              		.cfi_sections	.debug_frame
  18              		.global	cy_metadata
  19              		.global	cy_meta_flashprotect
  20              		.global	cy_meta_wonvl
  21              		.global	cy_meta_custnvl
  22              		.global	cy_meta_configecc
  23              		.section	.cyconfigecc,"a",%progbits
  24              		.align	2
  25              		.type	cy_meta_configecc, %object
  26              		.size	cy_meta_configecc, 136
  27              	cy_meta_configecc:
  28 0000 01       		.byte	1
  29 0001 45       		.byte	69
  30 0002 00       		.byte	0
  31 0003 40       		.byte	64
  32 0004 01       		.byte	1
  33 0005 52       		.byte	82
  34 0006 00       		.byte	0
  35 0007 40       		.byte	64
  36 0008 02       		.byte	2
  37 0009 17       		.byte	23
  38 000a 01       		.byte	1
  39 000b 40       		.byte	64
  40 000c 02       		.byte	2
  41 000d 19       		.byte	25
  42 000e 01       		.byte	1
  43 000f 40       		.byte	64
  44 0010 03       		.byte	3
  45 0011 40       		.byte	64
  46 0012 01       		.byte	1
  47 0013 40       		.byte	64
  48 0014 03       		.byte	3
  49 0015 41       		.byte	65
  50 0016 01       		.byte	1
  51 0017 40       		.byte	64
  52 0018 03       		.byte	3
  53 0019 42       		.byte	66
  54 001a 01       		.byte	1
  55 001b 40       		.byte	64
  56 001c 03       		.byte	3
  57 001d 43       		.byte	67
ARM GAS  C:\Users\HENRYA~1\AppData\Local\Temp\ccyPB9ew.s 			page 2


  58 001e 01       		.byte	1
  59 001f 40       		.byte	64
  60 0020 04       		.byte	4
  61 0021 47       		.byte	71
  62 0022 01       		.byte	1
  63 0023 40       		.byte	64
  64 0024 04       		.byte	4
  65 0025 48       		.byte	72
  66 0026 01       		.byte	1
  67 0027 40       		.byte	64
  68 0028 02       		.byte	2
  69 0029 4C       		.byte	76
  70 002a 01       		.byte	1
  71 002b 40       		.byte	64
  72 002c 01       		.byte	1
  73 002d 51       		.byte	81
  74 002e 01       		.byte	1
  75 002f 40       		.byte	64
  76 0030 7E       		.byte	126
  77 0031 02       		.byte	2
  78 0032 7C       		.byte	124
  79 0033 40       		.byte	64
  80 0034 EA       		.byte	-22
  81 0035 02       		.byte	2
  82 0036 EE       		.byte	-18
  83 0037 0A       		.byte	10
  84 0038 EA       		.byte	-22
  85 0039 02       		.byte	2
  86 003a EE       		.byte	-18
  87 003b 0A       		.byte	10
  88 003c 33       		.byte	51
  89 003d 81       		.byte	-127
  90 003e 36       		.byte	54
  91 003f 40       		.byte	64
  92 0040 CC       		.byte	-52
  93 0041 70       		.byte	112
  94 0042 9F       		.byte	-97
  95 0043 01       		.byte	1
  96 0044 A6       		.byte	-90
  97 0045 40       		.byte	64
  98 0046 A7       		.byte	-89
  99 0047 80       		.byte	-128
 100 0048 9F       		.byte	-97
 101 0049 01       		.byte	1
 102 004a A6       		.byte	-90
 103 004b 40       		.byte	64
 104 004c A7       		.byte	-89
 105 004d 80       		.byte	-128
 106 004e 9F       		.byte	-97
 107 004f 01       		.byte	1
 108 0050 A6       		.byte	-90
 109 0051 40       		.byte	64
 110 0052 A7       		.byte	-89
 111 0053 80       		.byte	-128
 112 0054 08       		.byte	8
 113 0055 08       		.byte	8
 114 0056 0B       		.byte	11
ARM GAS  C:\Users\HENRYA~1\AppData\Local\Temp\ccyPB9ew.s 			page 3


 115 0057 04       		.byte	4
 116 0058 0F       		.byte	15
 117 0059 40       		.byte	64
 118 005a C2       		.byte	-62
 119 005b 0E       		.byte	14
 120 005c AE       		.byte	-82
 121 005d 40       		.byte	64
 122 005e AF       		.byte	-81
 123 005f 81       		.byte	-127
 124 0060 EA       		.byte	-22
 125 0061 40       		.byte	64
 126 0062 EE       		.byte	-18
 127 0063 50       		.byte	80
 128 0064 AC       		.byte	-84
 129 0065 08       		.byte	8
 130 0066 AF       		.byte	-81
 131 0067 44       		.byte	68
 132 0068 00       		.byte	0
 133 0069 2A       		.byte	42
 134 006a 00       		.byte	0
 135 006b 00       		.byte	0
 136 006c 40       		.byte	64
 137 006d 00       		.byte	0
 138 006e 00       		.byte	0
 139 006f 00       		.byte	0
 140 0070 00       		.byte	0
 141 0071 00       		.byte	0
 142 0072 00       		.byte	0
 143 0073 00       		.byte	0
 144 0074 C0       		.byte	-64
 145 0075 00       		.byte	0
 146 0076 00       		.byte	0
 147 0077 00       		.byte	0
 148 0078 00       		.byte	0
 149 0079 0B       		.byte	11
 150 007a 0B       		.byte	11
 151 007b 00       		.byte	0
 152 007c 00       		.byte	0
 153 007d 00       		.byte	0
 154 007e 00       		.byte	0
 155 007f 00       		.byte	0
 156 0080 00       		.byte	0
 157 0081 7F       		.byte	127
 158 0082 7F       		.byte	127
 159 0083 00       		.byte	0
 160 0084 00       		.byte	0
 161 0085 00       		.byte	0
 162 0086 00       		.byte	0
 163 0087 00       		.byte	0
 164              		.section	.cywolatch,"a",%progbits
 165              		.align	2
 166              		.type	cy_meta_wonvl, %object
 167              		.size	cy_meta_wonvl, 4
 168              	cy_meta_wonvl:
 169 0000 BC       		.byte	-68
 170 0001 90       		.byte	-112
 171 0002 AC       		.byte	-84
ARM GAS  C:\Users\HENRYA~1\AppData\Local\Temp\ccyPB9ew.s 			page 4


 172 0003 AF       		.byte	-81
 173              		.section	.cycustnvl,"a",%progbits
 174              		.align	2
 175              		.type	cy_meta_custnvl, %object
 176              		.size	cy_meta_custnvl, 4
 177              	cy_meta_custnvl:
 178 0000 00       		.byte	0
 179 0001 00       		.byte	0
 180 0002 40       		.byte	64
 181 0003 05       		.byte	5
 182              		.section	.cymeta,"a",%progbits
 183              		.align	2
 184              		.type	cy_metadata, %object
 185              		.size	cy_metadata, 12
 186              	cy_metadata:
 187 0000 00       		.byte	0
 188 0001 01       		.byte	1
 189 0002 2E       		.byte	46
 190 0003 12       		.byte	18
 191 0004 30       		.byte	48
 192 0005 69       		.byte	105
 193 0006 00       		.byte	0
 194 0007 01       		.byte	1
 195 0008 00       		.byte	0
 196 0009 00       		.byte	0
 197 000a 00       		.byte	0
 198 000b 00       		.byte	0
 199              		.section	.cyflashprotect,"a",%progbits
 200              		.align	2
 201              		.type	cy_meta_flashprotect, %object
 202              		.size	cy_meta_flashprotect, 256
 203              	cy_meta_flashprotect:
 204 0000 00000000 		.space	256
 204      00000000 
 204      00000000 
 204      00000000 
 204      00000000 
 205              		.text
 206              	.Letext0:
 207              		.file 1 "Generated_Source\\PSoC5\\cymetadata.c"
 208              		.file 2 "Generated_Source\\PSoC5\\cytypes.h"
 209              		.section	.debug_info,"",%progbits
 210              	.Ldebug_info0:
 211 0000 36010000 		.4byte	0x136
 212 0004 0400     		.2byte	0x4
 213 0006 00000000 		.4byte	.Ldebug_abbrev0
 214 000a 04       		.byte	0x4
 215 000b 01       		.uleb128 0x1
 216 000c B9000000 		.4byte	.LASF18
 217 0010 01       		.byte	0x1
 218 0011 CF010000 		.4byte	.LASF19
 219 0015 00000000 		.4byte	.LASF20
 220 0019 00000000 		.4byte	.Ldebug_line0
 221 001d 02       		.uleb128 0x2
 222 001e 01       		.byte	0x1
 223 001f 06       		.byte	0x6
 224 0020 C3010000 		.4byte	.LASF0
ARM GAS  C:\Users\HENRYA~1\AppData\Local\Temp\ccyPB9ew.s 			page 5


 225 0024 02       		.uleb128 0x2
 226 0025 01       		.byte	0x1
 227 0026 08       		.byte	0x8
 228 0027 5D000000 		.4byte	.LASF1
 229 002b 02       		.uleb128 0x2
 230 002c 02       		.byte	0x2
 231 002d 05       		.byte	0x5
 232 002e AA010000 		.4byte	.LASF2
 233 0032 02       		.uleb128 0x2
 234 0033 02       		.byte	0x2
 235 0034 07       		.byte	0x7
 236 0035 7D000000 		.4byte	.LASF3
 237 0039 02       		.uleb128 0x2
 238 003a 04       		.byte	0x4
 239 003b 05       		.byte	0x5
 240 003c BA010000 		.4byte	.LASF4
 241 0040 02       		.uleb128 0x2
 242 0041 04       		.byte	0x4
 243 0042 07       		.byte	0x7
 244 0043 6B000000 		.4byte	.LASF5
 245 0047 02       		.uleb128 0x2
 246 0048 08       		.byte	0x8
 247 0049 05       		.byte	0x5
 248 004a 97010000 		.4byte	.LASF6
 249 004e 02       		.uleb128 0x2
 250 004f 08       		.byte	0x8
 251 0050 07       		.byte	0x7
 252 0051 54010000 		.4byte	.LASF7
 253 0055 03       		.uleb128 0x3
 254 0056 04       		.byte	0x4
 255 0057 05       		.byte	0x5
 256 0058 696E7400 		.ascii	"int\000"
 257 005c 02       		.uleb128 0x2
 258 005d 04       		.byte	0x4
 259 005e 07       		.byte	0x7
 260 005f 47010000 		.4byte	.LASF8
 261 0063 04       		.uleb128 0x4
 262 0064 B4010000 		.4byte	.LASF21
 263 0068 02       		.byte	0x2
 264 0069 9201     		.2byte	0x192
 265 006b 24000000 		.4byte	0x24
 266 006f 02       		.uleb128 0x2
 267 0070 04       		.byte	0x4
 268 0071 04       		.byte	0x4
 269 0072 57000000 		.4byte	.LASF9
 270 0076 02       		.uleb128 0x2
 271 0077 08       		.byte	0x8
 272 0078 04       		.byte	0x4
 273 0079 90000000 		.4byte	.LASF10
 274 007d 02       		.uleb128 0x2
 275 007e 01       		.byte	0x1
 276 007f 08       		.byte	0x8
 277 0080 A5010000 		.4byte	.LASF11
 278 0084 05       		.uleb128 0x5
 279 0085 63000000 		.4byte	0x63
 280 0089 94000000 		.4byte	0x94
 281 008d 06       		.uleb128 0x6
ARM GAS  C:\Users\HENRYA~1\AppData\Local\Temp\ccyPB9ew.s 			page 6


 282 008e 94000000 		.4byte	0x94
 283 0092 87       		.byte	0x87
 284 0093 00       		.byte	0
 285 0094 02       		.uleb128 0x2
 286 0095 04       		.byte	0x4
 287 0096 07       		.byte	0x7
 288 0097 8E010000 		.4byte	.LASF12
 289 009b 07       		.uleb128 0x7
 290 009c A7000000 		.4byte	.LASF13
 291 00a0 01       		.byte	0x1
 292 00a1 1F       		.byte	0x1f
 293 00a2 AC000000 		.4byte	0xac
 294 00a6 05       		.uleb128 0x5
 295 00a7 03       		.byte	0x3
 296 00a8 00000000 		.4byte	cy_meta_configecc
 297 00ac 08       		.uleb128 0x8
 298 00ad 84000000 		.4byte	0x84
 299 00b1 05       		.uleb128 0x5
 300 00b2 63000000 		.4byte	0x63
 301 00b6 C1000000 		.4byte	0xc1
 302 00ba 06       		.uleb128 0x6
 303 00bb 94000000 		.4byte	0x94
 304 00bf 03       		.byte	0x3
 305 00c0 00       		.byte	0
 306 00c1 07       		.uleb128 0x7
 307 00c2 97000000 		.4byte	.LASF14
 308 00c6 01       		.byte	0x1
 309 00c7 3D       		.byte	0x3d
 310 00c8 D2000000 		.4byte	0xd2
 311 00cc 05       		.uleb128 0x5
 312 00cd 03       		.byte	0x3
 313 00ce 00000000 		.4byte	cy_meta_custnvl
 314 00d2 08       		.uleb128 0x8
 315 00d3 B1000000 		.4byte	0xb1
 316 00d7 07       		.uleb128 0x7
 317 00d8 80010000 		.4byte	.LASF15
 318 00dc 01       		.byte	0x1
 319 00dd 4B       		.byte	0x4b
 320 00de E8000000 		.4byte	0xe8
 321 00e2 05       		.uleb128 0x5
 322 00e3 03       		.byte	0x3
 323 00e4 00000000 		.4byte	cy_meta_wonvl
 324 00e8 08       		.uleb128 0x8
 325 00e9 B1000000 		.4byte	0xb1
 326 00ed 05       		.uleb128 0x5
 327 00ee 63000000 		.4byte	0x63
 328 00f2 FD000000 		.4byte	0xfd
 329 00f6 06       		.uleb128 0x6
 330 00f7 94000000 		.4byte	0x94
 331 00fb FF       		.byte	0xff
 332 00fc 00       		.byte	0
 333 00fd 07       		.uleb128 0x7
 334 00fe 6B010000 		.4byte	.LASF16
 335 0102 01       		.byte	0x1
 336 0103 59       		.byte	0x59
 337 0104 0E010000 		.4byte	0x10e
 338 0108 05       		.uleb128 0x5
ARM GAS  C:\Users\HENRYA~1\AppData\Local\Temp\ccyPB9ew.s 			page 7


 339 0109 03       		.byte	0x3
 340 010a 00000000 		.4byte	cy_meta_flashprotect
 341 010e 08       		.uleb128 0x8
 342 010f ED000000 		.4byte	0xed
 343 0113 05       		.uleb128 0x5
 344 0114 63000000 		.4byte	0x63
 345 0118 23010000 		.4byte	0x123
 346 011c 06       		.uleb128 0x6
 347 011d 94000000 		.4byte	0x94
 348 0121 0B       		.byte	0xb
 349 0122 00       		.byte	0
 350 0123 07       		.uleb128 0x7
 351 0124 4B000000 		.4byte	.LASF17
 352 0128 01       		.byte	0x1
 353 0129 86       		.byte	0x86
 354 012a 34010000 		.4byte	0x134
 355 012e 05       		.uleb128 0x5
 356 012f 03       		.byte	0x3
 357 0130 00000000 		.4byte	cy_metadata
 358 0134 08       		.uleb128 0x8
 359 0135 13010000 		.4byte	0x113
 360 0139 00       		.byte	0
 361              		.section	.debug_abbrev,"",%progbits
 362              	.Ldebug_abbrev0:
 363 0000 01       		.uleb128 0x1
 364 0001 11       		.uleb128 0x11
 365 0002 01       		.byte	0x1
 366 0003 25       		.uleb128 0x25
 367 0004 0E       		.uleb128 0xe
 368 0005 13       		.uleb128 0x13
 369 0006 0B       		.uleb128 0xb
 370 0007 03       		.uleb128 0x3
 371 0008 0E       		.uleb128 0xe
 372 0009 1B       		.uleb128 0x1b
 373 000a 0E       		.uleb128 0xe
 374 000b 10       		.uleb128 0x10
 375 000c 17       		.uleb128 0x17
 376 000d 00       		.byte	0
 377 000e 00       		.byte	0
 378 000f 02       		.uleb128 0x2
 379 0010 24       		.uleb128 0x24
 380 0011 00       		.byte	0
 381 0012 0B       		.uleb128 0xb
 382 0013 0B       		.uleb128 0xb
 383 0014 3E       		.uleb128 0x3e
 384 0015 0B       		.uleb128 0xb
 385 0016 03       		.uleb128 0x3
 386 0017 0E       		.uleb128 0xe
 387 0018 00       		.byte	0
 388 0019 00       		.byte	0
 389 001a 03       		.uleb128 0x3
 390 001b 24       		.uleb128 0x24
 391 001c 00       		.byte	0
 392 001d 0B       		.uleb128 0xb
 393 001e 0B       		.uleb128 0xb
 394 001f 3E       		.uleb128 0x3e
 395 0020 0B       		.uleb128 0xb
ARM GAS  C:\Users\HENRYA~1\AppData\Local\Temp\ccyPB9ew.s 			page 8


 396 0021 03       		.uleb128 0x3
 397 0022 08       		.uleb128 0x8
 398 0023 00       		.byte	0
 399 0024 00       		.byte	0
 400 0025 04       		.uleb128 0x4
 401 0026 16       		.uleb128 0x16
 402 0027 00       		.byte	0
 403 0028 03       		.uleb128 0x3
 404 0029 0E       		.uleb128 0xe
 405 002a 3A       		.uleb128 0x3a
 406 002b 0B       		.uleb128 0xb
 407 002c 3B       		.uleb128 0x3b
 408 002d 05       		.uleb128 0x5
 409 002e 49       		.uleb128 0x49
 410 002f 13       		.uleb128 0x13
 411 0030 00       		.byte	0
 412 0031 00       		.byte	0
 413 0032 05       		.uleb128 0x5
 414 0033 01       		.uleb128 0x1
 415 0034 01       		.byte	0x1
 416 0035 49       		.uleb128 0x49
 417 0036 13       		.uleb128 0x13
 418 0037 01       		.uleb128 0x1
 419 0038 13       		.uleb128 0x13
 420 0039 00       		.byte	0
 421 003a 00       		.byte	0
 422 003b 06       		.uleb128 0x6
 423 003c 21       		.uleb128 0x21
 424 003d 00       		.byte	0
 425 003e 49       		.uleb128 0x49
 426 003f 13       		.uleb128 0x13
 427 0040 2F       		.uleb128 0x2f
 428 0041 0B       		.uleb128 0xb
 429 0042 00       		.byte	0
 430 0043 00       		.byte	0
 431 0044 07       		.uleb128 0x7
 432 0045 34       		.uleb128 0x34
 433 0046 00       		.byte	0
 434 0047 03       		.uleb128 0x3
 435 0048 0E       		.uleb128 0xe
 436 0049 3A       		.uleb128 0x3a
 437 004a 0B       		.uleb128 0xb
 438 004b 3B       		.uleb128 0x3b
 439 004c 0B       		.uleb128 0xb
 440 004d 49       		.uleb128 0x49
 441 004e 13       		.uleb128 0x13
 442 004f 3F       		.uleb128 0x3f
 443 0050 19       		.uleb128 0x19
 444 0051 02       		.uleb128 0x2
 445 0052 18       		.uleb128 0x18
 446 0053 00       		.byte	0
 447 0054 00       		.byte	0
 448 0055 08       		.uleb128 0x8
 449 0056 26       		.uleb128 0x26
 450 0057 00       		.byte	0
 451 0058 49       		.uleb128 0x49
 452 0059 13       		.uleb128 0x13
ARM GAS  C:\Users\HENRYA~1\AppData\Local\Temp\ccyPB9ew.s 			page 9


 453 005a 00       		.byte	0
 454 005b 00       		.byte	0
 455 005c 00       		.byte	0
 456              		.section	.debug_aranges,"",%progbits
 457 0000 14000000 		.4byte	0x14
 458 0004 0200     		.2byte	0x2
 459 0006 00000000 		.4byte	.Ldebug_info0
 460 000a 04       		.byte	0x4
 461 000b 00       		.byte	0
 462 000c 0000     		.2byte	0
 463 000e 0000     		.2byte	0
 464 0010 00000000 		.4byte	0
 465 0014 00000000 		.4byte	0
 466              		.section	.debug_line,"",%progbits
 467              	.Ldebug_line0:
 468 0000 4D000000 		.section	.debug_str,"MS",%progbits,1
 468      02004700 
 468      00000201 
 468      FB0E0D00 
 468      01010101 
 469              	.LASF20:
 470 0000 433A5C55 		.ascii	"C:\\Users\\Henry Alberto\\Documents\\PSoC Creator\\"
 470      73657273 
 470      5C48656E 
 470      72792041 
 470      6C626572 
 471 002e 576F726B 		.ascii	"Workspace01\\USB_Serial.cydsn\000"
 471      73706163 
 471      6530315C 
 471      5553425F 
 471      53657269 
 472              	.LASF17:
 473 004b 63795F6D 		.ascii	"cy_metadata\000"
 473      65746164 
 473      61746100 
 474              	.LASF9:
 475 0057 666C6F61 		.ascii	"float\000"
 475      7400
 476              	.LASF1:
 477 005d 756E7369 		.ascii	"unsigned char\000"
 477      676E6564 
 477      20636861 
 477      7200
 478              	.LASF5:
 479 006b 6C6F6E67 		.ascii	"long unsigned int\000"
 479      20756E73 
 479      69676E65 
 479      6420696E 
 479      7400
 480              	.LASF3:
 481 007d 73686F72 		.ascii	"short unsigned int\000"
 481      7420756E 
 481      7369676E 
 481      65642069 
 481      6E7400
 482              	.LASF10:
 483 0090 646F7562 		.ascii	"double\000"
ARM GAS  C:\Users\HENRYA~1\AppData\Local\Temp\ccyPB9ew.s 			page 10


 483      6C6500
 484              	.LASF14:
 485 0097 63795F6D 		.ascii	"cy_meta_custnvl\000"
 485      6574615F 
 485      63757374 
 485      6E766C00 
 486              	.LASF13:
 487 00a7 63795F6D 		.ascii	"cy_meta_configecc\000"
 487      6574615F 
 487      636F6E66 
 487      69676563 
 487      6300
 488              	.LASF18:
 489 00b9 474E5520 		.ascii	"GNU C 4.9.3 20150303 (release) [ARM/embedded-4_9-br"
 489      4320342E 
 489      392E3320 
 489      32303135 
 489      30333033 
 490 00ec 616E6368 		.ascii	"anch revision 221220] -mcpu=cortex-m3 -mthumb -g -O"
 490      20726576 
 490      6973696F 
 490      6E203232 
 490      31323230 
 491 011f 67202D66 		.ascii	"g -ffunction-sections -ffat-lto-objects\000"
 491      66756E63 
 491      74696F6E 
 491      2D736563 
 491      74696F6E 
 492              	.LASF8:
 493 0147 756E7369 		.ascii	"unsigned int\000"
 493      676E6564 
 493      20696E74 
 493      00
 494              	.LASF7:
 495 0154 6C6F6E67 		.ascii	"long long unsigned int\000"
 495      206C6F6E 
 495      6720756E 
 495      7369676E 
 495      65642069 
 496              	.LASF16:
 497 016b 63795F6D 		.ascii	"cy_meta_flashprotect\000"
 497      6574615F 
 497      666C6173 
 497      6870726F 
 497      74656374 
 498              	.LASF15:
 499 0180 63795F6D 		.ascii	"cy_meta_wonvl\000"
 499      6574615F 
 499      776F6E76 
 499      6C00
 500              	.LASF12:
 501 018e 73697A65 		.ascii	"sizetype\000"
 501      74797065 
 501      00
 502              	.LASF6:
 503 0197 6C6F6E67 		.ascii	"long long int\000"
 503      206C6F6E 
ARM GAS  C:\Users\HENRYA~1\AppData\Local\Temp\ccyPB9ew.s 			page 11


 503      6720696E 
 503      7400
 504              	.LASF11:
 505 01a5 63686172 		.ascii	"char\000"
 505      00
 506              	.LASF2:
 507 01aa 73686F72 		.ascii	"short int\000"
 507      7420696E 
 507      7400
 508              	.LASF21:
 509 01b4 75696E74 		.ascii	"uint8\000"
 509      3800
 510              	.LASF4:
 511 01ba 6C6F6E67 		.ascii	"long int\000"
 511      20696E74 
 511      00
 512              	.LASF0:
 513 01c3 7369676E 		.ascii	"signed char\000"
 513      65642063 
 513      68617200 
 514              	.LASF19:
 515 01cf 47656E65 		.ascii	"Generated_Source\\PSoC5\\cymetadata.c\000"
 515      72617465 
 515      645F536F 
 515      75726365 
 515      5C50536F 
 516              		.ident	"GCC: (GNU Tools for ARM Embedded Processors) 4.9.3 20150303 (release) [ARM/embedded-4_9-br
