ARM GAS  C:\Users\HENRYA~1\AppData\Local\Temp\ccptQec1.s 			page 1


   1              		.syntax unified
   2              		.cpu cortex-m3
   3              		.fpu softvfp
   4              		.eabi_attribute 20, 1
   5              		.eabi_attribute 21, 1
   6              		.eabi_attribute 23, 3
   7              		.eabi_attribute 24, 1
   8              		.eabi_attribute 25, 1
   9              		.eabi_attribute 26, 1
  10              		.eabi_attribute 30, 1
  11              		.eabi_attribute 34, 1
  12              		.eabi_attribute 18, 4
  13              		.thumb
  14              		.file	"main.c"
  15              		.text
  16              	.Ltext0:
  17              		.cfi_sections	.debug_frame
  18              		.section	.text.main,"ax",%progbits
  19              		.align	2
  20              		.global	main
  21              		.thumb
  22              		.thumb_func
  23              		.type	main, %function
  24              	main:
  25              	.LFB63:
  26              		.file 1 "main.c"
   1:main.c        **** //Define Librerias
   2:main.c        **** #include "project.h"
   3:main.c        **** #include "stdio.h"
   4:main.c        **** #define BUFFER_LEN  64u //Tamaño del buffer
   5:main.c        **** 
   6:main.c        **** int main(void)
   7:main.c        **** {
  27              		.loc 1 7 0
  28              		.cfi_startproc
  29              		@ args = 0, pretend = 0, frame = 88
  30              		@ frame_needed = 0, uses_anonymous_args = 0
  31 0000 00B5     		push	{lr}
  32              		.cfi_def_cfa_offset 4
  33              		.cfi_offset 14, -4
  34 0002 97B0     		sub	sp, sp, #92
  35              		.cfi_def_cfa_offset 96
   8:main.c        ****     //Variables para Manejar el Buffer
   9:main.c        ****     uint16 Cuenta;
  10:main.c        ****     uint8 buffer[BUFFER_LEN];
  11:main.c        ****     char8 Texto[20];
  12:main.c        ****     //Habilita las Interrupciones
  13:main.c        ****     CyGlobalIntEnable;
  36              		.loc 1 13 0
  37              	@ 13 "main.c" 1
  38 0004 62B6     		CPSIE   i
  39              	@ 0 "" 2
  14:main.c        ****     //Estos Tres parametros Van en grupo
  15:main.c        ****     //Se encargar de que el computador detecte el USB-Serial
  16:main.c        ****     USB_Start(0u, USB_3V_OPERATION);	
  40              		.loc 1 16 0
  41              		.thumb
ARM GAS  C:\Users\HENRYA~1\AppData\Local\Temp\ccptQec1.s 			page 2


  42 0006 0020     		movs	r0, #0
  43 0008 0146     		mov	r1, r0
  44 000a FFF7FEFF 		bl	USB_Start
  45              	.LVL0:
  46              	.L2:
  17:main.c        ****     while(!USB_GetConfiguration());
  47              		.loc 1 17 0 discriminator 1
  48 000e FFF7FEFF 		bl	USB_GetConfiguration
  49              	.LVL1:
  50 0012 0028     		cmp	r0, #0
  51 0014 FBD0     		beq	.L2
  18:main.c        ****     USB_CDC_Init();
  52              		.loc 1 18 0
  53 0016 FFF7FEFF 		bl	USB_CDC_Init
  54              	.LVL2:
  19:main.c        ****     /* Iniciar LCD */
  20:main.c        ****     LCD_Start();
  55              		.loc 1 20 0
  56 001a FFF7FEFF 		bl	LCD_Start
  57              	.LVL3:
  21:main.c        ****     LCD_Position(0,0);
  58              		.loc 1 21 0
  59 001e 0020     		movs	r0, #0
  60 0020 0146     		mov	r1, r0
  61 0022 FFF7FEFF 		bl	LCD_Position
  62              	.LVL4:
  22:main.c        ****     LCD_PrintString("Ejemplo USB");
  63              		.loc 1 22 0
  64 0026 1148     		ldr	r0, .L6
  65 0028 FFF7FEFF 		bl	LCD_PrintString
  66              	.LVL5:
  67              	.L4:
  23:main.c        ****     for(;;)
  24:main.c        ****     {
  25:main.c        ****         /* Coloquen aqui su aplicación */
  26:main.c        ****         //Recibe Algo
  27:main.c        ****         if(USB_DataIsReady() != 0u){               //Detecta si llego un dato nuevo
  68              		.loc 1 27 0
  69 002c FFF7FEFF 		bl	USB_DataIsReady
  70              	.LVL6:
  71 0030 98B1     		cbz	r0, .L3
  28:main.c        ****             Cuenta = USB_GetAll(buffer);           /*Lee cuantos datos se recibieron en el buffer*/
  72              		.loc 1 28 0
  73 0032 06A8     		add	r0, sp, #24
  74 0034 FFF7FEFF 		bl	USB_GetAll
  75              	.LVL7:
  29:main.c        ****             sprintf(Texto,"%c Hecho",buffer[0]);   //Convierte la Información a String 
  76              		.loc 1 29 0
  77 0038 01A8     		add	r0, sp, #4
  78 003a 0D49     		ldr	r1, .L6+4
  79 003c 9DF81820 		ldrb	r2, [sp, #24]	@ zero_extendqisi2
  80 0040 FFF7FEFF 		bl	sprintf
  81              	.LVL8:
  30:main.c        ****             USB_PutString(Texto);                  //Envia el String Mediante Serial
  82              		.loc 1 30 0
  83 0044 01A8     		add	r0, sp, #4
  84 0046 FFF7FEFF 		bl	USB_PutString
ARM GAS  C:\Users\HENRYA~1\AppData\Local\Temp\ccptQec1.s 			page 3


  85              	.LVL9:
  31:main.c        ****             //Escribe en la LCD lo que se envia
  32:main.c        ****             LCD_Position(1,0);  
  86              		.loc 1 32 0
  87 004a 0120     		movs	r0, #1
  88 004c 0021     		movs	r1, #0
  89 004e FFF7FEFF 		bl	LCD_Position
  90              	.LVL10:
  33:main.c        ****             LCD_PutChar(buffer[0]);
  91              		.loc 1 33 0
  92 0052 9DF81800 		ldrb	r0, [sp, #24]	@ zero_extendqisi2
  93 0056 FFF7FEFF 		bl	LCD_PutChar
  94              	.LVL11:
  95              	.L3:
  34:main.c        ****         }                
  35:main.c        ****         //Envia Algo al Destino
  36:main.c        ****         USB_PutString("Prueba");
  96              		.loc 1 36 0
  97 005a 0648     		ldr	r0, .L6+8
  98 005c FFF7FEFF 		bl	USB_PutString
  99              	.LVL12:
  37:main.c        ****         CyDelay(1000);
 100              		.loc 1 37 0
 101 0060 4FF47A70 		mov	r0, #1000
 102 0064 FFF7FEFF 		bl	CyDelay
 103              	.LVL13:
  38:main.c        ****     }
 104              		.loc 1 38 0
 105 0068 E0E7     		b	.L4
 106              	.L7:
 107 006a 00BF     		.align	2
 108              	.L6:
 109 006c 00000000 		.word	.LC0
 110 0070 0C000000 		.word	.LC1
 111 0074 18000000 		.word	.LC2
 112              		.cfi_endproc
 113              	.LFE63:
 114              		.size	main, .-main
 115              		.section	.rodata.str1.4,"aMS",%progbits,1
 116              		.align	2
 117              	.LC0:
 118 0000 456A656D 		.ascii	"Ejemplo USB\000"
 118      706C6F20 
 118      55534200 
 119              	.LC1:
 120 000c 25632048 		.ascii	"%c Hecho\000"
 120      6563686F 
 120      00
 121 0015 000000   		.space	3
 122              	.LC2:
 123 0018 50727565 		.ascii	"Prueba\000"
 123      626100
 124 001f 00       		.text
 125              	.Letext0:
 126              		.file 2 "c:\\program files (x86)\\cypress\\psoc creator\\4.0\\psoc creator\\import\\gnu\\arm\\4.9.
 127              		.file 3 "c:\\program files (x86)\\cypress\\psoc creator\\4.0\\psoc creator\\import\\gnu\\arm\\4.9.
 128              		.file 4 "Generated_Source\\PSoC5/cytypes.h"
ARM GAS  C:\Users\HENRYA~1\AppData\Local\Temp\ccptQec1.s 			page 4


 129              		.file 5 "Generated_Source\\PSoC5/USB.h"
 130              		.file 6 "Generated_Source\\PSoC5/USB_cdc.h"
 131              		.file 7 "Generated_Source\\PSoC5/LCD.h"
 132              		.file 8 "c:\\program files (x86)\\cypress\\psoc creator\\4.0\\psoc creator\\import\\gnu\\arm\\4.9.
 133              		.file 9 "Generated_Source\\PSoC5/core_cm3.h"
 134              		.file 10 "Generated_Source\\PSoC5/CyLib.h"
 135              		.section	.debug_info,"",%progbits
 136              	.Ldebug_info0:
 137 0000 22030000 		.4byte	0x322
 138 0004 0400     		.2byte	0x4
 139 0006 00000000 		.4byte	.Ldebug_abbrev0
 140 000a 04       		.byte	0x4
 141 000b 01       		.uleb128 0x1
 142 000c 02010000 		.4byte	.LASF31
 143 0010 01       		.byte	0x1
 144 0011 F1010000 		.4byte	.LASF32
 145 0015 0A000000 		.4byte	.LASF33
 146 0019 00000000 		.4byte	.Ldebug_ranges0+0
 147 001d 00000000 		.4byte	0
 148 0021 00000000 		.4byte	.Ldebug_line0
 149 0025 02       		.uleb128 0x2
 150 0026 01       		.byte	0x1
 151 0027 06       		.byte	0x6
 152 0028 4D020000 		.4byte	.LASF0
 153 002c 02       		.uleb128 0x2
 154 002d 01       		.byte	0x1
 155 002e 08       		.byte	0x8
 156 002f 7D000000 		.4byte	.LASF1
 157 0033 02       		.uleb128 0x2
 158 0034 02       		.byte	0x2
 159 0035 05       		.byte	0x5
 160 0036 1D020000 		.4byte	.LASF2
 161 003a 02       		.uleb128 0x2
 162 003b 02       		.byte	0x2
 163 003c 07       		.byte	0x7
 164 003d B0000000 		.4byte	.LASF3
 165 0041 03       		.uleb128 0x3
 166 0042 00000000 		.4byte	.LASF9
 167 0046 02       		.byte	0x2
 168 0047 3F       		.byte	0x3f
 169 0048 4C000000 		.4byte	0x4c
 170 004c 02       		.uleb128 0x2
 171 004d 04       		.byte	0x4
 172 004e 05       		.byte	0x5
 173 004f 3F020000 		.4byte	.LASF4
 174 0053 02       		.uleb128 0x2
 175 0054 04       		.byte	0x4
 176 0055 07       		.byte	0x7
 177 0056 9E000000 		.4byte	.LASF5
 178 005a 02       		.uleb128 0x2
 179 005b 08       		.byte	0x8
 180 005c 05       		.byte	0x5
 181 005d E3010000 		.4byte	.LASF6
 182 0061 02       		.uleb128 0x2
 183 0062 08       		.byte	0x8
 184 0063 07       		.byte	0x7
 185 0064 9D010000 		.4byte	.LASF7
ARM GAS  C:\Users\HENRYA~1\AppData\Local\Temp\ccptQec1.s 			page 5


 186 0068 04       		.uleb128 0x4
 187 0069 04       		.byte	0x4
 188 006a 05       		.byte	0x5
 189 006b 696E7400 		.ascii	"int\000"
 190 006f 02       		.uleb128 0x2
 191 0070 04       		.byte	0x4
 192 0071 07       		.byte	0x7
 193 0072 90010000 		.4byte	.LASF8
 194 0076 03       		.uleb128 0x3
 195 0077 D2010000 		.4byte	.LASF10
 196 007b 03       		.byte	0x3
 197 007c 2C       		.byte	0x2c
 198 007d 41000000 		.4byte	0x41
 199 0081 05       		.uleb128 0x5
 200 0082 2E020000 		.4byte	.LASF11
 201 0086 04       		.byte	0x4
 202 0087 9201     		.2byte	0x192
 203 0089 2C000000 		.4byte	0x2c
 204 008d 05       		.uleb128 0x5
 205 008e F4000000 		.4byte	.LASF12
 206 0092 04       		.byte	0x4
 207 0093 9301     		.2byte	0x193
 208 0095 3A000000 		.4byte	0x3a
 209 0099 05       		.uleb128 0x5
 210 009a FB000000 		.4byte	.LASF13
 211 009e 04       		.byte	0x4
 212 009f 9401     		.2byte	0x194
 213 00a1 53000000 		.4byte	0x53
 214 00a5 02       		.uleb128 0x2
 215 00a6 04       		.byte	0x4
 216 00a7 04       		.byte	0x4
 217 00a8 6D000000 		.4byte	.LASF14
 218 00ac 02       		.uleb128 0x2
 219 00ad 08       		.byte	0x8
 220 00ae 04       		.byte	0x4
 221 00af D7000000 		.4byte	.LASF15
 222 00b3 05       		.uleb128 0x5
 223 00b4 8B000000 		.4byte	.LASF16
 224 00b8 04       		.byte	0x4
 225 00b9 A301     		.2byte	0x1a3
 226 00bb BF000000 		.4byte	0xbf
 227 00bf 02       		.uleb128 0x2
 228 00c0 01       		.byte	0x1
 229 00c1 08       		.byte	0x8
 230 00c2 48020000 		.4byte	.LASF17
 231 00c6 02       		.uleb128 0x2
 232 00c7 04       		.byte	0x4
 233 00c8 07       		.byte	0x7
 234 00c9 DA010000 		.4byte	.LASF18
 235 00cd 06       		.uleb128 0x6
 236 00ce 04       		.byte	0x4
 237 00cf BF000000 		.4byte	0xbf
 238 00d3 06       		.uleb128 0x6
 239 00d4 04       		.byte	0x4
 240 00d5 D9000000 		.4byte	0xd9
 241 00d9 07       		.uleb128 0x7
 242 00da BF000000 		.4byte	0xbf
ARM GAS  C:\Users\HENRYA~1\AppData\Local\Temp\ccptQec1.s 			page 6


 243 00de 08       		.uleb128 0x8
 244 00df CD010000 		.4byte	.LASF34
 245 00e3 01       		.byte	0x1
 246 00e4 06       		.byte	0x6
 247 00e5 68000000 		.4byte	0x68
 248 00e9 00000000 		.4byte	.LFB63
 249 00ed 78000000 		.4byte	.LFE63-.LFB63
 250 00f1 01       		.uleb128 0x1
 251 00f2 9C       		.byte	0x9c
 252 00f3 1D020000 		.4byte	0x21d
 253 00f7 09       		.uleb128 0x9
 254 00f8 D0000000 		.4byte	.LASF35
 255 00fc 01       		.byte	0x1
 256 00fd 09       		.byte	0x9
 257 00fe 8D000000 		.4byte	0x8d
 258 0102 0A       		.uleb128 0xa
 259 0103 27020000 		.4byte	.LASF19
 260 0107 01       		.byte	0x1
 261 0108 0A       		.byte	0xa
 262 0109 1D020000 		.4byte	0x21d
 263 010d 03       		.uleb128 0x3
 264 010e 91       		.byte	0x91
 265 010f B87F     		.sleb128 -72
 266 0111 0A       		.uleb128 0xa
 267 0112 DE000000 		.4byte	.LASF20
 268 0116 01       		.byte	0x1
 269 0117 0B       		.byte	0xb
 270 0118 2D020000 		.4byte	0x22d
 271 011c 03       		.uleb128 0x3
 272 011d 91       		.byte	0x91
 273 011e A47F     		.sleb128 -92
 274 0120 0B       		.uleb128 0xb
 275 0121 0E000000 		.4byte	.LVL0
 276 0125 4E020000 		.4byte	0x24e
 277 0129 38010000 		.4byte	0x138
 278 012d 0C       		.uleb128 0xc
 279 012e 01       		.uleb128 0x1
 280 012f 51       		.byte	0x51
 281 0130 01       		.uleb128 0x1
 282 0131 30       		.byte	0x30
 283 0132 0C       		.uleb128 0xc
 284 0133 01       		.uleb128 0x1
 285 0134 50       		.byte	0x50
 286 0135 01       		.uleb128 0x1
 287 0136 30       		.byte	0x30
 288 0137 00       		.byte	0
 289 0138 0D       		.uleb128 0xd
 290 0139 12000000 		.4byte	.LVL1
 291 013d 65020000 		.4byte	0x265
 292 0141 0D       		.uleb128 0xd
 293 0142 1A000000 		.4byte	.LVL2
 294 0146 71020000 		.4byte	0x271
 295 014a 0D       		.uleb128 0xd
 296 014b 1E000000 		.4byte	.LVL3
 297 014f 7C020000 		.4byte	0x27c
 298 0153 0B       		.uleb128 0xb
 299 0154 26000000 		.4byte	.LVL4
ARM GAS  C:\Users\HENRYA~1\AppData\Local\Temp\ccptQec1.s 			page 7


 300 0158 83020000 		.4byte	0x283
 301 015c 6B010000 		.4byte	0x16b
 302 0160 0C       		.uleb128 0xc
 303 0161 01       		.uleb128 0x1
 304 0162 51       		.byte	0x51
 305 0163 01       		.uleb128 0x1
 306 0164 30       		.byte	0x30
 307 0165 0C       		.uleb128 0xc
 308 0166 01       		.uleb128 0x1
 309 0167 50       		.byte	0x50
 310 0168 01       		.uleb128 0x1
 311 0169 30       		.byte	0x30
 312 016a 00       		.byte	0
 313 016b 0B       		.uleb128 0xb
 314 016c 2C000000 		.4byte	.LVL5
 315 0170 99020000 		.4byte	0x299
 316 0174 82010000 		.4byte	0x182
 317 0178 0C       		.uleb128 0xc
 318 0179 01       		.uleb128 0x1
 319 017a 50       		.byte	0x50
 320 017b 05       		.uleb128 0x5
 321 017c 03       		.byte	0x3
 322 017d 00000000 		.4byte	.LC0
 323 0181 00       		.byte	0
 324 0182 0D       		.uleb128 0xd
 325 0183 30000000 		.4byte	.LVL6
 326 0187 B5020000 		.4byte	0x2b5
 327 018b 0B       		.uleb128 0xb
 328 018c 38000000 		.4byte	.LVL7
 329 0190 C0020000 		.4byte	0x2c0
 330 0194 A0010000 		.4byte	0x1a0
 331 0198 0C       		.uleb128 0xc
 332 0199 01       		.uleb128 0x1
 333 019a 50       		.byte	0x50
 334 019b 03       		.uleb128 0x3
 335 019c 91       		.byte	0x91
 336 019d B87F     		.sleb128 -72
 337 019f 00       		.byte	0
 338 01a0 0B       		.uleb128 0xb
 339 01a1 44000000 		.4byte	.LVL8
 340 01a5 DB020000 		.4byte	0x2db
 341 01a9 BE010000 		.4byte	0x1be
 342 01ad 0C       		.uleb128 0xc
 343 01ae 01       		.uleb128 0x1
 344 01af 51       		.byte	0x51
 345 01b0 05       		.uleb128 0x5
 346 01b1 03       		.byte	0x3
 347 01b2 0C000000 		.4byte	.LC1
 348 01b6 0C       		.uleb128 0xc
 349 01b7 01       		.uleb128 0x1
 350 01b8 50       		.byte	0x50
 351 01b9 03       		.uleb128 0x3
 352 01ba 91       		.byte	0x91
 353 01bb A47F     		.sleb128 -92
 354 01bd 00       		.byte	0
 355 01be 0B       		.uleb128 0xb
 356 01bf 4A000000 		.4byte	.LVL9
ARM GAS  C:\Users\HENRYA~1\AppData\Local\Temp\ccptQec1.s 			page 8


 357 01c3 F6020000 		.4byte	0x2f6
 358 01c7 D3010000 		.4byte	0x1d3
 359 01cb 0C       		.uleb128 0xc
 360 01cc 01       		.uleb128 0x1
 361 01cd 50       		.byte	0x50
 362 01ce 03       		.uleb128 0x3
 363 01cf 91       		.byte	0x91
 364 01d0 A47F     		.sleb128 -92
 365 01d2 00       		.byte	0
 366 01d3 0B       		.uleb128 0xb
 367 01d4 52000000 		.4byte	.LVL10
 368 01d8 83020000 		.4byte	0x283
 369 01dc EB010000 		.4byte	0x1eb
 370 01e0 0C       		.uleb128 0xc
 371 01e1 01       		.uleb128 0x1
 372 01e2 51       		.byte	0x51
 373 01e3 01       		.uleb128 0x1
 374 01e4 30       		.byte	0x30
 375 01e5 0C       		.uleb128 0xc
 376 01e6 01       		.uleb128 0x1
 377 01e7 50       		.byte	0x50
 378 01e8 01       		.uleb128 0x1
 379 01e9 31       		.byte	0x31
 380 01ea 00       		.byte	0
 381 01eb 0D       		.uleb128 0xd
 382 01ec 5A000000 		.4byte	.LVL11
 383 01f0 07030000 		.4byte	0x307
 384 01f4 0B       		.uleb128 0xb
 385 01f5 60000000 		.4byte	.LVL12
 386 01f9 F6020000 		.4byte	0x2f6
 387 01fd 0B020000 		.4byte	0x20b
 388 0201 0C       		.uleb128 0xc
 389 0202 01       		.uleb128 0x1
 390 0203 50       		.byte	0x50
 391 0204 05       		.uleb128 0x5
 392 0205 03       		.byte	0x3
 393 0206 18000000 		.4byte	.LC2
 394 020a 00       		.byte	0
 395 020b 0E       		.uleb128 0xe
 396 020c 68000000 		.4byte	.LVL13
 397 0210 18030000 		.4byte	0x318
 398 0214 0C       		.uleb128 0xc
 399 0215 01       		.uleb128 0x1
 400 0216 50       		.byte	0x50
 401 0217 03       		.uleb128 0x3
 402 0218 0A       		.byte	0xa
 403 0219 E803     		.2byte	0x3e8
 404 021b 00       		.byte	0
 405 021c 00       		.byte	0
 406 021d 0F       		.uleb128 0xf
 407 021e 81000000 		.4byte	0x81
 408 0222 2D020000 		.4byte	0x22d
 409 0226 10       		.uleb128 0x10
 410 0227 C6000000 		.4byte	0xc6
 411 022b 3F       		.byte	0x3f
 412 022c 00       		.byte	0
 413 022d 0F       		.uleb128 0xf
ARM GAS  C:\Users\HENRYA~1\AppData\Local\Temp\ccptQec1.s 			page 9


 414 022e B3000000 		.4byte	0xb3
 415 0232 3D020000 		.4byte	0x23d
 416 0236 10       		.uleb128 0x10
 417 0237 C6000000 		.4byte	0xc6
 418 023b 13       		.byte	0x13
 419 023c 00       		.byte	0
 420 023d 11       		.uleb128 0x11
 421 023e C3000000 		.4byte	.LASF36
 422 0242 09       		.byte	0x9
 423 0243 9606     		.2byte	0x696
 424 0245 49020000 		.4byte	0x249
 425 0249 12       		.uleb128 0x12
 426 024a 76000000 		.4byte	0x76
 427 024e 13       		.uleb128 0x13
 428 024f 63000000 		.4byte	.LASF23
 429 0253 05       		.byte	0x5
 430 0254 2A01     		.2byte	0x12a
 431 0256 65020000 		.4byte	0x265
 432 025a 14       		.uleb128 0x14
 433 025b 81000000 		.4byte	0x81
 434 025f 14       		.uleb128 0x14
 435 0260 81000000 		.4byte	0x81
 436 0264 00       		.byte	0
 437 0265 15       		.uleb128 0x15
 438 0266 F8010000 		.4byte	.LASF21
 439 026a 05       		.byte	0x5
 440 026b 2D01     		.2byte	0x12d
 441 026d 81000000 		.4byte	0x81
 442 0271 16       		.uleb128 0x16
 443 0272 91000000 		.4byte	.LASF22
 444 0276 06       		.byte	0x6
 445 0277 22       		.byte	0x22
 446 0278 81000000 		.4byte	0x81
 447 027c 17       		.uleb128 0x17
 448 027d 73000000 		.4byte	.LASF37
 449 0281 07       		.byte	0x7
 450 0282 38       		.byte	0x38
 451 0283 18       		.uleb128 0x18
 452 0284 B4010000 		.4byte	.LASF24
 453 0288 07       		.byte	0x7
 454 0289 3D       		.byte	0x3d
 455 028a 99020000 		.4byte	0x299
 456 028e 14       		.uleb128 0x14
 457 028f 81000000 		.4byte	0x81
 458 0293 14       		.uleb128 0x14
 459 0294 81000000 		.4byte	0x81
 460 0298 00       		.byte	0
 461 0299 18       		.uleb128 0x18
 462 029a E4000000 		.4byte	.LASF25
 463 029e 07       		.byte	0x7
 464 029f 3C       		.byte	0x3c
 465 02a0 AA020000 		.4byte	0x2aa
 466 02a4 14       		.uleb128 0x14
 467 02a5 AA020000 		.4byte	0x2aa
 468 02a9 00       		.byte	0
 469 02aa 06       		.uleb128 0x6
 470 02ab 04       		.byte	0x4
ARM GAS  C:\Users\HENRYA~1\AppData\Local\Temp\ccptQec1.s 			page 10


 471 02ac B0020000 		.4byte	0x2b0
 472 02b0 07       		.uleb128 0x7
 473 02b1 B3000000 		.4byte	0xb3
 474 02b5 16       		.uleb128 0x16
 475 02b6 0D020000 		.4byte	.LASF26
 476 02ba 06       		.byte	0x6
 477 02bb 29       		.byte	0x29
 478 02bc 81000000 		.4byte	0x81
 479 02c0 19       		.uleb128 0x19
 480 02c1 34020000 		.4byte	.LASF27
 481 02c5 06       		.byte	0x6
 482 02c6 2B       		.byte	0x2b
 483 02c7 8D000000 		.4byte	0x8d
 484 02cb D5020000 		.4byte	0x2d5
 485 02cf 14       		.uleb128 0x14
 486 02d0 D5020000 		.4byte	0x2d5
 487 02d4 00       		.byte	0
 488 02d5 06       		.uleb128 0x6
 489 02d6 04       		.byte	0x4
 490 02d7 81000000 		.4byte	0x81
 491 02db 19       		.uleb128 0x19
 492 02dc 59020000 		.4byte	.LASF28
 493 02e0 08       		.byte	0x8
 494 02e1 DE       		.byte	0xde
 495 02e2 68000000 		.4byte	0x68
 496 02e6 F6020000 		.4byte	0x2f6
 497 02ea 14       		.uleb128 0x14
 498 02eb CD000000 		.4byte	0xcd
 499 02ef 14       		.uleb128 0x14
 500 02f0 D3000000 		.4byte	0xd3
 501 02f4 1A       		.uleb128 0x1a
 502 02f5 00       		.byte	0
 503 02f6 18       		.uleb128 0x18
 504 02f7 55000000 		.4byte	.LASF29
 505 02fb 06       		.byte	0x6
 506 02fc 24       		.byte	0x24
 507 02fd 07030000 		.4byte	0x307
 508 0301 14       		.uleb128 0x14
 509 0302 AA020000 		.4byte	0x2aa
 510 0306 00       		.byte	0
 511 0307 18       		.uleb128 0x18
 512 0308 C1010000 		.4byte	.LASF30
 513 030c 07       		.byte	0x7
 514 030d 3E       		.byte	0x3e
 515 030e 18030000 		.4byte	0x318
 516 0312 14       		.uleb128 0x14
 517 0313 B3000000 		.4byte	0xb3
 518 0317 00       		.byte	0
 519 0318 1B       		.uleb128 0x1b
 520 0319 61020000 		.4byte	.LASF38
 521 031d 0A       		.byte	0xa
 522 031e 76       		.byte	0x76
 523 031f 14       		.uleb128 0x14
 524 0320 99000000 		.4byte	0x99
 525 0324 00       		.byte	0
 526 0325 00       		.byte	0
 527              		.section	.debug_abbrev,"",%progbits
ARM GAS  C:\Users\HENRYA~1\AppData\Local\Temp\ccptQec1.s 			page 11


 528              	.Ldebug_abbrev0:
 529 0000 01       		.uleb128 0x1
 530 0001 11       		.uleb128 0x11
 531 0002 01       		.byte	0x1
 532 0003 25       		.uleb128 0x25
 533 0004 0E       		.uleb128 0xe
 534 0005 13       		.uleb128 0x13
 535 0006 0B       		.uleb128 0xb
 536 0007 03       		.uleb128 0x3
 537 0008 0E       		.uleb128 0xe
 538 0009 1B       		.uleb128 0x1b
 539 000a 0E       		.uleb128 0xe
 540 000b 55       		.uleb128 0x55
 541 000c 17       		.uleb128 0x17
 542 000d 11       		.uleb128 0x11
 543 000e 01       		.uleb128 0x1
 544 000f 10       		.uleb128 0x10
 545 0010 17       		.uleb128 0x17
 546 0011 00       		.byte	0
 547 0012 00       		.byte	0
 548 0013 02       		.uleb128 0x2
 549 0014 24       		.uleb128 0x24
 550 0015 00       		.byte	0
 551 0016 0B       		.uleb128 0xb
 552 0017 0B       		.uleb128 0xb
 553 0018 3E       		.uleb128 0x3e
 554 0019 0B       		.uleb128 0xb
 555 001a 03       		.uleb128 0x3
 556 001b 0E       		.uleb128 0xe
 557 001c 00       		.byte	0
 558 001d 00       		.byte	0
 559 001e 03       		.uleb128 0x3
 560 001f 16       		.uleb128 0x16
 561 0020 00       		.byte	0
 562 0021 03       		.uleb128 0x3
 563 0022 0E       		.uleb128 0xe
 564 0023 3A       		.uleb128 0x3a
 565 0024 0B       		.uleb128 0xb
 566 0025 3B       		.uleb128 0x3b
 567 0026 0B       		.uleb128 0xb
 568 0027 49       		.uleb128 0x49
 569 0028 13       		.uleb128 0x13
 570 0029 00       		.byte	0
 571 002a 00       		.byte	0
 572 002b 04       		.uleb128 0x4
 573 002c 24       		.uleb128 0x24
 574 002d 00       		.byte	0
 575 002e 0B       		.uleb128 0xb
 576 002f 0B       		.uleb128 0xb
 577 0030 3E       		.uleb128 0x3e
 578 0031 0B       		.uleb128 0xb
 579 0032 03       		.uleb128 0x3
 580 0033 08       		.uleb128 0x8
 581 0034 00       		.byte	0
 582 0035 00       		.byte	0
 583 0036 05       		.uleb128 0x5
 584 0037 16       		.uleb128 0x16
ARM GAS  C:\Users\HENRYA~1\AppData\Local\Temp\ccptQec1.s 			page 12


 585 0038 00       		.byte	0
 586 0039 03       		.uleb128 0x3
 587 003a 0E       		.uleb128 0xe
 588 003b 3A       		.uleb128 0x3a
 589 003c 0B       		.uleb128 0xb
 590 003d 3B       		.uleb128 0x3b
 591 003e 05       		.uleb128 0x5
 592 003f 49       		.uleb128 0x49
 593 0040 13       		.uleb128 0x13
 594 0041 00       		.byte	0
 595 0042 00       		.byte	0
 596 0043 06       		.uleb128 0x6
 597 0044 0F       		.uleb128 0xf
 598 0045 00       		.byte	0
 599 0046 0B       		.uleb128 0xb
 600 0047 0B       		.uleb128 0xb
 601 0048 49       		.uleb128 0x49
 602 0049 13       		.uleb128 0x13
 603 004a 00       		.byte	0
 604 004b 00       		.byte	0
 605 004c 07       		.uleb128 0x7
 606 004d 26       		.uleb128 0x26
 607 004e 00       		.byte	0
 608 004f 49       		.uleb128 0x49
 609 0050 13       		.uleb128 0x13
 610 0051 00       		.byte	0
 611 0052 00       		.byte	0
 612 0053 08       		.uleb128 0x8
 613 0054 2E       		.uleb128 0x2e
 614 0055 01       		.byte	0x1
 615 0056 3F       		.uleb128 0x3f
 616 0057 19       		.uleb128 0x19
 617 0058 03       		.uleb128 0x3
 618 0059 0E       		.uleb128 0xe
 619 005a 3A       		.uleb128 0x3a
 620 005b 0B       		.uleb128 0xb
 621 005c 3B       		.uleb128 0x3b
 622 005d 0B       		.uleb128 0xb
 623 005e 27       		.uleb128 0x27
 624 005f 19       		.uleb128 0x19
 625 0060 49       		.uleb128 0x49
 626 0061 13       		.uleb128 0x13
 627 0062 11       		.uleb128 0x11
 628 0063 01       		.uleb128 0x1
 629 0064 12       		.uleb128 0x12
 630 0065 06       		.uleb128 0x6
 631 0066 40       		.uleb128 0x40
 632 0067 18       		.uleb128 0x18
 633 0068 9742     		.uleb128 0x2117
 634 006a 19       		.uleb128 0x19
 635 006b 01       		.uleb128 0x1
 636 006c 13       		.uleb128 0x13
 637 006d 00       		.byte	0
 638 006e 00       		.byte	0
 639 006f 09       		.uleb128 0x9
 640 0070 34       		.uleb128 0x34
 641 0071 00       		.byte	0
ARM GAS  C:\Users\HENRYA~1\AppData\Local\Temp\ccptQec1.s 			page 13


 642 0072 03       		.uleb128 0x3
 643 0073 0E       		.uleb128 0xe
 644 0074 3A       		.uleb128 0x3a
 645 0075 0B       		.uleb128 0xb
 646 0076 3B       		.uleb128 0x3b
 647 0077 0B       		.uleb128 0xb
 648 0078 49       		.uleb128 0x49
 649 0079 13       		.uleb128 0x13
 650 007a 00       		.byte	0
 651 007b 00       		.byte	0
 652 007c 0A       		.uleb128 0xa
 653 007d 34       		.uleb128 0x34
 654 007e 00       		.byte	0
 655 007f 03       		.uleb128 0x3
 656 0080 0E       		.uleb128 0xe
 657 0081 3A       		.uleb128 0x3a
 658 0082 0B       		.uleb128 0xb
 659 0083 3B       		.uleb128 0x3b
 660 0084 0B       		.uleb128 0xb
 661 0085 49       		.uleb128 0x49
 662 0086 13       		.uleb128 0x13
 663 0087 02       		.uleb128 0x2
 664 0088 18       		.uleb128 0x18
 665 0089 00       		.byte	0
 666 008a 00       		.byte	0
 667 008b 0B       		.uleb128 0xb
 668 008c 898201   		.uleb128 0x4109
 669 008f 01       		.byte	0x1
 670 0090 11       		.uleb128 0x11
 671 0091 01       		.uleb128 0x1
 672 0092 31       		.uleb128 0x31
 673 0093 13       		.uleb128 0x13
 674 0094 01       		.uleb128 0x1
 675 0095 13       		.uleb128 0x13
 676 0096 00       		.byte	0
 677 0097 00       		.byte	0
 678 0098 0C       		.uleb128 0xc
 679 0099 8A8201   		.uleb128 0x410a
 680 009c 00       		.byte	0
 681 009d 02       		.uleb128 0x2
 682 009e 18       		.uleb128 0x18
 683 009f 9142     		.uleb128 0x2111
 684 00a1 18       		.uleb128 0x18
 685 00a2 00       		.byte	0
 686 00a3 00       		.byte	0
 687 00a4 0D       		.uleb128 0xd
 688 00a5 898201   		.uleb128 0x4109
 689 00a8 00       		.byte	0
 690 00a9 11       		.uleb128 0x11
 691 00aa 01       		.uleb128 0x1
 692 00ab 31       		.uleb128 0x31
 693 00ac 13       		.uleb128 0x13
 694 00ad 00       		.byte	0
 695 00ae 00       		.byte	0
 696 00af 0E       		.uleb128 0xe
 697 00b0 898201   		.uleb128 0x4109
 698 00b3 01       		.byte	0x1
ARM GAS  C:\Users\HENRYA~1\AppData\Local\Temp\ccptQec1.s 			page 14


 699 00b4 11       		.uleb128 0x11
 700 00b5 01       		.uleb128 0x1
 701 00b6 31       		.uleb128 0x31
 702 00b7 13       		.uleb128 0x13
 703 00b8 00       		.byte	0
 704 00b9 00       		.byte	0
 705 00ba 0F       		.uleb128 0xf
 706 00bb 01       		.uleb128 0x1
 707 00bc 01       		.byte	0x1
 708 00bd 49       		.uleb128 0x49
 709 00be 13       		.uleb128 0x13
 710 00bf 01       		.uleb128 0x1
 711 00c0 13       		.uleb128 0x13
 712 00c1 00       		.byte	0
 713 00c2 00       		.byte	0
 714 00c3 10       		.uleb128 0x10
 715 00c4 21       		.uleb128 0x21
 716 00c5 00       		.byte	0
 717 00c6 49       		.uleb128 0x49
 718 00c7 13       		.uleb128 0x13
 719 00c8 2F       		.uleb128 0x2f
 720 00c9 0B       		.uleb128 0xb
 721 00ca 00       		.byte	0
 722 00cb 00       		.byte	0
 723 00cc 11       		.uleb128 0x11
 724 00cd 34       		.uleb128 0x34
 725 00ce 00       		.byte	0
 726 00cf 03       		.uleb128 0x3
 727 00d0 0E       		.uleb128 0xe
 728 00d1 3A       		.uleb128 0x3a
 729 00d2 0B       		.uleb128 0xb
 730 00d3 3B       		.uleb128 0x3b
 731 00d4 05       		.uleb128 0x5
 732 00d5 49       		.uleb128 0x49
 733 00d6 13       		.uleb128 0x13
 734 00d7 3F       		.uleb128 0x3f
 735 00d8 19       		.uleb128 0x19
 736 00d9 3C       		.uleb128 0x3c
 737 00da 19       		.uleb128 0x19
 738 00db 00       		.byte	0
 739 00dc 00       		.byte	0
 740 00dd 12       		.uleb128 0x12
 741 00de 35       		.uleb128 0x35
 742 00df 00       		.byte	0
 743 00e0 49       		.uleb128 0x49
 744 00e1 13       		.uleb128 0x13
 745 00e2 00       		.byte	0
 746 00e3 00       		.byte	0
 747 00e4 13       		.uleb128 0x13
 748 00e5 2E       		.uleb128 0x2e
 749 00e6 01       		.byte	0x1
 750 00e7 3F       		.uleb128 0x3f
 751 00e8 19       		.uleb128 0x19
 752 00e9 03       		.uleb128 0x3
 753 00ea 0E       		.uleb128 0xe
 754 00eb 3A       		.uleb128 0x3a
 755 00ec 0B       		.uleb128 0xb
ARM GAS  C:\Users\HENRYA~1\AppData\Local\Temp\ccptQec1.s 			page 15


 756 00ed 3B       		.uleb128 0x3b
 757 00ee 05       		.uleb128 0x5
 758 00ef 27       		.uleb128 0x27
 759 00f0 19       		.uleb128 0x19
 760 00f1 3C       		.uleb128 0x3c
 761 00f2 19       		.uleb128 0x19
 762 00f3 01       		.uleb128 0x1
 763 00f4 13       		.uleb128 0x13
 764 00f5 00       		.byte	0
 765 00f6 00       		.byte	0
 766 00f7 14       		.uleb128 0x14
 767 00f8 05       		.uleb128 0x5
 768 00f9 00       		.byte	0
 769 00fa 49       		.uleb128 0x49
 770 00fb 13       		.uleb128 0x13
 771 00fc 00       		.byte	0
 772 00fd 00       		.byte	0
 773 00fe 15       		.uleb128 0x15
 774 00ff 2E       		.uleb128 0x2e
 775 0100 00       		.byte	0
 776 0101 3F       		.uleb128 0x3f
 777 0102 19       		.uleb128 0x19
 778 0103 03       		.uleb128 0x3
 779 0104 0E       		.uleb128 0xe
 780 0105 3A       		.uleb128 0x3a
 781 0106 0B       		.uleb128 0xb
 782 0107 3B       		.uleb128 0x3b
 783 0108 05       		.uleb128 0x5
 784 0109 27       		.uleb128 0x27
 785 010a 19       		.uleb128 0x19
 786 010b 49       		.uleb128 0x49
 787 010c 13       		.uleb128 0x13
 788 010d 3C       		.uleb128 0x3c
 789 010e 19       		.uleb128 0x19
 790 010f 00       		.byte	0
 791 0110 00       		.byte	0
 792 0111 16       		.uleb128 0x16
 793 0112 2E       		.uleb128 0x2e
 794 0113 00       		.byte	0
 795 0114 3F       		.uleb128 0x3f
 796 0115 19       		.uleb128 0x19
 797 0116 03       		.uleb128 0x3
 798 0117 0E       		.uleb128 0xe
 799 0118 3A       		.uleb128 0x3a
 800 0119 0B       		.uleb128 0xb
 801 011a 3B       		.uleb128 0x3b
 802 011b 0B       		.uleb128 0xb
 803 011c 27       		.uleb128 0x27
 804 011d 19       		.uleb128 0x19
 805 011e 49       		.uleb128 0x49
 806 011f 13       		.uleb128 0x13
 807 0120 3C       		.uleb128 0x3c
 808 0121 19       		.uleb128 0x19
 809 0122 00       		.byte	0
 810 0123 00       		.byte	0
 811 0124 17       		.uleb128 0x17
 812 0125 2E       		.uleb128 0x2e
ARM GAS  C:\Users\HENRYA~1\AppData\Local\Temp\ccptQec1.s 			page 16


 813 0126 00       		.byte	0
 814 0127 3F       		.uleb128 0x3f
 815 0128 19       		.uleb128 0x19
 816 0129 03       		.uleb128 0x3
 817 012a 0E       		.uleb128 0xe
 818 012b 3A       		.uleb128 0x3a
 819 012c 0B       		.uleb128 0xb
 820 012d 3B       		.uleb128 0x3b
 821 012e 0B       		.uleb128 0xb
 822 012f 27       		.uleb128 0x27
 823 0130 19       		.uleb128 0x19
 824 0131 3C       		.uleb128 0x3c
 825 0132 19       		.uleb128 0x19
 826 0133 00       		.byte	0
 827 0134 00       		.byte	0
 828 0135 18       		.uleb128 0x18
 829 0136 2E       		.uleb128 0x2e
 830 0137 01       		.byte	0x1
 831 0138 3F       		.uleb128 0x3f
 832 0139 19       		.uleb128 0x19
 833 013a 03       		.uleb128 0x3
 834 013b 0E       		.uleb128 0xe
 835 013c 3A       		.uleb128 0x3a
 836 013d 0B       		.uleb128 0xb
 837 013e 3B       		.uleb128 0x3b
 838 013f 0B       		.uleb128 0xb
 839 0140 27       		.uleb128 0x27
 840 0141 19       		.uleb128 0x19
 841 0142 3C       		.uleb128 0x3c
 842 0143 19       		.uleb128 0x19
 843 0144 01       		.uleb128 0x1
 844 0145 13       		.uleb128 0x13
 845 0146 00       		.byte	0
 846 0147 00       		.byte	0
 847 0148 19       		.uleb128 0x19
 848 0149 2E       		.uleb128 0x2e
 849 014a 01       		.byte	0x1
 850 014b 3F       		.uleb128 0x3f
 851 014c 19       		.uleb128 0x19
 852 014d 03       		.uleb128 0x3
 853 014e 0E       		.uleb128 0xe
 854 014f 3A       		.uleb128 0x3a
 855 0150 0B       		.uleb128 0xb
 856 0151 3B       		.uleb128 0x3b
 857 0152 0B       		.uleb128 0xb
 858 0153 27       		.uleb128 0x27
 859 0154 19       		.uleb128 0x19
 860 0155 49       		.uleb128 0x49
 861 0156 13       		.uleb128 0x13
 862 0157 3C       		.uleb128 0x3c
 863 0158 19       		.uleb128 0x19
 864 0159 01       		.uleb128 0x1
 865 015a 13       		.uleb128 0x13
 866 015b 00       		.byte	0
 867 015c 00       		.byte	0
 868 015d 1A       		.uleb128 0x1a
 869 015e 18       		.uleb128 0x18
ARM GAS  C:\Users\HENRYA~1\AppData\Local\Temp\ccptQec1.s 			page 17


 870 015f 00       		.byte	0
 871 0160 00       		.byte	0
 872 0161 00       		.byte	0
 873 0162 1B       		.uleb128 0x1b
 874 0163 2E       		.uleb128 0x2e
 875 0164 01       		.byte	0x1
 876 0165 3F       		.uleb128 0x3f
 877 0166 19       		.uleb128 0x19
 878 0167 03       		.uleb128 0x3
 879 0168 0E       		.uleb128 0xe
 880 0169 3A       		.uleb128 0x3a
 881 016a 0B       		.uleb128 0xb
 882 016b 3B       		.uleb128 0x3b
 883 016c 0B       		.uleb128 0xb
 884 016d 27       		.uleb128 0x27
 885 016e 19       		.uleb128 0x19
 886 016f 3C       		.uleb128 0x3c
 887 0170 19       		.uleb128 0x19
 888 0171 00       		.byte	0
 889 0172 00       		.byte	0
 890 0173 00       		.byte	0
 891              		.section	.debug_aranges,"",%progbits
 892 0000 1C000000 		.4byte	0x1c
 893 0004 0200     		.2byte	0x2
 894 0006 00000000 		.4byte	.Ldebug_info0
 895 000a 04       		.byte	0x4
 896 000b 00       		.byte	0
 897 000c 0000     		.2byte	0
 898 000e 0000     		.2byte	0
 899 0010 00000000 		.4byte	.LFB63
 900 0014 78000000 		.4byte	.LFE63-.LFB63
 901 0018 00000000 		.4byte	0
 902 001c 00000000 		.4byte	0
 903              		.section	.debug_ranges,"",%progbits
 904              	.Ldebug_ranges0:
 905 0000 00000000 		.4byte	.LFB63
 906 0004 78000000 		.4byte	.LFE63
 907 0008 00000000 		.4byte	0
 908 000c 00000000 		.4byte	0
 909              		.section	.debug_line,"",%progbits
 910              	.Ldebug_line0:
 911 0000 A3010000 		.section	.debug_str,"MS",%progbits,1
 911      02007C01 
 911      00000201 
 911      FB0E0D00 
 911      01010101 
 912              	.LASF9:
 913 0000 5F5F696E 		.ascii	"__int32_t\000"
 913      7433325F 
 913      7400
 914              	.LASF33:
 915 000a 433A5C55 		.ascii	"C:\\Users\\Henry Alberto\\Documents\\PSoC Creator\\"
 915      73657273 
 915      5C48656E 
 915      72792041 
 915      6C626572 
 916 0038 576F726B 		.ascii	"Workspace01\\USB_Serial.cydsn\000"
ARM GAS  C:\Users\HENRYA~1\AppData\Local\Temp\ccptQec1.s 			page 18


 916      73706163 
 916      6530315C 
 916      5553425F 
 916      53657269 
 917              	.LASF29:
 918 0055 5553425F 		.ascii	"USB_PutString\000"
 918      50757453 
 918      7472696E 
 918      6700
 919              	.LASF23:
 920 0063 5553425F 		.ascii	"USB_Start\000"
 920      53746172 
 920      7400
 921              	.LASF14:
 922 006d 666C6F61 		.ascii	"float\000"
 922      7400
 923              	.LASF37:
 924 0073 4C43445F 		.ascii	"LCD_Start\000"
 924      53746172 
 924      7400
 925              	.LASF1:
 926 007d 756E7369 		.ascii	"unsigned char\000"
 926      676E6564 
 926      20636861 
 926      7200
 927              	.LASF16:
 928 008b 63686172 		.ascii	"char8\000"
 928      3800
 929              	.LASF22:
 930 0091 5553425F 		.ascii	"USB_CDC_Init\000"
 930      4344435F 
 930      496E6974 
 930      00
 931              	.LASF5:
 932 009e 6C6F6E67 		.ascii	"long unsigned int\000"
 932      20756E73 
 932      69676E65 
 932      6420696E 
 932      7400
 933              	.LASF3:
 934 00b0 73686F72 		.ascii	"short unsigned int\000"
 934      7420756E 
 934      7369676E 
 934      65642069 
 934      6E7400
 935              	.LASF36:
 936 00c3 49544D5F 		.ascii	"ITM_RxBuffer\000"
 936      52784275 
 936      66666572 
 936      00
 937              	.LASF35:
 938 00d0 4375656E 		.ascii	"Cuenta\000"
 938      746100
 939              	.LASF15:
 940 00d7 646F7562 		.ascii	"double\000"
 940      6C6500
 941              	.LASF20:
ARM GAS  C:\Users\HENRYA~1\AppData\Local\Temp\ccptQec1.s 			page 19


 942 00de 54657874 		.ascii	"Texto\000"
 942      6F00
 943              	.LASF25:
 944 00e4 4C43445F 		.ascii	"LCD_PrintString\000"
 944      5072696E 
 944      74537472 
 944      696E6700 
 945              	.LASF12:
 946 00f4 75696E74 		.ascii	"uint16\000"
 946      313600
 947              	.LASF13:
 948 00fb 75696E74 		.ascii	"uint32\000"
 948      333200
 949              	.LASF31:
 950 0102 474E5520 		.ascii	"GNU C 4.9.3 20150303 (release) [ARM/embedded-4_9-br"
 950      4320342E 
 950      392E3320 
 950      32303135 
 950      30333033 
 951 0135 616E6368 		.ascii	"anch revision 221220] -mcpu=cortex-m3 -mthumb -g -O"
 951      20726576 
 951      6973696F 
 951      6E203232 
 951      31323230 
 952 0168 67202D66 		.ascii	"g -ffunction-sections -ffat-lto-objects\000"
 952      66756E63 
 952      74696F6E 
 952      2D736563 
 952      74696F6E 
 953              	.LASF8:
 954 0190 756E7369 		.ascii	"unsigned int\000"
 954      676E6564 
 954      20696E74 
 954      00
 955              	.LASF7:
 956 019d 6C6F6E67 		.ascii	"long long unsigned int\000"
 956      206C6F6E 
 956      6720756E 
 956      7369676E 
 956      65642069 
 957              	.LASF24:
 958 01b4 4C43445F 		.ascii	"LCD_Position\000"
 958      506F7369 
 958      74696F6E 
 958      00
 959              	.LASF30:
 960 01c1 4C43445F 		.ascii	"LCD_PutChar\000"
 960      50757443 
 960      68617200 
 961              	.LASF34:
 962 01cd 6D61696E 		.ascii	"main\000"
 962      00
 963              	.LASF10:
 964 01d2 696E7433 		.ascii	"int32_t\000"
 964      325F7400 
 965              	.LASF18:
 966 01da 73697A65 		.ascii	"sizetype\000"
ARM GAS  C:\Users\HENRYA~1\AppData\Local\Temp\ccptQec1.s 			page 20


 966      74797065 
 966      00
 967              	.LASF6:
 968 01e3 6C6F6E67 		.ascii	"long long int\000"
 968      206C6F6E 
 968      6720696E 
 968      7400
 969              	.LASF32:
 970 01f1 6D61696E 		.ascii	"main.c\000"
 970      2E6300
 971              	.LASF21:
 972 01f8 5553425F 		.ascii	"USB_GetConfiguration\000"
 972      47657443 
 972      6F6E6669 
 972      67757261 
 972      74696F6E 
 973              	.LASF26:
 974 020d 5553425F 		.ascii	"USB_DataIsReady\000"
 974      44617461 
 974      49735265 
 974      61647900 
 975              	.LASF2:
 976 021d 73686F72 		.ascii	"short int\000"
 976      7420696E 
 976      7400
 977              	.LASF19:
 978 0227 62756666 		.ascii	"buffer\000"
 978      657200
 979              	.LASF11:
 980 022e 75696E74 		.ascii	"uint8\000"
 980      3800
 981              	.LASF27:
 982 0234 5553425F 		.ascii	"USB_GetAll\000"
 982      47657441 
 982      6C6C00
 983              	.LASF4:
 984 023f 6C6F6E67 		.ascii	"long int\000"
 984      20696E74 
 984      00
 985              	.LASF17:
 986 0248 63686172 		.ascii	"char\000"
 986      00
 987              	.LASF0:
 988 024d 7369676E 		.ascii	"signed char\000"
 988      65642063 
 988      68617200 
 989              	.LASF28:
 990 0259 73707269 		.ascii	"sprintf\000"
 990      6E746600 
 991              	.LASF38:
 992 0261 43794465 		.ascii	"CyDelay\000"
 992      6C617900 
 993              		.ident	"GCC: (GNU Tools for ARM Embedded Processors) 4.9.3 20150303 (release) [ARM/embedded-4_9-br
