ARM GAS  C:\Users\HENRYA~1\AppData\Local\Temp\ccPZYH80.s 			page 1


   1              		.syntax unified
   2              		.cpu cortex-m3
   3              		.fpu softvfp
   4              		.eabi_attribute 20, 1
   5              		.eabi_attribute 21, 1
   6              		.eabi_attribute 23, 3
   7              		.eabi_attribute 24, 1
   8              		.eabi_attribute 25, 1
   9              		.eabi_attribute 26, 1
  10              		.eabi_attribute 30, 1
  11              		.eabi_attribute 34, 1
  12              		.eabi_attribute 18, 4
  13              		.thumb
  14              		.file	"USB_descr.c"
  15              		.text
  16              	.Ltext0:
  17              		.cfi_sections	.debug_frame
  18              		.comm	USB_idSerialNumberStringDescriptor,34,4
  19              		.global	USB_TABLE
  20              		.global	USB_DEVICE0_TABLE
  21              		.global	USB_DEVICE0_CONFIGURATION0_TABLE
  22              		.global	USB_DEVICE0_CONFIGURATION0_INTERFACE_CLASS
  23              		.global	USB_DEVICE0_CONFIGURATION0_EP_SETTINGS_TABLE
  24              		.global	USB_SN_STRING_DESCRIPTOR
  25              		.global	USB_STRING_DESCRIPTORS
  26              		.global	USB_DEVICE0_CONFIGURATION0_DESCR
  27              		.global	USB_DEVICE0_DESCR
  28              		.section	.rodata
  29              		.align	2
  30              		.type	USB_TABLE, %object
  31              		.size	USB_TABLE, 8
  32              	USB_TABLE:
  33 0000 01       		.byte	1
  34 0001 000000   		.space	3
  35 0004 00000000 		.word	USB_DEVICE0_TABLE
  36              		.type	USB_DEVICE0_TABLE, %object
  37              		.size	USB_DEVICE0_TABLE, 24
  38              	USB_DEVICE0_TABLE:
  39 0008 01       		.byte	1
  40 0009 000000   		.space	3
  41 000c 00000000 		.word	USB_DEVICE0_DESCR
  42 0010 00       		.byte	0
  43 0011 000000   		.space	3
  44 0014 00000000 		.word	0
  45 0018 01       		.byte	1
  46 0019 000000   		.space	3
  47 001c 00000000 		.word	USB_DEVICE0_CONFIGURATION0_TABLE
  48              		.type	USB_DEVICE0_CONFIGURATION0_TABLE, %object
  49              		.size	USB_DEVICE0_CONFIGURATION0_TABLE, 40
  50              	USB_DEVICE0_CONFIGURATION0_TABLE:
  51 0020 01       		.byte	1
  52 0021 000000   		.space	3
  53 0024 00000000 		.word	USB_DEVICE0_CONFIGURATION0_DESCR
  54 0028 03       		.byte	3
  55 0029 000000   		.space	3
  56 002c 00000000 		.word	USB_DEVICE0_CONFIGURATION0_EP_SETTINGS_TABLE
  57 0030 00       		.byte	0
ARM GAS  C:\Users\HENRYA~1\AppData\Local\Temp\ccPZYH80.s 			page 2


  58 0031 000000   		.space	3
  59 0034 00000000 		.word	0
  60 0038 00       		.byte	0
  61 0039 000000   		.space	3
  62 003c 00000000 		.word	0
  63 0040 00       		.byte	0
  64 0041 000000   		.space	3
  65 0044 00000000 		.word	USB_DEVICE0_CONFIGURATION0_INTERFACE_CLASS
  66              		.type	USB_DEVICE0_CONFIGURATION0_INTERFACE_CLASS, %object
  67              		.size	USB_DEVICE0_CONFIGURATION0_INTERFACE_CLASS, 2
  68              	USB_DEVICE0_CONFIGURATION0_INTERFACE_CLASS:
  69 0048 02       		.byte	2
  70 0049 0A       		.byte	10
  71 004a 0000     		.space	2
  72              		.type	USB_DEVICE0_CONFIGURATION0_EP_SETTINGS_TABLE, %object
  73              		.size	USB_DEVICE0_CONFIGURATION0_EP_SETTINGS_TABLE, 24
  74              	USB_DEVICE0_CONFIGURATION0_EP_SETTINGS_TABLE:
  75 004c 00       		.byte	0
  76 004d 00       		.byte	0
  77 004e 81       		.byte	-127
  78 004f 03       		.byte	3
  79 0050 0800     		.short	8
  80 0052 02       		.byte	2
  81 0053 00       		.space	1
  82 0054 01       		.byte	1
  83 0055 00       		.byte	0
  84 0056 82       		.byte	-126
  85 0057 02       		.byte	2
  86 0058 4000     		.short	64
  87 005a 0A       		.byte	10
  88 005b 00       		.space	1
  89 005c 01       		.byte	1
  90 005d 00       		.byte	0
  91 005e 03       		.byte	3
  92 005f 02       		.byte	2
  93 0060 4000     		.short	64
  94 0062 0A       		.byte	10
  95 0063 00       		.space	1
  96              		.type	USB_SN_STRING_DESCRIPTOR, %object
  97              		.size	USB_SN_STRING_DESCRIPTOR, 2
  98              	USB_SN_STRING_DESCRIPTOR:
  99 0064 02       		.byte	2
 100 0065 03       		.byte	3
 101 0066 0000     		.space	2
 102              		.type	USB_STRING_DESCRIPTORS, %object
 103              		.size	USB_STRING_DESCRIPTORS, 169
 104              	USB_STRING_DESCRIPTORS:
 105 0068 04       		.byte	4
 106 0069 03       		.byte	3
 107 006a 09       		.byte	9
 108 006b 04       		.byte	4
 109 006c 2C       		.byte	44
 110 006d 03       		.byte	3
 111 006e 43       		.byte	67
 112 006f 00       		.byte	0
 113 0070 79       		.byte	121
 114 0071 00       		.byte	0
ARM GAS  C:\Users\HENRYA~1\AppData\Local\Temp\ccPZYH80.s 			page 3


 115 0072 70       		.byte	112
 116 0073 00       		.byte	0
 117 0074 72       		.byte	114
 118 0075 00       		.byte	0
 119 0076 65       		.byte	101
 120 0077 00       		.byte	0
 121 0078 73       		.byte	115
 122 0079 00       		.byte	0
 123 007a 73       		.byte	115
 124 007b 00       		.byte	0
 125 007c 20       		.byte	32
 126 007d 00       		.byte	0
 127 007e 53       		.byte	83
 128 007f 00       		.byte	0
 129 0080 65       		.byte	101
 130 0081 00       		.byte	0
 131 0082 6D       		.byte	109
 132 0083 00       		.byte	0
 133 0084 69       		.byte	105
 134 0085 00       		.byte	0
 135 0086 63       		.byte	99
 136 0087 00       		.byte	0
 137 0088 6F       		.byte	111
 138 0089 00       		.byte	0
 139 008a 6E       		.byte	110
 140 008b 00       		.byte	0
 141 008c 64       		.byte	100
 142 008d 00       		.byte	0
 143 008e 75       		.byte	117
 144 008f 00       		.byte	0
 145 0090 63       		.byte	99
 146 0091 00       		.byte	0
 147 0092 74       		.byte	116
 148 0093 00       		.byte	0
 149 0094 6F       		.byte	111
 150 0095 00       		.byte	0
 151 0096 72       		.byte	114
 152 0097 00       		.byte	0
 153 0098 10       		.byte	16
 154 0099 03       		.byte	3
 155 009a 55       		.byte	85
 156 009b 00       		.byte	0
 157 009c 53       		.byte	83
 158 009d 00       		.byte	0
 159 009e 42       		.byte	66
 160 009f 00       		.byte	0
 161 00a0 55       		.byte	85
 162 00a1 00       		.byte	0
 163 00a2 41       		.byte	65
 164 00a3 00       		.byte	0
 165 00a4 52       		.byte	82
 166 00a5 00       		.byte	0
 167 00a6 54       		.byte	84
 168 00a7 00       		.byte	0
 169 00a8 38       		.byte	56
 170 00a9 03       		.byte	3
 171 00aa 43       		.byte	67
ARM GAS  C:\Users\HENRYA~1\AppData\Local\Temp\ccPZYH80.s 			page 4


 172 00ab 00       		.byte	0
 173 00ac 44       		.byte	68
 174 00ad 00       		.byte	0
 175 00ae 43       		.byte	67
 176 00af 00       		.byte	0
 177 00b0 20       		.byte	32
 178 00b1 00       		.byte	0
 179 00b2 43       		.byte	67
 180 00b3 00       		.byte	0
 181 00b4 6F       		.byte	111
 182 00b5 00       		.byte	0
 183 00b6 6D       		.byte	109
 184 00b7 00       		.byte	0
 185 00b8 6D       		.byte	109
 186 00b9 00       		.byte	0
 187 00ba 75       		.byte	117
 188 00bb 00       		.byte	0
 189 00bc 6E       		.byte	110
 190 00bd 00       		.byte	0
 191 00be 69       		.byte	105
 192 00bf 00       		.byte	0
 193 00c0 63       		.byte	99
 194 00c1 00       		.byte	0
 195 00c2 61       		.byte	97
 196 00c3 00       		.byte	0
 197 00c4 74       		.byte	116
 198 00c5 00       		.byte	0
 199 00c6 69       		.byte	105
 200 00c7 00       		.byte	0
 201 00c8 6F       		.byte	111
 202 00c9 00       		.byte	0
 203 00ca 6E       		.byte	110
 204 00cb 00       		.byte	0
 205 00cc 20       		.byte	32
 206 00cd 00       		.byte	0
 207 00ce 49       		.byte	73
 208 00cf 00       		.byte	0
 209 00d0 6E       		.byte	110
 210 00d1 00       		.byte	0
 211 00d2 74       		.byte	116
 212 00d3 00       		.byte	0
 213 00d4 65       		.byte	101
 214 00d5 00       		.byte	0
 215 00d6 72       		.byte	114
 216 00d7 00       		.byte	0
 217 00d8 66       		.byte	102
 218 00d9 00       		.byte	0
 219 00da 61       		.byte	97
 220 00db 00       		.byte	0
 221 00dc 63       		.byte	99
 222 00dd 00       		.byte	0
 223 00de 65       		.byte	101
 224 00df 00       		.byte	0
 225 00e0 26       		.byte	38
 226 00e1 03       		.byte	3
 227 00e2 43       		.byte	67
 228 00e3 00       		.byte	0
ARM GAS  C:\Users\HENRYA~1\AppData\Local\Temp\ccPZYH80.s 			page 5


 229 00e4 44       		.byte	68
 230 00e5 00       		.byte	0
 231 00e6 43       		.byte	67
 232 00e7 00       		.byte	0
 233 00e8 20       		.byte	32
 234 00e9 00       		.byte	0
 235 00ea 44       		.byte	68
 236 00eb 00       		.byte	0
 237 00ec 61       		.byte	97
 238 00ed 00       		.byte	0
 239 00ee 74       		.byte	116
 240 00ef 00       		.byte	0
 241 00f0 61       		.byte	97
 242 00f1 00       		.byte	0
 243 00f2 20       		.byte	32
 244 00f3 00       		.byte	0
 245 00f4 49       		.byte	73
 246 00f5 00       		.byte	0
 247 00f6 6E       		.byte	110
 248 00f7 00       		.byte	0
 249 00f8 74       		.byte	116
 250 00f9 00       		.byte	0
 251 00fa 65       		.byte	101
 252 00fb 00       		.byte	0
 253 00fc 72       		.byte	114
 254 00fd 00       		.byte	0
 255 00fe 66       		.byte	102
 256 00ff 00       		.byte	0
 257 0100 61       		.byte	97
 258 0101 00       		.byte	0
 259 0102 63       		.byte	99
 260 0103 00       		.byte	0
 261 0104 65       		.byte	101
 262 0105 00       		.byte	0
 263 0106 0A       		.byte	10
 264 0107 03       		.byte	3
 265 0108 48       		.byte	72
 266 0109 00       		.byte	0
 267 010a 6F       		.byte	111
 268 010b 00       		.byte	0
 269 010c 6C       		.byte	108
 270 010d 00       		.byte	0
 271 010e 61       		.byte	97
 272 010f 00       		.byte	0
 273 0110 00       		.byte	0
 274 0111 000000   		.space	3
 275              		.type	USB_DEVICE0_CONFIGURATION0_DESCR, %object
 276              		.size	USB_DEVICE0_CONFIGURATION0_DESCR, 67
 277              	USB_DEVICE0_CONFIGURATION0_DESCR:
 278 0114 09       		.byte	9
 279 0115 02       		.byte	2
 280 0116 43       		.byte	67
 281 0117 00       		.byte	0
 282 0118 02       		.byte	2
 283 0119 01       		.byte	1
 284 011a 02       		.byte	2
 285 011b 80       		.byte	-128
ARM GAS  C:\Users\HENRYA~1\AppData\Local\Temp\ccPZYH80.s 			page 6


 286 011c 32       		.byte	50
 287 011d 09       		.byte	9
 288 011e 04       		.byte	4
 289 011f 00       		.byte	0
 290 0120 00       		.byte	0
 291 0121 01       		.byte	1
 292 0122 02       		.byte	2
 293 0123 02       		.byte	2
 294 0124 01       		.byte	1
 295 0125 03       		.byte	3
 296 0126 05       		.byte	5
 297 0127 24       		.byte	36
 298 0128 00       		.byte	0
 299 0129 10       		.byte	16
 300 012a 01       		.byte	1
 301 012b 04       		.byte	4
 302 012c 24       		.byte	36
 303 012d 02       		.byte	2
 304 012e 02       		.byte	2
 305 012f 05       		.byte	5
 306 0130 24       		.byte	36
 307 0131 06       		.byte	6
 308 0132 00       		.byte	0
 309 0133 01       		.byte	1
 310 0134 05       		.byte	5
 311 0135 24       		.byte	36
 312 0136 01       		.byte	1
 313 0137 00       		.byte	0
 314 0138 01       		.byte	1
 315 0139 07       		.byte	7
 316 013a 05       		.byte	5
 317 013b 81       		.byte	-127
 318 013c 03       		.byte	3
 319 013d 08       		.byte	8
 320 013e 00       		.byte	0
 321 013f 0A       		.byte	10
 322 0140 09       		.byte	9
 323 0141 04       		.byte	4
 324 0142 01       		.byte	1
 325 0143 00       		.byte	0
 326 0144 02       		.byte	2
 327 0145 0A       		.byte	10
 328 0146 00       		.byte	0
 329 0147 00       		.byte	0
 330 0148 04       		.byte	4
 331 0149 07       		.byte	7
 332 014a 05       		.byte	5
 333 014b 82       		.byte	-126
 334 014c 02       		.byte	2
 335 014d 40       		.byte	64
 336 014e 00       		.byte	0
 337 014f 00       		.byte	0
 338 0150 07       		.byte	7
 339 0151 05       		.byte	5
 340 0152 03       		.byte	3
 341 0153 02       		.byte	2
 342 0154 40       		.byte	64
ARM GAS  C:\Users\HENRYA~1\AppData\Local\Temp\ccPZYH80.s 			page 7


 343 0155 00       		.byte	0
 344 0156 00       		.byte	0
 345 0157 00       		.space	1
 346              		.type	USB_DEVICE0_DESCR, %object
 347              		.size	USB_DEVICE0_DESCR, 18
 348              	USB_DEVICE0_DESCR:
 349 0158 12       		.byte	18
 350 0159 01       		.byte	1
 351 015a 00       		.byte	0
 352 015b 02       		.byte	2
 353 015c 02       		.byte	2
 354 015d 00       		.byte	0
 355 015e 00       		.byte	0
 356 015f 08       		.byte	8
 357 0160 B4       		.byte	-76
 358 0161 04       		.byte	4
 359 0162 32       		.byte	50
 360 0163 F2       		.byte	-14
 361 0164 01       		.byte	1
 362 0165 00       		.byte	0
 363 0166 05       		.byte	5
 364 0167 02       		.byte	2
 365 0168 80       		.byte	-128
 366 0169 01       		.byte	1
 367 016a 0000     		.text
 368              	.Letext0:
 369              		.file 1 "Generated_Source\\PSoC5\\cytypes.h"
 370              		.file 2 "Generated_Source\\PSoC5\\USB.h"
 371              		.file 3 "Generated_Source\\PSoC5\\USB_descr.c"
 372              		.section	.debug_info,"",%progbits
 373              	.Ldebug_info0:
 374 0000 89020000 		.4byte	0x289
 375 0004 0400     		.2byte	0x4
 376 0006 00000000 		.4byte	.Ldebug_abbrev0
 377 000a 04       		.byte	0x4
 378 000b 01       		.uleb128 0x1
 379 000c A7010000 		.4byte	.LASF34
 380 0010 01       		.byte	0x1
 381 0011 42020000 		.4byte	.LASF35
 382 0015 23000000 		.4byte	.LASF36
 383 0019 00000000 		.4byte	.Ldebug_line0
 384 001d 02       		.uleb128 0x2
 385 001e 01       		.byte	0x1
 386 001f 06       		.byte	0x6
 387 0020 10030000 		.4byte	.LASF0
 388 0024 02       		.uleb128 0x2
 389 0025 01       		.byte	0x1
 390 0026 08       		.byte	0x8
 391 0027 E6000000 		.4byte	.LASF1
 392 002b 02       		.uleb128 0x2
 393 002c 02       		.byte	0x2
 394 002d 05       		.byte	0x5
 395 002e C2020000 		.4byte	.LASF2
 396 0032 02       		.uleb128 0x2
 397 0033 02       		.byte	0x2
 398 0034 07       		.byte	0x7
 399 0035 6E000000 		.4byte	.LASF3
ARM GAS  C:\Users\HENRYA~1\AppData\Local\Temp\ccPZYH80.s 			page 8


 400 0039 02       		.uleb128 0x2
 401 003a 04       		.byte	0x4
 402 003b 05       		.byte	0x5
 403 003c 07030000 		.4byte	.LASF4
 404 0040 02       		.uleb128 0x2
 405 0041 04       		.byte	0x4
 406 0042 07       		.byte	0x7
 407 0043 FF000000 		.4byte	.LASF5
 408 0047 02       		.uleb128 0x2
 409 0048 08       		.byte	0x8
 410 0049 05       		.byte	0x5
 411 004a 8C020000 		.4byte	.LASF6
 412 004e 02       		.uleb128 0x2
 413 004f 08       		.byte	0x8
 414 0050 07       		.byte	0x7
 415 0051 65020000 		.4byte	.LASF7
 416 0055 03       		.uleb128 0x3
 417 0056 04       		.byte	0x4
 418 0057 05       		.byte	0x5
 419 0058 696E7400 		.ascii	"int\000"
 420 005c 02       		.uleb128 0x2
 421 005d 04       		.byte	0x4
 422 005e 07       		.byte	0x7
 423 005f 35020000 		.4byte	.LASF8
 424 0063 04       		.uleb128 0x4
 425 0064 CC020000 		.4byte	.LASF9
 426 0068 01       		.byte	0x1
 427 0069 9201     		.2byte	0x192
 428 006b 24000000 		.4byte	0x24
 429 006f 04       		.uleb128 0x4
 430 0070 A0010000 		.4byte	.LASF10
 431 0074 01       		.byte	0x1
 432 0075 9301     		.2byte	0x193
 433 0077 32000000 		.4byte	0x32
 434 007b 02       		.uleb128 0x2
 435 007c 04       		.byte	0x4
 436 007d 04       		.byte	0x4
 437 007e B4000000 		.4byte	.LASF11
 438 0082 02       		.uleb128 0x2
 439 0083 08       		.byte	0x8
 440 0084 04       		.byte	0x4
 441 0085 61010000 		.4byte	.LASF12
 442 0089 02       		.uleb128 0x2
 443 008a 01       		.byte	0x1
 444 008b 08       		.byte	0x8
 445 008c 9A020000 		.4byte	.LASF13
 446 0090 02       		.uleb128 0x2
 447 0091 04       		.byte	0x4
 448 0092 07       		.byte	0x7
 449 0093 83020000 		.4byte	.LASF14
 450 0097 05       		.uleb128 0x5
 451 0098 08       		.byte	0x8
 452 0099 02       		.byte	0x2
 453 009a 9A       		.byte	0x9a
 454 009b E8000000 		.4byte	0xe8
 455 009f 06       		.uleb128 0x6
 456 00a0 D2020000 		.4byte	.LASF15
ARM GAS  C:\Users\HENRYA~1\AppData\Local\Temp\ccPZYH80.s 			page 9


 457 00a4 02       		.byte	0x2
 458 00a5 9C       		.byte	0x9c
 459 00a6 63000000 		.4byte	0x63
 460 00aa 00       		.byte	0
 461 00ab 06       		.uleb128 0x6
 462 00ac BA000000 		.4byte	.LASF16
 463 00b0 02       		.byte	0x2
 464 00b1 9D       		.byte	0x9d
 465 00b2 63000000 		.4byte	0x63
 466 00b6 01       		.byte	0x1
 467 00b7 06       		.uleb128 0x6
 468 00b8 11010000 		.4byte	.LASF17
 469 00bc 02       		.byte	0x2
 470 00bd 9E       		.byte	0x9e
 471 00be 63000000 		.4byte	0x63
 472 00c2 02       		.byte	0x2
 473 00c3 06       		.uleb128 0x6
 474 00c4 F4000000 		.4byte	.LASF18
 475 00c8 02       		.byte	0x2
 476 00c9 9F       		.byte	0x9f
 477 00ca 63000000 		.4byte	0x63
 478 00ce 03       		.byte	0x3
 479 00cf 06       		.uleb128 0x6
 480 00d0 68010000 		.4byte	.LASF19
 481 00d4 02       		.byte	0x2
 482 00d5 A0       		.byte	0xa0
 483 00d6 6F000000 		.4byte	0x6f
 484 00da 04       		.byte	0x4
 485 00db 06       		.uleb128 0x6
 486 00dc 1C030000 		.4byte	.LASF20
 487 00e0 02       		.byte	0x2
 488 00e1 A1       		.byte	0xa1
 489 00e2 63000000 		.4byte	0x63
 490 00e6 06       		.byte	0x6
 491 00e7 00       		.byte	0
 492 00e8 07       		.uleb128 0x7
 493 00e9 16010000 		.4byte	.LASF21
 494 00ed 02       		.byte	0x2
 495 00ee A2       		.byte	0xa2
 496 00ef 97000000 		.4byte	0x97
 497 00f3 05       		.uleb128 0x5
 498 00f4 08       		.byte	0x8
 499 00f5 02       		.byte	0x2
 500 00f6 B1       		.byte	0xb1
 501 00f7 12010000 		.4byte	0x112
 502 00fb 08       		.uleb128 0x8
 503 00fc 6300     		.ascii	"c\000"
 504 00fe 02       		.byte	0x2
 505 00ff B3       		.byte	0xb3
 506 0100 63000000 		.4byte	0x63
 507 0104 00       		.byte	0
 508 0105 06       		.uleb128 0x6
 509 0106 7C020000 		.4byte	.LASF22
 510 010a 02       		.byte	0x2
 511 010b B4       		.byte	0xb4
 512 010c 12010000 		.4byte	0x112
 513 0110 04       		.byte	0x4
ARM GAS  C:\Users\HENRYA~1\AppData\Local\Temp\ccPZYH80.s 			page 10


 514 0111 00       		.byte	0
 515 0112 09       		.uleb128 0x9
 516 0113 04       		.byte	0x4
 517 0114 18010000 		.4byte	0x118
 518 0118 0A       		.uleb128 0xa
 519 0119 07       		.uleb128 0x7
 520 011a DC000000 		.4byte	.LASF23
 521 011e 02       		.byte	0x2
 522 011f B5       		.byte	0xb5
 523 0120 F3000000 		.4byte	0xf3
 524 0124 0B       		.uleb128 0xb
 525 0125 63000000 		.4byte	0x63
 526 0129 34010000 		.4byte	0x134
 527 012d 0C       		.uleb128 0xc
 528 012e 90000000 		.4byte	0x90
 529 0132 11       		.byte	0x11
 530 0133 00       		.byte	0
 531 0134 0D       		.uleb128 0xd
 532 0135 2E010000 		.4byte	.LASF24
 533 0139 03       		.byte	0x3
 534 013a 24       		.byte	0x24
 535 013b 45010000 		.4byte	0x145
 536 013f 05       		.uleb128 0x5
 537 0140 03       		.byte	0x3
 538 0141 00000000 		.4byte	USB_DEVICE0_DESCR
 539 0145 0E       		.uleb128 0xe
 540 0146 24010000 		.4byte	0x124
 541 014a 0B       		.uleb128 0xb
 542 014b 63000000 		.4byte	0x63
 543 014f 5A010000 		.4byte	0x15a
 544 0153 0C       		.uleb128 0xc
 545 0154 90000000 		.4byte	0x90
 546 0158 42       		.byte	0x42
 547 0159 00       		.byte	0
 548 015a 0D       		.uleb128 0xd
 549 015b 40010000 		.4byte	.LASF25
 550 015f 03       		.byte	0x3
 551 0160 37       		.byte	0x37
 552 0161 6B010000 		.4byte	0x16b
 553 0165 05       		.uleb128 0x5
 554 0166 03       		.byte	0x3
 555 0167 00000000 		.4byte	USB_DEVICE0_CONFIGURATION0_DESCR
 556 016b 0E       		.uleb128 0xe
 557 016c 4A010000 		.4byte	0x14a
 558 0170 0B       		.uleb128 0xb
 559 0171 E8000000 		.4byte	0xe8
 560 0175 80010000 		.4byte	0x180
 561 0179 0C       		.uleb128 0xc
 562 017a 90000000 		.4byte	0x90
 563 017e 02       		.byte	0x2
 564 017f 00       		.byte	0
 565 0180 0D       		.uleb128 0xd
 566 0181 73010000 		.4byte	.LASF26
 567 0185 03       		.byte	0x3
 568 0186 DE       		.byte	0xde
 569 0187 91010000 		.4byte	0x191
 570 018b 05       		.uleb128 0x5
ARM GAS  C:\Users\HENRYA~1\AppData\Local\Temp\ccPZYH80.s 			page 11


 571 018c 03       		.byte	0x3
 572 018d 00000000 		.4byte	USB_DEVICE0_CONFIGURATION0_EP_SETTINGS_TABLE
 573 0191 0E       		.uleb128 0xe
 574 0192 70010000 		.4byte	0x170
 575 0196 0B       		.uleb128 0xb
 576 0197 63000000 		.4byte	0x63
 577 019b A6010000 		.4byte	0x1a6
 578 019f 0C       		.uleb128 0xc
 579 01a0 90000000 		.4byte	0x90
 580 01a4 01       		.byte	0x1
 581 01a5 00       		.byte	0
 582 01a6 0D       		.uleb128 0xd
 583 01a7 DC020000 		.4byte	.LASF27
 584 01ab 03       		.byte	0x3
 585 01ac E4       		.byte	0xe4
 586 01ad B7010000 		.4byte	0x1b7
 587 01b1 05       		.uleb128 0x5
 588 01b2 03       		.byte	0x3
 589 01b3 00000000 		.4byte	USB_DEVICE0_CONFIGURATION0_INTERFACE_CLASS
 590 01b7 0E       		.uleb128 0xe
 591 01b8 96010000 		.4byte	0x196
 592 01bc 0B       		.uleb128 0xb
 593 01bd 19010000 		.4byte	0x119
 594 01c1 CC010000 		.4byte	0x1cc
 595 01c5 0C       		.uleb128 0xc
 596 01c6 90000000 		.4byte	0x90
 597 01ca 04       		.byte	0x4
 598 01cb 00       		.byte	0
 599 01cc 0D       		.uleb128 0xd
 600 01cd 93000000 		.4byte	.LASF28
 601 01d1 03       		.byte	0x3
 602 01d2 EC       		.byte	0xec
 603 01d3 DD010000 		.4byte	0x1dd
 604 01d7 05       		.uleb128 0x5
 605 01d8 03       		.byte	0x3
 606 01d9 00000000 		.4byte	USB_DEVICE0_CONFIGURATION0_TABLE
 607 01dd 0E       		.uleb128 0xe
 608 01de BC010000 		.4byte	0x1bc
 609 01e2 0B       		.uleb128 0xb
 610 01e3 19010000 		.4byte	0x119
 611 01e7 F2010000 		.4byte	0x1f2
 612 01eb 0C       		.uleb128 0xc
 613 01ec 90000000 		.4byte	0x90
 614 01f0 02       		.byte	0x2
 615 01f1 00       		.byte	0
 616 01f2 0D       		.uleb128 0xd
 617 01f3 81000000 		.4byte	.LASF29
 618 01f7 03       		.byte	0x3
 619 01f8 F7       		.byte	0xf7
 620 01f9 03020000 		.4byte	0x203
 621 01fd 05       		.uleb128 0x5
 622 01fe 03       		.byte	0x3
 623 01ff 00000000 		.4byte	USB_DEVICE0_TABLE
 624 0203 0E       		.uleb128 0xe
 625 0204 E2010000 		.4byte	0x1e2
 626 0208 0B       		.uleb128 0xb
 627 0209 19010000 		.4byte	0x119
ARM GAS  C:\Users\HENRYA~1\AppData\Local\Temp\ccPZYH80.s 			page 12


 628 020d 18020000 		.4byte	0x218
 629 0211 0C       		.uleb128 0xc
 630 0212 90000000 		.4byte	0x90
 631 0216 00       		.byte	0
 632 0217 00       		.byte	0
 633 0218 0D       		.uleb128 0xd
 634 0219 B8020000 		.4byte	.LASF30
 635 021d 03       		.byte	0x3
 636 021e FF       		.byte	0xff
 637 021f 29020000 		.4byte	0x229
 638 0223 05       		.uleb128 0x5
 639 0224 03       		.byte	0x3
 640 0225 00000000 		.4byte	USB_TABLE
 641 0229 0E       		.uleb128 0xe
 642 022a 08020000 		.4byte	0x208
 643 022e 0D       		.uleb128 0xd
 644 022f 9F020000 		.4byte	.LASF31
 645 0233 03       		.byte	0x3
 646 0234 CF       		.byte	0xcf
 647 0235 3F020000 		.4byte	0x23f
 648 0239 05       		.uleb128 0x5
 649 023a 03       		.byte	0x3
 650 023b 00000000 		.4byte	USB_SN_STRING_DESCRIPTOR
 651 023f 0E       		.uleb128 0xe
 652 0240 96010000 		.4byte	0x196
 653 0244 0B       		.uleb128 0xb
 654 0245 63000000 		.4byte	0x63
 655 0249 54020000 		.4byte	0x254
 656 024d 0C       		.uleb128 0xc
 657 024e 90000000 		.4byte	0x90
 658 0252 A8       		.byte	0xa8
 659 0253 00       		.byte	0
 660 0254 0D       		.uleb128 0xd
 661 0255 C5000000 		.4byte	.LASF32
 662 0259 03       		.byte	0x3
 663 025a 96       		.byte	0x96
 664 025b 65020000 		.4byte	0x265
 665 025f 05       		.uleb128 0x5
 666 0260 03       		.byte	0x3
 667 0261 00000000 		.4byte	USB_STRING_DESCRIPTORS
 668 0265 0E       		.uleb128 0xe
 669 0266 44020000 		.4byte	0x244
 670 026a 0B       		.uleb128 0xb
 671 026b 63000000 		.4byte	0x63
 672 026f 7A020000 		.4byte	0x27a
 673 0273 0C       		.uleb128 0xc
 674 0274 90000000 		.4byte	0x90
 675 0278 21       		.byte	0x21
 676 0279 00       		.byte	0
 677 027a 0F       		.uleb128 0xf
 678 027b 00000000 		.4byte	.LASF33
 679 027f 03       		.byte	0x3
 680 0280 2D01     		.2byte	0x12d
 681 0282 6A020000 		.4byte	0x26a
 682 0286 05       		.uleb128 0x5
 683 0287 03       		.byte	0x3
 684 0288 00000000 		.4byte	USB_idSerialNumberStringDescriptor
ARM GAS  C:\Users\HENRYA~1\AppData\Local\Temp\ccPZYH80.s 			page 13


 685 028c 00       		.byte	0
 686              		.section	.debug_abbrev,"",%progbits
 687              	.Ldebug_abbrev0:
 688 0000 01       		.uleb128 0x1
 689 0001 11       		.uleb128 0x11
 690 0002 01       		.byte	0x1
 691 0003 25       		.uleb128 0x25
 692 0004 0E       		.uleb128 0xe
 693 0005 13       		.uleb128 0x13
 694 0006 0B       		.uleb128 0xb
 695 0007 03       		.uleb128 0x3
 696 0008 0E       		.uleb128 0xe
 697 0009 1B       		.uleb128 0x1b
 698 000a 0E       		.uleb128 0xe
 699 000b 10       		.uleb128 0x10
 700 000c 17       		.uleb128 0x17
 701 000d 00       		.byte	0
 702 000e 00       		.byte	0
 703 000f 02       		.uleb128 0x2
 704 0010 24       		.uleb128 0x24
 705 0011 00       		.byte	0
 706 0012 0B       		.uleb128 0xb
 707 0013 0B       		.uleb128 0xb
 708 0014 3E       		.uleb128 0x3e
 709 0015 0B       		.uleb128 0xb
 710 0016 03       		.uleb128 0x3
 711 0017 0E       		.uleb128 0xe
 712 0018 00       		.byte	0
 713 0019 00       		.byte	0
 714 001a 03       		.uleb128 0x3
 715 001b 24       		.uleb128 0x24
 716 001c 00       		.byte	0
 717 001d 0B       		.uleb128 0xb
 718 001e 0B       		.uleb128 0xb
 719 001f 3E       		.uleb128 0x3e
 720 0020 0B       		.uleb128 0xb
 721 0021 03       		.uleb128 0x3
 722 0022 08       		.uleb128 0x8
 723 0023 00       		.byte	0
 724 0024 00       		.byte	0
 725 0025 04       		.uleb128 0x4
 726 0026 16       		.uleb128 0x16
 727 0027 00       		.byte	0
 728 0028 03       		.uleb128 0x3
 729 0029 0E       		.uleb128 0xe
 730 002a 3A       		.uleb128 0x3a
 731 002b 0B       		.uleb128 0xb
 732 002c 3B       		.uleb128 0x3b
 733 002d 05       		.uleb128 0x5
 734 002e 49       		.uleb128 0x49
 735 002f 13       		.uleb128 0x13
 736 0030 00       		.byte	0
 737 0031 00       		.byte	0
 738 0032 05       		.uleb128 0x5
 739 0033 13       		.uleb128 0x13
 740 0034 01       		.byte	0x1
 741 0035 0B       		.uleb128 0xb
ARM GAS  C:\Users\HENRYA~1\AppData\Local\Temp\ccPZYH80.s 			page 14


 742 0036 0B       		.uleb128 0xb
 743 0037 3A       		.uleb128 0x3a
 744 0038 0B       		.uleb128 0xb
 745 0039 3B       		.uleb128 0x3b
 746 003a 0B       		.uleb128 0xb
 747 003b 01       		.uleb128 0x1
 748 003c 13       		.uleb128 0x13
 749 003d 00       		.byte	0
 750 003e 00       		.byte	0
 751 003f 06       		.uleb128 0x6
 752 0040 0D       		.uleb128 0xd
 753 0041 00       		.byte	0
 754 0042 03       		.uleb128 0x3
 755 0043 0E       		.uleb128 0xe
 756 0044 3A       		.uleb128 0x3a
 757 0045 0B       		.uleb128 0xb
 758 0046 3B       		.uleb128 0x3b
 759 0047 0B       		.uleb128 0xb
 760 0048 49       		.uleb128 0x49
 761 0049 13       		.uleb128 0x13
 762 004a 38       		.uleb128 0x38
 763 004b 0B       		.uleb128 0xb
 764 004c 00       		.byte	0
 765 004d 00       		.byte	0
 766 004e 07       		.uleb128 0x7
 767 004f 16       		.uleb128 0x16
 768 0050 00       		.byte	0
 769 0051 03       		.uleb128 0x3
 770 0052 0E       		.uleb128 0xe
 771 0053 3A       		.uleb128 0x3a
 772 0054 0B       		.uleb128 0xb
 773 0055 3B       		.uleb128 0x3b
 774 0056 0B       		.uleb128 0xb
 775 0057 49       		.uleb128 0x49
 776 0058 13       		.uleb128 0x13
 777 0059 00       		.byte	0
 778 005a 00       		.byte	0
 779 005b 08       		.uleb128 0x8
 780 005c 0D       		.uleb128 0xd
 781 005d 00       		.byte	0
 782 005e 03       		.uleb128 0x3
 783 005f 08       		.uleb128 0x8
 784 0060 3A       		.uleb128 0x3a
 785 0061 0B       		.uleb128 0xb
 786 0062 3B       		.uleb128 0x3b
 787 0063 0B       		.uleb128 0xb
 788 0064 49       		.uleb128 0x49
 789 0065 13       		.uleb128 0x13
 790 0066 38       		.uleb128 0x38
 791 0067 0B       		.uleb128 0xb
 792 0068 00       		.byte	0
 793 0069 00       		.byte	0
 794 006a 09       		.uleb128 0x9
 795 006b 0F       		.uleb128 0xf
 796 006c 00       		.byte	0
 797 006d 0B       		.uleb128 0xb
 798 006e 0B       		.uleb128 0xb
ARM GAS  C:\Users\HENRYA~1\AppData\Local\Temp\ccPZYH80.s 			page 15


 799 006f 49       		.uleb128 0x49
 800 0070 13       		.uleb128 0x13
 801 0071 00       		.byte	0
 802 0072 00       		.byte	0
 803 0073 0A       		.uleb128 0xa
 804 0074 26       		.uleb128 0x26
 805 0075 00       		.byte	0
 806 0076 00       		.byte	0
 807 0077 00       		.byte	0
 808 0078 0B       		.uleb128 0xb
 809 0079 01       		.uleb128 0x1
 810 007a 01       		.byte	0x1
 811 007b 49       		.uleb128 0x49
 812 007c 13       		.uleb128 0x13
 813 007d 01       		.uleb128 0x1
 814 007e 13       		.uleb128 0x13
 815 007f 00       		.byte	0
 816 0080 00       		.byte	0
 817 0081 0C       		.uleb128 0xc
 818 0082 21       		.uleb128 0x21
 819 0083 00       		.byte	0
 820 0084 49       		.uleb128 0x49
 821 0085 13       		.uleb128 0x13
 822 0086 2F       		.uleb128 0x2f
 823 0087 0B       		.uleb128 0xb
 824 0088 00       		.byte	0
 825 0089 00       		.byte	0
 826 008a 0D       		.uleb128 0xd
 827 008b 34       		.uleb128 0x34
 828 008c 00       		.byte	0
 829 008d 03       		.uleb128 0x3
 830 008e 0E       		.uleb128 0xe
 831 008f 3A       		.uleb128 0x3a
 832 0090 0B       		.uleb128 0xb
 833 0091 3B       		.uleb128 0x3b
 834 0092 0B       		.uleb128 0xb
 835 0093 49       		.uleb128 0x49
 836 0094 13       		.uleb128 0x13
 837 0095 3F       		.uleb128 0x3f
 838 0096 19       		.uleb128 0x19
 839 0097 02       		.uleb128 0x2
 840 0098 18       		.uleb128 0x18
 841 0099 00       		.byte	0
 842 009a 00       		.byte	0
 843 009b 0E       		.uleb128 0xe
 844 009c 26       		.uleb128 0x26
 845 009d 00       		.byte	0
 846 009e 49       		.uleb128 0x49
 847 009f 13       		.uleb128 0x13
 848 00a0 00       		.byte	0
 849 00a1 00       		.byte	0
 850 00a2 0F       		.uleb128 0xf
 851 00a3 34       		.uleb128 0x34
 852 00a4 00       		.byte	0
 853 00a5 03       		.uleb128 0x3
 854 00a6 0E       		.uleb128 0xe
 855 00a7 3A       		.uleb128 0x3a
ARM GAS  C:\Users\HENRYA~1\AppData\Local\Temp\ccPZYH80.s 			page 16


 856 00a8 0B       		.uleb128 0xb
 857 00a9 3B       		.uleb128 0x3b
 858 00aa 05       		.uleb128 0x5
 859 00ab 49       		.uleb128 0x49
 860 00ac 13       		.uleb128 0x13
 861 00ad 3F       		.uleb128 0x3f
 862 00ae 19       		.uleb128 0x19
 863 00af 02       		.uleb128 0x2
 864 00b0 18       		.uleb128 0x18
 865 00b1 00       		.byte	0
 866 00b2 00       		.byte	0
 867 00b3 00       		.byte	0
 868              		.section	.debug_aranges,"",%progbits
 869 0000 14000000 		.4byte	0x14
 870 0004 0200     		.2byte	0x2
 871 0006 00000000 		.4byte	.Ldebug_info0
 872 000a 04       		.byte	0x4
 873 000b 00       		.byte	0
 874 000c 0000     		.2byte	0
 875 000e 0000     		.2byte	0
 876 0010 00000000 		.4byte	0
 877 0014 00000000 		.4byte	0
 878              		.section	.debug_line,"",%progbits
 879              	.Ldebug_line0:
 880 0000 55000000 		.section	.debug_str,"MS",%progbits,1
 880      02004F00 
 880      00000201 
 880      FB0E0D00 
 880      01010101 
 881              	.LASF33:
 882 0000 5553425F 		.ascii	"USB_idSerialNumberStringDescriptor\000"
 882      69645365 
 882      7269616C 
 882      4E756D62 
 882      65725374 
 883              	.LASF36:
 884 0023 433A5C55 		.ascii	"C:\\Users\\Henry Alberto\\Documents\\PSoC Creator\\"
 884      73657273 
 884      5C48656E 
 884      72792041 
 884      6C626572 
 885 0051 576F726B 		.ascii	"Workspace01\\USB_Serial.cydsn\000"
 885      73706163 
 885      6530315C 
 885      5553425F 
 885      53657269 
 886              	.LASF3:
 887 006e 73686F72 		.ascii	"short unsigned int\000"
 887      7420756E 
 887      7369676E 
 887      65642069 
 887      6E7400
 888              	.LASF29:
 889 0081 5553425F 		.ascii	"USB_DEVICE0_TABLE\000"
 889      44455649 
 889      4345305F 
 889      5441424C 
ARM GAS  C:\Users\HENRYA~1\AppData\Local\Temp\ccPZYH80.s 			page 17


 889      4500
 890              	.LASF28:
 891 0093 5553425F 		.ascii	"USB_DEVICE0_CONFIGURATION0_TABLE\000"
 891      44455649 
 891      4345305F 
 891      434F4E46 
 891      49475552 
 892              	.LASF11:
 893 00b4 666C6F61 		.ascii	"float\000"
 893      7400
 894              	.LASF16:
 895 00ba 616C7453 		.ascii	"altSetting\000"
 895      65747469 
 895      6E6700
 896              	.LASF32:
 897 00c5 5553425F 		.ascii	"USB_STRING_DESCRIPTORS\000"
 897      53545249 
 897      4E475F44 
 897      45534352 
 897      4950544F 
 898              	.LASF23:
 899 00dc 545F5553 		.ascii	"T_USB_LUT\000"
 899      425F4C55 
 899      5400
 900              	.LASF1:
 901 00e6 756E7369 		.ascii	"unsigned char\000"
 901      676E6564 
 901      20636861 
 901      7200
 902              	.LASF18:
 903 00f4 61747472 		.ascii	"attributes\000"
 903      69627574 
 903      657300
 904              	.LASF5:
 905 00ff 6C6F6E67 		.ascii	"long unsigned int\000"
 905      20756E73 
 905      69676E65 
 905      6420696E 
 905      7400
 906              	.LASF17:
 907 0111 61646472 		.ascii	"addr\000"
 907      00
 908              	.LASF21:
 909 0116 545F5553 		.ascii	"T_USB_EP_SETTINGS_BLOCK\000"
 909      425F4550 
 909      5F534554 
 909      54494E47 
 909      535F424C 
 910              	.LASF24:
 911 012e 5553425F 		.ascii	"USB_DEVICE0_DESCR\000"
 911      44455649 
 911      4345305F 
 911      44455343 
 911      5200
 912              	.LASF25:
 913 0140 5553425F 		.ascii	"USB_DEVICE0_CONFIGURATION0_DESCR\000"
 913      44455649 
ARM GAS  C:\Users\HENRYA~1\AppData\Local\Temp\ccPZYH80.s 			page 18


 913      4345305F 
 913      434F4E46 
 913      49475552 
 914              	.LASF12:
 915 0161 646F7562 		.ascii	"double\000"
 915      6C6500
 916              	.LASF19:
 917 0168 62756666 		.ascii	"bufferSize\000"
 917      65725369 
 917      7A6500
 918              	.LASF26:
 919 0173 5553425F 		.ascii	"USB_DEVICE0_CONFIGURATION0_EP_SETTINGS_TABLE\000"
 919      44455649 
 919      4345305F 
 919      434F4E46 
 919      49475552 
 920              	.LASF10:
 921 01a0 75696E74 		.ascii	"uint16\000"
 921      313600
 922              	.LASF34:
 923 01a7 474E5520 		.ascii	"GNU C 4.9.3 20150303 (release) [ARM/embedded-4_9-br"
 923      4320342E 
 923      392E3320 
 923      32303135 
 923      30333033 
 924 01da 616E6368 		.ascii	"anch revision 221220] -mcpu=cortex-m3 -mthumb -g -O"
 924      20726576 
 924      6973696F 
 924      6E203232 
 924      31323230 
 925 020d 67202D66 		.ascii	"g -ffunction-sections -ffat-lto-objects\000"
 925      66756E63 
 925      74696F6E 
 925      2D736563 
 925      74696F6E 
 926              	.LASF8:
 927 0235 756E7369 		.ascii	"unsigned int\000"
 927      676E6564 
 927      20696E74 
 927      00
 928              	.LASF35:
 929 0242 47656E65 		.ascii	"Generated_Source\\PSoC5\\USB_descr.c\000"
 929      72617465 
 929      645F536F 
 929      75726365 
 929      5C50536F 
 930              	.LASF7:
 931 0265 6C6F6E67 		.ascii	"long long unsigned int\000"
 931      206C6F6E 
 931      6720756E 
 931      7369676E 
 931      65642069 
 932              	.LASF22:
 933 027c 705F6C69 		.ascii	"p_list\000"
 933      737400
 934              	.LASF14:
 935 0283 73697A65 		.ascii	"sizetype\000"
ARM GAS  C:\Users\HENRYA~1\AppData\Local\Temp\ccPZYH80.s 			page 19


 935      74797065 
 935      00
 936              	.LASF6:
 937 028c 6C6F6E67 		.ascii	"long long int\000"
 937      206C6F6E 
 937      6720696E 
 937      7400
 938              	.LASF13:
 939 029a 63686172 		.ascii	"char\000"
 939      00
 940              	.LASF31:
 941 029f 5553425F 		.ascii	"USB_SN_STRING_DESCRIPTOR\000"
 941      534E5F53 
 941      5452494E 
 941      475F4445 
 941      53435249 
 942              	.LASF30:
 943 02b8 5553425F 		.ascii	"USB_TABLE\000"
 943      5441424C 
 943      4500
 944              	.LASF2:
 945 02c2 73686F72 		.ascii	"short int\000"
 945      7420696E 
 945      7400
 946              	.LASF9:
 947 02cc 75696E74 		.ascii	"uint8\000"
 947      3800
 948              	.LASF15:
 949 02d2 696E7465 		.ascii	"interface\000"
 949      72666163 
 949      6500
 950              	.LASF27:
 951 02dc 5553425F 		.ascii	"USB_DEVICE0_CONFIGURATION0_INTERFACE_CLASS\000"
 951      44455649 
 951      4345305F 
 951      434F4E46 
 951      49475552 
 952              	.LASF4:
 953 0307 6C6F6E67 		.ascii	"long int\000"
 953      20696E74 
 953      00
 954              	.LASF0:
 955 0310 7369676E 		.ascii	"signed char\000"
 955      65642063 
 955      68617200 
 956              	.LASF20:
 957 031c 624D6973 		.ascii	"bMisc\000"
 957      6300
 958              		.ident	"GCC: (GNU Tools for ARM Embedded Processors) 4.9.3 20150303 (release) [ARM/embedded-4_9-br
