ARM GAS  C:\Users\ESTEBAN\AppData\Local\Temp\ccGdTtaj.s 			page 1


   1              		.syntax unified
   2              		.cpu cortex-m3
   3              		.fpu softvfp
   4              		.eabi_attribute 20, 1
   5              		.eabi_attribute 21, 1
   6              		.eabi_attribute 23, 3
   7              		.eabi_attribute 24, 1
   8              		.eabi_attribute 25, 1
   9              		.eabi_attribute 26, 1
  10              		.eabi_attribute 30, 1
  11              		.eabi_attribute 34, 1
  12              		.eabi_attribute 18, 4
  13              		.thumb
  14              		.syntax unified
  15              		.file	"cymetadata.c"
  16              		.text
  17              	.Ltext0:
  18              		.cfi_sections	.debug_frame
  19              		.global	cy_metadata
  20              		.global	cy_meta_flashprotect
  21              		.global	cy_meta_wonvl
  22              		.global	cy_meta_custnvl
  23              		.global	cy_meta_configecc
  24              		.section	.cyconfigecc,"a",%progbits
  25              		.align	2
  26              		.type	cy_meta_configecc, %object
  27              		.size	cy_meta_configecc, 936
  28              	cy_meta_configecc:
  29 0000 03       		.byte	3
  30 0001 65       		.byte	101
  31 0002 00       		.byte	0
  32 0003 40       		.byte	64
  33 0004 02       		.byte	2
  34 0005 15       		.byte	21
  35 0006 01       		.byte	1
  36 0007 40       		.byte	64
  37 0008 6E       		.byte	110
  38 0009 18       		.byte	24
  39 000a 01       		.byte	1
  40 000b 40       		.byte	64
  41 000c 3D       		.byte	61
  42 000d 19       		.byte	25
  43 000e 01       		.byte	1
  44 000f 40       		.byte	64
  45 0010 19       		.byte	25
  46 0011 1A       		.byte	26
  47 0012 01       		.byte	1
  48 0013 40       		.byte	64
  49 0014 4B       		.byte	75
  50 0015 1B       		.byte	27
  51 0016 01       		.byte	1
  52 0017 40       		.byte	64
  53 0018 04       		.byte	4
  54 0019 40       		.byte	64
  55 001a 01       		.byte	1
  56 001b 40       		.byte	64
  57 001c 02       		.byte	2
ARM GAS  C:\Users\ESTEBAN\AppData\Local\Temp\ccGdTtaj.s 			page 2


  58 001d 41       		.byte	65
  59 001e 01       		.byte	1
  60 001f 40       		.byte	64
  61 0020 02       		.byte	2
  62 0021 42       		.byte	66
  63 0022 01       		.byte	1
  64 0023 40       		.byte	64
  65 0024 02       		.byte	2
  66 0025 43       		.byte	67
  67 0026 01       		.byte	1
  68 0027 40       		.byte	64
  69 0028 02       		.byte	2
  70 0029 44       		.byte	68
  71 002a 01       		.byte	1
  72 002b 40       		.byte	64
  73 002c 01       		.byte	1
  74 002d 45       		.byte	69
  75 002e 01       		.byte	1
  76 002f 40       		.byte	64
  77 0030 03       		.byte	3
  78 0031 46       		.byte	70
  79 0032 01       		.byte	1
  80 0033 40       		.byte	64
  81 0034 02       		.byte	2
  82 0035 47       		.byte	71
  83 0036 01       		.byte	1
  84 0037 40       		.byte	64
  85 0038 05       		.byte	5
  86 0039 48       		.byte	72
  87 003a 01       		.byte	1
  88 003b 40       		.byte	64
  89 003c 04       		.byte	4
  90 003d 49       		.byte	73
  91 003e 01       		.byte	1
  92 003f 40       		.byte	64
  93 0040 03       		.byte	3
  94 0041 4C       		.byte	76
  95 0042 01       		.byte	1
  96 0043 40       		.byte	64
  97 0044 09       		.byte	9
  98 0045 4D       		.byte	77
  99 0046 01       		.byte	1
 100 0047 40       		.byte	64
 101 0048 02       		.byte	2
 102 0049 50       		.byte	80
 103 004a 01       		.byte	1
 104 004b 40       		.byte	64
 105 004c 02       		.byte	2
 106 004d 51       		.byte	81
 107 004e 01       		.byte	1
 108 004f 40       		.byte	64
 109 0050 88       		.byte	-120
 110 0051 0F       		.byte	15
 111 0052 8A       		.byte	-118
 112 0053 72       		.byte	114
 113 0054 8B       		.byte	-117
 114 0055 38       		.byte	56
ARM GAS  C:\Users\ESTEBAN\AppData\Local\Temp\ccGdTtaj.s 			page 3


 115 0056 E6       		.byte	-26
 116 0057 02       		.byte	2
 117 0058 EC       		.byte	-20
 118 0059 10       		.byte	16
 119 005a 00       		.byte	0
 120 005b 2C       		.byte	44
 121 005c 02       		.byte	2
 122 005d 11       		.byte	17
 123 005e 04       		.byte	4
 124 005f 14       		.byte	20
 125 0060 07       		.byte	7
 126 0061 55       		.byte	85
 127 0062 08       		.byte	8
 128 0063 1C       		.byte	28
 129 0064 0A       		.byte	10
 130 0065 22       		.byte	34
 131 0066 0C       		.byte	12
 132 0067 30       		.byte	48
 133 0068 0D       		.byte	13
 134 0069 03       		.byte	3
 135 006a 0E       		.byte	14
 136 006b 0C       		.byte	12
 137 006c 0F       		.byte	15
 138 006d 44       		.byte	68
 139 006e 11       		.byte	17
 140 006f 73       		.byte	115
 141 0070 12       		.byte	18
 142 0071 03       		.byte	3
 143 0072 13       		.byte	19
 144 0073 04       		.byte	4
 145 0074 14       		.byte	20
 146 0075 09       		.byte	9
 147 0076 16       		.byte	22
 148 0077 10       		.byte	16
 149 0078 1B       		.byte	27
 150 0079 08       		.byte	8
 151 007a 1D       		.byte	29
 152 007b 73       		.byte	115
 153 007c 1F       		.byte	31
 154 007d 0C       		.byte	12
 155 007e 20       		.byte	32
 156 007f 10       		.byte	16
 157 0080 24       		.byte	36
 158 0081 80       		.byte	-128
 159 0082 25       		.byte	37
 160 0083 2A       		.byte	42
 161 0084 27       		.byte	39
 162 0085 44       		.byte	68
 163 0086 28       		.byte	40
 164 0087 40       		.byte	64
 165 0088 2D       		.byte	45
 166 0089 80       		.byte	-128
 167 008a 30       		.byte	48
 168 008b 1F       		.byte	31
 169 008c 31       		.byte	49
 170 008d 40       		.byte	64
 171 008e 32       		.byte	50
ARM GAS  C:\Users\ESTEBAN\AppData\Local\Temp\ccGdTtaj.s 			page 4


 172 008f 60       		.byte	96
 173 0090 33       		.byte	51
 174 0091 80       		.byte	-128
 175 0092 34       		.byte	52
 176 0093 80       		.byte	-128
 177 0094 35       		.byte	53
 178 0095 30       		.byte	48
 179 0096 37       		.byte	55
 180 0097 0F       		.byte	15
 181 0098 38       		.byte	56
 182 0099 08       		.byte	8
 183 009a 39       		.byte	57
 184 009b 20       		.byte	32
 185 009c 3B       		.byte	59
 186 009d 80       		.byte	-128
 187 009e 3E       		.byte	62
 188 009f 10       		.byte	16
 189 00a0 3F       		.byte	63
 190 00a1 15       		.byte	21
 191 00a2 40       		.byte	64
 192 00a3 12       		.byte	18
 193 00a4 41       		.byte	65
 194 00a5 04       		.byte	4
 195 00a6 45       		.byte	69
 196 00a7 0E       		.byte	14
 197 00a8 46       		.byte	70
 198 00a9 BC       		.byte	-68
 199 00aa 48       		.byte	72
 200 00ab 0D       		.byte	13
 201 00ac 49       		.byte	73
 202 00ad FF       		.byte	-1
 203 00ae 4A       		.byte	74
 204 00af FF       		.byte	-1
 205 00b0 4B       		.byte	75
 206 00b1 FF       		.byte	-1
 207 00b2 4E       		.byte	78
 208 00b3 F0       		.byte	-16
 209 00b4 4F       		.byte	79
 210 00b5 44       		.byte	68
 211 00b6 50       		.byte	80
 212 00b7 0C       		.byte	12
 213 00b8 54       		.byte	84
 214 00b9 01       		.byte	1
 215 00ba 58       		.byte	88
 216 00bb 04       		.byte	4
 217 00bc 59       		.byte	89
 218 00bd 04       		.byte	4
 219 00be 5A       		.byte	90
 220 00bf 04       		.byte	4
 221 00c0 5B       		.byte	91
 222 00c1 04       		.byte	4
 223 00c2 5C       		.byte	92
 224 00c3 11       		.byte	17
 225 00c4 5D       		.byte	93
 226 00c5 11       		.byte	17
 227 00c6 5F       		.byte	95
 228 00c7 01       		.byte	1
ARM GAS  C:\Users\ESTEBAN\AppData\Local\Temp\ccGdTtaj.s 			page 5


 229 00c8 66       		.byte	102
 230 00c9 C0       		.byte	-64
 231 00ca 6A       		.byte	106
 232 00cb 40       		.byte	64
 233 00cc 6B       		.byte	107
 234 00cd 02       		.byte	2
 235 00ce 80       		.byte	-128
 236 00cf 01       		.byte	1
 237 00d0 82       		.byte	-126
 238 00d1 0E       		.byte	14
 239 00d2 84       		.byte	-124
 240 00d3 60       		.byte	96
 241 00d4 85       		.byte	-123
 242 00d5 01       		.byte	1
 243 00d6 87       		.byte	-121
 244 00d7 06       		.byte	6
 245 00d8 88       		.byte	-120
 246 00d9 60       		.byte	96
 247 00da 8C       		.byte	-116
 248 00db 01       		.byte	1
 249 00dc 8E       		.byte	-114
 250 00dd 16       		.byte	22
 251 00de 90       		.byte	-112
 252 00df 20       		.byte	32
 253 00e0 91       		.byte	-111
 254 00e1 02       		.byte	2
 255 00e2 92       		.byte	-110
 256 00e3 40       		.byte	64
 257 00e4 93       		.byte	-109
 258 00e5 01       		.byte	1
 259 00e6 95       		.byte	-107
 260 00e7 0F       		.byte	15
 261 00e8 98       		.byte	-104
 262 00e9 1C       		.byte	28
 263 00ea 99       		.byte	-103
 264 00eb 0F       		.byte	15
 265 00ec 9A       		.byte	-102
 266 00ed 03       		.byte	3
 267 00ee 9C       		.byte	-100
 268 00ef 40       		.byte	64
 269 00f0 9D       		.byte	-99
 270 00f1 08       		.byte	8
 271 00f2 9E       		.byte	-98
 272 00f3 20       		.byte	32
 273 00f4 A6       		.byte	-90
 274 00f5 03       		.byte	3
 275 00f6 AA       		.byte	-86
 276 00f7 1C       		.byte	28
 277 00f8 AD       		.byte	-83
 278 00f9 04       		.byte	4
 279 00fa AE       		.byte	-82
 280 00fb 08       		.byte	8
 281 00fc AF       		.byte	-81
 282 00fd 01       		.byte	1
 283 00fe B0       		.byte	-80
 284 00ff 1A       		.byte	26
 285 0100 B1       		.byte	-79
ARM GAS  C:\Users\ESTEBAN\AppData\Local\Temp\ccGdTtaj.s 			page 6


 286 0101 08       		.byte	8
 287 0102 B3       		.byte	-77
 288 0103 07       		.byte	7
 289 0104 B4       		.byte	-76
 290 0105 0F       		.byte	15
 291 0106 B6       		.byte	-74
 292 0107 60       		.byte	96
 293 0108 B9       		.byte	-71
 294 0109 20       		.byte	32
 295 010a BA       		.byte	-70
 296 010b 22       		.byte	34
 297 010c BF       		.byte	-65
 298 010d 10       		.byte	16
 299 010e C0       		.byte	-64
 300 010f 02       		.byte	2
 301 0110 C7       		.byte	-57
 302 0111 40       		.byte	64
 303 0112 C9       		.byte	-55
 304 0113 FF       		.byte	-1
 305 0114 CA       		.byte	-54
 306 0115 07       		.byte	7
 307 0116 CB       		.byte	-53
 308 0117 FF       		.byte	-1
 309 0118 CC       		.byte	-52
 310 0119 40       		.byte	64
 311 011a CD       		.byte	-51
 312 011b 20       		.byte	32
 313 011c CE       		.byte	-50
 314 011d F0       		.byte	-16
 315 011e CF       		.byte	-49
 316 011f 05       		.byte	5
 317 0120 D0       		.byte	-48
 318 0121 08       		.byte	8
 319 0122 D8       		.byte	-40
 320 0123 04       		.byte	4
 321 0124 D9       		.byte	-39
 322 0125 04       		.byte	4
 323 0126 DA       		.byte	-38
 324 0127 04       		.byte	4
 325 0128 DC       		.byte	-36
 326 0129 11       		.byte	17
 327 012a DD       		.byte	-35
 328 012b 01       		.byte	1
 329 012c DF       		.byte	-33
 330 012d 01       		.byte	1
 331 012e E0       		.byte	-32
 332 012f 40       		.byte	64
 333 0130 E1       		.byte	-31
 334 0131 A8       		.byte	-88
 335 0132 E2       		.byte	-30
 336 0133 40       		.byte	64
 337 0134 E3       		.byte	-29
 338 0135 20       		.byte	32
 339 0136 01       		.byte	1
 340 0137 02       		.byte	2
 341 0138 03       		.byte	3
 342 0139 15       		.byte	21
ARM GAS  C:\Users\ESTEBAN\AppData\Local\Temp\ccGdTtaj.s 			page 7


 343 013a 05       		.byte	5
 344 013b 22       		.byte	34
 345 013c 06       		.byte	6
 346 013d 10       		.byte	16
 347 013e 07       		.byte	7
 348 013f 01       		.byte	1
 349 0140 0A       		.byte	10
 350 0141 06       		.byte	6
 351 0142 0B       		.byte	11
 352 0143 80       		.byte	-128
 353 0144 0C       		.byte	12
 354 0145 04       		.byte	4
 355 0146 0E       		.byte	14
 356 0147 60       		.byte	96
 357 0148 10       		.byte	16
 358 0149 04       		.byte	4
 359 014a 12       		.byte	18
 360 014b 01       		.byte	1
 361 014c 13       		.byte	19
 362 014d 04       		.byte	4
 363 014e 15       		.byte	21
 364 014f 06       		.byte	6
 365 0150 16       		.byte	22
 366 0151 08       		.byte	8
 367 0152 19       		.byte	25
 368 0153 62       		.byte	98
 369 0154 1A       		.byte	26
 370 0155 06       		.byte	6
 371 0156 1B       		.byte	27
 372 0157 20       		.byte	32
 373 0158 1E       		.byte	30
 374 0159 68       		.byte	104
 375 015a 20       		.byte	32
 376 015b 28       		.byte	40
 377 015c 21       		.byte	33
 378 015d 04       		.byte	4
 379 015e 22       		.byte	34
 380 015f 02       		.byte	2
 381 0160 24       		.byte	36
 382 0161 64       		.byte	100
 383 0162 25       		.byte	37
 384 0163 40       		.byte	64
 385 0164 26       		.byte	38
 386 0165 80       		.byte	-128
 387 0166 27       		.byte	39
 388 0167 01       		.byte	1
 389 0168 29       		.byte	41
 390 0169 40       		.byte	64
 391 016a 2E       		.byte	46
 392 016b 40       		.byte	64
 393 016c 2F       		.byte	47
 394 016d 20       		.byte	32
 395 016e 30       		.byte	48
 396 016f 02       		.byte	2
 397 0170 32       		.byte	50
 398 0171 40       		.byte	64
 399 0172 33       		.byte	51
ARM GAS  C:\Users\ESTEBAN\AppData\Local\Temp\ccGdTtaj.s 			page 8


 400 0173 14       		.byte	20
 401 0174 35       		.byte	53
 402 0175 02       		.byte	2
 403 0176 36       		.byte	54
 404 0177 90       		.byte	-112
 405 0178 37       		.byte	55
 406 0179 02       		.byte	2
 407 017a 39       		.byte	57
 408 017b 08       		.byte	8
 409 017c 3E       		.byte	62
 410 017d 08       		.byte	8
 411 017e 3F       		.byte	63
 412 017f 84       		.byte	-124
 413 0180 40       		.byte	64
 414 0181 04       		.byte	4
 415 0182 45       		.byte	69
 416 0183 40       		.byte	64
 417 0184 46       		.byte	70
 418 0185 08       		.byte	8
 419 0186 47       		.byte	71
 420 0187 02       		.byte	2
 421 0188 4B       		.byte	75
 422 0189 04       		.byte	4
 423 018a 4D       		.byte	77
 424 018b 04       		.byte	4
 425 018c 51       		.byte	81
 426 018d 01       		.byte	1
 427 018e 52       		.byte	82
 428 018f 01       		.byte	1
 429 0190 54       		.byte	84
 430 0191 80       		.byte	-128
 431 0192 56       		.byte	86
 432 0193 10       		.byte	16
 433 0194 57       		.byte	87
 434 0195 40       		.byte	64
 435 0196 5C       		.byte	92
 436 0197 42       		.byte	66
 437 0198 5E       		.byte	94
 438 0199 08       		.byte	8
 439 019a 5F       		.byte	95
 440 019b 10       		.byte	16
 441 019c 84       		.byte	-124
 442 019d 04       		.byte	4
 443 019e C0       		.byte	-64
 444 019f FF       		.byte	-1
 445 01a0 C2       		.byte	-62
 446 01a1 3B       		.byte	59
 447 01a2 C4       		.byte	-60
 448 01a3 77       		.byte	119
 449 01a4 CA       		.byte	-54
 450 01a5 58       		.byte	88
 451 01a6 CC       		.byte	-52
 452 01a7 BF       		.byte	-65
 453 01a8 CE       		.byte	-50
 454 01a9 52       		.byte	82
 455 01aa D0       		.byte	-48
 456 01ab B4       		.byte	-76
ARM GAS  C:\Users\ESTEBAN\AppData\Local\Temp\ccGdTtaj.s 			page 9


 457 01ac D6       		.byte	-42
 458 01ad F0       		.byte	-16
 459 01ae E4       		.byte	-28
 460 01af 02       		.byte	2
 461 01b0 82       		.byte	-126
 462 01b1 04       		.byte	4
 463 01b2 86       		.byte	-122
 464 01b3 04       		.byte	4
 465 01b4 8C       		.byte	-116
 466 01b5 09       		.byte	9
 467 01b6 92       		.byte	-110
 468 01b7 02       		.byte	2
 469 01b8 94       		.byte	-108
 470 01b9 08       		.byte	8
 471 01ba 96       		.byte	-106
 472 01bb 01       		.byte	1
 473 01bc 9A       		.byte	-102
 474 01bd 02       		.byte	2
 475 01be A8       		.byte	-88
 476 01bf 08       		.byte	8
 477 01c0 AA       		.byte	-86
 478 01c1 01       		.byte	1
 479 01c2 AC       		.byte	-84
 480 01c3 09       		.byte	9
 481 01c4 B0       		.byte	-80
 482 01c5 01       		.byte	1
 483 01c6 B2       		.byte	-78
 484 01c7 02       		.byte	2
 485 01c8 B4       		.byte	-76
 486 01c9 04       		.byte	4
 487 01ca B6       		.byte	-74
 488 01cb 08       		.byte	8
 489 01cc B8       		.byte	-72
 490 01cd 02       		.byte	2
 491 01ce BB       		.byte	-69
 492 01cf 02       		.byte	2
 493 01d0 BE       		.byte	-66
 494 01d1 54       		.byte	84
 495 01d2 D4       		.byte	-44
 496 01d3 18       		.byte	24
 497 01d4 D6       		.byte	-42
 498 01d5 04       		.byte	4
 499 01d6 D8       		.byte	-40
 500 01d7 04       		.byte	4
 501 01d8 D9       		.byte	-39
 502 01d9 04       		.byte	4
 503 01da DB       		.byte	-37
 504 01db 04       		.byte	4
 505 01dc DC       		.byte	-36
 506 01dd 11       		.byte	17
 507 01de DD       		.byte	-35
 508 01df 10       		.byte	16
 509 01e0 DF       		.byte	-33
 510 01e1 01       		.byte	1
 511 01e2 00       		.byte	0
 512 01e3 64       		.byte	100
 513 01e4 02       		.byte	2
ARM GAS  C:\Users\ESTEBAN\AppData\Local\Temp\ccGdTtaj.s 			page 10


 514 01e5 48       		.byte	72
 515 01e6 04       		.byte	4
 516 01e7 82       		.byte	-126
 517 01e8 07       		.byte	7
 518 01e9 20       		.byte	32
 519 01ea 08       		.byte	8
 520 01eb 08       		.byte	8
 521 01ec 0A       		.byte	10
 522 01ed 42       		.byte	66
 523 01ee 0B       		.byte	11
 524 01ef 02       		.byte	2
 525 01f0 0C       		.byte	12
 526 01f1 20       		.byte	32
 527 01f2 0D       		.byte	13
 528 01f3 02       		.byte	2
 529 01f4 0F       		.byte	15
 530 01f5 20       		.byte	32
 531 01f6 10       		.byte	16
 532 01f7 82       		.byte	-126
 533 01f8 13       		.byte	19
 534 01f9 14       		.byte	20
 535 01fa 15       		.byte	21
 536 01fb 20       		.byte	32
 537 01fc 17       		.byte	23
 538 01fd 40       		.byte	64
 539 01fe 18       		.byte	24
 540 01ff 81       		.byte	-127
 541 0200 19       		.byte	25
 542 0201 15       		.byte	21
 543 0202 1A       		.byte	26
 544 0203 40       		.byte	64
 545 0204 1B       		.byte	27
 546 0205 10       		.byte	16
 547 0206 1D       		.byte	29
 548 0207 42       		.byte	66
 549 0208 1E       		.byte	30
 550 0209 04       		.byte	4
 551 020a 1F       		.byte	31
 552 020b 04       		.byte	4
 553 020c 20       		.byte	32
 554 020d 04       		.byte	4
 555 020e 21       		.byte	33
 556 020f 18       		.byte	24
 557 0210 22       		.byte	34
 558 0211 10       		.byte	16
 559 0212 23       		.byte	35
 560 0213 21       		.byte	33
 561 0214 24       		.byte	36
 562 0215 40       		.byte	64
 563 0216 27       		.byte	39
 564 0217 40       		.byte	64
 565 0218 28       		.byte	40
 566 0219 08       		.byte	8
 567 021a 29       		.byte	41
 568 021b 95       		.byte	-107
 569 021c 2A       		.byte	42
 570 021d 40       		.byte	64
ARM GAS  C:\Users\ESTEBAN\AppData\Local\Temp\ccGdTtaj.s 			page 11


 571 021e 30       		.byte	48
 572 021f 82       		.byte	-126
 573 0220 32       		.byte	50
 574 0221 18       		.byte	24
 575 0222 38       		.byte	56
 576 0223 68       		.byte	104
 577 0224 3B       		.byte	59
 578 0225 02       		.byte	2
 579 0226 40       		.byte	64
 580 0227 41       		.byte	65
 581 0228 41       		.byte	65
 582 0229 08       		.byte	8
 583 022a 48       		.byte	72
 584 022b 08       		.byte	8
 585 022c 49       		.byte	73
 586 022d 80       		.byte	-128
 587 022e 4A       		.byte	74
 588 022f 02       		.byte	2
 589 0230 50       		.byte	80
 590 0231 21       		.byte	33
 591 0232 59       		.byte	89
 592 0233 40       		.byte	64
 593 0234 5F       		.byte	95
 594 0235 01       		.byte	1
 595 0236 66       		.byte	102
 596 0237 80       		.byte	-128
 597 0238 67       		.byte	103
 598 0239 48       		.byte	72
 599 023a 6A       		.byte	106
 600 023b 80       		.byte	-128
 601 023c 6B       		.byte	107
 602 023d 14       		.byte	20
 603 023e 70       		.byte	112
 604 023f 94       		.byte	-108
 605 0240 73       		.byte	115
 606 0241 14       		.byte	20
 607 0242 87       		.byte	-121
 608 0243 40       		.byte	64
 609 0244 88       		.byte	-120
 610 0245 02       		.byte	2
 611 0246 8A       		.byte	-118
 612 0247 84       		.byte	-124
 613 0248 8B       		.byte	-117
 614 0249 40       		.byte	64
 615 024a 8C       		.byte	-116
 616 024b 48       		.byte	72
 617 024c 92       		.byte	-110
 618 024d 02       		.byte	2
 619 024e 96       		.byte	-106
 620 024f 80       		.byte	-128
 621 0250 97       		.byte	-105
 622 0251 80       		.byte	-128
 623 0252 9F       		.byte	-97
 624 0253 14       		.byte	20
 625 0254 A0       		.byte	-96
 626 0255 10       		.byte	16
 627 0256 A2       		.byte	-94
ARM GAS  C:\Users\ESTEBAN\AppData\Local\Temp\ccGdTtaj.s 			page 12


 628 0257 02       		.byte	2
 629 0258 A4       		.byte	-92
 630 0259 02       		.byte	2
 631 025a AC       		.byte	-84
 632 025b 82       		.byte	-126
 633 025c AD       		.byte	-83
 634 025d 04       		.byte	4
 635 025e AF       		.byte	-81
 636 025f 10       		.byte	16
 637 0260 B4       		.byte	-76
 638 0261 10       		.byte	16
 639 0262 C0       		.byte	-64
 640 0263 BF       		.byte	-65
 641 0264 C2       		.byte	-62
 642 0265 7D       		.byte	125
 643 0266 C4       		.byte	-60
 644 0267 CF       		.byte	-49
 645 0268 CA       		.byte	-54
 646 0269 0F       		.byte	15
 647 026a CC       		.byte	-52
 648 026b 0F       		.byte	15
 649 026c CE       		.byte	-50
 650 026d 0F       		.byte	15
 651 026e D0       		.byte	-48
 652 026f 0B       		.byte	11
 653 0270 D2       		.byte	-46
 654 0271 0C       		.byte	12
 655 0272 D6       		.byte	-42
 656 0273 88       		.byte	-120
 657 0274 D8       		.byte	-40
 658 0275 B0       		.byte	-80
 659 0276 EC       		.byte	-20
 660 0277 10       		.byte	16
 661 0278 36       		.byte	54
 662 0279 20       		.byte	32
 663 027a 3C       		.byte	60
 664 027b 40       		.byte	64
 665 027c CC       		.byte	-52
 666 027d 20       		.byte	32
 667 027e CE       		.byte	-50
 668 027f 20       		.byte	32
 669 0280 94       		.byte	-108
 670 0281 40       		.byte	64
 671 0282 A6       		.byte	-90
 672 0283 20       		.byte	32
 673 0284 94       		.byte	-108
 674 0285 40       		.byte	64
 675 0286 A6       		.byte	-90
 676 0287 20       		.byte	32
 677 0288 94       		.byte	-108
 678 0289 40       		.byte	64
 679 028a A6       		.byte	-90
 680 028b 20       		.byte	32
 681 028c 7E       		.byte	126
 682 028d 20       		.byte	32
 683 028e DE       		.byte	-34
 684 028f 01       		.byte	1
ARM GAS  C:\Users\ESTEBAN\AppData\Local\Temp\ccGdTtaj.s 			page 13


 685 0290 A6       		.byte	-90
 686 0291 20       		.byte	32
 687 0292 45       		.byte	69
 688 0293 08       		.byte	8
 689 0294 A6       		.byte	-90
 690 0295 20       		.byte	32
 691 0296 D0       		.byte	-48
 692 0297 01       		.byte	1
 693 0298 A5       		.byte	-91
 694 0299 08       		.byte	8
 695 029a A6       		.byte	-90
 696 029b 20       		.byte	32
 697 029c 24       		.byte	36
 698 029d 40       		.byte	64
 699 029e 25       		.byte	37
 700 029f 10       		.byte	16
 701 02a0 94       		.byte	-108
 702 02a1 40       		.byte	64
 703 02a2 A6       		.byte	-90
 704 02a3 20       		.byte	32
 705 02a4 C8       		.byte	-56
 706 02a5 A0       		.byte	-96
 707 02a6 86       		.byte	-122
 708 02a7 20       		.byte	32
 709 02a8 A6       		.byte	-90
 710 02a9 20       		.byte	32
 711 02aa B5       		.byte	-75
 712 02ab 10       		.byte	16
 713 02ac E6       		.byte	-26
 714 02ad 40       		.byte	64
 715 02ae 86       		.byte	-122
 716 02af 20       		.byte	32
 717 02b0 A5       		.byte	-91
 718 02b1 08       		.byte	8
 719 02b2 A6       		.byte	-90
 720 02b3 20       		.byte	32
 721 02b4 10       		.byte	16
 722 02b5 80       		.byte	-128
 723 02b6 75       		.byte	117
 724 02b7 01       		.byte	1
 725 02b8 88       		.byte	-120
 726 02b9 80       		.byte	-128
 727 02ba 99       		.byte	-103
 728 02bb 01       		.byte	1
 729 02bc B5       		.byte	-75
 730 02bd 09       		.byte	9
 731 02be C4       		.byte	-60
 732 02bf 08       		.byte	8
 733 02c0 DE       		.byte	-34
 734 02c1 04       		.byte	4
 735 02c2 E6       		.byte	-26
 736 02c3 01       		.byte	1
 737 02c4 EC       		.byte	-20
 738 02c5 0A       		.byte	10
 739 02c6 10       		.byte	16
 740 02c7 02       		.byte	2
 741 02c8 1C       		.byte	28
ARM GAS  C:\Users\ESTEBAN\AppData\Local\Temp\ccGdTtaj.s 			page 14


 742 02c9 02       		.byte	2
 743 02ca 00       		.byte	0
 744 02cb 0D       		.byte	13
 745 02cc 10       		.byte	16
 746 02cd 02       		.byte	2
 747 02ce 00       		.byte	0
 748 02cf 00       		.byte	0
 749 02d0 80       		.byte	-128
 750 02d1 80       		.byte	-128
 751 02d2 00       		.byte	0
 752 02d3 00       		.byte	0
 753 02d4 40       		.byte	64
 754 02d5 00       		.byte	0
 755 02d6 00       		.byte	0
 756 02d7 00       		.byte	0
 757 02d8 00       		.byte	0
 758 02d9 80       		.byte	-128
 759 02da 23       		.byte	35
 760 02db 00       		.byte	0
 761 02dc 0C       		.byte	12
 762 02dd 18       		.byte	24
 763 02de 23       		.byte	35
 764 02df 00       		.byte	0
 765 02e0 03       		.byte	3
 766 02e1 08       		.byte	8
 767 02e2 40       		.byte	64
 768 02e3 00       		.byte	0
 769 02e4 2F       		.byte	47
 770 02e5 FF       		.byte	-1
 771 02e6 00       		.byte	0
 772 02e7 00       		.byte	0
 773 02e8 23       		.byte	35
 774 02e9 44       		.byte	68
 775 02ea 0C       		.byte	12
 776 02eb 00       		.byte	0
 777 02ec 0F       		.byte	15
 778 02ed C0       		.byte	-64
 779 02ee 20       		.byte	32
 780 02ef 00       		.byte	0
 781 02f0 00       		.byte	0
 782 02f1 3C       		.byte	60
 783 02f2 00       		.byte	0
 784 02f3 C2       		.byte	-62
 785 02f4 02       		.byte	2
 786 02f5 10       		.byte	16
 787 02f6 80       		.byte	-128
 788 02f7 00       		.byte	0
 789 02f8 08       		.byte	8
 790 02f9 E7       		.byte	-25
 791 02fa 00       		.byte	0
 792 02fb 18       		.byte	24
 793 02fc 04       		.byte	4
 794 02fd 00       		.byte	0
 795 02fe 00       		.byte	0
 796 02ff 04       		.byte	4
 797 0300 0C       		.byte	12
 798 0301 1C       		.byte	28
ARM GAS  C:\Users\ESTEBAN\AppData\Local\Temp\ccGdTtaj.s 			page 15


 799 0302 00       		.byte	0
 800 0303 E1       		.byte	-31
 801 0304 01       		.byte	1
 802 0305 00       		.byte	0
 803 0306 90       		.byte	-112
 804 0307 E3       		.byte	-29
 805 0308 0F       		.byte	15
 806 0309 00       		.byte	0
 807 030a 10       		.byte	16
 808 030b 38       		.byte	56
 809 030c 2C       		.byte	44
 810 030d 1F       		.byte	31
 811 030e C0       		.byte	-64
 812 030f C0       		.byte	-64
 813 0310 00       		.byte	0
 814 0311 00       		.byte	0
 815 0312 22       		.byte	34
 816 0313 20       		.byte	32
 817 0314 00       		.byte	0
 818 0315 00       		.byte	0
 819 0316 40       		.byte	64
 820 0317 00       		.byte	0
 821 0318 65       		.byte	101
 822 0319 04       		.byte	4
 823 031a 03       		.byte	3
 824 031b 00       		.byte	0
 825 031c 01       		.byte	1
 826 031d 00       		.byte	0
 827 031e E0       		.byte	-32
 828 031f C0       		.byte	-64
 829 0320 28       		.byte	40
 830 0321 FF       		.byte	-1
 831 0322 FF       		.byte	-1
 832 0323 FF       		.byte	-1
 833 0324 62       		.byte	98
 834 0325 A0       		.byte	-96
 835 0326 F0       		.byte	-16
 836 0327 41       		.byte	65
 837 0328 0C       		.byte	12
 838 0329 00       		.byte	0
 839 032a 00       		.byte	0
 840 032b 00       		.byte	0
 841 032c 00       		.byte	0
 842 032d 00       		.byte	0
 843 032e 02       		.byte	2
 844 032f 10       		.byte	16
 845 0330 04       		.byte	4
 846 0331 04       		.byte	4
 847 0332 04       		.byte	4
 848 0333 04       		.byte	4
 849 0334 11       		.byte	17
 850 0335 11       		.byte	17
 851 0336 00       		.byte	0
 852 0337 01       		.byte	1
 853 0338 00       		.byte	0
 854 0339 00       		.byte	0
 855 033a 00       		.byte	0
ARM GAS  C:\Users\ESTEBAN\AppData\Local\Temp\ccGdTtaj.s 			page 16


 856 033b 00       		.byte	0
 857 033c 00       		.byte	0
 858 033d 00       		.byte	0
 859 033e 40       		.byte	64
 860 033f 02       		.byte	2
 861 0340 00       		.byte	0
 862 0341 10       		.byte	16
 863 0342 30       		.byte	48
 864 0343 10       		.byte	16
 865 0344 00       		.byte	0
 866 0345 10       		.byte	16
 867 0346 10       		.byte	16
 868 0347 12       		.byte	18
 869 0348 00       		.byte	0
 870 0349 00       		.byte	0
 871 034a 00       		.byte	0
 872 034b 00       		.byte	0
 873 034c 00       		.byte	0
 874 034d 00       		.byte	0
 875 034e 00       		.byte	0
 876 034f 00       		.byte	0
 877 0350 00       		.byte	0
 878 0351 00       		.byte	0
 879 0352 00       		.byte	0
 880 0353 00       		.byte	0
 881 0354 00       		.byte	0
 882 0355 00       		.byte	0
 883 0356 00       		.byte	0
 884 0357 00       		.byte	0
 885 0358 00       		.byte	0
 886 0359 FF       		.byte	-1
 887 035a FF       		.byte	-1
 888 035b 00       		.byte	0
 889 035c 00       		.byte	0
 890 035d 00       		.byte	0
 891 035e 00       		.byte	0
 892 035f 00       		.byte	0
 893 0360 FF       		.byte	-1
 894 0361 00       		.byte	0
 895 0362 00       		.byte	0
 896 0363 00       		.byte	0
 897 0364 00       		.byte	0
 898 0365 00       		.byte	0
 899 0366 00       		.byte	0
 900 0367 00       		.byte	0
 901 0368 80       		.byte	-128
 902 0369 00       		.byte	0
 903 036a 40       		.byte	64
 904 036b 90       		.byte	-112
 905 036c 90       		.byte	-112
 906 036d 00       		.byte	0
 907 036e 80       		.byte	-128
 908 036f 00       		.byte	0
 909 0370 00       		.byte	0
 910 0371 00       		.byte	0
 911 0372 00       		.byte	0
 912 0373 00       		.byte	0
ARM GAS  C:\Users\ESTEBAN\AppData\Local\Temp\ccGdTtaj.s 			page 17


 913 0374 00       		.byte	0
 914 0375 00       		.byte	0
 915 0376 00       		.byte	0
 916 0377 00       		.byte	0
 917 0378 00       		.byte	0
 918 0379 00       		.byte	0
 919 037a 02       		.byte	2
 920 037b 00       		.byte	0
 921 037c 40       		.byte	64
 922 037d 1B       		.byte	27
 923 037e 1B       		.byte	27
 924 037f 00       		.byte	0
 925 0380 00       		.byte	0
 926 0381 00       		.byte	0
 927 0382 00       		.byte	0
 928 0383 00       		.byte	0
 929 0384 00       		.byte	0
 930 0385 B0       		.byte	-80
 931 0386 B0       		.byte	-80
 932 0387 00       		.byte	0
 933 0388 00       		.byte	0
 934 0389 00       		.byte	0
 935 038a 00       		.byte	0
 936 038b 00       		.byte	0
 937 038c B0       		.byte	-80
 938 038d 00       		.byte	0
 939 038e 00       		.byte	0
 940 038f 00       		.byte	0
 941 0390 00       		.byte	0
 942 0391 00       		.byte	0
 943 0392 00       		.byte	0
 944 0393 00       		.byte	0
 945 0394 00       		.byte	0
 946 0395 1F       		.byte	31
 947 0396 1F       		.byte	31
 948 0397 00       		.byte	0
 949 0398 00       		.byte	0
 950 0399 00       		.byte	0
 951 039a 00       		.byte	0
 952 039b 00       		.byte	0
 953 039c 1F       		.byte	31
 954 039d 00       		.byte	0
 955 039e 00       		.byte	0
 956 039f 00       		.byte	0
 957 03a0 00       		.byte	0
 958 03a1 00       		.byte	0
 959 03a2 00       		.byte	0
 960 03a3 00       		.byte	0
 961 03a4 25       		.byte	37
 962 03a5 00       		.byte	0
 963 03a6 18       		.byte	24
 964 03a7 01       		.byte	1
 965              		.section	.cywolatch,"a",%progbits
 966              		.align	2
 967              		.type	cy_meta_wonvl, %object
 968              		.size	cy_meta_wonvl, 4
 969              	cy_meta_wonvl:
ARM GAS  C:\Users\ESTEBAN\AppData\Local\Temp\ccGdTtaj.s 			page 18


 970 0000 BC       		.byte	-68
 971 0001 90       		.byte	-112
 972 0002 AC       		.byte	-84
 973 0003 AF       		.byte	-81
 974              		.section	.cycustnvl,"a",%progbits
 975              		.align	2
 976              		.type	cy_meta_custnvl, %object
 977              		.size	cy_meta_custnvl, 4
 978              	cy_meta_custnvl:
 979 0000 00       		.byte	0
 980 0001 00       		.byte	0
 981 0002 40       		.byte	64
 982 0003 05       		.byte	5
 983              		.section	.cymeta,"a",%progbits
 984              		.align	2
 985              		.type	cy_metadata, %object
 986              		.size	cy_metadata, 12
 987              	cy_metadata:
 988 0000 00       		.byte	0
 989 0001 01       		.byte	1
 990 0002 2E       		.byte	46
 991 0003 16       		.byte	22
 992 0004 10       		.byte	16
 993 0005 69       		.byte	105
 994 0006 00       		.byte	0
 995 0007 01       		.byte	1
 996 0008 00       		.byte	0
 997 0009 00       		.byte	0
 998 000a 00       		.byte	0
 999 000b 00       		.byte	0
 1000              		.section	.cyflashprotect,"a",%progbits
 1001              		.align	2
 1002              		.type	cy_meta_flashprotect, %object
 1003              		.size	cy_meta_flashprotect, 256
 1004              	cy_meta_flashprotect:
 1005 0000 00000000 		.space	256
 1005      00000000 
 1005      00000000 
 1005      00000000 
 1005      00000000 
 1006              		.text
 1007              	.Letext0:
 1008              		.file 1 "c:\\program files (x86)\\cypress\\psoc creator\\4.2\\psoc creator\\import\\gnu\\arm\\5.4.
 1009              		.file 2 "c:\\program files (x86)\\cypress\\psoc creator\\4.2\\psoc creator\\import\\gnu\\arm\\5.4.
 1010              		.file 3 "Generated_Source\\PSoC5\\cymetadata.c"
 1011              		.section	.debug_info,"",%progbits
 1012              	.Ldebug_info0:
 1013 0000 31010000 		.4byte	0x131
 1014 0004 0400     		.2byte	0x4
 1015 0006 00000000 		.4byte	.Ldebug_abbrev0
 1016 000a 04       		.byte	0x4
 1017 000b 01       		.uleb128 0x1
 1018 000c 24000000 		.4byte	.LASF17
 1019 0010 0C       		.byte	0xc
 1020 0011 D2010000 		.4byte	.LASF18
 1021 0015 5F010000 		.4byte	.LASF19
 1022 0019 00000000 		.4byte	.Ldebug_line0
ARM GAS  C:\Users\ESTEBAN\AppData\Local\Temp\ccGdTtaj.s 			page 19


 1023 001d 02       		.uleb128 0x2
 1024 001e 01       		.byte	0x1
 1025 001f 06       		.byte	0x6
 1026 0020 C6010000 		.4byte	.LASF0
 1027 0024 03       		.uleb128 0x3
 1028 0025 00000000 		.4byte	.LASF9
 1029 0029 01       		.byte	0x1
 1030 002a 1D       		.byte	0x1d
 1031 002b 2F000000 		.4byte	0x2f
 1032 002f 02       		.uleb128 0x2
 1033 0030 01       		.byte	0x1
 1034 0031 08       		.byte	0x8
 1035 0032 16000000 		.4byte	.LASF1
 1036 0036 02       		.uleb128 0x2
 1037 0037 02       		.byte	0x2
 1038 0038 05       		.byte	0x5
 1039 0039 B3010000 		.4byte	.LASF2
 1040 003d 02       		.uleb128 0x2
 1041 003e 02       		.byte	0x2
 1042 003f 07       		.byte	0x7
 1043 0040 C4000000 		.4byte	.LASF3
 1044 0044 02       		.uleb128 0x2
 1045 0045 04       		.byte	0x4
 1046 0046 05       		.byte	0x5
 1047 0047 BD010000 		.4byte	.LASF4
 1048 004b 02       		.uleb128 0x2
 1049 004c 04       		.byte	0x4
 1050 004d 07       		.byte	0x7
 1051 004e B2000000 		.4byte	.LASF5
 1052 0052 02       		.uleb128 0x2
 1053 0053 08       		.byte	0x8
 1054 0054 05       		.byte	0x5
 1055 0055 51010000 		.4byte	.LASF6
 1056 0059 02       		.uleb128 0x2
 1057 005a 08       		.byte	0x8
 1058 005b 07       		.byte	0x7
 1059 005c 06010000 		.4byte	.LASF7
 1060 0060 04       		.uleb128 0x4
 1061 0061 04       		.byte	0x4
 1062 0062 05       		.byte	0x5
 1063 0063 696E7400 		.ascii	"int\000"
 1064 0067 02       		.uleb128 0x2
 1065 0068 04       		.byte	0x4
 1066 0069 07       		.byte	0x7
 1067 006a F9000000 		.4byte	.LASF8
 1068 006e 03       		.uleb128 0x3
 1069 006f 1D010000 		.4byte	.LASF10
 1070 0073 02       		.byte	0x2
 1071 0074 18       		.byte	0x18
 1072 0075 24000000 		.4byte	0x24
 1073 0079 05       		.uleb128 0x5
 1074 007a 91000000 		.4byte	0x91
 1075 007e 8A000000 		.4byte	0x8a
 1076 0082 06       		.uleb128 0x6
 1077 0083 8A000000 		.4byte	0x8a
 1078 0087 A703     		.2byte	0x3a7
 1079 0089 00       		.byte	0
ARM GAS  C:\Users\ESTEBAN\AppData\Local\Temp\ccGdTtaj.s 			page 20


 1080 008a 02       		.uleb128 0x2
 1081 008b 04       		.byte	0x4
 1082 008c 07       		.byte	0x7
 1083 008d 48010000 		.4byte	.LASF11
 1084 0091 07       		.uleb128 0x7
 1085 0092 6E000000 		.4byte	0x6e
 1086 0096 08       		.uleb128 0x8
 1087 0097 E7000000 		.4byte	.LASF12
 1088 009b 03       		.byte	0x3
 1089 009c 1F       		.byte	0x1f
 1090 009d A7000000 		.4byte	0xa7
 1091 00a1 05       		.uleb128 0x5
 1092 00a2 03       		.byte	0x3
 1093 00a3 00000000 		.4byte	cy_meta_configecc
 1094 00a7 07       		.uleb128 0x7
 1095 00a8 79000000 		.4byte	0x79
 1096 00ac 05       		.uleb128 0x5
 1097 00ad 91000000 		.4byte	0x91
 1098 00b1 BC000000 		.4byte	0xbc
 1099 00b5 09       		.uleb128 0x9
 1100 00b6 8A000000 		.4byte	0x8a
 1101 00ba 03       		.byte	0x3
 1102 00bb 00       		.byte	0
 1103 00bc 08       		.uleb128 0x8
 1104 00bd D7000000 		.4byte	.LASF13
 1105 00c1 03       		.byte	0x3
 1106 00c2 A1       		.byte	0xa1
 1107 00c3 CD000000 		.4byte	0xcd
 1108 00c7 05       		.uleb128 0x5
 1109 00c8 03       		.byte	0x3
 1110 00c9 00000000 		.4byte	cy_meta_custnvl
 1111 00cd 07       		.uleb128 0x7
 1112 00ce AC000000 		.4byte	0xac
 1113 00d2 08       		.uleb128 0x8
 1114 00d3 3A010000 		.4byte	.LASF14
 1115 00d7 03       		.byte	0x3
 1116 00d8 AF       		.byte	0xaf
 1117 00d9 E3000000 		.4byte	0xe3
 1118 00dd 05       		.uleb128 0x5
 1119 00de 03       		.byte	0x3
 1120 00df 00000000 		.4byte	cy_meta_wonvl
 1121 00e3 07       		.uleb128 0x7
 1122 00e4 AC000000 		.4byte	0xac
 1123 00e8 05       		.uleb128 0x5
 1124 00e9 91000000 		.4byte	0x91
 1125 00ed F8000000 		.4byte	0xf8
 1126 00f1 09       		.uleb128 0x9
 1127 00f2 8A000000 		.4byte	0x8a
 1128 00f6 FF       		.byte	0xff
 1129 00f7 00       		.byte	0
 1130 00f8 08       		.uleb128 0x8
 1131 00f9 25010000 		.4byte	.LASF15
 1132 00fd 03       		.byte	0x3
 1133 00fe BD       		.byte	0xbd
 1134 00ff 09010000 		.4byte	0x109
 1135 0103 05       		.uleb128 0x5
 1136 0104 03       		.byte	0x3
ARM GAS  C:\Users\ESTEBAN\AppData\Local\Temp\ccGdTtaj.s 			page 21


 1137 0105 00000000 		.4byte	cy_meta_flashprotect
 1138 0109 07       		.uleb128 0x7
 1139 010a E8000000 		.4byte	0xe8
 1140 010e 05       		.uleb128 0x5
 1141 010f 91000000 		.4byte	0x91
 1142 0113 1E010000 		.4byte	0x11e
 1143 0117 09       		.uleb128 0x9
 1144 0118 8A000000 		.4byte	0x8a
 1145 011c 0B       		.byte	0xb
 1146 011d 00       		.byte	0
 1147 011e 08       		.uleb128 0x8
 1148 011f 0A000000 		.4byte	.LASF16
 1149 0123 03       		.byte	0x3
 1150 0124 EA       		.byte	0xea
 1151 0125 2F010000 		.4byte	0x12f
 1152 0129 05       		.uleb128 0x5
 1153 012a 03       		.byte	0x3
 1154 012b 00000000 		.4byte	cy_metadata
 1155 012f 07       		.uleb128 0x7
 1156 0130 0E010000 		.4byte	0x10e
 1157 0134 00       		.byte	0
 1158              		.section	.debug_abbrev,"",%progbits
 1159              	.Ldebug_abbrev0:
 1160 0000 01       		.uleb128 0x1
 1161 0001 11       		.uleb128 0x11
 1162 0002 01       		.byte	0x1
 1163 0003 25       		.uleb128 0x25
 1164 0004 0E       		.uleb128 0xe
 1165 0005 13       		.uleb128 0x13
 1166 0006 0B       		.uleb128 0xb
 1167 0007 03       		.uleb128 0x3
 1168 0008 0E       		.uleb128 0xe
 1169 0009 1B       		.uleb128 0x1b
 1170 000a 0E       		.uleb128 0xe
 1171 000b 10       		.uleb128 0x10
 1172 000c 17       		.uleb128 0x17
 1173 000d 00       		.byte	0
 1174 000e 00       		.byte	0
 1175 000f 02       		.uleb128 0x2
 1176 0010 24       		.uleb128 0x24
 1177 0011 00       		.byte	0
 1178 0012 0B       		.uleb128 0xb
 1179 0013 0B       		.uleb128 0xb
 1180 0014 3E       		.uleb128 0x3e
 1181 0015 0B       		.uleb128 0xb
 1182 0016 03       		.uleb128 0x3
 1183 0017 0E       		.uleb128 0xe
 1184 0018 00       		.byte	0
 1185 0019 00       		.byte	0
 1186 001a 03       		.uleb128 0x3
 1187 001b 16       		.uleb128 0x16
 1188 001c 00       		.byte	0
 1189 001d 03       		.uleb128 0x3
 1190 001e 0E       		.uleb128 0xe
 1191 001f 3A       		.uleb128 0x3a
 1192 0020 0B       		.uleb128 0xb
 1193 0021 3B       		.uleb128 0x3b
ARM GAS  C:\Users\ESTEBAN\AppData\Local\Temp\ccGdTtaj.s 			page 22


 1194 0022 0B       		.uleb128 0xb
 1195 0023 49       		.uleb128 0x49
 1196 0024 13       		.uleb128 0x13
 1197 0025 00       		.byte	0
 1198 0026 00       		.byte	0
 1199 0027 04       		.uleb128 0x4
 1200 0028 24       		.uleb128 0x24
 1201 0029 00       		.byte	0
 1202 002a 0B       		.uleb128 0xb
 1203 002b 0B       		.uleb128 0xb
 1204 002c 3E       		.uleb128 0x3e
 1205 002d 0B       		.uleb128 0xb
 1206 002e 03       		.uleb128 0x3
 1207 002f 08       		.uleb128 0x8
 1208 0030 00       		.byte	0
 1209 0031 00       		.byte	0
 1210 0032 05       		.uleb128 0x5
 1211 0033 01       		.uleb128 0x1
 1212 0034 01       		.byte	0x1
 1213 0035 49       		.uleb128 0x49
 1214 0036 13       		.uleb128 0x13
 1215 0037 01       		.uleb128 0x1
 1216 0038 13       		.uleb128 0x13
 1217 0039 00       		.byte	0
 1218 003a 00       		.byte	0
 1219 003b 06       		.uleb128 0x6
 1220 003c 21       		.uleb128 0x21
 1221 003d 00       		.byte	0
 1222 003e 49       		.uleb128 0x49
 1223 003f 13       		.uleb128 0x13
 1224 0040 2F       		.uleb128 0x2f
 1225 0041 05       		.uleb128 0x5
 1226 0042 00       		.byte	0
 1227 0043 00       		.byte	0
 1228 0044 07       		.uleb128 0x7
 1229 0045 26       		.uleb128 0x26
 1230 0046 00       		.byte	0
 1231 0047 49       		.uleb128 0x49
 1232 0048 13       		.uleb128 0x13
 1233 0049 00       		.byte	0
 1234 004a 00       		.byte	0
 1235 004b 08       		.uleb128 0x8
 1236 004c 34       		.uleb128 0x34
 1237 004d 00       		.byte	0
 1238 004e 03       		.uleb128 0x3
 1239 004f 0E       		.uleb128 0xe
 1240 0050 3A       		.uleb128 0x3a
 1241 0051 0B       		.uleb128 0xb
 1242 0052 3B       		.uleb128 0x3b
 1243 0053 0B       		.uleb128 0xb
 1244 0054 49       		.uleb128 0x49
 1245 0055 13       		.uleb128 0x13
 1246 0056 3F       		.uleb128 0x3f
 1247 0057 19       		.uleb128 0x19
 1248 0058 02       		.uleb128 0x2
 1249 0059 18       		.uleb128 0x18
 1250 005a 00       		.byte	0
ARM GAS  C:\Users\ESTEBAN\AppData\Local\Temp\ccGdTtaj.s 			page 23


 1251 005b 00       		.byte	0
 1252 005c 09       		.uleb128 0x9
 1253 005d 21       		.uleb128 0x21
 1254 005e 00       		.byte	0
 1255 005f 49       		.uleb128 0x49
 1256 0060 13       		.uleb128 0x13
 1257 0061 2F       		.uleb128 0x2f
 1258 0062 0B       		.uleb128 0xb
 1259 0063 00       		.byte	0
 1260 0064 00       		.byte	0
 1261 0065 00       		.byte	0
 1262              		.section	.debug_aranges,"",%progbits
 1263 0000 14000000 		.4byte	0x14
 1264 0004 0200     		.2byte	0x2
 1265 0006 00000000 		.4byte	.Ldebug_info0
 1266 000a 04       		.byte	0x4
 1267 000b 00       		.byte	0
 1268 000c 0000     		.2byte	0
 1269 000e 0000     		.2byte	0
 1270 0010 00000000 		.4byte	0
 1271 0014 00000000 		.4byte	0
 1272              		.section	.debug_line,"",%progbits
 1273              	.Ldebug_line0:
 1274 0000 3D010000 		.section	.debug_str,"MS",%progbits,1
 1274      02003701 
 1274      00000201 
 1274      FB0E0D00 
 1274      01010101 
 1275              	.LASF9:
 1276 0000 5F5F7569 		.ascii	"__uint8_t\000"
 1276      6E74385F 
 1276      7400
 1277              	.LASF16:
 1278 000a 63795F6D 		.ascii	"cy_metadata\000"
 1278      65746164 
 1278      61746100 
 1279              	.LASF1:
 1280 0016 756E7369 		.ascii	"unsigned char\000"
 1280      676E6564 
 1280      20636861 
 1280      7200
 1281              	.LASF17:
 1282 0024 474E5520 		.ascii	"GNU C11 5.4.1 20160609 (release) [ARM/embedded-5-br"
 1282      43313120 
 1282      352E342E 
 1282      31203230 
 1282      31363036 
 1283 0057 616E6368 		.ascii	"anch revision 237715] -mcpu=cortex-m3 -mthumb -g -O"
 1283      20726576 
 1283      6973696F 
 1283      6E203233 
 1283      37373135 
 1284 008a 67202D66 		.ascii	"g -ffunction-sections -ffat-lto-objects\000"
 1284      66756E63 
 1284      74696F6E 
 1284      2D736563 
 1284      74696F6E 
ARM GAS  C:\Users\ESTEBAN\AppData\Local\Temp\ccGdTtaj.s 			page 24


 1285              	.LASF5:
 1286 00b2 6C6F6E67 		.ascii	"long unsigned int\000"
 1286      20756E73 
 1286      69676E65 
 1286      6420696E 
 1286      7400
 1287              	.LASF3:
 1288 00c4 73686F72 		.ascii	"short unsigned int\000"
 1288      7420756E 
 1288      7369676E 
 1288      65642069 
 1288      6E7400
 1289              	.LASF13:
 1290 00d7 63795F6D 		.ascii	"cy_meta_custnvl\000"
 1290      6574615F 
 1290      63757374 
 1290      6E766C00 
 1291              	.LASF12:
 1292 00e7 63795F6D 		.ascii	"cy_meta_configecc\000"
 1292      6574615F 
 1292      636F6E66 
 1292      69676563 
 1292      6300
 1293              	.LASF8:
 1294 00f9 756E7369 		.ascii	"unsigned int\000"
 1294      676E6564 
 1294      20696E74 
 1294      00
 1295              	.LASF7:
 1296 0106 6C6F6E67 		.ascii	"long long unsigned int\000"
 1296      206C6F6E 
 1296      6720756E 
 1296      7369676E 
 1296      65642069 
 1297              	.LASF10:
 1298 011d 75696E74 		.ascii	"uint8_t\000"
 1298      385F7400 
 1299              	.LASF15:
 1300 0125 63795F6D 		.ascii	"cy_meta_flashprotect\000"
 1300      6574615F 
 1300      666C6173 
 1300      6870726F 
 1300      74656374 
 1301              	.LASF14:
 1302 013a 63795F6D 		.ascii	"cy_meta_wonvl\000"
 1302      6574615F 
 1302      776F6E76 
 1302      6C00
 1303              	.LASF11:
 1304 0148 73697A65 		.ascii	"sizetype\000"
 1304      74797065 
 1304      00
 1305              	.LASF6:
 1306 0151 6C6F6E67 		.ascii	"long long int\000"
 1306      206C6F6E 
 1306      6720696E 
 1306      7400
ARM GAS  C:\Users\ESTEBAN\AppData\Local\Temp\ccGdTtaj.s 			page 25


 1307              	.LASF19:
 1308 015f 443A5C55 		.ascii	"D:\\Users\\ESTEBAN\\Documents\\PSoC Creator\\Proyec"
 1308      73657273 
 1308      5C455354 
 1308      4542414E 
 1308      5C446F63 
 1309 018d 746F5F54 		.ascii	"to_Temperatura\\Lm35_7_segmentos.cydsn\000"
 1309      656D7065 
 1309      72617475 
 1309      72615C4C 
 1309      6D33355F 
 1310              	.LASF2:
 1311 01b3 73686F72 		.ascii	"short int\000"
 1311      7420696E 
 1311      7400
 1312              	.LASF4:
 1313 01bd 6C6F6E67 		.ascii	"long int\000"
 1313      20696E74 
 1313      00
 1314              	.LASF0:
 1315 01c6 7369676E 		.ascii	"signed char\000"
 1315      65642063 
 1315      68617200 
 1316              	.LASF18:
 1317 01d2 47656E65 		.ascii	"Generated_Source\\PSoC5\\cymetadata.c\000"
 1317      72617465 
 1317      645F536F 
 1317      75726365 
 1317      5C50536F 
 1318              		.ident	"GCC: (GNU Tools for ARM Embedded Processors) 5.4.1 20160609 (release) [ARM/embedded-5-bran
