ARM GAS  C:\Users\ESTEBAN\AppData\Local\Temp\ccvRENYa.s 			page 1


   1              		.syntax unified
   2              		.cpu cortex-m3
   3              		.fpu softvfp
   4              		.eabi_attribute 20, 1
   5              		.eabi_attribute 21, 1
   6              		.eabi_attribute 23, 3
   7              		.eabi_attribute 24, 1
   8              		.eabi_attribute 25, 1
   9              		.eabi_attribute 26, 1
  10              		.eabi_attribute 30, 1
  11              		.eabi_attribute 34, 1
  12              		.eabi_attribute 18, 4
  13              		.thumb
  14              		.syntax unified
  15              		.file	"LCD_SegStatic_1_Pins.c"
  16              		.text
  17              	.Ltext0:
  18              		.cfi_sections	.debug_frame
  19              		.section	.text.LCD_SegStatic_1_SegPort_SetDriveMode,"ax",%progbits
  20              		.align	2
  21              		.global	LCD_SegStatic_1_SegPort_SetDriveMode
  22              		.thumb
  23              		.thumb_func
  24              		.type	LCD_SegStatic_1_SegPort_SetDriveMode, %function
  25              	LCD_SegStatic_1_SegPort_SetDriveMode:
  26              	.LFB0:
  27              		.file 1 "Generated_Source\\PSoC5\\LCD_SegStatic_1_Pins.c"
   1:Generated_Source\PSoC5/LCD_SegStatic_1_Pins.c **** /*******************************************************************************
   2:Generated_Source\PSoC5/LCD_SegStatic_1_Pins.c **** * File Name: LCD_SegStatic_1.c
   3:Generated_Source\PSoC5/LCD_SegStatic_1_Pins.c **** * Version 2.30
   4:Generated_Source\PSoC5/LCD_SegStatic_1_Pins.c **** *
   5:Generated_Source\PSoC5/LCD_SegStatic_1_Pins.c **** * Description:
   6:Generated_Source\PSoC5/LCD_SegStatic_1_Pins.c **** *  This file provides the pin API source code for the Static Segment LCD
   7:Generated_Source\PSoC5/LCD_SegStatic_1_Pins.c **** *  component.
   8:Generated_Source\PSoC5/LCD_SegStatic_1_Pins.c **** *
   9:Generated_Source\PSoC5/LCD_SegStatic_1_Pins.c **** * Note:
  10:Generated_Source\PSoC5/LCD_SegStatic_1_Pins.c **** *
  11:Generated_Source\PSoC5/LCD_SegStatic_1_Pins.c **** ********************************************************************************
  12:Generated_Source\PSoC5/LCD_SegStatic_1_Pins.c **** * Copyright 2008-2013, Cypress Semiconductor Corporation.  All rights reserved.
  13:Generated_Source\PSoC5/LCD_SegStatic_1_Pins.c **** * You may use this file only in accordance with the license, terms, conditions,
  14:Generated_Source\PSoC5/LCD_SegStatic_1_Pins.c **** * disclaimers, and limitations in the end user license agreement accompanying
  15:Generated_Source\PSoC5/LCD_SegStatic_1_Pins.c **** * the software package with which this file was provided.
  16:Generated_Source\PSoC5/LCD_SegStatic_1_Pins.c **** *******************************************************************************/
  17:Generated_Source\PSoC5/LCD_SegStatic_1_Pins.c **** 
  18:Generated_Source\PSoC5/LCD_SegStatic_1_Pins.c **** #include <LCD_SegStatic_1_Pins.h>
  19:Generated_Source\PSoC5/LCD_SegStatic_1_Pins.c **** 
  20:Generated_Source\PSoC5/LCD_SegStatic_1_Pins.c **** /*******************************************************************************
  21:Generated_Source\PSoC5/LCD_SegStatic_1_Pins.c **** * Function Name: LCD_SegStatic_1_SegPort_SetDriveMode 
  22:Generated_Source\PSoC5/LCD_SegStatic_1_Pins.c **** ********************************************************************************
  23:Generated_Source\PSoC5/LCD_SegStatic_1_Pins.c **** * Summary:
  24:Generated_Source\PSoC5/LCD_SegStatic_1_Pins.c **** *  Change the drive mode on the pins of the port.
  25:Generated_Source\PSoC5/LCD_SegStatic_1_Pins.c **** *
  26:Generated_Source\PSoC5/LCD_SegStatic_1_Pins.c **** * Parameters:
  27:Generated_Source\PSoC5/LCD_SegStatic_1_Pins.c **** *  mode: Changes the pins to this drive mode.
  28:Generated_Source\PSoC5/LCD_SegStatic_1_Pins.c **** *
  29:Generated_Source\PSoC5/LCD_SegStatic_1_Pins.c **** * Return:
  30:Generated_Source\PSoC5/LCD_SegStatic_1_Pins.c **** *  void
ARM GAS  C:\Users\ESTEBAN\AppData\Local\Temp\ccvRENYa.s 			page 2


  31:Generated_Source\PSoC5/LCD_SegStatic_1_Pins.c **** *
  32:Generated_Source\PSoC5/LCD_SegStatic_1_Pins.c **** *******************************************************************************/
  33:Generated_Source\PSoC5/LCD_SegStatic_1_Pins.c **** void LCD_SegStatic_1_SegPort_SetDriveMode(uint8 mode) 
  34:Generated_Source\PSoC5/LCD_SegStatic_1_Pins.c **** {
  28              		.loc 1 34 0
  29              		.cfi_startproc
  30              		@ args = 0, pretend = 0, frame = 0
  31              		@ frame_needed = 0, uses_anonymous_args = 0
  32              		@ link register save eliminated.
  33              	.LVL0:
  35:Generated_Source\PSoC5/LCD_SegStatic_1_Pins.c ****     CyPins_SetPinDriveMode(LCD_SegStatic_1_SegPort_0, mode);
  34              		.loc 1 35 0
  35 0000 0D4A     		ldr	r2, .L2
  36 0002 1378     		ldrb	r3, [r2]	@ zero_extendqisi2
  37 0004 00F00E00 		and	r0, r0, #14
  38              	.LVL1:
  39 0008 03F0F103 		and	r3, r3, #241
  40 000c 0343     		orrs	r3, r3, r0
  41 000e 1370     		strb	r3, [r2]
  36:Generated_Source\PSoC5/LCD_SegStatic_1_Pins.c ****     CyPins_SetPinDriveMode(LCD_SegStatic_1_SegPort_1, mode);
  42              		.loc 1 36 0
  43 0010 0432     		adds	r2, r2, #4
  44 0012 1378     		ldrb	r3, [r2]	@ zero_extendqisi2
  45 0014 03F0F103 		and	r3, r3, #241
  46 0018 0343     		orrs	r3, r3, r0
  47 001a 1370     		strb	r3, [r2]
  37:Generated_Source\PSoC5/LCD_SegStatic_1_Pins.c ****     CyPins_SetPinDriveMode(LCD_SegStatic_1_SegPort_2, mode);
  48              		.loc 1 37 0
  49 001c 0132     		adds	r2, r2, #1
  50 001e 1378     		ldrb	r3, [r2]	@ zero_extendqisi2
  51 0020 03F0F103 		and	r3, r3, #241
  52 0024 0343     		orrs	r3, r3, r0
  53 0026 1370     		strb	r3, [r2]
  38:Generated_Source\PSoC5/LCD_SegStatic_1_Pins.c ****     CyPins_SetPinDriveMode(LCD_SegStatic_1_SegPort_3, mode);
  54              		.loc 1 38 0
  55 0028 033A     		subs	r2, r2, #3
  56 002a 1378     		ldrb	r3, [r2]	@ zero_extendqisi2
  57 002c 03F0F103 		and	r3, r3, #241
  58 0030 1843     		orrs	r0, r0, r3
  59 0032 1070     		strb	r0, [r2]
  60 0034 7047     		bx	lr
  61              	.L3:
  62 0036 00BF     		.align	2
  63              	.L2:
  64 0038 0A500040 		.word	1073762314
  65              		.cfi_endproc
  66              	.LFE0:
  67              		.size	LCD_SegStatic_1_SegPort_SetDriveMode, .-LCD_SegStatic_1_SegPort_SetDriveMode
  68              		.section	.text.LCD_SegStatic_1_ComPort_SetDriveMode,"ax",%progbits
  69              		.align	2
  70              		.global	LCD_SegStatic_1_ComPort_SetDriveMode
  71              		.thumb
  72              		.thumb_func
  73              		.type	LCD_SegStatic_1_ComPort_SetDriveMode, %function
  74              	LCD_SegStatic_1_ComPort_SetDriveMode:
  75              	.LFB1:
  39:Generated_Source\PSoC5/LCD_SegStatic_1_Pins.c **** }
ARM GAS  C:\Users\ESTEBAN\AppData\Local\Temp\ccvRENYa.s 			page 3


  40:Generated_Source\PSoC5/LCD_SegStatic_1_Pins.c **** 
  41:Generated_Source\PSoC5/LCD_SegStatic_1_Pins.c **** /*******************************************************************************
  42:Generated_Source\PSoC5/LCD_SegStatic_1_Pins.c **** * Function Name: LCD_SegStatic_1_ComPort_SetDriveMode 
  43:Generated_Source\PSoC5/LCD_SegStatic_1_Pins.c **** ********************************************************************************
  44:Generated_Source\PSoC5/LCD_SegStatic_1_Pins.c **** * Summary:
  45:Generated_Source\PSoC5/LCD_SegStatic_1_Pins.c **** *  Change the drive mode on the pins of the port.
  46:Generated_Source\PSoC5/LCD_SegStatic_1_Pins.c **** *
  47:Generated_Source\PSoC5/LCD_SegStatic_1_Pins.c **** * Parameters:
  48:Generated_Source\PSoC5/LCD_SegStatic_1_Pins.c **** *  mode: Changes the pins to this drive mode.
  49:Generated_Source\PSoC5/LCD_SegStatic_1_Pins.c **** *
  50:Generated_Source\PSoC5/LCD_SegStatic_1_Pins.c **** * Return:
  51:Generated_Source\PSoC5/LCD_SegStatic_1_Pins.c **** *  void
  52:Generated_Source\PSoC5/LCD_SegStatic_1_Pins.c **** *
  53:Generated_Source\PSoC5/LCD_SegStatic_1_Pins.c **** *******************************************************************************/
  54:Generated_Source\PSoC5/LCD_SegStatic_1_Pins.c **** void LCD_SegStatic_1_ComPort_SetDriveMode(uint8 mode) 
  55:Generated_Source\PSoC5/LCD_SegStatic_1_Pins.c **** {
  76              		.loc 1 55 0
  77              		.cfi_startproc
  78              		@ args = 0, pretend = 0, frame = 0
  79              		@ frame_needed = 0, uses_anonymous_args = 0
  80              		@ link register save eliminated.
  81              	.LVL2:
  56:Generated_Source\PSoC5/LCD_SegStatic_1_Pins.c ****     CyPins_SetPinDriveMode(LCD_SegStatic_1_ComPort_0, mode);
  82              		.loc 1 56 0
  83 0000 044A     		ldr	r2, .L5
  84 0002 1378     		ldrb	r3, [r2]	@ zero_extendqisi2
  85 0004 03F0F103 		and	r3, r3, #241
  86 0008 00F00E00 		and	r0, r0, #14
  87              	.LVL3:
  88 000c 1843     		orrs	r0, r0, r3
  89 000e 1070     		strb	r0, [r2]
  90 0010 7047     		bx	lr
  91              	.L6:
  92 0012 00BF     		.align	2
  93              	.L5:
  94 0014 0D500040 		.word	1073762317
  95              		.cfi_endproc
  96              	.LFE1:
  97              		.size	LCD_SegStatic_1_ComPort_SetDriveMode, .-LCD_SegStatic_1_ComPort_SetDriveMode
  98              		.text
  99              	.Letext0:
 100              		.file 2 "Generated_Source\\PSoC5/cytypes.h"
 101              		.section	.debug_info,"",%progbits
 102              	.Ldebug_info0:
 103 0000 E0000000 		.4byte	0xe0
 104 0004 0400     		.2byte	0x4
 105 0006 00000000 		.4byte	.Ldebug_abbrev0
 106 000a 04       		.byte	0x4
 107 000b 01       		.uleb128 0x1
 108 000c 20000000 		.4byte	.LASF15
 109 0010 0C       		.byte	0xc
 110 0011 D2010000 		.4byte	.LASF16
 111 0015 60010000 		.4byte	.LASF17
 112 0019 00000000 		.4byte	.Ldebug_ranges0+0
 113 001d 00000000 		.4byte	0
 114 0021 00000000 		.4byte	.Ldebug_line0
 115 0025 02       		.uleb128 0x2
ARM GAS  C:\Users\ESTEBAN\AppData\Local\Temp\ccvRENYa.s 			page 4


 116 0026 01       		.byte	0x1
 117 0027 06       		.byte	0x6
 118 0028 06000000 		.4byte	.LASF0
 119 002c 02       		.uleb128 0x2
 120 002d 01       		.byte	0x1
 121 002e 08       		.byte	0x8
 122 002f 12000000 		.4byte	.LASF1
 123 0033 02       		.uleb128 0x2
 124 0034 02       		.byte	0x2
 125 0035 05       		.byte	0x5
 126 0036 B9010000 		.4byte	.LASF2
 127 003a 02       		.uleb128 0x2
 128 003b 02       		.byte	0x2
 129 003c 07       		.byte	0x7
 130 003d C5000000 		.4byte	.LASF3
 131 0041 02       		.uleb128 0x2
 132 0042 04       		.byte	0x4
 133 0043 05       		.byte	0x5
 134 0044 C9010000 		.4byte	.LASF4
 135 0048 02       		.uleb128 0x2
 136 0049 04       		.byte	0x4
 137 004a 07       		.byte	0x7
 138 004b B3000000 		.4byte	.LASF5
 139 004f 02       		.uleb128 0x2
 140 0050 08       		.byte	0x8
 141 0051 05       		.byte	0x5
 142 0052 52010000 		.4byte	.LASF6
 143 0056 02       		.uleb128 0x2
 144 0057 08       		.byte	0x8
 145 0058 07       		.byte	0x7
 146 0059 11010000 		.4byte	.LASF7
 147 005d 03       		.uleb128 0x3
 148 005e 04       		.byte	0x4
 149 005f 05       		.byte	0x5
 150 0060 696E7400 		.ascii	"int\000"
 151 0064 02       		.uleb128 0x2
 152 0065 04       		.byte	0x4
 153 0066 07       		.byte	0x7
 154 0067 04010000 		.4byte	.LASF8
 155 006b 04       		.uleb128 0x4
 156 006c C3010000 		.4byte	.LASF12
 157 0070 02       		.byte	0x2
 158 0071 E401     		.2byte	0x1e4
 159 0073 2C000000 		.4byte	0x2c
 160 0077 02       		.uleb128 0x2
 161 0078 04       		.byte	0x4
 162 0079 04       		.byte	0x4
 163 007a 00000000 		.4byte	.LASF9
 164 007e 02       		.uleb128 0x2
 165 007f 08       		.byte	0x8
 166 0080 04       		.byte	0x4
 167 0081 FD000000 		.4byte	.LASF10
 168 0085 02       		.uleb128 0x2
 169 0086 01       		.byte	0x1
 170 0087 08       		.byte	0x8
 171 0088 B4010000 		.4byte	.LASF11
 172 008c 04       		.uleb128 0x4
ARM GAS  C:\Users\ESTEBAN\AppData\Local\Temp\ccvRENYa.s 			page 5


 173 008d AE000000 		.4byte	.LASF13
 174 0091 02       		.byte	0x2
 175 0092 8E02     		.2byte	0x28e
 176 0094 98000000 		.4byte	0x98
 177 0098 05       		.uleb128 0x5
 178 0099 6B000000 		.4byte	0x6b
 179 009d 06       		.uleb128 0x6
 180 009e 2D010000 		.4byte	.LASF18
 181 00a2 01       		.byte	0x1
 182 00a3 21       		.byte	0x21
 183 00a4 00000000 		.4byte	.LFB0
 184 00a8 3C000000 		.4byte	.LFE0-.LFB0
 185 00ac 01       		.uleb128 0x1
 186 00ad 9C       		.byte	0x9c
 187 00ae C2000000 		.4byte	0xc2
 188 00b2 07       		.uleb128 0x7
 189 00b3 28010000 		.4byte	.LASF14
 190 00b7 01       		.byte	0x1
 191 00b8 21       		.byte	0x21
 192 00b9 6B000000 		.4byte	0x6b
 193 00bd 00000000 		.4byte	.LLST0
 194 00c1 00       		.byte	0
 195 00c2 08       		.uleb128 0x8
 196 00c3 D8000000 		.4byte	.LASF19
 197 00c7 01       		.byte	0x1
 198 00c8 36       		.byte	0x36
 199 00c9 00000000 		.4byte	.LFB1
 200 00cd 18000000 		.4byte	.LFE1-.LFB1
 201 00d1 01       		.uleb128 0x1
 202 00d2 9C       		.byte	0x9c
 203 00d3 07       		.uleb128 0x7
 204 00d4 28010000 		.4byte	.LASF14
 205 00d8 01       		.byte	0x1
 206 00d9 36       		.byte	0x36
 207 00da 6B000000 		.4byte	0x6b
 208 00de 21000000 		.4byte	.LLST1
 209 00e2 00       		.byte	0
 210 00e3 00       		.byte	0
 211              		.section	.debug_abbrev,"",%progbits
 212              	.Ldebug_abbrev0:
 213 0000 01       		.uleb128 0x1
 214 0001 11       		.uleb128 0x11
 215 0002 01       		.byte	0x1
 216 0003 25       		.uleb128 0x25
 217 0004 0E       		.uleb128 0xe
 218 0005 13       		.uleb128 0x13
 219 0006 0B       		.uleb128 0xb
 220 0007 03       		.uleb128 0x3
 221 0008 0E       		.uleb128 0xe
 222 0009 1B       		.uleb128 0x1b
 223 000a 0E       		.uleb128 0xe
 224 000b 55       		.uleb128 0x55
 225 000c 17       		.uleb128 0x17
 226 000d 11       		.uleb128 0x11
 227 000e 01       		.uleb128 0x1
 228 000f 10       		.uleb128 0x10
 229 0010 17       		.uleb128 0x17
ARM GAS  C:\Users\ESTEBAN\AppData\Local\Temp\ccvRENYa.s 			page 6


 230 0011 00       		.byte	0
 231 0012 00       		.byte	0
 232 0013 02       		.uleb128 0x2
 233 0014 24       		.uleb128 0x24
 234 0015 00       		.byte	0
 235 0016 0B       		.uleb128 0xb
 236 0017 0B       		.uleb128 0xb
 237 0018 3E       		.uleb128 0x3e
 238 0019 0B       		.uleb128 0xb
 239 001a 03       		.uleb128 0x3
 240 001b 0E       		.uleb128 0xe
 241 001c 00       		.byte	0
 242 001d 00       		.byte	0
 243 001e 03       		.uleb128 0x3
 244 001f 24       		.uleb128 0x24
 245 0020 00       		.byte	0
 246 0021 0B       		.uleb128 0xb
 247 0022 0B       		.uleb128 0xb
 248 0023 3E       		.uleb128 0x3e
 249 0024 0B       		.uleb128 0xb
 250 0025 03       		.uleb128 0x3
 251 0026 08       		.uleb128 0x8
 252 0027 00       		.byte	0
 253 0028 00       		.byte	0
 254 0029 04       		.uleb128 0x4
 255 002a 16       		.uleb128 0x16
 256 002b 00       		.byte	0
 257 002c 03       		.uleb128 0x3
 258 002d 0E       		.uleb128 0xe
 259 002e 3A       		.uleb128 0x3a
 260 002f 0B       		.uleb128 0xb
 261 0030 3B       		.uleb128 0x3b
 262 0031 05       		.uleb128 0x5
 263 0032 49       		.uleb128 0x49
 264 0033 13       		.uleb128 0x13
 265 0034 00       		.byte	0
 266 0035 00       		.byte	0
 267 0036 05       		.uleb128 0x5
 268 0037 35       		.uleb128 0x35
 269 0038 00       		.byte	0
 270 0039 49       		.uleb128 0x49
 271 003a 13       		.uleb128 0x13
 272 003b 00       		.byte	0
 273 003c 00       		.byte	0
 274 003d 06       		.uleb128 0x6
 275 003e 2E       		.uleb128 0x2e
 276 003f 01       		.byte	0x1
 277 0040 3F       		.uleb128 0x3f
 278 0041 19       		.uleb128 0x19
 279 0042 03       		.uleb128 0x3
 280 0043 0E       		.uleb128 0xe
 281 0044 3A       		.uleb128 0x3a
 282 0045 0B       		.uleb128 0xb
 283 0046 3B       		.uleb128 0x3b
 284 0047 0B       		.uleb128 0xb
 285 0048 27       		.uleb128 0x27
 286 0049 19       		.uleb128 0x19
ARM GAS  C:\Users\ESTEBAN\AppData\Local\Temp\ccvRENYa.s 			page 7


 287 004a 11       		.uleb128 0x11
 288 004b 01       		.uleb128 0x1
 289 004c 12       		.uleb128 0x12
 290 004d 06       		.uleb128 0x6
 291 004e 40       		.uleb128 0x40
 292 004f 18       		.uleb128 0x18
 293 0050 9742     		.uleb128 0x2117
 294 0052 19       		.uleb128 0x19
 295 0053 01       		.uleb128 0x1
 296 0054 13       		.uleb128 0x13
 297 0055 00       		.byte	0
 298 0056 00       		.byte	0
 299 0057 07       		.uleb128 0x7
 300 0058 05       		.uleb128 0x5
 301 0059 00       		.byte	0
 302 005a 03       		.uleb128 0x3
 303 005b 0E       		.uleb128 0xe
 304 005c 3A       		.uleb128 0x3a
 305 005d 0B       		.uleb128 0xb
 306 005e 3B       		.uleb128 0x3b
 307 005f 0B       		.uleb128 0xb
 308 0060 49       		.uleb128 0x49
 309 0061 13       		.uleb128 0x13
 310 0062 02       		.uleb128 0x2
 311 0063 17       		.uleb128 0x17
 312 0064 00       		.byte	0
 313 0065 00       		.byte	0
 314 0066 08       		.uleb128 0x8
 315 0067 2E       		.uleb128 0x2e
 316 0068 01       		.byte	0x1
 317 0069 3F       		.uleb128 0x3f
 318 006a 19       		.uleb128 0x19
 319 006b 03       		.uleb128 0x3
 320 006c 0E       		.uleb128 0xe
 321 006d 3A       		.uleb128 0x3a
 322 006e 0B       		.uleb128 0xb
 323 006f 3B       		.uleb128 0x3b
 324 0070 0B       		.uleb128 0xb
 325 0071 27       		.uleb128 0x27
 326 0072 19       		.uleb128 0x19
 327 0073 11       		.uleb128 0x11
 328 0074 01       		.uleb128 0x1
 329 0075 12       		.uleb128 0x12
 330 0076 06       		.uleb128 0x6
 331 0077 40       		.uleb128 0x40
 332 0078 18       		.uleb128 0x18
 333 0079 9742     		.uleb128 0x2117
 334 007b 19       		.uleb128 0x19
 335 007c 00       		.byte	0
 336 007d 00       		.byte	0
 337 007e 00       		.byte	0
 338              		.section	.debug_loc,"",%progbits
 339              	.Ldebug_loc0:
 340              	.LLST0:
 341 0000 00000000 		.4byte	.LVL0
 342 0004 08000000 		.4byte	.LVL1
 343 0008 0100     		.2byte	0x1
ARM GAS  C:\Users\ESTEBAN\AppData\Local\Temp\ccvRENYa.s 			page 8


 344 000a 50       		.byte	0x50
 345 000b 08000000 		.4byte	.LVL1
 346 000f 3C000000 		.4byte	.LFE0
 347 0013 0400     		.2byte	0x4
 348 0015 F3       		.byte	0xf3
 349 0016 01       		.uleb128 0x1
 350 0017 50       		.byte	0x50
 351 0018 9F       		.byte	0x9f
 352 0019 00000000 		.4byte	0
 353 001d 00000000 		.4byte	0
 354              	.LLST1:
 355 0021 00000000 		.4byte	.LVL2
 356 0025 0C000000 		.4byte	.LVL3
 357 0029 0100     		.2byte	0x1
 358 002b 50       		.byte	0x50
 359 002c 0C000000 		.4byte	.LVL3
 360 0030 18000000 		.4byte	.LFE1
 361 0034 0400     		.2byte	0x4
 362 0036 F3       		.byte	0xf3
 363 0037 01       		.uleb128 0x1
 364 0038 50       		.byte	0x50
 365 0039 9F       		.byte	0x9f
 366 003a 00000000 		.4byte	0
 367 003e 00000000 		.4byte	0
 368              		.section	.debug_aranges,"",%progbits
 369 0000 24000000 		.4byte	0x24
 370 0004 0200     		.2byte	0x2
 371 0006 00000000 		.4byte	.Ldebug_info0
 372 000a 04       		.byte	0x4
 373 000b 00       		.byte	0
 374 000c 0000     		.2byte	0
 375 000e 0000     		.2byte	0
 376 0010 00000000 		.4byte	.LFB0
 377 0014 3C000000 		.4byte	.LFE0-.LFB0
 378 0018 00000000 		.4byte	.LFB1
 379 001c 18000000 		.4byte	.LFE1-.LFB1
 380 0020 00000000 		.4byte	0
 381 0024 00000000 		.4byte	0
 382              		.section	.debug_ranges,"",%progbits
 383              	.Ldebug_ranges0:
 384 0000 00000000 		.4byte	.LFB0
 385 0004 3C000000 		.4byte	.LFE0
 386 0008 00000000 		.4byte	.LFB1
 387 000c 18000000 		.4byte	.LFE1
 388 0010 00000000 		.4byte	0
 389 0014 00000000 		.4byte	0
 390              		.section	.debug_line,"",%progbits
 391              	.Ldebug_line0:
 392 0000 7A000000 		.section	.debug_str,"MS",%progbits,1
 392      02005100 
 392      00000201 
 392      FB0E0D00 
 392      01010101 
 393              	.LASF9:
 394 0000 666C6F61 		.ascii	"float\000"
 394      7400
 395              	.LASF0:
ARM GAS  C:\Users\ESTEBAN\AppData\Local\Temp\ccvRENYa.s 			page 9


 396 0006 7369676E 		.ascii	"signed char\000"
 396      65642063 
 396      68617200 
 397              	.LASF1:
 398 0012 756E7369 		.ascii	"unsigned char\000"
 398      676E6564 
 398      20636861 
 398      7200
 399              	.LASF15:
 400 0020 474E5520 		.ascii	"GNU C11 5.4.1 20160609 (release) [ARM/embedded-5-br"
 400      43313120 
 400      352E342E 
 400      31203230 
 400      31363036 
 401 0053 616E6368 		.ascii	"anch revision 237715] -mcpu=cortex-m3 -mthumb -g -O"
 401      20726576 
 401      6973696F 
 401      6E203233 
 401      37373135 
 402 0086 67202D66 		.ascii	"g -ffunction-sections -ffat-lto-objects\000"
 402      66756E63 
 402      74696F6E 
 402      2D736563 
 402      74696F6E 
 403              	.LASF13:
 404 00ae 72656738 		.ascii	"reg8\000"
 404      00
 405              	.LASF5:
 406 00b3 6C6F6E67 		.ascii	"long unsigned int\000"
 406      20756E73 
 406      69676E65 
 406      6420696E 
 406      7400
 407              	.LASF3:
 408 00c5 73686F72 		.ascii	"short unsigned int\000"
 408      7420756E 
 408      7369676E 
 408      65642069 
 408      6E7400
 409              	.LASF19:
 410 00d8 4C43445F 		.ascii	"LCD_SegStatic_1_ComPort_SetDriveMode\000"
 410      53656753 
 410      74617469 
 410      635F315F 
 410      436F6D50 
 411              	.LASF10:
 412 00fd 646F7562 		.ascii	"double\000"
 412      6C6500
 413              	.LASF8:
 414 0104 756E7369 		.ascii	"unsigned int\000"
 414      676E6564 
 414      20696E74 
 414      00
 415              	.LASF7:
 416 0111 6C6F6E67 		.ascii	"long long unsigned int\000"
 416      206C6F6E 
 416      6720756E 
ARM GAS  C:\Users\ESTEBAN\AppData\Local\Temp\ccvRENYa.s 			page 10


 416      7369676E 
 416      65642069 
 417              	.LASF14:
 418 0128 6D6F6465 		.ascii	"mode\000"
 418      00
 419              	.LASF18:
 420 012d 4C43445F 		.ascii	"LCD_SegStatic_1_SegPort_SetDriveMode\000"
 420      53656753 
 420      74617469 
 420      635F315F 
 420      53656750 
 421              	.LASF6:
 422 0152 6C6F6E67 		.ascii	"long long int\000"
 422      206C6F6E 
 422      6720696E 
 422      7400
 423              	.LASF17:
 424 0160 443A5C55 		.ascii	"D:\\Users\\ESTEBAN\\Documents\\PSoC Creator\\Proyec"
 424      73657273 
 424      5C455354 
 424      4542414E 
 424      5C446F63 
 425 018e 746F5F54 		.ascii	"to_Temperatura\\Lm35_7_segmentos.cydsn\000"
 425      656D7065 
 425      72617475 
 425      72615C4C 
 425      6D33355F 
 426              	.LASF11:
 427 01b4 63686172 		.ascii	"char\000"
 427      00
 428              	.LASF2:
 429 01b9 73686F72 		.ascii	"short int\000"
 429      7420696E 
 429      7400
 430              	.LASF12:
 431 01c3 75696E74 		.ascii	"uint8\000"
 431      3800
 432              	.LASF4:
 433 01c9 6C6F6E67 		.ascii	"long int\000"
 433      20696E74 
 433      00
 434              	.LASF16:
 435 01d2 47656E65 		.ascii	"Generated_Source\\PSoC5\\LCD_SegStatic_1_Pins.c\000"
 435      72617465 
 435      645F536F 
 435      75726365 
 435      5C50536F 
 436              		.ident	"GCC: (GNU Tools for ARM Embedded Processors) 5.4.1 20160609 (release) [ARM/embedded-5-bran
