
ROM used:   6048/32768 (18%)
            6048/32768 (18%) including unused fragments

            1.6 Average locations per line
            10.8 Average locations per statement

RAM used:   41/1536 (3%) at main() level
            86/1536 (6%) worst case

Stack used: 6 worst case (5 in main + 1 for interrupts)
Stack size: 31

Lines Stmts  %   Files
----- ----- ---  -----
  233   198  35  motor_cancion_libreria.c
  720     0   0  ..\..\..\..\..\Program Files (x86)\PICC\Devices\18f452.h
 2227   258  46  ..\..\..\..\..\Program Files (x86)\PICC\Drivers\math.h
   81    21   4  ..\..\..\..\..\Program Files (x86)\PICC\Drivers\tones.c
  456    84  15  ..\..\..\..\..\Program Files (x86)\PICC\Drivers\lcd.c
----- -----
 3717   561 Total

Page ROM  %  RAM    Vol Diff  Functions:
---- --- --- ---    --- ----  ----------
0     40   0    1             @delay_ms1
0     38   0    1             @delay_us1
0    792   7   20   1121 10.1  CEIL_FLOOR
0    118   1   10             @FLT
0     56   0    4             @SFTOI
0     54   0    2             @ITOF
0    242   2   11             @MULFF
0    618   5   16             @ADDFF
0     24   0    4     44  1.9  ceil
0    346   3   14             @DIVFF
0     56   0    5    285  4.3  do_delay
0    464   4   26    780  6.6  generate_tone
0    142   1   13             @DIV3232
0     66   1    5             @DIV1616
0     86   1   14             @MUL3232
0     62   1    3    596  5.9  lcd_read_byte
0     12   0    0     59  4.2  lcd_read_nibble
0     24   0    1    179  3.3  lcd_send_nibble
0     58   0    3    460  4.7  lcd_send_byte
0    116   1    6    814  7.2  lcd_init
0     34   0    4    208  6.3  lcd_gotoxy
0     80   1    1    354  4.7  lcd_putc
0     74   1    0    370  5.1  movimientimer
0     36   0    0   2832  6.9  @goto58376
0    708   6    6   2832  6.9  gir_izq
0     26   0    0   1546  7.8  @const875
0     32   0    2             @PSTRINGC_840
0     40   0    3             @DIV88
0    170   1    6             @PRINTF_D_840
0      4   0    0             @const887
0      2   0    0             @const889
0      8   0    0   2886  6.9  @const890
0    762   6    6   2886  6.9  gir_der
0     26   0    0             @const892
0      4   0    0             @const894
0      2   0    0             @const896
0      8   0    0             @const897
0     10   0    0             @const898
0     34   0    3   1546  7.8  @PSTRINGCN_840
0    326   3    2   1546  7.8  MAIN
0      2   0    0             @const906
0     12   0    0             @const907
0     30   0    0             @const908
0      2   0    0             @const909
0      2   0    0             @const910
0     16   0    0             @const911
0     14   0    0             @const912
 Inline         0             @cinit1

Program metrics:
    Functions               19
    Statements              561
    Comments                519
    Volume (V)              33238
    Difficulty (D)          109.9
    Effort to implement (E) 3653952
    Time to implement (T)   56 hours, 23 minutes
    Est Delivered Bugs (B)  8
    Cyclomatic Complexity   87
    Maintainability (MI)    125

 Segment     Used  Free
-----------  ----  ----
00000-00002     4  0  
00004-00006     0  4  
00008-000AC   166  0  
000AE-07FFE  5878  26716  



