*** Error 1 "C:\Program Files (x86)\PICC\Drivers\lcd.c" Line 135(1,2): Illegal C character in input file  0x00
*** Error 22 "C:\Program Files (x86)\PICC\Drivers\lcd.c" Line 135(1,2): Bad expression syntax
*** Error 1 "C:\Program Files (x86)\PICC\Drivers\lcd.c" Line 136(3,4): Illegal C character in input file  0x00
*** Error 1 "C:\Program Files (x86)\PICC\Drivers\lcd.c" Line 136(3,4): Illegal C character in input file  0x00
*** Error 1 "C:\Program Files (x86)\PICC\Drivers\lcd.c" Line 136(3,4): Illegal C character in input file  0xFF
*** Error 1 "C:\Program Files (x86)\PICC\Drivers\lcd.c" Line 136(3,4): Illegal C character in input file  0xFF
*** Error 1 "C:\Program Files (x86)\PICC\Drivers\lcd.c" Line 136(3,4): Illegal C character in input file  0xFF
*** Error 1 "C:\Program Files (x86)\PICC\Drivers\lcd.c" Line 136(3,4): Illegal C character in input file  0x00
*** Error 1 "C:\Program Files (x86)\PICC\Drivers\lcd.c" Line 136(3,4): Illegal C character in input file  0x07
*** Error 1 "C:\Program Files (x86)\PICC\Drivers\lcd.c" Line 136(3,4): Illegal C character in input file  0x00
*** Error 1 "C:\Program Files (x86)\PICC\Drivers\lcd.c" Line 136(3,4): Illegal C character in input file  0x00
*** Error 1 "C:\Program Files (x86)\PICC\Drivers\lcd.c" Line 136(3,4): Illegal C character in input file  0x00
*** Error 1 "C:\Program Files (x86)\PICC\Drivers\lcd.c" Line 136(3,4): Illegal C character in input file  0x00
*** Error 1 "C:\Program Files (x86)\PICC\Drivers\lcd.c" Line 136(3,4): Illegal C character in input file  0x00
*** Error 1 "C:\Program Files (x86)\PICC\Drivers\lcd.c" Line 136(3,4): Illegal C character in input file  0x00
*** Error 1 "C:\Program Files (x86)\PICC\Drivers\lcd.c" Line 136(3,4): Illegal C character in input file  0x00
*** Error 43 "C:\Program Files (x86)\PICC\Drivers\lcd.c" Line 136(3,4): Expecting a declaration
*** Error 1 "C:\Program Files (x86)\PICC\Drivers\lcd.c" Line 136(8,9): Illegal C character in input file  0xDF
*** Error 1 "C:\Program Files (x86)\PICC\Drivers\lcd.c" Line 136(10,11): Illegal C character in input file  0x92
*** Error 48 "C:\Program Files (x86)\PICC\Drivers\lcd.c" Line 136(8,9): Expecting a (
*** Error 1 "C:\Program Files (x86)\PICC\Drivers\lcd.c" Line 136(12,13): Illegal C character in input file  0xF8
*** Error 1 "C:\Program Files (x86)\PICC\Drivers\lcd.c" Line 136(14,15): Illegal C character in input file  0xEF
*** Error 1 "C:\Program Files (x86)\PICC\Drivers\lcd.c" Line 136(14,15): Illegal C character in input file  0x2B after \
*** Error 48 "C:\Program Files (x86)\PICC\Drivers\lcd.c" Line 136(12,13): Expecting a (
*** Error 1 "C:\Program Files (x86)\PICC\Drivers\lcd.c" Line 136(17,18): Illegal C character in input file  0xE5
*** Error 1 "C:\Program Files (x86)\PICC\Drivers\lcd.c" Line 136(17,18): Illegal C character in input file  0x40
*** Error 1 "C:\Program Files (x86)\PICC\Drivers\lcd.c" Line 136(17,18): Illegal C character in input file  0x00
*** Error 1 "C:\Program Files (x86)\PICC\Drivers\lcd.c" Line 136(17,18): Illegal C character in input file  0x00
*** Error 1 "C:\Program Files (x86)\PICC\Drivers\lcd.c" Line 136(17,18): Illegal C character in input file  0x00
*** Error 1 "C:\Program Files (x86)\PICC\Drivers\lcd.c" Line 136(17,18): Illegal C character in input file  0x00
*** Error 1 "C:\Program Files (x86)\PICC\Drivers\lcd.c" Line 136(17,18): Illegal C character in input file  0x00
*** Error 1 "C:\Program Files (x86)\PICC\Drivers\lcd.c" Line 136(17,18): Illegal C character in input file  0x00
*** Error 1 "C:\Program Files (x86)\PICC\Drivers\lcd.c" Line 136(17,18): Illegal C character in input file  0x00
*** Error 1 "C:\Program Files (x86)\PICC\Drivers\lcd.c" Line 136(17,18): Illegal C character in input file  0x00
*** Error 1 "C:\Program Files (x86)\PICC\Drivers\lcd.c" Line 136(17,18): Illegal C character in input file  0x00
*** Error 1 "C:\Program Files (x86)\PICC\Drivers\lcd.c" Line 136(17,18): Illegal C character in input file  0x00
*** Error 1 "C:\Program Files (x86)\PICC\Drivers\lcd.c" Line 136(17,18): Illegal C character in input file  0x00
*** Error 1 "C:\Program Files (x86)\PICC\Drivers\lcd.c" Line 136(17,18): Illegal C character in input file  0x00
*** Error 1 "C:\Program Files (x86)\PICC\Drivers\lcd.c" Line 136(17,18): Illegal C character in input file  0x00
*** Error 1 "C:\Program Files (x86)\PICC\Drivers\lcd.c" Line 136(17,18): Illegal C character in input file  0x00
*** Error 1 "C:\Program Files (x86)\PICC\Drivers\lcd.c" Line 136(17,18): Illegal C character in input file  0x00
*** Error 1 "C:\Program Files (x86)\PICC\Drivers\lcd.c" Line 136(17,18): Illegal C character in input file  0x00
*** Error 1 "C:\Program Files (x86)\PICC\Drivers\lcd.c" Line 136(17,18): Illegal C character in input file  0x00
*** Error 1 "C:\Program Files (x86)\PICC\Drivers\lcd.c" Line 136(17,18): Illegal C character in input file  0x00
*** Error 1 "C:\Program Files (x86)\PICC\Drivers\lcd.c" Line 136(17,18): Illegal C character in input file  0x00
*** Error 1 "C:\Program Files (x86)\PICC\Drivers\lcd.c" Line 136(17,18): Illegal C character in input file  0x00
*** Error 1 "C:\Program Files (x86)\PICC\Drivers\lcd.c" Line 136(17,18): Illegal C character in input file  0x00
*** Error 1 "C:\Program Files (x86)\PICC\Drivers\lcd.c" Line 136(17,18): Illegal C character in input file  0x00
*** Error 1 "C:\Program Files (x86)\PICC\Drivers\lcd.c" Line 136(17,18): Illegal C character in input file  0x00
*** Error 1 "C:\Program Files (x86)\PICC\Drivers\lcd.c" Line 136(17,18): Illegal C character in input file  0x00
*** Error 1 "C:\Program Files (x86)\PICC\Drivers\lcd.c" Line 136(17,18): Illegal C character in input file  0x00
*** Error 1 "C:\Program Files (x86)\PICC\Drivers\lcd.c" Line 136(17,18): Illegal C character in input file  0x00
*** Error 1 "C:\Program Files (x86)\PICC\Drivers\lcd.c" Line 136(17,18): Illegal C character in input file  0x00
*** Error 1 "C:\Program Files (x86)\PICC\Drivers\lcd.c" Line 136(17,18): Illegal C character in input file  0x00
*** Error 1 "C:\Program Files (x86)\PICC\Drivers\lcd.c" Line 136(17,18): Illegal C character in input file  0x00
*** Error 1 "C:\Program Files (x86)\PICC\Drivers\lcd.c" Line 136(17,18): Illegal C character in input file  0x00
*** Error 1 "C:\Program Files (x86)\PICC\Drivers\lcd.c" Line 136(17,18): Illegal C character in input file  0x00
*** Error 1 "C:\Program Files (x86)\PICC\Drivers\lcd.c" Line 136(17,18): Illegal C character in input file  0x00
*** Error 1 "C:\Program Files (x86)\PICC\Drivers\lcd.c" Line 136(17,18): Illegal C character in input file  0x00
*** Error 1 "C:\Program Files (x86)\PICC\Drivers\lcd.c" Line 136(17,18): Illegal C character in input file  0x00
*** Error 1 "C:\Program Files (x86)\PICC\Drivers\lcd.c" Line 136(17,18): Illegal C character in input file  0x00
*** Error 1 "C:\Program Files (x86)\PICC\Drivers\lcd.c" Line 136(17,18): Illegal C character in input file  0x00
*** Error 1 "C:\Program Files (x86)\PICC\Drivers\lcd.c" Line 136(17,18): Illegal C character in input file  0x00
*** Error 1 "C:\Program Files (x86)\PICC\Drivers\lcd.c" Line 136(17,18): Illegal C character in input file  0x00
*** Error 1 "C:\Program Files (x86)\PICC\Drivers\lcd.c" Line 136(17,18): Illegal C character in input file  0x00
*** Error 1 "C:\Program Files (x86)\PICC\Drivers\lcd.c" Line 136(17,18): Illegal C character in input file  0x00
*** Error 1 "C:\Program Files (x86)\PICC\Drivers\lcd.c" Line 136(17,18): Illegal C character in input file  0x00
*** Error 1 "C:\Program Files (x86)\PICC\Drivers\lcd.c" Line 136(17,18): Illegal C character in input file  0x00
*** Error 1 "C:\Program Files (x86)\PICC\Drivers\lcd.c" Line 136(17,18): Illegal C character in input file  0x00
*** Error 1 "C:\Program Files (x86)\PICC\Drivers\lcd.c" Line 136(17,18): Illegal C character in input file  0x00
*** Error 1 "C:\Program Files (x86)\PICC\Drivers\lcd.c" Line 136(17,18): Illegal C character in input file  0x00
*** Error 1 "C:\Program Files (x86)\PICC\Drivers\lcd.c" Line 136(17,18): Illegal C character in input file  0x00
*** Error 1 "C:\Program Files (x86)\PICC\Drivers\lcd.c" Line 136(17,18): Illegal C character in input file  0x00
*** Error 1 "C:\Program Files (x86)\PICC\Drivers\lcd.c" Line 136(17,18): Illegal C character in input file  0x00
*** Error 1 "C:\Program Files (x86)\PICC\Drivers\lcd.c" Line 136(17,18): Illegal C character in input file  0x00
*** Error 1 "C:\Program Files (x86)\PICC\Drivers\lcd.c" Line 136(17,18): Illegal C character in input file  0x00
*** Error 1 "C:\Program Files (x86)\PICC\Drivers\lcd.c" Line 136(17,18): Illegal C character in input file  0x00
*** Error 1 "C:\Program Files (x86)\PICC\Drivers\lcd.c" Line 136(17,18): Illegal C character in input file  0x00
*** Error 1 "C:\Program Files (x86)\PICC\Drivers\lcd.c" Line 136(17,18): Illegal C character in input file  0x00
*** Error 1 "C:\Program Files (x86)\PICC\Drivers\lcd.c" Line 136(17,18): Illegal C character in input file  0x00
*** Error 1 "C:\Program Files (x86)\PICC\Drivers\lcd.c" Line 136(17,18): Illegal C character in input file  0x00
*** Error 1 "C:\Program Files (x86)\PICC\Drivers\lcd.c" Line 136(17,18): Illegal C character in input file  0x00
*** Error 1 "C:\Program Files (x86)\PICC\Drivers\lcd.c" Line 136(17,18): Illegal C character in input file  0x00
*** Error 1 "C:\Program Files (x86)\PICC\Drivers\lcd.c" Line 136(17,18): Illegal C character in input file  0x00
*** Error 1 "C:\Program Files (x86)\PICC\Drivers\lcd.c" Line 136(17,18): Illegal C character in input file  0x00
*** Error 1 "C:\Program Files (x86)\PICC\Drivers\lcd.c" Line 136(17,18): Illegal C character in input file  0x00
*** Error 1 "C:\Program Files (x86)\PICC\Drivers\lcd.c" Line 136(17,18): Illegal C character in input file  0x00
*** Error 1 "C:\Program Files (x86)\PICC\Drivers\lcd.c" Line 136(17,18): Illegal C character in input file  0x00
*** Error 1 "C:\Program Files (x86)\PICC\Drivers\lcd.c" Line 136(17,18): Illegal C character in input file  0x00
*** Error 1 "C:\Program Files (x86)\PICC\Drivers\lcd.c" Line 136(17,18): Illegal C character in input file  0x00
*** Error 1 "C:\Program Files (x86)\PICC\Drivers\lcd.c" Line 136(17,18): Illegal C character in input file  0x00
*** Error 1 "C:\Program Files (x86)\PICC\Drivers\lcd.c" Line 136(17,18): Illegal C character in input file  0x00
*** Error 1 "C:\Program Files (x86)\PICC\Drivers\lcd.c" Line 136(17,18): Illegal C character in input file  0x00
*** Error 1 "C:\Program Files (x86)\PICC\Drivers\lcd.c" Line 136(17,18): Illegal C character in input file  0x00
*** Error 1 "C:\Program Files (x86)\PICC\Drivers\lcd.c" Line 136(17,18): Illegal C character in input file  0x00
*** Error 1 "C:\Program Files (x86)\PICC\Drivers\lcd.c" Line 136(17,18): Illegal C character in input file  0x00
*** Error 1 "C:\Program Files (x86)\PICC\Drivers\lcd.c" Line 136(17,18): Illegal C character in input file  0x00
*** Error 1 "C:\Program Files (x86)\PICC\Drivers\lcd.c" Line 136(17,18): Illegal C character in input file  0x00
*** Error 1 "C:\Program Files (x86)\PICC\Drivers\lcd.c" Line 136(17,18): Illegal C character in input file  0x00
*** Error 1 "C:\Program Files (x86)\PICC\Drivers\lcd.c" Line 136(17,18): Illegal C character in input file  0x00
*** Error 1 "C:\Program Files (x86)\PICC\Drivers\lcd.c" Line 136(17,18): Illegal C character in input fi