
ROM used:   143/8192 (2%)
            143/8192 (2%) including unused fragments

            0.2 Average locations per line
            10.2 Average locations per statement

RAM used:   8/368 (2%) at main() level
            14/368 (4%) worst case

Stack used: 2 worst case (2 in main + 0 for interrupts)
Stack size: 8

Lines Stmts  %   Files
----- ----- ---  -----
   32    14 100  Servom.c
  671     0   0  C:\Program Files (x86)\PICC\Devices\16F877A.h
----- -----
  703    14 Total

Page ROM  %  RAM   Vol Diff  Functions:
---- --- --- ---   --- ----  ----------
 Inline         1             @delay_ms1
0     15  10    1             @delay_us1
0     37  26    0   113  2.1  main
0     87  61    3   218  4.1  servo
 Inline         5             @MUL1616
 Inline         0             @cinit1

Program metrics:
    Functions               2
    Statements              14
    Comments                119
    Volume (V)              407
    Difficulty (D)          5.6
    Effort to implement (E) 2263
    Time to implement (T)   2 minutes
    Est Delivered Bugs (B)  0
    Cyclomatic Complexity   1
    Maintainability (MI)    83

 Segment     Used  Free
-----------  ----  ----
00000-00003     4  0  
00004-007FF   139  1905  
00800-00FFF     0  2048  
01000-017FF     0  2048  
01800-01FFF     0  2048  



