--------------- Build Started: 02/05/2020 12:53:45 Project: labview, Configuration: ARM GCC 5.4-2016-q2-update Debug ---------------
The code generation step is up to date.
arm-none-eabi-gcc.exe -mcpu=cortex-m3 -mthumb -I. -IGenerated_Source\PSoC5 -Wa,-alh=.\CortexM3\ARM_GCC_541\Debug/main.lst -g -D DEBUG -D CY_CORE_ID=0 -Wall -ffunction-sections -ffat-lto-objects -Og -c main.c -o .\CortexM3\ARM_GCC_541\Debug\main.o
main.c: In function 'interrupcion':
main.c:60:15: warning: array subscript has type 'char' [-Wchar-subscripts]
         cadena[longitud] = recibir;
               ^
main.c: At top level:
main.c:18:15: warning: array 'cadena' assumed to have one element
 char recibir, cadena[],cadena2[4], longitud=0, str[12], publicar[12],publicar1[12],publicar2[12]; 
               ^
arm-none-eabi-ar.exe -rs .\CortexM3\ARM_GCC_541\Debug\labview.a .\CortexM3\ARM_GCC_541\Debug\PGA.o .\CortexM3\ARM_GCC_541\Debug\PGA_PM.o .\CortexM3\ARM_GCC_541\Debug\ADC.o .\CortexM3\ARM_GCC_541\Debug\ADC_PM.o .\CortexM3\ARM_GCC_541\Debug\ADC_INT.o .\CortexM3\ARM_GCC_541\Debug\Pin_1.o .\CortexM3\ARM_GCC_541\Debug\Pin_2.o .\CortexM3\ARM_GCC_541\Debug\ADC_AMux.o .\CortexM3\ARM_GCC_541\Debug\ADC_Ext_CP_Clk.o .\CortexM3\ARM_GCC_541\Debug\ADC_IRQ.o .\CortexM3\ARM_GCC_541\Debug\ADC_theACLK.o .\CortexM3\ARM_GCC_541\Debug\CyDmac.o .\CortexM3\ARM_GCC_541\Debug\CyFlash.o .\CortexM3\ARM_GCC_541\Debug\CyLib.o .\CortexM3\ARM_GCC_541\Debug\cyPm.o .\CortexM3\ARM_GCC_541\Debug\CySpc.o .\CortexM3\ARM_GCC_541\Debug\cyutils.o .\CortexM3\ARM_GCC_541\Debug\cy_em_eeprom.o .\CortexM3\ARM_GCC_541\Debug\UART.o .\CortexM3\ARM_GCC_541\Debug\UART_PM.o .\CortexM3\ARM_GCC_541\Debug\UART_INT.o .\CortexM3\ARM_GCC_541\Debug\UART_BOOT.o .\CortexM3\ARM_GCC_541\Debug\UART_IntClock.o .\CortexM3\ARM_GCC_541\Debug\isrRx.o .\CortexM3\ARM_GCC_541\Debug\MUX.o .\CortexM3\ARM_GCC_541\Debug\A0.o .\CortexM3\ARM_GCC_541\Debug\A1.o .\CortexM3\ARM_GCC_541\Debug\A2.o .\CortexM3\ARM_GCC_541\Debug\A3.o .\CortexM3\ARM_GCC_541\Debug\A4.o .\CortexM3\ARM_GCC_541\Debug\A5.o .\CortexM3\ARM_GCC_541\Debug\A6.o .\CortexM3\ARM_GCC_541\Debug\A7.o .\CortexM3\ARM_GCC_541\Debug\D0.o .\CortexM3\ARM_GCC_541\Debug\D1.o .\CortexM3\ARM_GCC_541\Debug\D2.o .\CortexM3\ARM_GCC_541\Debug\DAC2.o .\CortexM3\ARM_GCC_541\Debug\DAC1.o .\CortexM3\ARM_GCC_541\Debug\VDAC2.o .\CortexM3\ARM_GCC_541\Debug\VDAC2_PM.o .\CortexM3\ARM_GCC_541\Debug\VDAC1.o .\CortexM3\ARM_GCC_541\Debug\VDAC1_PM.o .\CortexM3\ARM_GCC_541\Debug\SalidaD1.o .\CortexM3\ARM_GCC_541\Debug\SalidaD0.o .\CortexM3\ARM_GCC_541\Debug\SalidaD2.o .\CortexM3\ARM_GCC_541\Debug\Counter1.o .\CortexM3\ARM_GCC_541\Debug\Counter1_PM.o .\CortexM3\ARM_GCC_541\Debug\timer_clock_1.o .\CortexM3\ARM_GCC_541\Debug\timer_clock_2.o .\CortexM3\ARM_GCC_541\Debug\Counter2.o .\CortexM3\ARM_GCC_541\Debug\Counter2_PM.o .\CortexM3\ARM_GCC_541\Debug\CyBootAsmGnu.o
arm-none-eabi-ar.exe: creating .\CortexM3\ARM_GCC_541\Debug\labview.a
arm-none-eabi-gcc.exe -Wl,--start-group -o D:\Users\ESTEBAN\Desktop\Materias\Codigos\Pscoc\LABVIEW\labview.cydsn\CortexM3\ARM_GCC_541\Debug\labview.elf .\CortexM3\ARM_GCC_541\Debug\main.o .\CortexM3\ARM_GCC_541\Debug\cyfitter_cfg.o .\CortexM3\ARM_GCC_541\Debug\cymetadata.o .\CortexM3\ARM_GCC_541\Debug\Cm3Start.o .\CortexM3\ARM_GCC_541\Debug\labview.a "C:\Program Files (x86)\Cypress\PSoC Creator\4.2\PSoC Creator\psoc\content\cycomponentlibrary\CyComponentLibrary.cylib\CortexM3\ARM_GCC_541\Debug\CyComponentLibrary.a" -mcpu=cortex-m3 -mthumb -L Generated_Source\PSoC5 -Wl,-Map,.\CortexM3\ARM_GCC_541\Debug/labview.map -T Generated_Source\PSoC5\cm3gcc.ld -specs=nano.specs -u _printf_float -Wl,--gc-sections -g -ffunction-sections -Og -ffat-lto-objects -Wl,--end-group
cyelftool.exe -C D:\Users\ESTEBAN\Desktop\Materias\Codigos\Pscoc\LABVIEW\labview.cydsn\CortexM3\ARM_GCC_541\Debug\labview.elf --flash_row_size 256 --flash_size 262144 --flash_offset 0x00000000
No ELF section .cychecksum found, creating one
Application checksum calculated and stored in ELF section .cychecksum
Checksum calculated and stored in ELF section .cymeta
cyelftool.exe -S D:\Users\ESTEBAN\Desktop\Materias\Codigos\Pscoc\LABVIEW\labview.cydsn\CortexM3\ARM_GCC_541\Debug\labview.elf
Flash used: 19248 of 262144 bytes (7,3 %).
SRAM used: 3177 of 65536 bytes (4,8 %). Stack: 2048 bytes. Heap: 512 bytes.
--------------- Build Succeeded: 02/05/2020 12:53:47 ---------------
